-0.999 -4.49706e-05 -4.97878e-05
-0.998 -0.000165127 -0.00019397
-0.997 -0.000324531 -0.000397602
-0.996 -0.000512331 -0.000614186
-0.995 -0.000779923 -0.000825616
-0.994 -0.00123141 -0.00106732
-0.993 -0.00196046 -0.00141187
-0.992 -0.00295791 -0.00191022
-0.991 -0.00404203 -0.00252464
-0.99 -0.00486783 -0.00310072
-0.989 -0.00503863 -0.0034056
-0.988 -0.00428577 -0.00322679
-0.987 -0.00263686 -0.00250057
-0.986 -0.000491267 -0.00141948
-0.985 0.00144026 -0.000453241
-0.984 0.00232643 -0.000232404
-0.983 0.00148667 -0.00131198
-0.982 -0.00135043 -0.00391842
-0.981 -0.00591282 -0.00781185
-0.98 -0.0114478 -0.0123375
-0.979 -0.0169725 -0.0166475
-0.978 -0.0216179 -0.0200132
-0.977 -0.0249362 -0.0221185
-0.976 -0.0270589 -0.0232124
-0.975 -0.0286493 -0.0240144
-0.974 -0.030642 -0.0253624
-0.973 -0.0338257 -0.0277422
-0.972 -0.0384107 -0.0309309
-0.971 -0.0437581 -0.0339434
-0.97 -0.0483903 -0.0353203
-0.969 -0.0503022 -0.0336595
-0.968 -0.0474993 -0.0282114
-0.967 -0.038639 -0.0193172
-0.966 -0.023622 -0.00847665
-0.965 -0.00394832 0.00204869
-0.964 0.0173655 0.0099687
-0.963 0.0364055 0.0137192
-0.962 0.0493861 0.0129186
-0.961 0.0537576 0.00837455
-0.96 0.049041 0.0016773
-0.959 0.037124 -0.00547302
-0.958 0.0218746 -0.0119756
-0.957 0.00805906 -0.0177728
-0.956 -0.000250998 -0.0237717
-0.955 -0.0013158 -0.0312432
-0.954 0.00326888 -0.0410234
-0.953 0.00877331 -0.0529592
-0.952 0.00882588 -0.065858
-0.951 -0.0022934 -0.0778925
-0.95 -0.0273575 -0.0872545
-0.949 -0.0646743 -0.0928448
-0.948 -0.107939 -0.0947773
-0.947 -0.147753 -0.0944385
-0.946 -0.174614 -0.0939528
-0.945 -0.182496 -0.0952467
-0.944 -0.171603 -0.099218
-0.943 -0.148965 -0.105492
-0.942 -0.126368 -0.112864
-0.941 -0.116288 -0.12011
-0.94 -0.127184 -0.126718
-0.939 -0.159751 -0.133203
-0.938 -0.205496 -0.140862
-0.937 -0.248574 -0.150979
-0.936 -0.270697 -0.16375
-0.935 -0.257613 -0.177419
-0.934 -0.204728 -0.188222
-0.933 -0.119563 -0.191413
-0.932 -0.0200291 -0.183084
-0.931 0.0709275 -0.162042
-0.93 0.132669 -0.130855
-0.929 0.153888 -0.0954963
-0.928 0.136712 -0.0635784
-0.927 0.0958566 -0.0417842
-0.926 0.052756 -0.0334701
-0.925 0.0269067 -0.0374579
-0.924 0.0279289 -0.0486131
-0.923 0.0513523 -0.0601113
-0.922 0.0795028 -0.066595
-0.921 0.0872774 -0.0669676
-0.92 0.0514042 -0.065526
-0.919 -0.0396066 -0.0706636
-0.918 -0.17887 -0.0914029
-0.917 -0.341321 -0.133057
-0.916 -0.491047 -0.193835
-0.915 -0.592626 -0.263969
-0.914 -0.622012 -0.327968
-0.913 -0.573563 -0.3694
-0.912 -0.461631 -0.376562
-0.911 -0.316227 -0.346946
-0.91 -0.173281 -0.288686
-0.909 -0.0622704 -0.21817
-0.908 0.00369238 -0.154511
-0.907 0.0306331 -0.112795
-0.906 0.0385815 -0.0986356
-0.905 0.0518432 -0.106293
-0.904 0.0890854 -0.121354
-0.903 0.156075 -0.127068
-0.902 0.242428 -0.111803
-0.901 0.32365 -0.0744994
-0.9 0.36915 -0.0258904
-0.899 0.354002 0.0150017
-0.898 0.269069 0.0278255
-0.897 0.124643 -0.00100418
-0.896 -0.0530221 -0.0719094
-0.895 -0.229245 -0.170198
-0.894 -0.369395 -0.270042
-0.893 -0.447078 -0.343364
-0.892 -0.451027 -0.370077
-0.891 -0.388125 -0.345321
-0.89 -0.280264 -0.28093
-0.889 -0.156332 -0.201137
-0.888 -0.0438299 -0.134405
-0.887 0.0364797 -0.103916
-0.886 0.0731622 -0.11953
-0.885 0.065676 -0.174344
-0.884 0.0244691 -0.247905
-0.883 -0.0325879 -0.315258
-0.882 -0.0873354 -0.357658
-0.881 -0.128207 -0.36992
-0.88 -0.153285 -0.361639
-0.879 -0.169944 -0.352802
-0.878 -0.193533 -0.365999
-0.877 -0.244948 -0.417563
-0.876 -0.344478 -0.51019
-0.875 -0.501691 -0.630092
-0.874 -0.706546 -0.75078
-0.873 -0.928144 -0.842399
-0.872 -1.12225 -0.882283
-0.871 -1.24303 -0.861978
-0.87 -1.25472 -0.788722
-0.869 -1.14244 -0.682162
-0.868 -0.921045 -0.567886
-0.867 -0.636811 -0.46935
-0.866 -0.356503 -0.400518
-0.865 -0.145269 -0.362315
-0.864 -0.0434151 -0.344734
-0.863 -0.0531003 -0.333139
-0.862 -0.138756 -0.314922
-0.861 -0.238353 -0.283647
-0.86 -0.282227 -0.24039
-0.859 -0.217255 -0.193057
-0.858 -0.0303858 -0.153592
-0.857 0.23989 -0.133128
-0.856 0.513318 -0.137021
-0.855 0.696818 -0.162891
-0.854 0.719317 -0.202855
-0.853 0.557836 -0.247614
-0.852 0.247161 -0.289119
-0.851 -0.128066 -0.321326
-0.85 -0.458069 -0.341013
-0.849 -0.64555 -0.34943
-0.848 -0.644315 -0.35297
-0.847 -0.481287 -0.361166
-0.846 -0.249671 -0.383321
-0.845 -0.0756012 -0.426751
-0.844 -0.0727096 -0.497239
-0.843 -0.301167 -0.598879
-0.842 -0.74294 -0.730999
-0.841 -1.30056 -0.884174
-0.84 -1.82325 -1.03965
-0.839 -2.15586 -1.17368
-0.838 -2.19369 -1.26392
-0.837 -1.91979 -1.2942
-0.836 -1.40949 -1.25716
-0.835 -0.802716 -1.15616
-0.834 -0.256557 -1.00593
-0.833 0.106449 -0.829295
-0.832 0.239433 -0.648848
-0.831 0.187776 -0.477673
-0.83 0.0713782 -0.315305
-0.829 0.0357077 -0.151476
-0.828 0.191146 0.0251969
-0.827 0.566552 0.218389
-0.826 1.09405 0.417974
-0.825 1.62724 0.597636
-0.824 1.98522 0.71755
-0.823 2.01028 0.733799
-0.822 1.62324 0.61308
-0.821 0.856608 0.346707
-0.82 -0.150409 -0.0431207
-0.819 -1.19525 -0.507819
-0.818 -2.07583 -0.985389
-0.817 -2.64985 -1.41674
-0.816 -2.87147 -1.76037
-0.815 -2.79774 -2.00147
-0.814 -2.56405 -2.15221
-0.813 -2.33397 -2.24217
-0.812 -2.23834 -2.30224
-0.811 -2.32669 -2.34886
-0.81 -2.55098 -2.37566
-0.809 -2.78697 -2.35548
-0.808 -2.8815 -2.25144
-0.807 -2.70751 -2.03285
-0.806 -2.21064 -1.69071
-0.805 -1.43529 -1.24746
-0.804 -0.520247 -0.756217
-0.803 0.338744 -0.288609
-0.802 0.948554 0.0849156
-0.801 1.17804 0.31436
-0.8 0.995984 0.382177
-0.799 0.477666 0.305125
-0.798 -0.218191 0.126649
-0.797 -0.894805 -0.0976867
-0.796 -1.37476 -0.317729
-0.795 -1.55391 -0.503813
-0.794 -1.43237 -0.653662
-0.793 -1.10975 -0.788022
-0.792 -0.747446 -0.937385
-0.791 -0.513929 -1.1264
-0.79 -0.530787 -1.36225
-0.789 -0.832628 -1.6297
-0.788 -1.35088 -1.89329
-0.787 -1.92962 -2.1061
-0.786 -2.37414 -2.22314
-0.785 -2.5178 -2.21593
-0.784 -2.28148 -2.08256
-0.783 -1.70323 -1.84895
-0.782 -0.930912 -1.56099
-0.781 -0.182984 -1.27188
-0.78 0.313206 -1.02934
-0.779 0.392564 -0.865466
-0.778 0.0120146 -0.790688
-0.777 -0.726885 -0.79317
-0.776 -1.60741 -0.844077
-0.775 -2.36936 -0.907826
-0.774 -2.79403 -0.954332
-0.773 -2.77383 -0.968905
-0.772 -2.34894 -0.956716
-0.771 -1.70167 -0.941275
-0.77 -1.10402 -0.957552
-0.769 -0.826228 -1.04086
-0.768 -1.03577 -1.214
-0.767 -1.72948 -1.47619
-0.766 -2.72867 -1.79755
-0.765 -3.73525 -2.12214
-0.764 -4.42436 -2.38028
-0.763 -4.54525 -2.50711
-0.762 -4.00579 -2.46199
-0.761 -2.91442 -2.24245
-0.76 -1.55615 -1.88724
-0.759 -0.299936 -1.46628
-0.758 0.529655 -1.06039
-0.757 0.762129 -0.737159
-0.756 0.430791 -0.530488
-0.755 -0.24604 -0.430998
-0.754 -0.939739 -0.391787
-0.753 -1.32306 -0.348958
-0.752 -1.19132 -0.25049
-0.751 -0.551534 -0.0828278
-0.75 0.363042 0.115879
-0.749 1.16799 0.262179
-0.748 1.46208 0.251759
-0.747 0.964516 -0.00587769
-0.746 -0.390373 -0.553262
-0.745 -2.42186 -1.36291
-0.744 -4.74216 -2.3365
-0.743 -6.86418 -3.32769
-0.742 -8.35227 -4.18231
-0.741 -8.96265 -4.78249
-0.74 -8.71458 -5.07882
-0.739 -7.86463 -5.0993
-0.738 -6.80323 -4.93239
-0.737 -5.91889 -4.69018
-0.736 -5.47059 -4.46404
-0.735 -5.5 -4.28892
-0.734 -5.81339 -4.13014
-0.733 -6.05124 -3.89884
-0.732 -5.82758 -3.49023
-0.731 -4.88353 -2.83059
-0.73 -3.19135 -1.91575
-0.729 -0.975322 -0.827383
-0.728 1.34552 0.279816
-0.727 3.27009 1.21744
-0.726 4.35827 1.81746
-0.725 4.36805 1.98212
-0.724 3.33652 1.71123
-0.723 1.56589 1.09744
-0.722 -0.481508 0.292991
-0.721 -2.33213 -0.539374
-0.72 -3.63744 -1.2755
-0.719 -4.26324 -1.86368
-0.718 -4.31873 -2.33209
-0.717 -4.11561 -2.76633
-0.716 -4.05584 -3.26469
-0.715 -4.47837 -3.88884
-0.714 -5.52628 -4.63009
-0.713 -7.09044 -5.40321
-0.712 -8.84369 -6.06767
-0.711 -10.3396 -6.46802
-0.71 -11.1406 -6.48094
-0.709 -10.9508 -6.05538
-0.708 -9.72231 -5.23225
-0.707 -7.69478 -4.13571
-0.706 -5.33419 -2.93785
-0.705 -3.18735 -1.81046
-0.704 -1.71128 -0.8814
-0.703 -1.14162 -0.208731
-0.702 -1.43354 0.222927
-0.701 -2.27957 0.484754
-0.7 -3.20144 0.669833
-0.699 -3.70503 0.852945
-0.698 -3.45825 1.05801
-0.697 -2.42234 1.24587
-0.696 -0.876984 1.32702
-0.695 0.669677 1.19292
-0.694 1.64545 0.75395
-0.693 1.59622 -0.0266398
-0.692 0.33865 -1.11117
-0.691 -1.95718 -2.38551
-0.69 -4.79191 -3.68056
-0.689 -7.47957 -4.81294
-0.688 -9.36785 -5.63141
-0.687 -10.052 -6.05275
-0.686 -9.50165 -6.07645
-0.685 -8.0636 -5.7769
-0.684 -6.34873 -5.2775
-0.683 -5.03584 -4.7129
-0.682 -4.6433 -4.18866
-0.681 -5.34027 -3.75141
-0.68 -6.87421 -3.38216
-0.679 -8.65483 -3.01603
-0.678 -9.96616 -2.5801
-0.677 -10.2238 -2.0337
-0.676 -9.18624 -1.39706
-0.675 -7.05685 -0.760228
-0.674 -4.44828 -0.269173
-0.673 -2.20747 -0.0904016
-0.672 -1.14191 -0.361433
-0.671 -1.73636 -1.14217
-0.67 -3.97097 -2.38535
-0.669 -7.31523 -3.93833
-0.668 -10.8966 -5.57671
-0.667 -13.7753 -7.05861
-0.666 -15.2325 -8.18227
-0.665 -14.9903 -8.83033
-0.664 -13.2969 -8.98886
-0.663 -10.8395 -8.73617
-0.662 -8.49741 -8.20464
-0.661 -7.02026 -7.52787
-0.66 -6.758 -6.79208
-0.659 -7.54601 -6.01009
-0.658 -8.77863 -5.12794
-0.657 -9.63162 -4.06163
-0.656 -9.35581 -2.74896
-0.655 -7.55546 -1.19624
-0.654 -4.36455 0.496783
-0.653 -0.44914 2.14214
-0.652 3.18375 3.49933
-0.651 5.50869 4.33298
-0.65 5.81511 4.47616
-0.649 3.93207 3.87912
-0.648 0.277857 2.62612
-0.647 -4.26912 0.913554
-0.646 -8.63531 -1.00228
-0.645 -11.8795 -2.86951
-0.644 -13.4827 -4.49787
-0.643 -13.4951 -5.79391
-0.642 -12.4825 -6.76492
-0.641 -11.2959 -7.49126
-0.64 -10.7559 -8.07652
-0.639 -11.3599 -8.5934
-0.638 -13.1022 -9.045
-0.637 -15.4592 -9.35529
-0.636 -17.5529 -9.39101
-0.635 -18.4495 -9.00777
-0.634 -17.4948 -8.10703
-0.633 -14.5573 -6.68547
-0.632 -10.0952 -4.85783
-0.631 -5.03256 -2.84189
-0.63 -0.493462 -0.909678
-0.629 2.53018 0.678975
-0.628 3.48305 1.74036
-0.627 2.42418 2.21142
-0.626 0.00339932 2.16256
-0.625 -2.76674 1.7716
-0.624 -4.8591 1.26109
-0.623 -5.57004 0.818372
-0.622 -4.74066 0.529451
-0.621 -2.80743 0.353018
-0.62 -0.669497 0.140851
-0.619 0.602229 -0.306726
-0.618 0.135164 -1.16856
-0.617 -2.42485 -2.53209
-0.616 -6.77046 -4.34469
-0.615 -12.0219 -6.40821
-0.614 -17.0046 -8.42778
-0.613 -20.6107 -10.101
-0.612 -22.1387 -11.2118
-0.611 -21.5159 -11.6907
-0.61 -19.3278 -11.6242
-0.609 -16.6208 -11.2141
-0.608 -14.5311 -10.7028
-0.607 -13.8772 -10.2856
-0.606 -14.8674 -10.035
-0.605 -17.0226 -9.86729
-0.604 -19.3266 -9.57169
-0.603 -20.5563 -8.89497
-0.602 -19.7018 -7.65024
-0.601 -16.3446 -5.80606
-0.6 -10.8542 -3.52274
-0.599 -4.31182 -1.12427
-0.598 1.81369 0.9849
-0.597 6.11729 2.43282
-0.596 7.68427 2.98717
-0.595 6.36435 2.62053
-0.594 2.81343 1.51037
-0.593 -1.72298 -0.0265306
-0.592 -5.83337 -1.64208
-0.591 -8.42556 -3.06762
-0.59 -9.08466 -4.18702
-0.589 -8.17201 -5.04595
-0.588 -6.64982 -5.79668
-0.587 -5.71161 -6.60349
-0.586 -6.33944 -7.54888
-0.585 -8.91903 -8.57645
-0.584 -13.0425 -9.48921
-0.583 -17.5931 -10.0032
-0.582 -21.1087 -9.84091
-0.581 -22.2877 -8.83608
-0.58 -20.4402 -7.01102
-0.579 -15.7293 -4.59448
-0.578 -9.14396 -1.96924
-0.577 -2.22725 0.429253
-0.576 3.37042 2.22246
-0.575 6.38755 3.17035
-0.574 6.33441 3.20762
-0.573 3.61439 2.43301
-0.572 -0.661743 1.0585
-0.571 -5.08097 -0.666453
-0.57 -8.39415 -2.52984
-0.569 -9.89744 -4.40219
-0.568 -9.62653 -6.2358
-0.567 -8.30574 -8.02631
-0.566 -7.05635 -9.76218
-0.565 -6.95648 -11.3857
-0.564 -8.61677 -12.7774
-0.563 -11.9336 -13.7654
-0.562 -16.0964 -14.1573
-0.561 -19.8263 -13.7865
-0.56 -21.7645 -12.5615
-0.559 -20.9095 -10.5009
-0.558 -16.9725 -7.7449
-0.557 -10.522 -4.54209
-0.556 -2.85065 -1.21613
-0.555 4.3926 1.87992
-0.554 9.66757 4.41351
-0.553 11.9555 6.11807
-0.552 11.0179 6.82801
-0.551 7.44651 6.50023
-0.55 2.47772 5.21962
-0.549 -2.40154 3.18323
-0.548 -5.93599 0.658401
-0.547 -7.49665 -2.07897
-0.546 -7.24658 -4.80572
-0.545 -6.03998 -7.38849
-0.544 -5.11251 -9.78606
-0.543 -5.65908 -12.0206
-0.542 -8.40285 -14.1285
-0.541 -13.2789 -16.1018
-0.54 -19.3626 -17.8379
-0.539 -25.1058 -19.1229
-0.538 -28.8183 -19.672
-0.537 -29.2225 -19.2255
-0.536 -25.8925 -17.6637
-0.535 -19.4413 -15.0881
-0.534 -11.4012 -11.8338
-0.533 -3.81095 -8.40502
-0.532 1.39532 -5.3543
-0.531 3.01696 -3.13401
-0.53 1.00797 -1.96098
-0.529 -3.47635 -1.74184
-0.528 -8.43698 -2.10076
-0.527 -11.6801 -2.51501
-0.526 -11.5517 -2.51155
-0.525 -7.52293 -1.84608
-0.524 -0.424957 -0.594087
-0.523 7.77425 0.876817
-0.522 14.6045 2.03917
-0.521 17.9317 2.39838
-0.52 16.7058 1.68468
-0.519 11.3528 -0.0245564
-0.518 3.6715 -2.30817
-0.517 -3.75168 -4.54202
-0.516 -8.43365 -6.12925
-0.515 -8.89484 -6.73014
-0.514 -5.23796 -6.40035
-0.513 0.831259 -5.58341
-0.512 6.57128 -4.95797
-0.511 9.1641 -5.1895
-0.51 6.73194 -6.67098
-0.509 -0.934111 -9.34826
-0.508 -12.1872 -12.7008
-0.507 -23.9711 -15.891
-0.506 -32.7861 -18.0326
-0.505 -35.8623 -18.484
-0.504 -32.1195 -17.066
-0.503 -22.5534 -14.1234
-0.502 -9.90566 -10.406
-0.501 2.25926 -6.80552
-0.5 10.7422 -4.04742
-0.499 13.7644 -2.45687
-0.498 11.5345 -1.88537
-0.497 6.12659 -1.81497
-0.496 0.69219 -1.59229
-0.495 -1.72753 -0.708182
-0.494 0.639608 0.97279
-0.493 7.59826 3.1192
-0.492 17.0039 5.02294
-0.491 25.4885 5.85102
-0.49 29.6354 4.96271
-0.489 27.1959 2.16155
-0.488 17.9274 -2.21398
-0.487 3.76158 -7.38141
-0.486 -11.7661 -12.3426
-0.485 -24.6396 -16.1738
-0.484 -31.6557 -18.2897
-0.483 -31.4426 -18.5986
-0.482 -24.8533 -17.4882
-0.481 -14.6068 -15.6463
-0.48 -4.31421 -13.7907
-0.479 2.75586 -12.4226
-0.478 4.74137 -11.6955
-0.477 1.72896 -11.4259
-0.476 -4.38457 -11.2187
-0.475 -10.64 -10.6551
-0.474 -14.1049 -9.47913
-0.473 -12.9293 -7.72128
-0.472 -7.00543 -5.70963
-0.471 1.99402 -3.96257
-0.47 11.1989 -3.00926
-0.469 17.5226 -3.21365
-0.468 18.6896 -4.66345
-0.467 13.9737 -7.14776
-0.466 4.42674 -10.2157
-0.465 -7.4474 -13.2925
-0.464 -18.4546 -15.8189
-0.463 -25.6662 -17.3729
-0.462 -27.2702 -17.7404
-0.461 -23.0576 -16.9246
-0.46 -14.4107 -15.113
-0.459 -3.82469 -12.6233
-0.458 5.86866 -9.83701
-0.457 12.333 -7.12615
-0.456 14.3745 -4.78285
-0.455 12.2304 -2.97158
-0.454 7.43561 -1.71381
-0.453 2.31403 -0.901709
-0.452 -0.756118 -0.336237
-0.451 -0.101492 0.2049
-0.45 4.68116 0.870231
-0.449 12.5349 1.63943
-0.448 21.2097 2.28426
-0.447 27.9232 2.42184
-0.446 30.2169 1.64753
-0.445 26.7483 -0.303886
-0.444 17.7882 -3.42394
-0.443 5.26481 -7.36303
-0.442 -7.69784 -11.4601
-0.441 -17.6687 -14.8886
-0.44 -21.9874 -16.901
-0.439 -19.6727 -17.0924
-0.438 -11.8193 -15.5701
-0.437 -1.31494 -12.9465
-0.436 8.04091 -10.1504
-0.435 12.7457 -8.1258
-0.434 10.7658 -7.5195
-0.433 2.30854 -8.45382
-0.432 -10.1002 -10.4642
-0.431 -22.3397 -12.6438
-0.43 -30.0414 -13.9663
-0.429 -30.1044 -13.6788
-0.428 -21.8256 -11.6054
-0.427 -7.23074 -8.23881
-0.426 9.51447 -4.58035
-0.425 23.4317 -1.79055
-0.424 30.3874 -0.772428
-0.423 28.5446 -1.83176
-0.422 19.0817 -4.53842
-0.421 5.86583 -7.85205
-0.42 -5.8633 -10.4819
-0.419 -11.348 -11.3563
-0.418 -8.04539 -10.0267
-0.417 3.3792 -6.85426
-0.416 19.1554 -2.90803
-0.415 33.6042 0.389246
-0.414 41.0567 1.74611
-0.413 37.8512 0.448993
-0.412 23.692 -3.38758
-0.411 1.86146 -8.85757
-0.41 -21.8058 -14.5734
-0.409 -40.836 -19.1364
-0.408 -50.2605 -21.5986
-0.407 -48.2621 -21.7544
-0.406 -36.7511 -20.1652
-0.405 -20.6479 -17.9163
-0.404 -6.11127 -16.1977
-0.403 1.64899 -15.8605
-0.402 0.180244 -17.1098
-0.401 -9.40905 -19.4369
-0.4 -22.8895 -21.8061
-0.399 -34.4149 -23.0244
-0.398 -38.5835 -22.1595
-0.397 -32.3674 -18.8662
-0.396 -16.2324 -13.5148
-0.395 5.96602 -7.08489
-0.394 28.272 -0.867122
-0.393 44.6081 3.92077
-0.392 50.7239 6.47872
-0.391 45.4827 6.62409
-0.39 31.1314 4.79481
-0.389 12.5111 1.86786
-0.388 -4.54187 -1.13901
-0.387 -15.099 -3.3844
-0.386 -16.7031 -4.44264
-0.385 -10.048 -4.3997
-0.384 1.4217 -3.78765
-0.383 12.7755 -3.38675
-0.382 19.2455 -3.95696
-0.381 17.7444 -5.97676
-0.38 7.83599 -9.46466
-0.379 -8.11146 -13.9361
-0.378 -25.6528 -18.51
-0.377 -39.6679 -22.1398
-0.376 -45.9813 -23.9057
-0.375 -42.6599 -23.291
-0.374 -30.5889 -20.3573
-0.373 -13.1924 -15.7613
-0.372 4.5799 -10.595
-0.371 17.7103 -6.08315
-0.37 22.6182 -3.22715
-0.369 18.2672 -2.50053
-0.368 6.51357 -3.69897
-0.367 -8.44816 -6.0046
-0.366 -21.3934 -8.26005
-0.365 -27.7316 -9.37369
-0.364 -25.0114 -8.72274
-0.363 -13.7924 -6.41013
-0.362 2.41643 -3.27352
-0.361 18.179 -0.629134
-0.36 27.8347 0.175851
-0.359 27.3619 -1.74209
-0.358 15.8079 -6.43327
-0.357 -4.20475 -13.0135
-0.356 -27.128 -19.8882
-0.355 -46.1638 -25.2414
-0.354 -55.4639 -27.628
-0.353 -52.1191 -26.4607
-0.352 -37.2263 -22.216
-0.351 -15.625 -16.279
-0.35 5.63423 -10.4747
-0.349 19.6038 -6.44271
-0.348 21.7894 -5.07809
-0.347 11.7535 -6.24021
-0.346 -6.62562 -8.83949
-0.345 -26.422 -11.2733
-0.344 -40.0845 -12.0545
-0.343 -42.1704 -10.4019
-0.342 -31.3837 -6.57443
-0.341 -11.1626 -1.81871
-0.34 11.4001 2.05367
-0.339 27.9337 3.30704
-0.338 31.6716 0.902424
-0.337 19.866 -5.12511
-0.336 -5.12055 -13.6593
-0.335 -36.4856 -22.8588
-0.334 -65.2366 -30.7474
-0.333 -83.2324 -35.8333
-0.332 -85.9161 -37.5398
-0.331 -73.7606 -36.3002
-0.33 -51.9461 -33.2945
-0.329 -28.4321 -29.9483
-0.328 -11.1361 -27.4028
-0.327 -5.21103 -26.1495
-0.326 -11.3549 -25.9336
-0.325 -25.7127 -25.9236
-0.324 -41.3754 -25.0687
-0.323 -50.9203 -22.5122
-0.322 -49.0819 -17.9193
-0.321 -34.6079 -11.6013
-0.32 -10.6644 -4.4034
-0.319 16.3009 2.57628
-0.318 38.7614 8.30085
-0.317 50.5579 12.0294
-0.316 48.7632 13.4297
-0.315 34.4299 12.5848
-0.314 12.0789 9.92216
-0.313 -11.8431 6.09073
-0.312 -31.027 1.81214
-0.311 -41.2178 -2.25814
-0.31 -41.3515 -5.63454
-0.309 -33.5814 -8.07307
-0.308 -22.3006 -9.62433
-0.307 -12.6181 -10.6552
-0.306 -8.81501 -11.794
-0.305 -13.1691 -13.7611
-0.304 -25.3578 -17.1066
-0.303 -42.5512 -21.9402
-0.302 -60.202 -27.7666
-0.301 -73.351 -33.5126
-0.3 -78.062 -37.7739
-0.299 -72.5429 -39.2345
-0.298 -57.6588 -37.1346
-0.297 -36.7636 -31.6189
-0.296 -14.9238 -23.8089
-0.295 2.34327 -15.528
-0.294 10.6075 -8.73646
-0.293 7.96 -4.85707
-0.292 -4.16474 -4.23782
-0.291 -21.193 -5.97695
-0.29 -36.7126 -8.22462
-0.289 -44.5178 -8.89134
-0.288 -40.7493 -6.5125
-0.287 -25.4299 -0.934076
-0.286 -2.8531 6.46082
-0.285 19.4252 13.1
-0.284 32.8477 16.0563
-0.283 30.7621 13.1011
-0.282 11.0005 3.60849
-0.281 -22.891 -11.0488
-0.28 -62.4029 -27.8186
-0.279 -96.6921 -42.9361
-0.278 -116.22 -53.1907
-0.277 -116.105 -57.0091
-0.276 -97.9625 -54.9452
-0.275 -69.5251 -49.398
-0.274 -42.0552 -43.6584
-0.273 -26.3409 -40.6197
-0.272 -28.6439 -41.6179
-0.271 -48.115 -45.8555
-0.27 -76.7855 -50.6689
-0.269 -102.313 -52.5734
-0.268 -112.544 -48.6881
-0.267 -100.198 -37.9744
-0.266 -65.8757 -21.8018
-0.265 -18.2486 -3.62116
-0.264 28.712 12.1425
-0.263 60.5027 21.5759
-0.262 67.1828 22.6065
-0.261 46.9657 15.6888
-0.26 6.95737 3.5902
-0.259 -39.3176 -9.64401
-0.258 -76.7462 -20.148
-0.257 -94.0293 -25.5616
-0.256 -87.6225 -25.7309
-0.255 -62.738 -22.5389
-0.254 -31.0811 -18.9657
-0.253 -6.2594 -17.773
-0.252 1.36999 -20.3425
-0.251 -11.4697 -26.1085
-0.25 -39.8135 -32.7796
-0.249 -72.349 -37.2392
-0.248 -95.6666 -36.7666
-0.247 -99.3099 -30.1141
-0.246 -79.7279 -18.0371
-0.245 -41.6069 -3.07834
-0.244 3.90104 11.3014
-0.243 43.2575 21.8884
-0.242 65.2613 26.7139
-0.241 64.6588 25.5221
-0.24 43.476 19.5934
-0.239 9.80621 11.0707
-0.238 -25.3668 2.0939
-0.237 -52.1461 -5.93127
-0.236 -65.0644 -12.6793
-0.235 -64.5494 -18.7665
-0.234 -56.0175 -25.2152
-0.233 -47.1377 -32.783
-0.232 -44.5751 -41.481
-0.231 -51.5758 -50.497
-0.23 -67.1715 -58.522
-0.229 -86.9839 -64.276
-0.228 -105.079 -66.9684
-0.227 -116.128 -66.512
-0.226 -117.142 -63.4427
-0.225 -108.187 -58.6132
-0.224 -91.8772 -52.8063
-0.223 -72.0216 -46.4467
-0.222 -52.1848 -39.5644
-0.221 -34.8728 -32.0422
-0.22 -21.5361 -24.0082
-0.219 -13.0173 -16.1199
-0.218 -9.90106 -9.53262
-0.217 -12.4629 -5.52499
-0.216 -20.2803 -4.94738
-0.215 -31.7912 -7.76045
-0.214 -44.1425 -12.8902
-0.213 -53.5907 -18.4972
-0.212 -56.5465 -22.602
-0.211 -51.045 -23.862
-0.21 -38.0588 -22.1918
-0.209 -21.8926 -18.9234
-0.208 -9.15354 -16.3634
-0.207 -6.43524 -16.8682
-0.206 -17.5412 -21.8036
-0.205 -41.4403 -30.8376
-0.204 -71.9602 -41.8926
-0.203 -99.5489 -51.8073
-0.202 -114.594 -57.4772
-0.201 -111.123 -57.0495
-0.2 -89.4694 -50.7034
-0.199 -56.7298 -40.6805
-0.198 -24.6346 -30.5
-0.197 -5.37018 -23.621
-0.196 -6.808 -22.0563
-0.195 -29.0128 -25.4983
-0.194 -63.5904 -31.3393
-0.193 -96.3761 -35.6194
-0.192 -112.589 -34.5609
-0.191 -102.512 -26.1045
-0.19 -65.4824 -10.8404
-0.189 -10.6466 8.03357
-0.188 45.8693 25.7225
-0.187 86.4379 37.4467
-0.186 98.1921 40.0757
-0.185 77.8089 33.1933
-0.184 32.9174 19.1895
-0.183 -20.6113 2.32464
-0.182 -64.6012 -12.8931
-0.181 -85.431 -23.3776
-0.18 -79.072 -28.5122
-0.179 -52.3794 -30.182
-0.178 -20.2906 -31.8325
-0.177 -0.0847682 -36.9629
-0.176 -4.78416 -47.6221
-0.175 -38.013 -63.442
-0.174 -92.209 -81.561
-0.173 -151.022 -97.5033
-0.172 -195.173 -106.724
-0.171 -209.532 -106.226
-0.17 -188.583 -95.6007
-0.169 -138.184 -77.1171
-0.168 -73.2024 -54.8984
-0.167 -12.1847 -33.5709
-0.166 28.8887 -16.8858
-0.165 41.6811 -6.74552
-0.164 27.7884 -2.90788
-0.163 -2.50048 -3.43299
-0.162 -34.5157 -5.68019
-0.161 -54.9141 -7.43975
-0.16 -56.5 -7.73822
-0.159 -40.3447 -7.04076
-0.158 -14.6664 -6.86366
-0.157 8.72974 -9.03353
-0.156 18.9019 -14.9047
-0.155 9.54821 -24.7955
-0.154 -18.9982 -37.7934
-0.153 -60.0296 -51.9531
-0.152 -102.758 -64.7857
-0.151 -135.785 -73.858
-0.15 -150.526 -77.3276
-0.149 -143.474 -74.3053
-0.148 -116.719 -64.9975
-0.147 -76.8229 -50.6282
-0.146 -32.6986 -33.1918
-0.145 6.70559 -15.1086
-0.144 34.3216 1.15497
-0.143 46.2371 13.4957
-0.142 42.3201 20.5997
-0.141 26.1552 22.2877
-0.14 4.15064 19.5864
-0.139 -16.1894 14.3885
-0.138 -28.444 8.77882
-0.137 -29.2203 4.28677
-0.136 -19.2655 1.34312
-0.135 -3.49281 -0.903637
-0.134 10.0995 -4.35107
-0.133 12.601 -11.2751
-0.132 -2.75033 -23.3316
-0.131 -37.441 -40.5605
-0.13 -85.9272 -60.8912
-0.129 -136.493 -80.5047
-0.128 -174.78 -94.9864
-0.127 -188.686 -100.813
-0.126 -172.762 -96.6072
-0.125 -130.589 -83.7495
-0.124 -74.3712 -66.1267
-0.123 -21.5967 -49.0165
-0.122 10.6105 -37.3551
-0.121 11.7794 -33.9702
-0.12 -17.4913 -38.5135
-0.119 -65.1698 -47.6003
-0.118 -111.976 -56.1358
-0.117 -138.531 -59.2954
-0.116 -132.645 -54.3951
-0.115 -94.0127 -41.9637
-0.114 -34.6199 -25.6185
-0.113 25.3392 -10.7495
-0.112 64.7619 -2.47321
-0.111 69.5785 -3.63759
-0.11 38.3011 -13.6688
-0.109 -17.1069 -28.7146
-0.108 -75.5517 -43.0381
-0.107 -114.768 -51.1572
-0.106 -119.854 -49.9313
-0.105 -88.9865 -39.7657
-0.104 -33.9963 -24.417
-0.103 24.3561 -9.47634
-0.102 64.3515 -0.206558
-0.101 71.2879 0.361789
-0.1 42.5578 -7.60335
-0.099 -11.7284 -20.9393
-0.098 -72.6089 -34.7168
-0.097 -119.317 -44.0751
-0.096 -136.998 -46.013
-0.095 -122.002 -40.3994
-0.094 -82.4435 -29.7434
-0.093 -33.9651 -17.8867
-0.092 6.98894 -8.33166
-0.091 29.2082 -2.99928
-0.09 29.8796 -1.82235
-0.089 14.3797 -3.13112
-0.088 -6.67827 -4.56069
-0.087 -22.0127 -4.14471
-0.086 -24.2792 -1.19502
-0.085 -12.8084 3.43201
-0.084 6.8372 7.83201
-0.083 26.1364 10.026
-0.082 37.7342 8.84426
-0.081 38.1762 4.26491
-0.08 28.1971 -2.8732
-0.079 11.0107 -11.5361
-0.078 -10.129 -21.1587
-0.077 -33.7739 -31.9512
-0.076 -60.5887 -44.6364
-0.075 -91.9052 -59.6942
-0.074 -127.315 -76.5287
-0.073 -162.805 -93.0824
-0.072 -190.76 -106.184
-0.071 -202.173 -112.532
-0.07 -190.429 -109.97
-0.069 -155.24 -98.6229
-0.068 -104.906 -81.4061
-0.067 -55.0278 -63.4236
-0.066 -23.0854 -50.1731
-0.065 -20.7528 -45.2118
-0.064 -47.8428 -48.4791
-0.063 -91.273 -56.2044
-0.062 -129.638 -62.4145
-0.061 -141.286 -61.3133
-0.06 -112.948 -49.6636
-0.059 -46.259 -28.4644
-0.058 40.3635 -3.26832
-0.057 116.618 17.3951
-0.056 151.715 25.318
-0.055 127.914 16.3109
-0.054 49.4523 -7.58406
-0.053 -57.7825 -38.5092
-0.052 -155.497 -65.5546
-0.051 -206.941 -78.6255
-0.05 -190.485 -72.0563
-0.049 -108.557 -46.8763
-0.048 11.518 -10.8437
-0.047 126.489 24.1754
-0.046 193.769 46.7933
-0.045 188.83 50.7129
-0.044 115.421 37.2284
-0.043 4.23194 14.5972
-0.042 -98.8778 -5.25958
-0.041 -150.249 -11.381
-0.04 -125.282 1.87534
-0.039 -28.8004 32.2805
-0.038 105.667 70.1766
-0.037 228.503 102.067
-0.036 293.576 115.931
-0.035 276.102 105.86
-0.034 181.55 74.1493
-0.033 43.1476 30.3393
-0.032 -90.3024 -12.2032
-0.031 -172.319 -41.0632
-0.03 -176.616 -49.4232
-0.029 -107.874 -38.7369
-0.028 0.301358 -17.9738
-0.027 100.053 0.430673
-0.026 149.194 5.87382
-0.025 126.88 -6.42221
-0.024 39.6533 -34.0607
-0.023 -82.1464 -68.6479
-0.022 -195.445 -98.8376
-0.021 -260.26 -114.502
-0.02 -255.672 -110.814
-0.019 -188.766 -90.3964
-0.018 -90.7846 -62.0692
-0.017 -2.04051 -36.7242
-0.016 45.5851 -22.6938
-0.015 39.7346 -22.9435
-0.014 -10.5305 -34.7472
-0.013 -79.9911 -51.2294
-0.012 -137.085 -64.0423
-0.011 -156.217 -66.6127
-0.01 -128.827 -56.9785
-0.009 -67.2942 -38.6901
-0.008 1.89162 -18.8959
-0.007 51.932 -4.63775
-0.006 67.8254 0.34473
-0.005 50.8424 -3.26311
-0.004 15.5482 -11.237
-0.003 -17.4563 -17.8436
-0.002 -30.4005 -18.2753
-0.001 -16.4937 -10.8475
0 16.2247 2.0047
0.001 48.8831 14.8634
0.002 62.6204 22.3071
0.003 49.4224 21.8961
0.004 16.1195 15.3146
0.005 -19.4717 7.37524
0.006 -36.7105 3.81875
0.007 -21.0068 8.87507
0.008 28.914 23.2289
0.009 98.0325 43.1282
0.01 159.512 61.5038
0.011 186.818 71.171
0.012 167.54 68.5512
0.013 110.238 55.6033
0.014 40.543 38.9258
0.015 -9.93239 26.9087
0.016 -15.922 26.4722
0.017 31.6621 40.3749
0.018 120.458 65.6605
0.019 218.545 93.975
0.02 285.541 114.379
0.021 290.131 118.001
0.022 225.187 102.196
0.023 111.639 71.8132
0.024 -10.4764 37.0343
0.025 -98.0082 9.26955
0.026 -120.545 -3.03878
0.027 -71.4945 2.52192
0.028 28.3002 21.1457
0.029 136.607 42.1586
0.03 205.482 53.034
0.031 201.23 44.7331
0.032 119.125 15.7896
0.033 -14.5355 -26.9297
0.034 -153.207 -70.9256
0.035 -248.002 -102.747
0.036 -265.615 -112.801
0.037 -200.529 -98.7907
0.038 -77.5402 -66.6782
0.039 57.1395 -28.5852
0.04 153.768 1.89025
0.041 178.705 15.0385
0.042 127.083 8.65877
0.043 23.5509 -11.5115
0.044 -88.1244 -34.3918
0.045 -161.958 -47.9629
0.046 -167.155 -43.9257
0.047 -99.9208 -21.0188
0.048 15.178 14.3569
0.049 135.423 50.6737
0.05 217.394 75.9499
0.051 233.641 82.3928
0.052 181.729 69.0374
0.053 83.3926 41.6786
0.054 -24.4464 10.548
0.055 -103.327 -13.3549
0.056 -127.256 -22.1636
0.057 -91.9897 -13.9161
0.058 -15.3829 7.05366
0.059 71.5676 32.3846
0.06 138.344 53.4561
0.061 166.413 64.7332
0.062 154.175 65.3376
0.063 115.075 58.6749
0.064 70.9923 50.686
0.065 43.5257 47.4104
0.066 45.8497 52.5842
0.067 78.1019 66.1459
0.068 128.421 84.3759
0.069 179.063 101.64
0.07 214.199 112.786
0.071 225.447 114.961
0.072 213.186 108.184
0.073 184.264 94.7769
0.074 147.952 78.1515
0.075 112.073 61.4952
0.076 80.7086 46.7831
0.077 54.1714 34.4664
0.078 30.8916 23.9159
0.079 9.91559 14.3155
0.08 -7.52593 5.4539
0.081 -18.2274 -2.01312
0.082 -18.8334 -6.90669
0.083 -8.33767 -8.24975
0.084 10.1016 -5.99076
0.085 29.3427 -1.3214
0.086 40.9163 3.67339
0.087 39.1254 6.94561
0.088 24.3628 7.51623
0.089 3.6622 6.01664
0.09 -11.9111 4.43918
0.091 -11.7749 5.24528
0.092 9.61125 10.2357
0.093 49.7259 19.5922
0.094 97.6615 31.4436
0.095 137.17 42.2495
0.096 152.617 48.0603
0.097 135.7 46.2378
0.098 89.7506 36.8192
0.099 29.3018 22.7818
0.1 -25.0738 9.03736
0.101 -54.4061 0.621718
0.102 -48.3785 0.822196
0.103 -9.27983 9.90322
0.104 48.4903 24.8642
0.105 103.375 40.3947
0.106 134.568 50.8016
0.107 130.003 52.2176
0.108 91.1769 44.1603
0.109 32.7094 29.7508
0.11 -23.2559 14.5101
0.111 -55.5356 4.25517
0.112 -51.9008 2.92857
0.113 -13.5034 11.1685
0.114 45.856 26.1414
0.115 105.166 42.6936
0.116 144.11 55.3673
0.117 150.42 60.4734
0.118 124.088 57.4265
0.119 77.0796 48.8828
0.12 28.7329 39.6735
0.121 -1.51547 34.9334
0.122 -1.34369 38.1058
0.123 30.151 49.5942
0.124 82.6879 66.6052
0.125 139.138 84.2128
0.126 181.816 97.1305
0.127 198.217 101.447
0.128 184.477 95.745
0.129 145.903 81.3518
0.13 94.6419 61.749
0.131 45.2716 41.3359
0.132 9.81441 23.9525
0.133 -5.91788 11.7198
0.134 -3.29417 4.65922
0.135 10.8399 1.16859
0.136 27.3252 -0.997302
0.137 37.8547 -3.73971
0.138 37.2703 -7.95635
0.139 24.7344 -13.3009
0.14 3.7337 -18.3395
0.141 -19.0742 -21.0535
0.142 -35.9043 -19.5537
0.143 -40.1427 -12.7518
0.144 -28.1643 -0.725738
0.145 -0.243487 15.3114
0.146 39.4468 33.3239
0.147 83.5728 50.8612
0.148 123.026 65.4571
0.149 148.901 75.0191
0.15 154.816 78.2055
0.151 138.966 74.725
0.152 105.139 65.4561
0.153 62.0936 52.3111
0.154 21.2227 37.8397
0.155 -6.85829 24.6439
0.156 -15.6978 14.739
0.157 -5.19193 9.04255
0.158 18.2432 7.16965
0.159 43.7013 7.64236
0.16 59.536 8.49685
0.161 57.7387 8.12492
0.162 37.4036 6.05853
0.163 5.76771 3.35811
0.164 -23.9345 2.36852
0.165 -37.2493 5.85818
0.166 -24.1181 15.8452
0.167 16.9037 32.5766
0.168 77.4636 54.0771
0.169 141.7 76.4689
0.17 191.266 95.0008
0.171 211.504 105.49
0.172 196.683 105.705
0.173 152.325 96.1679
0.174 93.4463 80.0074
0.175 39.1583 61.8649
0.176 5.67645 46.2476
0.177 0.526945 35.9727
0.178 20.1667 31.2943
0.179 51.7371 30.0193
0.18 78.1348 28.5417
0.181 84.5305 23.4062
0.182 64.0541 12.8209
0.183 20.5926 -2.46029
0.184 -32.4483 -19.2471
0.185 -77.0938 -33.0036
0.186 -97.5753 -39.5202
0.187 -86.2289 -36.5179
0.188 -46.2224 -24.5533
0.189 9.78723 -6.87103
0.19 64.3473 11.7272
0.191 101.393 26.5511
0.192 111.697 34.5932
0.193 95.7278 35.4374
0.194 62.9878 31.2133
0.195 28.1183 25.6423
0.196 5.2915 22.5409
0.197 3.06375 24.3421
0.198 21.6307 31.2062
0.199 53.3795 41.0616
0.2 86.2719 50.5257
0.201 108.548 56.2833
0.202 112.901 56.3401
0.203 98.6907 50.6843
0.204 71.5942 41.1754
0.205 41.0604 30.7681
0.206 16.6759 22.387
0.207 4.83418 17.874
0.208 6.88586 17.407
0.209 19.3115 19.6104
0.21 35.645 22.282
0.211 49.1955 23.3839
0.212 55.3967 21.8513
0.213 52.9366 17.9098
0.214 43.4945 12.8529
0.215 30.5444 8.44858
0.216 17.9452 6.25107
0.217 8.86594 7.08239
0.218 5.26469 10.8568
0.219 7.88102 16.7817
0.22 16.5516 23.8101
0.221 30.5648 31.1066
0.222 48.7672 38.2892
0.223 69.3299 45.343
0.224 89.4352 52.2934
0.225 105.393 58.8569
0.226 113.508 64.2948
0.227 111.483 67.5674
0.228 99.6461 67.7215
0.229 81.2892 64.3236
0.23 61.842 57.7329
0.231 47.1114 49.0725
0.232 41.1767 39.8749
0.233 44.6459 31.515
0.234 53.9783 24.6598
0.235 62.3898 19.0058
0.236 62.3167 13.4736
0.237 48.6325 6.81744
0.238 21.2608 -1.61463
0.239 -14.0646 -11.3292
0.24 -47.3676 -20.6138
0.241 -67.7934 -27.0076
0.242 -67.5335 -28.1653
0.243 -44.8999 -22.8103
0.244 -5.41692 -11.4079
0.245 39.6126 3.74871
0.246 76.7592 19.1459
0.247 95.1475 31.1745
0.248 90.4226 37.3513
0.249 66.3933 37.1555
0.25 33.6164 32.1445
0.251 5.42751 25.2996
0.252 -7.06454 19.8392
0.253 0.859992 17.9466
0.254 25.7392 19.9061
0.255 57.1681 24.0024
0.256 81.6498 27.24
0.257 87.6964 26.6123
0.258 70.3203 20.4215
0.259 33.2003 9.13221
0.26 -12.3717 -4.58578
0.261 -51.4234 -16.6754
0.262 -70.651 -23.0934
0.263 -63.1704 -21.2762
0.264 -30.9148 -11.0993
0.265 16.1478 5.05035
0.266 63.6021 23.1067
0.267 97.6258 38.7255
0.268 109.683 48.7285
0.269 99.2363 52.0849
0.27 73.5429 50.0984
0.271 44.6712 45.7367
0.272 24.8719 42.3525
0.273 22.0681 42.2985
0.274 37.1434 45.998
0.275 63.9458 51.8344
0.276 91.8322 56.8552
0.277 109.664 57.9604
0.278 109.76 53.1084
0.279 90.4639 42.1217
0.28 56.5429 26.823
0.281 17.3966 10.4541
0.282 -16.2339 -3.42041
0.283 -35.859 -12.1064
0.284 -37.8634 -14.6042
0.285 -24.2968 -11.7686
0.286 -1.70703 -5.81066
0.287 21.382 0.600212
0.288 37.3502 5.28054
0.289 41.7546 7.20897
0.29 34.3865 6.73309
0.291 18.9521 5.26365
0.292 1.6046 4.59931
0.293 -11.1616 6.167
0.294 -14.5781 10.4805
0.295 -6.97624 16.9997
0.296 9.92036 24.3862
0.297 31.75 31.0052
0.298 52.9246 35.4667
0.299 68.1957 37.0212
0.3 73.9851 35.6951
0.301 69.2521 32.1523
0.302 55.7393 27.3834
0.303 37.4861 22.3671
0.304 19.6692 17.8265
0.305 7.08177 14.129
0.306 2.73302 11.3129
0.307 6.99032 9.19017
0.308 17.4644 7.46759
0.309 29.6407 5.83802
0.31 38.1404 4.02159
0.311 38.3705 1.78392
0.312 28.1277 -1.0159
0.313 8.58763 -4.32787
0.314 -15.7757 -7.81274
0.315 -38.4182 -10.8248
0.316 -52.7277 -12.5267
0.317 -54.1478 -12.1195
0.318 -41.7378 -9.11854
0.319 -18.6477 -3.58319
0.32 8.71707 3.78672
0.321 32.6691 11.7571
0.322 46.7522 18.8829
0.323 47.9376 23.9674
0.324 37.6942 26.4821
0.325 21.4982 26.7632
0.326 6.91068 25.8854
0.327 0.869749 25.2462
0.328 7.14247 26.0102
0.329 24.8596 28.618
0.33 48.6893 32.544
0.331 70.6137 36.4166
0.332 82.6966 38.4818
0.333 79.8811 37.2637
0.334 61.8474 32.1724
0.335 33.2637 23.8211
0.336 2.30113 13.9136
0.337 -22.106 4.72587
0.338 -33.2853 -1.63916
0.339 -29.035 -3.95187
0.34 -12.233 -2.25184
0.341 10.3109 2.20455
0.342 30.2851 7.42108
0.343 40.7211 11.386
0.344 38.3048 12.7835
0.345 24.3987 11.4402
0.346 4.43535 8.34661
0.347 -14.1035 5.24054
0.348 -24.3806 3.90692
0.349 -22.5793 5.46678
0.35 -9.12983 9.93056
0.351 11.5631 16.1765
0.352 32.6997 22.3422
0.353 47.3773 26.4711
0.354 50.8379 27.1825
0.355 41.9597 24.1403
0.356 23.5251 18.1582
0.357 1.20362 10.9058
0.358 -18.3665 4.32397
0.359 -29.7143 -0.0229107
0.36 -30.1801 -1.41966
0.361 -20.5817 -0.143488
0.362 -4.76891 2.73778
0.363 11.7247 5.80992
0.364 23.4797 7.83187
0.365 26.8743 8.15325
0.366 21.1459 6.89311
0.367 8.52957 4.83232
0.368 -6.52652 3.08035
0.369 -18.8037 2.65591
0.37 -23.9607 4.13486
0.371 -19.885 7.47335
0.372 -7.34099 12.0421
0.373 10.2696 16.8382
0.374 27.9434 20.7928
0.375 40.5795 23.0669
0.376 44.5064 23.2499
0.377 38.5963 21.4168
0.378 24.6344 18.0577
0.379 6.797 13.9193
0.38 -9.64138 9.80704
0.381 -19.9807 6.39136
0.382 -21.5985 4.06364
0.383 -14.7913 2.87342
0.384 -2.68896 2.55432
0.385 9.7321 2.6234
0.386 17.2581 2.52939
0.387 16.1988 1.82421
0.388 5.73545 0.324468
0.389 -11.6432 -1.78507
0.39 -30.8331 -3.95634
0.391 -45.7374 -5.41126
0.392 -51.2683 -5.37328
0.393 -45.0521 -3.32939
0.394 -28.2764 0.75981
0.395 -5.39502 6.37681
0.396 17.2539 12.5361
0.397 33.5076 18.0385
0.398 39.4329 21.8222
0.399 34.6348 23.295
0.4 22.3316 22.5276
0.401 8.16589 20.2322
0.402 -1.81437 17.5236
0.403 -3.29804 15.5348
0.404 4.75135 15.012
0.405 19.6916 16.0398
0.406 36.0952 18.0037
0.407 47.6545 19.8125
0.408 49.4295 20.3033
0.409 39.6225 18.6862
0.41 20.2454 14.8691
0.411 -3.5382 9.54595
0.412 -25.1417 4.00331
0.413 -38.752 -0.302827
0.414 -41.2374 -2.25311
0.415 -33.116 -1.46213
0.416 -18.2538 1.58477
0.417 -2.42533 5.70081
0.418 8.72494 9.40574
0.419 11.585 11.4288
0.42 5.70154 11.1377
0.421 -6.21248 8.74786
0.422 -19.3482 5.23053
0.423 -28.5543 1.9445
0.424 -30.1476 0.13132
0.425 -23.1432 0.473595
0.426 -9.49548 2.87706
0.427 6.67712 6.5367
0.428 20.5498 10.2452
0.429 28.2001 12.831
0.43 27.842 13.5764
0.431 20.3119 12.4682
0.432 8.67254 10.1799
0.433 -2.90495 7.79326
0.434 -10.5731 6.37744
0.435 -12.0432 6.60011
0.436 -7.21868 8.50485
0.437 1.92128 11.5116
0.438 12.0711 14.623
0.439 19.6932 16.7637
0.44 22.1146 17.1409
0.441 18.3085 15.4978
0.442 9.13442 12.1683
0.443 -3.01583 7.924
0.444 -15.0177 3.6969
0.445 -23.9676 0.292188
0.446 -27.9833 -1.81986
0.447 -26.6424 -2.58542
0.448 -20.9876 -2.31242
0.449 -13.1388 -1.5061
0.45 -5.62922 -0.657457
0.451 -0.64738 -0.0680533
0.452 0.60081 0.224627
0.453 -1.7774 0.412625
0.454 -6.43289 0.81252
0.455 -11.214 1.73748
0.456 -13.8373 3.38158
0.457 -12.6033 5.74411
0.458 -6.96417 8.61479
0.459 2.21926 11.6224
0.46 12.8309 14.3243
0.461 22.0572 16.3022
0.462 27.2149 17.2395
0.463 26.6022 16.9801
0.464 20.0956 15.5686
0.465 9.28177 13.2573
0.466 -2.94592 10.4667
0.467 -13.2212 7.70395
0.468 -18.7267 5.46161
0.469 -18.0835 4.1178
0.47 -11.8105 3.85423
0.471 -2.17424 4.60849
0.472 7.55721 6.08565
0.473 14.2206 7.84558
0.474 15.8486 9.44657
0.475 12.3575 10.59
0.476 5.57899 11.2092
0.477 -1.39024 11.4735
0.478 -5.30713 11.709
0.479 -3.98591 12.257
0.48 2.83835 13.3118
0.481 13.3101 14.7923
0.482 24.0122 16.31
0.483 31.1035 17.2653
0.484 31.6455 17.0452
0.485 24.6546 15.2504
0.486 11.5065 11.8661
0.487 -4.46139 7.31736
0.488 -19.0233 2.38244
0.489 -28.4481 -2.01622
0.49 -30.7052 -5.08135
0.491 -26.0716 -6.37804
0.492 -16.939 -5.95128
0.493 -6.91252 -4.2809
0.494 0.475939 -2.09371
0.495 2.99465 -0.101379
0.496 0.458086 1.24524
0.497 -5.27039 1.89913
0.498 -11.0218 2.20304
0.499 -13.5359 2.72081
0.5 -10.6906 3.98087
0.501 -2.2977 6.23699
0.502 9.79924 9.33776
0.503 22.3323 12.7459
0.504 31.7007 15.6966
0.505 35.1798 17.4445
0.506 31.8375 17.5208
0.507 22.8349 15.9075
0.508 11.001 13.0552
0.509 -0.15385 9.73279
0.51 -7.61092 6.76864
0.511 -9.78717 4.78927
0.512 -6.95307 4.04258
0.513 -1.02357 4.35104
0.514 5.18242 5.19932
0.515 8.95717 5.9299
0.516 8.6429 5.98569
0.517 4.16515 5.11231
0.518 -3.01559 3.43958
0.519 -10.483 1.41225
0.52 -15.7356 -0.390895
0.521 -17.0362 -1.46886
0.522 -13.9685 -1.56576
0.523 -7.53463 -0.746805
0.524 0.225249 0.636245
0.525 6.95443 2.08056
0.526 10.7804 3.12403
0.527 10.9119 3.52125
0.528 7.84246 3.33366
0.529 3.12876 2.90133
0.53 -1.15409 2.71517
0.531 -3.09825 3.24248
0.532 -1.57691 4.76438
0.533 3.4081 7.27439
0.534 10.7556 10.4694
0.535 18.6468 13.8358
0.536 25.1256 16.7986
0.537 28.6739 18.8786
0.538 28.6155 19.8065
0.539 25.258 19.5639
0.54 19.7484 18.3495
0.541 13.6819 16.4892
0.542 8.58323 14.3192
0.543 5.43857 12.0847
0.544 4.43915 9.88967
0.545 5.00519 7.70984
0.546 6.04815 5.45579
0.547 6.36641 3.05218
0.548 5.06252 0.505796
0.549 1.87315 -2.05502
0.55 -2.696 -4.38041
0.551 -7.49768 -6.14459
0.552 -11.1025 -7.02874
0.553 -12.2609 -6.81383
0.554 -10.3041 -5.44871
0.555 -5.36379 -3.07139
0.556 1.63532 0.016552
0.557 9.20404 3.4088
0.558 15.6914 6.67218
0.559 19.7568 9.42992
0.56 20.7557 11.4315
0.561 18.8984 12.5865
0.562 15.134 12.9525
0.563 10.8167 12.6834
0.564 7.27266 11.9635
0.565 5.39413 10.9494
0.566 5.37439 9.73702
0.567 6.67351 8.35663
0.568 8.24464 6.79701
0.569 8.94725 5.04831
0.57 7.98865 3.14926
0.571 5.23214 1.21916
0.572 1.27687 -0.539968
0.573 -2.70634 -1.87632
0.574 -5.338 -2.54886
0.575 -5.49229 -2.39589
0.576 -2.70948 -1.38823
0.577 2.60101 0.351062
0.578 9.25566 2.566
0.579 15.6522 4.91964
0.58 20.2498 7.06444
0.581 22.0187 8.71529
0.582 20.7358 9.70794
0.583 17.0388 10.024
0.584 12.2063 9.7719
0.585 7.71754 9.13044
0.586 4.74868 8.28069
0.587 3.79799 7.35203
0.588 4.57423 6.39874
0.589 6.15891 5.40655
0.59 7.36375 4.32234
0.591 7.1688 3.10004
0.592 5.11293 1.7507
0.593 1.50174 0.375313
0.594 -2.66179 -0.840058
0.595 -6.01475 -1.66931
0.596 -7.30955 -1.91275
0.597 -5.84169 -1.4573
0.598 -1.68618 -0.311328
0.599 4.3131 1.39078
0.6 10.7875 3.41367
0.601 16.2572 5.47352
0.602 19.5941 7.30742
0.603 20.3714 8.73696
0.604 18.9641 9.70173
0.605 16.3715 10.2527
0.606 13.8436 10.5137
0.607 12.4559 10.6274
0.608 12.7628 10.7034
0.609 14.6234 10.7784
0.61 17.2563 10.8026
0.611 19.5211 10.6596
0.612 20.3332 10.2132
0.613 19.0526 9.36264
0.614 15.701 8.08622
0.615 10.9465 6.46055
0.616 5.88427 4.65187
0.617 1.69327 2.87876
0.618 -0.734839 1.35337
0.619 -1.08255 0.219868
0.62 0.297827 -0.484191
0.621 2.52803 -0.827646
0.622 4.53094 -0.95079
0.623 5.40699 -1.01244
0.624 4.7266 -1.13439
0.625 2.65977 -1.35462
0.626 -0.0806925 -1.60336
0.627 -2.4671 -1.71795
0.628 -3.49895 -1.49981
0.629 -2.54971 -0.792395
0.63 0.414335 0.455045
0.631 4.82711 2.16214
0.632 9.71414 4.13221
0.633 13.9957 6.09635
0.634 16.8016 7.77702
0.635 17.7149 8.96005
0.636 16.8791 9.55375
0.637 14.9274 9.60743
0.638 12.7425 9.2762
0.639 11.1352 8.74882
0.64 10.5674 8.17409
0.641 11.0177 7.61361
0.642 12.0159 7.02981
0.643 12.8181 6.30788
0.644 12.667 5.30769
0.645 11.0691 3.93515
0.646 7.99678 2.20772
0.647 3.93462 0.281826
0.648 -0.257037 -1.57544
0.649 -3.60933 -3.05843
0.65 -5.34017 -3.90818
0.651 -5.08294 -3.98298
0.652 -2.99115 -3.29725
0.653 0.30739 -2.01822
0.654 3.90241 -0.417038
0.655 6.88813 1.21401
0.656 8.64807 2.64814
0.657 9.0313 3.77955
0.658 8.36029 4.62856
0.659 7.28302 5.30274
0.66 6.5326 5.93435
0.661 6.66988 6.61412
0.662 7.88208 7.34106
0.663 9.90528 8.00806
0.664 12.1098 8.4348
0.665 13.7255 8.43734
0.666 14.1202 7.90372
0.667 13.0245 6.84279
0.668 10.6269 5.39104
0.669 7.52277 3.78176
0.67 4.5375 2.28816
0.671 2.4747 1.15245
0.672 1.8594 0.519591
0.673 2.76679 0.401789
0.674 4.8062 0.690624
0.675 7.26698 1.20989
0.676 9.36328 1.78142
0.677 10.4842 2.27658
0.678 10.3715 2.64204
0.679 9.18295 2.90123
0.68 7.42566 3.13314
0.681 5.77503 3.42992
0.682 4.83094 3.84634
0.683 4.90169 4.36516
0.684 5.90153 4.89664
0.685 7.3955 5.30938
0.686 8.76041 5.47338
0.687 9.39595 5.29709
0.688 8.9201 4.75237
0.689 7.29761 3.88594
0.69 4.86148 2.8129
0.691 2.21044 1.68821
0.692 0.0101145 0.663991
0.693 -1.22687 -0.148573
0.694 -1.29642 -0.697491
0.695 -0.34493 -0.987281
0.696 1.19997 -1.06406
0.697 2.77652 -0.995885
0.698 3.87026 -0.850305
0.699 4.18017 -0.672078
0.7 3.71536 -0.468995
0.701 2.78279 -0.213401
0.702 1.8684 0.1418
0.703 1.4615 0.641524
0.704 1.89028 1.30952
0.705 3.21868 2.1351
0.706 5.22588 3.06645
0.707 7.46972 4.01323
0.708 9.41918 4.86148
0.709 10.6182 5.49876
0.71 10.8248 5.84173
0.711 10.0753 5.8563
0.712 8.65379 5.56504
0.713 6.98906 5.04016
0.714 5.51783 4.38381
0.715 4.55326 3.69949
0.716 4.19208 3.06287
0.717 4.2904 2.50221
0.718 4.52246 1.99655
0.719 4.50457 1.49252
0.72 3.93781 0.933517
0.721 2.71712 0.290621
0.722 0.974289 -0.415022
0.723 -0.951392 -1.10668
0.724 -2.60437 -1.66702
0.725 -3.54611 -1.97066
0.726 -3.49412 -1.92376
0.727 -2.41766 -1.49647
0.728 -0.551023 -0.736467
0.729 1.68103 0.241068
0.73 3.79494 1.28385
0.731 5.38973 2.24336
0.732 6.25688 3.01344
0.733 6.43129 3.55426
0.734 6.16695 3.89375
0.735 5.83739 4.10572
0.736 5.79064 4.27325
0.737 6.21387 4.45118
0.738 7.06132 4.64174
0.739 8.07063 4.79199
0.74 8.85541 4.81311
0.741 9.03867 4.61449
0.742 8.38554 4.1405
0.743 6.89553 3.39766
0.744 4.82041 2.46203
0.745 2.59378 1.46336
0.746 0.693854 0.550479
0.747 -0.509404 -0.149975
0.748 -0.866256 -0.567203
0.749 -0.481896 -0.701157
0.75 0.331708 -0.614892
0.751 1.16726 -0.408679
0.752 1.66173 -0.185266
0.753 1.61915 -0.0173359
0.754 1.07238 0.0725531
0.755 0.260167 0.113054
0.756 -0.469301 0.16631
0.757 -0.788987 0.298625
0.758 -0.510056 0.55099
0.759 0.352532 0.920359
0.76 1.58478 1.3575
0.761 2.84648 1.78079
0.762 3.7884 2.10076
0.763 4.1715 2.24738
0.764 3.94353 2.19178
0.765 3.24656 1.95506
0.766 2.35879 1.60181
0.767 1.59605 1.22043
0.768 1.20714 0.89722
0.769 1.29502 0.692582
0.77 1.78866 0.626655
0.771 2.47543 0.678085
0.772 3.08282 0.795182
0.773 3.37679 0.915111
0.774 3.23864 0.984943
0.775 2.69559 0.978561
0.776 1.90222 0.904786
0.777 1.08487 0.804036
0.778 0.468003 0.733891
0.779 0.204089 0.748053
0.78 0.329272 0.87639
0.781 0.7605 1.11334
0.782 1.33347 1.41795
0.783 1.86309 1.72448
0.784 2.2014 1.96008
0.785 2.27524 2.06536
0.786 2.09768 2.01247
0.787 1.75515 1.81431
0.788 1.37494 1.51999
0.789 1.08217 1.19755
0.79 0.959877 0.911153
0.791 1.02595 0.702016
0.792 1.23269 0.578617
0.793 1.48538 0.51749
0.794 1.67121 0.473673
0.795 1.69102 0.398725
0.796 1.48831 0.261536
0.797 1.06932 0.0639283
0.798 0.506974 -0.156582
0.799 -0.074566 -0.338464
0.8 -0.530904 -0.416642
0.801 -0.735391 -0.343379
0.802 -0.614348 -0.103492
0.803 -0.170557 0.279264
0.804 0.512796 0.746479
0.805 1.292 1.22034
0.806 2.00307 1.62609
0.807 2.50985 1.91331
0.808 2.74343 2.06721
0.809 2.72001 2.10663
0.81 2.53169 2.07164
0.811 2.31224 2.00646
0.812 2.18663 1.94271
0.813 2.22114 1.88742
0.814 2.39363 1.82065
0.815 2.59805 1.70484
0.816 2.6825 1.50271
0.817 2.5058 1.19527
0.818 1.99194 0.792288
0.819 1.16488 0.332454
0.82 0.152023 -0.125115
0.821 -0.847514 -0.51528
0.822 -1.62292 -0.784229
0.823 -2.0203 -0.904517
0.824 -1.99297 -0.881317
0.825 -1.61321 -0.746866
0.826 -1.04284 -0.546649
0.827 -0.475907 -0.324655
0.828 -0.0742517 -0.113072
0.829 0.0845337 0.0727037
0.83 0.0300684 0.234472
0.831 -0.116482 0.386414
0.832 -0.193552 0.545145
0.833 -0.066692 0.718719
0.834 0.315756 0.900801
0.835 0.90111 1.07283
0.836 1.55051 1.21123
0.837 2.08715 1.2946
0.838 2.35732 1.30865
0.839 2.28465 1.2497
0.84 1.8989 1.12737
0.841 1.32671 0.963818
0.842 0.74617 0.788011
0.843 0.322852 0.627353
0.844 0.153811 0.501215
0.845 0.239705 0.418704
0.846 0.49164 0.379264
0.847 0.767272 0.373859
0.848 0.923619 0.386695
0.849 0.869177 0.399024
0.85 0.596215 0.394912
0.851 0.180087 0.366183
0.852 -0.253428 0.314003
0.853 -0.577203 0.247272
0.854 -0.707339 0.179591
0.855 -0.628262 0.125802
0.856 -0.393111 0.0980403
0.857 -0.101299 0.10167
0.858 0.139647 0.132848
0.859 0.254635 0.179543
0.86 0.227359 0.225952
0.861 0.101344 0.258281
0.862 -0.0425417 0.269674
0.863 -0.119429 0.263025
0.864 -0.0703635 0.250827
0.865 0.119587 0.251495
0.866 0.417743 0.282732
0.867 0.755246 0.354238
0.868 1.05106 0.46283
0.869 1.24003 0.592015
0.87 1.29273 0.716054
0.871 1.21905 0.807104
0.872 1.05735 0.843572
0.873 0.857498 0.817335
0.874 0.665378 0.737046
0.875 0.511689 0.625614
0.876 0.406058 0.512372
0.877 0.3382 0.423133
0.878 0.286754 0.372099
0.879 0.231694 0.35833
0.88 0.163367 0.367401
0.881 0.0841761 0.377432
0.882 0.00474428 0.367744
0.883 -0.0609602 0.327349
0.884 -0.0992759 0.259857
0.885 -0.0999708 0.182381
0.886 -0.059327 0.118752
0.887 0.0182938 0.090003
0.888 0.121634 0.106128
0.889 0.235249 0.162094
0.89 0.341589 0.2392
0.891 0.422228 0.311109
0.892 0.459998 0.352617
0.893 0.443047 0.348258
0.894 0.369322 0.297581
0.895 0.248769 0.215043
0.896 0.101996 0.124584
0.897 -0.0439435 0.0511353
0.898 -0.161599 0.012349
0.899 -0.230168 0.013504
0.9 -0.241747 0.0470844
0.901 -0.203934 0.0967755
0.902 -0.13675 0.144157
0.903 -0.0647075 0.175548
0.904 -0.00755731 0.186525
0.905 0.0264801 0.18263
0.906 0.0429504 0.176245
0.907 0.0585047 0.180987
0.908 0.0938982 0.205821
0.909 0.164498 0.251163
0.91 0.271927 0.308437
0.911 0.400891 0.363068
0.912 0.523096 0.399591
0.913 0.606674 0.406823
0.914 0.627096 0.381288
0.915 0.575501 0.327938
0.916 0.461966 0.258213
0.917 0.312821 0.186239
0.918 0.162578 0.124464
0.919 0.0428544 0.080276
0.92 -0.0276286 0.0547434
0.921 -0.0480353 0.0437487
0.922 -0.0336049 0.0407302
0.923 -0.00819975 0.0397146
0.924 0.00549231 0.0374566
0.925 -0.00562506 0.0341225
0.926 -0.0407774 0.0325757
0.927 -0.086401 0.0367053
0.928 -0.122042 0.0494687
0.929 -0.128733 0.0714036
0.93 -0.0965397 0.100182
0.931 -0.0284354 0.131313
0.932 0.060699 0.15961
0.933 0.149352 0.180748
0.934 0.216817 0.192322
0.935 0.250007 0.194133
0.936 0.247218 0.187786
0.937 0.21766 0.175914
0.938 0.177269 0.161353
0.939 0.142699 0.146542
0.94 0.1258 0.133224
0.941 0.130278 0.122416
0.942 0.151343 0.114526
0.943 0.178224 0.109527
0.944 0.198579 0.107058
0.945 0.203057 0.106435
0.946 0.188259 0.106623
0.947 0.157167 0.106335
0.948 0.117274 0.10432
0.949 0.0775439 0.0997667
0.95 0.0454636 0.0926007
0.951 0.0249797 0.0834817
0.952 0.0157846 0.0735115
0.953 0.0140631 0.0638069
0.954 0.0143772 0.0551185
0.955 0.0118926 0.0475977
0.956 0.00405406 0.0407774
0.957 -0.0088271 0.033813
0.958 -0.0240521 0.0259382
0.959 -0.0376719 0.0169564
0.96 -0.0458144 0.00751359
0.961 -0.0458508 -0.0010161
0.962 -0.0371273 -0.00698947
0.963 -0.0210679 -0.00907845
0.964 -0.000661707 -0.0067425
0.965 0.0204169 -0.000445739
0.966 0.0387391 0.00843257
0.967 0.0518596 0.0179746
0.968 0.0587293 0.0262791
0.969 0.0597336 0.0320045
0.97 0.0563723 0.0346916
0.971 0.0506797 0.0347515
0.972 0.0445791 0.0331535
0.973 0.0393806 0.0309788
0.974 0.0355473 0.0290216
0.975 0.032743 0.0275662
0.976 0.0301215 0.026392
0.977 0.0267666 0.0249783
0.978 0.0221289 0.0228082
0.979 0.0162865 0.019637
0.98 0.00992895 0.0156195
0.981 0.00408837 0.011257
0.982 -0.000244483 0.00720824
0.983 -0.0024609 0.00405323
0.984 -0.00252146 0.00210644
0.985 -0.000944322 0.00134183
0.986 0.00139552 0.00144695
0.987 0.00357997 0.00197043
0.988 0.00494677 0.0024914
0.989 0.00525454 0.00274159
0.99 0.00466562 0.00264497
0.991 0.00358529 0.00228
0.992 0.00244999 0.00179767
0.993 0.00155836 0.00133714
0.994 0.00100216 0.000972807
0.995 0.000704266 0.000707411
0.996 0.000522821 0.000502976
0.997 0.000354375 0.00032356
0.998 0.000180865 0.000162873
0.999 4.72778e-05 4.43811e-05
0.12 4.84343 0.521893
0.24 4.84531 0.522971
0.36 4.84844 0.524761
0.48 4.85282 0.52725
0.6 4.85844 0.530421
0.72 4.8653 0.534255
0.84 4.8734 0.538726
0.96 4.88272 0.543804
1.08 4.89325 0.549458
1.2 4.90499 0.555649
1.32 4.91792 0.562337
1.44 4.93203 0.56948
1.56 4.9473 0.577032
1.68 4.9637 0.584943
1.8 4.98123 0.593163
1.92 4.99985 0.601641
2.04 5.01954 0.610322
2.16 5.04027 0.619153
2.28 5.06201 0.628077
2.4 5.08471 0.63704
2.52 5.10835 0.645988
2.64 5.13288 0.654865
2.76 5.15825 0.663618
2.88 5.18441 0.672197
3 5.21131 0.68055
3.12 5.2389 0.688629
3.24 5.26712 0.69639
3.36 5.29589 0.70379
3.48 5.32517 0.710788
3.6 5.35487 0.717348
3.72 5.38492 0.723438
3.84 5.41525 0.729028
3.96 5.44578 0.734092
4.08 5.47643 0.73861
4.2 5.50711 0.742563
4.32 5.53774 0.745939
4.44 5.56823 0.748729
4.56 5.59849 0.750928
4.68 5.62844 0.752535
4.8 5.65797 0.753554
4.92 5.68701 0.753993
5.04 5.71546 0.753862
5.16 5.74322 0.753178
5.28 5.77022 0.751957
5.4 5.79636 0.750223
5.52 5.82155 0.748
5.64 5.8457 0.745315
5.76 5.86875 0.742199
5.88 5.89061 0.738685
6 5.91119 0.734805
6.12 5.93044 0.730597
6.24 5.94828 0.726096
6.36 5.96465 0.72134
6.48 5.97948 0.716368
6.6 5.99273 0.711218
6.72 6.00435 0.705927
6.84 6.01429 0.700533
6.96 6.02252 0.695073
7.08 6.029 0.689582
7.2 6.03371 0.684093
7.32 6.03663 0.678638
7.44 6.03774 0.673248
7.56 6.03703 0.667949
7.68 6.03452 0.662765
7.8 6.03019 0.65772
7.92 6.02406 0.652831
8.04 6.01615 0.648115
8.16 6.00647 0.643584
8.28 5.99506 0.639248
8.4 5.98194 0.635111
8.52 5.96715 0.631177
8.64 5.95074 0.627444
8.76 5.93273 0.623909
8.88 5.91319 0.620563
9 5.89217 0.617396
9.12 5.86971 0.614394
9.24 5.84587 0.611541
9.36 5.82072 0.608817
9.48 5.7943 0.606201
9.6 5.76669 0.603669
9.72 5.73794 0.601196
9.84 5.7081 0.598753
9.96 5.67725 0.596313
10.08 5.64544 0.593845
10.2 5.61272 0.591319
10.32 5.57916 0.588706
10.44 5.5448 0.585973
10.56 5.5097 0.58309
10.68 5.47391 0.580028
10.8 5.43746 0.576759
10.92 5.40041 0.573254
11.04 5.36278 0.569488
11.16 5.32462 0.565438
11.28 5.28595 0.561081
11.4 5.24679 0.556398
11.52 5.20717 0.551374
11.64 5.16711 0.545994
11.76 5.12661 0.54025
11.88 5.08568 0.534132
12 5.04432 0.527639
12.12 5.00254 0.520771
12.24 4.96033 0.51353
12.36 4.91768 0.505924
12.48 4.87457 0.497965
12.6 4.831 0.489667
12.72 4.78693 0.481049
12.84 4.74235 0.472132
12.96 4.69724 0.462941
13.08 4.65155 0.453505
13.2 4.60528 0.443856
13.32 4.55838 0.434027
13.44 4.51083 0.424056
13.56 4.46259 0.413981
13.68 4.41363 0.403845
13.8 4.36392 0.393689
13.92 4.31342 0.383559
14.04 4.26212 0.373499
14.16 4.20998 0.363556
14.28 4.15697 0.353775
14.4 4.10307 0.344205
14.52 4.04826 0.334889
14.64 3.99252 0.325874
14.76 3.93584 0.317204
14.88 3.87821 0.308921
15 3.81962 0.301065
15.12 3.76006 0.293676
15.24 3.69956 0.286789
15.36 3.6381 0.280437
15.48 3.5757 0.27465
15.6 3.51239 0.269455
15.72 3.44818 0.264875
15.84 3.38311 0.260929
15.96 3.3172 0.257632
16.08 3.2505 0.254995
16.2 3.18305 0.253026
16.32 3.1149 0.251725
16.44 3.04611 0.251093
16.56 2.97673 0.251121
16.68 2.90684 0.2518
16.8 2.83649 0.253115
16.92 2.76577 0.255046
17.04 2.69475 0.25757
17.16 2.62352 0.260659
17.28 2.55215 0.264284
17.4 2.48073 0.268408
17.52 2.40936 0.272995
17.64 2.33812 0.278002
17.76 2.26711 0.283388
17.88 2.19643 0.289104
18 2.12617 0.295104
18.12 2.05643 0.301337
18.24 1.98731 0.307752
18.36 1.9189 0.314296
18.48 1.85129 0.320917
18.6 1.78459 0.32756
18.72 1.71888 0.334173
18.84 1.65426 0.340703
18.96 1.59081 0.347097
19.08 1.52862 0.353305
19.2 1.46776 0.359277
19.32 1.40832 0.364967
19.44 1.35037 0.370329
19.56 1.29398 0.37532
19.68 1.23922 0.3799
19.8 1.18613 0.384032
19.92 1.13478 0.387683
20.04 1.08521 0.390822
20.16 1.03747 0.393423
20.28 0.991597 0.395462
20.4 0.947615 0.396922
20.52 0.90555 0.397786
20.64 0.865423 0.398045
20.76 0.827243 0.39769
20.88 0.791018 0.396719
21 0.756747 0.395134
21.12 0.724423 0.392939
21.24 0.694032 0.390142
21.36 0.665557 0.386758
21.48 0.638973 0.382801
21.6 0.614248 0.378291
21.72 0.591347 0.37325
21.84 0.570228 0.367705
21.96 0.550846 0.361684
22.08 0.533148 0.355216
22.2 0.51708 0.348336
22.32 0.502582 0.341077
22.44 0.489589 0.333477
22.56 0.478034 0.325572
22.68 0.467848 0.317403
22.8 0.458957 0.309007
22.92 0.451285 0.300425
23.04 0.444755 0.291696
23.16 0.439287 0.282861
23.28 0.434801 0.273958
23.4 0.431215 0.265026
23.52 0.428448 0.256103
23.64 0.426417 0.247224
23.76 0.425041 0.238424
23.88 0.424239 0.229735
24 0.423931 0.22119
24.12 0.424039 0.212817
24.24 0.424485 0.204642
24.36 0.425196 0.19669
24.48 0.426099 0.188983
24.6 0.427124 0.181539
24.72 0.428205 0.174376
24.84 0.429279 0.167507
24.96 0.430286 0.160943
25.08 0.43117 0.154693
25.2 0.431879 0.148763
25.32 0.432364 0.143157
25.44 0.432582 0.137874
25.56 0.432493 0.132913
25.68 0.432061 0.12827
25.8 0.431256 0.123939
25.92 0.430051 0.119911
26.04 0.428425 0.116176
26.16 0.42636 0.112722
26.28 0.423842 0.109536
26.4 0.420864 0.106601
26.52 0.417421 0.103903
26.64 0.413512 0.101423
26.76 0.40914 0.0991426
26.88 0.404315 0.0970441
27 0.399046 0.0951077
27.12 0.393347 0.0933138
27.24 0.387238 0.0916428
27.36 0.380737 0.090075
27.48 0.37387 0.0885913
27.6 0.366661 0.0871727
27.72 0.359139 0.085801
27.84 0.351333 0.0844587
27.96 0.343276 0.0831291
28.08 0.335 0.0817965
28.2 0.326539 0.0804464
28.32 0.317928 0.0790654
28.44 0.309202 0.0776412
28.56 0.300396 0.0761632
28.68 0.291545 0.0746218
28.8 0.282686 0.0730089
28.92 0.27385 0.0713179
29.04 0.265073 0.0695436
29.16 0.256386 0.0676822
29.28 0.247819 0.0657312
29.4 0.239403 0.0636895
29.52 0.231164 0.0615574
29.64 0.223128 0.0593363
29.76 0.215319 0.057029
29.88 0.207757 0.0546391
30 0.200461 0.0521713
30.12 0.193447 0.0496315
30.24 0.18673 0.0470262
30.36 0.180321 0.0443625
30.48 0.174227 0.0416484
30.6 0.168455 0.0388923
30.72 0.163009 0.036103
30.84 0.157889 0.0332896
30.96 0.153093 0.0304616
31.08 0.148618 0.0276282
31.2 0.144456 0.0247989
31.32 0.140599 0.0219832
31.44 0.137037 0.01919
31.56 0.133755 0.0164284
31.68 0.130741 0.0137068
31.8 0.127976 0.0110334
31.92 0.125444 0.00841581
32.04 0.123125 0.0058611
32.16 0.121 0.0033758
32.28 0.119047 0.000965778
32.4 0.117245 -0.00136373
32.52 0.115571 -0.00360818
32.64 0.114003 -0.00576373
32.76 0.112518 -0.00782723
32.88 0.111095 -0.00979623
33 0.109711 -0.011669
33.12 0.108344 -0.0134444
33.24 0.106974 -0.0151221
33.36 0.105581 -0.0167023
33.48 0.104147 -0.0181857
33.6 0.102652 -0.0195738
33.72 0.101082 -0.0208683
33.84 0.099421 -0.0220716
33.96 0.0976559 -0.0231864
34.08 0.095775 -0.0242159
34.2 0.0937684 -0.0251634
34.32 0.0916281 -0.0260325
34.44 0.0893478 -0.0268272
34.56 0.0869229 -0.0275514
34.68 0.084351 -0.0282093
34.8 0.0816314 -0.0288048
34.92 0.0787652 -0.0293422
35.04 0.0757553 -0.0298254
35.16 0.0726066 -0.0302585
35.28 0.0693253 -0.0306452
35.4 0.0659194 -0.0309892
35.52 0.0623984 -0.0312939
35.64 0.0587731 -0.0315623
35.76 0.0550556 -0.0317976
35.88 0.0512593 -0.0320022
36 0.0473983 -0.0321784
36.12 0.0434877 -0.0323284
36.24 0.0395435 -0.0324539
36.36 0.035582 -0.0325561
36.48 0.0316201 -0.0326363
36.6 0.0276747 -0.0326952
36.72 0.0237632 -0.0327333
36.84 0.0199026 -0.0327508
36.96 0.0161098 -0.0327478
37.08 0.0124014 -0.032724
37.2 0.00879346 -0.0326788
37.32 0.00530146 -0.0326118
37.44 0.00194011 -0.032522
37.56 -0.00127676 -0.0324086
37.68 -0.00433626 -0.0322706
37.8 -0.00722658 -0.0321069
37.92 -0.00993709 -0.0319165
38.04 -0.0124583 -0.0316981
38.16 -0.0147822 -0.0314508
38.28 -0.0169019 -0.0311735
38.4 -0.018812 -0.0308653
38.52 -0.0205084 -0.0305254
38.64 -0.0219887 -0.0301531
38.76 -0.0232515 -0.0297479
38.88 -0.0242971 -0.0293094
39 -0.0251271 -0.0288375
39.12 -0.0257443 -0.0283322
39.24 -0.0261531 -0.0277937
39.36 -0.0263587 -0.0272226
39.48 -0.026368 -0.0266196
39.6 -0.0261885 -0.0259855
39.72 -0.025829 -0.0253216
39.84 -0.0252991 -0.0246291
39.96 -0.0246093 -0.0239097
40.08 -0.0237709 -0.0231652
40.2 -0.0227955 -0.0223975
40.32 -0.0216956 -0.0216089
40.44 -0.0204839 -0.0208016
40.56 -0.0191735 -0.0199781
40.68 -0.0177776 -0.0191409
40.8 -0.0163096 -0.0182928
40.92 -0.0147828 -0.0174365
41.04 -0.0132104 -0.0165748
41.16 -0.0116053 -0.0157107
41.28 -0.00998034 -0.0148468
41.4 -0.0083477 -0.0139862
41.52 -0.00671921 -0.0131316
41.64 -0.00510614 -0.0122857
41.76 -0.00351912 -0.0114512
41.88 -0.00196811 -0.0106308
42 -0.000462363 -0.00982675
42.12 0.000989672 -0.00904149
42.24 0.00238034 -0.00827716
42.36 0.00370281 -0.00753574
42.48 0.00495112 -0.00681904
42.6 0.00612017 -0.00612869
42.72 0.00720572 -0.0054661
42.84 0.00820438 -0.0048325
42.96 0.00911363 -0.0042289
43.08 0.00993177 -0.0036561
43.2 0.0106579 -0.00311468
43.32 0.0112918 -0.00260503
43.44 0.0118342 -0.00212733
43.56 0.0122863 -0.00168154
43.68 0.0126501 -0.00126747
43.8 0.012928 -0.000884704
43.92 0.0131231 -0.000532687
44.04 0.0132389 -0.000210692
44.16 0.0132793 8.21522e-05
44.28 0.0132486 0.00034685
44.4 0.0131515 0.000584523
44.52 0.0129927 0.000796393
44.64 0.0127772 0.00098377
44.76 0.0125102 0.00114804
44.88 0.0121968 0.00129062
45 0.0118423 0.001413
45.12 0.0114518 0.00151668
45.24 0.0110303 0.00160315
45.36 0.0105829 0.00167391
45.48 0.0101142 0.00173045
45.6 0.00962882 0.0017742
45.72 0.0091311 0.00180657
45.84 0.00862508 0.0018289
45.96 0.00811452 0.00184247
46.08 0.00760289 0.00184848
46.2 0.00709332 0.00184806
46.32 0.00658863 0.00184223
46.44 0.00609131 0.00183196
46.56 0.00560352 0.00181807
46.68 0.00512708 0.00180133
46.8 0.00466351 0.00178239
46.92 0.00421402 0.0017618
47.04 0.00377953 0.00174001
47.16 0.00336067 0.00171739
47.28 0.00295784 0.0016942
47.4 0.00257119 0.00167064
47.52 0.00220069 0.0016468
47.64 0.00184611 0.00162271
47.76 0.00150705 0.00159833
47.88 0.00118302 0.00157354
48 0.000873393 0.00154818
48.12 0.000577491 0.00152205
48.24 0.000294579 0.00149489
48.36 2.38983e-05 0.00146642
48.48 -0.000235305 0.00143633
48.6 -0.000483764 0.00140429
48.72 -0.000722164 0.00136997
48.84 -0.000951129 0.00133302
48.96 -0.0011712 0.0012931
49.08 -0.00138282 0.0012499
49.2 -0.00158634 0.0012031
49.32 -0.00178198 0.00115241
49.44 -0.00196984 0.00109756
49.56 -0.00214989 0.00103831
49.68 -0.00232197 0.000974473
49.8 -0.00248581 0.000905867
49.92 -0.00264099 0.000832363
50.04 -0.00278699 0.00075387
50.16 -0.00292315 0.000670334
50.28 -0.00304875 0.000581742
50.4 -0.00316295 0.000488122
50.52 -0.00326483 0.000389537
50.64 -0.00335343 0.000286091
50.76 -0.00342772 0.000177923
50.88 -0.00348665 6.52053e-05
51 -0.00352916 -5.18594e-05
51.12 -0.0035542 -0.000173038
51.24 -0.00356072 -0.000298074
51.36 -0.00354774 -0.000426684
51.48 -0.00351431 -0.000558569
51.6 -0.00345958 -0.000693412
51.72 -0.00338276 -0.000830881
51.84 -0.00328321 -0.000970635
51.96 -0.00316037 -0.00111233
52.08 -0.00301384 -0.0012556
52.2 -0.00284333 -0.0014001
52.32 -0.00264874 -0.00154546
52.44 -0.0024301 -0.00169134
52.56 -0.00218764 -0.00183739
52.68 -0.00192172 -0.00198325
52.8 -0.00163289 -0.00212859
52.92 -0.00132188 -0.00227308
53.04 -0.000989574 -0.0024164
53.16 -0.000637032 -0.00255822
53.28 -0.000265466 -0.00269824
53.4 0.000123755 -0.00283617
53.52 0.000529123 -0.0029717
53.64 0.000948994 -0.00310456
53.76 0.00138161 -0.00323447
53.88 0.00182509 -0.00336116
54 0.00227749 -0.00348435
54.12 0.00273676 -0.00360379
54.24 0.0032008 -0.00371921
54.36 0.00366747 -0.00383036
54.48 0.00413459 -0.00393696
54.6 0.00459999 -0.00403876
54.72 0.00506148 -0.0041355
54.84 0.00551692 -0.00422692
54.96 0.00596418 -0.00431274
55.08 0.00640121 -0.00439269
55.2 0.00682602 -0.00446651
55.32 0.00723671 -0.00453392
55.44 0.00763146 -0.00459465
55.56 0.00800859 -0.00464841
55.68 0.00836652 -0.00469493
55.8 0.00870381 -0.00473393
55.92 0.00901915 -0.00476515
56.04 0.00931138 -0.00478831
56.16 0.00957949 -0.00480317
56.28 0.00982263 -0.00480945
56.4 0.0100401 -0.00480694
56.52 0.0102314 -0.0047954
56.64 0.0103961 -0.00477464
56.76 0.0105339 -0.00474446
56.88 0.0106449 -0.00470471
57 0.0107291 -0.00465525
57.12 0.0107867 -0.00459599
57.24 0.010818 -0.00452684
57.36 0.0108236 -0.00444778
57.48 0.010804 -0.00435881
57.6 0.01076 -0.00425996
57.72 0.0106924 -0.00415132
57.84 0.010602 -0.00403303
57.96 0.0104898 -0.00390525
58.08 0.0103569 -0.0037682
58.2 0.0102044 -0.00362217
58.32 0.0100335 -0.00346745
58.44 0.00984526 -0.00330442
58.56 0.00964097 -0.00313348
58.68 0.00942185 -0.0029551
58.8 0.00918913 -0.00276977
58.92 0.00894404 -0.00257803
59.04 0.00868781 -0.00238047
59.16 0.00842163 -0.00217771
59.28 0.00814669 -0.00197039
59.4 0.00786412 -0.00175919
59.52 0.00757504 -0.00154484
59.64 0.00728051 -0.00132804
59.76 0.00698156 -0.00110954
59.88 0.00667916 -0.000890091
60 0.00637423 -0.000670456
60.12 0.00606766 -0.000451388
60.24 0.00576027 -0.000233638
60.36 0.00545282 -1.79431e-05
60.48 0.00514606 0.000194974
60.6 0.00484066 0.000404418
60.72 0.00453723 0.000609718
60.84 0.00423639 0.00081024
60.96 0.00393866 0.00100539
61.08 0.00364457 0.00119462
61.2 0.00335457 0.00137742
61.32 0.00306912 0.00155334
61.44 0.00278864 0.001722
61.56 0.0025135 0.00188305
61.68 0.00224408 0.00203624
61.8 0.00198073 0.00218134
61.92 0.00172378 0.00231822
62.04 0.00147355 0.00244682
62.16 0.00123035 0.00256711
62.28 0.000994471 0.00267916
62.4 0.000766203 0.0027831
62.52 0.000545827 0.00287912
62.64 0.000333612 0.00296748
62.76 0.000129822 0.00304848
62.88 -6.52909e-05 0.00312251
63 -0.000251484 0.00318997
63.12 -0.000428527 0.00325135
63.24 -0.000596203 0.00330716
63.36 -0.000754314 0.00335795
63.48 -0.000902679 0.00340431
63.6 -0.00104114 0.00344686
63.72 -0.00116957 0.00348624
63.84 -0.00128786 0.00352308
63.96 -0.00139594 0.00355806
64.08 -0.00149378 0.00359183
64.2 -0.00158138 0.00362506
64.32 -0.00165879 0.0036584
64.44 -0.00172611 0.00369246
64.56 -0.00178348 0.00372787
64.68 -0.00183109 0.00376521
64.8 -0.00186919 0.00380501
64.92 -0.00189808 0.0038478
65.04 -0.00191812 0.00389403
65.16 -0.00192974 0.00394412
65.28 -0.0019334 0.00399843
65.4 -0.00192963 0.00405728
65.52 -0.00191903 0.00412092
65.64 -0.00190222 0.00418953
65.76 -0.00187991 0.00426325
65.88 -0.00185283 0.00434215
66 -0.00182177 0.00442623
66.12 -0.00178755 0.00451544
66.24 -0.00175103 0.00460964
66.36 -0.00171311 0.00470867
66.48 -0.0016747 0.00481227
66.6 -0.00163672 0.00492015
66.72 -0.00160012 0.00503196
66.84 -0.00156585 0.00514729
66.96 -0.00153484 0.00526568
67.08 -0.00150803 0.00538664
67.2 -0.00148633 0.00550964
67.32 -0.00147061 0.00563409
67.44 -0.00146172 0.0057594
67.56 -0.00146048 0.00588492
67.68 -0.00146764 0.00601002
67.8 -0.00148389 0.00613401
67.92 -0.00150987 0.00625622
68.04 -0.00154614 0.00637594
68.16 -0.00159321 0.0064925
68.28 -0.00165147 0.00660518
68.4 -0.00172126 0.00671331
68.52 -0.00180282 0.00681621
68.64 -0.00189628 0.00691321
68.76 -0.0020017 0.00700366
68.88 -0.00211904 0.00708693
69 -0.00224817 0.00716241
69.12 -0.00238884 0.00722951
69.24 -0.00254074 0.00728769
69.36 -0.00270343 0.00733641
69.48 -0.00287641 0.00737518
69.6 -0.00305908 0.00740352
69.72 -0.00325077 0.007421
69.84 -0.0034507 0.00742722
69.96 -0.00365805 0.00742181
70.08 -0.00387191 0.00740443
70.2 -0.00409133 0.00737477
70.32 -0.00431528 0.00733256
70.44 -0.00454271 0.00727757
70.56 -0.0047725 0.00720957
70.68 -0.00500351 0.0071284
70.8 -0.00523458 0.0070339
70.92 -0.00546452 0.00692595
71.04 -0.00569214 0.00680446
71.16 -0.00591622 0.00666938
71.28 -0.00613557 0.00652066
71.4 -0.006349 0.00635831
71.52 -0.00655531 0.00618234
71.64 -0.00675336 0.00599282
71.76 -0.00694202 0.00578983
71.88 -0.00712016 0.00557347
72 -0.00728673 0.00534389
72.12 -0.00744068 0.00510128
72.24 -0.00758103 0.00484584
72.36 -0.00770681 0.00457781
72.48 -0.00781714 0.0042975
72.6 -0.00791113 0.00400521
72.72 -0.00798798 0.00370132
72.84 -0.00804692 0.00338623
72.96 -0.00808722 0.00306042
73.08 -0.00810821 0.00272437
73.2 -0.00810925 0.00237866
73.32 -0.00808975 0.00202389
73.44 -0.00804916 0.00166072
73.56 -0.00798696 0.00128989
73.68 -0.0079027 0.000912178
73.8 -0.00779592 0.00052842
73.92 -0.00766622 0.000139525
74.04 -0.00751324 -0.000253545
74.16 -0.00733662 -0.000649764
74.28 -0.00713606 -0.00104805
74.4 -0.00691128 -0.00144725
74.52 -0.00666202 -0.00184617
74.64 -0.00638805 -0.00224355
74.76 -0.00608917 -0.00263809
74.88 -0.00576522 -0.00302843
75 -0.00541605 -0.00341318
75.12 -0.00504158 -0.0037909
75.24 -0.00464173 -0.00416014
75.36 -0.00421647 -0.0045194
75.48 -0.00376583 -0.00486719
75.6 -0.00328987 -0.00520199
75.72 -0.00278872 -0.00552229
75.84 -0.00226255 -0.00582659
75.96 -0.00171163 -0.00611341
76.08 -0.00113626 -0.00638131
76.2 -0.000536842 -0.00662885
76.32 8.61356e-05 -0.00685469
76.44 0.000732101 -0.00705752
76.56 0.00140038 -0.00723611
76.68 0.0020902 -0.0073893
76.8 0.00280067 -0.00751604
76.92 0.00353078 -0.00761537
77.04 0.00427941 -0.00768643
77.16 0.00504531 -0.00772848
77.28 0.0058271 -0.00774094
77.4 0.00662326 -0.0077233
77.52 0.00743216 -0.00767525
77.64 0.008252 -0.00759658
77.76 0.00908089 -0.00748725
77.88 0.00991676 -0.00734735
78 0.0107575 -0.00717714
78.12 0.0116007 -0.00697702
78.24 0.012444 -0.00674755
78.36 0.0132849 -0.00648942
78.48 0.0141207 -0.00620347
78.6 0.0149488 -0.00589067
78.72 0.0157663 -0.00555214
78.84 0.0165704 -0.00518909
78.96 0.0173581 -0.00480287
79.08 0.0181265 -0.00439493
79.2 0.0188726 -0.00396677
79.32 0.0195934 -0.00352002
79.44 0.020286 -0.00305635
79.56 0.0209473 -0.00257746
79.68 0.0215745 -0.0020851
79.8 0.0221649 -0.00158105
79.92 0.0227155 -0.00106708
80.04 0.0232239 -0.000544945
80.16 0.0236874 -1.63668e-05
80.28 0.0241038 0.000516967
80.4 0.0244708 0.00105343
80.52 0.0247863 0.00159148
80.64 0.0250486 0.00212964
80.76 0.0252559 0.00266655
80.88 0.0254069 0.00320096
81 0.0255004 0.00373173
81.12 0.0255352 0.00425785
81.24 0.0255107 0.00477845
81.36 0.0254264 0.0052928
81.48 0.025282 0.0058003
81.6 0.0250774 0.00630051
81.72 0.0248128 0.00679312
81.84 0.0244887 0.00727796
81.96 0.0241056 0.007755
82.08 0.0236645 0.00822432
82.2 0.0231662 0.00868615
82.32 0.0226121 0.00914079
82.44 0.0220035 0.00958866
82.56 0.0213418 0.0100302
82.68 0.0206287 0.0104661
82.8 0.0198659 0.0108968
82.92 0.0190552 0.011323
83.04 0.0181984 0.0117454
83.16 0.0172973 0.0121645
83.28 0.0163538 0.0125809
83.4 0.0153697 0.0129953
83.52 0.0143467 0.013408
83.64 0.0132865 0.0138194
83.76 0.0121907 0.0142299
83.88 0.0110607 0.0146395
84 0.00989785 0.0150483
84.12 0.00870327 0.015456
84.24 0.00747793 0.0158625
84.36 0.0062226 0.0162671
84.48 0.00493788 0.0166691
84.6 0.00362413 0.0170678
84.72 0.00228153 0.017462
84.84 0.000910071 0.0178504
84.96 -0.000490486 0.0182316
85.08 -0.00192054 0.018604
85.2 -0.00338069 0.0189657
85.32 -0.00487165 0.0193148
85.44 -0.00639431 0.0196493
85.56 -0.00794962 0.019967
85.68 -0.00953866 0.0202656
85.8 -0.0111625 0.0205427
85.92 -0.0128223 0.0207962
86.04 -0.014519 0.0210237
86.16 -0.0162537 0.021223
86.28 -0.0180272 0.0213919
86.4 -0.0198402 0.0215284
86.52 -0.0216933 0.0216308
86.64 -0.0235865 0.0216975
86.76 -0.0255198 0.0217272
86.88 -0.0274928 0.021719
87 -0.0295044 0.0216723
87.12 -0.0315534 0.021587
87.24 -0.0336378 0.0214634
87.36 -0.0357553 0.0213024
87.48 -0.0379028 0.0211053
87.6 -0.0400766 0.0208741
87.72 -0.0422725 0.0206113
87.84 -0.0444854 0.0203204
87.96 -0.0467095 0.020005
88.08 -0.0489386 0.0196699
88.2 -0.0511654 0.0193203
88.32 -0.0533819 0.0189623
88.44 -0.0555797 0.0186024
88.56 -0.0577494 0.0182482
88.68 -0.0598809 0.0179076
88.8 -0.0619636 0.0175895
88.92 -0.0639862 0.0173031
89.04 -0.0659369 0.0170583
89.16 -0.0678033 0.0168656
89.28 -0.0695726 0.016736
89.4 -0.0712316 0.0166808
89.52 -0.0727669 0.0167117
89.64 -0.0741646 0.0168407
89.76 -0.0754112 0.0170798
89.88 -0.0764926 0.0174415
90 -0.0773951 0.0179378
90.12 -0.0781052 0.018581
90.24 -0.0786097 0.0193829
90.36 -0.0788955 0.0203552
90.48 -0.0789506 0.021509
90.6 -0.078763 0.022855
90.72 -0.078322 0.0244032
90.84 -0.0776175 0.0261626
90.96 -0.0766404 0.0281416
91.08 -0.0753829 0.0303476
91.2 -0.0738381 0.0327865
91.32 -0.0720007 0.0354635
91.44 -0.0698666 0.0383822
91.56 -0.0674332 0.0415447
91.68 -0.0646995 0.0449518
91.8 -0.0616663 0.0486026
91.92 -0.0583357 0.0524946
92.04 -0.0547119 0.0566236
92.16 -0.0508007 0.0609836
92.28 -0.0466096 0.0655668
92.4 -0.042148 0.0703636
92.52 -0.0374271 0.0753626
92.64 -0.0324599 0.0805506
92.76 -0.027261 0.0859123
92.88 -0.0218467 0.091431
93 -0.0162351 0.0970881
93.12 -0.0104457 0.102863
93.24 -0.00449951 0.108735
93.36 0.00158113 0.114679
93.48 0.00777259 0.12067
93.6 0.0140501 0.126684
93.72 0.0203881 0.132692
93.84 0.0267598 0.138666
93.96 0.033138 0.144576
94.08 0.0394951 0.150393
94.2 0.0458028 0.156085
94.32 0.0520329 0.161623
94.44 0.0581571 0.166974
94.56 0.0641473 0.172108
94.68 0.0699757 0.176994
94.8 0.0756152 0.1816
94.92 0.0810394 0.185896
95.04 0.0862226 0.189855
95.16 0.0911406 0.193446
95.28 0.09577 0.196643
95.4 0.100089 0.199421
95.52 0.104078 0.201754
95.64 0.107717 0.203622
95.76 0.110992 0.205002
95.88 0.113885 0.205877
96 0.116386 0.206231
96.12 0.118483 0.20605
96.24 0.120169 0.205321
96.36 0.121436 0.204038
96.48 0.122282 0.202193
96.6 0.122705 0.199783
96.72 0.122706 0.196808
96.84 0.122288 0.19327
96.96 0.121457 0.189174
97.08 0.12022 0.184529
97.2 0.118588 0.179346
97.32 0.116572 0.173638
97.44 0.114187 0.167422
97.56 0.111449 0.160717
97.68 0.108374 0.153546
97.8 0.104983 0.145933
97.92 0.101296 0.137904
98.04 0.0973357 0.129489
98.16 0.0931249 0.120718
98.28 0.088688 0.111625
98.4 0.0840499 0.102244
98.52 0.0792362 0.0926118
98.64 0.0742729 0.0827655
98.76 0.0691864 0.0727439
98.88 0.0640029 0.0625863
99 0.0587485 0.0523328
99.12 0.0534491 0.0420239
99.24 0.0481298 0.0317003
99.36 0.0428155 0.0214025
99.48 0.0375298 0.0111708
99.6 0.0322955 0.0010449
99.72 0.0271345 -0.00893619
99.84 0.022067 -0.0187345
99.96 0.0171122 -0.0283132
100.08 0.0122878 -0.0376369
100.2 0.00760988 -0.0466719
100.32 0.00309288 -0.055386
100.44 -0.00125029 -0.0637493
100.56 -0.00540847 -0.0717337
100.68 -0.00937217 -0.0793134
100.8 -0.0131336 -0.0864651
100.92 -0.0166867 -0.0931679
101.04 -0.020027 -0.0994033
101.16 -0.0231516 -0.105156
101.28 -0.0260592 -0.110412
101.4 -0.0287499 -0.115161
101.52 -0.0312253 -0.119397
101.64 -0.033488 -0.123113
101.76 -0.035542 -0.126308
101.88 -0.0373923 -0.128982
102 -0.0390447 -0.131139
102.12 -0.0405057 -0.132783
102.24 -0.0417826 -0.133924
102.36 -0.0428831 -0.134571
102.48 -0.0438153 -0.134737
102.6 -0.0445874 -0.134438
102.72 -0.0452075 -0.13369
102.84 -0.045684 -0.132511
102.96 -0.0460248 -0.130923
103.08 -0.0462374 -0.128948
103.2 -0.046329 -0.126608
103.32 -0.0463062 -0.123928
103.44 -0.0461747 -0.120935
103.56 -0.0459398 -0.117654
103.68 -0.0456055 -0.114112
103.8 -0.0451753 -0.110338
103.92 -0.0446516 -0.10636
104.04 -0.0440358 -0.102205
104.16 -0.0433282 -0.0979013
104.28 -0.0425283 -0.0934778
104.4 -0.0416345 -0.0889619
104.52 -0.0406443 -0.0843807
104.64 -0.0395543 -0.079761
104.76 -0.0383601 -0.0751287
104.88 -0.0370568 -0.0705089
105 -0.0356386 -0.0659256
105.12 -0.0340991 -0.0614021
105.24 -0.0324316 -0.0569601
105.36 -0.0306289 -0.0526204
105.48 -0.0286836 -0.0484023
105.6 -0.0265882 -0.044324
105.72 -0.0243354 -0.0404021
105.84 -0.0219179 -0.0366517
105.96 -0.0193288 -0.0330867
106.08 -0.0165617 -0.0297192
106.2 -0.0136109 -0.0265602
106.32 -0.0104713 -0.0236189
106.44 -0.00713884 -0.0209032
106.56 -0.00361056 -0.0184194
106.68 0.00011542 -0.0161726
106.8 0.00403969 -0.0141662
106.92 0.00816145 -0.0124026
107.04 0.0124784 -0.0108826
107.16 0.0169868 -0.00960578
107.28 0.021681 -0.00857066
107.4 0.0265542 -0.00777446
107.52 0.0315974 -0.00721331
107.64 0.0368002 -0.00688231
107.76 0.0421505 -0.00677556
107.88 0.0476345 -0.00688623
108 0.0532367 -0.00720659
108.12 0.0589402 -0.00772812
108.24 0.0647264 -0.00844152
108.36 0.0705757 -0.00933679
108.48 0.0764669 -0.0104033
108.6 0.0823777 -0.0116298
108.72 0.0882851 -0.0130045
108.84 0.0941648 -0.014515
108.96 0.0999923 -0.0161488
109.08 0.105742 -0.0178925
109.2 0.111389 -0.0197328
109.32 0.116908 -0.0216558
109.44 0.122273 -0.0236474
109.56 0.127458 -0.0256932
109.68 0.132441 -0.0277788
109.8 0.137195 -0.0298895
109.92 0.141699 -0.0320104
110.04 0.145931 -0.0341267
110.16 0.14987 -0.0362234
110.28 0.153498 -0.0382855
110.4 0.156797 -0.0402982
110.52 0.159751 -0.0422467
110.64 0.162349 -0.0441161
110.76 0.164578 -0.0458919
110.88 0.166429 -0.0475597
111 0.167897 -0.0491055
111.12 0.168976 -0.0505155
111.24 0.169667 -0.0517761
111.36 0.169969 -0.0528744
111.48 0.169886 -0.0537977
111.6 0.169425 -0.0545341
111.72 0.168594 -0.0550719
111.84 0.167405 -0.0554005
111.96 0.165871 -0.0555098
112.08 0.164009 -0.0553903
112.2 0.161836 -0.0550336
112.32 0.159374 -0.0544321
112.44 0.156645 -0.0535792
112.56 0.153672 -0.0524693
112.68 0.150483 -0.051098
112.8 0.147103 -0.0494618
112.92 0.143561 -0.0475587
113.04 0.139886 -0.0453879
113.16 0.136109 -0.0429497
113.28 0.13226 -0.0402461
113.4 0.12837 -0.0372802
113.52 0.124469 -0.0340566
113.64 0.120588 -0.0305816
113.76 0.116756 -0.0268627
113.88 0.113002 -0.0229089
114 0.109356 -0.0187307
114.12 0.105843 -0.0143402
114.24 0.102488 -0.00975086
114.36 0.0993156 -0.0049775
114.48 0.096347 -3.64096e-05
114.6 0.0936018 0.00505481
114.72 0.0910972 0.0102773
114.84 0.0888482 0.0156109
114.96 0.0868671 0.0210345
115.08 0.0851637 0.0265259
115.2 0.0837448 0.0320618
115.32 0.0826148 0.0376184
115.44 0.081775 0.0431708
115.56 0.0812239 0.0486938
115.68 0.0809575 0.0541618
115.8 0.0809685 0.0595488
115.92 0.0812472 0.0648285
116.04 0.0817814 0.0699749
116.16 0.082556 0.0749619
116.28 0.0835538 0.079764
116.4 0.0847553 0.0843559
116.52 0.0861388 0.0887132
116.64 0.0876809 0.0928121
116.76 0.0893563 0.0966298
116.88 0.0911386 0.100145
117 0.0929997 0.103337
117.12 0.094911 0.106187
117.24 0.0968428 0.108677
117.36 0.0987652 0.110793
117.48 0.100648 0.112519
117.6 0.102461 0.113845
117.72 0.104174 0.114761
117.84 0.105759 0.115258
117.96 0.107186 0.115331
118.08 0.108429 0.114977
118.2 0.109462 0.114194
118.32 0.11026 0.112985
118.44 0.110801 0.111353
118.56 0.111064 0.109304
118.68 0.111031 0.106847
118.8 0.110687 0.103991
118.92 0.110017 0.100751
119.04 0.109011 0.0971409
119.16 0.107661 0.0931786
119.28 0.105962 0.0888834
119.4 0.103911 0.0842763
119.52 0.101509 0.0793806
119.64 0.0987604 0.0742209
119.76 0.0956708 0.0688235
119.88 0.09225 0.0632158
120 0.0885103 0.0574267
