-0.999 -4.90876e-05 -3.66252e-05
-0.998 -0.000203247 -0.000147506
-0.997 -0.000425195 -0.000332877
-0.996 -0.000647097 -0.000587029
-0.995 -0.000836452 -0.000890949
-0.994 -0.00104963 -0.00120733
-0.993 -0.00142583 -0.00148226
-0.992 -0.00210688 -0.00165658
-0.991 -0.00311741 -0.00168705
-0.99 -0.00427175 -0.00156997
-0.989 -0.00517137 -0.00135382
-0.988 -0.00532462 -0.00113294
-0.987 -0.00437028 -0.0010286
-0.986 -0.00232466 -0.00117116
-0.985 0.00027348 -0.00168847
-0.984 0.00242793 -0.00269481
-0.983 0.0029744 -0.0042776
-0.982 0.000996366 -0.0064892
-0.981 -0.00379352 -0.00934852
-0.98 -0.0108582 -0.0128405
-0.979 -0.0189233 -0.0168975
-0.978 -0.0263605 -0.0213688
-0.977 -0.0317696 -0.0260084
-0.976 -0.0345328 -0.0305028
-0.975 -0.0350791 -0.0345232
-0.974 -0.0347141 -0.0377689
-0.973 -0.0350674 -0.0399842
-0.972 -0.0373616 -0.0409618
-0.971 -0.0417697 -0.0405469
-0.97 -0.0471124 -0.0386406
-0.969 -0.0510614 -0.0351972
-0.968 -0.0508554 -0.0302348
-0.967 -0.044316 -0.0238894
-0.966 -0.0307728 -0.0165084
-0.965 -0.0115419 -0.00872377
-0.964 0.0102092 -0.00143757
-0.963 0.0301921 0.004306
-0.962 0.0441622 0.00753231
-0.961 0.0491897 0.00757552
-0.96 0.0445897 0.0042819
-0.959 0.0321306 -0.00189634
-0.958 0.0154407 -0.00998796
-0.957 -0.00113292 -0.0187863
-0.956 -0.0138149 -0.0272399
-0.955 -0.0205493 -0.0347849
-0.954 -0.0217715 -0.0414852
-0.953 -0.0204761 -0.0479359
-0.952 -0.021321 -0.0549674
-0.951 -0.028964 -0.0632266
-0.95 -0.0463067 -0.0727638
-0.949 -0.0733501 -0.082809
-0.948 -0.106958 -0.0919113
-0.947 -0.141439 -0.0984768
-0.946 -0.169836 -0.101499
-0.945 -0.185931 -0.101143
-0.944 -0.186585 -0.0989111
-0.943 -0.173414 -0.0973363
-0.942 -0.152743 -0.0992604
-0.941 -0.133644 -0.106882
-0.94 -0.124853 -0.120812
-0.939 -0.131704 -0.139484
-0.938 -0.153865 -0.159258
-0.937 -0.184456 -0.175369
-0.936 -0.211158 -0.183416
-0.935 -0.219702 -0.180778
-0.934 -0.199002 -0.167435
-0.933 -0.14589 -0.145924
-0.932 -0.0672498 -0.120532
-0.931 0.0213898 -0.0959536
-0.93 0.100229 -0.0758107
-0.929 0.151112 -0.0614814
-0.928 0.163379 -0.0517662
-0.927 0.137819 -0.0437111
-0.926 0.0869043 -0.0343273
-0.925 0.0304537 -0.0224399
-0.924 -0.0120268 -0.0098327
-0.923 -0.0291969 -0.00119715
-0.922 -0.0226418 -0.00291219
-0.921 -0.00676439 -0.0210675
-0.92 -0.00387696 -0.0592638
-0.919 -0.0358835 -0.116789
-0.918 -0.115017 -0.187898
-0.917 -0.237017 -0.262743
-0.916 -0.379997 -0.329839
-0.915 -0.510213 -0.379234
-0.914 -0.592838 -0.405173
-0.913 -0.60358 -0.407333
-0.912 -0.536943 -0.390334
-0.911 -0.408551 -0.361815
-0.91 -0.250777 -0.329673
-0.909 -0.102652 -0.299283
-0.908 0.0030082 -0.271765
-0.907 0.0506068 -0.244131
-0.906 0.0463437 -0.211351
-0.905 0.0143816 -0.169416
-0.904 -0.0136308 -0.118055
-0.903 -0.0112448 -0.0619758
-0.902 0.0325611 -0.0101998
-0.901 0.108825 0.0262965
-0.9 0.191131 0.0379804
-0.899 0.24475 0.0201432
-0.898 0.239613 -0.0250496
-0.897 0.162442 -0.0887705
-0.896 0.02314 -0.157965
-0.895 -0.147298 -0.219042
-0.894 -0.306479 -0.261482
-0.893 -0.413897 -0.280272
-0.892 -0.443039 -0.276631
-0.891 -0.388752 -0.256915
-0.89 -0.26816 -0.230004
-0.889 -0.115151 -0.204069
-0.888 0.029872 -0.184096
-0.887 0.131926 -0.171198
-0.886 0.171152 -0.163722
-0.885 0.146879 -0.159234
-0.884 0.0750568 -0.15632
-0.883 -0.0189905 -0.155687
-0.882 -0.109232 -0.16047
-0.881 -0.176366 -0.175691
-0.88 -0.212727 -0.206746
-0.879 -0.2242 -0.257301
-0.878 -0.228658 -0.327556
-0.877 -0.250508 -0.413752
-0.876 -0.312424 -0.50893
-0.875 -0.42706 -0.604134
-0.874 -0.591445 -0.689428
-0.873 -0.785232 -0.754872
-0.872 -0.973016 -0.791919
-0.871 -1.11092 -0.795157
-0.87 -1.15736 -0.763623
-0.869 -1.08635 -0.701046
-0.868 -0.898854 -0.615094
-0.867 -0.626828 -0.516165
-0.866 -0.327077 -0.415896
-0.865 -0.0662933 -0.325099
-0.864 0.0985265 -0.251176
-0.863 0.138898 -0.195995
-0.862 0.0667574 -0.155669
-0.861 -0.0661456 -0.122763
-0.86 -0.183847 -0.0899969
-0.859 -0.213248 -0.0537262
-0.858 -0.112897 -0.0158922
-0.857 0.108188 0.0159506
-0.856 0.389194 0.0305248
-0.855 0.634722 0.0165918
-0.854 0.746118 -0.0321045
-0.853 0.657805 -0.112605
-0.852 0.365823 -0.211668
-0.851 -0.0640827 -0.30922
-0.85 -0.515082 -0.385324
-0.849 -0.859468 -0.42773
-0.848 -1.00507 -0.437007
-0.847 -0.930094 -0.427554
-0.846 -0.694013 -0.424034
-0.845 -0.420463 -0.453675
-0.844 -0.255551 -0.536239
-0.843 -0.313611 -0.675104
-0.842 -0.629633 -0.853521
-0.841 -1.13857 -1.03843
-0.84 -1.69257 -1.19066
-0.839 -2.1107 -1.27743
-0.838 -2.24194 -1.28235
-0.837 -2.01814 -1.20978
-0.836 -1.48003 -1.08224
-0.835 -0.767065 -0.931339
-0.834 -0.0722957 -0.785172
-0.833 0.424749 -0.656973
-0.832 0.622892 -0.540165
-0.831 0.535397 -0.412373
-0.83 0.281846 -0.246786
-0.829 0.0397273 -0.0260045
-0.828 -0.0242339 0.246988
-0.827 0.181771 0.544605
-0.826 0.635889 0.818961
-0.825 1.20314 1.01411
-0.824 1.67829 1.08262
-0.823 1.85848 1.00054
-0.822 1.61849 0.774674
-0.821 0.958634 0.439436
-0.82 0.00690947 0.0452906
-0.819 -1.02301 -0.356381
-0.818 -1.90032 -0.726703
-0.817 -2.44935 -1.04715
-0.816 -2.60373 -1.31963
-0.815 -2.42396 -1.55862
-0.814 -2.07006 -1.77836
-0.813 -1.73825 -1.98094
-0.812 -1.58716 -2.15095
-0.811 -1.6832 -2.25899
-0.81 -1.9832 -2.27159
-0.809 -2.35562 -2.16319
-0.808 -2.62895 -1.92587
-0.807 -2.65227 -1.57442
-0.806 -2.35035 -1.14527
-0.805 -1.75368 -0.688794
-0.804 -0.990503 -0.25694
-0.803 -0.243651 0.108705
-0.802 0.308655 0.383597
-0.801 0.545159 0.560006
-0.8 0.432028 0.642312
-0.799 0.0277669 0.641424
-0.798 -0.535665 0.570416
-0.797 -1.0921 0.441588
-0.796 -1.49138 0.264971
-0.795 -1.64345 0.0489411
-0.794 -1.54031 -0.197426
-0.793 -1.25131 -0.46267
-0.792 -0.898368 -0.733968
-0.791 -0.62083 -0.999929
-0.79 -0.536844 -1.25219
-0.789 -0.707083 -1.48381
-0.788 -1.11128 -1.68555
-0.787 -1.64967 -1.84294
-0.786 -2.17183 -1.93681
-0.785 -2.52201 -1.94702
-0.784 -2.58565 -1.8587
-0.783 -2.32593 -1.67018
-0.782 -1.80266 -1.39979
-0.781 -1.16561 -1.08745
-0.78 -0.616395 -0.787472
-0.779 -0.344986 -0.553719
-0.778 -0.463003 -0.422415
-0.777 -0.961852 -0.400047
-0.776 -1.71098 -0.461422
-0.775 -2.49414 -0.558812
-0.774 -3.07278 -0.639885
-0.773 -3.26264 -0.669328
-0.772 -3.00265 -0.645951
-0.771 -2.38895 -0.606635
-0.77 -1.65225 -0.613338
-0.769 -1.07983 -0.72729
-0.768 -0.912305 -0.980737
-0.767 -1.25611 -1.35784
-0.766 -2.0405 -1.79214
-0.765 -3.02962 -2.1821
-0.764 -3.88843 -2.4211
-0.763 -4.28967 -2.43317
-0.762 -4.03089 -2.20121
-0.761 -3.11649 -1.77504
-0.76 -1.76676 -1.2543
-0.759 -0.346189 -0.752988
-0.758 0.759295 -0.359818
-0.757 1.26939 -0.109297
-0.756 1.10041 0.0267454
-0.755 0.393736 0.12427
-0.754 -0.531235 0.272347
-0.753 -1.29169 0.529913
-0.752 -1.5865 0.891581
-0.751 -1.3158 1.27865
-0.75 -0.625569 1.56062
-0.749 0.140185 1.5987
-0.748 0.558696 1.29457
-0.747 0.275687 0.627247
-0.746 -0.866163 -0.333848
-0.745 -2.75864 -1.44488
-0.744 -5.04716 -2.5297
-0.743 -7.23735 -3.43425
-0.742 -8.853 -4.07182
-0.741 -9.58675 -4.44039
-0.74 -9.38965 -4.60724
-0.739 -8.47224 -4.6701
-0.738 -7.22294 -4.71144
-0.737 -6.07292 -4.76179
-0.736 -5.34951 -4.78416
-0.735 -5.16652 -4.68664
-0.734 -5.39263 -4.36117
-0.733 -5.71045 -3.73374
-0.732 -5.74147 -2.80343
-0.731 -5.18842 -1.65354
-0.73 -3.94597 -0.432114
-0.729 -2.1474 0.687745
-0.728 -0.135757 1.55293
-0.727 1.63294 2.06792
-0.726 2.72801 2.21422
-0.725 2.87898 2.04482
-0.724 2.05904 1.65502
-0.723 0.488897 1.14239
-0.722 -1.4348 0.574335
-0.721 -3.25869 -0.0241057
-0.72 -4.60298 -0.661702
-0.719 -5.26763 -1.36034
-0.718 -5.28552 -2.13248
-0.717 -4.90366 -2.96402
-0.716 -4.49457 -3.80784
-0.715 -4.42595 -4.59078
-0.714 -4.93312 -5.23174
-0.713 -6.03623 -5.66269
-0.712 -7.5261 -5.84288
-0.711 -9.02173 -5.76184
-0.71 -10.0832 -5.43367
-0.709 -10.3485 -4.88889
-0.708 -9.65481 -4.16843
-0.707 -8.10273 -3.32125
-0.706 -6.04058 -2.40447
-0.705 -3.96687 -1.48364
-0.704 -2.37968 -0.629123
-0.703 -1.62038 0.093765
-0.702 -1.76379 0.639016
-0.701 -2.59267 0.992117
-0.7 -3.66649 1.17295
-0.699 -4.46449 1.22626
-0.698 -4.56119 1.20215
-0.697 -3.78115 1.13286
-0.696 -2.27961 1.01418
-0.695 -0.512871 0.800471
-0.694 0.901838 0.419544
-0.693 1.39334 -0.194572
-0.692 0.636699 -1.06269
-0.691 -1.32428 -2.13307
-0.69 -4.07261 -3.27937
-0.689 -6.93357 -4.32763
-0.688 -9.17983 -5.10396
-0.687 -10.2672 -5.48783
-0.686 -10.0225 -5.45233
-0.685 -8.70855 -5.07539
-0.684 -6.9353 -4.51459
-0.683 -5.44456 -3.95188
-0.682 -4.85011 -3.52768
-0.681 -5.42325 -3.29024
-0.68 -6.99334 -3.18107
-0.679 -8.9968 -3.06443
-0.678 -10.6676 -2.79134
-0.677 -11.3136 -2.27341
-0.676 -10.5807 -1.53611
-0.675 -8.60319 -0.72893
-0.674 -5.97799 -0.0872913
-0.673 -3.57512 0.141363
-0.672 -2.25198 -0.21724
-0.671 -2.56591 -1.19618
-0.67 -4.57497 -2.66235
-0.669 -7.79704 -4.34887
-0.668 -11.3533 -5.93725
-0.667 -14.2547 -7.15778
-0.666 -15.7277 -7.8669
-0.665 -15.4593 -8.07375
-0.664 -13.6797 -7.9118
-0.663 -11.0636 -7.57155
-0.662 -8.4926 -7.21875
-0.661 -6.74924 -6.92424
-0.66 -6.24186 -6.63149
-0.659 -6.86002 -6.1796
-0.658 -8.02328 -5.37695
-0.657 -8.90774 -4.09417
-0.656 -8.75977 -2.33528
-0.655 -7.17847 -0.258756
-0.654 -4.27427 1.85498
-0.653 -0.661001 3.67505
-0.652 2.71638 4.90764
-0.651 4.87449 5.37439
-0.65 5.11465 5.05598
-0.649 3.25906 4.08414
-0.648 -0.291084 2.68557
-0.647 -4.69198 1.10254
-0.646 -8.92823 -0.47813
-0.645 -12.1204 -1.96416
-0.644 -13.7764 -3.35639
-0.643 -13.9176 -4.7127
-0.642 -13.0409 -6.09299
-0.641 -11.9209 -7.50731
-0.64 -11.318 -8.88813
-0.639 -11.6998 -10.097
-0.638 -13.0786 -10.9596
-0.637 -15.0127 -11.3141
-0.636 -16.7584 -11.0568
-0.635 -17.52 -10.1748
-0.634 -16.7208 -8.75319
-0.633 -14.2141 -6.95652
-0.632 -10.36 -4.98794
-0.631 -5.93359 -3.04521
-0.63 -1.89505 -1.28952
-0.629 0.898142 0.168432
-0.628 1.9445 1.27189
-0.627 1.24253 2.0165
-0.626 -0.716283 2.44115
-0.625 -3.10752 2.60802
-0.624 -5.04257 2.57703
-0.623 -5.86054 2.38599
-0.622 -5.34415 2.04227
-0.621 -3.78848 1.5229
-0.62 -1.90531 0.779103
-0.619 -0.594909 -0.250465
-0.618 -0.651037 -1.61185
-0.617 -2.4877 -3.29854
-0.616 -5.98051 -5.22343
-0.615 -10.4848 -7.21805
-0.614 -15.0299 -9.06333
-0.613 -18.6214 -10.5412
-0.612 -20.5486 -11.4909
-0.611 -20.6038 -11.8541
-0.61 -19.1444 -11.6935
-0.609 -16.9743 -11.173
-0.608 -15.0659 -10.4995
-0.607 -14.2142 -9.84542
-0.606 -14.745 -9.28213
-0.605 -16.3894 -8.75101
-0.604 -18.3631 -8.08605
-0.603 -19.6217 -7.08293
-0.602 -19.2114 -5.59409
-0.601 -16.6122 -3.61497
-0.6 -11.9638 -1.3238
-0.599 -6.0795 0.946383
-0.598 -0.225681 2.79622
-0.597 4.26289 3.877
-0.596 6.39372 3.99606
-0.595 5.81667 3.17748
-0.594 2.92458 1.65766
-0.593 -1.27309 -0.188312
-0.592 -5.47438 -1.97034
-0.591 -8.51617 -3.41183
-0.59 -9.76529 -4.42931
-0.589 -9.31726 -5.13052
-0.588 -7.92538 -5.73721
-0.587 -6.69637 -6.46907
-0.586 -6.6698 -7.43414
-0.585 -8.42139 -8.56186
-0.584 -11.8146 -9.60155
-0.583 -15.9891 -10.1936
-0.582 -19.614 -9.99743
-0.581 -21.3395 -8.83089
-0.58 -20.2834 -6.76299
-0.579 -16.3643 -4.11882
-0.578 -10.3626 -1.39508
-0.577 -3.70392 0.878891
-0.576 1.95916 2.28418
-0.575 5.24139 2.61637
-0.574 5.45015 1.92355
-0.573 2.79636 0.468088
-0.572 -1.69805 -1.37657
-0.571 -6.57117 -3.25825
-0.57 -10.4259 -4.95664
-0.569 -12.3775 -6.42872
-0.568 -12.3024 -7.77513
-0.567 -10.8304 -9.14906
-0.566 -9.09078 -10.6503
-0.565 -8.28261 -12.246
-0.564 -9.20614 -13.7445
-0.563 -11.9279 -14.8306
-0.562 -15.7174 -15.1524
-0.561 -19.2817 -14.4325
-0.56 -21.1965 -12.5667
-0.559 -20.3771 -9.6731
-0.558 -16.4477 -6.07484
-0.557 -9.91166 -2.22403
-0.556 -2.06034 1.40176
-0.555 5.37863 4.39737
-0.554 10.753 6.49705
-0.553 12.9787 7.59957
-0.552 11.8375 7.75218
-0.551 7.99151 7.10353
-0.55 2.74011 5.84314
-0.549 -2.39005 4.14778
-0.548 -6.11179 2.14869
-0.547 -7.77723 -0.0771424
-0.546 -7.57499 -2.49512
-0.545 -6.43519 -5.08671
-0.544 -5.66619 -7.81617
-0.543 -6.46243 -10.5999
-0.542 -9.46492 -13.2896
-0.541 -14.5117 -15.6763
-0.54 -20.6366 -17.515
-0.539 -26.3155 -18.565
-0.538 -29.9147 -18.6423
-0.537 -30.2245 -17.6789
-0.536 -26.8964 -15.7708
-0.535 -20.6125 -13.1875
-0.534 -12.9122 -10.3279
-0.533 -5.74035 -7.63056
-0.532 -0.866878 -5.46695
-0.531 0.651521 -4.05099
-0.53 -1.18276 -3.38472
-0.529 -5.2706 -3.25612
-0.528 -9.73671 -3.30309
-0.527 -12.5376 -3.13993
-0.526 -12.1591 -2.50677
-0.525 -8.15323 -1.37787
-0.524 -1.32349 0.0214482
-0.523 6.50341 1.29445
-0.522 13.0459 2.01264
-0.521 16.3079 1.86636
-0.52 15.2658 0.78504
-0.519 10.2651 -1.01167
-0.518 2.95759 -3.06548
-0.517 -4.23627 -4.8354
-0.516 -8.96637 -5.90599
-0.515 -9.79343 -6.15872
-0.514 -6.72956 -5.82973
-0.513 -1.28475 -5.43215
-0.512 4.01114 -5.57575
-0.511 6.47424 -6.74346
-0.51 4.24506 -9.09158
-0.509 -2.96296 -12.3436
-0.508 -13.6379 -15.832
-0.507 -24.8833 -18.6919
-0.506 -33.3452 -20.1413
-0.505 -36.3298 -19.7399
-0.504 -32.722 -17.531
-0.503 -23.3903 -14.02
-0.502 -10.932 -10.0045
-0.501 1.17343 -6.31123
-0.5 9.73303 -3.52443
-0.499 12.9247 -1.80427
-0.498 10.899 -0.870916
-0.497 5.66582 -0.162698
-0.496 0.310546 0.898153
-0.495 -2.16955 2.64057
-0.494 0.00941208 4.97912
-0.493 6.71948 7.40387
-0.492 15.8969 9.13152
-0.491 24.2224 9.37464
-0.49 28.2896 7.63896
-0.489 25.8525 3.93415
-0.488 16.687 -1.19034
-0.487 2.74218 -6.79814
-0.486 -12.4652 -11.8429
-0.485 -24.985 -15.4669
-0.484 -31.703 -17.2286
-0.483 -31.3275 -17.1962
-0.482 -24.7687 -15.8806
-0.481 -14.7763 -14.0261
-0.48 -4.95344 -12.3318
-0.479 1.50127 -11.2148
-0.478 2.86155 -10.7071
-0.477 -0.627825 -10.5143
-0.476 -6.962 -10.1891
-0.475 -13.1778 -9.34232
-0.474 -16.4473 -7.82011
-0.473 -15.0924 -5.79407
-0.472 -9.18182 -3.73263
-0.471 -0.506771 -2.25441
-0.47 8.05448 -1.91327
-0.469 13.5445 -3.0021
-0.468 13.9321 -5.45422
-0.467 8.76595 -8.86864
-0.466 -0.711513 -12.6289
-0.465 -11.9795 -16.0627
-0.464 -22.022 -18.596
-0.463 -28.2273 -19.869
-0.462 -29.1275 -19.7859
-0.461 -24.7568 -18.4924
-0.46 -16.5347 -16.2943
-0.459 -6.75146 -13.5594
-0.458 2.14373 -10.6399
-0.457 8.2225 -7.82774
-0.456 10.5528 -5.33114
-0.455 9.37706 -3.26102
-0.454 5.96868 -1.62636
-0.453 2.21047 -0.348176
-0.452 0.0117415 0.702392
-0.451 0.727335 1.64559
-0.45 4.73726 2.52816
-0.449 11.2934 3.27245
-0.448 18.6714 3.66136
-0.447 24.605 3.37867
-0.446 26.9215 2.10988
-0.445 24.227 -0.318402
-0.444 16.4382 -3.80947
-0.443 4.96258 -7.93635
-0.442 -7.57682 -11.9942
-0.441 -18.036 -15.1702
-0.44 -23.6871 -16.7861
-0.439 -23.115 -16.5318
-0.438 -16.7716 -14.6035
-0.437 -6.96515 -11.6841
-0.436 2.77711 -8.75326
-0.435 8.81996 -6.77595
-0.434 8.66388 -6.3704
-0.433 1.89674 -7.57708
-0.432 -9.51018 -9.82413
-0.431 -21.7294 -12.1172
-0.43 -30.3074 -13.3951
-0.429 -31.7006 -12.9271
-0.428 -24.5843 -10.6085
-0.427 -10.4535 -7.03751
-0.426 6.73429 -3.33097
-0.425 21.8041 -0.73074
-0.424 30.1083 -0.139455
-0.423 29.1855 -1.76015
-0.422 19.7249 -4.98285
-0.421 5.43381 -8.57021
-0.42 -8.2046 -11.0839
-0.419 -15.8688 -11.4078
-0.418 -14.3427 -9.18369
-0.417 -3.76507 -4.99537
-0.416 12.2785 -0.215232
-0.415 27.8896 3.44793
-0.414 36.8649 4.5409
-0.413 34.9052 2.38001
-0.412 21.236 -2.701
-0.411 -0.981473 -9.45499
-0.41 -25.6379 -16.1389
-0.409 -45.7243 -21.1037
-0.408 -55.7138 -23.3562
-0.407 -53.4332 -22.8872
-0.406 -40.7706 -20.6365
-0.405 -22.9719 -18.1016
-0.404 -6.76411 -16.744
-0.403 2.04066 -17.4256
-0.402 0.60523 -20.0815
-0.401 -9.95272 -23.7348
-0.4 -25.0028 -26.8377
-0.399 -38.0888 -27.8231
-0.398 -43.2472 -25.6784
-0.397 -37.1397 -20.3359
-0.396 -20.2584 -12.726
-0.395 3.20733 -4.47447
-0.394 26.7849 2.63408
-0.393 43.8937 7.21821
-0.392 50.0054 8.69368
-0.391 44.054 7.38785
-0.39 28.6634 4.35989
-0.389 9.1731 0.996038
-0.388 -8.18032 -1.48286
-0.387 -18.3151 -2.4277
-0.386 -18.9046 -1.93538
-0.385 -10.9977 -0.741834
-0.384 1.51726 0.0997847
-0.383 13.3515 -0.381528
-0.382 19.6116 -2.7353
-0.381 17.3576 -6.90341
-0.38 6.48708 -12.2277
-0.379 -10.2644 -17.6437
-0.378 -28.187 -21.9978
-0.377 -42.0748 -24.3822
-0.376 -47.8584 -24.376
-0.375 -43.8569 -22.128
-0.374 -31.2457 -18.2818
-0.373 -13.6468 -13.7851
-0.372 3.96544 -9.63936
-0.371 16.6957 -6.64539
-0.37 21.1306 -5.20831
-0.369 16.3567 -5.25716
-0.368 4.28074 -6.3019
-0.367 -10.9144 -7.6046
-0.366 -24.0661 -8.41176
-0.365 -30.6761 -8.19053
-0.364 -28.3639 -6.815
-0.363 -17.6738 -4.6474
-0.362 -2.00213 -2.46809
-0.361 13.3534 -1.25124
-0.36 22.8025 -1.8471
-0.359 22.2992 -4.6758
-0.358 10.8252 -9.53364
-0.357 -9.03539 -15.5766
-0.356 -31.7222 -21.4998
-0.355 -50.3863 -25.8852
-0.354 -59.1046 -27.6301
-0.353 -54.8851 -26.3182
-0.352 -38.7846 -22.3837
-0.351 -15.721 -16.9892
-0.35 7.02864 -11.6509
-0.349 22.2077 -7.74347
-0.348 25.0612 -6.05311
-0.347 15.0472 -6.52124
-0.346 -3.87401 -8.27149
-0.345 -24.5448 -9.93232
-0.344 -39.1113 -10.168
-0.343 -41.8633 -8.23198
-0.342 -31.3901 -4.32163
-0.341 -11.2343 0.422193
-0.34 11.2372 4.27648
-0.339 27.3637 5.52159
-0.338 30.2354 3.04212
-0.337 17.1898 -3.25538
-0.336 -9.11462 -12.3472
-0.335 -41.4578 -22.3668
-0.334 -70.4422 -31.1773
-0.333 -87.7037 -37.0525
-0.332 -88.7859 -39.2115
-0.331 -74.5959 -38.0019
-0.33 -50.9133 -34.6767
-0.329 -26.2054 -30.8755
-0.328 -8.61244 -28.0195
-0.327 -3.18141 -26.8255
-0.326 -10.2514 -27.0895
-0.325 -25.4912 -27.8013
-0.324 -41.5711 -27.5548
-0.323 -50.8967 -25.1093
-0.322 -48.4045 -19.888
-0.321 -33.3536 -12.2188
-0.32 -9.47493 -3.24102
-0.319 16.4622 5.45441
-0.318 37.0089 12.298
-0.317 46.4448 16.171
-0.316 42.4823 16.6767
-0.315 26.81 14.1933
-0.314 4.36261 9.70355
-0.313 -18.4123 4.45992
-0.312 -35.6705 -0.393429
-0.311 -43.9115 -4.11438
-0.31 -42.7778 -6.49657
-0.309 -34.7737 -7.84029
-0.308 -24.1738 -8.80343
-0.307 -15.5911 -10.1847
-0.306 -12.6447 -12.6832
-0.305 -17.0366 -16.6783
-0.304 -28.2031 -22.0834
-0.303 -43.5628 -28.3139
-0.302 -59.2496 -34.3836
-0.301 -71.1274 -39.1134
-0.3 -75.8428 -41.4201
-0.299 -71.6856 -40.6244
-0.298 -59.076 -36.6938
-0.297 -40.5728 -30.329
-0.296 -20.3769 -22.8321
-0.295 -3.37832 -15.7657
-0.294 6.11562 -10.4917
-0.293 5.71852 -7.72999
-0.292 -4.0364 -7.28779
-0.291 -19.5011 -8.08405
-0.29 -34.8027 -8.51122
-0.289 -43.6757 -7.04546
-0.288 -41.6603 -2.89738
-0.287 -27.894 3.54955
-0.286 -5.84144 10.7061
-0.285 17.3824 16.1953
-0.284 33.0469 17.6048
-0.283 33.7204 13.339
-0.282 16.1522 3.28277
-0.281 -17.0229 -10.9908
-0.28 -57.633 -26.602
-0.279 -94.4637 -40.2486
-0.278 -117.064 -49.2892
-0.277 -119.463 -52.6176
-0.276 -102.418 -50.9924
-0.275 -73.3593 -46.6932
-0.274 -43.9467 -42.6232
-0.273 -25.9296 -41.1715
-0.272 -26.6979 -43.2407
-0.271 -46.2063 -47.8191
-0.27 -76.6213 -52.3002
-0.269 -105.023 -53.4715
-0.268 -118.227 -48.8158
-0.267 -107.889 -37.6165
-0.266 -73.9298 -21.4185
-0.265 -24.9881 -3.65438
-0.264 24.3201 11.4358
-0.263 58.4168 20.2024
-0.262 66.3036 20.8057
-0.261 45.6051 13.8187
-0.26 3.5511 1.99104
-0.259 -45.5584 -10.7554
-0.258 -85.5093 -20.7314
-0.257 -104.015 -25.7526
-0.256 -97.037 -25.7884
-0.255 -69.9766 -22.7575
-0.254 -35.3398 -19.5873
-0.253 -7.82072 -18.9353
-0.252 1.30152 -22.0744
-0.251 -11.632 -28.3509
-0.25 -41.3663 -35.4026
-0.249 -75.7783 -40.0509
-0.248 -100.484 -39.5325
-0.247 -104.298 -32.5969
-0.246 -83.4785 -20.0375
-0.245 -43.144 -4.45767
-0.244 4.68023 10.6131
-0.243 45.5059 21.882
-0.242 67.5071 27.2912
-0.241 65.3923 26.5136
-0.24 41.748 20.8197
-0.239 5.59173 12.4156
-0.238 -31.1873 3.53803
-0.237 -58.1686 -4.33439
-0.236 -69.9378 -10.8584
-0.235 -67.5015 -16.6812
-0.234 -57.112 -22.8902
-0.233 -47.1707 -30.338
-0.232 -44.67 -39.144
-0.231 -52.6543 -48.569
-0.23 -69.5187 -57.2847
-0.229 -90.0987 -63.8855
-0.228 -107.885 -67.3972
-0.227 -117.463 -67.5596
-0.226 -116.29 -64.7896
-0.225 -105.209 -59.8834
-0.224 -87.5994 -53.6324
-0.223 -67.7054 -46.5448
-0.222 -49.0459 -38.7967
-0.221 -33.6378 -30.4269
-0.22 -22.198 -21.6679
-0.219 -14.9003 -13.2079
-0.218 -12.0317 -6.1843
-0.217 -14.0938 -1.84085
-0.216 -21.303 -0.986991
-0.215 -32.8154 -3.53525
-0.214 -46.2029 -8.37415
-0.213 -57.6506 -13.6723
-0.212 -63.0395 -17.5176
-0.211 -59.6348 -18.668
-0.21 -47.6963 -17.1352
-0.209 -31.1656 -14.3283
-0.208 -16.8286 -12.6039
-0.207 -11.9714 -14.3165
-0.206 -21.3097 -20.738
-0.205 -44.5034 -31.3371
-0.204 -75.5113 -43.7768
-0.203 -104.308 -54.6612
-0.202 -120.449 -60.7475
-0.201 -117.141 -60.1736
-0.2 -94.2532 -53.2467
-0.199 -59.0032 -42.4598
-0.198 -23.8536 -31.6463
-0.197 -2.10384 -24.5279
-0.196 -2.6562 -23.2047
-0.195 -26.0335 -27.2271
-0.194 -63.4837 -33.6693
-0.193 -99.8152 -38.2057
-0.192 -118.985 -36.7849
-0.191 -110.268 -27.2716
-0.19 -72.6203 -10.4367
-0.189 -15.5868 10.1031
-0.188 43.6415 29.0175
-0.187 86.1126 41.0778
-0.186 97.9656 42.99
-0.185 75.7079 34.5497
-0.184 27.7418 18.6745
-0.183 -28.6734 0.288692
-0.182 -73.9422 -15.5246
-0.181 -93.5559 -25.3985
-0.18 -83.4891 -28.8527
-0.179 -51.5536 -28.3078
-0.178 -14.3142 -27.9611
-0.177 9.2438 -31.9933
-0.176 5.01215 -42.7946
-0.175 -30.6247 -59.8603
-0.174 -89.0051 -79.7606
-0.173 -152.064 -97.2264
-0.172 -198.892 -106.988
-0.171 -213.44 -105.685
-0.17 -190.326 -93.0772
-0.169 -136.565 -72.1038
-0.168 -68.7536 -47.8137
-0.167 -7.03019 -25.6619
-0.166 31.8788 -9.8163
-0.165 40.0901 -2.02143
-0.164 20.6928 -1.33923
-0.163 -14.0816 -4.82147
-0.162 -47.9302 -8.86458
-0.161 -66.8198 -10.7154
-0.16 -64.0969 -9.50503
-0.159 -42.4234 -6.41047
-0.158 -12.0381 -3.97073
-0.157 13.6097 -4.94211
-0.156 22.9466 -11.1747
-0.155 10.2538 -22.8744
-0.154 -22.6147 -38.436
-0.153 -67.105 -54.8734
-0.152 -110.981 -68.7021
-0.151 -142.378 -76.9612
-0.15 -153.443 -77.9964
-0.149 -142.286 -71.7535
-0.148 -112.788 -59.5741
-0.147 -72.6953 -43.6793
-0.146 -31.0393 -26.5744
-0.145 4.16885 -10.5385
-0.144 27.4653 2.72022
-0.143 36.6171 12.2225
-0.142 32.6199 17.7197
-0.141 19.1612 19.5921
-0.14 1.6428 18.6784
-0.139 -14.1235 16.0372
-0.138 -23.3438 12.6457
-0.137 -23.5154 9.09251
-0.136 -15.2684 5.36567
-0.135 -2.55972 0.820384
-0.134 7.97871 -5.64078
-0.133 8.69966 -15.1768
-0.132 -6.48348 -28.4524
-0.131 -39.2772 -45.0695
-0.13 -85.1807 -63.2574
-0.129 -133.845 -80.0829
-0.128 -171.93 -92.2229
-0.127 -187.552 -97.0387
-0.126 -174.646 -93.529
-0.125 -135.656 -82.8025
-0.124 -81.5759 -67.9038
-0.123 -29.0439 -53.0062
-0.122 4.96661 -42.1369
-0.121 9.32238 -37.8006
-0.12 -16.598 -40.0272
-0.119 -61.9805 -46.3119
-0.118 -108.209 -52.5684
-0.117 -135.785 -54.7383
-0.116 -131.778 -50.3933
-0.115 -94.8837 -39.7005
-0.114 -36.2394 -25.4063
-0.113 24.34 -11.8647
-0.112 65.4677 -3.44657
-0.111 72.1866 -2.88261
-0.11 41.905 -10.1506
-0.109 -14.1749 -22.3679
-0.108 -74.9811 -34.8022
-0.107 -117.53 -42.654
-0.106 -125.801 -42.9041
-0.105 -96.8953 -35.4546
-0.104 -41.9795 -23.0973
-0.103 18.2232 -10.3752
-0.102 61.3611 -1.86323
-0.101 71.6295 -0.55187
-0.1 45.2924 -6.87181
-0.099 -8.19043 -18.6179
-0.098 -69.7599 -31.7784
-0.097 -117.924 -42.0099
-0.096 -136.88 -46.2183
-0.095 -122.239 -43.578
-0.094 -81.8547 -35.5507
-0.093 -31.6527 -24.9877
-0.092 11.2017 -14.8614
-0.091 34.6 -7.24331
-0.09 35.0146 -2.84454
-0.089 17.6235 -1.10346
-0.088 -6.51585 -0.668503
-0.087 -25.211 -0.10058
-0.086 -30.126 1.45205
-0.085 -19.9004 3.91241
-0.084 0.09698 6.4438
-0.083 21.0673 7.99244
-0.082 35.0822 7.81742
-0.081 38.0411 5.66843
-0.08 30.1603 1.56933
-0.079 14.4073 -4.55672
-0.078 -5.89437 -13.1177
-0.077 -29.0047 -24.7463
-0.076 -55.2687 -39.8451
-0.075 -85.8558 -57.9696
-0.074 -120.417 -77.385
-0.073 -155.146 -95.115
-0.072 -182.64 -107.599
-0.071 -194.023 -111.799
-0.07 -182.722 -106.403
-0.069 -148.452 -92.6834
-0.068 -99.4944 -74.5607
-0.067 -51.4085 -57.567
-0.066 -21.5955 -46.8651
-0.065 -21.5924 -45.0804
-0.064 -50.9872 -51.028
-0.063 -96.3648 -60.0361
-0.062 -135.91 -65.7403
-0.061 -147.598 -62.5924
-0.06 -118.006 -48.1948
-0.059 -48.9664 -24.7056
-0.058 40.5342 1.31011
-0.057 119.406 20.911
-0.056 156.111 26.2511
-0.055 132.493 14.0861
-0.054 52.8918 -12.4109
-0.053 -56.1849 -44.4541
-0.052 -155.529 -70.6947
-0.051 -207.529 -81.2499
-0.05 -190.103 -71.3012
-0.049 -105.846 -43.0801
-0.048 17.14 -5.40293
-0.047 134.472 29.4166
-0.046 202.511 50.3003
-0.045 196.229 51.8092
-0.044 119.707 36.2757
-0.043 4.74053 12.83
-0.042 -101.344 -6.17399
-0.041 -153.635 -9.97018
-0.04 -126.992 6.25344
-0.039 -26.6537 39.087
-0.038 112.591 77.8583
-0.037 239.437 108.677
-0.036 306.253 119.86
-0.035 287.543 106.356
-0.034 189.169 71.4954
-0.033 45.7254 25.7303
-0.032 -92.1815 -17.0517
-0.031 -176.524 -44.5156
-0.03 -180.318 -50.5634
-0.029 -108.654 -37.7404
-0.028 3.5131 -15.9782
-0.027 106.576 1.88698
-0.026 156.929 5.51631
-0.025 133.228 -9.13161
-0.024 42.6392 -38.7445
-0.023 -83.0364 -74.1097
-0.022 -199.017 -103.415
-0.021 -264.042 -116.635
-0.02 -256.846 -109.664
-0.019 -185.26 -86.2096
-0.018 -82.1146 -56.0738
-0.017 10.475 -30.6089
-0.016 59.3683 -17.9699
-0.015 52.0007 -20.4575
-0.014 -1.71577 -34.4571
-0.013 -75.095 -52.2536
-0.012 -135.122 -64.9715
-0.011 -155.307 -66.042
-0.01 -127.036 -54.0977
-0.009 -63.4448 -33.6578
-0.008 7.71214 -12.7849
-0.007 58.4178 1.01149
-0.006 73.1073 4.11741
-0.005 53.453 -2.16751
-0.004 15.1879 -12.7545
-0.003 -19.7371 -21.069
-0.002 -32.6612 -21.7551
-0.001 -16.7425 -13.0968
0 19.2254 1.91644
0.001 55.1561 16.9135
0.002 70.97 25.524
0.003 57.8872 24.7616
0.004 22.7783 16.3518
0.005 -15.6578 5.66614
0.006 -35.436 -0.702866
0.007 -20.8042 2.34763
0.008 29.9068 16.1227
0.009 101.103 37.0008
0.01 164.712 57.4488
0.011 192.915 69.3702
0.012 172.533 68.2178
0.013 112.191 55.3532
0.014 38.4454 37.3684
0.015 -15.5915 23.1815
0.016 -23.1447 20.5543
0.017 25.7484 33.1355
0.018 118.514 58.6327
0.019 221.934 88.8664
0.02 293.765 112.431
0.021 301.041 119.463
0.022 235.856 106.216
0.023 119.499 76.8017
0.024 -6.65803 41.2879
0.025 -97.6842 11.55
0.026 -121.648 -3.14214
0.027 -71.3222 0.554324
0.028 31.923 18.5876
0.029 144.359 40.5651
0.03 216.197 53.5707
0.031 212.327 47.6015
0.032 127.602 20.0849
0.033 -10.916 -22.8507
0.034 -155.021 -68.798
0.035 -253.9 -103.785
0.036 -272.808 -117.299
0.037 -205.836 -105.988
0.038 -78.563 -74.9435
0.039 61.1804 -35.933
0.04 161.843 -2.94891
0.041 188.451 13.2674
0.042 135.727 9.30517
0.043 28.9404 -9.95474
0.044 -86.7631 -33.6391
0.045 -163.816 -49.2933
0.046 -170.269 -47.731
0.047 -102.032 -26.6301
0.048 15.7146 8.49228
0.049 139.066 46.4378
0.05 223.366 74.7816
0.051 240.359 84.658
0.052 187.492 73.875
0.053 87.0679 47.3626
0.054 -22.9932 15.1383
0.055 -103.211 -11.3472
0.056 -126.948 -23.2807
0.057 -89.9264 -17.5513
0.058 -10.546 2.46084
0.059 79.3308 28.7508
0.06 148.344 52.2615
0.061 177.421 66.4078
0.062 164.857 69.118
0.063 124.365 62.9467
0.064 78.2855 53.6048
0.065 48.6525 47.5596
0.066 48.9101 49.4853
0.067 79.2903 60.4663
0.068 127.93 77.7123
0.069 177.086 95.8985
0.07 211 109.403
0.071 221.418 114.332
0.072 208.868 109.547
0.073 180.266 96.5555
0.074 144.787 78.5716
0.075 109.982 59.2406
0.076 79.596 41.4985
0.077 53.7341 26.9303
0.078 30.8897 15.7774
0.079 10.433 7.45761
0.08 -5.99609 1.25081
0.081 -14.9389 -3.21033
0.082 -13.1187 -5.84599
0.083 0.0241399 -6.42132
0.084 20.6254 -5.01063
0.085 40.8005 -2.29037
0.086 51.5897 0.610818
0.087 47.315 2.67359
0.088 28.9937 3.60397
0.089 4.72282 4.08613
0.09 -13.3318 5.50647
0.091 -13.9094 9.30552
0.092 8.51076 16.251
0.093 50.73 25.8795
0.094 100.818 36.3082
0.095 141.57 44.6146
0.096 156.823 47.8386
0.097 138.374 44.298
0.098 90.2888 34.5772
0.099 28.2024 21.6
0.1 -26.323 9.67411
0.101 -53.9402 2.92517
0.102 -44.8037 3.78116
0.103 -2.3296 12.0548
0.104 57.8014 24.9154
0.105 113.119 37.7925
0.106 142.587 45.9859
0.107 134.655 46.4475
0.108 91.9203 39.0197
0.109 30.3154 26.5622
0.11 -27.0015 13.8715
0.111 -58.5895 5.83791
0.112 -52.8365 5.60616
0.113 -12.0543 13.4639
0.114 48.838 26.8421
0.115 108.234 41.3655
0.116 145.926 52.5156
0.117 150.362 57.2913
0.118 122.575 55.279
0.119 75.4936 48.7636
0.12 28.8758 41.8244
0.121 1.75834 38.7361
0.122 5.35445 42.2936
0.123 39.2557 52.7439
0.124 92.2727 67.7344
0.125 147.13 83.2078
0.126 186.761 94.7966
0.127 199.783 99.1707
0.128 183.558 94.9441
0.129 144.241 82.9434
0.13 94.0565 65.803
0.131 46.7961 47.0208
0.132 13.1912 29.8158
0.133 -2.09768 16.2319
0.134 -0.89531 6.81032
0.135 10.3723 0.844094
0.136 23.6377 -3.02913
0.137 31.9343 -6.19188
0.138 31.1889 -9.55424
0.139 20.9188 -13.2757
0.14 3.98002 -16.73
0.141 -14.4183 -18.714
0.142 -28.1574 -17.8342
0.143 -31.7639 -12.9443
0.144 -21.7445 -3.50793
0.145 2.51695 10.1781
0.146 38.374 26.9144
0.147 80.0749 44.6918
0.148 119.552 60.9628
0.149 147.964 73.0871
0.15 157.923 78.9005
0.151 145.934 77.2938
0.152 114.143 68.6304
0.153 70.4372 54.8123
0.154 26.4688 38.8763
0.155 -5.88405 24.1797
0.156 -18.4253 13.431
0.157 -9.51055 7.91394
0.158 15.1635 7.17635
0.159 44.267 9.29397
0.16 64.7189 11.6441
0.161 66.6306 11.9797
0.162 47.5394 9.45242
0.163 14.0748 5.1595
0.164 -19.9629 1.89563
0.165 -38.6195 3.11522
0.166 -29.9907 11.4947
0.167 8.83717 27.6848
0.168 70.0245 49.7515
0.169 137.082 73.5186
0.17 190.194 93.718
0.171 213.032 105.607
0.172 198.688 106.536
0.173 152.446 96.8933
0.174 90.0981 79.991
0.175 32.2306 60.8782
0.176 -3.35982 44.5203
0.177 -8.11295 34.0691
0.178 14.4688 29.8835
0.179 50.5619 29.6282
0.18 81.516 29.367
0.181 91.0095 25.2347
0.182 71.2938 15.0828
0.183 26.2743 -0.513267
0.184 -29.7806 -18.2968
0.185 -77.5408 -33.4448
0.186 -99.9352 -41.3393
0.187 -88.5909 -39.3008
0.188 -46.8436 -27.6047
0.189 11.7283 -9.40545
0.19 68.4534 10.3729
0.191 106.285 26.7368
0.192 115.624 36.2848
0.193 97.2947 38.2458
0.194 61.7209 34.5464
0.195 24.6711 28.9099
0.196 1.18467 25.3371
0.197 0.0496147 26.5542
0.198 20.9684 33.0234
0.199 55.365 42.8823
0.2 90.2188 52.7825
0.201 113.169 59.2367
0.202 116.888 59.9202
0.203 101.246 54.4535
0.204 72.7364 44.4305
0.205 41.5798 32.7409
0.206 17.7453 22.4735
0.207 7.42757 15.8207
0.208 11.2882 13.4014
0.209 24.9707 14.2442
0.21 41.4212 16.3836
0.211 53.8552 17.7657
0.212 58.1105 17.0628
0.213 53.5825 14.0983
0.214 42.6671 9.77825
0.215 29.2699 5.63503
0.216 17.2051 3.20947
0.217 9.12773 3.52164
0.218 6.25141 6.8183
0.219 8.70618 12.6524
0.22 16.1536 20.1977
0.221 28.2233 28.6115
0.222 44.4631 37.264
0.223 63.8018 45.7459
0.224 83.9204 53.6935
0.225 101.162 60.5816
0.226 111.379 65.6521
0.227 111.507 68.0624
0.228 101.108 67.1991
0.229 83.0401 62.995
0.23 62.8047 56.0708
0.231 46.7451 47.6108
0.232 39.6919 38.9987
0.233 42.8756 31.3334
0.234 52.9651 25.0052
0.235 62.877 19.5413
0.236 64.3689 13.8489
0.237 51.5497 6.80961
0.238 23.8232 -2.01891
0.239 -13.1225 -11.9353
0.24 -48.8442 -21.1086
0.241 -71.6728 -27.0997
0.242 -72.9515 -27.7053
0.243 -50.4562 -21.8323
0.244 -9.70944 -10.0823
0.245 37.4615 5.212
0.246 76.8171 20.5899
0.247 96.741 32.5456
0.248 92.5095 38.6982
0.249 68.0634 38.5797
0.25 34.5154 33.7187
0.251 5.93786 26.9956
0.252 -5.96945 21.5173
0.253 3.67082 19.4256
0.254 31.0107 21.0778
0.255 64.8526 24.9206
0.256 90.8313 28.1307
0.257 96.8833 27.7978
0.258 77.9732 22.1915
0.259 38.2746 11.6067
0.26 -10.0699 -1.55372
0.261 -51.202 -13.5047
0.262 -71.2424 -20.3603
0.263 -63.2739 -19.5082
0.264 -29.7403 -10.5609
0.265 18.5787 4.47808
0.266 66.5274 21.8926
0.267 99.9364 37.512
0.268 110.448 48.0792
0.269 98.1431 52.2456
0.27 71.0886 50.8652
0.271 42.0224 46.4975
0.272 23.4187 42.3048
0.273 22.8385 40.7691
0.274 40.3397 42.737
0.275 68.8242 47.159
0.276 96.9826 51.5799
0.277 113.549 53.1356
0.278 111.274 49.6543
0.279 89.3049 40.4851
0.28 53.2901 26.7954
0.281 13.2658 11.236
0.282 -19.8916 -2.92246
0.283 -38.1262 -12.8647
0.284 -38.6344 -17.0971
0.285 -24.2724 -15.7901
0.286 -2.01141 -10.5292
0.287 19.7558 -3.6468
0.288 34.0005 2.58493
0.289 37.0689 6.64768
0.29 29.4401 8.17011
0.291 15.1468 7.90839
0.292 0.147521 7.33072
0.293 -9.75373 7.98033
0.294 -10.7225 10.8805
0.295 -1.87433 16.1988
0.296 14.7639 23.2436
0.297 35.1023 30.7231
0.298 54.239 37.1413
0.299 67.7368 41.2159
0.3 72.6672 42.2086
0.301 68.2577 40.0807
0.302 56.0349 35.4398
0.303 39.4193 29.323
0.304 22.8352 22.9074
0.305 10.536 17.2307
0.306 5.44004 12.9717
0.307 8.28192 10.3198
0.308 17.314 8.96043
0.309 28.6774 8.19109
0.31 37.4183 7.14294
0.311 38.9635 5.04972
0.312 30.6867 1.50472
0.313 13.0493 -3.35076
0.314 -10.1829 -8.7718
0.315 -32.8751 -13.5423
0.316 -48.3908 -16.2966
0.317 -51.7735 -15.9457
0.318 -41.4814 -12.0564
0.319 -20.0649 -5.044
0.32 6.47166 3.88891
0.321 30.4938 13.0541
0.322 45.2339 20.7503
0.323 47.1502 25.7802
0.324 37.2607 27.8388
0.325 20.8609 27.6042
0.326 5.6388 26.4628
0.327 -1.13601 25.9567
0.328 4.69671 27.1718
0.329 22.5921 30.3028
0.33 47.3484 34.5432
0.331 70.7947 38.3335
0.332 84.5812 39.8932
0.333 83.1414 37.8727
0.334 65.7687 31.9033
0.335 37.0061 22.8278
0.336 5.15436 12.4951
0.337 -20.5679 3.17853
0.338 -33.1565 -3.15836
0.339 -30.1203 -5.47159
0.34 -14.1728 -3.91715
0.341 7.86696 0.269927
0.342 27.5384 5.23781
0.343 37.693 9.16375
0.344 34.9185 10.8718
0.345 20.6061 10.2081
0.346 0.312512 8.03208
0.347 -18.3206 5.82817
0.348 -28.3159 5.10292
0.349 -25.7876 6.80657
0.35 -11.2106 10.9855
0.351 10.8568 16.7643
0.352 33.4137 22.6358
0.353 49.3848 26.9509
0.354 53.9014 28.4509
0.355 45.7785 26.668
0.356 27.7653 22.06
0.357 5.53718 15.836
0.358 -14.2145 9.55232
0.359 -25.9455 4.63196
0.36 -26.942 1.97154
0.361 -17.9856 1.74234
0.362 -2.86911 3.42047
0.363 12.9708 6.01498
0.364 24.2046 8.41602
0.365 27.225 9.75266
0.366 21.1984 9.6493
0.367 8.27159 8.30989
0.368 -7.14251 6.42036
0.369 -19.7964 4.91176
0.37 -25.2879 4.65826
0.371 -21.4309 6.19495
0.372 -8.90239 9.53243
0.373 8.96938 14.1223
0.374 27.1692 18.985
0.375 40.4434 22.9622
0.376 44.8651 25.0249
0.377 39.0735 24.5607
0.378 24.7601 21.564
0.379 6.18449 16.6642
0.38 -11.1584 10.9653
0.381 -22.2804 5.7292
0.382 -24.2888 2.00121
0.383 -17.3299 0.300023
0.384 -4.58985 0.470319
0.385 8.68776 1.74364
0.386 16.9196 2.99856
0.387 16.1127 3.15841
0.388 5.34309 1.60678
0.389 -12.7724 -1.53266
0.39 -32.8168 -5.37455
0.391 -48.305 -8.53579
0.392 -53.8375 -9.59811
0.393 -46.9571 -7.6083
0.394 -29.0651 -2.44654
0.395 -5.04854 5.06417
0.396 18.2969 13.3607
0.397 34.5263 20.6102
0.398 39.7046 25.2976
0.399 33.71 26.7188
0.4 20.2221 25.1944
0.401 5.38484 21.9246
0.402 -4.40514 18.5396
0.403 -4.81146 16.507
0.404 4.86381 16.6032
0.405 21.416 18.6369
0.406 38.8807 21.5304
0.407 50.6562 23.735
0.408 51.8381 23.8255
0.409 40.9543 21.0512
0.41 20.5088 15.642
0.411 -3.85035 8.76361
0.412 -25.2572 2.13702
0.413 -37.9655 -2.54573
0.414 -39.2544 -4.20051
0.415 -30.2246 -2.71159
0.416 -15.2405 1.05757
0.417 -0.280002 5.59556
0.418 9.17983 9.27911
0.419 10.0028 10.9177
0.42 2.35606 10.126
0.421 -10.5015 7.41032
0.422 -23.4959 3.94261
0.423 -31.5987 1.10664
0.424 -31.5891 -0.0122674
0.425 -23.0965 1.00329
0.426 -8.60095 3.80343
0.427 7.53583 7.45002
0.428 20.6077 10.7797
0.429 27.1192 12.8146
0.43 25.8454 13.0878
0.431 18.0778 11.782
0.432 7.02966 9.63007
0.433 -3.34407 7.61743
0.434 -9.67682 6.61062
0.435 -10.2234 7.06054
0.436 -5.28681 8.87936
0.437 3.03824 11.5029
0.438 11.6588 14.0898
0.439 17.5142 15.7884
0.44 18.5011 15.9937
0.441 14.0243 14.5145
0.442 5.0592 11.5944
0.443 -6.22677 7.79461
0.444 -17.1429 3.80459
0.445 -25.2296 0.261854
0.446 -28.8948 -2.37522
0.447 -27.7712 -3.89252
0.448 -22.7209 -4.32454
0.449 -15.5203 -3.89763
0.45 -8.33691 -2.92958
0.451 -3.14039 -1.72665
0.452 -1.1713 -0.513363
0.453 -2.58566 0.601962
0.454 -6.38424 1.64179
0.455 -10.6865 2.75399
0.456 -13.3005 4.16612
0.457 -12.4284 6.09236
0.458 -7.28884 8.62323
0.459 1.5329 11.6465
0.46 12.1283 14.8276
0.461 21.7328 17.651
0.462 27.5322 19.522
0.463 27.5858 19.9247
0.464 21.5465 18.6068
0.465 10.8912 15.7149
0.466 -1.45388 11.8056
0.467 -11.9866 7.71157
0.468 -17.7225 4.31317
0.469 -17.1635 2.29567
0.47 -10.8196 1.95967
0.471 -1.07387 3.13441
0.472 8.6154 5.23441
0.473 14.9255 7.46657
0.474 15.8553 9.12571
0.475 11.4389 9.85432
0.476 3.72894 9.75246
0.477 -3.94164 9.30131
0.478 -8.16159 9.14777
0.479 -6.70399 9.83346
0.48 0.588572 11.5523
0.481 11.6349 14.0157
0.482 22.7652 16.4923
0.483 29.9788 18.0344
0.484 30.3511 17.8172
0.485 23.0706 15.451
0.486 9.74914 11.1386
0.487 -6.09065 5.62976
0.488 -20.1668 0.00381268
0.489 -28.8442 -4.6445
0.49 -30.3191 -7.52516
0.491 -25.1637 -8.37771
0.492 -16.0264 -7.5152
0.493 -6.60778 -5.66282
0.494 -0.304146 -3.65636
0.495 0.980421 -2.12785
0.496 -2.5546 -1.29875
0.497 -8.75616 -0.941571
0.498 -14.3543 -0.506725
0.499 -16.1878 0.634071
0.5 -12.3875 2.9107
0.501 -3.0911 6.34698
0.502 9.57404 10.5073
0.503 22.2186 14.6207
0.504 31.3447 17.8302
0.505 34.5039 19.4691
0.506 31.0706 19.2665
0.507 22.3922 17.4221
0.508 11.2899 14.5304
0.509 1.08648 11.3799
0.51 -5.49977 8.6948
0.511 -7.20572 6.91722
0.512 -4.52733 6.10536
0.513 0.595204 5.97214
0.514 5.55181 6.03256
0.515 7.9984 5.79738
0.516 6.64011 4.94807
0.517 1.62552 3.44195
0.518 -5.55598 1.51553
0.519 -12.6277 -0.41366
0.52 -17.3311 -1.90522
0.521 -18.189 -2.64741
0.522 -14.9584 -2.5471
0.523 -8.64355 -1.73699
0.524 -1.11167 -0.511332
0.525 5.52893 0.78043
0.526 9.58888 1.84798
0.527 10.3078 2.55002
0.528 8.06437 2.93261
0.529 4.21349 3.20378
0.53 0.60606 3.65572
0.531 -1.03318 4.56413
0.532 0.35211 6.09741
0.533 4.85021 8.26043
0.534 11.5804 10.8844
0.535 18.96 13.6597
0.536 25.1638 16.1984
0.537 28.6589 18.1144
0.538 28.6588 19.1049
0.539 25.3379 19.0165
0.54 19.7323 17.8759
0.541 13.3774 15.8734
0.542 7.82446 13.3033
0.543 4.18908 10.4841
0.544 2.84571 7.68578
0.545 3.34253 5.08028
0.546 4.5782 2.72114
0.547 5.20945 0.560094
0.548 4.15821 -1.49624
0.549 1.0276 -3.50278
0.55 -3.72714 -5.40159
0.551 -8.92015 -6.99645
0.552 -12.9928 -7.99179
0.553 -14.4965 -8.07831
0.554 -12.5703 -7.03242
0.555 -7.2673 -4.80258
0.556 0.398811 -1.56207
0.557 8.73101 2.29429
0.558 15.8596 6.2245
0.559 20.3016 9.67163
0.56 21.3816 12.2071
0.561 19.3915 13.629
0.562 15.4565 13.9851
0.563 11.144 13.5215
0.564 7.9277 12.5823
0.565 6.68489 11.4893
0.566 7.41678 10.4351
0.567 9.29962 9.43297
0.568 11.0329 8.34564
0.569 11.343 6.98404
0.57 9.46668 5.22646
0.571 5.46253 3.10761
0.572 0.24751 0.846714
0.573 -4.67042 -1.19109
0.574 -7.69234 -2.59037
0.575 -7.68576 -3.01452
0.576 -4.38658 -2.32561
0.577 1.49982 -0.643768
0.578 8.51676 1.68279
0.579 14.9045 4.18127
0.58 19.1334 6.38546
0.581 20.3612 7.95086
0.582 18.668 8.72822
0.583 14.9815 8.78065
0.584 10.7144 8.33534
0.585 7.25239 7.67911
0.586 5.48887 7.03846
0.587 5.56601 6.50042
0.588 6.88702 6.00636
0.589 8.37491 5.40605
0.59 8.88731 4.53645
0.591 7.65201 3.2973
0.592 4.57332 1.70979
0.593 0.295197 -0.0571315
0.594 -4.00405 -1.71316
0.595 -7.00399 -2.92842
0.596 -7.67445 -3.43837
0.597 -5.60419 -3.12177
0.598 -1.13057 -2.02311
0.599 4.76322 -0.327316
0.6 10.7499 1.69155
0.601 15.5627 3.73532
0.602 18.3678 5.55369
0.603 18.9829 7.00473
0.604 17.8764 8.07614
0.605 15.9626 8.85569
0.606 14.273 9.4704
0.607 13.6092 10.0275
0.608 14.2852 10.5761
0.609 16.0394 11.0893
0.61 18.1428 11.465
0.611 19.6608 11.5512
0.612 19.7773 11.1968
0.613 18.0713 10.3094
0.614 14.6637 8.89268
0.615 10.1904 7.05149
0.616 5.6119 4.97103
0.617 1.9177 2.88112
0.618 -0.179113 1.0094
0.619 -0.454397 -0.471926
0.62 0.772792 -1.4889
0.621 2.75672 -2.07602
0.622 4.57241 -2.34764
0.623 5.41728 -2.44631
0.624 4.87481 -2.49038
0.625 3.05595 -2.53242
0.626 0.568119 -2.53413
0.627 -1.68049 -2.36867
0.628 -2.77496 -1.86082
0.629 -2.09084 -0.858281
0.63 0.496177 0.695274
0.631 4.55305 2.71937
0.632 9.20772 5.00267
0.633 13.4113 7.24736
0.634 16.2617 9.13689
0.635 17.2785 10.4141
0.636 16.5357 10.9511
0.637 14.6125 10.783
0.638 12.3847 10.0856
0.639 10.7218 9.10132
0.64 10.1838 8.04851
0.641 10.8189 7.05056
0.642 12.1407 6.10852
0.643 13.3036 5.11889
0.644 13.4135 3.92976
0.645 11.8613 2.42133
0.646 8.56073 0.583685
0.647 4.01553 -1.44229
0.648 -0.804324 -3.38365
0.649 -4.74709 -4.90915
0.65 -6.84238 -5.72851
0.651 -6.61973 -5.68071
0.652 -4.26274 -4.78373
0.653 -0.538668 -3.23201
0.654 3.46617 -1.34012
0.655 6.70339 0.552172
0.656 8.48991 2.18022
0.657 8.70682 3.42201
0.658 7.80955 4.30925
0.659 6.63972 4.98329
0.66 6.09621 5.61689
0.661 6.78601 6.33129
0.662 8.78991 7.13632
0.663 11.6302 7.9154
0.664 14.441 8.46428
0.665 16.2708 8.57058
0.666 16.4121 8.10087
0.667 14.6563 7.0593
0.668 11.3862 5.59743
0.669 7.46496 3.97545
0.67 3.95406 2.49
0.671 1.7633 1.39083
0.672 1.36468 0.811669
0.673 2.66607 0.739631
0.674 5.07244 1.03609
0.675 7.70104 1.50034
0.676 9.67941 1.94706
0.677 10.4328 2.26587
0.678 9.86246 2.44453
0.679 8.34884 2.55462
0.68 6.58115 2.70948
0.681 5.28869 3.00947
0.682 4.97947 3.49281
0.683 5.77342 4.11079
0.684 7.37148 4.73911
0.685 9.1616 5.22076
0.686 10.4295 5.41987
0.687 10.6069 5.26363
0.688 9.46845 4.7591
0.689 7.20262 3.98422
0.69 4.33592 3.0605
0.691 1.55275 2.11744
0.692 -0.517407 1.25904
0.693 -1.47918 0.542786
0.694 -1.27243 -0.0216498
0.695 -0.169875 -0.455736
0.696 1.32998 -0.78848
0.697 2.67989 -1.03807
0.698 3.4658 -1.2048
0.699 3.52744 -1.27397
0.7 2.98369 -1.2234
0.701 2.17009 -1.03125
0.702 1.51968 -0.682777
0.703 1.42263 -0.17534
0.704 2.10119 0.480267
0.705 3.53648 1.26126
0.706 5.47209 2.13345
0.707 7.49272 3.04885
0.708 9.14832 3.94286
0.709 10.0815 4.73617
0.71 10.1225 5.34553
0.711 9.33015 5.7013
0.712 7.97 5.76471
0.713 6.43271 5.53861
0.714 5.11472 5.06879
0.715 4.29837 4.43412
0.716 4.06902 3.72513
0.717 4.29393 3.01671
0.718 4.66884 2.34594
0.719 4.81929 1.70635
0.72 4.4289 1.0628
0.721 3.35547 0.37978
0.722 1.69499 -0.349681
0.723 -0.231571 -1.08516
0.724 -1.96632 -1.73578
0.725 -3.0501 -2.17684
0.726 -3.16462 -2.28504
0.727 -2.23712 -1.98227
0.728 -0.471693 -1.27027
0.729 1.70809 -0.23927
0.73 3.79047 0.95451
0.731 5.33716 2.13242
0.732 6.11898 3.14124
0.733 6.17931 3.89114
0.734 5.80509 4.37374
0.735 5.41501 4.65336
0.736 5.40104 4.83152
0.737 5.97701 4.99641
0.738 7.08932 5.17899
0.739 8.42515 5.3366
0.74 9.51685 5.37026
0.741 9.90496 5.16584
0.742 9.30221 4.64186
0.743 7.70276 3.78805
0.744 5.39838 2.68256
0.745 2.8927 1.47971
0.746 0.740828 0.368795
0.747 -0.629293 -0.48331
0.748 -1.04916 -0.982732
0.749 -0.649351 -1.13145
0.75 0.202734 -1.01594
0.751 1.04049 -0.769776
0.752 1.46364 -0.52506
0.753 1.27714 -0.368128
0.754 0.554399 -0.313434
0.755 -0.399611 -0.30521
0.756 -1.17136 -0.247528
0.757 -1.39833 -0.0507457
0.758 -0.902984 0.326411
0.759 0.245402 0.856566
0.76 1.75587 1.45033
0.761 3.21359 1.98452
0.762 4.21837 2.34184
0.763 4.51924 2.44955
0.764 4.0961 2.30374
0.765 3.15632 1.96958
0.766 2.05044 1.55653
0.767 1.14445 1.17943
0.768 0.69924 0.922194
0.769 0.796681 0.816827
0.77 1.32855 0.841041
0.771 2.04572 0.932541
0.772 2.65168 1.01528
0.773 2.90926 1.02963
0.774 2.72048 0.95526
0.775 2.14957 0.817139
0.776 1.38649 0.672648
0.777 0.672611 0.587394
0.778 0.219424 0.611575
0.779 0.145942 0.764439
0.78 0.448685 1.02868
0.781 1.01052 1.35489
0.782 1.64568 1.67584
0.783 2.16435 1.92702
0.784 2.43073 2.06574
0.785 2.39544 2.08063
0.786 2.09758 1.98851
0.787 1.6433 1.82335
0.788 1.17068 1.62404
0.789 0.809371 1.42408
0.79 0.644365 1.24364
0.791 0.694595 1.08531
0.792 0.913475 0.936159
0.793 1.2076 0.776426
0.794 1.46373 0.590344
0.795 1.57743 0.373731
0.796 1.48083 0.136199
0.797 1.16526 -0.100006
0.798 0.690552 -0.302731
0.799 0.173427 -0.435142
0.8 -0.243965 -0.464322
0.801 -0.434364 -0.370748
0.802 -0.321396 -0.154377
0.803 0.0966223 0.164797
0.804 0.740013 0.550552
0.805 1.46374 0.956717
0.806 2.0974 1.3356
0.807 2.4993 1.64817
0.808 2.6041 1.87296
0.809 2.44374 2.00897
0.81 2.13312 2.07087
0.811 1.82781 2.07959
0.812 1.66901 2.05276
0.813 1.73142 1.99805
0.814 1.99042 1.90979
0.815 2.32316 1.77032
0.816 2.54844 1.55744
0.817 2.49353 1.25668
0.818 2.06166 0.872842
0.819 1.27306 0.434295
0.82 0.264616 -0.0118402
0.821 -0.750176 -0.410588
0.822 -1.54717 -0.711672
0.823 -1.96343 -0.881114
0.824 -1.95074 -0.909935
0.825 -1.58969 -0.81674
0.826 -1.05711 -0.64129
0.827 -0.559219 -0.430459
0.828 -0.257292 -0.222885
0.829 -0.213475 -0.0392162
0.83 -0.374202 0.119416
0.831 -0.595058 0.266533
0.832 -0.698432 0.421929
0.833 -0.544441 0.601606
0.834 -0.0883968 0.808318
0.835 0.598745 1.02669
0.836 1.35485 1.22633
0.837 1.98419 1.37207
0.838 2.32469 1.43641
0.839 2.30137 1.4085
0.84 1.94973 1.29723
0.841 1.40178 1.12893
0.842 0.838381 0.940491
0.843 0.424233 0.769326
0.844 0.251145 0.642469
0.845 0.312379 0.569138
0.846 0.515489 0.539878
0.847 0.723894 0.532111
0.848 0.808949 0.519074
0.849 0.695186 0.478762
0.85 0.385638 0.400691
0.851 -0.0409446 0.289078
0.852 -0.46102 0.161399
0.853 -0.753704 0.0423773
0.854 -0.844514 -0.0445131
0.855 -0.727522 -0.0845999
0.856 -0.460237 -0.075928
0.857 -0.13801 -0.0288567
0.858 0.140295 0.0378883
0.859 0.304511 0.103456
0.86 0.334217 0.151767
0.861 0.261627 0.176857
0.862 0.154799 0.184583
0.863 0.088442 0.189976
0.864 0.115644 0.211363
0.865 0.251787 0.263546
0.866 0.473794 0.352247
0.867 0.731094 0.471328
0.868 0.962881 0.603544
0.869 1.11681 0.724834
0.87 1.16392 0.811038
0.871 1.10477 0.844885
0.872 0.96459 0.820978
0.873 0.7813 0.747204
0.874 0.592886 0.642176
0.875 0.428832 0.52951
0.876 0.305926 0.430834
0.877 0.227148 0.359843
0.878 0.183476 0.319255
0.879 0.158879 0.30147
0.88 0.136967 0.292471
0.881 0.106237 0.277549
0.882 0.0621553 0.247079
0.883 0.00714903 0.200449
0.884 -0.0496309 0.146528
0.885 -0.0931613 0.10023
0.886 -0.106043 0.0766121
0.887 -0.0749152 0.0849583
0.888 0.00306544 0.125029
0.889 0.117193 0.18654
0.89 0.244858 0.251787
0.891 0.356624 0.300649
0.892 0.42316 0.316786
0.893 0.423208 0.293102
0.894 0.351121 0.234204
0.895 0.220741 0.154654
0.896 0.0625487 0.0739071
0.897 -0.0857294 0.0101789
0.898 -0.191188 -0.0245692
0.899 -0.235513 -0.0272673
0.9 -0.219311 -0.00365333
0.901 -0.160359 0.0343978
0.902 -0.0866686 0.0735162
0.903 -0.0261798 0.103885
0.904 0.00378272 0.122512
0.905 0.00311059 0.133351
0.906 -0.011515 0.14462
0.907 -0.0140236 0.164842
0.908 0.0198724 0.199192
0.909 0.10229 0.247172
0.91 0.227413 0.302118
0.911 0.372211 0.352772
0.912 0.503321 0.386713
0.913 0.587812 0.394456
0.914 0.604111 0.37251
0.915 0.549098 0.324251
0.916 0.438819 0.258609
0.917 0.302706 0.187388
0.918 0.173581 0.122113
0.919 0.0771388 0.0712251
0.92 0.0246837 0.0382765
0.921 0.0114279 0.0217278
0.922 0.0205077 0.016453
0.923 0.0308085 0.0162578
0.924 0.0254955 0.0162674
0.925 -0.00183984 0.0143435
0.926 -0.0453815 0.0113166
0.927 -0.0899907 0.0102252
0.928 -0.117524 0.0148818
0.929 -0.114021 0.028153
0.93 -0.0749746 0.0505106
0.931 -0.00688427 0.0794879
0.932 0.075121 0.110324
0.933 0.152439 0.137453
0.934 0.208951 0.156155
0.935 0.235749 0.163772
0.936 0.233175 0.160286
0.937 0.209662 0.148191
0.938 0.178038 0.131722
0.939 0.150862 0.115573
0.94 0.136566 0.103503
0.941 0.137457 0.0973508
0.942 0.149899 0.0968091
0.943 0.166309 0.0999066
0.944 0.178199 0.103855
0.945 0.179153 0.10594
0.946 0.166737 0.104249
0.947 0.142783 0.0981197
0.948 0.112198 0.0882043
0.949 0.0810388 0.0761028
0.95 0.0546272 0.0636969
0.951 0.0361432 0.0524835
0.952 0.0259669 0.0431768
0.953 0.0219138 0.0356659
0.954 0.0202816 0.0292464
0.955 0.0173068 0.022985
0.956 0.010472 0.016105
0.957 -0.000768425 0.00831799
0.958 -0.0149562 7.9957e-06
0.959 -0.0291469 -0.00782098
0.96 -0.0397924 -0.0138406
0.961 -0.0438053 -0.016822
0.962 -0.0395237 -0.0160158
0.963 -0.0272499 -0.0113636
0.964 -0.00917059 -0.00351247
0.965 0.0112829 0.00632791
0.966 0.0303879 0.0166448
0.967 0.0450894 0.0259547
0.968 0.0537044 0.0331284
0.969 0.0561982 0.0376023
0.97 0.0539569 0.0394038
0.971 0.0491454 0.0390069
0.972 0.0439018 0.0371049
0.973 0.0396626 0.0343903
0.974 0.0368323 0.0313884
0.975 0.0348601 0.0283668
0.976 0.0326548 0.0253386
0.977 0.0291639 0.022161
0.978 0.0238863 0.0186877
0.979 0.0171196 0.0149017
0.98 0.00985308 0.0109706
0.981 0.00338651 0.00721151
0.982 -0.00114682 0.00399611
0.983 -0.00315969 0.00163745
0.984 -0.00276951 0.000293142
0.985 -0.000702641 -8.66218e-05
0.986 0.00200036 0.000255941
0.987 0.00435559 0.000966646
0.988 0.00573376 0.00169228
0.989 0.00597823 0.00217865
0.99 0.0053288 0.00231875
0.991 0.00422285 0.00214349
0.992 0.00308008 0.00177081
0.993 0.00215829 0.00133935
0.994 0.0015188 0.000952589
0.995 0.00108664 0.000653219
0.996 0.000752882 0.000432798
0.997 0.000456802 0.000263471
0.998 0.000207607 0.000128639
0.999 4.84697e-05 3.4603e-05
0.12 4.28764 0.848324
0.24 4.29606 0.848195
0.36 4.31006 0.847981
0.48 4.32958 0.847685
0.6 4.35458 0.847309
0.72 4.38497 0.846855
0.84 4.42064 0.846329
0.96 4.46149 0.845733
1.08 4.50737 0.845074
1.2 4.55814 0.844356
1.32 4.61364 0.843585
1.44 4.67368 0.842767
1.56 4.73806 0.841907
1.68 4.8066 0.841013
1.8 4.87905 0.840089
1.92 4.95519 0.839142
2.04 5.03478 0.838177
2.16 5.11756 0.837199
2.28 5.20327 0.836213
2.4 5.29165 0.835223
2.52 5.38242 0.834232
2.64 5.47528 0.833244
2.76 5.56997 0.832258
2.88 5.66618 0.831276
3 5.76363 0.830298
3.12 5.86201 0.829322
3.24 5.96104 0.828345
3.36 6.06041 0.827363
3.48 6.15984 0.82637
3.6 6.25903 0.82536
3.72 6.35771 0.824326
3.84 6.45557 0.823256
3.96 6.55236 0.822141
4.08 6.6478 0.820969
4.2 6.74163 0.819726
4.32 6.8336 0.818398
4.44 6.92346 0.816969
4.56 7.01097 0.815423
4.68 7.09591 0.813741
4.8 7.17808 0.811905
4.92 7.25727 0.809895
5.04 7.33328 0.807693
5.16 7.40595 0.805276
5.28 7.47512 0.802626
5.4 7.54062 0.79972
5.52 7.60234 0.796537
5.64 7.66014 0.793058
5.76 7.71392 0.789262
5.88 7.76359 0.785129
6 7.80908 0.78064
6.12 7.8503 0.775777
6.24 7.88722 0.770523
6.36 7.9198 0.764863
6.48 7.94802 0.758782
6.6 7.97187 0.752267
6.72 7.99135 0.745309
6.84 8.00648 0.737899
6.96 8.01729 0.730029
7.08 8.02382 0.721696
7.2 8.02613 0.712897
7.32 8.02427 0.703634
7.44 8.01833 0.693909
7.56 8.00839 0.683728
7.68 7.99453 0.6731
7.8 7.97686 0.662036
7.92 7.95549 0.650549
8.04 7.93054 0.638657
8.16 7.90212 0.626379
8.28 7.87037 0.613737
8.4 7.83541 0.600755
8.52 7.79739 0.587462
8.64 7.75644 0.573886
8.76 7.71271 0.560059
8.88 7.66634 0.546016
9 7.61748 0.531792
9.12 7.56627 0.517424
9.24 7.51287 0.502953
9.36 7.45741 0.488419
9.48 7.40005 0.473863
9.6 7.34093 0.459328
9.72 7.2802 0.444857
9.84 7.21798 0.430493
9.96 7.15442 0.41628
10.08 7.08964 0.402261
10.2 7.02379 0.388478
10.32 6.95697 0.374974
10.44 6.88932 0.36179
10.56 6.82094 0.348965
10.68 6.75195 0.336536
10.8 6.68245 0.32454
10.92 6.61254 0.313011
11.04 6.54231 0.301979
11.16 6.47185 0.291475
11.28 6.40124 0.281524
11.4 6.33056 0.272148
11.52 6.25988 0.263368
11.64 6.18926 0.255201
11.76 6.11876 0.247659
11.88 6.04844 0.240752
12 5.97834 0.234486
12.12 5.90851 0.228862
12.24 5.83898 0.223881
12.36 5.76978 0.219536
12.48 5.70096 0.215819
12.6 5.63252 0.212717
12.72 5.56448 0.210214
12.84 5.49687 0.20829
12.96 5.4297 0.206924
13.08 5.36297 0.20609
13.2 5.29668 0.205757
13.32 5.23085 0.205896
13.44 5.16546 0.206472
13.56 5.10052 0.207449
13.68 5.03602 0.208789
13.8 4.97196 0.210451
13.92 4.90832 0.212395
14.04 4.84509 0.214577
14.16 4.78227 0.216955
14.28 4.71984 0.219485
14.4 4.65779 0.222123
14.52 4.5961 0.224825
14.64 4.53476 0.227548
14.76 4.47377 0.230249
14.88 4.41309 0.232887
15 4.35273 0.235421
15.12 4.29266 0.237814
15.24 4.23288 0.240028
15.36 4.17337 0.242029
15.48 4.11412 0.243787
15.6 4.05512 0.24527
15.72 3.99636 0.246453
15.84 3.93783 0.247312
15.96 3.87953 0.247828
16.08 3.82144 0.247983
16.2 3.76357 0.247763
16.32 3.7059 0.247158
16.44 3.64844 0.246162
16.56 3.59118 0.24477
16.68 3.53412 0.242983
16.8 3.47726 0.240805
16.92 3.4206 0.238242
17.04 3.36414 0.235303
17.16 3.30789 0.232003
17.28 3.25185 0.228356
17.4 3.19603 0.224381
17.52 3.14042 0.220099
17.64 3.08505 0.215534
17.76 3.02992 0.210711
17.88 2.97503 0.205657
18 2.92039 0.200401
18.12 2.86602 0.194972
18.24 2.81193 0.189402
18.36 2.75812 0.183722
18.48 2.70462 0.177965
18.6 2.65143 0.172161
18.72 2.59856 0.166344
18.84 2.54604 0.160545
18.96 2.49387 0.154794
19.08 2.44206 0.14912
19.2 2.39064 0.143553
19.32 2.33962 0.138118
19.44 2.28901 0.132841
19.56 2.23882 0.127745
19.68 2.18908 0.12285
19.8 2.1398 0.118175
19.92 2.09099 0.113736
20.04 2.04267 0.109546
20.16 1.99485 0.105616
20.28 1.94755 0.101953
20.4 1.90078 0.0985637
20.52 1.85456 0.095449
20.64 1.80889 0.0926086
20.76 1.76381 0.0900392
20.88 1.7193 0.0877346
21 1.6754 0.085686
21.12 1.63211 0.0838822
21.24 1.58944 0.0823093
21.36 1.54741 0.0809515
21.48 1.50601 0.0797906
21.6 1.46527 0.0788067
21.72 1.42519 0.0779782
21.84 1.38578 0.077282
21.96 1.34704 0.0766938
22.08 1.30899 0.0761883
22.2 1.27162 0.0757394
22.32 1.23493 0.0753208
22.44 1.19894 0.0749056
22.56 1.16365 0.0744672
22.68 1.12905 0.0739792
22.8 1.09514 0.0734159
22.92 1.06193 0.0727521
23.04 1.0294 0.0719641
23.16 0.997569 0.0710289
23.28 0.966418 0.0699255
23.4 0.935946 0.0686342
23.52 0.906146 0.0671375
23.64 0.877012 0.0654196
23.76 0.848534 0.0634671
23.88 0.820705 0.0612688
24 0.793515 0.0588159
24.12 0.766954 0.0561022
24.24 0.74101 0.053124
24.36 0.715672 0.04988
24.48 0.690928 0.0463717
24.6 0.666766 0.0426032
24.72 0.643172 0.038581
24.84 0.620134 0.0343143
24.96 0.597637 0.0298145
25.08 0.575669 0.0250954
25.2 0.554216 0.0201732
25.32 0.533264 0.0150657
25.44 0.5128 0.00979324
25.56 0.492812 0.00437739
25.68 0.473285 -0.00115847
25.8 0.454208 -0.00678964
25.92 0.43557 -0.0124902
26.04 0.417357 -0.0182334
26.16 0.39956 -0.0239917
26.28 0.382169 -0.0297369
26.4 0.365174 -0.0354408
26.52 0.348567 -0.0410749
26.64 0.33234 -0.0466109
26.76 0.316486 -0.052021
26.88 0.300998 -0.057278
27 0.285873 -0.0623554
27.12 0.271106 -0.0672277
27.24 0.256693 -0.0718708
27.36 0.242633 -0.0762619
27.48 0.228924 -0.0803795
27.6 0.215566 -0.0842041
27.72 0.202558 -0.087718
27.84 0.189903 -0.0909053
27.96 0.177602 -0.0937521
28.08 0.165657 -0.0962469
28.2 0.154073 -0.0983802
28.32 0.142853 -0.100145
28.44 0.132001 -0.101536
28.56 0.121522 -0.10255
28.68 0.111421 -0.103188
28.8 0.101705 -0.10345
28.92 0.0923769 -0.103341
29.04 0.0834438 -0.102868
29.16 0.0749109 -0.102037
29.28 0.0667834 -0.10086
29.4 0.0590664 -0.0993486
29.52 0.0517645 -0.0975158
29.64 0.044882 -0.0953774
29.76 0.0384225 -0.0929501
29.88 0.0323891 -0.090252
30 0.0267841 -0.0873024
30.12 0.0216088 -0.0841216
30.24 0.016864 -0.0807307
30.36 0.0125492 -0.0771515
30.48 0.00866308 -0.0734064
30.6 0.00520312 -0.069518
30.72 0.00216575 -0.0655091
30.84 -0.000453733 -0.0614028
30.96 -0.00266125 -0.0572216
31.08 -0.00446391 -0.052988
31.2 -0.00587001 -0.0487241
31.32 -0.00688906 -0.0444513
31.44 -0.00753174 -0.0401903
31.56 -0.00780991 -0.0359611
31.68 -0.00773655 -0.0317826
31.8 -0.00732574 -0.0276729
31.92 -0.00659259 -0.0236489
32.04 -0.00555319 -0.0197262
32.16 -0.00422455 -0.0159192
32.28 -0.0026245 -0.0122412
32.4 -0.000771656 -0.00870389
32.52 0.00131473 -0.0053178
32.64 0.00361483 -0.00209197
32.76 0.00610831 0.000965887
32.88 0.00877451 0.00384945
33 0.0115925 0.00655374
33.12 0.0145411 0.00907512
33.24 0.0175992 0.0114112
33.36 0.0207457 0.0135609
33.48 0.0239597 0.0155243
33.6 0.0272205 0.0173025
33.72 0.0305078 0.0188979
33.84 0.0338019 0.0203136
33.96 0.0370836 0.0215538
34.08 0.0403343 0.0226235
34.2 0.0435363 0.0235284
34.32 0.0466727 0.0242748
34.44 0.0497274 0.0248698
34.56 0.0526854 0.0253207
34.68 0.0555329 0.0256355
34.8 0.0582569 0.0258222
34.92 0.0608458 0.0258892
35.04 0.063289 0.0258452
35.16 0.0655773 0.0256987
35.28 0.0677025 0.0254584
35.4 0.0696578 0.0251328
35.52 0.0714376 0.0247304
35.64 0.0730375 0.0242596
35.76 0.0744544 0.0237283
35.88 0.0756863 0.0231443
36 0.0767323 0.0225151
36.12 0.0775927 0.0218477
36.24 0.0782689 0.021149
36.36 0.0787633 0.0204251
36.48 0.0790791 0.019682
36.6 0.0792207 0.0189252
36.72 0.0791929 0.0181596
36.84 0.0790015 0.0173897
36.96 0.0786531 0.0166198
37.08 0.0781547 0.0158534
37.2 0.0775137 0.0150938
37.32 0.0767382 0.0143439
37.44 0.0758365 0.013606
37.56 0.0748172 0.0128821
37.68 0.0736891 0.0121741
37.8 0.072461 0.0114832
37.92 0.071142 0.0108104
38.04 0.069741 0.0101565
38.16 0.0682667 0.00952208
38.28 0.0667278 0.00890729
38.4 0.0651326 0.00831224
38.52 0.0634895 0.0077368
38.64 0.061806 0.0071807
38.76 0.0600897 0.00664354
38.88 0.0583476 0.00612481
39 0.0565862 0.00562392
39.12 0.0548116 0.00514022
39.24 0.0530295 0.00467301
39.36 0.0512448 0.00422157
39.48 0.0494623 0.00378516
39.6 0.047686 0.00336303
39.72 0.0459193 0.00295446
39.84 0.0441654 0.00255874
39.96 0.0424268 0.00217519
40.08 0.0407055 0.00180316
40.2 0.0390032 0.00144204
40.32 0.0373211 0.00109124
40.44 0.0356598 0.000750246
40.56 0.03402 0.000418554
40.68 0.0324016 9.57089e-05
40.8 0.0308045 -0.000218709
40.92 0.0292282 -0.000525085
41.04 0.027672 -0.000823777
41.16 0.0261352 -0.00111512
41.28 0.0246167 -0.00139941
41.4 0.0231155 -0.00167695
41.52 0.0216306 -0.00194801
41.64 0.0201607 -0.00221286
41.76 0.0187049 -0.00247176
41.88 0.017262 -0.00272496
42 0.0158313 -0.00297272
42.12 0.0144118 -0.00321528
42.24 0.013003 -0.0034529
42.36 0.0116043 -0.00368584
42.48 0.0102155 -0.00391434
42.6 0.00883654 -0.00413867
42.72 0.00746758 -0.00435906
42.84 0.00610903 -0.00457577
42.96 0.00476153 -0.00478902
43.08 0.00342599 -0.00499904
43.2 0.00210355 -0.00520604
43.32 0.000795574 -0.00541018
43.44 -0.000496312 -0.00561164
43.56 -0.00177028 -0.00581051
43.68 -0.00302429 -0.0060069
43.8 -0.00425613 -0.00620082
43.92 -0.0054634 -0.00639229
44.04 -0.00664357 -0.00658122
44.16 -0.00779398 -0.0067675
44.28 -0.00891189 -0.00695095
44.4 -0.00999449 -0.00713131
44.52 -0.0110389 -0.00730826
44.64 -0.0120423 -0.00748143
44.76 -0.0130019 -0.00765035
44.88 -0.0139149 -0.00781449
45 -0.0147785 -0.00797326
45.12 -0.0155902 -0.00812599
45.24 -0.0163475 -0.00827196
45.36 -0.0170483 -0.00841036
45.48 -0.0176903 -0.00854037
45.6 -0.0182717 -0.00866109
45.72 -0.018791 -0.00877159
45.84 -0.0192467 -0.00887089
45.96 -0.0196378 -0.008958
46.08 -0.0199635 -0.00903192
46.2 -0.0202232 -0.00909164
46.32 -0.0204169 -0.00913614
46.44 -0.0205447 -0.00916445
46.56 -0.020607 -0.00917559
46.68 -0.0206046 -0.00916864
46.8 -0.0205388 -0.00914273
46.92 -0.020411 -0.00909705
47.04 -0.0202228 -0.00903086
47.16 -0.0199765 -0.00894351
47.28 -0.0196744 -0.00883444
47.4 -0.0193191 -0.00870318
47.52 -0.0189135 -0.00854939
47.64 -0.0184609 -0.00837284
47.76 -0.0179645 -0.00817343
47.88 -0.017428 -0.00795118
48 -0.016855 -0.00770624
48.12 -0.0162496 -0.00743892
48.24 -0.0156157 -0.00714965
48.36 -0.0149575 -0.006839
48.48 -0.0142791 -0.00650768
48.6 -0.0135848 -0.00615653
48.72 -0.0128788 -0.00578653
48.84 -0.0121654 -0.00539877
48.96 -0.0114487 -0.00499448
49.08 -0.0107329 -0.00457499
49.2 -0.0100219 -0.00414172
49.32 -0.00931979 -0.0036962
49.44 -0.00863018 -0.00324004
49.56 -0.00795672 -0.0027749
49.68 -0.00730281 -0.00230252
49.8 -0.00667165 -0.00182467
49.92 -0.00606622 -0.00134316
50.04 -0.00548926 -0.000859804
50.16 -0.00494324 -0.000376436
50.28 -0.0044304 0.000105136
50.4 -0.00395266 0.000583121
50.52 -0.00351169 0.00105577
50.64 -0.00310885 0.00152138
50.76 -0.00274524 0.00197831
50.88 -0.00242162 0.00242501
51 -0.00213851 0.00286
51.12 -0.00189609 0.0032819
51.24 -0.0016943 0.00368943
51.36 -0.00153276 0.00408144
51.48 -0.00141085 0.00445688
51.6 -0.00132769 0.00481484
51.72 -0.00128212 0.00515453
51.84 -0.00127278 0.0054753
51.96 -0.00129806 0.00577663
52.08 -0.00135618 0.00605812
52.2 -0.00144512 0.00631953
52.32 -0.00156273 0.00656073
52.44 -0.00170669 0.00678174
52.56 -0.00187455 0.00698267
52.68 -0.00206373 0.00716378
52.8 -0.00227157 0.00732542
52.92 -0.00249532 0.00746805
53.04 -0.00273219 0.00759223
53.16 -0.00297935 0.00769859
53.28 -0.00323393 0.00778785
53.4 -0.00349308 0.00786079
53.52 -0.00375399 0.00791825
53.64 -0.00401385 0.00796111
53.76 -0.00426994 0.00799029
53.88 -0.00451959 0.00800673
54 -0.00476025 0.00801137
54.12 -0.00498943 0.00800518
54.24 -0.00520481 0.0079891
54.36 -0.00540417 0.00796407
54.48 -0.00558543 0.00793099
54.6 -0.0057467 0.00789074
54.72 -0.00588621 0.00784414
54.84 -0.0060024 0.007792
54.96 -0.00609386 0.00773503
55.08 -0.00615938 0.00767393
55.2 -0.00619795 0.00760929
55.32 -0.00620872 0.00754169
55.44 -0.00619107 0.00747159
55.56 -0.00614454 0.00739943
55.68 -0.0060689 0.00732556
55.8 -0.00596407 0.00725025
55.92 -0.0058302 0.00717375
56.04 -0.00566759 0.00709621
56.16 -0.00547674 0.00701773
56.28 -0.0052583 0.00693837
56.4 -0.00501311 0.00685813
56.52 -0.00474214 0.00677697
56.64 -0.00444652 0.0066948
56.76 -0.00412752 0.00661152
56.88 -0.00378652 0.00652698
57 -0.00342503 0.00644103
57.12 -0.00304464 0.00635349
57.24 -0.00264705 0.00626418
57.36 -0.00223404 0.00617293
57.48 -0.00180743 0.00607954
57.6 -0.0013691 0.00598387
57.72 -0.000920978 0.00588575
57.84 -0.000465005 0.00578506
57.96 -3.1342e-06 0.0056817
58.08 0.000462683 0.00557559
58.2 0.00093051 0.00546668
58.32 0.00139844 0.00535497
58.44 0.0018646 0.00524049
58.56 0.00232718 0.00512331
58.68 0.00278442 0.00500352
58.8 0.00323464 0.00488127
58.92 0.00367624 0.00475675
59.04 0.00410771 0.00463016
59.16 0.00452764 0.00450177
59.28 0.00493472 0.00437185
59.4 0.00532776 0.0042407
59.52 0.0057057 0.00410868
59.64 0.00606757 0.00397612
59.76 0.00641254 0.0038434
59.88 0.00673993 0.0037109
60 0.00704916 0.00357901
60.12 0.00733979 0.0034481
60.24 0.00761151 0.00331858
60.36 0.00786413 0.0031908
60.48 0.0080976 0.00306512
60.6 0.00831197 0.00294188
60.72 0.00850744 0.0028214
60.84 0.00868429 0.00270396
60.96 0.00884293 0.0025898
61.08 0.00898384 0.00247914
61.2 0.00910763 0.00237215
61.32 0.00921497 0.00226896
61.44 0.00930661 0.00216965
61.56 0.00938338 0.00207426
61.68 0.00944616 0.00198278
61.8 0.00949587 0.00189513
61.92 0.0095335 0.00181123
62.04 0.00956004 0.00173089
62.16 0.00957651 0.00165393
62.28 0.00958395 0.00158009
62.4 0.00958339 0.00150908
62.52 0.00957586 0.00144057
62.64 0.00956238 0.00137419
62.76 0.00954392 0.00130954
62.88 0.00952145 0.00124621
63 0.00949588 0.00118373
63.12 0.00946808 0.00112165
63.24 0.00943884 0.00105948
63.36 0.00940894 0.000996742
63.48 0.00937905 0.000932946
63.6 0.00934979 0.00086761
63.72 0.00932171 0.000800258
63.84 0.00929528 0.000730432
63.96 0.00927088 0.000657693
64.08 0.00924883 0.000581627
64.2 0.00922936 0.000501851
64.32 0.00921262 0.000418015
64.44 0.00919869 0.000329809
64.56 0.00918757 0.000236967
64.68 0.00917917 0.000139267
64.8 0.00917336 3.65358e-05
64.92 0.00916991 -7.13463e-05
65.04 0.00916855 -0.000184447
65.16 0.00916894 -0.000302778
65.28 0.00917069 -0.000426297
65.4 0.00917337 -0.000554902
65.52 0.00917648 -0.000688437
65.64 0.00917953 -0.00082669
65.76 0.00918196 -0.000969392
65.88 0.0091832 -0.00111622
66 0.00918267 -0.00126681
66.12 0.00917977 -0.00142073
66.24 0.0091739 -0.00157751
66.36 0.00916446 -0.00173665
66.48 0.00915085 -0.00189758
66.6 0.00913251 -0.00205971
66.72 0.00910887 -0.00222241
66.84 0.00907938 -0.00238504
66.96 0.00904354 -0.00254691
67.08 0.00900088 -0.0027073
67.2 0.00895093 -0.00286551
67.32 0.0088933 -0.00302078
67.44 0.00882762 -0.00317238
67.56 0.00875357 -0.00331954
67.68 0.00867084 -0.00346151
67.8 0.00857922 -0.00359754
67.92 0.00847849 -0.00372686
68.04 0.00836851 -0.00384875
68.16 0.00824915 -0.00396246
68.28 0.00812036 -0.00406727
68.4 0.00798208 -0.00416251
68.52 0.00783434 -0.00424747
68.64 0.00767715 -0.00432152
68.76 0.00751058 -0.00438402
68.88 0.00733472 -0.00443438
69 0.00714968 -0.00447203
69.12 0.0069556 -0.00449644
69.24 0.00675261 -0.00450712
69.36 0.00654086 -0.00450361
69.48 0.00632053 -0.0044855
69.6 0.00609175 -0.00445242
69.72 0.00585469 -0.00440403
69.84 0.0056095 -0.00434007
69.96 0.0053563 -0.00426031
70.08 0.00509521 -0.00416456
70.2 0.00482634 -0.00405272
70.32 0.00454974 -0.00392472
70.44 0.00426548 -0.00378056
70.56 0.00397357 -0.00362029
70.68 0.003674 -0.00344405
70.8 0.0033667 -0.00325202
70.92 0.00305161 -0.00304446
71.04 0.00272859 -0.00282172
71.16 0.0023975 -0.0025842
71.28 0.00205812 -0.00233238
71.4 0.00171024 -0.00206683
71.52 0.00135358 -0.0017882
71.64 0.000987831 -0.00149722
71.76 0.000612661 -0.00119469
71.88 0.000227698 -0.000881511
72 -0.000167455 -0.000558671
72.12 -0.000573221 -0.000227236
72.24 -0.000990044 0.00011164
72.36 -0.00141839 0.00045672
72.48 -0.00185872 0.000806683
72.6 -0.00231153 0.00116013
72.72 -0.0027773 0.00151558
72.84 -0.00325652 0.00187148
72.96 -0.00374965 0.00222621
73.08 -0.00425716 0.00257809
73.2 -0.00477948 0.00292537
73.32 -0.00531703 0.00326627
73.44 -0.00587019 0.00359896
73.56 -0.00643928 0.00392155
73.68 -0.00702461 0.00423218
73.8 -0.00762639 0.00452893
73.92 -0.00824481 0.0048099
74.04 -0.00887997 0.0050732
74.16 -0.00953189 0.00531697
74.28 -0.0102005 0.00553937
74.4 -0.0108857 0.00573863
74.52 -0.0115872 0.00591304
74.64 -0.0123047 0.00606096
74.76 -0.0130378 0.00618086
74.88 -0.0137858 0.00627132
75 -0.0145481 0.00633104
75.12 -0.0153238 0.00635885
75.24 -0.0161122 0.00635376
75.36 -0.0169119 0.00631494
75.48 -0.017722 0.00624173
75.6 -0.018541 0.00613367
75.72 -0.0193674 0.00599052
75.84 -0.0201996 0.00581225
75.96 -0.0210358 0.00559904
76.08 -0.0218742 0.00535131
76.2 -0.0227127 0.00506975
76.32 -0.023549 0.00475524
76.44 -0.0243809 0.00440895
76.56 -0.0252058 0.00403228
76.68 -0.0260213 0.00362686
76.8 -0.0268245 0.0031946
76.92 -0.0276127 0.0027376
77.04 -0.0283829 0.00225822
77.16 -0.0291321 0.00175902
77.28 -0.0298572 0.00124277
77.4 -0.030555 0.00071243
77.52 -0.0312223 0.000171127
77.64 -0.0318559 -0.000377856
77.76 -0.0324523 -0.000931107
77.88 -0.0330084 -0.0014851
78 -0.0335209 -0.00203625
78.12 -0.0339864 -0.00258088
78.24 -0.0344018 -0.00311531
78.36 -0.0347639 -0.00363586
78.48 -0.0350698 -0.00413888
78.6 -0.0353165 -0.00462079
78.72 -0.0355013 -0.00507811
78.84 -0.0356215 -0.00550747
78.96 -0.0356749 -0.0059057
79.08 -0.0356592 -0.00626979
79.2 -0.0355725 -0.00659698
79.32 -0.0354132 -0.00688476
79.44 -0.0351799 -0.00713092
79.56 -0.0348717 -0.00733354
79.68 -0.0344878 -0.00749109
79.8 -0.034028 -0.00760236
79.92 -0.0334923 -0.00766657
80.04 -0.0328813 -0.00768333
80.16 -0.0321958 -0.00765269
80.28 -0.0314373 -0.00757514
80.4 -0.0306075 -0.00745162
80.52 -0.0297087 -0.00728354
80.64 -0.0287437 -0.00707275
80.76 -0.0277157 -0.0068216
80.88 -0.0266284 -0.00653286
81 -0.025486 -0.00620977
81.12 -0.0242932 -0.00585601
81.24 -0.0230551 -0.00547567
81.36 -0.0217772 -0.00507323
81.48 -0.0204656 -0.00465356
81.6 -0.0191267 -0.00422186
81.72 -0.0177672 -0.00378365
81.84 -0.0163942 -0.00334471
81.96 -0.0150154 -0.00291107
82.08 -0.0136383 -0.00248894
82.2 -0.0122711 -0.00208467
82.32 -0.0109219 -0.0017047
82.44 -0.00959899 -0.00135551
82.56 -0.00831089 -0.00104359
82.68 -0.00706604 -0.000775342
82.8 -0.00587293 -0.000557043
82.92 -0.00473994 -0.000394798
83.04 -0.00367532 -0.000294471
83.16 -0.00268714 -0.000261631
83.28 -0.00178319 -0.0003015
83.4 -0.000970914 -0.000418889
83.52 -0.000257387 -0.000618154
83.64 0.000350793 -0.00090314
83.76 0.000847552 -0.00127713
83.88 0.00122741 -0.00174282
84 0.00148552 -0.00230225
84.12 0.00161776 -0.00295676
84.24 0.00162078 -0.00370702
84.36 0.00149203 -0.00455292
84.48 0.00122982 -0.0054936
84.6 0.000833394 -0.00652742
84.72 0.000302909 -0.00765194
84.84 -0.000360486 -0.00886392
84.96 -0.00115464 -0.0101593
85.08 -0.0020764 -0.0115334
85.2 -0.00312156 -0.0129804
85.32 -0.00428488 -0.0144942
85.44 -0.00556011 -0.0160675
85.56 -0.00693997 -0.0176926
85.68 -0.00841617 -0.0193611
85.8 -0.00997947 -0.0210639
85.92 -0.0116197 -0.0227916
86.04 -0.0133257 -0.0245338
86.16 -0.0150857 -0.0262802
86.28 -0.0168869 -0.0280199
86.4 -0.0187159 -0.0297416
86.52 -0.0205587 -0.0314339
86.64 -0.0224008 -0.0330853
86.76 -0.0242272 -0.0346843
86.88 -0.0260223 -0.0362191
87 -0.0277707 -0.0376784
87.12 -0.0294564 -0.0390509
87.24 -0.0310637 -0.0403257
87.36 -0.0325768 -0.0414922
87.48 -0.0339802 -0.0425402
87.6 -0.0352585 -0.0434603
87.72 -0.036397 -0.0442435
87.84 -0.0373813 -0.0448817
87.96 -0.0381978 -0.0453675
88.08 -0.0388338 -0.0456943
88.2 -0.0392772 -0.0458566
88.32 -0.0395172 -0.0458498
88.44 -0.0395438 -0.0456703
88.56 -0.0393485 -0.0453159
88.68 -0.038924 -0.0447851
88.8 -0.0382643 -0.0440779
88.92 -0.037365 -0.0431955
89.04 -0.036223 -0.0421402
89.16 -0.034837 -0.0409155
89.28 -0.0332072 -0.0395263
89.4 -0.0313355 -0.0379786
89.52 -0.0292254 -0.0362796
89.64 -0.0268823 -0.0344379
89.76 -0.024313 -0.032463
89.88 -0.0215262 -0.0303654
90 -0.018532 -0.0281571
90.12 -0.0153423 -0.0258506
90.24 -0.0119705 -0.0234596
90.36 -0.00843134 -0.0209985
90.48 -0.00474109 -0.0184826
90.6 -0.000917256 -0.0159276
90.72 0.00302145 -0.0133499
90.84 0.00705523 -0.0107665
90.96 0.0111634 -0.0081945
91.08 0.0153242 -0.0056513
91.2 0.0195156 -0.00315445
91.32 0.0237148 -0.000721457
91.44 0.0278985 0.00163031
91.56 0.0320435 0.00388372
91.68 0.0361263 0.00602204
91.8 0.0401235 0.00802905
91.92 0.0440123 0.00988914
92.04 0.0477699 0.0115875
92.16 0.0513745 0.01311
92.28 0.0548048 0.0144437
92.4 0.0580407 0.0155767
92.52 0.061063 0.0164982
92.64 0.0638538 0.0171987
92.76 0.0663966 0.01767
92.88 0.0686764 0.0179055
93 0.0706797 0.0179
93.12 0.072395 0.0176499
93.24 0.0738124 0.0171532
93.36 0.0749241 0.0164096
93.48 0.0757241 0.0154205
93.6 0.0762085 0.0141889
93.72 0.0763756 0.0127196
93.84 0.0762255 0.0110193
93.96 0.0757608 0.00909614
94.08 0.0749857 0.00696004
94.2 0.073907 0.00462257
94.32 0.072533 0.0020969
94.44 0.0708744 -0.00060225
94.56 0.0689434 -0.00345872
94.68 0.0667543 -0.00645496
94.8 0.0643228 -0.0095721
94.92 0.0616664 -0.0127901
95.04 0.0588039 -0.0160878
95.16 0.0557555 -0.0194431
95.28 0.0525423 -0.022833
95.4 0.0491866 -0.0262338
95.52 0.0457115 -0.0296214
95.64 0.0421404 -0.0329709
95.76 0.0384975 -0.0362574
95.88 0.034807 -0.0394558
96 0.0310933 -0.0425409
96.12 0.0273806 -0.0454878
96.24 0.0236927 -0.0482718
96.36 0.0200529 -0.0508687
96.48 0.0164838 -0.0532551
96.6 0.0130071 -0.0554081
96.72 0.0096435 -0.0573059
96.84 0.00641238 -0.0589277
96.96 0.00333179 -0.0602539
97.08 0.000418234 -0.0612663
97.2 -0.00231344 -0.0619479
97.32 -0.00485016 -0.0622836
97.44 -0.0071807 -0.0622599
97.56 -0.00929582 -0.0618649
97.68 -0.0111883 -0.0610886
97.8 -0.012853 -0.0599232
97.92 -0.0142869 -0.0583626
98.04 -0.0154891 -0.0564028
98.16 -0.0164608 -0.0540421
98.28 -0.0172055 -0.0512808
98.4 -0.0177285 -0.0481213
98.52 -0.0180372 -0.0445683
98.64 -0.0181411 -0.0406285
98.76 -0.0180514 -0.0363109
98.88 -0.0177812 -0.0316264
99 -0.017345 -0.0265881
99.12 -0.016759 -0.0212111
99.24 -0.0160407 -0.0155123
99.36 -0.0152088 -0.00951062
99.48 -0.014283 -0.00322665
99.6 -0.0132839 0.00331735
99.72 -0.0122326 0.0100976
99.84 -0.0111508 0.0170888
99.96 -0.0100605 0.0242645
100.08 -0.00898371 0.031597
100.2 -0.00794228 0.0390575
100.32 -0.00695778 0.0466166
100.44 -0.00605123 0.0542438
100.56 -0.00524294 0.0619085
100.68 -0.0045523 0.0695793
100.8 -0.00399763 0.0772248
100.92 -0.00359597 0.0848136
101.04 -0.00336296 0.0923141
101.16 -0.00331264 0.0996954
101.28 -0.00345736 0.106927
101.4 -0.00380765 0.113978
101.52 -0.0043721 0.12082
101.64 -0.00515724 0.127424
101.76 -0.00616754 0.133763
101.88 -0.00740528 0.13981
102 -0.00887055 0.145542
102.12 -0.0105612 0.150934
102.24 -0.0124729 0.155965
102.36 -0.0145991 0.160615
102.48 -0.016931 0.164866
102.6 -0.0194578 0.168701
102.72 -0.0221665 0.172105
102.84 -0.0250423 0.175067
102.96 -0.0280684 0.177577
103.08 -0.0312262 0.179625
103.2 -0.0344958 0.181207
103.32 -0.0378554 0.182318
103.44 -0.0412822 0.182956
103.56 -0.0447521 0.183123
103.68 -0.0482401 0.18282
103.8 -0.0517205 0.182053
103.92 -0.0551667 0.180829
104.04 -0.058552 0.179156
104.16 -0.0618494 0.177046
104.28 -0.065032 0.174511
104.4 -0.0680729 0.171566
104.52 -0.0709457 0.168227
104.64 -0.0736248 0.164513
104.76 -0.0760851 0.160442
104.88 -0.0783027 0.156035
105 -0.0802546 0.151315
105.12 -0.0819195 0.146304
105.24 -0.0832771 0.141027
105.36 -0.0843093 0.135509
105.48 -0.0849992 0.129776
105.6 -0.0853323 0.123853
105.72 -0.0852957 0.117768
105.84 -0.0848787 0.111547
105.96 -0.084073 0.105218
106.08 -0.0828721 0.0988073
106.2 -0.0812722 0.0923419
106.32 -0.0792715 0.0858484
106.44 -0.0768705 0.079353
106.56 -0.0740723 0.0728813
106.68 -0.070882 0.0664581
106.8 -0.0673069 0.0601076
106.92 -0.0633568 0.0538528
107.04 -0.0590434 0.0477161
107.16 -0.0543804 0.0417183
107.28 -0.0493835 0.0358795
107.4 -0.0440704 0.0302181
107.52 -0.0384603 0.0247515
107.64 -0.032574 0.0194956
107.76 -0.026434 0.0144648
107.88 -0.0200638 0.00967218
108 -0.0134883 0.0051292
108.12 -0.00673318 0.000845906
108.24 0.000174912 -0.00316919
108.36 0.00720868 -0.00690907
108.48 0.0143403 -0.0103682
108.6 0.0215417 -0.0135425
108.72 0.0287846 -0.0164293
108.84 0.0360407 -0.0190275
108.96 0.0432818 -0.0213369
109.08 0.0504801 -0.0233591
109.2 0.0576083 -0.0250965
109.32 0.0646397 -0.0265528
109.44 0.0715482 -0.0277329
109.56 0.0783087 -0.0286425
109.68 0.0848971 -0.0292883
109.8 0.0912904 -0.0296777
109.92 0.0974669 -0.029819
110.04 0.103406 -0.029721
110.16 0.109089 -0.0293931
110.28 0.114497 -0.0288452
110.4 0.119616 -0.0280874
110.52 0.124429 -0.0271303
110.64 0.128925 -0.0259845
110.76 0.133091 -0.0246609
110.88 0.136919 -0.0231701
111 0.1404 -0.021523
111.12 0.143527 -0.0197302
111.24 0.146296 -0.0178021
111.36 0.148703 -0.015749
111.48 0.150746 -0.0135806
111.6 0.152426 -0.0113067
111.72 0.153744 -0.00893623
111.84 0.154702 -0.00647804
111.96 0.155304 -0.00394041
112.08 0.155555 -0.00133116
112.2 0.155461 0.00134236
112.32 0.155031 0.00407327
112.44 0.154273 0.00685518
112.56 0.153196 0.00968215
112.68 0.151811 0.0125487
112.8 0.150128 0.0154498
112.92 0.14816 0.0183809
113.04 0.145919 0.0213375
113.16 0.143418 0.0243159
113.28 0.140672 0.0273124
113.4 0.137692 0.0303236
113.52 0.134495 0.0333462
113.64 0.131094 0.0363774
113.76 0.127503 0.0394141
113.88 0.123739 0.0424535
114 0.119815 0.0454927
114.12 0.115746 0.0485288
114.24 0.111547 0.0515589
114.36 0.107233 0.0545797
114.48 0.102818 0.0575879
114.6 0.0983163 0.06058
114.72 0.0937422 0.0635521
114.84 0.0891094 0.0665001
114.96 0.0844316 0.0694196
115.08 0.0797219 0.0723058
115.2 0.0749934 0.0751536
115.32 0.0702587 0.0779574
115.44 0.06553 0.0807115
115.56 0.0608192 0.0834095
115.68 0.0561379 0.0860448
115.8 0.0514973 0.0886106
115.92 0.0469081 0.0910995
116.04 0.0423808 0.0935042
116.16 0.0379254 0.0958167
116.28 0.0335514 0.0980292
116.4 0.0292683 0.100134
116.52 0.0250847 0.102122
116.64 0.0210091 0.103985
116.76 0.0170496 0.105715
116.88 0.0132139 0.107305
117 0.00950904 0.108746
117.12 0.00594197 0.11003
117.24 0.00251905 0.11115
117.36 -0.000753742 0.112099
117.48 -0.00387087 0.112871
117.6 -0.00682724 0.11346
117.72 -0.0096182 0.11386
117.84 -0.0122396 0.114066
117.96 -0.0146876 0.114076
118.08 -0.0169592 0.113885
118.2 -0.0190514 0.113493
118.32 -0.0209622 0.112897
118.44 -0.0226897 0.112098
118.56 -0.0242328 0.111096
118.68 -0.0255909 0.109895
118.8 -0.0267638 0.108496
118.92 -0.0277519 0.106904
119.04 -0.0285563 0.105126
119.16 -0.0291785 0.103166
119.28 -0.0296207 0.101035
119.4 -0.0298856 0.098739
119.52 -0.0299763 0.0962898
119.64 -0.0298968 0.0936983
119.76 -0.0296514 0.0909766
119.88 -0.0292451 0.0881379
120 -0.0286832 0.0851965
