-0.999 -5.77416e-05 -3.54373e-05
-0.998 -0.000240228 -0.000144301
-0.997 -0.000508473 -0.000325793
-0.996 -0.000795328 -0.000571605
-0.995 -0.00108223 -0.000863669
-0.994 -0.00145304 -0.00117224
-0.993 -0.00207295 -0.00145669
-0.992 -0.00308302 -0.00167117
-0.991 -0.00445903 -0.00177577
-0.99 -0.00592103 -0.00175194
-0.989 -0.00696839 -0.00161769
-0.988 -0.00705781 -0.00143639
-0.987 -0.00586924 -0.00131316
-0.986 -0.0035503 -0.00137699
-0.985 -0.00081232 -0.00175357
-0.984 0.00121067 -0.00254007
-0.983 0.00132818 -0.00379326
-0.982 -0.00124668 -0.00553549
-0.981 -0.00654207 -0.00777202
-0.98 -0.0137488 -0.0105055
-0.979 -0.0214782 -0.013734
-0.978 -0.0282748 -0.0174302
-0.977 -0.0331921 -0.021509
-0.976 -0.0361936 -0.0257928
-0.975 -0.0381761 -0.0299886
-0.974 -0.0405545 -0.0336924
-0.973 -0.0445547 -0.0364337
-0.972 -0.050508 -0.0377602
-0.971 -0.0574523 -0.0373459
-0.97 -0.0632325 -0.0350829
-0.969 -0.0651093 -0.031122
-0.968 -0.0606999 -0.0258495
-0.967 -0.0489292 -0.0198158
-0.966 -0.0306188 -0.0136433
-0.965 -0.00843867 -0.00794293
-0.964 0.0137816 -0.003247
-0.963 0.0321162 4.61807e-05
-0.962 0.0436076 0.0017031
-0.961 0.0470032 0.00163681
-0.96 0.0429489 -0.00015839
-0.959 0.0335837 -0.0036731
-0.958 0.0216591 -0.00889185
-0.957 0.009504 -0.0157346
-0.956 -0.00174235 -0.0239956
-0.955 -0.0123421 -0.0333473
-0.954 -0.0236308 -0.0433874
-0.953 -0.037366 -0.0536431
-0.952 -0.0549783 -0.0635266
-0.951 -0.0769138 -0.0723436
-0.95 -0.102251 -0.0794451
-0.949 -0.128754 -0.0844682
-0.948 -0.153392 -0.0875015
-0.947 -0.173138 -0.0890764
-0.946 -0.185692 -0.0900623
-0.945 -0.190002 -0.0915758
-0.944 -0.186572 -0.0948596
-0.943 -0.177561 -0.101002
-0.942 -0.166493 -0.110516
-0.941 -0.157464 -0.122996
-0.94 -0.154007 -0.137098
-0.939 -0.157954 -0.150859
-0.938 -0.168712 -0.162172
-0.937 -0.183075 -0.169226
-0.936 -0.195665 -0.170868
-0.935 -0.200068 -0.166866
-0.934 -0.190692 -0.157931
-0.933 -0.164844 -0.145404
-0.932 -0.124215 -0.130658
-0.931 -0.0750081 -0.114516
-0.93 -0.0264595 -0.0970107
-0.929 0.0117557 -0.0776106
-0.928 0.0323624 -0.0558336
-0.927 0.0326924 -0.0320451
-0.926 0.0155565 -0.00816299
-0.925 -0.0116958 0.0121056
-0.924 -0.0398934 0.0237759
-0.923 -0.0617702 0.0218029
-0.922 -0.0753213 0.00260229
-0.921 -0.0852373 -0.0346683
-0.92 -0.101482 -0.087483
-0.919 -0.135378 -0.15016
-0.918 -0.194671 -0.214973
-0.917 -0.2794 -0.274059
-0.916 -0.380014 -0.321536
-0.915 -0.478517 -0.354895
-0.914 -0.552613 -0.374974
-0.913 -0.582038 -0.384627
-0.912 -0.555268 -0.386868
-0.911 -0.473977 -0.383316
-0.91 -0.353191 -0.37337
-0.909 -0.216902 -0.354248
-0.908 -0.0909005 -0.32205
-0.907 0.00463594 -0.273894
-0.906 0.0605476 -0.210406
-0.905 0.0806849 -0.137187
-0.904 0.0797086 -0.0642273
-0.903 0.076858 -0.00339008
-0.902 0.0875779 0.034895
-0.901 0.116446 0.0444586
-0.9 0.154493 0.0250466
-0.899 0.181894 -0.0174149
-0.898 0.174806 -0.0722189
-0.897 0.114148 -0.126988
-0.896 -0.00610803 -0.171588
-0.895 -0.173716 -0.201142
-0.894 -0.358658 -0.216778
-0.893 -0.520435 -0.223968
-0.892 -0.620006 -0.229464
-0.891 -0.631861 -0.238206
-0.89 -0.55212 -0.251172
-0.889 -0.400589 -0.264759
-0.888 -0.216316 -0.272134
-0.887 -0.0471017 -0.266406
-0.886 0.0649978 -0.244383
-0.885 0.0974083 -0.209123
-0.884 0.0539969 -0.170057
-0.883 -0.0380427 -0.140621
-0.882 -0.139497 -0.134296
-0.881 -0.213662 -0.160363
-0.88 -0.239522 -0.220653
-0.879 -0.22037 -0.308495
-0.878 -0.184953 -0.410581
-0.877 -0.178744 -0.511203
-0.876 -0.246381 -0.596999
-0.875 -0.411942 -0.660246
-0.874 -0.666256 -0.6998
-0.873 -0.966634 -0.719854
-0.872 -1.24802 -0.727166
-0.871 -1.44108 -0.727528
-0.87 -1.4927 -0.722731
-0.869 -1.38381 -0.709579
-0.868 -1.13854 -0.681882
-0.867 -0.818887 -0.634455
-0.866 -0.504785 -0.566751
-0.865 -0.267216 -0.484206
-0.864 -0.145533 -0.397072
-0.863 -0.136402 -0.317684
-0.862 -0.19653 -0.257102
-0.861 -0.25812 -0.221747
-0.86 -0.253553 -0.211113
-0.859 -0.142093 -0.217984
-0.858 0.0716706 -0.23173
-0.857 0.336436 -0.243162
-0.856 0.571102 -0.248197
-0.855 0.692608 -0.24858
-0.854 0.64437 -0.249941
-0.853 0.417057 -0.25867
-0.852 0.0553408 -0.27882
-0.851 -0.353616 -0.309908
-0.85 -0.708392 -0.34659
-0.849 -0.928443 -0.381045
-0.848 -0.981836 -0.407566
-0.847 -0.894669 -0.427048
-0.846 -0.740513 -0.448635
-0.845 -0.615566 -0.487241
-0.844 -0.606637 -0.55786
-0.843 -0.759491 -0.66885
-0.842 -1.05836 -0.81655
-0.841 -1.42741 -0.983362
-0.84 -1.75604 -1.14083
-0.839 -1.93723 -1.25745
-0.838 -1.90257 -1.30856
-0.837 -1.64206 -1.28416
-0.836 -1.20627 -1.19149
-0.835 -0.692466 -1.05121
-0.834 -0.216295 -0.888948
-0.833 0.125869 -0.724983
-0.832 0.290097 -0.566048
-0.831 0.297634 -0.402947
-0.83 0.22145 -0.21623
-0.829 0.155074 0.0117444
-0.828 0.178227 0.283656
-0.827 0.329539 0.579023
-0.826 0.590602 0.854684
-0.825 0.885278 1.05411
-0.824 1.09918 1.12286
-0.823 1.11742 1.02583
-0.822 0.866455 0.760527
-0.821 0.341669 0.360679
-0.82 -0.388948 -0.112933
-0.819 -1.20253 -0.591243
-0.818 -1.9525 -1.01777
-0.817 -2.50627 -1.36344
-0.816 -2.7826 -1.63063
-0.815 -2.77677 -1.84567
-0.814 -2.56095 -2.04302
-0.813 -2.25685 -2.24588
-0.812 -1.99239 -2.45054
-0.811 -1.85959 -2.62192
-0.81 -1.88668 -2.70361
-0.809 -2.0297 -2.63903
-0.808 -2.18622 -2.39499
-0.807 -2.23062 -1.97821
-0.806 -2.06263 -1.43902
-0.805 -1.65077 -0.860868
-0.804 -1.05144 -0.338514
-0.803 -0.396104 0.0490055
-0.802 0.146992 0.261291
-0.801 0.423042 0.306202
-0.8 0.339777 0.232098
-0.799 -0.0976611 0.106328
-0.798 -0.779797 -0.0111986
-0.797 -1.52214 -0.0895493
-0.796 -2.12383 -0.136118
-0.795 -2.43309 -0.190792
-0.794 -2.39428 -0.306842
-0.793 -2.06226 -0.525362
-0.792 -1.58305 -0.853707
-0.791 -1.14722 -1.2573
-0.79 -0.926673 -1.66803
-0.789 -1.01255 -2.00525
-0.788 -1.37856 -2.20138
-0.787 -1.88812 -2.22318
-0.786 -2.34468 -2.08172
-0.785 -2.56329 -1.82733
-0.784 -2.43589 -1.53093
-0.783 -1.96973 -1.25915
-0.782 -1.29006 -1.05336
-0.781 -0.60573 -0.920935
-0.78 -0.143719 -0.840063
-0.779 -0.0708621 -0.77408
-0.778 -0.432353 -0.689257
-0.777 -1.13374 -0.56998
-0.776 -1.97387 -0.426256
-0.775 -2.71336 -0.29068
-0.774 -3.15207 -0.205924
-0.773 -3.19111 -0.208498
-0.772 -2.86365 -0.316405
-0.771 -2.32545 -0.525161
-0.77 -1.80418 -0.811407
-0.769 -1.52094 -1.14068
-0.768 -1.61161 -1.476
-0.767 -2.07856 -1.78482
-0.766 -2.78944 -2.04268
-0.765 -3.52042 -2.23288
-0.764 -4.0265 -2.34355
-0.763 -4.11701 -2.3652
-0.762 -3.71612 -2.29157
-0.761 -2.89004 -2.12289
-0.76 -1.82955 -1.86889
-0.759 -0.790972 -1.54887
-0.758 -0.0158298 -1.18844
-0.757 0.342646 -0.81391
-0.756 0.262864 -0.446307
-0.755 -0.143626 -0.0977842
-0.754 -0.671786 0.227258
-0.753 -1.09348 0.525417
-0.752 -1.23883 0.784436
-0.751 -1.06098 0.975592
-0.75 -0.659709 1.05318
-0.749 -0.254839 0.962679
-0.748 -0.119489 0.655847
-0.747 -0.493563 0.108461
-0.746 -1.50103 -0.664816
-0.745 -3.09485 -1.60464
-0.744 -5.05085 -2.61459
-0.743 -7.02075 -3.58185
-0.742 -8.6314 -4.40443
-0.741 -9.59465 -5.01497
-0.74 -9.78804 -5.39234
-0.739 -9.28298 -5.5577
-0.738 -8.31749 -5.55716
-0.737 -7.22104 -5.4373
-0.736 -6.30773 -5.22236
-0.735 -5.76705 -4.90215
-0.734 -5.59408 -4.43697
-0.733 -5.59361 -3.77919
-0.732 -5.46038 -2.90311
-0.731 -4.90092 -1.83075
-0.73 -3.74974 -0.642199
-0.729 -2.04466 0.534068
-0.728 -0.042297 1.54847
-0.727 1.83589 2.2668
-0.726 3.12246 2.60444
-0.725 3.4566 2.54683
-0.724 2.7136 2.14854
-0.723 1.05596 1.51153
-0.722 -1.11458 0.750896
-0.721 -3.28173 -0.0389645
-0.72 -4.97107 -0.806072
-0.719 -5.89247 -1.54401
-0.718 -6.02772 -2.27714
-0.717 -5.63039 -3.03465
-0.716 -5.12852 -3.82416
-0.715 -4.96043 -4.61489
-0.714 -5.40659 -5.33689
-0.713 -6.48225 -5.89624
-0.712 -7.92664 -6.20036
-0.711 -9.28685 -6.18477
-0.71 -10.0688 -5.83243
-0.709 -9.9107 -5.17948
-0.708 -8.72131 -4.30669
-0.707 -6.7269 -3.3204
-0.706 -4.40468 -2.32924
-0.705 -2.32875 -1.42333
-0.704 -0.988413 -0.660563
-0.703 -0.639387 -0.0624872
-0.702 -1.22888 0.380313
-0.701 -2.41413 0.69612
-0.7 -3.67585 0.917465
-0.699 -4.49847 1.068
-0.698 -4.55342 1.15314
-0.697 -3.81118 1.15559
-0.696 -2.54232 1.03776
-0.695 -1.21932 0.752218
-0.694 -0.362766 0.258998
-0.693 -0.377512 -0.455431
-0.692 -1.41795 -1.36367
-0.691 -3.32175 -2.39231
-0.69 -5.6465 -3.42899
-0.689 -7.81007 -4.34207
-0.688 -9.28278 -5.0105
-0.687 -9.75365 -5.35634
-0.686 -9.21546 -5.36816
-0.685 -7.95564 -5.1046
-0.684 -6.46658 -4.6752
-0.683 -5.29668 -4.20482
-0.682 -4.87443 -3.793
-0.681 -5.35855 -3.48156
-0.68 -6.57578 -3.24248
-0.679 -8.07871 -2.99317
-0.678 -9.30089 -2.63653
-0.677 -9.7486 -2.11222
-0.676 -9.16865 -1.43893
-0.675 -7.64762 -0.729062
-0.674 -5.61144 -0.168028
-0.673 -3.71294 0.0374854
-0.672 -2.63062 -0.273145
-0.671 -2.84165 -1.15394
-0.67 -4.45144 -2.52162
-0.669 -7.14114 -4.16861
-0.668 -10.249 -5.81744
-0.667 -12.961 -7.19848
-0.666 -14.5589 -8.12473
-0.665 -14.6512 -8.5381
-0.664 -13.3042 -8.51138
-0.663 -11.016 -8.20442
-0.662 -8.54138 -7.7899
-0.661 -6.62861 -7.37727
-0.66 -5.76221 -6.9659
-0.659 -5.99292 -6.44653
-0.658 -6.91087 -5.65009
-0.657 -7.78184 -4.42565
-0.656 -7.81785 -2.71959
-0.655 -6.49052 -0.627006
-0.654 -3.76248 1.60626
-0.653 -0.142283 3.6367
-0.652 3.45557 5.11572
-0.651 5.99274 5.78892
-0.65 6.63909 5.5663
-0.649 5.05289 4.54022
-0.648 1.51726 2.94827
-0.647 -3.12841 1.09532
-0.646 -7.75652 -0.739331
-0.645 -11.3251 -2.37897
-0.644 -13.2141 -3.78283
-0.643 -13.4015 -5.02436
-0.642 -12.4298 -6.22596
-0.641 -11.1827 -7.47954
-0.64 -10.5501 -8.78451
-0.639 -11.0919 -10.0244
-0.638 -12.8165 -10.9893
-0.637 -15.1635 -11.4368
-0.636 -17.2029 -11.174
-0.635 -17.9736 -10.1296
-0.634 -16.8341 -8.38814
-0.633 -13.704 -6.17415
-0.632 -9.11781 -3.7943
-0.631 -4.0713 -1.56137
-0.63 0.28937 0.278106
-0.629 3.03154 1.59401
-0.628 3.72362 2.38735
-0.627 2.54705 2.76373
-0.626 0.203987 2.87505
-0.625 -2.33466 2.85442
-0.624 -4.1556 2.77043
-0.623 -4.70298 2.61211
-0.622 -3.95387 2.30082
-0.621 -2.40598 1.72153
-0.62 -0.882755 0.767721
-0.619 -0.234149 -0.610374
-0.618 -1.0476 -2.37293
-0.617 -3.46335 -4.38912
-0.616 -7.13501 -6.46673
-0.615 -11.3325 -8.39607
-0.614 -15.1599 -9.99206
-0.613 -17.83 -11.1295
-0.612 -18.9052 -11.7693
-0.611 -18.4159 -11.9655
-0.61 -16.82 -11.8425
-0.609 -14.8327 -11.5454
-0.608 -13.1977 -11.1884
-0.607 -12.4661 -10.8198
-0.606 -12.8271 -10.4119
-0.605 -14.0341 -9.87079
-0.604 -15.4636 -9.06454
-0.603 -16.3055 -7.8746
-0.602 -15.8283 -6.25702
-0.601 -13.6245 -4.28621
-0.6 -9.76364 -2.1566
-0.599 -4.8123 -0.141884
-0.598 0.28125 1.46911
-0.597 4.42362 2.4402
-0.596 6.68531 2.64765
-0.595 6.59133 2.11809
-0.594 4.28488 1.02442
-0.593 0.49622 -0.369761
-0.592 -3.67627 -1.79715
-0.591 -7.10436 -3.06548
-0.59 -8.98797 -4.0981
-0.589 -9.12254 -4.93118
-0.588 -7.97605 -5.67587
-0.587 -6.5248 -6.45455
-0.586 -5.88609 -7.32494
-0.585 -6.87759 -8.22141
-0.584 -9.66993 -8.94913
-0.583 -13.6607 -9.24251
-0.582 -17.6191 -8.86118
-0.581 -20.0689 -7.6805
-0.58 -19.8022 -5.74785
-0.579 -16.3527 -3.29548
-0.578 -10.2414 -0.705834
-0.577 -2.87863 1.57258
-0.576 3.85633 3.14182
-0.575 8.21032 3.76051
-0.574 9.11507 3.393
-0.573 6.52842 2.18759
-0.572 1.4463 0.407844
-0.571 -4.43246 -1.64953
-0.57 -9.29431 -3.73044
-0.569 -11.8498 -5.6806
-0.568 -11.779 -7.46544
-0.567 -9.8076 -9.13662
-0.566 -7.39015 -10.7559
-0.565 -6.13157 -12.3176
-0.564 -7.1599 -13.7098
-0.563 -10.6654 -14.7269
-0.562 -15.7659 -15.1148
-0.561 -20.7617 -14.6342
-0.56 -23.7103 -13.1344
-0.559 -23.1235 -10.6205
-0.558 -18.5268 -7.28912
-0.557 -10.6695 -3.50612
-0.556 -1.31313 0.266589
-0.555 7.31762 3.56343
-0.554 13.2275 5.99749
-0.553 15.258 7.32156
-0.552 13.4116 7.46512
-0.551 8.78747 6.53713
-0.55 3.15552 4.7839
-0.549 -1.67739 2.51172
-0.548 -4.48112 0.00460311
-0.547 -4.98014 -2.53338
-0.546 -3.87576 -5.00162
-0.545 -2.52485 -7.39544
-0.544 -2.40371 -9.7695
-0.543 -4.5512 -12.1745
-0.542 -9.17933 -14.5841
-0.541 -15.5725 -16.8462
-0.54 -22.2974 -18.6855
-0.539 -27.6499 -19.7643
-0.538 -30.1876 -19.778
-0.537 -29.1766 -18.5576
-0.536 -24.8113 -16.1532
-0.535 -18.1484 -12.8678
-0.534 -10.7908 -9.21613
-0.533 -4.42891 -5.80671
-0.532 -0.374086 -3.17724
-0.531 0.791321 -1.64036
-0.53 -0.644253 -1.19376
-0.529 -3.62833 -1.52577
-0.528 -6.67111 -2.11806
-0.527 -8.29837 -2.42024
-0.526 -7.50026 -2.04411
-0.525 -4.0486 -0.907965
-0.524 1.40779 0.727173
-0.523 7.50483 2.34793
-0.522 12.5535 3.37552
-0.521 15.059 3.38297
-0.52 14.2126 2.26493
-0.519 10.1885 0.296146
-0.518 4.13846 -1.95073
-0.517 -2.13614 -3.80848
-0.516 -6.74882 -4.76856
-0.515 -8.36602 -4.68664
-0.514 -6.71041 -3.85936
-0.513 -2.7366 -2.93883
-0.512 1.6239 -2.70811
-0.511 4.09602 -3.79173
-0.51 2.86784 -6.40319
-0.509 -2.70855 -10.2246
-0.508 -11.7713 -14.4719
-0.507 -22.0978 -18.1304
-0.506 -30.7358 -20.278
-0.505 -34.9446 -20.3804
-0.504 -33.1431 -18.4584
-0.503 -25.5131 -15.0697
-0.502 -14.0083 -11.1085
-0.501 -1.73824 -7.49189
-0.5 8.05889 -4.8494
-0.499 13.0952 -3.33108
-0.498 12.7947 -2.60481
-0.497 8.47577 -2.03717
-0.496 2.86707 -0.982714
-0.495 -0.909183 0.926489
-0.494 -0.542674 3.59341
-0.493 4.52872 6.44309
-0.492 12.8301 8.60013
-0.491 21.3302 9.1966
-0.49 26.5122 7.69284
-0.489 25.6465 4.08871
-0.488 17.8254 -1.04905
-0.487 4.40266 -6.74533
-0.486 -11.3415 -11.9006
-0.485 -25.2329 -15.6073
-0.484 -33.5917 -17.3998
-0.483 -34.4692 -17.352
-0.482 -28.2679 -15.9885
-0.481 -17.5348 -14.0521
-0.48 -6.03087 -12.2254
-0.479 2.57184 -10.9159
-0.478 5.91613 -10.1682
-0.477 3.70071 -9.71695
-0.476 -2.31365 -9.14697
-0.475 -9.03605 -8.0998
-0.474 -13.244 -6.45046
-0.473 -12.7934 -4.38448
-0.472 -7.39182 -2.34574
-0.471 1.32223 -0.885405
-0.47 10.3817 -0.48026
-0.469 16.5347 -1.38442
-0.468 17.3615 -3.55411
-0.467 12.0926 -6.65879
-0.466 1.8626 -10.169
-0.465 -10.6711 -13.4901
-0.464 -22.1884 -16.0947
-0.463 -29.7295 -17.6125
-0.462 -31.5421 -17.8646
-0.461 -27.5081 -16.8613
-0.46 -19.0616 -14.7835
-0.459 -8.66348 -11.9488
-0.458 0.978511 -8.75718
-0.457 7.69351 -5.62298
-0.456 10.4033 -2.90756
-0.455 9.31424 -0.860882
-0.454 5.73876 0.425802
-0.453 1.63949 1.04517
-0.452 -0.973117 1.2481
-0.451 -0.644921 1.34675
-0.45 3.06752 1.57139
-0.449 9.42412 1.94779
-0.448 16.6726 2.25656
-0.447 22.5236 2.09406
-0.446 24.7999 1.01458
-0.445 22.0935 -1.28549
-0.444 14.2694 -4.79255
-0.443 2.66824 -9.07626
-0.442 -10.1121 -13.3342
-0.441 -20.8777 -16.6033
-0.44 -26.7935 -18.0758
-0.439 -26.3282 -17.3938
-0.438 -19.8443 -14.804
-0.437 -9.60246 -11.115
-0.436 0.852233 -7.46625
-0.435 7.76641 -4.97346
-0.434 8.42243 -4.35422
-0.433 2.16387 -5.66389
-0.432 -9.19162 -8.25741
-0.431 -21.7969 -11.0145
-0.43 -31.0123 -12.7512
-0.429 -33.0263 -12.6598
-0.428 -26.2627 -10.6113
-0.427 -12.0522 -7.21513
-0.426 5.6834 -3.61152
-0.425 21.6562 -1.0608
-0.424 30.9828 -0.467829
-0.423 30.9273 -2.01787
-0.422 21.9813 -5.07336
-0.421 7.81663 -8.38304
-0.42 -5.95895 -10.5298
-0.419 -13.8192 -10.452
-0.418 -12.366 -7.85148
-0.417 -1.65024 -3.34235
-0.416 14.7109 1.71838
-0.415 30.6841 5.67027
-0.414 39.8791 7.10811
-0.413 37.8269 5.35831
-0.412 23.6674 0.701221
-0.411 0.595293 -5.73532
-0.41 -25.1421 -12.365
-0.409 -46.3477 -17.6736
-0.408 -57.319 -20.7081
-0.407 -55.7636 -21.3563
-0.406 -43.5223 -20.3217
-0.405 -25.847 -18.8055
-0.404 -9.48965 -18.0229
-0.403 -0.282014 -18.7363
-0.402 -1.08195 -20.9691
-0.401 -10.8218 -23.9953
-0.4 -24.9771 -26.5962
-0.399 -37.2488 -27.4902
-0.398 -41.8413 -25.7848
-0.397 -35.5438 -21.296
-0.396 -18.8962 -14.627
-0.395 3.96672 -6.98975
-0.394 26.7259 0.157115
-0.393 43.0159 5.52943
-0.392 48.5047 8.36386
-0.391 42.2058 8.58757
-0.39 26.6459 6.76973
-0.389 6.92197 3.88675
-0.388 -10.996 0.990252
-0.387 -22.1715 -1.11202
-0.386 -24.2103 -2.07105
-0.385 -17.8766 -2.05947
-0.384 -6.62854 -1.67702
-0.383 4.69958 -1.72818
-0.382 11.5434 -2.93783
-0.381 11.0193 -5.69514
-0.38 2.72735 -9.90436
-0.379 -11.193 -14.9782
-0.378 -26.7263 -19.9664
-0.377 -39.1986 -23.7866
-0.376 -44.7165 -25.5114
-0.375 -41.374 -24.648
-0.374 -29.8215 -21.3202
-0.373 -13.0463 -16.2728
-0.372 4.49684 -10.6803
-0.371 18.1131 -5.81943
-0.37 24.159 -2.70724
-0.369 21.1158 -1.80473
-0.368 10.1433 -2.86926
-0.367 -5.14353 -5.01651
-0.366 -19.7173 -7.0084
-0.365 -28.712 -7.70039
-0.364 -29.0036 -6.48944
-0.363 -20.2764 -3.57897
-0.362 -5.24969 0.0467666
-0.361 11.0255 2.92792
-0.36 22.6648 3.61356
-0.359 24.872 1.18106
-0.358 15.6891 -4.37217
-0.357 -3.08032 -12.0167
-0.356 -26.2119 -19.9439
-0.355 -46.64 -26.1311
-0.354 -57.7726 -29.0163
-0.353 -55.7577 -28.0189
-0.352 -40.9224 -23.7196
-0.351 -17.8501 -17.6511
-0.35 6.01108 -11.7756
-0.349 22.8178 -7.81386
-0.348 27.056 -6.64457
-0.347 17.546 -7.99585
-0.346 -2.03643 -10.5706
-0.345 -24.3691 -12.5775
-0.344 -41.0493 -12.4581
-0.343 -45.6378 -9.51905
-0.342 -36.0864 -4.2381
-0.341 -15.6274 1.85221
-0.34 8.25537 6.65755
-0.339 26.4298 8.23179
-0.338 31.3507 5.46546
-0.337 19.7656 -1.49915
-0.336 -6.05209 -11.2926
-0.335 -38.9709 -21.7768
-0.334 -69.3767 -30.7511
-0.333 -88.4618 -36.6352
-0.332 -91.2536 -38.8948
-0.331 -78.2408 -38.0887
-0.33 -54.993 -35.5461
-0.329 -29.9866 -32.8014
-0.328 -11.5359 -30.9978
-0.327 -4.96152 -30.4837
-0.326 -10.9178 -30.7477
-0.325 -25.3615 -30.6925
-0.324 -41.1431 -29.1076
-0.323 -50.6786 -25.1498
-0.322 -48.7346 -18.6623
-0.321 -34.2711 -10.246
-0.32 -10.6756 -1.07657
-0.319 15.5736 7.45395
-0.318 37.1683 14.1311
-0.317 48.2988 18.2058
-0.316 46.3355 19.4914
-0.315 32.4372 18.2842
-0.314 10.9714 15.1883
-0.313 -12.0266 10.9289
-0.312 -30.8 6.19922
-0.311 -41.5267 1.55833
-0.31 -43.171 -2.62314
-0.309 -37.4001 -6.17871
-0.308 -27.7796 -9.14459
-0.307 -18.5988 -11.7548
-0.306 -13.6641 -14.4163
-0.305 -15.3272 -17.6186
-0.304 -23.9357 -21.7519
-0.303 -37.7817 -26.8759
-0.302 -53.5128 -32.5469
-0.301 -66.9124 -37.8112
-0.3 -73.936 -41.4119
-0.299 -71.8277 -42.1642
-0.298 -60.0398 -39.3842
-0.297 -40.6425 -33.2233
-0.296 -18.0252 -24.7654
-0.295 2.11283 -15.8007
-0.294 14.2982 -8.29396
-0.293 15.0119 -3.70862
-0.292 4.11479 -2.44461
-0.291 -14.6378 -3.64128
-0.29 -34.4519 -5.46841
-0.289 -47.6536 -5.83046
-0.288 -48.4411 -3.23244
-0.287 -35.1874 2.5185
-0.286 -11.4173 10.0553
-0.285 14.9333 16.7736
-0.284 33.8581 19.6725
-0.283 36.6404 16.4469
-0.282 19.2103 6.43721
-0.281 -15.8057 -8.95106
-0.28 -59.4052 -26.5727
-0.279 -99.0541 -42.5355
-0.278 -123.06 -53.5019
-0.277 -124.787 -57.8129
-0.276 -105.133 -56.011
-0.275 -72.3873 -50.5659
-0.274 -39.4647 -44.8899
-0.273 -19.3172 -41.9886
-0.272 -20.0343 -43.2406
-0.271 -41.4811 -47.7883
-0.27 -74.981 -52.8175
-0.269 -106.383 -54.6531
-0.268 -121.393 -50.2584
-0.267 -111.084 -38.5442
-0.266 -75.484 -20.9739
-0.265 -23.93 -1.22452
-0.264 27.9537 15.9777
-0.263 63.6529 26.429
-0.262 71.6633 27.8656
-0.261 49.7161 20.71
-0.26 5.66118 7.86417
-0.259 -45.3925 -6.37939
-0.258 -86.5934 -17.8917
-0.257 -105.411 -24.1306
-0.256 -97.9807 -24.8959
-0.255 -70.1668 -22.1562
-0.254 -35.0125 -19.0547
-0.253 -7.58591 -18.5177
-0.252 0.804814 -22.0113
-0.251 -13.1678 -28.9141
-0.25 -43.7453 -36.7288
-0.249 -78.4121 -42.0365
-0.248 -102.698 -41.8219
-0.247 -105.633 -34.6625
-0.246 -83.8334 -21.3237
-0.245 -42.7154 -4.53834
-0.244 5.58519 11.9229
-0.243 46.7131 24.5028
-0.242 69.179 30.9417
-0.241 68.0692 30.8143
-0.24 46.1362 25.3867
-0.239 12.1472 16.9202
-0.238 -22.6661 7.73338
-0.237 -48.6826 -0.617636
-0.236 -61.0457 -7.74406
-0.235 -60.7995 -14.289
-0.234 -53.6701 -21.3529
-0.233 -47.1379 -29.7726
-0.232 -47.1781 -39.5974
-0.231 -56.0828 -49.9839
-0.23 -72.0897 -59.5102
-0.229 -90.6146 -66.7148
-0.228 -106.285 -70.6006
-0.227 -114.889 -70.9052
-0.226 -114.588 -68.0601
-0.225 -106.1 -62.8905
-0.224 -91.887 -56.2142
-0.223 -74.8463 -48.5408
-0.222 -57.2086 -40.0297
-0.221 -40.2604 -30.7272
-0.22 -24.9009 -20.9348
-0.219 -12.4488 -11.4658
-0.218 -4.93321 -3.59369
-0.217 -4.50872 1.33455
-0.216 -12.265 2.45807
-0.215 -27.1065 -0.132804
-0.214 -45.3543 -5.26735
-0.213 -61.4255 -11.0045
-0.212 -69.5496 -15.3073
-0.211 -66.0546 -16.8488
-0.21 -51.3589 -15.6255
-0.209 -30.6458 -13.0825
-0.208 -12.5447 -11.6221
-0.207 -6.00679 -13.6274
-0.206 -16.5398 -20.3769
-0.205 -43.4369 -31.3235
-0.204 -79.3177 -44.0845
-0.203 -112.359 -55.1938
-0.202 -130.505 -61.3467
-0.201 -126.149 -60.666
-0.2 -99.4856 -53.4918
-0.199 -59.1248 -42.3588
-0.198 -19.4232 -31.1209
-0.197 4.71075 -23.504
-0.196 3.66448 -21.6228
-0.195 -22.7095 -25.0596
-0.194 -64.4218 -30.9214
-0.193 -104.657 -34.9065
-0.192 -125.938 -32.994
-0.191 -116.831 -23.0968
-0.19 -76.5958 -6.02449
-0.189 -15.9531 14.6214
-0.188 46.414 33.5833
-0.187 90.4193 45.7098
-0.186 101.84 47.7233
-0.185 77.614 39.3574
-0.184 27.0935 23.4188
-0.183 -31.3739 4.711
-0.182 -77.3647 -11.7893
-0.181 -96.1289 -22.7753
-0.18 -84.0968 -27.7253
-0.179 -50.0038 -28.8757
-0.178 -11.3183 -30.1289
-0.177 12.5341 -35.366
-0.176 7.59808 -46.788
-0.175 -29.188 -63.868
-0.174 -88.5331 -83.3062
-0.173 -151.945 -100.063
-0.172 -198.442 -109.125
-0.171 -212.281 -107.324
-0.17 -188.623 -94.4615
-0.169 -134.962 -73.322
-0.168 -67.994 -48.6733
-0.167 -7.45462 -25.7022
-0.166 30.6468 -8.46144
-0.165 39.0695 1.19199
-0.164 21.0978 3.86443
-0.163 -11.4519 2.03271
-0.162 -43.1823 -1.17172
-0.161 -61.1043 -3.29747
-0.16 -59.2963 -3.47009
-0.159 -40.4687 -2.53128
-0.158 -14.1169 -2.47314
-0.157 7.61698 -5.4896
-0.156 14.5427 -13.0329
-0.155 1.83302 -25.1843
-0.154 -28.6896 -40.5134
-0.153 -69.5155 -56.4396
-0.152 -110.108 -69.9474
-0.151 -140.257 -78.3871
-0.15 -152.967 -80.0944
-0.149 -145.998 -74.6783
-0.148 -121.759 -62.9703
-0.147 -85.9525 -46.723
-0.146 -45.7377 -28.1876
-0.145 -8.14369 -9.70166
-0.144 20.982 6.63027
-0.143 37.651 19.1706
-0.142 40.3127 26.9492
-0.141 30.3237 29.8305
-0.14 11.9463 28.543
-0.139 -8.49347 24.4571
-0.138 -24.2653 19.1238
-0.137 -30.2575 13.7461
-0.136 -24.7699 8.77933
-0.135 -10.5728 3.7681
-0.134 5.22509 -2.53869
-0.133 12.9175 -11.7498
-0.132 3.54421 -25.0852
-0.131 -27.1071 -42.5392
-0.13 -75.635 -62.3727
-0.129 -130.965 -81.3079
-0.128 -177.52 -95.4459
-0.127 -200.493 -101.545
-0.126 -191.256 -98.1673
-0.125 -151.015 -86.3026
-0.124 -91.3649 -69.2809
-0.123 -31.1852 -51.8977
-0.122 9.58949 -38.915
-0.121 17.3598 -33.3986
-0.12 -9.54236 -35.571
-0.119 -59.6378 -42.7306
-0.118 -112.254 -50.3154
-0.117 -145.202 -53.6859
-0.116 -143.211 -49.9266
-0.115 -103.932 -39.0026
-0.114 -39.2176 -23.8449
-0.113 28.9499 -9.30329
-0.112 76.5265 -0.318732
-0.111 86.4887 -0.00549797
-0.11 55.4504 -8.39324
-0.109 -4.78503 -22.3261
-0.108 -71.4523 -36.5738
-0.107 -119.38 -45.7657
-0.106 -130.674 -46.4313
-0.105 -101.642 -38.3342
-0.104 -44.0686 -24.5275
-0.103 19.6691 -10.11
-0.102 65.3676 -0.256688
-0.101 75.9766 1.6422
-0.1 47.4997 -4.92341
-0.099 -9.92901 -17.5209
-0.098 -75.9472 -31.6957
-0.097 -127.586 -42.5895
-0.096 -147.946 -46.7116
-0.095 -132.372 -43.1405
-0.094 -89.3548 -33.6036
-0.093 -35.9635 -21.4635
-0.092 9.58123 -10.2201
-0.091 34.6161 -2.27509
-0.09 35.6405 1.63789
-0.089 18.2725 2.36473
-0.088 -5.85371 1.75448
-0.087 -24.1355 1.78098
-0.086 -28.2361 3.64366
-0.085 -17.2276 7.25189
-0.084 2.93342 11.3773
-0.083 23.112 14.3508
-0.082 35.5264 14.8283
-0.081 36.63 12.1857
-0.08 27.3384 6.44505
-0.079 11.1746 -2.06758
-0.078 -8.37547 -13.0654
-0.077 -29.9641 -26.452
-0.076 -54.8303 -42.173
-0.075 -85.1432 -59.7896
-0.074 -121.058 -78.0053
-0.073 -158.383 -94.5138
-0.072 -188.567 -106.4
-0.071 -201.368 -111.017
-0.07 -189.22 -107.02
-0.069 -151.609 -95.1743
-0.068 -97.5037 -78.573
-0.067 -43.9962 -61.9529
-0.066 -10.4545 -50.0925
-0.065 -10.0292 -45.8308
-0.064 -42.7361 -48.7009
-0.063 -94.0697 -54.9791
-0.062 -140.04 -59.1668
-0.061 -156.298 -56.2161
-0.06 -127.847 -43.6549
-0.059 -56.2603 -22.9539
-0.058 38.3356 0.391584
-0.057 122.65 18.444
-0.056 162.675 23.8604
-0.055 138.556 13.2168
-0.054 54.5556 -11.0566
-0.053 -61.1526 -41.1829
-0.052 -166.621 -66.7315
-0.051 -221.564 -78.3004
-0.05 -202.368 -70.8692
-0.049 -111.865 -45.7831
-0.048 19.8562 -10.6137
-0.047 145.37 23.3966
-0.046 218.086 45.618
-0.045 211.305 50.2856
-0.044 129.403 38.7755
-0.043 6.29694 18.9536
-0.042 -107.578 2.01289
-0.041 -164.399 -1.91259
-0.04 -137.437 12.1795
-0.039 -32.2953 41.8635
-0.038 114.032 77.8329
-0.037 247.11 107.346
-0.036 316.59 119.196
-0.035 295.814 108.01
-0.034 191.459 76.1643
-0.033 40.5237 32.8494
-0.032 -103.346 -9.18021
-0.031 -189.616 -38.1331
-0.03 -190.349 -47.5553
-0.029 -111.707 -38.8085
-0.028 8.62052 -20.3094
-0.027 117.765 -3.71339
-0.026 169.705 1.03151
-0.025 142.472 -10.5937
-0.024 44.545 -36.4014
-0.023 -89.5988 -68.5711
-0.022 -212.154 -96.4862
-0.021 -279.634 -110.653
-0.02 -270.259 -106.549
-0.019 -193.291 -86.6447
-0.018 -84.261 -59.2353
-0.017 12.0191 -34.5856
-0.016 60.8939 -20.6068
-0.015 50.0023 -20.2179
-0.014 -9.00571 -30.9997
-0.013 -86.8656 -46.5844
-0.012 -148.128 -59.1253
-0.011 -165.061 -62.3366
-0.01 -129.698 -54.1832
-0.009 -57.5713 -37.7783
-0.008 20.5054 -19.648
-0.007 74.1938 -6.30916
-0.006 87.2329 -1.2954
-0.005 62.2816 -4.08584
-0.004 17.2166 -10.8865
-0.003 -23.4953 -16.4736
-0.002 -39.1978 -16.4288
-0.001 -22.4266 -9.18119
0 16.8652 3.04549
0.001 56.1372 15.2661
0.002 72.8492 22.4885
0.003 57.0523 22.4717
0.004 16.223 16.7721
0.005 -28.9632 9.80734
0.006 -54.0182 6.81924
0.007 -41.0487 11.6353
0.008 12.6096 24.8149
0.009 90.6834 42.8503
0.01 162.8 59.2219
0.011 198.1 67.3696
0.012 181.012 64.1321
0.013 119.497 51.5091
0.014 41.3177 35.7823
0.015 -18.0213 24.8283
0.016 -29.1937 25.0692
0.017 19.4988 38.986
0.018 115.714 63.7054
0.019 224.771 91.3214
0.02 301.793 111.521
0.021 311.162 115.918
0.022 243.557 101.953
0.023 120.758 74.0908
0.024 -13.6931 41.8264
0.025 -111.901 15.826
0.026 -139.3 3.98786
0.027 -87.3517 8.57777
0.028 21.9807 25.1271
0.029 142.618 43.6872
0.03 221.575 52.5473
0.031 221.041 43.2024
0.032 134.777 14.2148
0.033 -9.26935 -27.9868
0.034 -160.485 -71.5743
0.035 -265.113 -103.712
0.036 -286.055 -115.115
0.037 -216.583 -103.332
0.038 -83.3767 -73.7025
0.039 63.1179 -37.4604
0.04 168.325 -7.42896
0.041 195.128 6.97785
0.042 137.884 3.24859
0.043 23.3913 -13.6397
0.044 -100.388 -33.5128
0.045 -182.859 -45.099
0.046 -189.986 -40.4511
0.047 -117.358 -18.1397
0.048 8.27116 16.0759
0.049 140.174 51.5169
0.05 230.759 76.8464
0.051 249.823 84.3883
0.052 194.526 72.7338
0.053 88.5869 46.9176
0.054 -27.5432 16.4274
0.055 -111.768 -8.18987
0.056 -135.841 -19.0582
0.057 -95.5371 -13.6957
0.058 -10.8398 4.46578
0.059 84.0569 28.017
0.06 155.688 48.9125
0.061 183.836 61.5481
0.062 166.973 64.3964
0.063 120.251 59.9578
0.064 68.2219 53.3783
0.065 35.03 50.2721
0.066 35.227 54.4454
0.067 68.7297 66.3882
0.068 122.242 83.2245
0.069 176.228 100.089
0.07 213.466 112.127
0.071 224.952 116.143
0.072 211.29 111.328
0.073 180.226 99.0774
0.074 142.196 82.1583
0.075 105.88 63.6174
0.076 75.4776 45.8511
0.077 50.7374 30.181
0.078 29.3389 17.0088
0.079 9.88949 6.29946
0.08 -6.37375 -1.97311
0.081 -15.9978 -7.6376
0.082 -15.4005 -10.4231
0.083 -3.53626 -10.272
0.084 16.1913 -7.69943
0.085 36.0928 -3.91972
0.086 47.0445 -0.500006
0.087 43.0316 1.3813
0.088 24.8877 1.62254
0.089 0.848067 1.34725
0.09 -16.5695 2.40185
0.091 -15.7755 6.502
0.092 8.86105 14.4159
0.093 53.9082 25.4249
0.094 106.8 37.2236
0.095 149.405 46.4478
0.096 164.72 49.8652
0.097 144.28 45.8382
0.098 92.7265 35.305
0.099 26.8943 21.676
0.1 -30.3508 9.64654
0.101 -58.7568 3.48768
0.102 -48.2671 5.507
0.103 -2.89804 15.1752
0.104 60.3426 29.1858
0.105 117.347 42.5155
0.106 145.867 50.2398
0.107 134.244 49.451
0.108 86.2327 40.442
0.109 19.6941 26.6132
0.11 -40.3332 13.1562
0.111 -71.2634 5.09225
0.112 -61.4528 5.43146
0.113 -14.3718 14.1167
0.114 52.9796 28.1264
0.115 116.692 42.6971
0.116 154.997 53.1857
0.117 156.262 56.828
0.118 122.974 53.7169
0.119 70.3918 46.6802
0.12 20.5469 40.1538
0.121 -6.13961 38.466
0.122 1.56772 44.151
0.123 41.8593 56.9414
0.124 101.157 73.8548
0.125 159.71 90.3039
0.126 198.927 101.696
0.127 207.494 104.86
0.128 184.371 98.8525
0.129 138.16 85.0318
0.13 83.454 66.4626
0.131 35.4994 46.8498
0.132 5.05302 29.3384
0.133 -4.65675 15.6433
0.134 2.20345 5.85971
0.135 16.9204 -1.06335
0.136 30.1352 -6.54916
0.137 35.0498 -11.7183
0.138 29.0492 -17.0012
0.139 13.7717 -22.0292
0.14 -5.93589 -25.7547
0.141 -23.7165 -26.7851
0.142 -33.5766 -23.8516
0.143 -31.4016 -16.2398
0.144 -15.7288 -4.01007
0.145 12.2079 12.0019
0.146 48.8146 30.2966
0.147 88.5573 48.8493
0.148 124.52 65.3082
0.149 149.412 77.323
0.15 157.201 83.0066
0.151 145.078 81.4188
0.152 114.976 72.9096
0.153 73.8115 59.1807
0.154 31.9797 42.9801
0.155 0.38754 27.4428
0.156 -13.0567 15.2388
0.157 -6.26785 7.81569
0.158 15.9456 5.02494
0.159 43.1572 5.29328
0.16 62.8282 6.31125
0.161 65.0726 6.03618
0.162 46.9633 3.66857
0.163 14.473 0.200132
0.164 -19.1131 -1.77915
0.165 -37.9817 0.959666
0.166 -29.9537 10.9076
0.167 8.41257 28.5945
0.168 69.7522 52.0218
0.169 137.688 76.981
0.17 192.024 98.1803
0.171 215.71 110.85
0.172 201.164 112.319
0.173 153.435 102.968
0.174 88.6838 86.1276
0.175 28.3374 66.876
0.176 -8.81529 50.1978
0.177 -13.456 39.243
0.178 11.0904 34.3516
0.179 50.411 33.1627
0.18 84.6227 31.7252
0.181 96.0074 26.1975
0.182 75.9101 14.5272
0.183 28.2854 -2.52869
0.184 -31.588 -21.4816
0.185 -82.8297 -37.3044
0.186 -106.887 -45.2849
0.187 -94.5358 -42.803
0.188 -49.2583 -30.3376
0.189 14.1697 -11.3329
0.19 75.1975 9.00003
0.191 114.963 25.484
0.192 122.932 34.7143
0.193 100.322 36.1127
0.194 59.1318 31.9313
0.195 17.2553 26.227
0.196 -8.39383 23.2062
0.197 -8.09005 25.5791
0.198 17.4933 33.5567
0.199 58.1618 44.8642
0.2 98.6017 55.7242
0.201 124.393 62.3665
0.202 127.235 62.4429
0.203 107.487 55.8237
0.204 73.3468 44.5367
0.205 37.2587 31.932
0.206 11.0843 21.4132
0.207 1.87631 15.2168
0.208 9.77868 13.7057
0.209 28.7168 15.4415
0.21 49.3999 17.9697
0.211 63.2184 18.9319
0.212 65.3476 17.0146
0.213 55.9147 12.3728
0.214 39.1096 6.44526
0.215 20.9966 1.31313
0.216 7.11535 -1.10815
0.217 0.774647 0.265319
0.218 2.51569 5.4014
0.219 10.7375 13.3301
0.22 23.0285 22.6614
0.221 37.4496 32.1641
0.222 53.0613 41.1224
0.223 69.4628 49.3351
0.224 85.7938 56.8265
0.225 100.028 63.4738
0.226 109.184 68.7714
0.227 110.46 71.8709
0.228 102.686 71.8872
0.229 87.319 68.3254
0.23 68.4357 61.4083
0.231 51.5572 52.1223
0.232 41.6201 41.9255
0.233 40.7828 32.2273
0.234 47.0374 23.8587
0.235 54.4838 16.7765
0.236 55.4903 10.1705
0.237 44.0174 2.97118
0.238 18.6759 -5.44137
0.239 -15.9102 -14.6628
0.24 -50.1494 -23.1306
0.241 -72.6452 -28.5424
0.242 -74.3644 -28.683
0.243 -52.309 -22.3437
0.244 -11.2659 -9.97825
0.245 37.2401 6.17776
0.246 78.6789 22.634
0.247 100.685 35.7006
0.248 97.67 42.7164
0.249 72.9897 42.9621
0.25 37.7391 37.8598
0.251 6.59267 30.3598
0.252 -7.7479 23.7622
0.253 0.570546 20.4417
0.254 28.1954 20.9529
0.255 63.6857 23.8429
0.256 91.784 26.2588
0.257 99.2888 25.1544
0.258 80.2986 18.6557
0.259 38.7945 7.03167
0.26 -12.479 -7.15859
0.261 -56.4778 -19.8393
0.262 -78.0202 -26.8223
0.263 -69.3286 -25.3049
0.264 -32.8529 -14.9048
0.265 19.6729 2.14558
0.266 71.5291 21.7191
0.267 106.994 39.1757
0.268 116.807 50.9111
0.269 101.181 55.502
0.27 69.3487 54.0225
0.271 35.8243 49.4302
0.272 14.7964 45.2821
0.273 14.7927 44.288
0.274 35.6797 47.2573
0.275 69.0721 52.8264
0.276 101.794 58.0453
0.277 120.87 59.5711
0.278 118.164 54.9997
0.279 93.0947 43.8323
0.28 52.6535 27.733
0.281 8.77396 10.0035
0.282 -25.9697 -5.51526
0.283 -42.7365 -15.7077
0.284 -39.1968 -19.1552
0.285 -19.7495 -16.4696
0.286 6.64779 -9.89748
0.287 29.9388 -2.39133
0.288 42.3605 3.46819
0.289 40.7143 6.30011
0.29 26.9689 6.24242
0.291 7.15151 4.71123
0.292 -11.0231 3.73363
0.293 -20.9089 5.11217
0.294 -19.0402 9.72601
0.295 -5.89424 17.2198
0.296 14.7465 26.1725
0.297 37.3267 34.6388
0.298 56.2731 40.8142
0.299 67.457 43.5687
0.3 69.0798 42.6927
0.301 61.8733 38.8325
0.302 48.6428 33.1882
0.303 33.3423 27.0931
0.304 19.9839 21.6157
0.305 11.6699 17.3107
0.306 9.91665 14.1832
0.307 14.3346 11.8353
0.308 22.6969 9.69655
0.309 31.4211 7.23388
0.31 36.4447 4.09056
0.311 34.3637 0.159346
0.312 23.58 -4.38859
0.313 5.09839 -9.11226
0.314 -17.3806 -13.3528
0.315 -38.2711 -16.3335
0.316 -51.6873 -17.3038
0.317 -53.3285 -15.7136
0.318 -42.0131 -11.3873
0.319 -20.3041 -4.64875
0.32 6.05034 3.66299
0.321 29.7783 12.3343
0.322 44.4125 20.0665
0.323 46.5499 25.8379
0.324 37.186 29.214
0.325 21.4963 30.4824
0.326 7.02484 30.5386
0.327 0.918818 30.5429
0.328 7.24462 31.4577
0.329 25.3686 33.6342
0.33 49.9796 36.6106
0.331 72.7806 39.2186
0.332 85.3379 39.9813
0.333 82.1479 37.6738
0.334 62.7947 31.8459
0.335 32.3174 23.1029
0.336 -0.426959 13.0196
0.337 -25.8099 3.69879
0.338 -36.7491 -2.88326
0.339 -31.091 -5.51363
0.34 -12.2453 -4.13179
0.341 12.1101 0.1746
0.342 32.7845 5.56808
0.343 42.3219 10.1106
0.344 37.5858 12.4291
0.345 20.7536 12.1619
0.346 -1.61613 10.0314
0.347 -21.0596 7.5255
0.348 -30.2904 6.30198
0.349 -25.7656 7.53067
0.35 -8.84313 11.4197
0.351 14.8192 17.1057
0.352 37.3328 22.9435
0.353 51.3242 27.0785
0.354 52.3823 28.0805
0.355 40.4016 25.4224
0.356 19.4409 19.6527
0.357 -3.78234 12.2189
0.358 -22.2083 4.99771
0.359 -30.7544 -0.311338
0.36 -27.8404 -2.71309
0.361 -15.6412 -2.17444
0.362 0.91284 0.463822
0.363 15.9244 3.8552
0.364 24.4448 6.63735
0.365 23.9322 7.87708
0.366 14.8911 7.34819
0.367 0.571708 5.57144
0.368 -14.1558 3.60259
0.369 -24.394 2.63537
0.37 -26.7438 3.56545
0.371 -20.262 6.67914
0.372 -6.60729 11.565
0.373 10.5559 17.2462
0.374 26.634 22.4627
0.375 37.3637 26.0153
0.376 39.979 27.092
0.377 34.0042 25.4914
0.378 21.4076 21.6651
0.379 6.01387 16.5609
0.38 -7.66174 11.326
0.381 -15.7771 6.98017
0.382 -16.3118 4.15617
0.383 -9.69429 2.96017
0.384 1.25858 2.97502
0.385 12.121 3.41469
0.386 18.2226 3.40513
0.387 16.2318 2.30983
0.388 5.41989 -0.0180541
0.389 -11.889 -3.1496
0.39 -30.8994 -6.18478
0.391 -45.7935 -8.01085
0.392 -51.5884 -7.64443
0.393 -45.8104 -4.56863
0.394 -29.4341 1.03991
0.395 -6.72606 8.2913
0.396 16.0417 15.8052
0.397 32.6335 22.1094
0.398 38.9535 26.0738
0.399 34.4487 27.2341
0.4 22.2842 25.9083
0.401 8.20504 23.072
0.402 -1.5285 20.0202
0.403 -2.41331 17.9128
0.404 6.61979 17.3588
0.405 22.7411 18.2016
0.406 40.1667 19.597
0.407 52.1963 20.3489
0.408 53.6201 19.3726
0.409 42.6283 16.1183
0.41 21.5321 10.8194
0.411 -3.96759 4.47492
0.412 -26.7095 -1.44161
0.413 -40.514 -5.46444
0.414 -42.2644 -6.63854
0.415 -32.8826 -4.85021
0.416 -16.8702 -0.859607
0.417 -0.617236 3.96485
0.418 9.87942 8.10254
0.419 11.0735 10.3695
0.42 2.99845 10.2854
0.421 -10.8879 8.20049
0.422 -25.0554 5.13654
0.423 -33.9456 2.39275
0.424 -33.9607 1.06507
0.425 -24.675 1.66549
0.426 -8.86454 3.97839
0.427 8.5847 7.18416
0.428 22.4301 10.1826
0.429 28.8399 11.9957
0.43 26.5897 12.1154
0.431 17.3316 10.6806
0.432 4.88805 8.4158
0.433 -6.15527 6.35192
0.434 -12.0426 5.4419
0.435 -11.0527 6.22224
0.436 -3.91728 8.6394
0.437 6.61351 12.0805
0.438 16.8123 15.5765
0.439 23.2146 18.1064
0.44 23.6629 18.9099
0.441 17.8719 17.709
0.442 7.38884 14.7621
0.443 -5.00044 10.739
0.444 -16.1932 6.48261
0.445 -23.6917 2.75586
0.446 -26.2316 0.0564989
0.447 -23.9736 -1.4644
0.448 -18.2883 -1.9777
0.449 -11.2645 -1.86105
0.45 -5.09056 -1.52977
0.451 -1.45029 -1.27571
0.452 -1.07433 -1.17673
0.453 -3.56659 -1.10117
0.454 -7.55279 -0.784114
0.455 -11.102 0.0669199
0.456 -12.2978 1.66868
0.457 -9.81758 4.07714
0.458 -3.38728 7.13669
0.459 6.0145 10.4854
0.46 16.3061 13.6242
0.461 24.824 16.0286
0.462 29.0953 17.2635
0.463 27.6302 17.078
0.464 20.4696 15.4689
0.465 9.2935 12.7039
0.466 -2.98072 9.28609
0.467 -13.0303 5.8521
0.468 -18.1563 3.02257
0.469 -17.171 1.254
0.47 -10.8119 0.737788
0.471 -1.50756 1.37
0.472 7.44456 2.7964
0.473 13.0125 4.52775
0.474 13.495 6.10119
0.475 9.14453 7.23618
0.476 2.10428 7.9226
0.477 -4.36071 8.39993
0.478 -7.08544 9.035
0.479 -4.22936 10.1486
0.48 3.96473 11.8535
0.481 15.1611 13.9557
0.482 25.6737 15.9592
0.483 31.7082 17.1899
0.484 30.6882 17.0123
0.485 22.2033 15.0651
0.486 8.22172 11.4201
0.487 -7.53793 6.60117
0.488 -20.8584 1.4562
0.489 -28.43 -3.07059
0.49 -28.8999 -6.19679
0.491 -23.2177 -7.51609
0.492 -14.1919 -7.09929
0.493 -5.43137 -5.43879
0.494 -0.0370448 -3.24972
0.495 0.492157 -1.2032
0.496 -3.26025 0.302763
0.497 -8.936 1.25124
0.498 -13.3592 1.96629
0.499 -13.7567 2.95202
0.5 -8.78714 4.66844
0.501 0.966436 7.31605
0.502 13.1817 10.7069
0.503 24.5806 14.2803
0.504 32.0396 17.2682
0.505 33.633 18.9489
0.506 29.239 18.8924
0.507 20.5042 17.1039
0.508 10.216 14.0252
0.509 1.34215 10.4001
0.51 -3.91361 7.0486
0.511 -4.74074 4.61882
0.512 -1.86006 3.39625
0.513 2.84457 3.23919
0.514 7.05251 3.66456
0.515 8.82516 4.04826
0.516 7.23173 3.85974
0.517 2.5857 2.84448
0.518 -3.74836 1.09721
0.519 -9.86869 -0.988328
0.52 -13.9766 -2.86916
0.521 -14.9368 -4.05004
0.522 -12.5937 -4.25916
0.523 -7.76599 -3.53872
0.524 -1.94082 -2.21661
0.525 3.21576 -0.772584
0.526 6.37378 0.346302
0.527 6.92585 0.890207
0.528 5.14193 0.893348
0.529 2.06147 0.657166
0.53 -0.835669 0.64066
0.531 -2.08034 1.29771
0.532 -0.658437 2.91578
0.533 3.67403 5.50947
0.534 10.2904 8.80439
0.535 17.8389 12.3149
0.536 24.6033 15.4841
0.537 28.9823 17.8341
0.538 29.9513 19.0769
0.539 27.3619 19.1575
0.54 21.9837 18.2269
0.541 15.2673 16.5625
0.542 8.89861 14.4667
0.543 4.27767 12.1767
0.544 2.08517 9.81771
0.545 2.08341 7.41082
0.546 3.23034 4.92416
0.547 4.0792 2.33783
0.548 3.33299 -0.302899
0.549 0.3613 -2.86163
0.55 -4.50727 -5.11636
0.551 -10.0315 -6.7964
0.552 -14.4406 -7.64372
0.553 -16.0319 -7.47977
0.554 -13.7777 -6.25364
0.555 -7.72772 -4.05795
0.556 0.941199 -1.11535
0.557 10.2507 2.25349
0.558 18.0205 5.67461
0.559 22.5475 8.77725
0.56 23.1335 11.2549
0.561 20.2722 12.9128
0.562 15.4265 13.686
0.563 10.4795 13.6267
0.564 7.06631 12.8741
0.565 6.03043 11.6171
0.566 7.18351 10.0514
0.567 9.43536 8.33625
0.568 11.2412 6.56444
0.569 11.2145 4.76437
0.57 8.68731 2.9371
0.571 4.00139 1.10679
0.572 -1.58666 -0.642629
0.573 -6.34517 -2.15937
0.574 -8.67419 -3.24299
0.575 -7.65249 -3.68541
0.576 -3.34676 -3.32987
0.577 3.20199 -2.13674
0.578 10.3055 -0.230076
0.579 16.167 2.10479
0.58 19.449 4.48158
0.581 19.6642 6.51001
0.582 17.2544 7.89209
0.583 13.3536 8.48769
0.584 9.34987 8.33545
0.585 6.41394 7.62629
0.586 5.14393 6.6335
0.587 5.42444 5.61596
0.588 6.53462 4.72977
0.589 7.46256 3.98682
0.59 7.30518 3.27868
0.591 5.60351 2.45103
0.592 2.50193 1.39333
0.593 -1.30317 0.108361
0.594 -4.78968 -1.26036
0.595 -6.93165 -2.45221
0.596 -7.01748 -3.16144
0.597 -4.86541 -3.13777
0.598 -0.868207 -2.2783
0.599 4.13753 -0.671664
0.6 9.11778 1.42435
0.601 13.12 3.66138
0.602 15.5146 5.70334
0.603 16.1473 7.31804
0.604 15.3571 8.43032
0.605 13.8455 9.12168
0.606 12.4357 9.57573
0.607 11.806 9.98891
0.608 12.2905 10.482
0.609 13.7913 11.048
0.61 15.8101 11.5541
0.611 17.5886 11.7936
0.612 18.3396 11.5635
0.613 17.5164 10.7396
0.614 15.0214 9.32518
0.615 11.263 7.45607
0.616 7.03555 5.36114
0.617 3.27369 3.29221
0.618 0.769583 1.45163
0.619 -0.0683208 -0.0551393
0.62 0.647388 -1.22697
0.621 2.3019 -2.13698
0.622 3.97585 -2.88139
0.623 4.77303 -3.52801
0.624 4.15556 -4.08078
0.625 2.15232 -4.47125
0.626 -0.635301 -4.58002
0.627 -3.22414 -4.28023
0.628 -4.5697 -3.48615
0.629 -3.91937 -2.1877
0.63 -1.08875 -0.458654
0.631 3.44126 1.55976
0.632 8.65846 3.68826
0.633 13.3447 5.74062
0.634 16.4711 7.55083
0.635 17.5208 8.99305
0.636 16.6318 9.99039
0.637 14.5188 10.5111
0.638 12.1991 10.5569
0.639 10.6132 10.1512
0.64 10.2769 9.33577
0.641 11.1 8.16976
0.642 12.4385 6.72658
0.643 13.3521 5.08487
0.644 12.9615 3.3211
0.645 10.7847 1.50987
0.646 6.94098 -0.269799
0.647 2.15017 -1.92898
0.648 -2.4861 -3.36839
0.649 -5.84871 -4.48197
0.65 -7.17212 -5.16348
0.651 -6.27857 -5.31943
0.652 -3.60144 -4.89244
0.653 -0.0141638 -3.88886
0.654 3.46295 -2.39508
0.655 5.98648 -0.570403
0.656 7.14666 1.38215
0.657 7.0697 3.25563
0.658 6.32302 4.87782
0.659 5.66123 6.14085
0.66 5.7227 7.01551
0.661 6.79909 7.54307
0.662 8.74869 7.80324
0.663 11.0592 7.86994
0.664 13.0273 7.7764
0.665 13.9989 7.50585
0.666 13.5981 7.00856
0.667 11.8599 6.2354
0.668 9.21916 5.17496
0.669 6.36113 3.88256
0.67 4.00289 2.4897
0.671 2.6843 1.18508
0.672 2.6276 0.168031
0.673 3.6945 -0.409394
0.674 5.44902 -0.487484
0.675 7.30718 -0.113756
0.676 8.7236 0.575074
0.677 9.34979 1.39593
0.678 9.11575 2.1737
0.679 8.22227 2.79111
0.68 7.05966 3.21725
0.681 6.07811 3.50215
0.682 5.64061 3.73891
0.683 5.90158 4.01055
0.684 6.75648 4.34585
0.685 7.88109 4.7008
0.686 8.83888 4.96982
0.687 9.21405 5.0211
0.688 8.73471 4.74471
0.689 7.3625 4.09788
0.69 5.32438 3.12952
0.691 3.06239 1.97184
0.692 1.10185 0.801078
0.693 -0.117612 -0.215433
0.694 -0.379651 -0.964647
0.695 0.251034 -1.41075
0.696 1.45746 -1.59177
0.697 2.76776 -1.59357
0.698 3.69959 -1.51011
0.699 3.9213 -1.40324
0.7 3.37764 -1.27807
0.701 2.32128 -1.08492
0.702 1.22558 -0.746081
0.703 0.613185 -0.193649
0.704 0.872257 0.597983
0.705 2.12408 1.59565
0.706 4.17527 2.71002
0.707 6.56497 3.81514
0.708 8.70149 4.77945
0.709 10.0542 5.49889
0.71 10.3331 5.9197
0.711 9.58252 6.04229
0.712 8.15063 5.90731
0.713 6.5542 5.5729
0.714 5.29541 5.09338
0.715 4.69233 4.50563
0.716 4.77343 3.82538
0.717 5.27173 3.05319
0.718 5.72783 2.1883
0.719 5.66919 1.245
0.72 4.79563 0.263429
0.721 3.09759 -0.690798
0.722 0.867646 -1.53722
0.723 -1.3899 -2.19589
0.724 -3.11627 -2.60193
0.725 -3.87404 -2.71645
0.726 -3.48683 -2.53238
0.727 -2.09223 -2.07373
0.728 -0.0850127 -1.38801
0.729 2.02564 -0.535082
0.73 3.78513 0.422419
0.731 4.92586 1.42402
0.732 5.42615 2.4127
0.733 5.48742 3.33544
0.734 5.44144 4.14444
0.735 5.61559 4.79876
0.736 6.20168 5.26584
0.737 7.17962 5.52382
0.738 8.32608 5.56432
0.739 9.29855 5.39385
0.74 9.75545 5.03192
0.741 9.46814 4.50669
0.742 8.39402 3.85078
0.743 6.69379 3.09969
0.744 4.68705 2.29241
0.745 2.75738 1.47231
0.746 1.23858 0.686591
0.747 0.323795 -0.0154778
0.748 0.0269828 -0.586208
0.749 0.2014 -0.985838
0.75 0.601109 -1.19064
0.751 0.964152 -1.19942
0.752 1.0944 -1.03484
0.753 0.91859 -0.738202
0.754 0.500473 -0.359969
0.755 0.00872266 0.0505355
0.756 -0.346787 0.453823
0.757 -0.386643 0.825821
0.758 -0.0206967 1.15844
0.759 0.720116 1.45415
0.76 1.68799 1.71685
0.761 2.65985 1.94379
0.762 3.4047 2.12238
0.763 3.7537 2.23278
0.764 3.64941 2.25414
0.765 3.16068 2.17184
0.766 2.46179 1.98409
0.767 1.78178 1.70649
0.768 1.33513 1.37192
0.769 1.25293 1.02448
0.77 1.53923 0.709484
0.771 2.07087 0.463556
0.772 2.64083 0.30799
0.773 3.02802 0.24641
0.774 3.06962 0.266346
0.775 2.71469 0.344237
0.776 2.04413 0.453389
0.777 1.24858 0.572941
0.778 0.567448 0.693997
0.779 0.207987 0.820164
0.78 0.274449 0.963118
0.781 0.733823 1.13557
0.782 1.42899 1.34367
0.783 2.13247 1.58064
0.784 2.62171 1.82378
0.785 2.75203 2.03665
0.786 2.50369 2.17717
0.787 1.98633 2.20943
0.788 1.39743 2.11414
0.789 0.949939 1.89422
0.79 0.795866 1.57467
0.791 0.97362 1.19718
0.792 1.39652 0.810141
0.793 1.88492 0.456556
0.794 2.22993 0.163754
0.795 2.26679 -0.0609101
0.796 1.93311 -0.226351
0.797 1.29162 -0.348157
0.798 0.510035 -0.438024
0.799 -0.194077 -0.496026
0.8 -0.623746 -0.507485
0.801 -0.664025 -0.445768
0.802 -0.314308 -0.281369
0.803 0.317531 0.00520182
0.804 1.05497 0.411657
0.805 1.71182 0.908549
0.806 2.15047 1.44306
0.807 2.32045 1.95035
0.808 2.26578 2.36809
0.809 2.09975 2.65024
0.81 1.95756 2.77684
0.811 1.94468 2.75638
0.812 2.0993 2.61944
0.813 2.37981 2.4055
0.814 2.67943 2.1486
0.815 2.86188 1.86758
0.816 2.80699 1.56434
0.817 2.45232 1.22964
0.818 1.81641 0.853265
0.819 0.995376 0.435478
0.82 0.134483 -0.00457353
0.821 -0.613378 -0.427648
0.822 -1.12834 -0.78228
0.823 -1.35269 -1.01919
0.824 -1.3024 -1.10643
0.825 -1.05809 -1.03906
0.826 -0.73661 -0.840327
0.827 -0.451328 -0.554637
0.828 -0.275564 -0.235057
0.829 -0.223141 0.0712215
0.83 -0.250731 0.334871
0.831 -0.277633 0.549163
0.832 -0.215424 0.725457
0.833 -0.000105375 0.881915
0.834 0.381558 1.03125
0.835 0.881249 1.173
0.836 1.40079 1.29284
0.837 1.8237 1.36784
0.838 2.05368 1.37578
0.839 2.04498 1.30536
0.84 1.81579 1.16335
0.841 1.4428 0.975016
0.842 1.03841 0.776897
0.843 0.715775 0.604758
0.844 0.551806 0.482474
0.845 0.561747 0.416157
0.846 0.696337 0.394798
0.847 0.862408 0.396258
0.848 0.957434 0.396437
0.849 0.90504 0.378692
0.85 0.680864 0.339813
0.851 0.321474 0.289781
0.852 -0.0872094 0.245454
0.853 -0.43919 0.221655
0.854 -0.645236 0.224241
0.855 -0.663154 0.24778
0.856 -0.510018 0.277932
0.857 -0.253202 0.297299
0.858 0.0148391 0.292958
0.859 0.209053 0.26294
0.86 0.281178 0.218411
0.861 0.235793 0.179765
0.862 0.126515 0.168163
0.863 0.0336853 0.196823
0.864 0.0328014 0.266037
0.865 0.166245 0.363242
0.866 0.428071 0.467263
0.867 0.765651 0.555269
0.868 1.09669 0.610647
0.869 1.33633 0.629032
0.87 1.4254 0.619402
0.871 1.34923 0.599045
0.872 1.13982 0.584809
0.873 0.861685 0.585379
0.874 0.588362 0.598148
0.875 0.37903 0.611109
0.876 0.262363 0.608134
0.877 0.231507 0.575717
0.878 0.251133 0.50937
0.879 0.274185 0.417292
0.88 0.261824 0.318991
0.881 0.198277 0.238447
0.882 0.0950275 0.194753
0.883 -0.0158242 0.194881
0.884 -0.0948731 0.231649
0.885 -0.109946 0.286874
0.886 -0.04748 0.337809
0.887 0.0824337 0.364618
0.888 0.249124 0.356849
0.889 0.411478 0.316733
0.89 0.530856 0.257583
0.891 0.581654 0.197583
0.892 0.556456 0.151893
0.893 0.465462 0.126885
0.894 0.331634 0.118694
0.895 0.183378 0.11591
0.896 0.0467389 0.10489
0.897 -0.0605032 0.0758194
0.898 -0.13097 0.0274992
0.899 -0.166211 -0.0310634
0.9 -0.173498 -0.0833612
0.901 -0.162536 -0.111454
0.902 -0.142528 -0.102615
0.903 -0.119599 -0.0537357
0.904 -0.0951034 0.0277903
0.905 -0.065702 0.126483
0.906 -0.0253777 0.223538
0.907 0.0316504 0.302525
0.908 0.108367 0.354135
0.909 0.20314 0.378085
0.91 0.308566 0.381339
0.911 0.411521 0.373742
0.912 0.495241 0.363425
0.913 0.543497 0.353916
0.914 0.545494 0.343534
0.915 0.499502 0.326753
0.916 0.413829 0.297014
0.917 0.304988 0.250143
0.918 0.193695 0.187095
0.919 0.099576 0.114623
0.92 0.0359088 0.0433711
0.921 0.00614057 -0.0156204
0.922 0.00361571 -0.0542209
0.923 0.0147644 -0.0690837
0.924 0.0245587 -0.0619046
0.925 0.0221728 -0.0383959
0.926 0.00482267 -0.00634372
0.927 -0.0215078 0.0267945
0.928 -0.0446709 0.0559856
0.929 -0.0513185 0.079521
0.93 -0.032342 0.098371
0.931 0.0132477 0.114578
0.932 0.0774016 0.129716
0.933 0.145388 0.144064
0.934 0.200617 0.156555
0.935 0.230263 0.16525
0.936 0.229661 0.168142
0.937 0.203751 0.164044
0.938 0.165035 0.153248
0.939 0.128926 0.137603
0.94 0.108389 0.119932
0.941 0.109774 0.103134
0.942 0.131086 0.0894211
0.943 0.163135 0.0799121
0.944 0.193066 0.074598
0.945 0.209044 0.0726022
0.946 0.204374 0.0726117
0.947 0.17949 0.0733156
0.948 0.141163 0.0736896
0.949 0.0995462 0.0730498
0.95 0.064379 0.0709625
0.951 0.0417602 0.0671693
0.952 0.0324837 0.0615797
0.953 0.032362 0.0542776
0.954 0.034315 0.0455185
0.955 0.0314008 0.0357458
0.956 0.0195834 0.0256073
0.957 -0.000843086 0.0159044
0.958 -0.0255975 0.00742688
0.959 -0.0481712 0.000743287
0.96 -0.0622153 -0.00391162
0.961 -0.0636963 -0.00657703
0.962 -0.0521354 -0.00741964
0.963 -0.0305859 -0.00663083
0.964 -0.00444037 -0.00439947
0.965 0.0204282 -0.000916816
0.966 0.0394504 0.00361254
0.967 0.0504489 0.0089383
0.968 0.0537886 0.0147036
0.969 0.0517227 0.020402
0.97 0.0472751 0.025424
0.971 0.0430787 0.0291985
0.972 0.0405543 0.0313446
0.973 0.039672 0.0317522
0.974 0.0393063 0.0305715
0.975 0.0379558 0.0281466
0.976 0.0344798 0.0249214
0.977 0.028569 0.0213434
0.978 0.0208375 0.0177808
0.979 0.0125721 0.0144761
0.98 0.00526626 0.0115495
0.981 0.000118553 0.00903745
0.982 -0.00232393 0.00693624
0.983 -0.00225991 0.00522945
0.984 -0.000463783 0.00389833
0.985 0.0020427 0.00291912
0.986 0.00432984 0.00225495
0.987 0.00579591 0.00185045
0.988 0.00624967 0.00163472
0.989 0.00584772 0.00153211
0.99 0.00493776 0.00147483
0.991 0.00388232 0.00141093
0.992 0.00293226 0.00130719
0.993 0.00218529 0.00114982
0.994 0.00162039 0.000943956
0.995 0.00116876 0.000709917
0.996 0.000777987 0.000476281
0.997 0.000441181 0.000271869
0.998 0.000186155 0.000118886
0.999 4.05763e-05 2.84801e-05
0.12 3.76184 1.76761
0.24 3.76873 1.76857
0.36 3.78019 1.77016
0.48 3.79619 1.77237
0.6 3.81667 1.77517
0.72 3.84157 1.77852
0.84 3.87082 1.78239
0.96 3.90431 1.78672
1.08 3.94194 1.79148
1.2 3.98361 1.7966
1.32 4.02917 1.80202
1.44 4.0785 1.80767
1.56 4.13143 1.81349
1.68 4.1878 1.81938
1.8 4.24745 1.82528
1.92 4.31019 1.8311
2.04 4.37583 1.83676
2.16 4.44419 1.84216
2.28 4.51505 1.84723
2.4 4.58821 1.85186
2.52 4.66345 1.85598
2.64 4.74056 1.85949
2.76 4.81933 1.86231
2.88 4.89951 1.86434
3 4.9809 1.86551
3.12 5.06327 1.86574
3.24 5.14638 1.86494
3.36 5.23003 1.86305
3.48 5.31398 1.85999
3.6 5.39801 1.85569
3.72 5.48191 1.85011
3.84 5.56547 1.84318
3.96 5.64847 1.83486
4.08 5.73071 1.82511
4.2 5.81199 1.81388
4.32 5.89213 1.80116
4.44 5.97094 1.78692
4.56 6.04823 1.77115
4.68 6.12384 1.75384
4.8 6.1976 1.73499
4.92 6.26937 1.7146
5.04 6.33899 1.69271
5.16 6.40633 1.66932
5.28 6.47125 1.64448
5.4 6.53365 1.6182
5.52 6.5934 1.59055
5.64 6.65042 1.56157
5.76 6.7046 1.53131
5.88 6.75586 1.49985
6 6.80413 1.46724
6.12 6.84935 1.43357
6.24 6.89146 1.39891
6.36 6.93041 1.36334
6.48 6.96616 1.32696
6.6 6.99868 1.28986
6.72 7.02795 1.25212
6.84 7.05395 1.21385
6.96 7.07668 1.17515
7.08 7.09613 1.13612
7.2 7.11231 1.09686
7.32 7.12523 1.05747
7.44 7.13492 1.01805
7.56 7.14138 0.97872
7.68 7.14466 0.939567
7.8 7.14479 0.900696
7.92 7.1418 0.862205
8.04 7.13573 0.824192
8.16 7.12664 0.786748
8.28 7.11458 0.749965
8.4 7.09959 0.71393
8.52 7.08174 0.678726
8.64 7.06108 0.644432
8.76 7.03767 0.611121
8.88 7.01158 0.578863
9 6.98287 0.547722
9.12 6.95161 0.517756
9.24 6.91786 0.48902
9.36 6.8817 0.461558
9.48 6.8432 0.435415
9.6 6.80241 0.410623
9.72 6.75942 0.387214
9.84 6.7143 0.365209
9.96 6.66711 0.344626
10.08 6.61794 0.325476
10.2 6.56684 0.307763
10.32 6.51389 0.291486
10.44 6.45917 0.276639
10.56 6.40273 0.263207
10.68 6.34466 0.251173
10.8 6.28503 0.240513
10.92 6.22389 0.231198
11.04 6.16133 0.223194
11.16 6.09741 0.216461
11.28 6.03221 0.210958
11.4 5.96577 0.206636
11.52 5.89819 0.203446
11.64 5.82952 0.201331
11.76 5.75983 0.200235
11.88 5.68919 0.200096
12 5.61766 0.200852
12.12 5.54531 0.202437
12.24 5.4722 0.204785
12.36 5.3984 0.207827
12.48 5.32398 0.211492
12.6 5.249 0.215712
12.72 5.17352 0.220415
12.84 5.09761 0.22553
12.96 5.02132 0.230988
13.08 4.94473 0.236718
13.2 4.8679 0.242652
13.32 4.79088 0.248722
13.44 4.71375 0.254863
13.56 4.63655 0.26101
13.68 4.55935 0.267101
13.8 4.48222 0.273077
13.92 4.4052 0.278882
14.04 4.32837 0.284461
14.16 4.25177 0.289763
14.28 4.17546 0.29474
14.4 4.09951 0.299349
14.52 4.02396 0.303548
14.64 3.94887 0.3073
14.76 3.8743 0.310573
14.88 3.80028 0.313335
15 3.72689 0.315563
15.12 3.65415 0.317233
15.24 3.58213 0.318329
15.36 3.51086 0.318836
15.48 3.4404 0.318744
15.6 3.37078 0.318048
15.72 3.30205 0.316744
15.84 3.23424 0.314835
15.96 3.16739 0.312325
16.08 3.10154 0.309223
16.2 3.03671 0.305541
16.32 2.97295 0.301293
16.44 2.91027 0.296498
16.56 2.8487 0.291176
16.68 2.78827 0.28535
16.8 2.72899 0.279048
16.92 2.67089 0.272297
17.04 2.61397 0.265126
17.16 2.55826 0.257569
17.28 2.50377 0.249658
17.4 2.45049 0.241429
17.52 2.39844 0.232916
17.64 2.34763 0.224158
17.76 2.29804 0.21519
17.88 2.24967 0.206051
18 2.20253 0.196779
18.12 2.1566 0.187411
18.24 2.11188 0.177984
18.36 2.06834 0.168536
18.48 2.02599 0.159102
18.6 1.98478 0.149717
18.72 1.94472 0.140415
18.84 1.90578 0.131228
18.96 1.86792 0.122188
19.08 1.83114 0.113325
19.2 1.79539 0.104665
19.32 1.76065 0.0962342
19.44 1.72689 0.0880569
19.56 1.69408 0.0801543
19.68 1.66218 0.0725459
19.8 1.63115 0.065249
19.92 1.60097 0.0582785
20.04 1.57159 0.051647
20.16 1.54298 0.0453649
20.28 1.51509 0.0394402
20.4 1.48789 0.0338786
20.52 1.46134 0.0286836
20.64 1.4354 0.0238565
20.76 1.41003 0.0193964
20.88 1.38519 0.0153005
21 1.36084 0.0115638
21.12 1.33694 0.00817972
21.24 1.31346 0.00513962
21.36 1.29035 0.00243342
21.48 1.26759 4.94728e-05
21.6 1.24513 -0.00202524
21.72 1.22295 -0.00380496
21.84 1.201 -0.00530504
21.96 1.17926 -0.00654173
22.08 1.1577 -0.00753211
22.2 1.13629 -0.00829388
22.32 1.115 -0.00884522
22.44 1.0938 -0.00920464
22.56 1.07268 -0.00939087
22.68 1.05162 -0.00942264
22.8 1.03058 -0.00931862
22.92 1.00957 -0.00909723
23.04 0.988548 -0.00877656
23.16 0.967518 -0.00837421
23.28 0.946464 -0.0079072
23.4 0.925376 -0.00739187
23.52 0.904249 -0.00684377
23.64 0.883075 -0.00627762
23.76 0.861853 -0.00570718
23.88 0.840581 -0.00514523
24 0.819259 -0.00460351
24.12 0.79789 -0.00409268
24.24 0.776479 -0.00362227
24.36 0.755031 -0.00320071
24.48 0.733553 -0.00283528
24.6 0.712056 -0.00253212
24.72 0.690549 -0.00229627
24.84 0.669044 -0.00213165
24.96 0.647555 -0.00204112
25.08 0.626095 -0.00202653
25.2 0.60468 -0.00208873
25.32 0.583326 -0.00222764
25.44 0.562051 -0.00244233
25.56 0.540871 -0.00273104
25.68 0.519804 -0.0030913
25.8 0.49887 -0.00351998
25.92 0.478088 -0.00401334
26.04 0.457476 -0.00456716
26.16 0.437055 -0.00517676
26.28 0.416843 -0.00583712
26.4 0.396859 -0.00654297
26.52 0.377124 -0.00728879
26.64 0.357655 -0.00806897
26.76 0.338471 -0.00887784
26.88 0.31959 -0.00970974
27 0.301029 -0.0105591
27.12 0.282806 -0.0114204
27.24 0.264936 -0.0122884
27.36 0.247436 -0.0131581
27.48 0.230319 -0.0140247
27.6 0.2136 -0.0148837
27.72 0.197292 -0.015731
27.84 0.181406 -0.016563
27.96 0.165955 -0.0173761
28.08 0.150948 -0.0181673
28.2 0.136394 -0.0189342
28.32 0.122303 -0.0196744
28.44 0.108681 -0.0203861
28.56 0.0955339 -0.0210679
28.68 0.0828685 -0.0217186
28.8 0.0706884 -0.0223374
28.92 0.0589974 -0.0229239
29.04 0.0477978 -0.0234777
29.16 0.0370913 -0.023999
29.28 0.0268785 -0.0244878
29.4 0.0171593 -0.0249447
29.52 0.00793258 -0.02537
29.64 -0.000803505 -0.0257644
29.76 -0.00905167 -0.0261285
29.88 -0.0168154 -0.026463
30 -0.0240989 -0.0267685
30.12 -0.0309071 -0.0270455
30.24 -0.0372457 -0.0272946
30.36 -0.043121 -0.027516
30.48 -0.0485399 -0.02771
30.6 -0.05351 -0.0278767
30.72 -0.0580395 -0.0280157
30.84 -0.062137 -0.0281269
30.96 -0.0658119 -0.0282096
31.08 -0.0690738 -0.0282629
31.2 -0.0719331 -0.028286
31.32 -0.0744004 -0.0282774
31.44 -0.076487 -0.0282358
31.56 -0.0782044 -0.0281594
31.68 -0.0795647 -0.0280465
31.8 -0.0805803 -0.027895
31.92 -0.0812639 -0.0277027
32.04 -0.0816287 -0.0274674
32.16 -0.0816882 -0.0271866
32.28 -0.0814561 -0.0268581
32.4 -0.0809465 -0.0264793
32.52 -0.0801738 -0.0260479
32.64 -0.0791525 -0.0255615
32.76 -0.0778975 -0.0250179
32.88 -0.0764238 -0.0244151
33 -0.0747467 -0.023751
33.12 -0.0728815 -0.0230242
33.24 -0.0708436 -0.022233
33.36 -0.0686487 -0.0213764
33.48 -0.0663123 -0.0204537
33.6 -0.0638503 -0.0194644
33.72 -0.0612781 -0.0184085
33.84 -0.0586114 -0.0172863
33.96 -0.0558658 -0.0160988
34.08 -0.0530566 -0.0148472
34.2 -0.050199 -0.0135333
34.32 -0.047308 -0.0121593
34.44 -0.0443984 -0.0107279
34.56 -0.0414845 -0.00924234
34.68 -0.0385804 -0.00770632
34.8 -0.0356999 -0.00612394
34.92 -0.0328561 -0.00449977
35.04 -0.0300617 -0.00283882
35.16 -0.0273289 -0.00114647
35.28 -0.0246692 0.000571505
35.4 -0.0220937 0.00230903
35.52 -0.0196127 0.00405972
35.64 -0.0172356 0.00581694
35.76 -0.0149712 0.00757385
35.88 -0.0128277 0.00932347
36 -0.0108122 0.0110587
36.12 -0.008931 0.0127724
36.24 -0.0071897 0.0144573
36.36 -0.00559285 0.0161064
36.48 -0.00414416 0.0177127
36.6 -0.00284641 0.0192693
36.72 -0.00170146 0.0207696
36.84 -0.000710253 0.0222072
36.96 0.000127177 0.0235761
37.08 0.000811705 0.0248705
37.2 0.0013451 0.0260851
37.32 0.00172999 0.027215
37.44 0.00196986 0.028256
37.56 0.00206898 0.029204
37.68 0.00203244 0.0300557
37.8 0.00186601 0.0308084
37.92 0.00157619 0.0314599
38.04 0.00117011 0.0320086
38.16 0.000655464 0.0324535
38.28 4.05001e-05 0.0327943
38.4 -0.000666079 0.0330311
38.52 -0.00145517 0.0331649
38.64 -0.00231732 0.033197
38.76 -0.00324281 0.0331296
38.88 -0.00422173 0.0329651
39 -0.00524404 0.0327067
39.12 -0.00629962 0.032358
39.24 -0.00737838 0.0319232
39.36 -0.00847029 0.0314067
39.48 -0.00956549 0.0308135
39.6 -0.0106543 0.0301488
39.72 -0.0117274 0.0294183
39.84 -0.0127757 0.0286278
39.96 -0.0137906 0.0277834
40.08 -0.0147638 0.0268912
40.2 -0.0156878 0.0259578
40.32 -0.0165553 0.0249894
40.44 -0.0173599 0.0239925
40.56 -0.0180957 0.0229735
40.68 -0.0187574 0.0219388
40.8 -0.0193404 0.0208945
40.92 -0.0198409 0.0198467
41.04 -0.0202559 0.0188011
41.16 -0.0205828 0.0177634
41.28 -0.0208202 0.0167388
41.4 -0.0209671 0.0157323
41.52 -0.0210232 0.0147486
41.64 -0.0209893 0.0137918
41.76 -0.0208664 0.0128659
41.88 -0.0206566 0.0119743
42 -0.0203623 0.01112
42.12 -0.0199869 0.0103057
42.24 -0.019534 0.00953357
42.36 -0.0190079 0.00880528
42.48 -0.0184135 0.00812216
42.6 -0.0177559 0.00748509
42.72 -0.0170408 0.00689454
42.84 -0.0162742 0.00635057
42.96 -0.0154624 0.00585284
43.08 -0.0146118 0.00540069
43.2 -0.0137291 0.00499305
43.32 -0.0128213 0.0046286
43.44 -0.0118951 0.00430567
43.56 -0.0109574 0.00402237
43.68 -0.0100151 0.00377654
43.8 -0.00907508 0.00356584
43.92 -0.00814384 0.00338777
44.04 -0.00722786 0.00323965
44.16 -0.00633335 0.00311872
44.28 -0.00546624 0.00302216
44.4 -0.00463215 0.00294707
44.52 -0.00383633 0.00289055
44.64 -0.00308366 0.00284974
44.76 -0.00237862 0.00282178
44.88 -0.00172522 0.00280391
45 -0.00112704 0.00279346
45.12 -0.000587178 0.00278787
45.24 -0.000108243 0.00278472
45.36 0.000307646 0.00278174
45.48 0.000658866 0.00277686
45.6 0.00094429 0.00276814
45.72 0.00116329 0.00275389
45.84 0.0013157 0.00273259
45.96 0.00140186 0.00270294
46.08 0.00142254 0.00266386
46.2 0.00137896 0.00261447
46.32 0.00127275 0.0025541
46.44 0.00110593 0.00248231
46.56 0.000880921 0.00239884
46.68 0.000600437 0.00230365
46.8 0.000267527 0.00219687
46.92 -0.000114487 0.0020788
47.04 -0.000542042 0.00194992
47.16 -0.00101136 0.00181085
47.28 -0.00151849 0.00166235
47.4 -0.00205933 0.0015053
47.52 -0.00262968 0.00134069
47.64 -0.00322526 0.00116958
47.76 -0.00384175 0.000993115
47.88 -0.00447481 0.000812503
48 -0.00512016 0.000628978
48.12 -0.00577352 0.0004438
48.24 -0.00643072 0.000258238
48.36 -0.0070877 7.35505e-05
48.48 -0.00774053 -0.000109022
48.6 -0.00838543 -0.000288278
48.72 -0.00901879 -0.00046306
48.84 -0.00963722 -0.000632271
48.96 -0.0102375 -0.000794881
49.08 -0.0108167 -0.000949938
49.2 -0.011372 -0.00109657
49.32 -0.011901 -0.00123401
49.44 -0.0124014 -0.00136157
49.56 -0.0128713 -0.00147867
49.68 -0.0133089 -0.00158482
49.8 -0.0137128 -0.00167965
49.92 -0.0140817 -0.00176289
50.04 -0.0144148 -0.00183435
50.16 -0.0147113 -0.00189397
50.28 -0.0149709 -0.00194175
50.4 -0.0151932 -0.00197782
50.52 -0.0153783 -0.00200237
50.64 -0.0155264 -0.00201567
50.76 -0.015638 -0.00201809
50.88 -0.0157136 -0.00201004
51 -0.0157542 -0.00199201
51.12 -0.0157605 -0.00196453
51.24 -0.0157338 -0.00192819
51.36 -0.0156752 -0.00188361
51.48 -0.0155861 -0.00183144
51.6 -0.015468 -0.00177236
51.72 -0.0153223 -0.00170707
51.84 -0.0151507 -0.00163627
51.96 -0.0149549 -0.00156066
52.08 -0.0147366 -0.00148096
52.2 -0.0144974 -0.00139785
52.32 -0.0142391 -0.00131203
52.44 -0.0139635 -0.00122414
52.56 -0.0136722 -0.00113484
52.68 -0.0133671 -0.00104474
52.8 -0.0130497 -0.000954424
52.92 -0.0127217 -0.000864439
53.04 -0.0123847 -0.000775306
53.16 -0.0120402 -0.000687507
53.28 -0.0116897 -0.000601488
53.4 -0.0113346 -0.000517657
53.52 -0.0109762 -0.000436386
53.64 -0.0106157 -0.000358009
53.76 -0.0102543 -0.000282825
53.88 -0.00989307 -0.000211099
54 -0.00953301 -0.000143059
54.12 -0.00917503 -7.89046e-05
54.24 -0.00881993 -1.88026e-05
54.36 -0.00846844 3.71077e-05
54.48 -0.00812122 8.87138e-05
54.6 -0.00777882 0.000135928
54.72 -0.00744173 0.000178685
54.84 -0.00711034 0.00021694
54.96 -0.006785 0.000250669
55.08 -0.00646594 0.000279863
55.2 -0.00615337 0.000304529
55.32 -0.00584741 0.000324689
55.44 -0.00554811 0.000340378
55.56 -0.0052555 0.000351642
55.68 -0.00496953 0.000358538
55.8 -0.00469012 0.000361134
55.92 -0.00441713 0.000359508
56.04 -0.00415042 0.000353745
56.16 -0.00388978 0.000343941
56.28 -0.00363501 0.000330201
56.4 -0.00338586 0.00031264
56.52 -0.00314208 0.000291382
56.64 -0.00290341 0.000266559
56.76 -0.00266958 0.000238315
56.88 -0.00244031 0.000206806
57 -0.00221534 0.000172197
57.12 -0.0019944 0.000134665
57.24 -0.00177725 9.43993e-05
57.36 -0.00156365 5.16022e-05
57.48 -0.00135338 6.48777e-06
57.6 -0.00114625 -4.0717e-05
57.72 -0.000942084 -8.97725e-05
57.84 -0.000740737 -0.000140426
57.96 -0.000542098 -0.000192414
58.08 -0.000346083 -0.00024546
58.2 -0.000152644 -0.000299276
58.32 3.823e-05 -0.000353566
58.44 0.000226517 -0.000408023
58.56 0.000412154 -0.000462334
58.68 0.000595044 -0.00051618
58.8 0.000775048 -0.000569237
58.92 0.000951993 -0.000621178
59.04 0.00112567 -0.000671676
59.16 0.00129582 -0.000720408
59.28 0.00146217 -0.000767052
59.4 0.0016244 -0.000811295
59.52 0.00178217 -0.000852832
59.64 0.00193509 -0.00089137
59.76 0.00208277 -0.000926631
59.88 0.00222478 -0.000958352
60 0.00236067 -0.000986293
60.12 0.00248999 -0.00101023
60.24 0.00261225 -0.00102997
60.36 0.00272698 -0.00104535
60.48 0.00283368 -0.00105621
60.6 0.00293187 -0.00106246
60.72 0.00302106 -0.00106401
60.84 0.00310078 -0.00106081
60.96 0.00317056 -0.00105287
61.08 0.00322997 -0.0010402
61.2 0.00327858 -0.00102286
61.32 0.003316 -0.00100096
61.44 0.00334186 -0.000974619
61.56 0.00335584 -0.000944023
61.68 0.00335764 -0.000909373
61.8 0.00334703 -0.000870911
61.92 0.00332381 -0.000828912
62.04 0.00328782 -0.000783684
62.16 0.00323898 -0.000735564
62.28 0.00317725 -0.000684916
62.4 0.00310264 -0.000632132
62.52 0.00301523 -0.000577626
62.64 0.00291516 -0.00052183
62.76 0.00280264 -0.000465197
62.88 0.00267791 -0.00040819
63 0.00254131 -0.000351286
63.12 0.00239322 -0.000294965
63.24 0.00223407 -0.000239713
63.36 0.00206436 -0.000186016
63.48 0.00188466 -0.000134355
63.6 0.00169555 -8.52026e-05
63.72 0.00149771 -3.90218e-05
63.84 0.00129182 3.74034e-06
63.96 0.00107862 4.26549e-05
64.08 0.000858889 7.7315e-05
64.2 0.000633439 0.000107339
64.32 0.000403101 0.000132372
64.44 0.00016873 0.000152094
64.56 -6.88041e-05 0.000166215
64.68 -0.000308621 0.000174483
64.8 -0.000549836 0.000176686
64.92 -0.000791568 0.000172652
65.04 -0.00103294 0.00016225
65.16 -0.0012731 0.000145397
65.28 -0.0015112 0.000122051
65.4 -0.00174643 9.22209e-05
65.52 -0.00197801 5.59594e-05
65.64 -0.00220518 1.33683e-05
65.76 -0.00242723 -3.54035e-05
65.88 -0.00264351 -9.01594e-05
66 -0.0028534 -0.000150656
66.12 -0.00305634 -0.000216604
66.24 -0.00325182 -0.000287668
66.36 -0.00343939 -0.00036347
66.48 -0.00361867 -0.000443589
66.6 -0.00378933 -0.000527565
66.72 -0.0039511 -0.000614897
66.84 -0.00410379 -0.000705052
66.96 -0.00424726 -0.00079746
67.08 -0.00438142 -0.000891523
67.2 -0.00450628 -0.000986616
67.32 -0.00462185 -0.00108209
67.44 -0.00472826 -0.00117727
67.56 -0.00482564 -0.00127146
67.68 -0.0049142 -0.00136398
67.8 -0.00499418 -0.0014541
67.92 -0.00506587 -0.00154111
68.04 -0.00512959 -0.0016243
68.16 -0.0051857 -0.00170294
68.28 -0.00523457 -0.00177632
68.4 -0.00527661 -0.00184376
68.52 -0.00531224 -0.00190456
68.64 -0.00534186 -0.00195807
68.76 -0.00536592 -0.00200365
68.88 -0.00538482 -0.0020407
69 -0.005399 -0.00206863
69.12 -0.00540884 -0.0020869
69.24 -0.00541472 -0.00209503
69.36 -0.00541699 -0.00209256
69.48 -0.00541598 -0.00207909
69.6 -0.00541197 -0.00205427
69.72 -0.00540521 -0.0020178
69.84 -0.00539589 -0.00196946
69.96 -0.00538417 -0.00190907
70.08 -0.00537015 -0.00183653
70.2 -0.00535388 -0.00175179
70.32 -0.00533534 -0.0016549
70.44 -0.00531448 -0.00154594
70.56 -0.00529115 -0.00142509
70.68 -0.00526518 -0.0012926
70.8 -0.00523632 -0.00114879
70.92 -0.00520427 -0.000994048
71.04 -0.00516867 -0.000828843
71.16 -0.00512908 -0.000653709
71.28 -0.00508505 -0.000469254
71.4 -0.00503604 -0.000276151
71.52 -0.00498148 -7.51397e-05
71.64 -0.00492075 0.000132978
71.76 -0.00485319 0.000347342
71.88 -0.00477811 0.000567038
72 -0.00469477 0.000791099
72.12 -0.00460242 0.00101852
72.24 -0.00450028 0.00124824
72.36 -0.00438756 0.00147918
72.48 -0.00426346 0.00171024
72.6 -0.00412717 0.00194027
72.72 -0.00397788 0.00216812
72.84 -0.00381481 0.00239265
72.96 -0.00363718 0.00261269
73.08 -0.00344422 0.00282709
73.2 -0.0032352 0.00303471
73.32 -0.00300944 0.00323445
73.44 -0.00276627 0.00342521
73.56 -0.00250508 0.00360593
73.68 -0.00222533 0.00377562
73.8 -0.00192652 0.00393331
73.92 -0.00160821 0.00407809
74.04 -0.00127004 0.00420912
74.16 -0.000911726 0.00432562
74.28 -0.000533064 0.0044269
74.4 -0.00013393 0.00451232
74.52 0.000285708 0.00458133
74.64 0.000725788 0.00463347
74.76 0.00118615 0.00466836
74.88 0.00166654 0.00468572
75 0.00216659 0.00468533
75.12 0.00268583 0.00466709
75.24 0.00322368 0.00463098
75.36 0.00377946 0.00457704
75.48 0.00435236 0.00450544
75.6 0.00494147 0.0044164
75.72 0.00554577 0.00431022
75.84 0.0061641 0.00418727
75.96 0.00679523 0.00404802
76.08 0.00743776 0.00389295
76.2 0.00809023 0.00372263
76.32 0.00875104 0.00353767
76.44 0.0094185 0.0033387
76.56 0.0100908 0.00312641
76.68 0.010766 0.0029015
76.8 0.0114421 0.00266466
76.92 0.0121171 0.00241662
77.04 0.0127887 0.00215808
77.16 0.0134546 0.00188974
77.28 0.0141125 0.00161226
77.4 0.0147599 0.00132628
77.52 0.0153944 0.0010324
77.64 0.0160134 0.000731151
77.76 0.0166143 0.000423028
77.88 0.0171944 0.00010845
78 0.0177511 -0.00021223
78.12 0.0182816 -0.00053874
78.24 0.0187832 -0.000870885
78.36 0.0192532 -0.00120856
78.48 0.0196889 -0.00155174
78.6 0.0200875 -0.0019005
78.72 0.0204464 -0.002255
78.84 0.0207629 -0.00261549
78.96 0.0210345 -0.00298231
79.08 0.0212587 -0.00335588
79.2 0.021433 -0.00373672
79.32 0.021555 -0.00412541
79.44 0.0216225 -0.00452261
79.56 0.0216334 -0.00492904
79.68 0.0215857 -0.00534549
79.8 0.0214775 -0.00577278
79.92 0.0213071 -0.00621179
80.04 0.021073 -0.00666342
80.16 0.0207737 -0.00712858
80.28 0.0204082 -0.00760822
80.4 0.0199754 -0.00810324
80.52 0.0194744 -0.00861458
80.64 0.0189049 -0.00914312
80.76 0.0182663 -0.0096897
80.88 0.0175586 -0.0102551
81 0.0167819 -0.0108402
81.12 0.0159366 -0.0114455
81.24 0.0150231 -0.0120718
81.36 0.0140424 -0.0127194
81.48 0.0129956 -0.0133889
81.6 0.0118839 -0.0140806
81.72 0.0107089 -0.0147946
81.84 0.00947242 -0.0155312
81.96 0.00817652 -0.0162904
82.08 0.00682346 -0.017072
82.2 0.00541572 -0.0178758
82.32 0.00395601 -0.0187016
82.44 0.00244724 -0.0195488
82.56 0.000892496 -0.0204171
82.68 -0.000704935 -0.0213058
82.8 -0.00234161 -0.0222142
82.92 -0.00401394 -0.0231416
83.04 -0.00571819 -0.0240872
83.16 -0.00745052 -0.02505
83.28 -0.00920698 -0.0260294
83.4 -0.0109835 -0.0270242
83.52 -0.0127761 -0.0280338
83.64 -0.0145806 -0.029057
83.76 -0.0163928 -0.0300932
83.88 -0.0182086 -0.0311416
84 -0.0200238 -0.0322013
84.12 -0.0218344 -0.0332718
84.24 -0.0236362 -0.0343526
84.36 -0.0254254 -0.0354432
84.48 -0.0271981 -0.0365434
84.6 -0.0289505 -0.0376531
84.72 -0.030679 -0.0387724
84.84 -0.0323801 -0.0399014
84.96 -0.0340505 -0.0410406
85.08 -0.0356871 -0.0421907
85.2 -0.037287 -0.0433524
85.32 -0.0388473 -0.0445268
85.44 -0.0403657 -0.0457152
85.56 -0.0418397 -0.046919
85.68 -0.0432673 -0.0481398
85.8 -0.0446466 -0.0493794
85.92 -0.045976 -0.05064
86.04 -0.0472542 -0.0519236
86.16 -0.0484799 -0.0532326
86.28 -0.0496523 -0.0545694
86.4 -0.0507707 -0.0559367
86.52 -0.0518345 -0.0573369
86.64 -0.0528436 -0.0587729
86.76 -0.0537978 -0.0602472
86.88 -0.0546974 -0.0617625
87 -0.0555426 -0.0633214
87.12 -0.0563339 -0.0649264
87.24 -0.0570721 -0.0665799
87.36 -0.0577578 -0.0682838
87.48 -0.058392 -0.0700403
87.6 -0.0589757 -0.0718508
87.72 -0.0595101 -0.0737168
87.84 -0.0599963 -0.075639
87.96 -0.0604357 -0.0776181
88.08 -0.0608296 -0.079654
88.2 -0.0611792 -0.0817463
88.32 -0.061486 -0.083894
88.44 -0.0617513 -0.0860954
88.56 -0.0619766 -0.0883484
88.68 -0.062163 -0.0906499
88.8 -0.062312 -0.0929966
88.92 -0.0624248 -0.095384
89.04 -0.0625026 -0.0978072
89.16 -0.0625466 -0.10026
89.28 -0.0625579 -0.102737
89.4 -0.0625374 -0.10523
89.52 -0.0624863 -0.107731
89.64 -0.0624053 -0.110231
89.76 -0.0622954 -0.112721
89.88 -0.0621574 -0.11519
90 -0.061992 -0.117628
90.12 -0.0618 -0.120022
90.24 -0.061582 -0.122361
90.36 -0.0613387 -0.124632
90.48 -0.0610708 -0.126822
90.6 -0.060779 -0.128916
90.72 -0.0604639 -0.1309
90.84 -0.0601265 -0.13276
90.96 -0.0597674 -0.134482
91.08 -0.0593875 -0.136049
91.2 -0.0589879 -0.137448
91.32 -0.0585697 -0.138662
91.44 -0.0581341 -0.139678
91.56 -0.0576825 -0.14048
91.68 -0.0572163 -0.141053
91.8 -0.0567374 -0.141385
91.92 -0.0562477 -0.141461
92.04 -0.0557492 -0.141269
92.16 -0.0552443 -0.140795
92.28 -0.0547355 -0.140029
92.4 -0.0542256 -0.13896
92.52 -0.0537176 -0.137579
92.64 -0.0532147 -0.135876
92.76 -0.0527204 -0.133845
92.88 -0.0522384 -0.131479
93 -0.0517726 -0.128773
93.12 -0.051327 -0.125724
93.24 -0.050906 -0.12233
93.36 -0.0505139 -0.11859
93.48 -0.0501556 -0.114505
93.6 -0.0498356 -0.110077
93.72 -0.0495589 -0.105311
93.84 -0.0493303 -0.100212
93.96 -0.0491548 -0.0947866
94.08 -0.0490375 -0.0890444
94.2 -0.0489833 -0.0829953
94.32 -0.0489971 -0.0766512
94.44 -0.0490836 -0.0700254
94.56 -0.0492475 -0.0631327
94.68 -0.0494933 -0.0559891
94.8 -0.0498252 -0.0486122
94.92 -0.0502472 -0.0410206
95.04 -0.0507629 -0.0332342
95.16 -0.0513756 -0.0252738
95.28 -0.0520883 -0.0171612
95.4 -0.0529033 -0.00891915
95.52 -0.0538227 -0.000570966
95.64 -0.0548479 0.00785936
95.76 -0.0559799 0.0163474
95.88 -0.057219 0.0248683
96 -0.0585649 0.0333972
96.12 -0.0600168 0.0419091
96.24 -0.0615731 0.0503788
96.36 -0.0632316 0.0587818
96.48 -0.0649893 0.0670935
96.6 -0.0668428 0.0752901
96.72 -0.0687877 0.0833482
96.84 -0.0708191 0.0912453
96.96 -0.0729313 0.0989597
97.08 -0.0751179 0.106471
97.2 -0.077372 0.113758
97.32 -0.079686 0.120805
97.44 -0.0820516 0.127592
97.56 -0.0844599 0.134105
97.68 -0.0869016 0.14033
97.8 -0.0893669 0.146252
97.92 -0.0918453 0.151862
98.04 -0.0943261 0.157148
98.16 -0.0967982 0.162104
98.28 -0.0992502 0.166723
98.4 -0.10167 0.170999
98.52 -0.104047 0.174931
98.64 -0.106367 0.178516
98.76 -0.10862 0.181754
98.88 -0.110793 0.184646
99 -0.112873 0.187197
99.12 -0.11485 0.189411
99.24 -0.116711 0.191292
99.36 -0.118445 0.19285
99.48 -0.12004 0.194091
99.6 -0.121486 0.195025
99.72 -0.122771 0.195663
99.84 -0.123887 0.196016
99.96 -0.124824 0.196096
100.08 -0.125573 0.195916
100.2 -0.126125 0.195488
100.32 -0.126472 0.194827
100.44 -0.126609 0.193945
100.56 -0.126527 0.192858
100.68 -0.126223 0.191578
100.8 -0.12569 0.190119
100.92 -0.124925 0.188496
101.04 -0.123924 0.186722
101.16 -0.122685 0.184808
101.28 -0.121205 0.182768
101.4 -0.119484 0.180613
101.52 -0.117521 0.178354
101.64 -0.115316 0.176001
101.76 -0.112871 0.173564
101.88 -0.110186 0.17105
102 -0.107264 0.168468
102.12 -0.104108 0.165824
102.24 -0.100721 0.163123
102.36 -0.0971063 0.16037
102.48 -0.0932691 0.157569
102.6 -0.0892137 0.154722
102.72 -0.0849453 0.151831
102.84 -0.0804692 0.148897
102.96 -0.0757913 0.14592
103.08 -0.0709175 0.142899
103.2 -0.0658541 0.139834
103.32 -0.0606075 0.136721
103.44 -0.0551841 0.133558
103.56 -0.0495907 0.130343
103.68 -0.043834 0.127073
103.8 -0.0379208 0.123743
103.92 -0.0318578 0.12035
104.04 -0.025652 0.116892
104.16 -0.0193102 0.113363
104.28 -0.0128391 0.109763
104.4 -0.00624554 0.106086
104.52 0.000463662 0.102333
104.64 0.00728177 0.0984995
104.76 0.014202 0.0945863
104.88 0.0212177 0.0905926
105 0.0283219 0.0865194
105.12 0.035508 0.0823683
105.24 0.0427689 0.0781422
105.36 0.0500978 0.0738449
105.48 0.0574875 0.0694815
105.6 0.0649307 0.0650585
105.72 0.07242 0.0605833
105.84 0.0799477 0.0560648
105.96 0.0875058 0.0515133
106.08 0.0950861 0.0469401
106.2 0.10268 0.0423579
106.32 0.110279 0.0377808
106.44 0.117872 0.0332238
106.56 0.125452 0.0287032
106.68 0.133006 0.0242362
106.8 0.140525 0.0198412
106.92 0.147998 0.0155373
107.04 0.155412 0.0113444
107.16 0.162755 0.00728298
107.28 0.170014 0.00337418
107.4 0.177177 -0.000360597
107.52 0.184229 -0.00389969
107.64 0.191155 -0.00722134
107.76 0.197942 -0.0103039
107.88 0.204574 -0.013126
108 0.211035 -0.0156665
108.12 0.217309 -0.017905
108.24 0.223381 -0.0198218
108.36 0.229232 -0.0213981
108.48 0.234848 -0.0226161
108.6 0.240211 -0.0234593
108.72 0.245304 -0.0239125
108.84 0.250111 -0.0239621
108.96 0.254616 -0.023596
109.08 0.258802 -0.0228039
109.2 0.262653 -0.0215777
109.32 0.266155 -0.0199108
109.44 0.269292 -0.0177991
109.56 0.272051 -0.0152405
109.68 0.27442 -0.0122352
109.8 0.276385 -0.00878558
109.92 0.277936 -0.00489643
110.04 0.279063 -0.0005749
110.16 0.279757 0.00416955
110.28 0.280012 0.00932509
110.4 0.279822 0.0148776
110.52 0.279183 0.0208107
110.64 0.278093 0.0271058
110.76 0.276551 0.0337421
110.88 0.274558 0.0406968
111 0.272118 0.0479453
111.12 0.269235 0.0554609
111.24 0.265917 0.0632154
111.36 0.262173 0.071179
111.48 0.258014 0.0793205
111.6 0.253453 0.0876074
111.72 0.248504 0.0960062
111.84 0.243186 0.104482
111.96 0.237517 0.113001
112.08 0.231518 0.121526
112.2 0.225212 0.130022
112.32 0.218623 0.138452
112.44 0.211777 0.146781
112.56 0.204702 0.154972
112.68 0.197427 0.16299
112.8 0.189983 0.1708
112.92 0.1824 0.178369
113.04 0.174711 0.185662
113.16 0.16695 0.192649
113.28 0.159151 0.199298
113.4 0.151347 0.20558
113.52 0.143575 0.211469
113.64 0.135868 0.216936
113.76 0.128262 0.22196
113.88 0.120792 0.226517
114 0.113491 0.230588
114.12 0.106392 0.234154
114.24 0.0995298 0.2372
114.36 0.0929346 0.239711
114.48 0.0866372 0.241678
114.6 0.0806666 0.24309
114.72 0.0750504 0.243941
114.84 0.0698143 0.244226
114.96 0.0649824 0.243943
115.08 0.0605765 0.243092
115.2 0.0566163 0.241676
115.32 0.0531193 0.239699
115.44 0.0501007 0.237166
115.56 0.047573 0.234088
115.68 0.0455464 0.230474
115.8 0.0440282 0.226336
115.92 0.0430234 0.221688
116.04 0.042534 0.216547
116.16 0.0425595 0.210929
116.28 0.0430965 0.204853
116.4 0.0441391 0.198339
116.52 0.0456787 0.191408
116.64 0.047704 0.184082
116.76 0.0502013 0.176385
116.88 0.0531544 0.16834
117 0.0565446 0.159972
117.12 0.0603513 0.151307
117.24 0.0645513 0.14237
117.36 0.0691199 0.133188
117.48 0.0740303 0.123786
117.6 0.0792539 0.114191
117.72 0.0847607 0.10443
117.84 0.0905195 0.0945305
117.96 0.0964978 0.0845175
118.08 0.102662 0.0744179
118.2 0.108978 0.0642577
118.32 0.11541 0.0540625
118.44 0.121924 0.0438576
118.56 0.128484 0.0336678
118.68 0.135055 0.0235175
118.8 0.1416 0.0134303
118.92 0.148085 0.0034295
119.04 0.154476 -0.00646248
119.16 0.160739 -0.0162237
119.28 0.16684 -0.025833
119.4 0.172749 -0.0352699
119.52 0.178434 -0.0445146
119.64 0.183866 -0.0535481
119.76 0.189018 -0.062352
119.88 0.193863 -0.0709088
120 0.198377 -0.0792017
