-0.999 -5.9946e-05 -3.42402e-05
-0.998 -0.000230469 -0.000142954
-0.997 -0.000465189 -0.000320548
-0.996 -0.000716578 -0.000548576
-0.995 -0.000990192 -0.000811311
-0.994 -0.00136292 -0.00111001
-0.993 -0.00194217 -0.0014637
-0.992 -0.0027794 -0.00189069
-0.991 -0.00378406 -0.00237967
-0.99 -0.00469708 -0.00287059
-0.989 -0.00516441 -0.00326375
-0.988 -0.00490045 -0.00345892
-0.987 -0.00387249 -0.0034118
-0.986 -0.00240963 -0.00318705
-0.985 -0.00116467 -0.0029831
-0.984 -0.000922039 -0.00310448
-0.983 -0.00231651 -0.0038735
-0.982 -0.00557402 -0.0055087
-0.981 -0.010391 -0.00802953
-0.98 -0.0160269 -0.0112378
-0.979 -0.0215949 -0.0147815
-0.978 -0.0264318 -0.0182668
-0.977 -0.0303733 -0.0213807
-0.976 -0.0338006 -0.0239868
-0.975 -0.0374239 -0.0261537
-0.974 -0.0418771 -0.0280758
-0.973 -0.0472901 -0.0298994
-0.972 -0.0530292 -0.0315387
-0.971 -0.0577543 -0.032601
-0.97 -0.0598185 -0.0324797
-0.969 -0.0578651 -0.0305688
-0.968 -0.0513567 -0.0265079
-0.967 -0.0408127 -0.0203826
-0.966 -0.027691 -0.0128294
-0.965 -0.0139771 -0.00498252
-0.964 -0.00161649 0.00177816
-0.963 0.00802196 0.00622553
-0.962 0.0144369 0.00766091
-0.961 0.0178873 0.00608317
-0.96 0.0189213 0.00208676
-0.959 0.017833 -0.00342395
-0.958 0.014414 -0.00956393
-0.957 0.00811336 -0.0157468
-0.956 -0.00158258 -0.0218534
-0.955 -0.0148 -0.0282146
-0.954 -0.0310892 -0.0353605
-0.953 -0.0494364 -0.043627
-0.952 -0.0685053 -0.052836
-0.951 -0.0871314 -0.0622543
-0.95 -0.104909 -0.0708596
-0.949 -0.122448 -0.07776
-0.948 -0.140949 -0.0825733
-0.947 -0.161255 -0.0856572
-0.946 -0.182981 -0.0881269
-0.945 -0.20428 -0.0916056
-0.944 -0.222353 -0.0977193
-0.943 -0.234426 -0.107504
-0.942 -0.2388 -0.120997
-0.941 -0.235688 -0.137201
-0.94 -0.227549 -0.154409
-0.939 -0.218468 -0.170673
-0.938 -0.212438 -0.184225
-0.937 -0.211157 -0.193746
-0.936 -0.212517 -0.198445
-0.935 -0.210758 -0.197914
-0.934 -0.198426 -0.191825
-0.933 -0.169331 -0.179691
-0.932 -0.121383 -0.160909
-0.931 -0.0584097 -0.135163
-0.93 0.00974325 -0.103006
-0.929 0.0693382 -0.0662965
-0.928 0.10686 -0.0282809
-0.927 0.113783 0.00675012
-0.926 0.0899217 0.0341811
-0.925 0.0436322 0.0500194
-0.924 -0.0113634 0.0517748
-0.923 -0.0612044 0.0389167
-0.922 -0.0971857 0.0126839
-0.921 -0.119336 -0.0246634
-0.92 -0.13686 -0.0707478
-0.919 -0.164741 -0.123675
-0.918 -0.217148 -0.182073
-0.917 -0.300052 -0.244578
-0.916 -0.40631 -0.308969
-0.915 -0.515824 -0.371334
-0.914 -0.601012 -0.425735
-0.913 -0.635608 -0.464809
-0.912 -0.603825 -0.481365
-0.911 -0.506917 -0.470494
-0.91 -0.364579 -0.431355
-0.909 -0.209916 -0.367896
-0.908 -0.0789502 -0.288244
-0.907 0.0017094 -0.202881
-0.906 0.0239708 -0.122082
-0.905 0.000250947 -0.0534148
-0.904 -0.0422025 -0.000223736
-0.903 -0.0721914 0.0382172
-0.902 -0.0668645 0.0649347
-0.901 -0.0213883 0.0827123
-0.9 0.0476841 0.0919648
-0.899 0.10746 0.0899191
-0.898 0.121271 0.0714183
-0.897 0.0642028 0.0311431
-0.896 -0.0651256 -0.0334298
-0.895 -0.241648 -0.119436
-0.894 -0.420696 -0.217659
-0.893 -0.551841 -0.313995
-0.892 -0.595315 -0.393053
-0.891 -0.536006 -0.44255
-0.89 -0.390155 -0.456887
-0.889 -0.201519 -0.438784
-0.888 -0.0272233 -0.398504
-0.887 0.081775 -0.350768
-0.886 0.0977051 -0.310169
-0.885 0.0239577 -0.28665
-0.884 -0.108087 -0.282842
-0.883 -0.2515 -0.294366
-0.882 -0.361224 -0.312729
-0.881 -0.410828 -0.329387
-0.88 -0.402784 -0.339449
-0.879 -0.367959 -0.343937
-0.878 -0.353624 -0.349796
-0.877 -0.404323 -0.367342
-0.876 -0.543432 -0.405815
-0.875 -0.762467 -0.468812
-0.874 -1.02164 -0.551674
-0.873 -1.26122 -0.641979
-0.872 -1.41993 -0.722696
-0.871 -1.45429 -0.776782
-0.87 -1.35278 -0.792019
-0.869 -1.13969 -0.76491
-0.868 -0.867193 -0.702208
-0.867 -0.598242 -0.619034
-0.866 -0.386739 -0.533933
-0.865 -0.261835 -0.462849
-0.864 -0.221282 -0.414503
-0.863 -0.23543 -0.38862
-0.862 -0.259711 -0.376962
-0.861 -0.250993 -0.366523
-0.86 -0.18271 -0.344241
-0.859 -0.054227 -0.302114
-0.858 0.10857 -0.240766
-0.857 0.261694 -0.169653
-0.856 0.357482 -0.10367
-0.855 0.359951 -0.0578489
-0.854 0.256007 -0.0425349
-0.853 0.0595176 -0.0605368
-0.852 -0.192095 -0.106549
-0.851 -0.447566 -0.168861
-0.85 -0.655866 -0.233388
-0.849 -0.781334 -0.28916
-0.848 -0.814982 -0.333132
-0.847 -0.777688 -0.371992
-0.846 -0.714091 -0.420081
-0.845 -0.679437 -0.494397
-0.844 -0.72314 -0.60854
-0.843 -0.872684 -0.767262
-0.842 -1.12158 -0.962936
-0.841 -1.42597 -1.17523
-0.84 -1.71364 -1.37475
-0.839 -1.9044 -1.53005
-0.838 -1.93496 -1.61543
-0.837 -1.77912 -1.61721
-0.836 -1.4571 -1.53622
-0.835 -1.03197 -1.38616
-0.834 -0.59362 -1.18828
-0.833 -0.232415 -0.964184
-0.832 -0.00927156 -0.729286
-0.831 0.0664624 -0.489671
-0.83 0.0401843 -0.243495
-0.829 -0.00656922 0.0136234
-0.828 0.0115219 0.28142
-0.827 0.150135 0.548695
-0.826 0.410895 0.790518
-0.825 0.732601 0.970881
-0.824 1.00305 1.05081
-0.823 1.0925 0.999329
-0.822 0.900548 0.803158
-0.821 0.398197 0.471839
-0.82 -0.354172 0.0367078
-0.819 -1.22099 -0.455978
-0.818 -2.03076 -0.955815
-0.817 -2.62619 -1.41969
-0.816 -2.91141 -1.8199
-0.815 -2.88316 -2.14571
-0.814 -2.63355 -2.39854
-0.813 -2.31815 -2.58364
-0.812 -2.09798 -2.70244
-0.811 -2.07807 -2.74794
-0.81 -2.26873 -2.70475
-0.809 -2.58323 -2.55442
-0.808 -2.86962 -2.28478
-0.807 -2.96479 -1.89942
-0.806 -2.7552 -1.42256
-0.805 -2.22501 -0.896609
-0.804 -1.47235 -0.373899
-0.803 -0.683243 0.0934224
-0.802 -0.0700042 0.462762
-0.801 0.201821 0.708383
-0.8 0.0695343 0.824721
-0.799 -0.406153 0.823553
-0.798 -1.06011 0.725678
-0.797 -1.67513 0.5514
-0.796 -2.0529 0.315054
-0.795 -2.08083 0.0254093
-0.794 -1.77004 -0.310786
-0.793 -1.24931 -0.685403
-0.792 -0.717577 -1.08601
-0.791 -0.374537 -1.49297
-0.79 -0.354344 -1.87853
-0.789 -0.68223 -2.21054
-0.788 -1.2659 -2.4602
-0.787 -1.92557 -2.60915
-0.786 -2.45483 -2.65156
-0.785 -2.69175 -2.59138
-0.784 -2.57392 -2.43902
-0.783 -2.15796 -2.20973
-0.782 -1.59927 -1.9224
-0.781 -1.10201 -1.59732
-0.78 -0.855517 -1.25469
-0.779 -0.973855 -0.915561
-0.778 -1.45645 -0.604021
-0.777 -2.18476 -0.346382
-0.776 -2.95854 -0.165836
-0.775 -3.55993 -0.0759563
-0.774 -3.82242 -0.0782197
-0.773 -3.68219 -0.164466
-0.772 -3.19822 -0.3211
-0.771 -2.53709 -0.532914
-0.77 -1.92507 -0.786955
-0.769 -1.57802 -1.07588
-0.768 -1.62972 -1.39771
-0.767 -2.08376 -1.74949
-0.766 -2.80705 -2.11735
-0.765 -3.56801 -2.46982
-0.764 -4.10691 -2.75989
-0.763 -4.21641 -2.93462
-0.762 -3.80886 -2.9475
-0.761 -2.95012 -2.77069
-0.76 -1.84646 -2.40543
-0.759 -0.784754 -1.88669
-0.758 -0.0425525 -1.27714
-0.757 0.202573 -0.650289
-0.756 -0.0666055 -0.069691
-0.755 -0.699382 0.425685
-0.754 -1.42691 0.823991
-0.753 -1.95458 1.13278
-0.752 -2.06776 1.36561
-0.751 -1.7155 1.52657
-0.75 -1.042 1.5969
-0.749 -0.351447 1.53112
-0.748 -0.0136537 1.26821
-0.747 -0.33853 0.755661
-0.746 -1.46085 -0.0239887
-0.745 -3.27708 -1.03661
-0.744 -5.46012 -2.19617
-0.743 -7.55089 -3.37957
-0.742 -9.09803 -4.45201
-0.741 -9.79923 -5.29774
-0.74 -9.59657 -5.84734
-0.739 -8.69257 -6.09076
-0.738 -7.47867 -6.06938
-0.737 -6.39801 -5.85085
-0.736 -5.78841 -5.49853
-0.735 -5.76102 -5.04847
-0.734 -6.15991 -4.50123
-0.733 -6.61966 -3.82969
-0.732 -6.70173 -3.00055
-0.731 -6.06216 -2.00326
-0.73 -4.59162 -0.875089
-0.729 -2.47693 0.29063
-0.728 -0.159837 1.35894
-0.727 1.79518 2.18495
-0.726 2.88035 2.65078
-0.725 2.81094 2.69563
-0.724 1.62131 2.331
-0.723 -0.343441 1.63656
-0.722 -2.539 0.736245
-0.721 -4.40018 -0.238882
-0.72 -5.5248 -1.18697
-0.719 -5.79753 -2.05605
-0.718 -5.41173 -2.84298
-0.717 -4.7868 -3.57492
-0.716 -4.4132 -4.28285
-0.715 -4.677 -4.97559
-0.714 -5.72 -5.62226
-0.713 -7.38103 -6.15035
-0.712 -9.24179 -6.4629
-0.711 -10.7656 -6.46985
-0.71 -11.4793 -6.12029
-0.709 -11.131 -5.42195
-0.708 -9.76971 -4.44242
-0.707 -7.72995 -3.29462
-0.706 -5.53106 -2.1117
-0.705 -3.72112 -1.01732
-0.704 -2.70836 -0.0985068
-0.703 -2.63299 0.60952
-0.702 -3.32712 1.12049
-0.701 -4.3801 1.47809
-0.7 -5.2819 1.73051
-0.699 -5.59 1.90844
-0.698 -5.06878 2.01227
-0.697 -3.76755 2.01026
-0.696 -2.01679 1.84844
-0.695 -0.335812 1.47067
-0.694 0.727756 0.843006
-0.693 0.775254 -0.0274742
-0.692 -0.312905 -1.08622
-0.691 -2.33644 -2.23791
-0.69 -4.8292 -3.3627
-0.689 -7.18851 -4.3384
-0.688 -8.84955 -5.06506
-0.687 -9.46154 -5.48622
-0.686 -9.00692 -5.599
-0.685 -7.81211 -5.44843
-0.684 -6.43942 -5.10941
-0.683 -5.50082 -4.66454
-0.682 -5.45869 -4.18382
-0.681 -6.47031 -3.70898
-0.68 -8.31697 -3.24582
-0.679 -10.4483 -2.7698
-0.678 -12.1496 -2.24732
-0.677 -12.7899 -1.6657
-0.676 -12.0591 -1.05736
-0.675 -10.0972 -0.506034
-0.674 -7.46942 -0.133669
-0.673 -5.00501 -0.0738063
-0.672 -3.54907 -0.436827
-0.671 -3.68924 -1.27238
-0.67 -5.53578 -2.53965
-0.669 -8.64354 -4.1007
-0.668 -12.1318 -5.74636
-0.667 -14.9729 -7.24763
-0.666 -16.3372 -8.41208
-0.665 -15.8623 -9.1246
-0.664 -13.7651 -9.36308
-0.663 -10.7726 -9.18893
-0.662 -7.88925 -8.71476
-0.661 -6.05257 -8.05581
-0.66 -5.78518 -7.28144
-0.659 -6.98357 -6.38929
-0.658 -8.94574 -5.31629
-0.657 -10.6314 -3.98196
-0.656 -11.0449 -2.34342
-0.655 -9.59776 -0.439697
-0.654 -6.34221 1.58841
-0.653 -2.00494 3.50974
-0.652 2.2082 5.04701
-0.651 5.00088 5.9458
-0.65 5.43877 6.04623
-0.649 3.28501 5.32934
-0.648 -0.916931 3.92049
-0.647 -6.03171 2.05122
-0.646 -10.7055 -0.00432015
-0.645 -13.7973 -1.99837
-0.644 -14.7433 -3.7657
-0.643 -13.7406 -5.25076
-0.642 -11.6629 -6.49441
-0.641 -9.72031 -7.58363
-0.64 -8.99014 -8.58671
-0.639 -10.0145 -9.50328
-0.638 -12.6119 -10.2478
-0.637 -15.9464 -10.6691
-0.636 -18.8094 -10.5961
-0.635 -20.0276 -9.89833
-0.634 -18.8802 -8.54293
-0.633 -15.3807 -6.62802
-0.632 -10.2987 -4.37467
-0.631 -4.89996 -2.07568
-0.63 -0.51725 -0.0217682
-0.629 1.87354 1.56687
-0.628 1.93447 2.58375
-0.627 0.0397594 3.04619
-0.626 -2.86486 3.07234
-0.625 -5.58569 2.83127
-0.624 -7.09703 2.47919
-0.623 -6.89866 2.10374
-0.622 -5.16984 1.69848
-0.621 -2.67087 1.17615
-0.62 -0.460235 0.41101
-0.619 0.454451 -0.707506
-0.618 -0.569933 -2.22666
-0.617 -3.60761 -4.10067
-0.616 -8.12937 -6.18791
-0.615 -13.1667 -8.277
-0.614 -17.6279 -10.1361
-0.613 -20.6415 -11.5699
-0.612 -21.7968 -12.4653
-0.611 -21.2205 -12.813
-0.61 -19.5019 -12.6998
-0.609 -17.5001 -12.2742
-0.608 -16.0743 -11.6954
-0.607 -15.7992 -11.081
-0.606 -16.7656 -10.4706
-0.605 -18.5471 -9.81603
-0.604 -20.342 -9.00315
-0.603 -21.2257 -7.89878
-0.602 -20.4278 -6.41028
-0.601 -17.5753 -4.54003
-0.6 -12.8497 -2.41518
-0.599 -6.99987 -0.277749
-0.598 -1.17267 1.56516
-0.597 3.40241 2.81625
-0.596 5.76993 3.26636
-0.595 5.52518 2.85372
-0.594 2.93258 1.68504
-0.593 -1.13961 0.0092464
-0.592 -5.46019 -1.85167
-0.591 -8.80702 -3.59398
-0.59 -10.3654 -5.01376
-0.589 -10.0067 -6.04954
-0.588 -8.33156 -6.77356
-0.587 -6.45342 -7.3373
-0.586 -5.5971 -7.88897
-0.585 -6.64481 -8.4917
-0.584 -9.77496 -9.07413
-0.583 -14.3198 -9.4363
-0.582 -18.9181 -9.31383
-0.581 -21.9438 -8.47913
-0.58 -22.0734 -6.84261
-0.579 -18.7869 -4.51753
-0.578 -12.6167 -1.82601
-0.577 -5.0498 0.76097
-0.576 1.89502 2.73805
-0.575 6.29031 3.70175
-0.574 6.92736 3.46232
-0.573 3.7314 2.09113
-0.572 -2.19879 -0.112068
-0.571 -8.95909 -2.71733
-0.57 -14.4895 -5.29294
-0.569 -17.2729 -7.52316
-0.568 -16.8398 -9.27952
-0.567 -13.9089 -10.6215
-0.566 -10.1104 -11.7244
-0.565 -7.37881 -12.7628
-0.564 -7.2179 -13.7974
-0.563 -10.1033 -14.7142
-0.562 -15.2522 -15.2379
-0.561 -20.8558 -15.0158
-0.56 -24.6946 -13.7443
-0.559 -24.9195 -11.2968
-0.558 -20.7267 -7.81017
-0.557 -12.6949 -3.69075
-0.556 -2.66124 0.467147
-0.555 6.83297 4.02703
-0.554 13.3467 6.46914
-0.553 15.3193 7.51179
-0.552 12.5561 7.16142
-0.551 6.25602 5.6806
-0.55 -1.42397 3.48528
-0.549 -8.11231 1.00541
-0.548 -12.0165 -1.44261
-0.547 -12.4958 -3.72612
-0.546 -10.2236 -5.8878
-0.545 -6.89394 -8.07097
-0.544 -4.58552 -10.4136
-0.543 -5.00505 -12.9497
-0.542 -8.86293 -15.5495
-0.541 -15.5907 -17.9205
-0.54 -23.4971 -19.6749
-0.539 -30.3127 -20.4445
-0.538 -33.9352 -20.0017
-0.537 -33.1245 -18.3432
-0.536 -27.9143 -15.7072
-0.535 -19.6188 -12.5232
-0.534 -10.44 -9.31252
-0.533 -2.801 -6.5647
-0.532 1.39667 -4.61941
-0.531 1.35887 -3.58866
-0.53 -2.35946 -3.34464
-0.529 -8.03921 -3.5777
-0.528 -13.3512 -3.90438
-0.527 -16.1018 -3.98878
-0.526 -14.9341 -3.64068
-0.525 -9.76898 -2.86516
-0.524 -1.84947 -1.85228
-0.523 6.63222 -0.908007
-0.522 13.221 -0.345981
-0.521 15.9867 -0.37586
-0.52 14.1638 -1.02681
-0.519 8.42661 -2.13291
-0.518 0.694504 -3.38733
-0.517 -6.49029 -4.44875
-0.516 -10.816 -5.06582
-0.515 -11.0049 -5.17765
-0.514 -7.29058 -4.9537
-0.513 -1.39449 -4.7539
-0.512 4.01105 -5.01744
-0.511 6.19522 -6.11281
-0.51 3.33651 -8.19459
-0.509 -4.76025 -11.1145
-0.508 -16.4661 -14.4233
-0.507 -28.7515 -17.4733
-0.506 -38.1141 -19.5934
-0.505 -41.7103 -20.2827
-0.504 -38.3066 -19.356
-0.503 -28.7212 -16.9954
-0.502 -15.5924 -13.6913
-0.501 -2.53752 -10.091
-0.5 7.033 -6.80133
-0.499 11.0448 -4.20923
-0.498 9.43604 -2.38469
-0.497 4.13313 -1.10256
-0.496 -1.6759 0.0242673
-0.495 -4.72687 1.35118
-0.494 -2.90787 3.02052
-0.493 3.91085 4.86162
-0.492 13.7524 6.4118
-0.491 23.1744 7.0565
-0.49 28.4623 6.2443
-0.489 26.9578 3.7026
-0.488 18.0531 -0.424477
-0.487 3.50339 -5.56854
-0.486 -13.063 -10.8672
-0.485 -27.2878 -15.3941
-0.484 -35.4976 -18.4152
-0.483 -35.9004 -19.5875
-0.482 -29.1381 -19.0337
-0.481 -18.0039 -17.2686
-0.48 -6.43861 -15.0098
-0.479 1.81889 -12.9398
-0.478 4.45316 -11.5029
-0.477 1.2713 -10.7971
-0.476 -5.83391 -10.5904
-0.475 -13.6346 -10.4543
-0.474 -18.7699 -9.96455
-0.473 -18.9707 -8.896
-0.472 -13.8631 -7.33509
-0.471 -5.07151 -5.66827
-0.47 4.38443 -4.45433
-0.469 11.1398 -4.23168
-0.468 12.607 -5.32874
-0.467 7.82017 -7.73614
-0.466 -2.2451 -11.0774
-0.465 -14.968 -14.6892
-0.464 -26.8958 -17.79
-0.463 -34.8015 -19.6881
-0.462 -36.6295 -19.9609
-0.461 -32.0345 -18.554
-0.46 -22.3817 -15.7727
-0.459 -10.2708 -12.184
-0.458 1.24223 -8.46226
-0.457 9.50619 -5.2228
-0.456 12.9879 -2.87807
-0.455 11.6466 -1.55313
-0.454 6.87196 -1.08334
-0.453 1.01694 -1.09734
-0.452 -3.33722 -1.1611
-0.451 -4.17418 -0.937274
-0.45 -0.680897 -0.309352
-0.449 6.44631 0.566414
-0.448 15.1353 1.29731
-0.447 22.5048 1.37378
-0.446 25.7231 0.346115
-0.445 22.9192 -1.99022
-0.444 13.8803 -5.46373
-0.443 0.299352 -9.50816
-0.442 -14.5624 -13.2815
-0.441 -26.7643 -15.8979
-0.44 -32.8974 -16.7018
-0.439 -31.2351 -15.4945
-0.438 -22.4097 -12.634
-0.437 -9.34709 -8.96411
-0.436 3.56087 -5.58119
-0.435 11.8228 -3.49933
-0.434 12.3501 -3.31926
-0.433 4.60574 -5.01768
-0.432 -9.03569 -7.94186
-0.431 -23.9312 -11.0247
-0.43 -34.6782 -13.1525
-0.429 -36.9915 -13.558
-0.428 -29.2718 -12.0988
-0.427 -13.286 -9.31789
-0.426 6.29958 -6.25698
-0.425 23.4086 -4.08004
-0.424 32.6027 -3.63745
-0.423 31.0143 -5.12878
-0.422 19.4721 -7.99238
-0.421 2.35078 -11.073
-0.42 -13.8899 -13.0199
-0.419 -22.9951 -12.7811
-0.418 -21.2031 -10.0153
-0.417 -8.69039 -5.26915
-0.416 10.3546 0.157235
-0.415 29.0735 4.61407
-0.414 40.2572 6.63694
-0.413 38.87 5.42903
-0.412 23.9055 1.12794
-0.411 -1.11472 -5.23507
-0.41 -29.2365 -12.0757
-0.409 -52.4102 -17.7848
-0.408 -64.2353 -21.2602
-0.407 -62.1251 -22.2485
-0.406 -48.1242 -21.3731
-0.405 -28.1125 -19.8447
-0.404 -9.69656 -18.9732
-0.403 0.469576 -19.6609
-0.402 -0.990449 -22.0512
-0.401 -13.014 -25.4513
-0.4 -30.5115 -28.5555
-0.399 -46.2062 -29.8984
-0.398 -53.2406 -28.3806
-0.397 -47.6197 -23.6764
-0.396 -29.6288 -16.3737
-0.395 -3.75161 -7.8019
-0.394 22.8436 0.37632
-0.393 42.6915 6.66059
-0.392 50.4621 10.1328
-0.391 44.6286 10.6764
-0.39 27.8517 8.93815
-0.389 5.99561 6.05543
-0.388 -13.8626 3.24535
-0.387 -25.7569 1.39876
-0.386 -26.7126 0.815802
-0.385 -17.5711 1.16214
-0.384 -2.52397 1.64058
-0.383 12.4175 1.30216
-0.382 21.4524 -0.612015
-0.381 20.8453 -4.40143
-0.38 10.0603 -9.78102
-0.379 -8.11439 -15.9291
-0.378 -28.4557 -21.6939
-0.377 -44.9429 -25.9009
-0.376 -52.6482 -27.6754
-0.375 -49.2753 -26.6833
-0.374 -35.8464 -23.2234
-0.373 -16.3469 -18.144
-0.372 3.5073 -12.6131
-0.371 17.9688 -7.8072
-0.37 22.9409 -4.59957
-0.369 17.2048 -3.32774
-0.368 2.84417 -3.70853
-0.367 -15.3253 -4.94201
-0.366 -31.2267 -5.99156
-0.365 -39.4635 -5.96026
-0.364 -37.089 -4.43519
-0.363 -24.6155 -1.67409
-0.362 -5.94035 1.43409
-0.361 12.7836 3.62615
-0.36 25.0226 3.66782
-0.359 25.9679 0.790662
-0.358 14.2388 -4.97582
-0.357 -7.42768 -12.707
-0.356 -32.8434 -20.7879
-0.355 -54.2643 -27.3764
-0.354 -64.9188 -30.971
-0.353 -61.307 -30.882
-0.352 -44.4661 -27.4435
-0.351 -19.7526 -21.8978
-0.35 4.82583 -15.9856
-0.349 21.2222 -11.366
-0.348 24.075 -9.05807
-0.347 12.6162 -9.10004
-0.346 -8.94253 -10.5659
-0.345 -32.7705 -11.9437
-0.344 -50.1286 -11.7437
-0.343 -54.5012 -9.10921
-0.342 -44.0021 -4.20687
-0.341 -22.1583 1.75094
-0.34 3.21977 6.86589
-0.339 22.683 9.17913
-0.338 28.3888 7.34724
-0.337 16.8536 1.13083
-0.336 -9.71746 -8.47846
-0.335 -44.0268 -19.5401
-0.334 -76.0793 -29.7614
-0.333 -96.5749 -37.204
-0.332 -100.058 -40.854
-0.331 -86.6589 -40.8584
-0.33 -61.8491 -38.3543
-0.329 -34.3812 -34.9686
-0.328 -13.2283 -32.1899
-0.327 -4.56712 -30.8427
-0.326 -9.78215 -30.8365
-0.325 -25.1346 -31.2535
-0.324 -43.2194 -30.7289
-0.323 -55.6955 -27.9873
-0.322 -56.2792 -22.347
-0.321 -42.91 -14.0114
-0.32 -18.3684 -4.0425
-0.319 10.7583 5.95729
-0.318 36.2977 14.3187
-0.317 51.1103 19.7567
-0.316 51.2684 21.6698
-0.315 37.1381 20.2285
-0.314 13.081 16.259
-0.313 -14.051 10.9618
-0.312 -37.0803 5.55262
-0.311 -50.6289 0.931327
-0.31 -52.5734 -2.51518
-0.309 -44.4369 -4.93335
-0.308 -30.6716 -6.8758
-0.307 -17.1368 -9.09413
-0.306 -9.30373 -12.307
-0.305 -10.7181 -16.9761
-0.304 -22.0603 -23.1236
-0.303 -40.9434 -30.2389
-0.302 -62.4874 -37.3276
-0.301 -80.6193 -43.1174
-0.3 -89.8336 -46.3768
-0.299 -86.888 -46.2575
-0.298 -71.857 -42.5635
-0.297 -48.2169 -35.869
-0.296 -21.9961 -27.4311
-0.295 -0.231077 -18.8907
-0.294 10.9856 -11.8125
-0.293 8.47778 -7.19244
-0.292 -6.65262 -5.10981
-0.291 -28.9704 -4.68831
-0.29 -50.2538 -4.41971
-0.289 -62.2093 -2.75948
-0.288 -59.3728 1.21466
-0.287 -41.1776 7.32444
-0.286 -12.5352 14.1777
-0.285 17.3042 19.4896
-0.284 37.4663 20.7767
-0.283 39.108 16.2268
-0.282 18.8187 5.44774
-0.281 -19.6379 -10.2112
-0.28 -66.1416 -27.9389
-0.279 -107.449 -44.286
-0.278 -131.685 -56.2434
-0.277 -132.475 -62.1835
-0.276 -111.298 -62.3269
-0.275 -77.1869 -58.5711
-0.274 -43.7386 -53.729
-0.273 -24.2672 -50.4243
-0.272 -26.7953 -50.0379
-0.271 -50.7998 -52.1168
-0.27 -87.0776 -54.5129
-0.269 -120.912 -54.228
-0.268 -137.43 -48.6535
-0.267 -127.199 -36.7224
-0.266 -90.005 -19.5306
-0.265 -35.3631 -0.1822
-0.264 20.5338 17.1056
-0.263 60.3798 28.3382
-0.262 71.824 31.0516
-0.261 51.8417 25.119
-0.26 7.83612 12.7621
-0.259 -44.9533 -2.24
-0.258 -88.8588 -15.8526
-0.257 -110.082 -25.1208
-0.256 -103.552 -29.0543
-0.255 -74.4784 -28.7479
-0.254 -36.0422 -26.7179
-0.253 -4.21697 -25.736
-0.252 8.22378 -27.6294
-0.251 -3.67188 -32.5071
-0.25 -35.327 -38.6801
-0.249 -74.3728 -43.2853
-0.248 -105.226 -43.3744
-0.247 -114.893 -37.0764
-0.246 -97.8322 -24.4013
-0.245 -57.9691 -7.37323
-0.244 -7.13021 10.5678
-0.243 39.3284 25.6539
-0.242 67.864 34.9343
-0.241 71.1084 37.062
-0.24 49.8782 32.4973
-0.239 12.3521 23.1345
-0.238 -29.1675 11.5323
-0.237 -62.7207 0.0241572
-0.236 -80.7503 -9.98694
-0.235 -82.2428 -18.2997
-0.234 -72.2474 -25.6693
-0.233 -59.2192 -33.195
-0.232 -51.4729 -41.6547
-0.231 -54.1904 -51.0802
-0.23 -67.9558 -60.7052
-0.229 -89.0666 -69.2273
-0.228 -111.228 -75.2333
-0.227 -127.875 -77.6284
-0.226 -134.288 -75.9412
-0.225 -128.813 -70.4138
-0.224 -112.903 -61.8569
-0.223 -90.1685 -51.3614
-0.222 -65.0252 -40.0226
-0.221 -41.566 -28.8052
-0.22 -23.0192 -18.5523
-0.219 -11.6768 -10.0356
-0.218 -8.88355 -3.93131
-0.217 -14.7892 -0.685056
-0.216 -27.9348 -0.329333
-0.215 -45.0537 -2.36423
-0.214 -61.4576 -5.79557
-0.213 -72.0937 -9.36675
-0.212 -73.0423 -11.9456
-0.211 -63.0428 -12.9517
-0.21 -44.5231 -12.6557
-0.209 -23.5577 -12.1884
-0.208 -8.35842 -13.1815
-0.207 -6.46786 -17.117
-0.206 -21.5915 -24.6215
-0.205 -51.4733 -35.0128
-0.204 -87.9622 -46.3393
-0.203 -119.483 -55.9457
-0.202 -135.067 -61.3738
-0.201 -128.474 -61.2609
-0.2 -100.914 -55.8908
-0.199 -61.2644 -47.1757
-0.198 -23.4474 -38.0301
-0.197 -1.57768 -31.315
-0.196 -4.50485 -28.714
-0.195 -31.8983 -29.9909
-0.194 -73.6713 -32.9726
-0.193 -113.242 -34.3234
-0.192 -133.511 -30.839
-0.191 -123.295 -20.7627
-0.19 -81.7985 -4.61961
-0.189 -19.446 14.7464
-0.188 45.3042 32.9612
-0.187 92.1747 45.4832
-0.186 106.233 49.0899
-0.185 83.4232 42.964
-0.184 32.2713 28.9602
-0.183 -29.1183 10.9158
-0.182 -79.7632 -6.75219
-0.181 -103.636 -20.6247
-0.18 -95.562 -29.4154
-0.179 -62.9609 -34.2454
-0.178 -22.8847 -37.9928
-0.177 4.43496 -43.9911
-0.176 3.21182 -54.5553
-0.175 -31.7746 -69.8635
-0.174 -92.7991 -87.6121
-0.173 -161.595 -103.622
-0.172 -215.819 -113.218
-0.171 -237.172 -112.875
-0.17 -217.977 -101.494
-0.169 -163.715 -80.8283
-0.168 -90.7653 -54.9451
-0.167 -20.5035 -28.9729
-0.166 27.9524 -7.59731
-0.165 43.8728 6.2116
-0.164 27.9787 11.8553
-0.163 -8.52322 10.9584
-0.162 -48.5576 6.49138
-0.161 -75.7219 1.5116
-0.16 -80.2234 -1.98489
-0.159 -61.9625 -3.677
-0.158 -29.8101 -4.82246
-0.157 2.25421 -7.56753
-0.156 20.4042 -13.9707
-0.155 15.7164 -25.0945
-0.154 -13.01 -40.452
-0.153 -59.0258 -57.9629
-0.152 -109.901 -74.4168
-0.151 -151.5 -86.3024
-0.15 -172.344 -90.7534
-0.149 -166.902 -86.3275
-0.148 -136.786 -73.3857
-0.147 -89.6971 -53.9749
-0.146 -36.817 -31.2885
-0.145 10.2806 -8.90551
-0.144 42.3511 9.97851
-0.143 54.394 23.178
-0.142 46.602 29.909
-0.141 24.1743 30.8517
-0.14 -4.15388 27.8115
-0.139 -28.6728 23.0257
-0.138 -41.6345 18.3439
-0.137 -39.5947 14.5971
-0.136 -24.4601 11.3733
-0.135 -3.06908 7.22265
-0.134 14.5324 0.191189
-0.133 17.902 -11.4337
-0.132 -0.289573 -28.3114
-0.131 -40.9854 -49.4251
-0.13 -97.1603 -71.9782
-0.129 -155.117 -91.997
-0.128 -198.609 -105.492
-0.127 -214.324 -109.729
-0.126 -196.631 -104.142
-0.125 -149.959 -90.593
-0.124 -88.0441 -72.9313
-0.123 -30.0987 -55.9342
-0.122 5.27912 -43.8587
-0.121 6.73279 -39.0418
-0.12 -25.188 -41.0939
-0.119 -77.562 -47.0826
-0.118 -129.474 -52.6861
-0.117 -159.689 -53.8643
-0.116 -154.581 -48.3991
-0.115 -113.287 -36.7477
-0.114 -48.2301 -21.9218
-0.113 19.1357 -8.42712
-0.112 65.909 -0.617668
-0.111 76.0882 -1.05119
-0.11 46.677 -9.46387
-0.109 -10.8652 -22.7753
-0.108 -74.65 -36.152
-0.107 -120.539 -44.757
-0.106 -131.327 -45.5343
-0.105 -103.224 -38.3309
-0.104 -47.0136 -25.9002
-0.103 16.3567 -12.8029
-0.102 63.7315 -3.69947
-0.101 78.0428 -1.7233
-0.1 54.0827 -7.49176
-0.099 0.0272272 -19.0029
-0.098 -65.6829 -32.3902
-0.097 -121.114 -43.2891
-0.096 -148.871 -48.361
-0.095 -142.169 -46.3759
-0.094 -106.374 -38.3969
-0.093 -55.6778 -27.0562
-0.092 -6.91254 -15.3835
-0.091 26.5074 -5.77469
-0.09 38.3796 0.561204
-0.089 30.553 3.66258
-0.088 11.1233 4.5154
-0.087 -9.22527 4.51381
-0.086 -21.4759 4.83288
-0.085 -21.4536 5.96176
-0.084 -10.5506 7.62059
-0.083 6.05124 9.04812
-0.082 22.2798 9.39648
-0.081 33.4165 7.94721
-0.08 36.7343 4.07643
-0.079 30.8091 -2.86816
-0.078 14.5259 -13.5517
-0.077 -13.2129 -28.3921
-0.076 -52.6546 -47.1287
-0.075 -101.621 -68.4242
-0.074 -154.223 -89.7509
-0.073 -200.951 -107.736
-0.072 -230.623 -118.957
-0.071 -233.806 -120.97
-0.07 -206.762 -113.27
-0.069 -154.57 -97.8332
-0.068 -91.7211 -78.9086
-0.067 -38.6803 -61.8826
-0.066 -14.5383 -51.3989
-0.065 -28.5177 -49.4552
-0.064 -74.7102 -54.4284
-0.063 -133.119 -61.6024
-0.062 -176.71 -65.0034
-0.061 -181.467 -59.7703
-0.06 -135.9 -44.2155
-0.059 -47.1247 -20.9245
-0.058 59.0309 3.58884
-0.057 145.522 20.8876
-0.056 178.013 23.8527
-0.055 139.807 9.88715
-0.054 40.4771 -17.4873
-0.053 -86.3251 -49.5056
-0.052 -194.842 -75.1479
-0.051 -243.832 -85.0065
-0.05 -211.847 -74.6511
-0.049 -106.214 -46.3924
-0.048 37.8452 -8.74489
-0.047 169.089 26.493
-0.046 239.73 48.6601
-0.045 224.633 52.3867
-0.044 131.688 39.681
-0.043 -0.944239 19.0867
-0.042 -119.216 2.3122
-0.041 -173.57 -0.371841
-0.04 -138.111 15.6959
-0.039 -21.5264 47.4148
-0.038 135.194 84.7935
-0.037 274.311 114.67
-0.036 343.86 125.752
-0.035 317.384 112.84
-0.034 203.257 78.6725
-0.033 41.2138 32.9409
-0.032 -112.021 -11.0824
-0.031 -203.499 -41.2749
-0.03 -204.463 -51.1802
-0.029 -122.066 -42.431
-0.028 3.86764 -23.7858
-0.027 118.2 -7.15602
-0.026 173.154 -2.64613
-0.025 145.703 -14.8661
-0.024 44.0644 -41.6304
-0.023 -96.5639 -74.9826
-0.022 -226.698 -104.051
-0.021 -300.721 -119.078
-0.02 -295.086 -115.371
-0.019 -218.266 -95.3345
-0.018 -106.046 -67.2663
-0.017 -4.26217 -41.4895
-0.016 50.9177 -26.0735
-0.015 45.3675 -24.1934
-0.014 -10.889 -33.7054
-0.013 -89.5286 -48.4371
-0.012 -154.916 -60.5977
-0.011 -177.963 -63.8111
-0.01 -148.627 -55.8319
-0.009 -80.3492 -39.4974
-0.008 -2.49699 -21.0838
-0.007 54.9738 -7.00044
-0.006 74.9893 -0.882602
-0.005 58.4102 -2.48769
-0.004 20.852 -8.37355
-0.003 -15.246 -13.6305
-0.002 -30.3532 -14.0177
-0.001 -16.8123 -7.92413
0 16.9044 2.70805
0.001 50.53 13.3385
0.002 63.8178 19.4224
0.003 48.3523 19.0107
0.004 11.8673 13.718
0.005 -26.0355 7.80433
0.006 -42.8722 6.2081
0.007 -23.0223 12.3993
0.008 34.3402 26.6346
0.009 112.078 45.264
0.01 180.163 61.8252
0.011 209.18 69.9606
0.012 185.689 66.7599
0.013 119.796 54.4432
0.014 40.6899 39.4266
0.015 -15.8942 29.5898
0.016 -21.5692 31.2116
0.017 33.6958 46.5245
0.018 135.718 72.3906
0.019 248.216 100.701
0.02 325.219 121.018
0.021 330.835 124.895
0.022 256.574 109.817
0.023 126.058 80.4558
0.024 -14.9585 46.6521
0.025 -116.848 19.4195
0.026 -144.314 6.86818
0.027 -89.1178 11.2966
0.028 25.64 28.1221
0.029 152.031 47.1568
0.03 234.735 56.3151
0.031 233.79 46.6445
0.032 142.014 16.3909
0.033 -11.7381 -27.9834
0.034 -174.346 -74.2302
0.035 -288.902 -108.885
0.036 -315.541 -122.065
0.037 -245.858 -110.907
0.038 -106.398 -80.6014
0.039 50.6846 -42.5706
0.04 167.431 -10.203
0.041 202.695 6.28189
0.042 147.764 3.65552
0.043 28.6532 -13.3964
0.044 -104.864 -34.4473
0.045 -198.509 -47.5683
0.046 -213.951 -44.0101
0.047 -143.253 -21.6478
0.048 -11.654 14.1237
0.049 132.836 52.4687
0.05 238.723 81.3277
0.051 270.621 91.9523
0.052 221.19 81.9314
0.053 112.018 55.7677
0.054 -15.4254 23.0735
0.055 -115.156 -4.87794
0.056 -153.382 -19.1125
0.057 -120.534 -16.0178
0.058 -33.4697 1.73967
0.059 73.2158 26.8299
0.06 162.231 50.5478
0.061 207.62 66.1743
0.062 202.318 71.0752
0.063 157.999 67.0598
0.064 98.9237 59.2201
0.065 52.3236 53.7724
0.066 38.2762 55.5965
0.067 62.6207 66.3411
0.068 115.94 83.8822
0.069 178.904 103.342
0.07 230.865 119.087
0.071 257.289 126.719
0.072 253.208 124.277
0.073 222.578 112.436
0.074 175.059 93.8844
0.075 121.974 72.2661
0.076 72.8346 51.0665
0.077 33.4013 32.7801
0.078 5.64567 18.5752
0.079 -10.8754 8.47005
0.08 -17.3635 1.82412
0.081 -14.8982 -2.13718
0.082 -4.73608 -4.01484
0.083 10.6318 -4.2436
0.084 26.6936 -3.2969
0.085 37.4677 -1.82153
0.086 37.71 -0.497752
0.087 25.8423 0.32613
0.088 5.80486 0.945249
0.089 -13.5793 2.28448
0.09 -21.7073 5.52643
0.091 -10.4197 11.5708
0.092 22.3214 20.535
0.093 70.5537 31.4268
0.094 121.053 42.1213
0.095 157.044 49.8099
0.096 164.24 51.9501
0.097 137.059 47.4032
0.098 82.0367 37.1854
0.099 16.3721 24.3616
0.1 -38.0709 13.0663
0.101 -62.7636 7.07108
0.102 -49.3147 8.4573
0.103 -2.67665 16.8322
0.104 60.2728 29.3464
0.105 116.432 41.5758
0.106 144.762 49.0587
0.107 134.279 48.9641
0.108 88.5408 41.2144
0.109 24.5636 28.5659
0.11 -33.5863 15.5988
0.111 -63.9425 7.03054
0.112 -54.8466 6.00914
0.113 -9.05907 13.0223
0.114 57.6002 25.8083
0.115 122.304 40.2739
0.116 163.558 52.0463
0.117 168.817 58.07
0.118 138.777 57.6829
0.119 86.906 52.8118
0.12 34.3501 47.2269
0.121 2.03568 45.1014
0.122 2.98502 49.3939
0.123 37.8869 60.6824
0.124 95.5059 76.9093
0.125 157.316 94.0862
0.126 204.113 107.599
0.127 222.112 113.599
0.128 206.774 110.064
0.129 163.585 97.2937
0.13 105.717 77.7412
0.131 49.3217 55.2019
0.132 8.07589 33.6149
0.133 -10.9418 15.9176
0.134 -8.55674 3.39013
0.135 8.05971 -4.34046
0.136 28.6245 -8.7811
0.137 43.203 -11.828
0.138 44.9799 -15.0342
0.139 31.9748 -19.0381
0.14 7.48742 -23.2814
0.141 -20.8988 -26.1358
0.142 -43.6002 -25.4461
0.143 -51.9172 -19.3119
0.144 -40.571 -6.81841
0.145 -9.19286 11.5271
0.146 37.4244 33.7498
0.147 90.1917 56.7282
0.148 137.574 76.8051
0.149 168.287 90.5876
0.15 174.417 95.7726
0.151 154.089 91.772
0.152 112.609 79.9143
0.153 61.3598 63.1104
0.154 14.5479 45.0503
0.155 -15.1759 29.1738
0.156 -20.7766 17.7456
0.157 -3.21159 11.3292
0.158 28.7111 8.8199
0.159 61.119 8.0234
0.16 79.8482 6.61372
0.161 75.7766 3.17231
0.162 48.7839 -2.05946
0.163 8.56532 -7.04936
0.164 -28.4065 -8.60333
0.165 -44.8456 -3.574
0.166 -29.2825 9.81038
0.167 19.2067 31.0242
0.168 89.949 57.086
0.169 163.707 83.2308
0.17 218.85 104.212
0.171 238.693 115.846
0.172 217.515 116.307
0.173 162.898 106.689
0.174 93.2323 90.5698
0.175 31.0949 72.7042
0.176 -4.95933 57.3399
0.177 -6.97818 46.8161
0.178 19.9009 40.9521
0.179 59.8117 37.394
0.18 92.333 32.7473
0.181 100.207 24.0756
0.182 75.8915 10.2306
0.183 24.5689 -7.48773
0.184 -37.5877 -25.6208
0.185 -89.3728 -39.7128
0.186 -112.473 -45.9041
0.187 -98.2647 -42.3352
0.188 -50.8613 -29.8319
0.189 14.6107 -11.6372
0.19 77.6311 7.68276
0.191 119.551 23.7458
0.192 129.875 33.7342
0.193 109.467 37.1765
0.194 69.6725 35.8752
0.195 27.7789 33.0377
0.196 0.489799 31.9533
0.197 -2.11607 34.7248
0.198 20.1517 41.5233
0.199 58.2406 50.6229
0.2 97.8724 59.1559
0.201 125.08 64.2488
0.202 131.076 64.0807
0.203 114.838 58.4802
0.204 82.8183 48.8881
0.205 46.138 37.759
0.206 16.3923 27.6631
0.207 1.59626 20.4272
0.208 3.76645 16.62
0.209 18.9661 15.5492
0.21 39.5377 15.7302
0.211 57.3188 15.5989
0.212 66.425 14.151
0.213 64.688 11.2636
0.214 53.6085 7.62462
0.215 37.2399 4.38257
0.216 20.6015 2.7121
0.217 8.18086 3.46558
0.218 2.9598 6.99641
0.219 6.1561 13.1662
0.22 17.5224 21.4913
0.221 35.7869 31.3387
0.222 58.8608 42.0564
0.223 83.7695 52.9649
0.224 106.632 63.2479
0.225 123.114 71.8848
0.226 129.504 77.7611
0.227 124.088 79.9564
0.228 108.195 78.0704
0.229 86.2893 72.4121
0.23 64.836 63.9557
0.231 50.2156 54.077
0.232 46.3624 44.1457
0.233 52.9939 35.083
0.234 65.2001 27.0432
0.235 74.8135 19.3994
0.236 73.3526 11.117
0.237 55.5923 1.39975
0.238 22.3103 -9.68927
0.239 -19.1317 -20.9444
0.24 -56.8592 -30.2221
0.241 -78.5211 -35.0693
0.242 -75.7754 -33.5605
0.243 -47.5855 -25.0722
0.244 -1.12886 -10.7137
0.245 50.1345 6.79693
0.246 90.7878 23.8472
0.247 108.828 37.024
0.248 100.102 44.1831
0.249 69.9434 45.075
0.25 31.2063 41.2928
0.251 -0.562549 35.5743
0.252 -12.9201 30.7213
0.253 -1.13246 28.5241
0.254 30.0307 29.088
0.255 67.9411 30.8304
0.256 96.697 31.1716
0.257 103.113 27.6657
0.258 81.9168 19.1297
0.259 38.0889 6.32446
0.26 -14.6641 -8.0871
0.261 -58.7306 -20.3103
0.262 -78.8692 -26.6592
0.263 -67.6149 -24.8262
0.264 -27.8919 -14.7087
0.265 28.055 1.52459
0.266 82.9978 20.1493
0.267 120.766 37.1086
0.268 131.792 49.2938
0.269 116.168 55.4373
0.27 83.1614 56.3307
0.271 47.4814 54.3128
0.272 23.7283 52.2212
0.273 21.0655 52.2087
0.274 40.0667 54.8859
0.275 72.8407 59.12
0.276 106.247 62.5365
0.277 126.846 62.4842
0.278 125.678 57.0776
0.279 101.245 45.9462
0.28 59.8169 30.4569
0.281 13.1395 13.3449
0.282 -25.6548 -2.12573
0.283 -46.4936 -13.1781
0.284 -45.5704 -18.3432
0.285 -26.1609 -17.7895
0.286 3.07983 -13.0817
0.287 31.445 -6.51778
0.288 49.7619 -0.322475
0.289 53.0808 4.02909
0.29 41.8372 6.17192
0.291 21.3221 6.8173
0.292 -0.332802 7.35792
0.293 -15.0107 9.26032
0.294 -17.2928 13.4731
0.295 -6.00069 20.0676
0.296 15.822 28.2186
0.297 42.2066 36.4879
0.298 66.1734 43.2707
0.299 81.6639 47.2468
0.3 85.1026 47.7142
0.301 76.286 44.7347
0.302 58.3415 39.0706
0.303 36.7117 31.9381
0.304 17.481 24.6563
0.305 5.61093 18.301
0.306 3.60344 13.4629
0.307 10.8808 10.1671
0.308 23.9574 7.94929
0.309 37.3766 6.0469
0.31 45.2633 3.65546
0.311 43.1398 0.197598
0.312 29.4674 -4.4519
0.313 6.37841 -9.85283
0.314 -20.7165 -15.0547
0.315 -44.6041 -18.8258
0.316 -58.4229 -19.9965
0.317 -57.842 -17.8117
0.318 -42.553 -12.1853
0.319 -16.5394 -3.78231
0.32 13.0279 6.10518
0.321 37.9753 15.8727
0.322 51.7369 24.0382
0.323 51.5592 29.6654
0.324 39.5104 32.6216
0.325 21.8376 33.5643
0.326 6.79234 33.653
0.327 1.6604 34.0859
0.328 10.0835 35.6258
0.329 30.6534 38.2803
0.33 57.2656 41.2514
0.331 81.0989 43.1862
0.332 93.5847 42.6596
0.333 89.41 38.7273
0.334 68.5208 31.3441
0.335 36.3436 21.4877
0.336 2.05497 10.9311
0.337 -24.5129 1.73503
0.338 -36.1896 -4.36903
0.339 -30.8006 -6.49502
0.34 -11.7419 -4.84178
0.341 13.3173 -0.575529
0.342 35.1161 4.59982
0.343 45.9634 9.02681
0.344 42.3229 11.6281
0.345 25.933 12.2128
0.346 3.06887 11.4626
0.347 -17.7806 10.6094
0.348 -28.956 10.9239
0.349 -26.2769 13.1999
0.35 -10.3914 17.4246
0.351 13.562 22.7509
0.352 37.7725 27.7739
0.353 54.3844 30.994
0.354 58.053 31.3038
0.355 47.6178 28.3441
0.356 26.3835 22.6257
0.357 0.941329 15.3832
0.358 -21.0524 8.20406
0.359 -33.3621 2.55506
0.36 -33.0789 -0.631888
0.361 -21.3491 -1.17437
0.362 -2.78017 0.39552
0.363 16.1769 3.07224
0.364 29.3007 5.72699
0.365 32.5066 7.46216
0.366 25.0551 7.87749
0.367 9.71158 7.17346
0.368 -8.19884 6.05459
0.369 -22.5395 5.46107
0.37 -28.3337 6.22529
0.371 -23.3107 8.77454
0.372 -8.56575 12.9695
0.373 11.8015 18.1126
0.374 31.9132 23.1144
0.375 45.8544 26.7779
0.376 49.4569 28.1337
0.377 41.606 26.732
0.378 24.6331 22.7918
0.379 3.61528 17.149
0.38 -15.2216 11.0167
0.381 -26.4794 5.63641
0.382 -27.3 1.92646
0.383 -18.283 0.228299
0.384 -3.32516 0.227786
0.385 11.595 1.0841
0.386 20.3562 1.74017
0.387 18.7765 1.31963
0.388 6.14657 -0.526649
0.389 -14.3519 -3.45039
0.39 -36.5514 -6.47949
0.391 -53.2637 -8.32069
0.392 -58.6548 -7.7975
0.393 -50.2255 -4.27958
0.394 -29.7252 2.04603
0.395 -2.67299 10.167
0.396 23.3836 18.5167
0.397 41.3254 25.4392
0.398 46.8208 29.693
0.399 39.771 30.825
0.4 24.3054 29.2868
0.401 7.29407 26.2444
0.402 -4.11323 23.145
0.403 -5.04618 21.1901
0.404 5.34061 20.9104
0.405 23.5481 21.998
0.406 42.9431 23.4511
0.407 56.0757 23.973
0.408 57.3033 22.4773
0.409 44.8173 18.5256
0.41 21.3526 12.5417
0.411 -6.686 5.71847
0.412 -31.3851 -0.35993
0.413 -46.0008 -4.24684
0.414 -47.1959 -5.11801
0.415 -36.0557 -3.03333
0.416 -17.5626 1.10886
0.417 1.23254 5.89133
0.418 13.6696 9.85101
0.419 15.7181 11.9466
0.42 7.24695 11.8676
0.421 -8.08304 10.0828
0.422 -24.234 7.61506
0.423 -34.993 5.63258
0.424 -36.1634 5.01583
0.425 -26.964 6.06142
0.426 -10.1756 8.4171
0.427 8.94215 11.2486
0.428 24.5144 13.5638
0.429 32.0229 14.5749
0.43 29.7373 13.9748
0.431 19.1696 12.0322
0.432 4.44133 9.47944
0.433 -9.20034 7.24091
0.434 -17.1842 6.10926
0.435 -17.0952 6.48461
0.436 -9.33848 8.26014
0.437 3.16802 10.8786
0.438 16.0777 13.5272
0.439 25.0591 15.3969
0.44 27.1318 15.9168
0.441 21.5136 14.8933
0.442 9.75168 12.5254
0.443 -4.87287 9.30871
0.444 -18.4469 5.87281
0.445 -27.6413 2.80664
0.446 -30.6428 0.522205
0.447 -27.5463 -0.809372
0.448 -20.1546 -1.2433
0.449 -11.3099 -0.990131
0.45 -3.98105 -0.323679
0.451 -0.366391 0.50366
0.452 -1.26103 1.32471
0.453 -5.8676 2.09495
0.454 -12.0924 2.89784
0.455 -17.2228 3.91245
0.456 -18.7796 5.34722
0.457 -15.2991 7.35637
0.458 -6.82523 9.96117
0.459 5.02903 12.9963
0.46 17.4809 16.0996
0.461 27.3431 18.7601
0.462 31.9445 20.4279
0.463 29.9437 20.6665
0.464 21.7897 19.3041
0.465 9.66787 16.527
0.466 -3.09368 12.8718
0.467 -13.0043 9.10651
0.468 -17.4768 6.03014
0.469 -15.6279 4.24926
0.47 -8.54226 4.00488
0.471 1.09732 5.11099
0.472 9.8984 7.03102
0.473 14.8936 9.07119
0.474 14.5613 10.6266
0.475 9.37872 11.3916
0.476 1.67879 11.4562
0.477 -5.17276 11.2471
0.478 -8.00267 11.333
0.479 -5.01682 12.1664
0.48 3.48228 13.8613
0.481 15.1023 16.0951
0.482 26.0912 18.1754
0.483 32.5571 19.2536
0.484 31.7868 18.616
0.485 23.2151 15.9511
0.486 8.68668 11.4955
0.487 -8.1037 5.99943
0.488 -22.8055 0.516776
0.489 -31.8177 -3.90718
0.49 -33.4122 -6.54107
0.491 -28.2013 -7.16141
0.492 -18.8189 -6.07468
0.493 -8.94221 -3.96663
0.494 -1.98981 -1.63489
0.495 0.057313 0.297796
0.496 -2.69879 1.58617
0.497 -8.1832 2.41001
0.498 -13.1643 3.25504
0.499 -14.4732 4.67807
0.5 -10.1846 7.0483
0.501 -0.345563 10.3607
0.502 12.9849 14.1896
0.503 26.3888 17.801
0.504 36.2044 20.3854
0.505 39.7227 21.3252
0.506 36.062 20.3994
0.507 26.4343 17.8559
0.508 13.7244 14.3323
0.509 1.53215 10.6553
0.51 -6.9872 7.58925
0.511 -10.0924 5.61426
0.512 -7.9236 4.80993
0.513 -2.33197 4.88019
0.514 3.84302 5.30306
0.515 7.78471 5.53987
0.516 7.65349 5.22465
0.517 3.1759 4.27325
0.518 -4.31228 2.88625
0.519 -12.3648 1.45443
0.52 -18.2804 0.403927
0.521 -20.0229 0.0357198
0.522 -16.8977 0.418853
0.523 -9.76648 1.37736
0.524 -0.740604 2.56901
0.525 7.52831 3.61598
0.526 12.7153 4.23692
0.527 13.5635 4.33965
0.528 10.2673 4.05097
0.529 4.38797 3.67701
0.53 -1.66174 3.60591
0.531 -5.40255 4.18334
0.532 -5.09445 5.60397
0.533 -0.301496 7.85421
0.534 7.96821 10.7154
0.535 17.5871 13.8155
0.536 25.9821 16.713
0.537 30.9334 18.9926
0.538 31.245 20.3519
0.539 27.0878 20.6548
0.54 19.9116 19.9388
0.541 11.9511 18.3779
0.542 5.47906 16.2227
0.543 2.05738 13.7347
0.544 2.04202 11.127
0.545 4.5126 8.52426
0.546 7.64372 5.95784
0.547 9.38149 3.40255
0.548 8.1928 0.841467
0.549 3.63888 -1.67194
0.55 -3.41969 -3.98124
0.551 -11.0641 -5.83404
0.552 -16.9336 -6.9245
0.553 -19.0142 -6.96488
0.554 -16.3289 -5.7749
0.555 -9.28749 -3.36218
0.556 0.425033 0.0431152
0.557 10.3784 4.02061
0.558 18.16 8.0494
0.559 22.1146 11.6215
0.56 21.8189 14.3439
0.561 18.1445 16.0086
0.562 12.8964 16.616
0.563 8.15577 16.3437
0.564 5.55365 15.4634
0.565 5.73331 14.2365
0.566 8.1826 12.8317
0.567 11.483 11.2978
0.568 13.8703 9.5929
0.569 13.8996 7.64773
0.57 10.9827 5.43847
0.571 5.62084 3.04677
0.572 -0.740503 0.68595
0.573 -6.18708 -1.32511
0.574 -8.97423 -2.64083
0.575 -8.10765 -2.99339
0.576 -3.66922 -2.28014
0.577 3.21415 -0.602295
0.578 10.7346 1.75289
0.579 16.9691 4.37643
0.58 20.4592 6.83236
0.581 20.6225 8.76034
0.582 17.867 9.95532
0.583 13.3846 10.3955
0.584 8.70774 10.2101
0.585 5.19279 9.60711
0.586 3.60123 8.79303
0.587 3.90587 7.91268
0.588 5.36573 7.01925
0.589 6.83309 6.07929
0.59 7.18789 5.01221
0.591 5.75161 3.75263
0.592 2.53634 2.30954
0.593 -1.75129 0.794649
0.594 -5.93697 -0.591956
0.595 -8.74561 -1.6092
0.596 -9.1893 -2.03429
0.597 -6.86923 -1.71826
0.598 -2.10993 -0.62883
0.599 4.12149 1.12998
0.6 10.4973 3.3334
0.601 15.7213 5.68735
0.602 18.8945 7.89939
0.603 19.7384 9.74378
0.604 18.6269 11.1011
0.605 16.4387 11.9678
0.606 14.2743 12.4389
0.607 13.1043 12.667
0.608 13.4482 12.8036
0.609 15.199 12.9377
0.61 17.6672 13.0584
0.611 19.8237 13.0561
0.612 20.6477 12.7627
0.613 19.461 12.0156
0.614 16.1613 10.7221
0.615 11.2909 8.90662
0.616 5.90379 6.72466
0.617 1.24641 4.43538
0.618 -1.64766 2.33461
0.619 -2.29841 0.670186
0.62 -0.927097 -0.429273
0.621 1.63015 -0.985834
0.622 4.20125 -1.1522
0.623 5.66305 -1.147
0.624 5.32416 -1.16747
0.625 3.18332 -1.30941
0.626 -0.0434678 -1.52396
0.627 -3.15796 -1.63051
0.628 -4.89385 -1.38281
0.629 -4.35257 -0.564014
0.63 -1.30977 0.923751
0.631 3.69588 3.00552
0.632 9.51283 5.43487
0.633 14.7288 7.85293
0.634 18.1245 9.88751
0.635 19.0732 11.2589
0.636 17.7299 11.8537
0.637 14.9375 11.7391
0.638 11.8994 11.1169
0.639 9.75063 10.2381
0.64 9.17421 9.30906
0.641 10.1729 8.42192
0.642 12.0711 7.53272
0.643 13.7601 6.49686
0.644 14.1164 5.14987
0.645 12.435 3.40169
0.646 8.70575 1.30474
0.647 3.63318 -0.932276
0.648 -1.58889 -2.98965
0.649 -5.65256 -4.52338
0.65 -7.54238 -5.26396
0.651 -6.8565 -5.09506
0.652 -3.93633 -4.08544
0.653 0.255198 -2.46188
0.654 4.47214 -0.533339
0.655 7.60927 1.40422
0.656 9.04634 3.14648
0.657 8.79943 4.61657
0.658 7.45535 5.85093
0.659 5.93342 6.94607
0.66 5.15075 7.98888
0.661 5.69003 8.99751
0.662 7.5857 9.89694
0.663 10.3161 10.5397
0.664 13.0053 10.7616
0.665 14.7454 10.4474
0.666 14.9112 9.5797
0.667 13.3609 8.25439
0.668 10.4792 6.65976
0.669 7.05886 5.02813
0.67 4.05487 3.57568
0.671 2.27964 2.45098
0.672 2.14673 1.71104
0.673 3.55843 1.33131
0.674 5.97037 1.23939
0.675 8.59194 1.35341
0.676 10.6405 1.60941
0.677 11.5705 1.97182
0.678 11.2206 2.42849
0.679 9.84111 2.97533
0.68 7.98857 3.59686
0.681 6.32036 4.25283
0.682 5.36575 4.8796
0.683 5.35849 5.40597
0.684 6.18047 5.77288
0.685 7.41822 5.94546
0.686 8.50289 5.91315
0.687 8.89278 5.68253
0.688 8.25025 5.26925
0.689 6.55787 4.6919
0.69 4.12986 3.96916
0.691 1.51338 3.12266
0.692 -0.680853 2.18661
0.693 -1.95776 1.21839
0.694 -2.07506 0.29976
0.695 -1.10709 -0.476784
0.696 0.579692 -1.03131
0.697 2.43898 -1.31796
0.698 3.91733 -1.3355
0.699 4.63119 -1.1248
0.7 4.48496 -0.754738
0.701 3.69098 -0.298373
0.702 2.69173 0.194693
0.703 2.01473 0.717597
0.704 2.10188 1.30513
0.705 3.15864 2.01023
0.706 5.07111 2.86901
0.707 7.427 3.87111
0.708 9.64124 4.94679
0.709 11.143 5.97409
0.71 11.5569 6.80455
0.711 10.8165 7.30289
0.712 9.17984 7.38883
0.713 7.14519 7.06396
0.714 5.28999 6.40967
0.715 4.07919 5.55633
0.716 3.70759 4.63819
0.717 4.03755 3.75322
0.718 4.65779 2.94054
0.719 5.04003 2.18057
0.72 4.73347 1.41774
0.721 3.52968 0.599852
0.722 1.54676 -0.280627
0.723 -0.792907 -1.16292
0.724 -2.88897 -1.92482
0.725 -4.15709 -2.41765
0.726 -4.22351 -2.51372
0.727 -3.04846 -2.14832
0.728 -0.934718 -1.34381
0.729 1.57698 -0.208716
0.73 3.88415 1.08979
0.731 5.50994 2.37283
0.732 6.24357 3.49868
0.733 6.18988 4.39369
0.734 5.71 5.0546
0.735 5.27326 5.52611
0.736 5.27581 5.86647
0.737 5.89339 6.11416
0.738 7.01934 6.26548
0.739 8.30447 6.27147
0.74 9.28044 6.05793
0.741 9.52337 5.56139
0.742 8.80377 4.76431
0.743 7.17166 3.71283
0.744 4.94618 2.5111
0.745 2.61413 1.29778
0.746 0.675808 0.214392
0.747 -0.507683 -0.626737
0.748 -0.816059 -1.16745
0.749 -0.390637 -1.41233
0.75 0.429081 -1.41577
0.751 1.23 -1.25332
0.752 1.6676 -0.992324
0.753 1.57592 -0.674739
0.754 1.00923 -0.315027
0.755 0.20676 0.0917811
0.756 -0.501128 0.556939
0.757 -0.811141 1.08231
0.758 -0.551629 1.64674
0.759 0.259404 2.20221
0.76 1.42191 2.68438
0.761 2.62363 3.03224
0.762 3.54513 3.206
0.763 3.96088 3.19546
0.764 3.80414 3.01908
0.765 3.17971 2.71762
0.766 2.32558 2.34426
0.767 1.53581 1.95185
0.768 1.06664 1.58084
0.769 1.05567 1.25412
0.77 1.48271 0.980498
0.771 2.18493 0.76216
0.772 2.91662 0.599898
0.773 3.42918 0.494596
0.774 3.5465 0.447343
0.775 3.21726 0.459576
0.776 2.53082 0.531931
0.777 1.68935 0.661181
0.778 0.941421 0.838175
0.779 0.499248 1.04982
0.78 0.47087 1.2833
0.781 0.830165 1.52733
0.782 1.43034 1.7691
0.783 2.05232 1.99106
0.784 2.47361 2.17168
0.785 2.53988 2.28948
0.786 2.21692 2.32651
0.787 1.60212 2.27019
0.788 0.88814 2.11626
0.789 0.293448 1.87362
0.79 -0.0124398 1.56649
0.791 0.0369646 1.22883
0.792 0.385905 0.892926
0.793 0.875441 0.580376
0.794 1.2965 0.300468
0.795 1.46314 0.0542323
0.796 1.2808 -0.160814
0.797 0.781625 -0.346578
0.798 0.112799 -0.499011
0.799 -0.514571 -0.602321
0.8 -0.894457 -0.628657
0.801 -0.889995 -0.547166
0.802 -0.475516 -0.338166
0.803 0.255259 -0.003463
0.804 1.12033 0.43213
0.805 1.91224 0.926172
0.806 2.46832 1.42672
0.807 2.71917 1.8818
0.808 2.69871 2.2503
0.809 2.51885 2.51129
0.81 2.32279 2.66567
0.811 2.23231 2.72852
0.812 2.30293 2.71692
0.813 2.50144 2.64085
0.814 2.7178 2.50031
0.815 2.80942 2.28763
0.816 2.65809 1.99286
0.817 2.21347 1.61167
0.818 1.50874 1.15414
0.819 0.649326 0.649837
0.82 -0.216713 0.144863
0.821 -0.939044 -0.308724
0.822 -1.4074 -0.665395
0.823 -1.58223 -0.895389
0.824 -1.49941 -0.989194
0.825 -1.247 -0.957681
0.826 -0.927912 -0.827682
0.827 -0.627149 -0.632955
0.828 -0.393355 -0.403279
0.829 -0.233644 -0.157137
0.83 -0.118779 0.0982104
0.831 0.00156297 0.360995
0.832 0.175444 0.628618
0.833 0.426335 0.893821
0.834 0.743201 1.14318
0.835 1.08633 1.35736
0.836 1.40182 1.51405
0.837 1.6359 1.59429
0.838 1.74614 1.58981
0.839 1.71134 1.50678
0.84 1.53912 1.36339
0.841 1.2663 1.1834
0.842 0.94967 0.990171
0.843 0.650987 0.803074
0.844 0.422689 0.635506
0.845 0.297436 0.493571
0.846 0.280859 0.376341
0.847 0.348349 0.278758
0.848 0.449662 0.196032
0.849 0.523558 0.126472
0.85 0.518158 0.0710157
0.851 0.408341 0.0308987
0.852 0.203862 0.00619506
0.853 -0.0530573 -0.00388895
0.854 -0.299384 -0.000268215
0.855 -0.470204 0.015986
0.856 -0.520747 0.0432214
0.857 -0.443604 0.0794236
0.858 -0.272507 0.122981
0.859 -0.069773 0.17287
0.86 0.0968718 0.227827
0.861 0.178322 0.285516
0.862 0.161222 0.342908
0.863 0.0736081 0.397725
0.864 -0.0234344 0.449629
0.865 -0.0573547 0.500164
0.866 0.0274321 0.551612
0.867 0.245681 0.605514
0.868 0.562954 0.66122
0.869 0.90621 0.71478
0.87 1.18793 0.758768
0.871 1.3345 0.783776
0.872 1.31015 0.781451
0.873 1.12917 0.747835
0.874 0.85148 0.6854
0.875 0.561655 0.602963
0.876 0.338933 0.513694
0.877 0.230049 0.431823
0.878 0.235759 0.368783
0.879 0.314944 0.329944
0.88 0.403044 0.31335
0.881 0.437739 0.311302
0.882 0.383209 0.314173
0.883 0.244103 0.314548
0.884 0.0634327 0.309749
0.885 -0.0948497 0.30204
0.886 -0.171211 0.296938
0.887 -0.133476 0.300338
0.888 0.0110314 0.315224
0.889 0.217585 0.33906
0.89 0.419219 0.363268
0.891 0.550017 0.375575
0.892 0.568172 0.364499
0.893 0.469577 0.323826
0.894 0.286756 0.255028
0.895 0.0748207 0.166965
0.896 -0.108675 0.0734705
0.897 -0.222236 -0.0102578
0.898 -0.251839 -0.0716029
0.899 -0.212562 -0.103762
0.9 -0.139935 -0.107038
0.901 -0.0738197 -0.0874875
0.902 -0.0415352 -0.0535329
0.903 -0.0479162 -0.0123106
0.904 -0.0760799 0.0325264
0.905 -0.0968312 0.0809358
0.906 -0.0813408 0.134995
0.907 -0.0122252 0.196621
0.908 0.109745 0.265331
0.909 0.264908 0.336811
0.91 0.420749 0.402999
0.911 0.543133 0.453917
0.912 0.607944 0.480658
0.913 0.607808 0.478239
0.914 0.551701 0.447086
0.915 0.459278 0.392695
0.916 0.353438 0.323832
0.917 0.25369 0.250059
0.918 0.171511 0.17942
0.919 0.108674 0.116993
0.92 0.0593436 0.064686
0.921 0.0151353 0.0221731
0.922 -0.0296214 -0.0115356
0.923 -0.0751578 -0.0367003
0.924 -0.116808 -0.0522703
0.925 -0.147524 -0.0562842
0.926 -0.160687 -0.0469728
0.927 -0.152363 -0.024034
0.928 -0.122764 0.0105313
0.929 -0.0764078 0.0524543
0.93 -0.0206474 0.0961122
0.931 0.0368007 0.135938
0.932 0.0898833 0.167773
0.933 0.134882 0.189675
0.934 0.169989 0.201957
0.935 0.194663 0.206544
0.936 0.209271 0.205934
0.937 0.214869 0.202149
0.938 0.212957 0.196113
0.939 0.205415 0.187715
0.94 0.194667 0.176441
0.941 0.183632 0.162174
0.942 0.175034 0.14573
0.943 0.170279 0.128846
0.944 0.168704 0.113692
0.945 0.167805 0.10214
0.946 0.164306 0.0950873
0.947 0.15543 0.0920604
0.948 0.139892 0.0913061
0.949 0.118442 0.0903836
0.95 0.0938121 0.0870407
0.951 0.0699046 0.080006
0.952 0.0503358 0.0693705
0.953 0.0369619 0.056425
0.954 0.0291766 0.0430776
0.955 0.0243629 0.0311345
0.956 0.0192021 0.0217168
0.957 0.0111476 0.0150016
0.958 -0.000517399 0.0103645
0.959 -0.0143383 0.00683481
0.96 -0.0271532 0.00363791
0.961 -0.0352384 0.000590198
0.962 -0.035746 -0.00180941
0.963 -0.0278646 -0.00262258
0.964 -0.0131995 -0.000935158
0.965 0.00478982 0.00366896
0.966 0.0220116 0.0108274
0.967 0.0350804 0.0194311
0.968 0.0422699 0.0279507
0.969 0.0437949 0.0349037
0.97 0.0414026 0.039266
0.971 0.0374987 0.0406998
0.972 0.0341719 0.0395502
0.973 0.0324831 0.0366335
0.974 0.032256 0.0329003
0.975 0.0323917 0.0291058
0.976 0.031515 0.0256176
0.977 0.0286504 0.0224262
0.978 0.0236507 0.0193203
0.979 0.017232 0.0161069
0.98 0.0106487 0.0127613
0.981 0.00518756 0.00946064
0.982 0.00171076 0.00651545
0.983 0.000416534 0.00424171
0.984 0.000872238 0.00282967
0.985 0.00226088 0.00226429
0.986 0.00371695 0.00233199
0.987 0.00461695 0.00270872
0.988 0.00472589 0.00308185
0.989 0.00416892 0.00324532
0.99 0.00327343 0.00313244
0.991 0.00237545 0.00278995
0.992 0.00168259 0.0023205
0.993 0.00123743 0.00182505
0.994 0.000965943 0.0013681
0.995 0.000761443 0.000973132
0.996 0.000554138 0.000640123
0.997 0.000337665 0.000367564
0.998 0.000150658 0.000163252
0.999 3.46409e-05 3.94258e-05
0.12 1.21433 3.02246
0.24 1.23122 3.01706
0.36 1.2593 3.00808
0.48 1.29846 2.99555
0.6 1.34854 2.97954
0.72 1.40934 2.9601
0.84 1.48062 2.93732
0.96 1.5621 2.91127
1.08 1.65345 2.88208
1.2 1.75431 2.84985
1.32 1.8643 2.81471
1.44 1.98298 2.77681
1.56 2.10989 2.73628
1.68 2.24454 2.69329
1.8 2.38641 2.64801
1.92 2.53498 2.6006
2.04 2.68966 2.55125
2.16 2.8499 2.50014
2.28 3.01508 2.44747
2.4 3.18461 2.39342
2.52 3.35786 2.33819
2.64 3.53422 2.28199
2.76 3.71305 2.225
2.88 3.89374 2.16743
3 4.07564 2.10947
3.12 4.25815 2.05131
3.24 4.44066 1.99314
3.36 4.62255 1.93516
3.48 4.80325 1.87752
3.6 4.98218 1.82042
3.72 5.15878 1.76402
3.84 5.33253 1.70846
3.96 5.50291 1.65391
4.08 5.66943 1.6005
4.2 5.83162 1.54836
4.32 5.98907 1.49761
4.44 6.14136 1.44836
4.56 6.2881 1.40071
4.68 6.42897 1.35473
4.8 6.56364 1.31052
4.92 6.69184 1.26812
5.04 6.8133 1.22759
5.16 6.92783 1.18897
5.28 7.03522 1.15228
5.4 7.13534 1.11753
5.52 7.22805 1.08472
5.64 7.31328 1.05385
5.76 7.39096 1.0249
5.88 7.46107 0.997837
6 7.52361 0.972612
6.12 7.5786 0.949179
6.24 7.62611 0.927475
6.36 7.66622 0.907434
6.48 7.69903 0.888976
6.6 7.72467 0.872017
6.72 7.7433 0.856468
6.84 7.75507 0.842231
6.96 7.76018 0.829206
7.08 7.75883 0.817286
7.2 7.75123 0.806363
7.32 7.73762 0.796325
7.44 7.71824 0.787062
7.56 7.69333 0.778457
7.68 7.66316 0.770399
7.8 7.62798 0.762775
7.92 7.58807 0.755473
8.04 7.54369 0.748386
8.16 7.49512 0.741408
8.28 7.44263 0.734438
8.4 7.38649 0.727378
8.52 7.32697 0.720137
8.64 7.26433 0.712628
8.76 7.19883 0.704773
8.88 7.13074 0.696497
9 7.06028 0.687735
9.12 6.98772 0.678429
9.24 6.91327 0.668527
9.36 6.83716 0.657988
9.48 6.75961 0.646776
9.6 6.68083 0.634866
9.72 6.601 0.622241
9.84 6.52032 0.608891
9.96 6.43895 0.594815
10.08 6.35707 0.580022
10.2 6.27483 0.564527
10.32 6.19238 0.548353
10.44 6.10985 0.531531
10.56 6.02736 0.514101
10.68 5.94503 0.496106
10.8 5.86297 0.477599
10.92 5.78127 0.458637
11.04 5.70003 0.439283
11.16 5.61932 0.419604
11.28 5.53922 0.399674
11.4 5.45979 0.379568
11.52 5.3811 0.359364
11.64 5.30318 0.339144
11.76 5.22609 0.318992
11.88 5.14987 0.298991
12 5.07455 0.279226
12.12 5.00016 0.259782
12.24 4.92673 0.240742
12.36 4.85428 0.222189
12.48 4.78282 0.204203
12.6 4.71237 0.18686
12.72 4.64295 0.170236
12.84 4.57455 0.1544
12.96 4.50718 0.139418
13.08 4.44085 0.125351
13.2 4.37557 0.112254
13.32 4.31131 0.100177
13.44 4.2481 0.0891639
13.56 4.18591 0.0792519
13.68 4.12476 0.0704714
13.8 4.06462 0.0628459
13.92 4.00549 0.0563918
14.04 3.94736 0.0511183
14.16 3.89022 0.0470274
14.28 3.83407 0.0441134
14.4 3.77888 0.0423636
14.52 3.72464 0.041758
14.64 3.67135 0.0422696
14.76 3.61897 0.0438642
14.88 3.5675 0.0465012
15 3.51692 0.0501335
15.12 3.46721 0.054708
15.24 3.41835 0.0601657
15.36 3.37031 0.0664424
15.48 3.32308 0.073469
15.6 3.27664 0.0811719
15.72 3.23096 0.0894736
15.84 3.18601 0.0982932
15.96 3.14177 0.107547
16.08 3.09822 0.117149
16.2 3.05533 0.12701
16.32 3.01307 0.137043
16.44 2.97141 0.147157
16.56 2.93033 0.157262
16.68 2.8898 0.16727
16.8 2.84979 0.177093
16.92 2.81027 0.186643
17.04 2.77122 0.195838
17.16 2.7326 0.204596
17.28 2.6944 0.212838
17.4 2.65658 0.220491
17.52 2.61913 0.227485
17.64 2.582 0.233754
17.76 2.54519 0.239238
17.88 2.50867 0.243883
18 2.47241 0.247638
18.12 2.4364 0.250461
18.24 2.40062 0.252315
18.36 2.36506 0.253169
18.48 2.32969 0.252999
18.6 2.2945 0.251788
18.72 2.25949 0.249525
18.84 2.22464 0.246207
18.96 2.18994 0.241835
19.08 2.1554 0.236419
19.2 2.12099 0.229976
19.32 2.08673 0.222528
19.44 2.0526 0.214102
19.56 2.01862 0.204733
19.68 1.98478 0.19446
19.8 1.95109 0.18333
19.92 1.91756 0.171392
20.04 1.88418 0.158702
20.16 1.85097 0.145317
20.28 1.81794 0.1313
20.4 1.78509 0.116719
20.52 1.75244 0.101642
20.64 1.72001 0.08614
20.76 1.68779 0.070287
20.88 1.65581 0.0541578
21 1.62407 0.0378283
21.12 1.59259 0.0213751
21.24 1.56139 0.00487456
21.36 1.53046 -0.0115973
21.48 1.49984 -0.0279652
21.6 1.46951 -0.0441556
21.72 1.4395 -0.0600963
21.84 1.40982 -0.0757176
21.96 1.38047 -0.0909524
22.08 1.35147 -0.105736
22.2 1.32281 -0.120009
22.32 1.2945 -0.133712
22.44 1.26654 -0.146793
22.56 1.23895 -0.159203
22.68 1.21171 -0.170897
22.8 1.18483 -0.181834
22.92 1.1583 -0.19198
23.04 1.13213 -0.201303
23.16 1.10631 -0.209778
23.28 1.08082 -0.217385
23.4 1.05568 -0.224108
23.52 1.03085 -0.229937
23.64 1.00635 -0.234865
23.76 0.982149 -0.238893
23.88 0.958243 -0.242024
24 0.934619 -0.244267
24.12 0.911264 -0.245635
24.24 0.888165 -0.246146
24.36 0.865307 -0.245822
24.48 0.842677 -0.244688
24.6 0.820259 -0.242772
24.72 0.798041 -0.240108
24.84 0.776007 -0.23673
24.96 0.754145 -0.232676
25.08 0.732441 -0.227988
25.2 0.710881 -0.222707
25.32 0.689456 -0.216878
25.44 0.668152 -0.210547
25.56 0.646961 -0.20376
25.68 0.625873 -0.196565
25.8 0.604881 -0.18901
25.92 0.583977 -0.181144
26.04 0.563158 -0.173015
26.16 0.542419 -0.16467
26.28 0.521758 -0.156157
26.4 0.501175 -0.147521
26.52 0.48067 -0.138807
26.64 0.460247 -0.13006
26.76 0.439908 -0.12132
26.88 0.419661 -0.112627
27 0.399511 -0.10402
27.12 0.379469 -0.0955337
27.24 0.359544 -0.0872015
27.36 0.339747 -0.0790543
27.48 0.320093 -0.0711206
27.6 0.300596 -0.063426
27.72 0.28127 -0.0559938
27.84 0.262133 -0.0488443
27.96 0.243202 -0.0419952
28.08 0.224496 -0.0354618
28.2 0.206034 -0.0292564
28.32 0.187835 -0.023389
28.44 0.169921 -0.0178668
28.56 0.152312 -0.0126948
28.68 0.135028 -0.00787555
28.8 0.118091 -0.00340934
28.92 0.101522 0.000705625
29.04 0.0853408 0.00447316
29.16 0.0695689 0.00789892
29.28 0.0542259 0.0109903
29.4 0.0393312 0.0137562
29.52 0.0249036 0.016207
29.64 0.0109608 0.0183544
29.76 -0.00248011 0.020211
29.88 -0.0154033 0.0217905
30 -0.0277941 0.0231073
30.12 -0.039639 0.0241766
30.24 -0.0509257 0.0250138
30.36 -0.0616436 0.0256348
30.48 -0.0717834 0.0260557
30.6 -0.0813372 0.0262928
30.72 -0.0902989 0.0263619
30.84 -0.0986638 0.0262792
30.96 -0.106429 0.0260601
31.08 -0.113594 0.0257199
31.2 -0.120158 0.0252733
31.32 -0.126123 0.0247346
31.44 -0.131494 0.0241172
31.56 -0.136276 0.0234342
31.68 -0.140475 0.0226975
31.8 -0.144101 0.0219186
31.92 -0.147163 0.0211079
32.04 -0.149674 0.0202752
32.16 -0.151647 0.0194294
32.28 -0.153096 0.0185784
32.4 -0.154036 0.0177294
32.52 -0.154486 0.0168887
32.64 -0.154463 0.0160619
32.76 -0.153987 0.0152536
32.88 -0.153078 0.0144678
33 -0.151758 0.0137076
33.12 -0.150048 0.0129757
33.24 -0.147972 0.0122739
33.36 -0.145553 0.0116035
33.48 -0.142815 0.0109653
33.6 -0.139782 0.0103593
33.72 -0.136479 0.0097855
33.84 -0.132932 0.00924316
33.96 -0.129164 0.00873132
34.08 -0.125201 0.00824871
34.2 -0.121069 0.00779378
34.32 -0.116791 0.0073648
34.44 -0.112393 0.00695987
34.56 -0.107899 0.00657696
34.68 -0.103332 0.00621398
34.8 -0.0987155 0.00586879
34.92 -0.0940725 0.00553924
35.04 -0.0894246 0.00522322
35.16 -0.084793 0.00491864
35.28 -0.0801982 0.00462351
35.4 -0.0756594 0.00433592
35.52 -0.0711953 0.00405409
35.64 -0.0668234 0.00377634
35.76 -0.0625601 0.00350114
35.88 -0.0584209 0.00322711
36 -0.0544199 0.00295301
36.12 -0.0505704 0.00267775
36.24 -0.0468844 0.00240038
36.36 -0.0433725 0.00212014
36.48 -0.0400444 0.00183636
36.6 -0.0369085 0.00154855
36.72 -0.0339718 0.00125634
36.84 -0.0312405 0.000959485
36.96 -0.0287191 0.000657844
37.08 -0.0264114 0.000351397
37.2 -0.0243197 4.02144e-05
37.32 -0.0224454 -0.000275545
37.44 -0.0207886 -0.000595647
37.56 -0.0193485 -0.000919789
37.68 -0.0181231 -0.00124761
37.8 -0.0171096 -0.0015787
37.92 -0.016304 -0.00191261
38.04 -0.0157018 -0.00224884
38.16 -0.0152972 -0.00258689
38.28 -0.0150839 -0.0029262
38.4 -0.0150549 -0.00326622
38.52 -0.0152023 -0.00360636
38.64 -0.0155178 -0.00394603
38.76 -0.0159924 -0.00428463
38.88 -0.0166168 -0.00462153
39 -0.0173812 -0.0049561
39.12 -0.0182752 -0.0052877
39.24 -0.0192885 -0.00561566
39.36 -0.0204104 -0.00593931
39.48 -0.02163 -0.00625794
39.6 -0.0229363 -0.00657085
39.72 -0.0243183 -0.0068773
39.84 -0.025765 -0.00717651
39.96 -0.0272654 -0.0074677
40.08 -0.0288088 -0.00775006
40.2 -0.0303844 -0.00802273
40.32 -0.0319819 -0.00828483
40.44 -0.0335911 -0.00853547
40.56 -0.0352021 -0.00877371
40.68 -0.0368055 -0.00899859
40.8 -0.0383921 -0.00920912
40.92 -0.0399532 -0.00940431
41.04 -0.0414806 -0.00958313
41.16 -0.0429664 -0.00974456
41.28 -0.0444034 -0.00988757
41.4 -0.0457847 -0.0100111
41.52 -0.047104 -0.0101142
41.64 -0.0483555 -0.0101958
41.76 -0.0495341 -0.010255
41.88 -0.0506349 -0.0102909
42 -0.0516539 -0.0103025
42.12 -0.0525873 -0.010289
42.24 -0.0534321 -0.0102498
42.36 -0.0541856 -0.0101841
42.48 -0.0548458 -0.0100914
42.6 -0.0554109 -0.00997124
42.72 -0.05588 -0.0098232
42.84 -0.0562522 -0.0096471
42.96 -0.0565274 -0.00944283
43.08 -0.0567056 -0.00921043
43.2 -0.0567874 -0.0089501
43.32 -0.0567738 -0.00866217
43.44 -0.056666 -0.00834714
43.56 -0.0564656 -0.00800568
43.68 -0.0561745 -0.0076386
43.8 -0.0557947 -0.00724689
43.92 -0.0553288 -0.0068317
44.04 -0.0547794 -0.00639432
44.16 -0.0541492 -0.00593622
44.28 -0.0534413 -0.00545902
44.4 -0.0526589 -0.00496446
44.52 -0.0518053 -0.00445442
44.64 -0.0508838 -0.00393092
44.76 -0.049898 -0.00339608
44.88 -0.0488516 -0.0028521
45 -0.0477481 -0.00230131
45.12 -0.0465913 -0.00174606
45.24 -0.045385 -0.00118879
45.36 -0.044133 -0.000631951
45.48 -0.042839 -7.8033e-05
45.6 -0.0415068 0.000470483
45.72 -0.0401402 0.00101113
45.84 -0.0387431 0.00154148
45.96 -0.0373191 0.00205914
46.08 -0.035872 0.00256182
46.2 -0.0344054 0.00304728
46.32 -0.0329231 0.0035134
46.44 -0.0314287 0.0039582
46.56 -0.0299256 0.00437981
46.68 -0.0284174 0.0047765
46.8 -0.0269076 0.00514673
46.92 -0.0253995 0.00548912
47.04 -0.0238964 0.00580246
47.16 -0.0224017 0.00608575
47.28 -0.0209186 0.00633817
47.4 -0.01945 0.00655911
47.52 -0.0179991 0.00674816
47.64 -0.0165689 0.00690512
47.76 -0.0151621 0.00702999
47.88 -0.0137817 0.00712298
48 -0.0124301 0.00718448
48.12 -0.0111101 0.0072151
48.24 -0.00982403 0.00721561
48.36 -0.00857429 0.00718697
48.48 -0.00736309 0.00713031
48.6 -0.00619252 0.0070469
48.72 -0.00506454 0.00693817
48.84 -0.00398095 0.00680565
48.96 -0.0029434 0.00665102
49.08 -0.00195341 0.00647604
49.2 -0.00101229 0.00628253
49.32 -0.000121215 0.00607242
49.44 0.000718837 0.00584766
49.56 0.00150706 0.00561023
49.68 0.00224285 0.00536213
49.8 0.00292579 0.00510538
49.92 0.00355565 0.00484194
50.04 0.0041324 0.00457378
50.16 0.00465623 0.0043028
50.28 0.00512751 0.00403084
50.4 0.00554682 0.00375967
50.52 0.00591493 0.00349097
50.64 0.00623282 0.00322633
50.76 0.00650164 0.00296722
50.88 0.00672275 0.00271501
51 0.00689768 0.00247095
51.12 0.00702813 0.00223614
51.24 0.00711595 0.00201157
51.36 0.00716317 0.0017981
51.48 0.00717195 0.00159643
51.6 0.00714456 0.00140714
51.72 0.00708341 0.00123069
51.84 0.006991 0.00106739
51.96 0.00686992 0.00091743
52.08 0.00672283 0.000780876
52.2 0.00655244 0.000657683
52.32 0.00636149 0.000547697
52.44 0.00615277 0.000450661
52.56 0.00592903 0.00036623
52.68 0.00569304 0.000293975
52.8 0.00544754 0.000233395
52.92 0.00519519 0.000183926
53.04 0.00493863 0.000144954
53.16 0.00468038 0.000115822
53.28 0.00442289 9.58425e-05
53.4 0.0041685 8.43082e-05
53.52 0.00391943 8.05005e-05
53.64 0.00367775 8.37001e-05
53.76 0.00344541 9.31962e-05
53.88 0.0032242 0.000108295
54 0.00301573 0.000128327
54.12 0.00282147 0.000152657
54.24 0.00264269 0.000180686
54.36 0.00248051 0.000211862
54.48 0.00233586 0.000245679
54.6 0.00220947 0.000281688
54.72 0.00210191 0.000319493
54.84 0.00201359 0.000358757
54.96 0.0019447 0.000399201
55.08 0.00189531 0.000440607
55.2 0.0018653 0.000482811
55.32 0.0018544 0.000525711
55.44 0.0018622 0.000569256
55.56 0.00188816 0.000613444
55.68 0.00193159 0.000658324
55.8 0.00199171 0.000703984
55.92 0.00206763 0.000750549
56.04 0.00215838 0.000798179
56.16 0.00226289 0.000847056
56.28 0.00238007 0.000897383
56.4 0.00250874 0.000949374
56.52 0.0026477 0.00100325
56.64 0.00279573 0.00105924
56.76 0.00295161 0.00111754
56.88 0.00311409 0.00117838
57 0.00328197 0.00124191
57.12 0.00345405 0.00130831
57.24 0.0036292 0.00137769
57.36 0.00380629 0.00145015
57.48 0.00398429 0.00152575
57.6 0.00416219 0.00160447
57.72 0.0043391 0.00168629
57.84 0.00451415 0.00177112
57.96 0.00468658 0.00185881
58.08 0.00485571 0.00194917
58.2 0.00502095 0.00204195
58.32 0.00518176 0.00213686
58.44 0.00533773 0.00223355
58.56 0.0054885 0.00233162
58.68 0.00563382 0.00243061
58.8 0.00577348 0.00253005
58.92 0.00590737 0.00262939
59.04 0.00603546 0.00272809
59.16 0.00615774 0.00282553
59.28 0.00627429 0.0029211
59.4 0.00638523 0.00301417
59.52 0.00649073 0.00310407
59.64 0.00659097 0.00319016
59.76 0.00668617 0.00327177
59.88 0.00677658 0.00334825
60 0.00686244 0.00341898
60.12 0.00694401 0.00348334
60.24 0.00702152 0.00354074
60.36 0.0070952 0.00359064
60.48 0.00716528 0.00363254
60.6 0.00723193 0.00366597
60.72 0.00729531 0.00369053
60.84 0.00735553 0.00370588
60.96 0.00741267 0.00371176
61.08 0.00746675 0.00370793
61.2 0.00751777 0.00369429
61.32 0.00756564 0.00367075
61.44 0.00761025 0.00363736
61.56 0.00765142 0.00359421
61.68 0.00768895 0.00354148
61.8 0.00772256 0.00347945
61.92 0.00775194 0.00340846
62.04 0.00777672 0.00332894
62.16 0.00779652 0.0032414
62.28 0.0078109 0.00314643
62.4 0.0078194 0.00304468
62.52 0.00782155 0.00293688
62.64 0.00781685 0.00282381
62.76 0.00780479 0.00270632
62.88 0.00778488 0.00258531
63 0.0077566 0.00246171
63.12 0.00771948 0.00233651
63.24 0.00767305 0.00221071
63.36 0.00761688 0.00208534
63.48 0.00755056 0.00196143
63.6 0.00747376 0.00184004
63.72 0.00738617 0.0017222
63.84 0.00728755 0.00160893
63.96 0.00717772 0.00150122
64.08 0.00705659 0.00140006
64.2 0.00692411 0.00130635
64.32 0.00678035 0.00122097
64.44 0.00662544 0.00114473
64.56 0.00645961 0.00107838
64.68 0.00628316 0.00102259
64.8 0.0060965 0.000977938
64.92 0.00590012 0.000944927
65.04 0.00569461 0.000923956
65.16 0.00548065 0.000915325
65.28 0.005259 0.000919229
65.4 0.00503049 0.000935751
65.52 0.00479606 0.000964865
65.64 0.0045567 0.00100643
65.76 0.00431348 0.00106018
65.88 0.00406755 0.00112576
66 0.00382007 0.00120266
66.12 0.0035723 0.0012903
66.24 0.0033255 0.00138795
66.36 0.003081 0.0014948
66.48 0.00284011 0.00160994
66.6 0.00260419 0.00173234
66.72 0.00237459 0.00186091
66.84 0.00215265 0.00199445
66.96 0.0019397 0.00213171
67.08 0.00173703 0.00227136
67.2 0.00154592 0.00241203
67.32 0.00136759 0.00255229
67.44 0.00120321 0.00269068
67.56 0.00105387 0.00282573
67.68 0.000920612 0.00295595
67.8 0.000804386 0.00307986
67.92 0.000706053 0.00319599
68.04 0.000626381 0.0033029
68.16 0.000566033 0.00339918
68.28 0.000525569 0.00348349
68.4 0.000505432 0.00355453
68.52 0.000505952 0.00361111
68.64 0.000527335 0.0036521
68.76 0.000569666 0.00367648
68.88 0.000632906 0.00368334
69 0.000716888 0.00367187
69.12 0.000821321 0.00364141
69.24 0.00094579 0.00359142
69.36 0.00108976 0.00352151
69.48 0.00125256 0.00343142
69.6 0.00143343 0.00332107
69.72 0.00163147 0.00319049
69.84 0.0018457 0.00303991
69.96 0.00207501 0.00286967
70.08 0.00231822 0.00268031
70.2 0.00257406 0.00247249
70.32 0.00284116 0.00224703
70.44 0.00311811 0.0020049
70.56 0.00340341 0.00174718
70.68 0.00369555 0.00147511
70.8 0.00399294 0.00119005
70.92 0.00429397 0.000893436
71.04 0.00459704 0.000586845
71.16 0.0049005 0.000271919
71.28 0.00520273 -4.96186e-05
71.4 0.00550212 -0.000375986
71.52 0.00579709 -0.000705355
71.64 0.0060861 -0.00103586
71.76 0.00636765 -0.00136563
71.88 0.00664031 -0.00169279
72 0.00690272 -0.00201547
72.12 0.00715359 -0.00233184
72.24 0.00739175 -0.00264012
72.36 0.00761612 -0.00293859
72.48 0.00782571 -0.0032256
72.6 0.00801968 -0.00349959
72.72 0.00819729 -0.00375912
72.84 0.00835797 -0.00400286
72.96 0.00850125 -0.00422958
73.08 0.00862682 -0.00443824
73.2 0.00873452 -0.0046279
73.32 0.00882435 -0.00479781
73.44 0.00889644 -0.00494736
73.56 0.00895109 -0.00507611
73.68 0.00898875 -0.00518379
73.8 0.00901001 -0.0052703
73.92 0.00901564 -0.00533572
74.04 0.0090065 -0.00538028
74.16 0.00898365 -0.00540438
74.28 0.00894822 -0.0054086
74.4 0.00890151 -0.00539364
74.52 0.00884492 -0.00536037
74.64 0.00877994 -0.00530978
74.76 0.00870818 -0.00524299
74.88 0.00863129 -0.00516125
75 0.00855102 -0.00506587
75.12 0.00846917 -0.00495828
75.24 0.00838755 -0.00483997
75.36 0.00830802 -0.00471247
75.48 0.00823242 -0.00457737
75.6 0.00816258 -0.00443627
75.72 0.00810032 -0.00429079
75.84 0.00804739 -0.00414253
75.96 0.00800546 -0.00399307
76.08 0.00797614 -0.00384394
76.2 0.00796092 -0.00369663
76.32 0.00796118 -0.00355256
76.44 0.00797815 -0.00341307
76.56 0.0080129 -0.00327939
76.68 0.00806635 -0.00315268
76.8 0.00813921 -0.00303397
76.92 0.008232 -0.00292417
77.04 0.00834504 -0.00282409
77.16 0.00847841 -0.00273439
77.28 0.00863196 -0.00265562
77.4 0.00880533 -0.0025882
77.52 0.00899787 -0.00253242
77.64 0.00920872 -0.00248846
77.76 0.00943675 -0.00245637
77.88 0.0096806 -0.00243612
78 0.00993865 -0.00242755
78.12 0.010209 -0.00243044
78.24 0.0104897 -0.00244448
78.36 0.0107783 -0.00246932
78.48 0.0110724 -0.00250452
78.6 0.0113693 -0.00254967
78.72 0.011666 -0.00260429
78.84 0.0119596 -0.00266794
78.96 0.0122468 -0.00274019
79.08 0.0125245 -0.00282062
79.2 0.0127893 -0.0029089
79.32 0.0130378 -0.00300476
79.44 0.0132665 -0.00310798
79.56 0.013472 -0.0032185
79.68 0.013651 -0.00333631
79.8 0.0138001 -0.00346156
79.92 0.0139162 -0.00359453
80.04 0.013996 -0.00373562
80.16 0.0140368 -0.00388539
80.28 0.0140359 -0.00404456
80.4 0.0139907 -0.00421399
80.52 0.0138991 -0.00439468
80.64 0.0137591 -0.00458779
80.76 0.0135692 -0.0047946
80.88 0.0133281 -0.00501655
81 0.013035 -0.00525517
81.12 0.0126895 -0.00551209
81.24 0.0122913 -0.00578902
81.36 0.011841 -0.00608776
81.48 0.0113393 -0.00641012
81.6 0.0107875 -0.00675793
81.72 0.0101873 -0.00713301
81.84 0.00954087 -0.00753714
81.96 0.00885075 -0.00797203
82.08 0.00812 -0.00843928
82.2 0.00735209 -0.00894036
82.32 0.00655086 -0.00947656
82.44 0.00572055 -0.010049
82.56 0.00486576 -0.0106585
82.68 0.00399138 -0.0113057
82.8 0.00310263 -0.0119908
82.92 0.00220494 -0.0127139
83.04 0.00130396 -0.0134745
83.16 0.000405483 -0.0142719
83.28 -0.000484589 -0.015105
83.4 -0.0013603 -0.015972
83.52 -0.0022157 -0.0168709
83.64 -0.00304492 -0.0177993
83.76 -0.00384217 -0.0187541
83.88 -0.0046019 -0.019732
84 -0.00531876 -0.020729
84.12 -0.00598773 -0.0217407
84.24 -0.00660413 -0.0227624
84.36 -0.00716375 -0.0237885
84.48 -0.00766281 -0.0248136
84.6 -0.00809811 -0.0258314
84.72 -0.00846702 -0.0268354
84.84 -0.00876755 -0.0278187
84.96 -0.0089984 -0.0287742
85.08 -0.00915898 -0.0296945
85.2 -0.00924948 -0.0305718
85.32 -0.00927084 -0.0313983
85.44 -0.00922484 -0.0321662
85.56 -0.00911407 -0.0328672
85.68 -0.00894195 -0.0334934
85.8 -0.00871274 -0.0340368
85.92 -0.00843152 -0.0344894
86.04 -0.00810419 -0.0348437
86.16 -0.00773742 -0.035092
86.28 -0.00733867 -0.0352274
86.4 -0.00691608 -0.0352428
86.52 -0.0064785 -0.035132
86.64 -0.00603536 -0.034889
86.76 -0.00559668 -0.0345085
86.88 -0.00517293 -0.0339858
87 -0.00477502 -0.0333166
87.12 -0.00441414 -0.0324977
87.24 -0.00410175 -0.0315262
87.36 -0.00384943 -0.0304002
87.48 -0.00366879 -0.0291187
87.6 -0.00357137 -0.0276812
87.72 -0.00356854 -0.0260884
87.84 -0.00367136 -0.0243415
87.96 -0.0038905 -0.0224428
88.08 -0.00423612 -0.0203955
88.2 -0.00471772 -0.0182033
88.32 -0.00534408 -0.0158711
88.44 -0.00612311 -0.0134044
88.56 -0.00706176 -0.0108095
88.68 -0.00816591 -0.00809335
88.8 -0.00944027 -0.00526376
88.92 -0.0108883 -0.00232904
89.04 -0.0125121 0.000701884
89.16 -0.0143124 0.00381959
89.28 -0.0162883 0.00701422
89.4 -0.0184375 0.0102755
89.52 -0.0207561 0.013593
89.64 -0.0232384 0.0169558
89.76 -0.0258772 0.0203531
89.88 -0.0286635 0.0237741
90 -0.0315868 0.0272077
90.12 -0.0346347 0.0306432
90.24 -0.0377933 0.03407
90.36 -0.041047 0.0374777
90.48 -0.0443789 0.0408566
90.6 -0.0477702 0.044197
90.72 -0.0512012 0.0474899
90.84 -0.0546504 0.0507269
90.96 -0.0580954 0.0539002
91.08 -0.0615126 0.0570027
91.2 -0.0648775 0.0600281
91.32 -0.0681647 0.0629706
91.44 -0.0713483 0.0658257
91.56 -0.0744016 0.0685893
91.68 -0.0772978 0.0712583
91.8 -0.0800099 0.0738306
91.92 -0.0825108 0.0763048
92.04 -0.0847737 0.0786804
92.16 -0.0867722 0.0809577
92.28 -0.0884804 0.083138
92.4 -0.0898732 0.0852231
92.52 -0.0909264 0.0872157
92.64 -0.091617 0.0891192
92.76 -0.0919234 0.0909375
92.88 -0.0918253 0.092675
93 -0.0913043 0.0943369
93.12 -0.0903437 0.0959284
93.24 -0.0889287 0.0974553
93.36 -0.087047 0.0989235
93.48 -0.0846881 0.100339
93.6 -0.0818441 0.101708
93.72 -0.0785098 0.103036
93.84 -0.0746822 0.10433
93.96 -0.070361 0.105595
94.08 -0.0655489 0.106836
94.2 -0.0602511 0.108058
94.32 -0.0544756 0.109266
94.44 -0.0482331 0.110463
94.56 -0.0415372 0.111652
94.68 -0.034404 0.112836
94.8 -0.0268525 0.114017
94.92 -0.0189041 0.115194
95.04 -0.0105828 0.116368
95.16 -0.00191476 0.117537
95.28 0.00707128 0.118699
95.4 0.0163447 0.119851
95.52 0.0258727 0.12099
95.64 0.035621 0.122108
95.76 0.0455535 0.123202
95.88 0.0556328 0.124263
96 0.0658201 0.125283
96.12 0.0760759 0.126254
96.24 0.0863598 0.127166
96.36 0.0966308 0.128008
96.48 0.106848 0.128769
96.6 0.116969 0.129439
96.72 0.126955 0.130004
96.84 0.136763 0.130453
96.96 0.146354 0.130772
97.08 0.15569 0.130949
97.2 0.164731 0.130971
97.32 0.173441 0.130826
97.44 0.181786 0.1305
97.56 0.189732 0.129983
97.68 0.197248 0.129262
97.8 0.204304 0.128327
97.92 0.210874 0.127168
98.04 0.216932 0.125776
98.16 0.222459 0.124141
98.28 0.227433 0.122259
98.4 0.231839 0.120122
98.52 0.235663 0.117726
98.64 0.238894 0.115069
98.76 0.241526 0.112149
98.88 0.243552 0.108966
99 0.244973 0.105521
99.12 0.245788 0.101819
99.24 0.246002 0.0978636
99.36 0.245623 0.0936625
99.48 0.244661 0.0892239
99.6 0.243127 0.084558
99.72 0.241038 0.0796767
99.84 0.238411 0.0745933
99.96 0.235266 0.069323
100.08 0.231627 0.0638822
100.2 0.227516 0.0582889
100.32 0.222961 0.0525621
100.44 0.21799 0.0467224
100.56 0.212632 0.0407911
100.68 0.206917 0.0347907
100.8 0.200879 0.0287442
100.92 0.194549 0.0226754
101.04 0.18796 0.0166087
101.16 0.181148 0.0105686
101.28 0.174146 0.00457984
101.4 0.166989 -0.00133299
101.52 0.15971 -0.00714538
101.64 0.152343 -0.0128333
101.76 0.144922 -0.0183731
101.88 0.13748 -0.0237421
102 0.130047 -0.0289185
102.12 0.122654 -0.0338813
102.24 0.115332 -0.0386109
102.36 0.108108 -0.0430891
102.48 0.101008 -0.0472991
102.6 0.0940584 -0.0512258
102.72 0.0872818 -0.0548556
102.84 0.0807 -0.0581771
102.96 0.0743328 -0.0611805
103.08 0.0681981 -0.063858
103.2 0.0623119 -0.0662041
103.32 0.0566883 -0.0682152
103.44 0.0513393 -0.0698896
103.56 0.0462751 -0.071228
103.68 0.0415036 -0.072233
103.8 0.0370313 -0.0729095
103.92 0.0328624 -0.073264
104.04 0.0289995 -0.0733053
104.16 0.0254432 -0.0730439
104.28 0.0221927 -0.0724921
104.4 0.0192454 -0.0716639
104.52 0.0165973 -0.0705748
104.64 0.0142429 -0.0692416
104.76 0.0121753 -0.0676826
104.88 0.0103867 -0.065917
105 0.00886796 -0.063965
105.12 0.00760902 -0.0618475
105.24 0.00659903 -0.0595861
105.36 0.0058264 -0.0572026
105.48 0.00527892 -0.0547191
105.6 0.00494393 -0.0521579
105.72 0.0048084 -0.0495408
105.84 0.00485904 -0.0468895
105.96 0.00508246 -0.0442249
106.08 0.00546523 -0.0415674
106.2 0.00599401 -0.0389365
106.32 0.00665565 -0.0363505
106.44 0.00743725 -0.0338266
106.56 0.0083263 -0.0313806
106.68 0.00931072 -0.0290269
106.8 0.0103789 -0.0267781
106.92 0.01152 -0.0246454
107.04 0.0127234 -0.022638
107.16 0.0139797 -0.0207633
107.28 0.0152798 -0.0190268
107.4 0.0166154 -0.017432
107.52 0.0179793 -0.0159807
107.64 0.0193648 -0.0146724
107.76 0.020766 -0.0135048
107.88 0.022178 -0.0124738
108 0.0235966 -0.0115732
108.12 0.0250184 -0.0107953
108.24 0.0264408 -0.0101305
108.36 0.0278621 -0.00956769
108.48 0.029281 -0.00909429
108.6 0.0306972 -0.00869635
108.72 0.0321112 -0.00835872
108.84 0.0335237 -0.00806524
108.96 0.0349364 -0.00779882
109.08 0.0363513 -0.0075417
109.2 0.0377712 -0.00727559
109.32 0.0391992 -0.00698185
109.44 0.0406387 -0.0066417
109.56 0.0420937 -0.0062364
109.68 0.0435685 -0.00574744
109.8 0.0450675 -0.00515677
109.92 0.0465956 -0.00444693
110.04 0.0481577 -0.00360125
110.16 0.0497589 -0.00260409
110.28 0.0514045 -0.0014409
110.4 0.0530996 -9.84932e-05
110.52 0.0548497 0.00143489
110.64 0.0566599 0.00316938
110.76 0.0585354 0.00511342
110.88 0.0604814 0.00727359
111 0.0625029 0.00965455
111.12 0.0646046 0.012259
111.24 0.0667912 0.0150874
111.36 0.069067 0.0181383
111.48 0.0714363 0.0214081
111.6 0.0739027 0.0248909
111.72 0.07647 0.0285788
111.84 0.0791412 0.0324618
111.96 0.0819193 0.0365278
112.08 0.0848067 0.0407626
112.2 0.0878055 0.0451505
112.32 0.0909173 0.0496735
112.44 0.0941433 0.0543122
112.56 0.0974844 0.0590457
112.68 0.100941 0.0638516
112.8 0.104512 0.0687062
112.92 0.108197 0.0735849
113.04 0.111996 0.078462
113.16 0.115905 0.0833114
113.28 0.119923 0.0881061
113.4 0.124046 0.0928193
113.52 0.128272 0.0974237
113.64 0.132595 0.101892
113.76 0.13701 0.106198
113.88 0.141513 0.110316
114 0.146097 0.114219
114.12 0.150755 0.117884
114.24 0.15548 0.121288
114.36 0.160263 0.124407
114.48 0.165095 0.127223
114.6 0.169967 0.129716
114.72 0.174869 0.131869
114.84 0.17979 0.133667
114.96 0.184718 0.135098
115.08 0.189641 0.13615
115.2 0.194545 0.136817
115.32 0.199419 0.13709
115.44 0.204247 0.136968
115.56 0.209015 0.13645
115.68 0.213707 0.135536
115.8 0.21831 0.134231
115.92 0.222805 0.132541
116.04 0.227178 0.130476
116.16 0.23141 0.128047
116.28 0.235486 0.125267
116.4 0.239388 0.122153
116.52 0.243099 0.118723
116.64 0.246601 0.114998
116.76 0.249877 0.110998
116.88 0.252909 0.106749
117 0.255681 0.102275
117.12 0.258176 0.0976035
117.24 0.260377 0.0927622
117.36 0.262267 0.0877803
117.48 0.263832 0.0826874
117.6 0.265056 0.0775142
117.72 0.265924 0.0722914
117.84 0.266424 0.06705
117.96 0.266542 0.061821
118.08 0.266266 0.056635
118.2 0.265586 0.0515225
118.32 0.264491 0.0465128
118.44 0.262974 0.0416348
118.56 0.261028 0.0369161
118.68 0.258645 0.032383
118.8 0.255821 0.0280606
118.92 0.252554 0.0239721
119.04 0.248841 0.0201392
119.16 0.244682 0.0165816
119.28 0.24008 0.0133171
119.4 0.235035 0.0103612
119.52 0.229555 0.00772738
119.64 0.223643 0.00542664
119.76 0.217309 0.00346777
119.88 0.210561 0.00185714
120 0.203411 0.000598679
