-0.999 -6.23666e-05 -4.22798e-05
-0.998 -0.000253422 -0.000171408
-0.997 -0.000545402 -0.000377992
-0.996 -0.000897939 -0.000638017
-0.995 -0.00130686 -0.000921973
-0.994 -0.00183042 -0.00120455
-0.993 -0.00256609 -0.00146703
-0.992 -0.0035786 -0.00169115
-0.991 -0.00481262 -0.00185171
-0.99 -0.00604216 -0.00191821
-0.989 -0.00690189 -0.00186909
-0.988 -0.00701006 -0.00171466
-0.987 -0.00614661 -0.00152019
-0.986 -0.0044149 -0.0014176
-0.985 -0.0023101 -0.00159146
-0.984 -0.000643095 -0.00223195
-0.983 -0.000322227 -0.00346771
-0.982 -0.00205644 -0.00531257
-0.981 -0.0060908 -0.0076621
-0.98 -0.0120887 -0.010347
-0.979 -0.0192214 -0.0132108
-0.978 -0.0264407 -0.0161671
-0.977 -0.0328375 -0.0192115
-0.976 -0.0379587 -0.022382
-0.975 -0.041955 -0.025675
-0.974 -0.0454761 -0.0289393
-0.973 -0.0493182 -0.0318003
-0.972 -0.0539502 -0.0336813
-0.971 -0.0591285 -0.0339632
-0.97 -0.0637768 -0.0322345
-0.969 -0.0661814 -0.0285097
-0.968 -0.0644372 -0.0232988
-0.967 -0.0570415 -0.0174976
-0.966 -0.0435039 -0.0121438
-0.965 -0.0247793 -0.00812013
-0.964 -0.00329675 -0.00589935
-0.963 0.0175112 -0.00542036
-0.962 0.0340243 -0.00616982
-0.961 0.0432832 -0.00747837
-0.96 0.0436409 -0.0089152
-0.959 0.0351463 -0.0105736
-0.958 0.019593 -0.0130898
-0.957 8.74466e-05 -0.0173838
-0.956 -0.0199092 -0.0242354
-0.955 -0.0377708 -0.0338654
-0.954 -0.0525761 -0.0456857
-0.953 -0.0652793 -0.05833
-0.952 -0.0782403 -0.0700011
-0.951 -0.0943755 -0.0790582
-0.95 -0.116051 -0.0846286
-0.949 -0.143819 -0.086971
-0.948 -0.175456 -0.0874293
-0.947 -0.205988 -0.0879988
-0.946 -0.229053 -0.090655
-0.945 -0.239094 -0.0966759
-0.944 -0.233378 -0.106194
-0.943 -0.213111 -0.118149
-0.942 -0.183507 -0.130662
-0.941 -0.152767 -0.141712
-0.94 -0.129847 -0.149797
-0.939 -0.121317 -0.154326
-0.938 -0.128526 -0.155625
-0.937 -0.146589 -0.154574
-0.936 -0.165853 -0.152049
-0.935 -0.175156 -0.148365
-0.934 -0.165504 -0.142964
-0.933 -0.133159 -0.134505
-0.932 -0.0815186 -0.12138
-0.931 -0.0210139 -0.102478
-0.93 0.033694 -0.0778869
-0.929 0.0686719 -0.0492354
-0.928 0.0757686 -0.0195409
-0.927 0.0553877 0.00735883
-0.926 0.0159455 0.0275775
-0.925 -0.0292931 0.0379163
-0.924 -0.0666982 0.0364204
-0.923 -0.0870931 0.0226622
-0.922 -0.0897265 -0.00234994
-0.921 -0.0835169 -0.0366351
-0.92 -0.0841355 -0.0778392
-0.919 -0.107647 -0.123628
-0.918 -0.163583 -0.171698
-0.917 -0.250512 -0.219565
-0.916 -0.355418 -0.264477
-0.915 -0.456469 -0.303594
-0.914 -0.52844 -0.334234
-0.913 -0.550105 -0.354042
-0.912 -0.511709 -0.361169
-0.911 -0.419195 -0.35462
-0.91 -0.292658 -0.334615
-0.909 -0.159536 -0.302657
-0.908 -0.0458472 -0.261183
-0.907 0.0310666 -0.213154
-0.906 0.0666073 -0.161999
-0.905 0.0694629 -0.111799
-0.904 0.0581645 -0.0672237
-0.903 0.0536072 -0.0329432
-0.902 0.0697874 -0.0128121
-0.901 0.107089 -0.00922657
-0.9 0.15157 -0.0227416
-0.899 0.180279 -0.0518061
-0.898 0.169686 -0.0926917
-0.897 0.104022 -0.14
-0.896 -0.0182886 -0.187884
-0.895 -0.181454 -0.231451
-0.894 -0.35424 -0.267568
-0.893 -0.497884 -0.29484
-0.892 -0.57786 -0.313124
-0.891 -0.574796 -0.322957
-0.89 -0.490311 -0.32501
-0.889 -0.346312 -0.319585
-0.888 -0.178845 -0.306484
-0.887 -0.0283607 -0.285632
-0.886 0.0716528 -0.258226
-0.885 0.104666 -0.227578
-0.884 0.0758514 -0.198953
-0.883 0.00910643 -0.178553
-0.882 -0.0626449 -0.172213
-0.881 -0.110016 -0.18417
-0.88 -0.118152 -0.215972
-0.879 -0.0928464 -0.265697
-0.878 -0.0598456 -0.328063
-0.877 -0.0566723 -0.395738
-0.876 -0.118701 -0.461334
-0.875 -0.264193 -0.518999
-0.874 -0.484293 -0.564993
-0.873 -0.742095 -0.597516
-0.872 -0.981219 -0.616269
-0.871 -1.14133 -0.621891
-0.87 -1.1763 -0.615204
-0.869 -1.06978 -0.596496
-0.868 -0.842568 -0.565487
-0.867 -0.547857 -0.522253
-0.866 -0.254818 -0.468472
-0.865 -0.0263792 -0.407943
-0.864 0.100676 -0.346055
-0.863 0.126601 -0.288599
-0.862 0.0874083 -0.240521
-0.861 0.0417194 -0.204915
-0.86 0.0491007 -0.182406
-0.859 0.146479 -0.171172
-0.858 0.331427 -0.167824
-0.857 0.559718 -0.16893
-0.856 0.75894 -0.172461
-0.855 0.853214 -0.178465
-0.854 0.790028 -0.188742
-0.853 0.560109 -0.205731
-0.852 0.203753 -0.231087
-0.851 -0.199232 -0.2647
-0.85 -0.553894 -0.304749
-0.849 -0.781298 -0.348867
-0.848 -0.845506 -0.395798
-0.847 -0.766361 -0.446718
-0.846 -0.613091 -0.505639
-0.845 -0.48044 -0.57861
-0.844 -0.454936 -0.671592
-0.843 -0.582599 -0.787286
-0.842 -0.849692 -0.922057
-0.841 -1.18427 -1.06467
-0.84 -1.47859 -1.19788
-0.839 -1.62447 -1.30247
-0.838 -1.54957 -1.36176
-0.837 -1.24284 -1.36536
-0.836 -0.76096 -1.31114
-0.835 -0.212098 -1.20515
-0.834 0.279134 -1.05903
-0.833 0.613846 -0.88532
-0.832 0.751939 -0.692914
-0.831 0.722914 -0.485171
-0.83 0.611359 -0.261826
-0.829 0.524026 -0.0234853
-0.828 0.55005 0.223768
-0.827 0.726256 0.465346
-0.826 1.01867 0.677474
-0.825 1.32854 0.829702
-0.824 1.52385 0.891198
-0.823 1.48617 0.839574
-0.822 1.15443 0.66873
-0.821 0.548536 0.391831
-0.82 -0.234032 0.0380152
-0.819 -1.04536 -0.355193
-0.818 -1.72903 -0.750452
-0.817 -2.16525 -1.11802
-0.816 -2.30582 -1.44073
-0.815 -2.18637 -1.71485
-0.814 -1.91012 -1.94522
-0.813 -1.60871 -2.13633
-0.812 -1.39573 -2.28373
-0.811 -1.32959 -2.37123
-0.81 -1.39672 -2.3754
-0.809 -1.51934 -2.27462
-0.808 -1.58538 -2.05819
-0.807 -1.49098 -1.7331
-0.806 -1.1811 -1.32711
-0.805 -0.673626 -0.886163
-0.804 -0.0584788 -0.464933
-0.803 0.526639 -0.112353
-0.802 0.936073 0.141461
-0.801 1.06055 0.290451
-0.8 0.862945 0.348252
-0.799 0.392217 0.338161
-0.798 -0.230933 0.282552
-0.797 -0.851303 0.194666
-0.796 -1.32468 0.0743227
-0.795 -1.55655 -0.0904463
-0.794 -1.5254 -0.314898
-0.793 -1.28743 -0.605084
-0.792 -0.959932 -0.948077
-0.791 -0.683187 -1.3109
-0.79 -0.571594 -1.64861
-0.789 -0.674117 -1.91702
-0.788 -0.960576 -2.08484
-0.787 -1.33545 -2.14203
-0.786 -1.66887 -2.10175
-0.785 -1.83395 -1.99457
-0.784 -1.74527 -1.85586
-0.783 -1.39221 -1.71171
-0.782 -0.853452 -1.57037
-0.781 -0.279316 -1.42323
-0.78 0.155401 -1.25399
-0.779 0.308115 -1.05088
-0.778 0.112737 -0.81723
-0.777 -0.3995 -0.576448
-0.776 -1.10399 -0.36833
-0.775 -1.81144 -0.236661
-0.774 -2.32084 -0.212601
-0.773 -2.48605 -0.301792
-0.772 -2.27153 -0.481973
-0.771 -1.77119 -0.711943
-0.77 -1.18085 -0.946923
-0.769 -0.735466 -1.15395
-0.768 -0.631983 -1.32228
-0.767 -0.959968 -1.46491
-0.766 -1.66083 -1.60901
-0.765 -2.53308 -1.77776
-0.764 -3.28942 -1.97144
-0.763 -3.65048 -2.15815
-0.762 -3.44255 -2.28029
-0.761 -2.66328 -2.27438
-0.76 -1.49252 -2.09543
-0.759 -0.242626 -1.73633
-0.758 0.739792 -1.23592
-0.757 1.19115 -0.671764
-0.756 1.02492 -0.13814
-0.755 0.36433 0.284032
-0.754 -0.50093 0.553176
-0.753 -1.21829 0.676967
-0.752 -1.49967 0.701113
-0.751 -1.23072 0.68247
-0.75 -0.526141 0.658362
-0.749 0.292855 0.624174
-0.748 0.800771 0.52841
-0.747 0.619587 0.289391
-0.746 -0.437046 -0.170586
-0.745 -2.28412 -0.886678
-0.744 -4.57914 -1.82519
-0.743 -6.82216 -2.88187
-0.742 -8.50821 -3.90625
-0.741 -9.28526 -4.74333
-0.74 -9.0679 -5.27822
-0.739 -8.06481 -5.46957
-0.738 -6.70261 -5.35822
-0.737 -5.4695 -5.04518
-0.736 -4.73806 -4.64625
-0.735 -4.63451 -4.24337
-0.734 -4.99991 -3.85442
-0.733 -5.45427 -3.43335
-0.732 -5.54066 -2.89784
-0.731 -4.90063 -2.17243
-0.73 -3.42069 -1.23273
-0.729 -1.29587 -0.135658
-0.728 1.01607 0.979525
-0.727 2.93572 1.92597
-0.726 3.94904 2.52876
-0.725 3.77656 2.68339
-0.724 2.46729 2.3877
-0.723 0.383067 1.73697
-0.722 -1.92307 0.888202
-0.721 -3.88988 0.00829927
-0.72 -5.12483 -0.778535
-0.719 -5.51498 -1.4278
-0.718 -5.24092 -1.98001
-0.717 -4.6966 -2.52857
-0.716 -4.34252 -3.16325
-0.715 -4.53656 -3.91653
-0.714 -5.39939 -4.73734
-0.713 -6.76778 -5.50106
-0.712 -8.25528 -6.04856
-0.711 -9.39115 -6.23881
-0.71 -9.77915 -5.99867
-0.709 -9.22262 -5.35259
-0.708 -7.7862 -4.41855
-0.707 -5.78361 -3.36883
-0.706 -3.69185 -2.37152
-0.705 -2.00825 -1.53821
-0.704 -1.09469 -0.898289
-0.703 -1.06899 -0.406379
-0.702 -1.78329 0.0235648
-0.701 -2.88713 0.47133
-0.7 -3.94289 0.967458
-0.699 -4.55692 1.47156
-0.698 -4.4969 1.88267
-0.697 -3.76769 2.07765
-0.696 -2.61784 1.95972
-0.695 -1.46417 1.49582
-0.694 -0.756864 0.729536
-0.693 -0.833946 -0.232148
-0.692 -1.81317 -1.25184
-0.691 -3.54918 -2.20348
-0.69 -5.66558 -3.0079
-0.689 -7.65672 -3.64677
-0.688 -9.03649 -4.14835
-0.687 -9.49114 -4.55454
-0.686 -8.98323 -4.8883
-0.685 -7.76819 -5.13745
-0.684 -6.3179 -5.25846
-0.683 -5.17518 -5.19485
-0.682 -4.77964 -4.90271
-0.681 -5.3151 -4.37596
-0.68 -6.6326 -3.66061
-0.679 -8.28623 -2.84837
-0.678 -9.67829 -2.04995
-0.677 -10.2655 -1.36183
-0.676 -9.75316 -0.844553
-0.675 -8.21331 -0.521202
-0.674 -6.08875 -0.390887
-0.673 -4.0767 -0.446358
-0.672 -2.91369 -0.687862
-0.671 -3.12236 -1.1288
-0.67 -4.81115 -1.78881
-0.669 -7.611 -2.67331
-0.668 -10.7807 -3.74814
-0.667 -13.4428 -4.92473
-0.666 -14.864 -6.0678
-0.665 -14.6882 -7.02499
-0.664 -13.0515 -7.66537
-0.663 -10.5418 -7.91113
-0.662 -8.00201 -7.75269
-0.661 -6.22974 -7.24329
-0.66 -5.68257 -6.47372
-0.659 -6.30562 -5.53559
-0.658 -7.55445 -4.48946
-0.657 -8.60168 -3.35334
-0.656 -8.64471 -2.11732
-0.655 -7.20549 -0.776738
-0.654 -4.32774 0.632488
-0.653 -0.607407 2.0129
-0.652 2.967 3.20848
-0.651 5.32743 4.03401
-0.65 5.68891 4.32478
-0.649 3.82461 3.9896
-0.648 0.146387 3.045
-0.647 -4.43426 1.61569
-0.646 -8.80434 -0.099623
-0.645 -11.9998 -1.88389
-0.644 -13.4993 -3.55808
-0.643 -13.3729 -5.01918
-0.642 -12.2315 -6.24866
-0.641 -10.9853 -7.28881
-0.64 -10.4925 -8.1954
-0.639 -11.2329 -8.98692
-0.638 -13.1283 -9.61415
-0.637 -15.5697 -9.96488
-0.636 -17.6274 -9.9022
-0.635 -18.3696 -9.3203
-0.634 -17.1899 -8.19393
-0.633 -14.0387 -6.603
-0.632 -9.47291 -4.72424
-0.631 -4.49626 -2.79229
-0.63 -0.245155 -1.04084
-0.629 2.36547 0.357108
-0.628 2.91465 1.32804
-0.627 1.58659 1.90098
-0.626 -0.90481 2.1742
-0.625 -3.5561 2.26156
-0.624 -5.41155 2.24322
-0.623 -5.88655 2.13881
-0.622 -4.95789 1.90739
-0.621 -3.15298 1.46875
-0.62 -1.35459 0.738612
-0.619 -0.500661 -0.332144
-0.618 -1.27527 -1.72757
-0.617 -3.87519 -3.35924
-0.616 -7.92085 -5.08648
-0.615 -12.5546 -6.75404
-0.614 -16.711 -8.22731
-0.613 -19.4644 -9.41218
-0.612 -20.3206 -10.2612
-0.611 -19.3535 -10.7733
-0.61 -17.1602 -10.9872
-0.609 -14.6664 -10.965
-0.608 -12.8311 -10.7668
-0.607 -12.3262 -10.4271
-0.606 -13.2894 -9.94481
-0.605 -15.2557 -9.29056
-0.604 -17.3082 -8.41883
-0.603 -18.3932 -7.28222
-0.602 -17.675 -5.85245
-0.601 -14.8178 -4.15078
-0.6 -10.1227 -2.27542
-0.599 -4.48183 -0.404956
-0.598 0.856189 1.23169
-0.597 4.65849 2.40737
-0.596 6.09851 2.95041
-0.595 5.0176 2.78676
-0.594 1.96068 1.96518
-0.593 -2.01446 0.655192
-0.592 -5.679 -0.894517
-0.591 -8.02268 -2.4319
-0.59 -8.58001 -3.78057
-0.589 -7.58358 -4.88397
-0.588 -5.87364 -5.79701
-0.587 -4.58152 -6.63581
-0.586 -4.70111 -7.50839
-0.585 -6.70761 -8.4453
-0.584 -10.3547 -9.35038
-0.583 -14.7114 -9.99894
-0.582 -18.4306 -10.1021
-0.581 -20.1815 -9.42078
-0.58 -19.1136 -7.87934
-0.579 -15.1842 -5.62446
-0.578 -9.2188 -3.00885
-0.577 -2.67951 -0.510979
-0.576 2.77239 1.38404
-0.575 5.77388 2.31663
-0.574 5.66922 2.16128
-0.573 2.70856 1.06349
-0.572 -2.03889 -0.623808
-0.571 -7.04846 -2.48129
-0.57 -10.8611 -4.17579
-0.569 -12.5687 -5.55824
-0.568 -12.0874 -6.67919
-0.567 -10.1411 -7.7306
-0.566 -7.97664 -8.93668
-0.565 -6.9081 -10.4222
-0.564 -7.82655 -12.1049
-0.563 -10.8343 -13.6695
-0.562 -15.1469 -14.6517
-0.561 -19.3182 -14.6029
-0.56 -21.7173 -13.259
-0.559 -21.0819 -10.6462
-0.558 -16.9604 -7.09032
-0.557 -9.90548 -3.14149
-0.556 -1.36408 0.566642
-0.555 6.71562 3.48683
-0.554 12.4539 5.30419
-0.553 14.6088 5.9974
-0.552 12.9474 5.78813
-0.551 8.2914 5.009
-0.55 2.2269 3.95713
-0.549 -3.41641 2.79316
-0.548 -7.15059 1.51089
-0.547 -8.30067 -0.0255384
-0.546 -7.20937 -1.9919
-0.545 -5.09605 -4.48949
-0.544 -3.6057 -7.45262
-0.543 -4.20299 -10.6252
-0.542 -7.6231 -13.6201
-0.541 -13.5628 -16.0307
-0.54 -20.7109 -17.54
-0.539 -27.1178 -17.9926
-0.538 -30.8052 -17.4177
-0.537 -30.4297 -16.0072
-0.536 -25.77 -14.0555
-0.535 -17.8562 -11.8757
-0.534 -8.68567 -9.72555
-0.533 -0.621856 -7.77354
-0.532 4.33078 -6.10726
-0.531 5.15641 -4.75943
-0.53 2.16801 -3.72356
-0.529 -3.07057 -2.95622
-0.528 -8.24672 -2.38108
-0.527 -11.0759 -1.9046
-0.526 -10.0853 -1.43831
-0.525 -5.12732 -0.920633
-0.524 2.55025 -0.338532
-0.523 10.6929 0.251201
-0.522 16.7644 0.716154
-0.521 18.7923 0.880357
-0.52 16.0617 0.596338
-0.519 9.40701 -0.175237
-0.518 0.967902 -1.32466
-0.517 -6.52818 -2.61732
-0.516 -10.7085 -3.77479
-0.515 -10.3897 -4.58163
-0.514 -6.01703 -4.9816
-0.513 0.4436 -5.12919
-0.512 6.14055 -5.36647
-0.511 8.31171 -6.11137
-0.51 5.28069 -7.68371
-0.509 -2.87881 -10.1369
-0.508 -14.2652 -13.1738
-0.507 -25.7084 -16.1926
-0.506 -33.7844 -18.4542
-0.505 -35.9437 -19.3128
-0.504 -31.3686 -18.4327
-0.503 -21.2681 -15.9161
-0.502 -8.4954 -12.2903
-0.501 3.39421 -8.34481
-0.5 11.3267 -4.86508
-0.499 13.7245 -2.36449
-0.498 11.0005 -0.921023
-0.497 5.35717 -0.186553
-0.496 -0.0401433 0.435763
-0.495 -2.23432 1.51706
-0.494 0.417449 3.33515
-0.493 7.59792 5.7131
-0.492 17.0863 8.03186
-0.491 25.505 9.42727
-0.49 29.4923 9.10784
-0.489 26.8909 6.67345
-0.488 17.5451 2.30802
-0.487 3.43808 -3.23187
-0.486 -11.8874 -8.83035
-0.485 -24.4431 -13.351
-0.484 -31.0759 -15.985
-0.483 -30.4722 -16.4913
-0.482 -23.5321 -15.2443
-0.481 -12.996 -13.0667
-0.48 -2.47548 -10.9095
-0.479 4.75877 -9.50646
-0.478 6.82478 -9.13264
-0.477 3.77928 -9.55258
-0.476 -2.49617 -10.163
-0.475 -9.0286 -10.2668
-0.474 -12.8523 -9.37524
-0.473 -12.083 -7.42857
-0.472 -6.58472 -4.84963
-0.471 1.99423 -2.40501
-0.47 10.8033 -0.929968
-0.469 16.7614 -1.0275
-0.468 17.5801 -2.85554
-0.467 12.5146 -6.07194
-0.466 2.61861 -9.94404
-0.465 -9.56679 -13.5757
-0.464 -20.7878 -16.173
-0.463 -28.0627 -17.26
-0.462 -29.5565 -16.7756
-0.461 -25.073 -15.0276
-0.46 -16.0289 -12.5393
-0.459 -4.95879 -9.86293
-0.458 5.26658 -7.4259
-0.457 12.266 -5.45254
-0.456 14.792 -3.96421
-0.455 13.0263 -2.83961
-0.454 8.452 -1.90281
-0.453 3.34701 -1.00538
-0.452 0.0476181 -0.0771319
-0.451 0.200336 0.859848
-0.45 4.22876 1.70114
-0.449 11.1718 2.27843
-0.448 18.9369 2.38335
-0.447 24.9015 1.80413
-0.446 26.7018 0.380888
-0.445 22.9919 -1.92544
-0.444 13.9543 -4.96953
-0.443 1.38676 -8.39137
-0.442 -11.7071 -11.6474
-0.441 -21.9543 -14.1167
-0.44 -26.6406 -15.2678
-0.439 -24.6028 -14.8388
-0.438 -16.6769 -12.9616
-0.437 -5.52641 -10.1726
-0.436 5.12403 -7.28638
-0.435 11.6333 -5.15829
-0.434 11.6364 -4.40282
-0.433 4.91141 -5.16565
-0.432 -6.40369 -7.04352
-0.431 -18.398 -9.20171
-0.43 -26.6466 -10.6631
-0.429 -27.7343 -10.6689
-0.428 -20.4972 -8.97604
-0.427 -6.52579 -5.97814
-0.426 10.2598 -2.59826
-0.425 24.8342 0.0249636
-0.424 32.7203 0.958629
-0.423 31.5531 -0.147714
-0.422 22.0085 -2.88442
-0.421 7.70318 -6.19064
-0.42 -5.98501 -8.72287
-0.419 -13.8032 -9.34898
-0.418 -12.5356 -7.58551
-0.417 -2.23518 -3.82059
-0.416 13.6695 0.764314
-0.415 29.4396 4.56454
-0.414 38.9304 6.10025
-0.413 37.7231 4.54754
-0.412 24.759 0.0477488
-0.411 2.867 -6.32978
-0.41 -22.065 -12.9575
-0.409 -43.0296 -18.2103
-0.408 -54.2634 -21.0136
-0.407 -53.1915 -21.1905
-0.406 -41.2688 -19.4867
-0.405 -23.4312 -17.2563
-0.404 -6.34711 -15.9203
-0.403 3.92289 -16.4027
-0.402 4.04552 -18.7658
-0.401 -5.42506 -22.1812
-0.4 -20.2574 -25.2328
-0.399 -34.0528 -26.4309
-0.398 -40.5291 -24.752
-0.397 -35.7822 -20.0202
-0.396 -19.7285 -12.9946
-0.395 3.79053 -5.12884
-0.394 28.2774 1.9098
-0.393 46.7472 6.77328
-0.392 54.0243 8.82247
-0.391 48.3956 8.25227
-0.39 32.1063 5.94033
-0.389 10.5715 3.09439
-0.388 -9.42749 0.821686
-0.387 -21.984 -0.236591
-0.386 -23.9866 -0.0813464
-0.385 -16.0451 0.713631
-0.384 -2.11512 1.27051
-0.383 11.9824 0.752802
-0.382 20.5735 -1.34346
-0.381 19.9928 -5.03081
-0.38 9.73968 -9.82369
-0.379 -7.37854 -14.8707
-0.378 -26.1537 -19.1893
-0.377 -40.6751 -21.9348
-0.376 -46.2756 -22.6195
-0.375 -41.0531 -21.214
-0.374 -26.4516 -18.1188
-0.373 -6.75383 -14.0448
-0.372 12.2856 -9.84525
-0.371 25.2008 -6.32554
-0.37 28.4543 -4.05275
-0.369 21.5 -3.2115
-0.368 6.9509 -3.56007
-0.367 -10.2391 -4.51485
-0.366 -24.3514 -5.34135
-0.365 -30.7367 -5.3927
-0.364 -27.3123 -4.33091
-0.363 -15.2421 -2.27694
-0.362 1.41041 0.162196
-0.361 16.9447 2.03047
-0.36 25.8204 2.31554
-0.359 24.4534 0.314868
-0.358 12.4522 -4.05796
-0.357 -7.11638 -10.1514
-0.356 -28.5667 -16.699
-0.355 -45.336 -22.1606
-0.354 -52.109 -25.1846
-0.353 -46.6187 -25.0522
-0.352 -30.4809 -21.9462
-0.351 -8.74134 -16.9282
-0.35 11.7272 -11.6006
-0.349 24.4504 -7.56109
-0.348 25.4813 -5.84241
-0.347 14.7544 -6.54645
-0.346 -3.80106 -8.81232
-0.345 -23.5101 -11.1396
-0.344 -37.2351 -11.9654
-0.343 -39.922 -10.2969
-0.342 -30.4649 -6.15824
-0.341 -12.1762 -0.66812
-0.34 8.30375 4.30108
-0.339 23.2498 6.76358
-0.338 26.4752 5.329
-0.337 15.4847 -0.27624
-0.336 -7.54952 -9.06091
-0.335 -36.3752 -19.0544
-0.334 -62.6906 -27.9404
-0.333 -78.9413 -33.8207
-0.332 -80.8612 -35.8252
-0.331 -68.825 -34.3354
-0.33 -47.5602 -30.7486
-0.329 -24.3997 -26.8933
-0.328 -6.74114 -24.3307
-0.327 0.420722 -23.7955
-0.326 -3.91191 -24.9587
-0.325 -16.5348 -26.5839
-0.324 -31.2885 -27.023
-0.323 -41.3116 -24.8714
-0.322 -41.4903 -19.5307
-0.321 -30.2307 -11.456
-0.32 -9.95425 -2.0088
-0.319 13.7876 7.00042
-0.318 34.1941 13.881
-0.317 45.4023 17.5436
-0.316 44.2635 17.7577
-0.315 31.1928 15.1337
-0.314 9.90689 10.8472
-0.313 -13.8072 6.20823
-0.312 -33.885 2.23357
-0.311 -45.7818 -0.620308
-0.31 -47.7116 -2.48608
-0.309 -40.9627 -3.91338
-0.308 -29.2701 -5.60576
-0.307 -17.5452 -8.17277
-0.306 -10.4098 -11.9528
-0.305 -10.9227 -16.9226
-0.304 -19.7442 -22.6955
-0.303 -34.9025 -28.6026
-0.302 -52.2672 -33.8312
-0.301 -66.6893 -37.5807
-0.3 -73.5188 -39.2059
-0.299 -70.0291 -38.3379
-0.298 -56.302 -34.9869
-0.297 -35.3375 -29.6024
-0.296 -12.3769 -23.0429
-0.295 6.43592 -16.4162
-0.294 15.8223 -10.7993
-0.293 13.1276 -6.91535
-0.292 -0.54239 -4.88439
-0.291 -20.3601 -4.15439
-0.29 -39.1493 -3.67264
-0.289 -49.7154 -2.27484
-0.288 -47.3534 0.820611
-0.287 -31.6799 5.5904
-0.286 -7.15032 11.035
-0.285 18.0216 15.367
-0.284 34.3667 16.5423
-0.283 34.3929 12.9789
-0.282 15.4544 4.21444
-0.281 -18.867 -8.75667
-0.28 -59.5555 -23.6384
-0.279 -95.01 -37.4787
-0.278 -114.997 -47.6016
-0.277 -114.291 -52.4868
-0.276 -94.6544 -52.2621
-0.275 -64.3856 -48.6111
-0.274 -35.4889 -44.112
-0.273 -19.38 -41.2331
-0.272 -22.6163 -41.3397
-0.271 -44.2211 -44.0922
-0.27 -75.7168 -47.501
-0.269 -104.033 -48.6734
-0.268 -116.328 -44.993
-0.267 -104.924 -35.2683
-0.266 -70.4575 -20.3836
-0.265 -21.9992 -3.1842
-0.264 25.9238 12.3725
-0.263 58.3241 22.4977
-0.262 64.9982 24.8388
-0.261 44.1755 19.29
-0.26 3.23289 8.03398
-0.259 -43.8825 -5.23242
-0.258 -81.6639 -16.6211
-0.257 -98.6372 -23.4144
-0.256 -91.3848 -24.9332
-0.255 -65.4675 -22.592
-0.254 -32.9853 -19.1607
-0.253 -7.82746 -17.5557
-0.252 -0.438158 -19.6217
-0.251 -13.9767 -25.3472
-0.25 -43.2015 -32.8027
-0.249 -76.4616 -38.8382
-0.248 -100.089 -40.2936
-0.247 -103.568 -35.2524
-0.246 -83.4949 -23.8387
-0.245 -44.7956 -8.25025
-0.244 1.17772 7.96366
-0.243 40.8061 21.0744
-0.242 62.9399 28.3525
-0.241 62.4757 28.8406
-0.24 41.6213 23.4799
-0.239 8.58617 14.5831
-0.238 -25.6962 4.87931
-0.237 -51.562 -3.49274
-0.236 -63.8429 -9.65836
-0.235 -63.1607 -14.1131
-0.234 -54.9228 -18.2663
-0.233 -46.6038 -23.6517
-0.232 -44.5672 -31.154
-0.231 -51.7457 -40.5689
-0.23 -66.9476 -50.645
-0.229 -85.7764 -59.5457
-0.228 -102.55 -65.5067
-0.227 -112.381 -67.4191
-0.226 -112.68 -65.1281
-0.225 -103.659 -59.3754
-0.224 -87.7811 -51.4436
-0.223 -68.5295 -42.6706
-0.222 -49.1264 -34.0457
-0.221 -31.846 -26.0605
-0.22 -18.1072 -18.8461
-0.219 -8.99518 -12.465
-0.218 -5.60347 -7.14675
-0.217 -8.80279 -3.31413
-0.216 -18.5411 -1.39598
-0.215 -33.1717 -1.55739
-0.214 -49.3128 -3.50606
-0.213 -62.4683 -6.4823
-0.212 -68.3391 -9.46842
-0.211 -64.4867 -11.5768
-0.21 -51.7501 -12.4807
-0.209 -34.6777 -12.6741
-0.208 -20.4336 -13.3672
-0.207 -16.2564 -15.9847
-0.206 -26.3635 -21.4603
-0.205 -49.6887 -29.6618
-0.204 -79.6067 -39.2294
-0.203 -105.948 -47.9234
-0.202 -118.635 -53.3669
-0.201 -111.613 -53.9255
-0.2 -85.5795 -49.3997
-0.199 -48.3913 -41.2323
-0.198 -12.7464 -32.0766
-0.197 8.28536 -24.8262
-0.196 6.36056 -21.4635
-0.195 -18.4393 -22.2044
-0.194 -56.9914 -25.3188
-0.193 -94.1 -27.7343
-0.192 -114.044 -26.2184
-0.191 -106.575 -18.705
-0.19 -71.0337 -5.25551
-0.189 -17.0174 11.7357
-0.188 38.6881 28.2091
-0.187 77.9086 39.7629
-0.186 87.6298 43.1613
-0.185 64.9177 37.4759
-0.184 18.2314 24.4229
-0.183 -35.602 7.74233
-0.182 -77.7329 -8.17474
-0.181 -94.4699 -19.8956
-0.18 -82.4083 -26.1566
-0.179 -49.5478 -28.1965
-0.178 -12.116 -29.1059
-0.177 11.6 -32.4771
-0.176 8.17418 -40.8708
-0.175 -25.7208 -54.6492
-0.174 -81.6935 -71.6068
-0.173 -142.399 -87.5731
-0.172 -187.813 -97.8228
-0.171 -202.612 -98.7772
-0.17 -181.696 -89.3238
-0.169 -131.751 -71.2296
-0.168 -68.4747 -48.5369
-0.167 -10.8229 -26.2363
-0.166 25.5026 -8.72235
-0.165 33.104 1.46643
-0.164 14.8552 4.23947
-0.163 -17.812 1.69431
-0.162 -49.6465 -2.90144
-0.161 -67.5041 -6.49148
-0.16 -65.1088 -7.40933
-0.159 -44.8516 -5.89228
-0.158 -16.1956 -3.79924
-0.157 8.34078 -3.73692
-0.156 17.89 -7.96935
-0.155 6.94364 -17.4876
-0.154 -23.0313 -31.5256
-0.153 -64.369 -47.669
-0.152 -105.921 -62.5238
-0.151 -136.682 -72.7093
-0.15 -149.051 -75.8191
-0.149 -140.692 -71.0344
-0.148 -114.563 -59.2351
-0.147 -77.4028 -42.6451
-0.146 -37.4626 -24.1757
-0.145 -2.37023 -6.69406
-0.144 22.3258 7.58188
-0.143 33.863 17.4371
-0.142 32.4319 22.7338
-0.141 20.9593 24.2442
-0.14 4.45561 23.2939
-0.139 -11.1719 21.2829
-0.138 -20.6958 19.202
-0.137 -21.0993 17.308
-0.136 -12.6053 15.0637
-0.135 1.04666 11.3371
-0.134 13.2104 4.77486
-0.133 15.965 -5.72596
-0.132 2.72853 -20.5036
-0.131 -28.7727 -38.6978
-0.13 -74.4709 -58.1269
-0.129 -124.172 -75.6679
-0.128 -164.396 -88.0963
-0.127 -182.883 -93.0762
-0.126 -173.048 -89.926
-0.125 -136.778 -79.9105
-0.124 -84.5815 -65.9857
-0.123 -32.8092 -52.0273
-0.122 1.57069 -41.6775
-0.121 7.1253 -37.1268
-0.12 -17.3004 -38.3099
-0.119 -61.4976 -42.9271
-0.118 -107.312 -47.3463
-0.117 -135.382 -48.0325
-0.116 -132.532 -42.9347
-0.115 -96.9432 -32.3193
-0.114 -39.1691 -18.765
-0.113 21.4248 -6.3066
-0.112 63.6058 1.00979
-0.111 72.1845 0.665449
-0.11 43.9648 -7.29161
-0.109 -10.6555 -20.1432
-0.108 -71.2972 -33.4138
-0.107 -115.233 -42.4796
-0.106 -126.108 -44.2684
-0.105 -100.214 -38.3889
-0.104 -47.7455 -27.2393
-0.103 11.3581 -15.0587
-0.102 55.0871 -6.32456
-0.101 67.4392 -4.13998
-0.1 44.0139 -9.18751
-0.099 -6.63533 -19.5583
-0.098 -66.2708 -31.4702
-0.097 -113.807 -40.6362
-0.096 -133.254 -43.8137
-0.095 -119.521 -39.93
-0.094 -79.5962 -30.3049
-0.093 -28.8027 -17.9168
-0.092 15.7399 -6.13388
-0.091 41.3919 2.48017
-0.09 43.7667 6.86073
-0.089 27.2222 7.53297
-0.088 2.35119 6.18944
-0.087 -18.5779 4.91439
-0.086 -26.5934 5.29884
-0.085 -19.3253 7.79481
-0.084 -1.1418 11.6115
-0.083 19.6994 15.1722
-0.082 35.07 16.8219
-0.081 40.0182 15.3846
-0.08 33.711 10.3625
-0.079 18.4221 1.8321
-0.078 -2.52231 -9.78052
-0.077 -26.7027 -23.8796
-0.076 -53.4195 -39.7449
-0.075 -82.8775 -56.4313
-0.074 -114.277 -72.6139
-0.073 -144.171 -86.5493
-0.072 -166.361 -96.2968
-0.071 -173.675 -100.205
-0.07 -161.062 -97.53
-0.069 -128.838 -88.9684
-0.068 -84.5982 -76.8091
-0.067 -42.1746 -64.4633
-0.066 -16.9516 -55.3312
-0.065 -19.0293 -51.3981
-0.064 -47.7091 -52.2653
-0.063 -90.5226 -55.1882
-0.062 -127.478 -56.1476
-0.061 -138.583 -51.4794
-0.06 -111.798 -39.464
-0.059 -48.952 -21.3766
-0.058 32.6252 -1.5767
-0.057 104.615 13.685
-0.056 138.218 18.6036
-0.055 116.771 10.4199
-0.054 44.2073 -9.0112
-0.053 -55.1214 -33.5381
-0.052 -145.128 -54.779
-0.051 -191.212 -65.0387
-0.05 -173.119 -60.0245
-0.049 -93.3286 -40.5069
-0.048 22.1855 -12.3078
-0.047 132.384 15.6389
-0.046 196.783 34.6534
-0.045 191.965 39.7601
-0.044 121.416 31.6746
-0.043 14.3868 16.4712
-0.042 -85.2915 3.15466
-0.041 -135.798 0.122924
-0.04 -113.417 11.7877
-0.039 -22.4281 36.5767
-0.038 105.474 67.2029
-0.037 223.022 93.2848
-0.036 285.953 105.303
-0.035 270.194 98.1956
-0.034 180.609 73.1792
-0.033 48.7686 37.2764
-0.032 -78.7161 0.848672
-0.031 -157.339 -26.0697
-0.03 -161.758 -37.4497
-0.029 -96.0928 -33.5094
-0.028 7.84151 -20.3925
-0.027 104.271 -7.34311
-0.026 152.436 -2.79496
-0.025 131.82 -11.2006
-0.024 48.2784 -31.6647
-0.023 -69.2604 -58.4704
-0.022 -179.455 -83.1527
-0.021 -243.777 -97.611
-0.02 -241.759 -97.337
-0.019 -179.548 -83.3223
-0.018 -86.4655 -61.5018
-0.017 -0.93272 -39.9747
-0.016 46.1723 -25.6265
-0.015 42.3912 -21.8181
-0.014 -4.14815 -27.7428
-0.013 -69.6138 -39.1661
-0.012 -123.914 -50.1279
-0.011 -142.515 -55.2523
-0.01 -116.962 -51.9748
-0.009 -58.5935 -41.5614
-0.008 7.74938 -28.174
-0.007 56.5835 -16.5415
-0.006 73.2675 -9.738
-0.005 58.4812 -8.18801
-0.004 25.6305 -9.97358
-0.003 -5.97513 -11.9507
-0.002 -19.5664 -11.2155
-0.001 -8.61738 -6.50991
0 19.5965 1.0603
0.001 47.7641 8.62543
0.002 58.5798 13.3165
0.003 44.7858 14.0312
0.004 12.9351 12.0363
0.005 -20.1724 10.2489
0.006 -35.2014 11.8265
0.007 -18.7311 18.6961
0.008 29.9164 30.4347
0.009 96.082 43.9592
0.01 154.254 54.5205
0.011 179.563 57.9305
0.012 160.66 52.9048
0.013 106.015 42.0075
0.014 40.1981 30.6321
0.015 -6.64837 24.7649
0.016 -10.6498 28.6639
0.017 36.342 43.1469
0.018 121.854 64.8451
0.019 214.959 86.8441
0.02 277.162 101
0.021 279.078 101.337
0.022 214.533 86.8493
0.023 104.018 62.065
0.024 -13.8753 35.1296
0.025 -97.7287 14.5578
0.026 -118.548 6.10285
0.027 -70.4502 10.6712
0.028 26.0242 23.7905
0.029 130.044 36.9793
0.03 195.742 40.9351
0.031 191.235 29.4749
0.032 112.394 2.38554
0.033 -15.3922 -34.256
0.034 -147.53 -70.3448
0.035 -237.321 -95.4549
0.036 -253.142 -102.529
0.037 -190.132 -90.3554
0.038 -72.4399 -64.0457
0.039 55.5554 -33.1958
0.04 146.477 -8.26209
0.041 168.581 3.42926
0.042 117.617 0.320127
0.043 17.3999 -13.1207
0.044 -90.1257 -28.4233
0.045 -161.02 -36.5265
0.046 -165.984 -31.3365
0.047 -101.571 -12.1654
0.048 8.68511 15.9441
0.049 124.159 44.2287
0.05 203.719 63.6926
0.051 221.397 68.5043
0.052 174.81 57.9409
0.053 84.3524 36.3781
0.054 -15.2425 11.5948
0.055 -87.8129 -7.97262
0.056 -109.03 -16.1657
0.057 -75.0904 -11.1734
0.058 -2.85319 4.16585
0.059 78.7152 23.9664
0.06 141.241 41.9348
0.061 167.473 53.7287
0.062 155.744 58.14
0.063 118.261 56.9731
0.064 75.1284 53.9591
0.065 46.3505 53.1432
0.066 44.2972 57.2459
0.067 69.481 66.5994
0.068 111.608 79.1348
0.069 155.199 91.3881
0.07 186.489 99.9381
0.071 198.083 102.545
0.072 189.9 98.5989
0.073 167.166 88.9199
0.074 137.103 75.1972
0.075 105.82 59.353
0.076 76.5638 43.0622
0.077 49.889 27.5545
0.078 25.4062 13.688
0.079 3.78812 2.14182
0.08 -12.3918 -6.46056
0.081 -19.5462 -11.6075
0.082 -15.1577 -13.1199
0.083 0.0618441 -11.4231
0.084 21.1181 -7.68106
0.085 39.6928 -3.59931
0.086 47.2544 -0.846392
0.087 39.1775 -0.311169
0.088 17.7036 -1.60647
0.089 -8.12517 -3.14139
0.09 -25.7897 -2.7604
0.091 -24.3757 1.34471
0.092 0.728224 9.80931
0.093 45.2242 21.6256
0.094 96.371 34.2105
0.095 136.798 44.1104
0.096 150.871 48.2289
0.097 131.343 45.1407
0.098 83.2115 35.8669
0.099 22.5867 23.675
0.1 -29.1589 12.946
0.101 -53.4609 7.58443
0.102 -41.5395 9.59818
0.103 2.24641 18.3399
0.104 61.747 30.6692
0.105 114.675 42.018
0.106 140.785 48.0399
0.107 129.658 46.2514
0.108 84.9573 37.0157
0.109 23.2021 23.4488
0.11 -32.5719 10.2736
0.111 -61.6658 2.07671
0.112 -53.4876 1.65219
0.113 -11.2329 9.06289
0.114 49.7313 21.7474
0.115 107.895 35.5807
0.116 143.618 46.4354
0.117 146.175 51.6528
0.118 117.385 50.9272
0.119 70.6085 46.3299
0.12 25.4973 41.4646
0.121 0.476503 40.0437
0.122 5.88396 44.4207
0.123 40.5053 54.6736
0.124 92.7023 68.5937
0.125 145.249 82.5021
0.126 181.586 92.4747
0.127 191.112 95.5069
0.128 172.007 90.3104
0.129 131.058 77.5907
0.13 80.7802 59.7487
0.131 34.8444 40.0856
0.132 3.48137 21.7798
0.133 -9.36801 7.0361
0.134 -6.20185 -3.28902
0.135 6.17419 -9.56075
0.136 19.6973 -12.933
0.137 27.7076 -14.8235
0.138 26.5866 -16.416
0.139 16.3219 -18.2644
0.14 0.139585 -20.0936
0.141 -16.6251 -20.8783
0.142 -28.1057 -19.19
0.143 -29.4516 -13.6893
0.144 -17.9336 -3.60666
0.145 6.48852 10.8981
0.146 41.0044 28.57
0.147 80.1393 47.1475
0.148 116.444 63.7389
0.149 141.886 75.4396
0.15 149.895 80.0582
0.151 137.541 76.7572
0.152 107.044 66.3949
0.153 65.8056 51.4073
0.154 24.6339 35.1868
0.155 -5.44083 21.1127
0.156 -16.7595 11.5618
0.157 -7.74976 7.26109
0.158 16.2664 7.20079
0.159 44.6181 9.1256
0.16 64.9002 10.454
0.161 67.6157 9.3561
0.162 50.2032 5.62253
0.163 18.7068 0.942149
0.164 -13.9249 -1.62547
0.165 -32.5307 1.1582
0.166 -25.6373 11.3364
0.167 9.79204 28.769
0.168 66.5973 50.9036
0.169 129.306 73.373
0.17 179.086 91.2381
0.171 200.2 100.512
0.172 185.783 99.475
0.173 140.683 89.2643
0.174 80.0121 73.4439
0.175 23.6917 56.6764
0.176 -10.8899 43.0415
0.177 -15.1616 34.6715
0.178 7.80753 31.1855
0.179 44.8284 30.0656
0.18 77.7299 27.798
0.181 90.2333 21.3752
0.182 74.1478 9.61709
0.183 32.6262 -6.20172
0.184 -20.8597 -22.6996
0.185 -67.5742 -35.5871
0.186 -90.6558 -41.2333
0.187 -81.4712 -37.9854
0.188 -42.7054 -26.7565
0.189 12.8432 -10.6946
0.19 67.089 5.92286
0.191 103.178 19.1515
0.192 111.328 26.6608
0.193 91.9732 28.3721
0.194 55.1729 26.2548
0.195 16.5473 23.4028
0.196 -8.68349 22.7701
0.197 -11.2467 26.0418
0.198 9.15676 33.0465
0.199 44.3717 41.9144
0.2 81.4058 49.8876
0.201 107.514 54.4211
0.202 114.719 54.1086
0.203 102.193 49.0918
0.204 75.8967 40.8704
0.205 45.8661 31.6666
0.206 22.2997 23.6143
0.207 11.9197 18.0612
0.208 15.9192 15.2205
0.209 30.1679 14.2928
0.21 47.4221 13.9888
0.211 60.4288 13.1854
0.212 64.5283 11.392
0.213 58.8045 8.8467
0.214 45.6696 6.28462
0.215 29.4352 4.57005
0.216 14.6368 4.37654
0.217 4.71297 6.01459
0.218 1.3559 9.42753
0.219 4.61191 14.3325
0.22 13.5419 20.4309
0.221 26.9646 27.552
0.222 43.7575 35.6075
0.223 62.5549 44.3627
0.224 81.2115 53.1833
0.225 96.6612 60.9609
0.226 105.554 66.3251
0.227 105.485 68.0714
0.228 96.1933 65.6154
0.229 80.0991 59.2776
0.23 61.8558 50.2735
0.231 46.9467 40.3771
0.232 39.6988 31.3378
0.233 41.3921 24.2535
0.234 49.3001 19.1632
0.235 57.3022 15.0702
0.236 58.1145 10.4338
0.237 46.384 3.9481
0.238 21.355 -4.71747
0.239 -12.1043 -14.5404
0.24 -44.6812 -23.3176
0.241 -65.6848 -28.3651
0.242 -66.9267 -27.5045
0.243 -45.9864 -19.9653
0.244 -7.60062 -6.84522
0.245 37.4812 9.07486
0.246 75.9432 24.1325
0.247 96.5217 34.9409
0.248 94.1031 39.4965
0.249 71.68 37.8214
0.25 39.2976 31.8745
0.251 10.3002 24.7409
0.252 -3.70678 19.4129
0.253 2.75234 17.6457
0.254 26.9294 19.3307
0.255 58.8186 22.6063
0.256 84.8403 24.6466
0.257 92.9489 22.8354
0.258 77.3341 15.906
0.259 40.941 4.61799
0.26 -5.26053 -8.32822
0.261 -46.0884 -19.152
0.262 -67.6169 -24.3118
0.263 -62.193 -21.765
0.264 -31.1257 -11.6827
0.265 15.8641 3.62358
0.266 64.1217 20.4924
0.267 99.176 35.1182
0.268 111.708 44.7658
0.269 100.628 48.5797
0.27 73.1458 47.698
0.271 41.8027 44.6272
0.272 19.6362 42.1366
0.273 15.3567 42.1281
0.274 30.3437 44.9298
0.275 58.4617 49.2513
0.276 88.5691 52.751
0.277 108.676 52.9617
0.278 110.239 48.241
0.279 91.1069 38.4156
0.28 56.1438 24.8995
0.281 15.3834 10.2477
0.282 -19.5508 -2.67668
0.283 -39.4163 -11.5999
0.284 -40.2837 -15.4676
0.285 -24.4619 -14.6151
0.286 0.741714 -10.4823
0.287 25.8126 -5.02279
0.288 42.2939 -0.0294271
0.289 45.4167 3.39895
0.29 35.3224 5.09004
0.291 16.6288 5.69117
0.292 -3.39583 6.30239
0.293 -17.3899 8.00892
0.294 -20.3088 11.4817
0.295 -10.8932 16.759
0.296 8.21455 23.2469
0.297 31.5927 29.9092
0.298 52.872 35.5693
0.299 66.6267 39.2149
0.3 69.8136 40.2185
0.301 62.4692 38.4435
0.302 47.5416 34.2427
0.303 29.9076 28.372
0.304 14.8544 21.83
0.305 6.50216 15.6357
0.306 6.65901 10.5893
0.307 14.4073 7.08573
0.308 26.4476 5.03627
0.309 38.0471 3.91371
0.31 44.3735 2.91083
0.311 41.9332 1.19153
0.312 29.7345 -1.80563
0.313 9.77854 -6.09552
0.314 -13.3614 -11.0251
0.315 -33.8038 -15.3929
0.316 -46.0908 -17.7979
0.317 -46.8533 -17.1024
0.318 -35.902 -12.8429
0.319 -16.3911 -5.44784
0.32 6.05193 3.81267
0.321 25.0308 13.1503
0.322 35.4187 20.78
0.323 35.0711 25.485
0.324 25.5984 27.018
0.325 11.8659 26.166
0.326 0.328043 24.4302
0.327 -3.25748 23.4372
0.328 4.06843 24.3059
0.329 21.3083 27.2082
0.33 43.7146 31.2769
0.331 64.2918 34.8913
0.332 76.102 36.2535
0.333 74.6346 34.0668
0.334 59.4523 28.0741
0.335 34.4967 19.2415
0.336 6.86327 9.49705
0.337 -15.565 1.10905
0.338 -26.763 -4.05776
0.339 -24.5119 -5.13079
0.34 -10.999 -2.46469
0.341 8.04819 2.53578
0.342 25.3412 7.93058
0.343 34.4883 11.92
0.344 32.1556 13.4505
0.345 19.1912 12.5367
0.346 0.276532 10.1798
0.347 -17.7893 7.92338
0.348 -28.5122 7.22992
0.349 -27.9198 8.92576
0.35 -15.8294 12.9034
0.351 4.1574 18.1628
0.352 25.8539 23.1561
0.353 42.4921 26.3114
0.354 48.9158 26.555
0.355 43.2466 23.6571
0.356 27.4436 18.2825
0.357 6.5714 11.7465
0.358 -12.9255 5.58164
0.359 -25.3107 1.07864
0.36 -27.3204 -1.0574
0.361 -19.0938 -0.844575
0.362 -4.02381 1.06559
0.363 12.4076 3.65927
0.364 24.4372 5.91454
0.365 27.8885 7.11969
0.366 21.5025 7.05993
0.367 7.31558 6.03487
0.368 -10.0156 4.72546
0.369 -24.7144 3.95969
0.37 -31.7405 4.44124
0.371 -28.4134 6.51611
0.372 -15.2833 10.047
0.373 4.02747 14.4317
0.374 23.9382 18.7531
0.375 38.6229 22.0106
0.376 43.8086 23.3738
0.377 38.1226 22.4064
0.378 23.552 19.2082
0.379 4.8209 14.4195
0.38 -12.1554 9.06213
0.381 -22.2275 4.25357
0.382 -22.703 0.885026
0.383 -14.2114 -0.630871
0.384 -0.491959 -0.470029
0.385 12.8209 0.666976
0.386 20.0647 1.78658
0.387 17.5043 1.95381
0.388 4.72434 0.659769
0.389 -15.0733 -1.9376
0.39 -36.0337 -5.01245
0.391 -51.5572 -7.32604
0.392 -56.479 -7.64872
0.393 -48.7828 -5.20182
0.394 -30.2998 0.0278146
0.395 -6.16393 7.20938
0.396 16.8291 14.8709
0.397 32.4494 21.3409
0.398 37.098 25.2874
0.399 30.9727 26.1574
0.4 17.9064 24.3433
0.401 3.94119 21.0177
0.402 -4.83844 17.6994
0.403 -4.46038 15.7077
0.404 5.53005 15.6942
0.405 21.8973 17.4166
0.406 38.8397 19.8419
0.407 50.02 21.5475
0.408 50.7879 21.275
0.409 39.8185 18.4242
0.41 19.601 13.3054
0.411 -4.37712 7.05941
0.412 -25.4625 1.27811
0.413 -38.0544 -2.53993
0.414 -39.4337 -3.50471
0.415 -30.5644 -1.63274
0.416 -15.6162 2.17919
0.417 -0.42979 6.48721
0.418 9.502 9.80855
0.419 10.8476 11.1168
0.42 3.46594 10.1564
0.421 -9.66159 7.48027
0.422 -23.5599 4.20794
0.423 -33.0534 1.5954
0.424 -34.5728 0.580309
0.425 -27.323 1.47125
0.426 -13.4379 3.88656
0.427 2.85407 6.94327
0.428 16.6982 9.60445
0.429 24.2057 11.0507
0.43 23.6777 10.9512
0.431 16.0862 9.55065
0.432 4.65234 7.54909
0.433 -6.32822 5.82513
0.434 -12.9765 5.11423
0.435 -13.0934 5.76221
0.436 -6.7806 7.63302
0.437 3.71691 10.1828
0.438 14.8173 12.6538
0.439 22.7665 14.3143
0.44 24.812 14.6659
0.441 20.0331 13.5618
0.442 9.56444 11.2066
0.443 -3.84529 8.05959
0.444 -16.7525 4.68944
0.445 -26.0768 1.63207
0.446 -29.9576 -0.714764
0.447 -28.1842 -2.1447
0.448 -22.1297 -2.64492
0.449 -14.2372 -2.35923
0.45 -7.2142 -1.53012
0.451 -3.17951 -0.43704
0.452 -3.03477 0.663014
0.453 -6.24528 1.59469
0.454 -11.0704 2.31628
0.455 -15.1483 2.94123
0.456 -16.2554 3.70618
0.457 -13.0286 4.88406
0.458 -5.4453 6.66728
0.459 5.09316 9.05921
0.46 16.1201 11.8107
0.461 24.8015 14.4307
0.462 28.7631 16.2907
0.463 26.8052 16.8122
0.464 19.3022 15.683
0.465 8.15398 13.0128
0.466 -3.72503 9.35541
0.467 -13.2526 5.57514
0.468 -18.1016 2.60098
0.469 -17.3927 1.14792
0.47 -11.9277 1.49318
0.471 -3.8942 3.38239
0.472 3.85797 6.112
0.473 8.75375 8.7765
0.474 9.35636 10.5959
0.475 5.86685 11.1949
0.476 0.0609581 10.7213
0.477 -5.34353 9.7617
0.478 -7.67322 9.0926
0.479 -5.28418 9.35919
0.48 1.79827 10.794
0.481 11.7952 13.0784
0.482 21.677 15.4132
0.483 28.1118 16.7867
0.484 28.5716 16.3457
0.485 22.2227 13.7226
0.486 10.2725 9.19443
0.487 -4.37186 3.6183
0.488 -18.0144 -1.82782
0.489 -27.3317 -6.00882
0.49 -30.3934 -8.18218
0.491 -27.2208 -8.2136
0.492 -19.7087 -6.57776
0.493 -10.9301 -4.14383
0.494 -4.04708 -1.83412
0.495 -1.20684 -0.291332
0.496 -2.81665 0.32375
0.497 -7.45455 0.342922
0.498 -12.4293 0.420269
0.499 -14.7779 1.24731
0.5 -12.3552 3.25475
0.501 -4.65039 6.41265
0.502 6.95499 10.2096
0.503 19.5908 13.8198
0.504 29.8341 16.3871
0.505 34.8468 17.3139
0.506 33.3134 16.4503
0.507 25.8616 14.1266
0.508 14.8406 11.0324
0.509 3.54303 7.98477
0.51 -4.87173 5.66519
0.511 -8.39802 4.4156
0.512 -6.79572 4.16775
0.513 -1.58194 4.52428
0.514 4.5785 4.94597
0.515 8.84516 4.96219
0.516 9.18666 4.32669
0.517 5.05402 3.07683
0.518 -2.45952 1.49252
0.519 -11.0137 -0.0230395
0.52 -17.8422 -1.09775
0.521 -20.7179 -1.52205
0.522 -18.7147 -1.30562
0.523 -12.495 -0.642667
0.524 -4.04099 0.186623
0.525 4.04265 0.927386
0.526 9.40093 1.43116
0.527 10.6945 1.69056
0.528 8.02499 1.82985
0.529 2.87986 2.05782
0.53 -2.39562 2.59561
0.531 -5.4185 3.60426
0.532 -4.58189 5.14029
0.533 0.423239 7.14975
0.534 8.53312 9.48793
0.535 17.6722 11.9428
0.536 25.4146 14.2554
0.537 29.7421 16.147
0.538 29.6658 17.3616
0.539 25.5048 17.7129
0.54 18.7223 17.1185
0.541 11.3894 15.6165
0.542 5.48486 13.3636
0.543 2.27744 10.6165
0.544 1.97739 7.68587
0.545 3.74038 4.86348
0.546 6.01229 2.34882
0.547 7.10953 0.212157
0.548 5.8438 -1.58531
0.549 1.96627 -3.12829
0.55 -3.7297 -4.47357
0.551 -9.66993 -5.59232
0.552 -14.0132 -6.34383
0.553 -15.2409 -6.49353
0.554 -12.6478 -5.78447
0.555 -6.58944 -4.04909
0.556 1.60077 -1.31526
0.557 10.0137 2.14805
0.558 16.7522 5.87182
0.559 20.4938 9.29768
0.56 20.8399 11.9157
0.561 18.3598 13.3888
0.562 14.3468 13.6335
0.563 10.3698 12.8316
0.564 7.7527 11.3587
0.565 7.14524 9.64696
0.566 8.33918 8.03803
0.567 10.3998 6.68715
0.568 12.0521 5.55293
0.569 12.1642 4.46298
0.57 10.159 3.22073
0.571 6.23376 1.71665
0.572 1.32844 0.0104762
0.573 -3.15373 -1.64858
0.574 -5.80078 -2.88387
0.575 -5.66872 -3.31935
0.576 -2.6048 -2.72023
0.577 2.69734 -1.08716
0.578 8.91422 1.32868
0.579 14.4923 4.08648
0.58 18.1026 6.66883
0.581 19.0214 8.61755
0.582 17.3221 9.65667
0.583 13.8125 9.75869
0.584 9.73257 9.12419
0.585 6.32468 8.08382
0.586 4.43387 6.96905
0.587 4.26675 6.00447
0.588 5.37134 5.25366
0.589 6.83132 4.62482
0.59 7.61103 3.92896
0.591 6.94119 2.97584
0.592 4.61199 1.67751
0.593 1.06666 0.11421
0.594 -2.73432 -1.47105
0.595 -5.62112 -2.74609
0.596 -6.58684 -3.39544
0.597 -5.11045 -3.2165
0.598 -1.33469 -2.17953
0.599 3.96175 -0.440926
0.6 9.59803 1.69446
0.601 14.3543 3.85823
0.602 17.3366 5.72614
0.603 18.2213 7.10647
0.604 17.3134 7.97447
0.605 15.4154 8.44652
0.606 13.5507 8.71348
0.607 12.6206 8.96108
0.608 13.0988 9.3002
0.609 14.873 9.72397
0.61 17.2942 10.1068
0.611 19.4083 10.2502
0.612 20.282 9.96059
0.613 19.312 9.12469
0.614 16.4286 7.75585
0.615 12.1377 5.9955
0.616 7.3801 4.0751
0.617 3.24155 2.25296
0.618 0.60445 0.744084
0.619 -0.132755 -0.336391
0.62 0.831226 -0.996232
0.621 2.78592 -1.3459
0.622 4.75562 -1.54388
0.623 5.82709 -1.72958
0.624 5.45985 -1.9678
0.625 3.68022 -2.22299
0.626 1.08699 -2.37076
0.627 -1.3438 -2.24262
0.628 -2.59048 -1.68935
0.629 -1.93567 -0.640925
0.63 0.784344 0.859447
0.631 5.10846 2.65905
0.632 10.0801 4.53342
0.633 14.5404 6.24415
0.634 17.4935 7.59844
0.635 18.4195 8.4915
0.636 17.4231 8.91845
0.637 15.1658 8.95301
0.638 12.6161 8.70288
0.639 10.7077 8.26191
0.64 10.0196 7.67792
0.641 10.5795 6.94536
0.642 11.8607 6.02164
0.643 12.9821 4.86022
0.644 13.0446 3.44942
0.645 11.476 1.84114
0.646 8.25453 0.156199
0.647 3.93677 -1.43702
0.648 -0.508909 -2.76067
0.649 -4.00034 -3.66611
0.65 -5.6806 -4.06187
0.651 -5.19398 -3.92755
0.652 -2.8016 -3.31295
0.653 0.714164 -2.32141
0.654 4.32463 -1.08124
0.655 7.10098 0.283368
0.656 8.50126 1.66943
0.657 8.50679 2.99766
0.658 7.58167 4.20802
0.659 6.48255 5.25622
0.66 5.97841 6.1114
0.661 6.56722 6.75068
0.662 8.28961 7.1524
0.663 10.7143 7.29508
0.664 13.1008 7.16475
0.665 14.6697 6.76361
0.666 14.8732 6.11227
0.667 13.5753 5.24729
0.668 11.0926 4.22149
0.669 8.09591 3.10914
0.67 5.40067 2.00777
0.671 3.70971 1.02827
0.672 3.39481 0.275206
0.673 4.39435 -0.172629
0.674 6.25909 -0.275056
0.675 8.32019 -0.0381394
0.676 9.91263 0.482801
0.677 10.5789 1.19004
0.678 10.1939 1.96519
0.679 8.98078 2.70091
0.68 7.41602 3.32794
0.681 6.0576 3.82473
0.682 5.35657 4.20881
0.683 5.51384 4.51724
0.684 6.42367 4.78319
0.685 7.7163 5.01293
0.686 8.88241 5.17108
0.687 9.43926 5.18371
0.688 9.08538 4.96357
0.689 7.79447 4.44809
0.69 5.81956 3.63216
0.691 3.61299 2.58056
0.692 1.69355 1.41731
0.693 0.49889 0.297607
0.694 0.259564 -0.630314
0.695 0.930317 -1.26444
0.696 2.20538 -1.57632
0.697 3.61903 -1.61323
0.698 4.69919 -1.47169
0.699 5.11849 -1.25378
0.7 4.79185 -1.02686
0.701 3.89733 -0.802292
0.702 2.82152 -0.5371
0.703 2.04203 -0.154595
0.704 1.97245 0.421324
0.705 2.81516 1.22704
0.706 4.47744 2.23021
0.707 6.5887 3.32597
0.708 8.616 4.36272
0.709 10.0327 5.18643
0.71 10.4808 5.68371
0.711 9.87886 5.80843
0.712 8.44794 5.58748
0.713 6.64292 5.1071
0.714 5.00366 4.48313
0.715 3.97215 3.82254
0.716 3.74026 3.19015
0.717 4.18615 2.59466
0.718 4.92349 2.00018
0.719 5.44366 1.35619
0.72 5.30048 0.630857
0.721 4.27642 -0.165685
0.722 2.47304 -0.973617
0.723 0.291904 -1.69226
0.724 -1.68946 -2.20379
0.725 -2.90396 -2.40628
0.726 -2.98157 -2.24523
0.727 -1.87408 -1.73169
0.728 0.124924 -0.939418
0.729 2.47505 0.0169751
0.73 4.56964 1.01286
0.731 5.93836 1.94236
0.732 6.39536 2.73802
0.733 6.07983 3.37754
0.734 5.38301 3.87634
0.735 4.79584 4.26853
0.736 4.72955 4.58339
0.737 5.36473 4.82673
0.738 6.5787 4.97475
0.739 7.98257 4.98219
0.74 9.06146 4.79989
0.741 9.36539 4.39525
0.742 8.6727 3.76926
0.743 7.06465 2.96486
0.744 4.89422 2.06289
0.745 2.67062 1.16583
0.746 0.899591 0.374493
0.747 -0.0736912 -0.234338
0.748 -0.170361 -0.622319
0.749 0.407846 -0.793078
0.75 1.26517 -0.785587
0.751 1.96494 -0.659191
0.752 2.18571 -0.473719
0.753 1.82253 -0.271082
0.754 1.00587 -0.065633
0.755 0.0419913 0.153079
0.756 -0.700722 0.407703
0.757 -0.922811 0.717172
0.758 -0.498811 1.08343
0.759 0.48116 1.48384
0.76 1.74779 1.87121
0.761 2.94973 2.18332
0.762 3.77217 2.36089
0.763 4.03505 2.36794
0.764 3.74114 2.20489
0.765 3.06213 1.90854
0.766 2.27029 1.54011
0.767 1.64165 1.16754
0.768 1.36608 0.848341
0.769 1.49488 0.616296
0.77 1.93777 0.474907
0.771 2.50298 0.400761
0.772 2.96478 0.357235
0.773 3.13846 0.31344
0.774 2.93985 0.259236
0.775 2.4082 0.209116
0.776 1.6846 0.194583
0.777 0.958326 0.250327
0.778 0.406673 0.40016
0.779 0.149014 0.646526
0.78 0.221618 0.9661
0.781 0.572519 1.31355
0.782 1.07784 1.6336
0.783 1.57996 1.87774
0.784 1.93738 2.0183
0.785 2.06652 2.05351
0.786 1.9589 2.0023
0.787 1.67281 1.89323
0.788 1.3102 1.75267
0.789 0.988612 1.59627
0.79 0.809981 1.42578
0.791 0.829079 1.23179
0.792 1.03189 1.00168
0.793 1.33619 0.730037
0.794 1.61735 0.426575
0.795 1.7494 0.11744
0.796 1.64569 -0.160815
0.797 1.28723 -0.371422
0.798 0.733281 -0.487339
0.799 0.111068 -0.497351
0.8 -0.416017 -0.406796
0.801 -0.695696 -0.233487
0.802 -0.635263 -0.000698799
0.803 -0.234109 0.270141
0.804 0.41246 0.564001
0.805 1.14115 0.872136
0.806 1.77197 1.18792
0.807 2.16554 1.5013
0.808 2.26651 1.79492
0.809 2.11762 2.04422
0.81 1.84025 2.22159
0.811 1.58942 2.3033
0.812 1.49768 2.27641
0.813 1.62492 2.14325
0.814 1.93123 1.92117
0.815 2.2858 1.63728
0.816 2.51291 1.32048
0.817 2.45856 0.994219
0.818 2.05023 0.672845
0.819 1.3259 0.362549
0.82 0.423902 0.0659313
0.821 -0.459126 -0.212128
0.822 -1.12779 -0.459803
0.823 -1.44877 -0.657123
0.824 -1.39426 -0.779723
0.825 -1.05034 -0.806845
0.826 -0.583159 -0.73022
0.827 -0.175101 -0.559444
0.828 0.0417228 -0.321075
0.829 0.0277685 -0.0518282
0.83 -0.158368 0.211202
0.831 -0.387762 0.439754
0.832 -0.510586 0.620434
0.833 -0.412144 0.755914
0.834 -0.057834 0.86049
0.835 0.490448 0.951109
0.836 1.09507 1.03756
0.837 1.59308 1.11662
0.838 1.85482 1.17308
0.839 1.82738 1.18685
0.84 1.54855 1.1424
0.841 1.12988 1.03626
0.842 0.716202 0.880278
0.843 0.435499 0.699857
0.844 0.355873 0.527319
0.845 0.465334 0.391898
0.846 0.681367 0.309817
0.847 0.88533 0.278943
0.848 0.967393 0.280829
0.849 0.865331 0.289157
0.85 0.584432 0.280418
0.851 0.192868 0.242287
0.852 -0.205099 0.17726
0.853 -0.507583 0.101198
0.854 -0.649867 0.0373296
0.855 -0.622546 0.00726493
0.856 -0.468444 0.0221289
0.857 -0.262493 0.0777632
0.858 -0.0833198 0.156464
0.859 0.0140589 0.234434
0.86 0.0161003 0.2912
0.861 -0.047242 0.316861
0.862 -0.1177 0.314925
0.863 -0.134428 0.30044
0.864 -0.0581131 0.294074
0.865 0.11654 0.31378
0.866 0.362192 0.367068
0.867 0.630012 0.44727
0.868 0.865102 0.53572
0.869 1.02223 0.608832
0.87 1.07828 0.646671
0.871 1.03713 0.639506
0.872 0.924324 0.590506
0.873 0.774516 0.514243
0.874 0.618854 0.431536
0.875 0.478081 0.362133
0.876 0.361942 0.317923
0.877 0.271761 0.299523
0.878 0.203442 0.297697
0.879 0.15039 0.2986
0.88 0.106565 0.290134
0.881 0.0687174 0.266717
0.882 0.0366308 0.231196
0.883 0.0118267 0.19366
0.884 -0.00346798 0.167484
0.885 -0.00617713 0.163772
0.886 0.00803816 0.186325
0.887 0.043937 0.229468
0.888 0.104153 0.279859
0.889 0.185983 0.321345
0.89 0.279156 0.340439
0.891 0.365978 0.330276
0.892 0.424713 0.292154
0.893 0.435838 0.234629
0.894 0.389077 0.170459
0.895 0.288134 0.112235
0.896 0.150999 0.0682799
0.897 0.00574347 0.0405798
0.898 -0.116761 0.0256329
0.899 -0.191418 0.0174794
0.9 -0.206712 0.0110753
0.901 -0.168849 0.00450041
0.902 -0.0994894 -0.000450171
0.903 -0.027046 0.000885789
0.904 0.024643 0.014064
0.905 0.0449872 0.0429779
0.906 0.0393453 0.0876701
0.907 0.0258157 0.143574
0.908 0.0280487 0.202658
0.909 0.0660637 0.255877
0.91 0.147328 0.295682
0.911 0.261558 0.317629
0.912 0.382536 0.320853
0.913 0.477072 0.307611
0.914 0.517232 0.282157
0.915 0.490301 0.249268
0.916 0.402759 0.212897
0.917 0.277754 0.175476
0.918 0.147636 0.138124
0.919 0.043702 0.101465
0.92 -0.0139786 0.0664209
0.921 -0.02293 0.0345411
0.922 0.00208213 0.00784563
0.923 0.0360648 -0.0115847
0.924 0.0542707 -0.0220981
0.925 0.0416454 -0.0229359
0.926 -0.00214189 -0.0145344
0.927 -0.0632707 0.00151166
0.928 -0.11933 0.0228664
0.929 -0.147978 0.047032
0.93 -0.135597 0.0717628
0.931 -0.0824496 0.0951845
0.932 -0.00232534 0.115762
0.933 0.0828239 0.132297
0.934 0.150789 0.143995
0.935 0.186525 0.150518
0.936 0.186698 0.152008
0.937 0.16009 0.149091
0.938 0.123707 0.142852
0.939 0.0959625 0.1347
0.94 0.0897344 0.126059
0.941 0.108184 0.117998
0.942 0.144667 0.110988
0.943 0.18605 0.104914
0.944 0.217731 0.0992948
0.945 0.228603 0.0935599
0.946 0.214594 0.087314
0.947 0.179727 0.0805002
0.948 0.134167 0.0734171
0.949 0.0899915 0.0665616
0.95 0.0566419 0.0603548
0.951 0.0380866 0.0548899
0.952 0.0325101 0.0498468
0.953 0.0340113 0.04462
0.954 0.0352707 0.0385923
0.955 0.0302906 0.0314346
0.956 0.0165225 0.0233142
0.957 -0.00428682 0.0149203
0.958 -0.0269609 0.00727848
0.959 -0.0451371 0.00142811
0.96 -0.0537777 -0.00190989
0.961 -0.0508082 -0.00254386
0.962 -0.0374216 -0.000830082
0.963 -0.0172965 0.00248994
0.964 0.00474538 0.00655652
0.965 0.0241892 0.0106586
0.966 0.038026 0.0143989
0.967 0.0453589 0.0176954
0.968 0.0472114 0.0206416
0.969 0.045688 0.0233198
0.97 0.0429469 0.025669
0.971 0.0404468 0.0274602
0.972 0.0386722 0.0283723
0.973 0.0372827 0.0281262
0.974 0.0355053 0.0266163
0.975 0.0325882 0.0239837
0.976 0.0281619 0.0205938
0.977 0.0223966 0.0169241
0.978 0.0159292 0.0134173
0.979 0.0096271 0.0103704
0.98 0.00430793 0.00790162
0.981 0.000521261 0.00598496
0.982 -0.00155248 0.00451977
0.983 -0.00208081 0.00340029
0.984 -0.00147016 0.00256154
0.985 -0.000223621 0.00198697
0.986 0.00118336 0.0016799
0.987 0.00238421 0.00162023
0.988 0.00316064 0.00173846
0.989 0.0034474 0.00192487
0.99 0.00330639 0.00206504
0.991 0.00287669 0.00207695
0.992 0.00231629 0.00193155
0.993 0.00175435 0.00165209
0.994 0.00126671 0.00129622
0.995 0.000876304 0.000929517
0.996 0.000571806 0.000602369
0.997 0.000333487 0.000340755
0.998 0.000153235 0.000152287
0.999 3.85398e-05 3.82044e-05
0.12 4.4693 1.31343
0.24 4.47298 1.31389
0.36 4.47912 1.31464
0.48 4.48771 1.31568
0.6 4.49875 1.31698
0.72 4.51224 1.31853
0.84 4.52817 1.32028
0.96 4.54653 1.32222
1.08 4.56732 1.3243
1.2 4.59052 1.32648
1.32 4.61612 1.32872
1.44 4.64411 1.33096
1.56 4.67447 1.33317
1.68 4.70718 1.33528
1.8 4.74221 1.33723
1.92 4.77953 1.33898
2.04 4.8191 1.34045
2.16 4.8609 1.3416
2.28 4.90487 1.34236
2.4 4.95097 1.34267
2.52 4.99913 1.34247
2.64 5.0493 1.3417
2.76 5.10141 1.34031
2.88 5.15538 1.33825
3 5.21113 1.33545
3.12 5.26858 1.33187
3.24 5.32761 1.32746
3.36 5.38814 1.32218
3.48 5.45004 1.316
3.6 5.51321 1.30887
3.72 5.5775 1.30077
3.84 5.64279 1.29166
3.96 5.70894 1.28154
4.08 5.77579 1.27038
4.2 5.8432 1.25817
4.32 5.911 1.24491
4.44 5.97903 1.2306
4.56 6.04712 1.21524
4.68 6.11508 1.19885
4.8 6.18275 1.18144
4.92 6.24993 1.16303
5.04 6.31645 1.14365
5.16 6.3821 1.12333
5.28 6.44671 1.10211
5.4 6.51008 1.08003
5.52 6.57203 1.05713
5.64 6.63236 1.03346
5.76 6.6909 1.00908
5.88 6.74745 0.984043
6 6.80184 0.958406
6.12 6.8539 0.932234
6.24 6.90346 0.905589
6.36 6.95035 0.878541
6.48 6.99443 0.851155
6.6 7.03554 0.823504
6.72 7.07356 0.795656
6.84 7.10835 0.767683
6.96 7.1398 0.739655
7.08 7.1678 0.711645
7.2 7.19227 0.683722
7.32 7.21311 0.655956
7.44 7.23027 0.628414
7.56 7.24369 0.601163
7.68 7.25333 0.574269
7.8 7.25916 0.547792
7.92 7.26117 0.521795
8.04 7.25935 0.496333
8.16 7.25374 0.471462
8.28 7.24434 0.447232
8.4 7.23122 0.423693
8.52 7.21441 0.400889
8.64 7.194 0.378861
8.76 7.17007 0.357647
8.88 7.14271 0.33728
9 7.11202 0.317792
9.12 7.07813 0.299208
9.24 7.04116 0.281551
9.36 7.00126 0.26484
9.48 6.95856 0.24909
9.6 6.91322 0.234312
9.72 6.86541 0.220513
9.84 6.81528 0.207697
9.96 6.76302 0.195865
10.08 6.7088 0.185014
10.2 6.6528 0.175137
10.32 6.5952 0.166224
10.44 6.53618 0.158264
10.56 6.47592 0.15124
10.68 6.41461 0.145135
10.8 6.35242 0.139926
10.92 6.28952 0.13559
11.04 6.2261 0.132102
11.16 6.1623 0.129434
11.28 6.0983 0.127554
11.4 6.03424 0.126432
11.52 5.97027 0.126032
11.64 5.90653 0.12632
11.76 5.84314 0.127259
11.88 5.78021 0.128809
12 5.71787 0.130933
12.12 5.6562 0.133589
12.24 5.59529 0.136735
12.36 5.53521 0.140329
12.48 5.47604 0.144328
12.6 5.41782 0.148689
12.72 5.36059 0.153367
12.84 5.30438 0.158317
12.96 5.24922 0.163496
13.08 5.19511 0.168858
13.2 5.14205 0.174358
13.32 5.09003 0.179952
13.44 5.03902 0.185594
13.56 4.989 0.191241
13.68 4.93992 0.196849
13.8 4.89174 0.202373
13.92 4.84441 0.207771
14.04 4.79787 0.213
14.16 4.75204 0.21802
14.28 4.70687 0.222789
14.4 4.66226 0.227268
14.52 4.61816 0.231418
14.64 4.57447 0.235203
14.76 4.53112 0.238585
14.88 4.48801 0.241532
15 4.44508 0.244009
15.12 4.40224 0.245985
15.24 4.35941 0.247432
15.36 4.31652 0.248321
15.48 4.27348 0.248626
15.6 4.23024 0.248325
15.72 4.18672 0.247396
15.84 4.14287 0.24582
15.96 4.09863 0.243581
16.08 4.05395 0.240664
16.2 4.00879 0.237058
16.32 3.96311 0.232755
16.44 3.91689 0.227748
16.56 3.8701 0.222034
16.68 3.82272 0.215612
16.8 3.77476 0.208486
16.92 3.72621 0.200661
17.04 3.67708 0.192145
17.16 3.62737 0.182949
17.28 3.57711 0.173089
17.4 3.52633 0.16258
17.52 3.47506 0.151444
17.64 3.42334 0.139703
17.76 3.37121 0.127382
17.88 3.31872 0.114511
18 3.26592 0.10112
18.12 3.21287 0.0872428
18.24 3.15963 0.0729148
18.36 3.10626 0.0581741
18.48 3.05283 0.0430609
18.6 2.9994 0.0276169
18.72 2.94604 0.0118858
18.84 2.89282 -0.00408729
18.96 2.8398 -0.0202559
19.08 2.78705 -0.0365726
19.2 2.73464 -0.0529888
19.32 2.68262 -0.0694556
19.44 2.63106 -0.0859235
19.56 2.58001 -0.102343
19.68 2.52954 -0.118664
19.8 2.47968 -0.134837
19.92 2.4305 -0.150814
20.04 2.38202 -0.166546
20.16 2.33428 -0.181986
20.28 2.28733 -0.197089
20.4 2.24118 -0.211811
20.52 2.19586 -0.226107
20.64 2.15138 -0.239938
20.76 2.10776 -0.253264
20.88 2.06501 -0.266049
21 2.02313 -0.278259
21.12 1.98211 -0.289862
21.24 1.94194 -0.300829
21.36 1.90263 -0.311133
21.48 1.86414 -0.320753
21.6 1.82646 -0.329666
21.72 1.78957 -0.337857
21.84 1.75344 -0.34531
21.96 1.71804 -0.352016
22.08 1.68333 -0.357967
22.2 1.64929 -0.363157
22.32 1.61588 -0.367587
22.44 1.58306 -0.371256
22.56 1.5508 -0.374171
22.68 1.51905 -0.376338
22.8 1.48778 -0.377769
22.92 1.45695 -0.378477
23.04 1.42652 -0.378477
23.16 1.39647 -0.37779
23.28 1.36675 -0.376434
23.4 1.33733 -0.374434
23.52 1.30819 -0.371815
23.64 1.2793 -0.368604
23.76 1.25063 -0.36483
23.88 1.22217 -0.360522
24 1.19389 -0.355712
24.12 1.16578 -0.350433
24.24 1.13782 -0.344718
24.36 1.11002 -0.338601
24.48 1.08237 -0.332118
24.6 1.05485 -0.325302
24.72 1.02749 -0.318189
24.84 1.00027 -0.310814
24.96 0.973212 -0.303211
25.08 0.946325 -0.295415
25.2 0.919622 -0.287459
25.32 0.893119 -0.279376
25.44 0.866836 -0.271197
25.56 0.840793 -0.262953
25.68 0.815013 -0.254674
25.8 0.789521 -0.246389
25.92 0.764341 -0.238123
26.04 0.739501 -0.229902
26.16 0.715027 -0.22175
26.28 0.690946 -0.213689
26.4 0.667286 -0.205738
26.52 0.644073 -0.197918
26.64 0.621335 -0.190245
26.76 0.599096 -0.182733
26.88 0.577382 -0.175396
27 0.556214 -0.168245
27.12 0.535614 -0.161291
27.24 0.515602 -0.154541
27.36 0.496195 -0.148001
27.48 0.477407 -0.141677
27.6 0.459252 -0.135572
27.72 0.441739 -0.129687
27.84 0.424877 -0.124022
27.96 0.40867 -0.118577
28.08 0.39312 -0.11335
28.2 0.378226 -0.108336
28.32 0.363986 -0.103531
28.44 0.350393 -0.0989303
28.56 0.337438 -0.0945269
28.68 0.325111 -0.0903138
28.8 0.313398 -0.0862831
28.92 0.302283 -0.0824265
29.04 0.291749 -0.0787352
29.16 0.281775 -0.0752
29.28 0.272339 -0.0718114
29.4 0.263418 -0.0685596
29.52 0.254989 -0.0654349
29.64 0.247023 -0.0624276
29.76 0.239496 -0.0595278
29.88 0.23238 -0.0567261
30 0.225645 -0.054013
30.12 0.219265 -0.0513794
30.24 0.21321 -0.0488166
30.36 0.207453 -0.0463162
30.48 0.201965 -0.0438703
30.6 0.19672 -0.0414713
30.72 0.19169 -0.0391123
30.84 0.186851 -0.0367869
30.96 0.182177 -0.0344894
31.08 0.177645 -0.0322143
31.2 0.173234 -0.0299572
31.32 0.168923 -0.0277139
31.44 0.164692 -0.025481
31.56 0.160525 -0.0232557
31.68 0.156406 -0.0210359
31.8 0.152321 -0.0188198
31.92 0.148259 -0.0166066
32.04 0.144208 -0.0143957
32.16 0.14016 -0.0121873
32.28 0.136108 -0.00998203
32.4 0.132047 -0.00778095
32.52 0.127974 -0.0055857
32.64 0.123887 -0.0033983
32.76 0.119784 -0.00122123
32.88 0.115666 0.000942718
33 0.111537 0.00309036
33.12 0.107398 0.00521825
33.24 0.103254 0.00732263
33.36 0.0991103 0.00939955
33.48 0.0949724 0.0114449
33.6 0.0908469 0.0134542
33.72 0.0867408 0.0154232
33.84 0.0826615 0.0173473
33.96 0.0786165 0.019222
34.08 0.0746137 0.0210426
34.2 0.0706607 0.0228046
34.32 0.0667653 0.0245035
34.44 0.0629349 0.026135
34.56 0.0591767 0.0276946
34.68 0.0554973 0.0291783
34.8 0.0519032 0.0305821
34.92 0.0484 0.0319022
35.04 0.044993 0.0331351
35.16 0.0416866 0.0342775
35.28 0.0384848 0.0353263
35.4 0.0353905 0.036279
35.52 0.0324064 0.0371329
35.64 0.0295339 0.0378862
35.76 0.0267742 0.038537
35.88 0.0241274 0.0390839
36 0.0215932 0.039526
36.12 0.0191705 0.0398626
36.24 0.0168575 0.0400933
36.36 0.014652 0.0402185
36.48 0.0125511 0.0402385
36.6 0.0105516 0.0401543
36.72 0.00864987 0.0399672
36.84 0.00684176 0.0396788
36.96 0.00512296 0.0392912
37.08 0.00348893 0.0388069
37.2 0.00193495 0.0382286
37.32 0.000456203 0.0375594
37.44 -0.000952149 0.036803
37.56 -0.00229493 0.035963
37.68 -0.00357687 0.0350437
37.8 -0.00480257 0.0340494
37.92 -0.00597645 0.0329848
38.04 -0.00710268 0.0318549
38.16 -0.00818517 0.0306648
38.28 -0.00922752 0.02942
38.4 -0.010233 0.0281258
38.52 -0.0112046 0.0267881
38.64 -0.0121447 0.0254127
38.76 -0.0130557 0.0240054
38.88 -0.0139391 0.0225724
39 -0.0147965 0.0211195
39.12 -0.0156289 0.0196529
39.24 -0.0164369 0.0181786
39.36 -0.0172207 0.0167025
39.48 -0.0179805 0.0152305
39.6 -0.0187157 0.0137685
39.72 -0.0194259 0.012322
39.84 -0.0201102 0.0108965
39.96 -0.0207675 0.00949735
40.08 -0.0213966 0.0081296
40.2 -0.0219962 0.00679808
40.32 -0.0225647 0.00550737
40.44 -0.0231006 0.00426175
40.56 -0.0236025 0.0030652
40.68 -0.0240688 0.00192138
40.8 -0.024498 0.000833622
40.92 -0.0248887 -0.000195114
41.04 -0.0252397 -0.00116221
41.16 -0.0255498 -0.00206544
41.28 -0.025818 -0.00290294
41.4 -0.0260437 -0.00367322
41.52 -0.0262263 -0.00437521
41.64 -0.0263653 -0.00500818
41.76 -0.0264608 -0.0055718
41.88 -0.0265129 -0.00606613
42 -0.026522 -0.00649158
42.12 -0.0264887 -0.00684891
42.24 -0.0264139 -0.00713925
42.36 -0.0262988 -0.00736403
42.48 -0.0261446 -0.00752502
42.6 -0.025953 -0.00762428
42.72 -0.0257257 -0.00766415
42.84 -0.0254647 -0.0076472
42.96 -0.0251719 -0.00757627
43.08 -0.0248497 -0.00745438
43.2 -0.0245003 -0.00728476
43.32 -0.0241262 -0.00707077
43.44 -0.0237298 -0.00681592
43.56 -0.0233135 -0.00652382
43.68 -0.0228799 -0.00619816
43.8 -0.0224315 -0.00584268
43.92 -0.0219705 -0.00546116
44.04 -0.0214994 -0.00505734
44.16 -0.0210204 -0.00463499
44.28 -0.0205356 -0.00419777
44.4 -0.020047 -0.00374932
44.52 -0.0195565 -0.00329314
44.64 -0.0190657 -0.00283263
44.76 -0.0185761 -0.00237106
44.88 -0.0180891 -0.00191152
45 -0.0176058 -0.00145696
45.12 -0.0171271 -0.00101011
45.24 -0.0166538 -0.000573517
45.36 -0.0161864 -0.000149519
45.48 -0.0157253 0.000259774
45.6 -0.0152707 0.000652473
45.72 -0.0148226 0.00102693
45.84 -0.014381 0.00138171
45.96 -0.0139455 0.00171564
46.08 -0.0135158 0.00202777
46.2 -0.0130913 0.00231738
46.32 -0.0126715 0.00258397
46.44 -0.0122556 0.00282727
46.56 -0.011843 0.00304723
46.68 -0.0114329 0.00324399
46.8 -0.0110245 0.00341789
46.92 -0.010617 0.00356943
47.04 -0.0102096 0.00369932
47.16 -0.00980167 0.00380837
47.28 -0.00939245 0.00389758
47.4 -0.00898133 0.00396804
47.52 -0.00856779 0.00402095
47.64 -0.00815138 0.00405761
47.76 -0.00773173 0.0040794
47.88 -0.00730862 0.00408774
48 -0.00688191 0.00408411
48.12 -0.00645158 0.00407
48.24 -0.00601775 0.00404693
48.36 -0.00558063 0.00401639
48.48 -0.00514056 0.00397989
48.6 -0.004698 0.00393887
48.72 -0.0042535 0.00389475
48.84 -0.00380771 0.00384888
48.96 -0.00336138 0.00380257
49.08 -0.00291532 0.00375701
49.2 -0.00247044 0.00371335
49.32 -0.00202765 0.00367263
49.44 -0.00158796 0.00363579
49.56 -0.00115237 0.00360368
49.68 -0.000721895 0.00357705
49.8 -0.000297565 0.00355652
49.92 0.000119619 0.00354263
50.04 0.000528682 0.0035358
50.16 0.000928691 0.00353635
50.28 0.00131877 0.00354448
50.4 0.00169811 0.00356032
50.52 0.00206597 0.00358388
50.64 0.00242172 0.0036151
50.76 0.00276479 0.0036538
50.88 0.00309474 0.00369977
51 0.00341122 0.0037527
51.12 0.003714 0.0038122
51.24 0.00400294 0.00387787
51.36 0.00427802 0.00394923
51.48 0.00453934 0.00402577
51.6 0.0047871 0.00410694
51.72 0.00502157 0.00419217
51.84 0.00524316 0.00428089
51.96 0.00545233 0.00437251
52.08 0.00564963 0.00446645
52.2 0.00583568 0.00456211
52.32 0.00601114 0.00465895
52.44 0.00617674 0.00475641
52.56 0.00633321 0.00485398
52.68 0.00648133 0.00495118
52.8 0.00662186 0.00504757
52.92 0.00675557 0.00514273
53.04 0.00688322 0.00523632
53.16 0.0070055 0.00532801
53.28 0.00712311 0.00541754
53.4 0.00723666 0.00550471
53.52 0.0073467 0.00558934
53.64 0.00745373 0.00567133
53.76 0.00755815 0.00575061
53.88 0.00766029 0.00582717
54 0.00776037 0.00590105
54.12 0.00785853 0.00597232
54.24 0.00795481 0.00604109
54.36 0.00804915 0.00610753
54.48 0.00814139 0.00617183
54.6 0.0082313 0.0062342
54.72 0.00831852 0.0062949
54.84 0.00840264 0.00635417
54.96 0.00848315 0.00641232
55.08 0.00855948 0.00646962
55.2 0.00863099 0.00652639
55.32 0.00869699 0.00658291
55.44 0.00875676 0.00663947
55.56 0.00880953 0.00669638
55.68 0.00885452 0.00675389
55.8 0.00889095 0.00681226
55.92 0.00891803 0.00687173
56.04 0.008935 0.0069325
56.16 0.00894113 0.00699474
56.28 0.00893571 0.0070586
56.4 0.00891812 0.00712419
56.52 0.00888777 0.00719158
56.64 0.00884415 0.00726079
56.76 0.00878683 0.00733181
56.88 0.00871548 0.00740459
57 0.00862986 0.00747904
57.12 0.00852981 0.00755501
57.24 0.0084153 0.00763232
57.36 0.0082864 0.00771074
57.48 0.00814326 0.00779002
57.6 0.00798618 0.00786983
57.72 0.00781552 0.00794985
57.84 0.00763177 0.00802969
57.96 0.00743551 0.00810894
58.08 0.00722739 0.00818717
58.2 0.00700819 0.00826391
58.32 0.0067787 0.00833868
58.44 0.00653983 0.00841097
58.56 0.00629252 0.00848026
58.68 0.00603776 0.00854602
58.8 0.00577657 0.00860772
58.92 0.00550999 0.00866483
59.04 0.00523908 0.0087168
59.16 0.0049649 0.00876312
59.28 0.00468847 0.00880327
59.4 0.00441081 0.00883675
59.52 0.0041329 0.00886309
59.64 0.00385567 0.00888183
59.76 0.00358 0.00889256
59.88 0.00330667 0.00889488
60 0.00303644 0.00888843
60.12 0.00276996 0.00887291
60.24 0.00250778 0.00884804
60.36 0.00225039 0.0088136
60.48 0.00199817 0.0087694
60.6 0.00175141 0.00871532
60.72 0.00151028 0.00865129
60.84 0.0012749 0.00857729
60.96 0.00104526 0.00849334
61.08 0.000821262 0.00839956
61.2 0.000602748 0.00829607
61.32 0.00038946 0.0081831
61.44 0.000181074 0.00806091
61.56 -2.27963e-05 0.00792981
61.68 -0.000222594 0.00779018
61.8 -0.000418807 0.00764246
61.92 -0.000611958 0.00748713
62.04 -0.000802594 0.00732474
62.16 -0.000991275 0.00715585
62.28 -0.00117856 0.00698112
62.4 -0.00136501 0.0068012
62.52 -0.00155115 0.00661684
62.64 -0.00173749 0.00642876
62.76 -0.00192449 0.00623777
62.88 -0.00211255 0.00604469
63 -0.00230204 0.00585035
63.12 -0.00249323 0.00565562
63.24 -0.00268632 0.00546138
63.36 -0.00288146 0.00526853
63.48 -0.00307869 0.00507796
63.6 -0.00327795 0.00489058
63.72 -0.00347911 0.00470729
63.84 -0.00368194 0.00452897
63.96 -0.00388612 0.0043565
64.08 -0.00409124 0.00419075
64.2 -0.0042968 0.00403254
64.32 -0.00450221 0.00388269
64.44 -0.00470682 0.00374198
64.56 -0.00490989 0.00361112
64.68 -0.00511063 0.00349083
64.8 -0.00530818 0.00338173
64.92 -0.00550165 0.00328444
65.04 -0.0056901 0.00319948
65.16 -0.00587258 0.00312733
65.28 -0.00604811 0.00306841
65.4 -0.00621571 0.00302306
65.52 -0.00637441 0.00299158
65.64 -0.00652327 0.00297415
65.76 -0.00666136 0.00297093
65.88 -0.00678781 0.00298197
66 -0.00690179 0.00300726
66.12 -0.00700254 0.00304669
66.24 -0.00708936 0.00310011
66.36 -0.00716165 0.00316727
66.48 -0.00721887 0.00324784
66.6 -0.00726059 0.00334143
66.72 -0.00728648 0.00344756
66.84 -0.00729629 0.0035657
66.96 -0.00728991 0.00369523
67.08 -0.00726731 0.00383548
67.2 -0.00722857 0.00398572
67.32 -0.00717387 0.00414514
67.44 -0.00710352 0.00431291
67.56 -0.0070179 0.00448813
67.68 -0.00691749 0.00466987
67.8 -0.00680287 0.00485715
67.92 -0.0066747 0.00504897
68.04 -0.00653371 0.0052443
68.16 -0.0063807 0.00544209
68.28 -0.00621651 0.00564129
68.4 -0.00604206 0.00584084
68.52 -0.00585828 0.00603967
68.64 -0.00566614 0.00623674
68.76 -0.00546661 0.00643101
68.88 -0.0052607 0.00662147
69 -0.00504938 0.00680715
69.12 -0.00483362 0.0069871
69.24 -0.00461437 0.00716041
69.36 -0.00439255 0.00732625
69.48 -0.00416902 0.00748381
69.6 -0.00394462 0.00763236
69.72 -0.00372011 0.00777123
69.84 -0.00349619 0.00789982
69.96 -0.00327353 0.0080176
70.08 -0.00305268 0.00812412
70.2 -0.00283415 0.00821902
70.32 -0.00261838 0.008302
70.44 -0.00240572 0.00837287
70.56 -0.00219646 0.0084315
70.68 -0.00199082 0.00847786
70.8 -0.00178895 0.008512
70.92 -0.00159095 0.00853405
71.04 -0.00139684 0.00854422
71.16 -0.00120662 0.0085428
71.28 -0.00102022 0.00853015
71.4 -0.000837544 0.00850671
71.52 -0.000658471 0.00847297
71.64 -0.000482855 0.00842949
71.76 -0.000310538 0.00837688
71.88 -0.000141359 0.00831581
72 2.48384e-05 0.00824696
72.12 0.0001882 0.00817107
72.24 0.000348849 0.00808891
72.36 0.000506883 0.00800123
72.48 0.000662367 0.00790883
72.6 0.000815324 0.00781249
72.72 0.000965735 0.00771299
72.84 0.00111353 0.00761107
72.96 0.0012586 0.00750749
73.08 0.00140077 0.00740295
73.2 0.00153982 0.0072981
73.32 0.00167549 0.00719356
73.44 0.00180743 0.0070899
73.56 0.00193531 0.00698761
73.68 0.00205871 0.00688712
73.8 0.00217719 0.0067888
73.92 0.00229029 0.00669293
74.04 0.00239753 0.00659971
74.16 0.00249842 0.00650925
74.28 0.00259248 0.0064216
74.4 0.00267923 0.00633669
74.52 0.00275823 0.00625438
74.64 0.00282907 0.00617444
74.76 0.00289141 0.00609656
74.88 0.00294493 0.00602033
75 0.00298945 0.00594528
75.12 0.00302482 0.00587085
75.24 0.00305104 0.00579641
75.36 0.00306819 0.00572127
75.48 0.0030765 0.00564469
75.6 0.00307632 0.00556586
75.72 0.00306815 0.00548395
75.84 0.00305264 0.00539807
75.96 0.00303061 0.00530733
76.08 0.00300303 0.00521082
76.2 0.00297104 0.00510762
76.32 0.00293594 0.00499681
76.44 0.00289921 0.0048775
76.56 0.00286248 0.00474882
76.68 0.00282754 0.00460995
76.8 0.00279634 0.00446009
76.92 0.00277097 0.00429852
77.04 0.00275365 0.00412459
77.16 0.0027467 0.0039377
77.28 0.00275258 0.00373737
77.4 0.0027738 0.00352318
77.52 0.00281297 0.00329484
77.64 0.00287272 0.00305214
77.76 0.00295574 0.00279499
77.88 0.0030647 0.00252343
78 0.00320227 0.0022376
78.12 0.00337106 0.00193777
78.24 0.00357364 0.00162434
78.36 0.00381247 0.00129782
78.48 0.00408992 0.000958851
78.6 0.0044082 0.000608199
78.72 0.00476937 0.000246739
78.84 0.00517532 -0.000124536
78.96 0.00562772 -0.000504523
79.08 0.00612802 -0.000892017
79.2 0.00667744 -0.00128572
79.32 0.00727694 -0.00168423
79.44 0.00792721 -0.00208607
79.56 0.00862866 -0.00248972
79.68 0.00938139 -0.00289354
79.8 0.0101852 -0.00329587
79.92 0.0110397 -0.00369501
80.04 0.0119441 -0.0040892
80.16 0.0128972 -0.00447667
80.28 0.0138977 -0.00485563
80.4 0.0149439 -0.00522428
80.52 0.016034 -0.00558081
80.64 0.0171657 -0.00592343
80.76 0.0183367 -0.00625037
80.88 0.0195442 -0.00655986
81 0.0207854 -0.00685018
81.12 0.0220574 -0.00711962
81.24 0.023357 -0.00736652
81.36 0.0246808 -0.00758925
81.48 0.0260256 -0.00778622
81.6 0.0273879 -0.00795588
81.72 0.0287643 -0.00809671
81.84 0.0301515 -0.00820723
81.96 0.0315461 -0.00828599
82.08 0.0329448 -0.00833158
82.2 0.0343445 -0.00834258
82.32 0.0357422 -0.00831762
82.44 0.0371352 -0.00825531
82.56 0.0385208 -0.00815427
82.68 0.0398969 -0.00801312
82.8 0.0412613 -0.00783046
82.92 0.0426124 -0.00760485
83.04 0.0439488 -0.00733483
83.16 0.0452694 -0.00701889
83.28 0.0465737 -0.00665545
83.4 0.0478612 -0.00624291
83.52 0.0491323 -0.00577956
83.64 0.0503873 -0.00526365
83.76 0.0516272 -0.00469333
83.88 0.0528533 -0.00406668
84 0.0540673 -0.0033817
84.12 0.0552713 -0.0026363
84.24 0.0564677 -0.00182832
84.36 0.0576594 -0.00095552
84.48 0.0588495 -1.55995e-05
84.6 0.0600414 0.000993798
84.72 0.0612387 0.00207507
84.84 0.0624455 0.00323064
84.96 0.0636657 0.00446295
85.08 0.0649038 0.00577441
85.2 0.0661641 0.0071674
85.32 0.067451 0.00864423
85.44 0.0687691 0.0102071
85.56 0.0701228 0.0118582
85.68 0.0715165 0.0135993
85.8 0.0729545 0.0154321
85.92 0.0744408 0.0173583
86.04 0.0759794 0.0193789
86.16 0.0775739 0.0214947
86.28 0.0792275 0.0237064
86.4 0.0809433 0.0260139
86.52 0.0827238 0.0284169
86.64 0.0845711 0.0309144
86.76 0.0864869 0.033505
86.88 0.0884722 0.0361866
87 0.0905278 0.0389565
87.12 0.0926536 0.0418112
87.24 0.0948491 0.0447467
87.36 0.0971132 0.047758
87.48 0.0994442 0.0508394
87.6 0.10184 0.0539844
87.72 0.104297 0.0571856
87.84 0.106812 0.0604349
87.96 0.10938 0.0637229
88.08 0.111998 0.0670397
88.2 0.11466 0.0703744
88.32 0.11736 0.073715
88.44 0.120091 0.077049
88.56 0.122847 0.0803626
88.68 0.125621 0.0836414
88.8 0.128404 0.0868703
88.92 0.13119 0.0900331
89.04 0.133969 0.0931131
89.16 0.136734 0.0960929
89.28 0.139475 0.0989544
89.4 0.142185 0.101679
89.52 0.144853 0.104248
89.64 0.147472 0.106642
89.76 0.150033 0.10884
89.88 0.152526 0.110824
90 0.154944 0.112573
90.12 0.157278 0.114067
90.24 0.159521 0.115286
90.36 0.161666 0.116212
90.48 0.163704 0.116824
90.6 0.165629 0.117103
90.72 0.167436 0.117033
90.84 0.169119 0.116595
90.96 0.170673 0.115772
91.08 0.172093 0.11455
91.2 0.173377 0.112914
91.32 0.17452 0.110851
91.44 0.175521 0.108348
91.56 0.176379 0.105396
91.68 0.177092 0.101985
91.8 0.17766 0.0981077
91.92 0.178085 0.0937593
92.04 0.178367 0.0889356
92.16 0.178508 0.0836349
92.28 0.178511 0.0778571
92.4 0.17838 0.0716044
92.52 0.178118 0.0648808
92.64 0.17773 0.0576924
92.76 0.177221 0.0500476
92.88 0.176596 0.0419565
93 0.175862 0.0334316
93.12 0.175025 0.0244874
93.24 0.17409 0.0151402
93.36 0.173067 0.00540853
93.48 0.17196 -0.00468733
93.6 0.170778 -0.0151252
93.72 0.169529 -0.0258811
93.84 0.168219 -0.0369294
93.96 0.166855 -0.048243
94.08 0.165446 -0.0597932
94.2 0.163998 -0.0715502
94.32 0.162518 -0.0834827
94.44 0.161012 -0.0955587
94.56 0.159488 -0.107745
94.68 0.15795 -0.120008
94.8 0.156405 -0.132313
94.92 0.154858 -0.144626
95.04 0.153313 -0.156911
95.16 0.151774 -0.169134
95.28 0.150245 -0.181259
95.4 0.148729 -0.193252
95.52 0.147228 -0.205079
95.64 0.145745 -0.216705
95.76 0.14428 -0.228099
95.88 0.142835 -0.239227
96 0.14141 -0.25006
96.12 0.140003 -0.260568
96.24 0.138615 -0.270722
96.36 0.137244 -0.280495
96.48 0.135888 -0.289863
96.6 0.134545 -0.298801
96.72 0.133212 -0.307289
96.84 0.131886 -0.315306
96.96 0.130563 -0.322834
97.08 0.12924 -0.329858
97.2 0.127913 -0.336364
97.32 0.126578 -0.342339
97.44 0.125231 -0.347775
97.56 0.123867 -0.352663
97.68 0.122482 -0.356998
97.8 0.121071 -0.360778
97.92 0.119631 -0.363999
98.04 0.118158 -0.366663
98.16 0.116648 -0.368773
98.28 0.115096 -0.370332
98.4 0.1135 -0.371347
98.52 0.111857 -0.371826
98.64 0.110165 -0.371778
98.76 0.10842 -0.371214
98.88 0.106621 -0.370147
99 0.104767 -0.368589
99.12 0.102856 -0.366556
99.24 0.100889 -0.364064
99.36 0.0988662 -0.36113
99.48 0.0967874 -0.35777
99.6 0.0946541 -0.354003
99.72 0.092468 -0.349848
99.84 0.0902313 -0.345325
99.96 0.0879468 -0.340452
100.08 0.0856178 -0.33525
100.2 0.0832478 -0.329738
100.32 0.0808411 -0.323937
100.44 0.0784022 -0.317866
100.56 0.0759359 -0.311546
100.68 0.0734477 -0.304995
100.8 0.070943 -0.298233
100.92 0.0684277 -0.291278
101.04 0.065908 -0.28415
101.16 0.06339 -0.276866
101.28 0.0608802 -0.269445
101.4 0.058385 -0.261902
101.52 0.0559109 -0.254254
101.64 0.0534645 -0.246518
101.76 0.0510521 -0.238709
101.88 0.0486802 -0.230841
102 0.0463549 -0.22293
102.12 0.0440823 -0.21499
102.24 0.041868 -0.207034
102.36 0.0397175 -0.199075
102.48 0.0376362 -0.191126
102.6 0.0356287 -0.183199
102.72 0.0336995 -0.175307
102.84 0.0318527 -0.167462
102.96 0.0300919 -0.159675
103.08 0.0284203 -0.151958
103.2 0.0268405 -0.144322
103.32 0.0253549 -0.136779
103.44 0.0239651 -0.12934
103.56 0.0226724 -0.122017
103.68 0.0214775 -0.11482
103.8 0.0203808 -0.107762
103.92 0.0193819 -0.100853
104.04 0.0184803 -0.0941055
104.16 0.0176747 -0.087531
104.28 0.0169636 -0.0811412
104.4 0.0163449 -0.0749479
104.52 0.0158162 -0.068963
104.64 0.0153747 -0.0631984
104.76 0.0150172 -0.0576658
104.88 0.0147401 -0.0523773
105 0.0145398 -0.0473444
105.12 0.0144121 -0.0425787
105.24 0.0143526 -0.0380916
105.36 0.0143569 -0.0338941
105.48 0.0144202 -0.0299968
105.6 0.0145377 -0.0264099
105.72 0.0147043 -0.0231431
105.84 0.014915 -0.0202053
105.96 0.0151646 -0.0176049
106.08 0.0154479 -0.0153492
106.2 0.0157598 -0.0134448
106.32 0.0160949 -0.0118973
106.44 0.0164483 -0.0107108
106.56 0.0168147 -0.00988877
106.68 0.0171891 -0.00943293
106.8 0.0175665 -0.00934382
106.92 0.0179421 -0.00962049
107.04 0.0183112 -0.0102605
107.16 0.018669 -0.0112597
107.28 0.0190112 -0.0126124
107.4 0.0193333 -0.0143113
107.52 0.0196311 -0.0163472
107.64 0.0199005 -0.0187093
107.76 0.0201375 -0.0213849
107.88 0.0203384 -0.0243596
108 0.0204995 -0.0276175
108.12 0.0206173 -0.0311405
108.24 0.0206883 -0.0349093
108.36 0.0207094 -0.0389028
108.48 0.0206773 -0.0430982
108.6 0.0205891 -0.0474714
108.72 0.0204419 -0.051997
108.84 0.0202329 -0.0566481
108.96 0.0199596 -0.0613969
109.08 0.0196194 -0.0662143
109.2 0.0192099 -0.0710706
109.32 0.0187289 -0.0759352
109.44 0.0181743 -0.080777
109.56 0.0175442 -0.0855643
109.68 0.0168366 -0.0902656
109.8 0.01605 -0.094849
109.92 0.0151828 -0.0992827
110.04 0.0142338 -0.103535
110.16 0.0132018 -0.107576
110.28 0.0120861 -0.111376
110.4 0.0108859 -0.114903
110.52 0.00960101 -0.118132
110.64 0.0082313 -0.121034
110.76 0.00677704 -0.123584
110.88 0.00523886 -0.125759
111 0.00361773 -0.127535
111.12 0.00191505 -0.128894
111.24 0.000132636 -0.129816
111.36 -0.00172724 -0.130286
111.48 -0.00366179 -0.13029
111.6 -0.00566775 -0.129816
111.72 -0.00774127 -0.128856
111.84 -0.00987796 -0.127404
111.96 -0.0120728 -0.125456
112.08 -0.0143203 -0.12301
112.2 -0.016614 -0.12007
112.32 -0.0189473 -0.116638
112.44 -0.0213124 -0.112723
112.56 -0.0237013 -0.108334
112.68 -0.026105 -0.103483
112.8 -0.028514 -0.098186
112.92 -0.0309181 -0.0924596
113.04 -0.0333065 -0.0863241
113.16 -0.0356676 -0.0798015
113.28 -0.0379894 -0.0729161
113.4 -0.0402592 -0.0656945
113.52 -0.0424637 -0.0581648
113.64 -0.0445893 -0.050357
113.76 -0.0466218 -0.0423028
113.88 -0.0485465 -0.0340351
114 -0.0503485 -0.0255881
114.12 -0.0520126 -0.0169969
114.24 -0.0535233 -0.00829766
114.36 -0.054865 0.000473088
114.48 -0.056022 0.0092783
114.6 -0.0569788 0.0180807
114.72 -0.0577197 0.0268432
114.84 -0.0582295 0.0355286
114.96 -0.0584931 0.0441003
115.08 -0.0584958 0.0525224
115.2 -0.0582236 0.0607597
115.32 -0.0576628 0.0687778
115.44 -0.0568006 0.0765439
115.56 -0.0556249 0.0840261
115.68 -0.0541246 0.0911942
115.8 -0.0522895 0.0980197
115.92 -0.0501106 0.104476
116.04 -0.04758 0.110537
116.16 -0.0446912 0.116182
116.28 -0.0414388 0.121389
116.4 -0.0378193 0.126139
116.52 -0.0338303 0.130417
116.64 -0.0294712 0.134208
116.76 -0.0247432 0.137502
116.88 -0.019649 0.140289
117 -0.014193 0.142562
117.12 -0.00838175 0.144317
117.24 -0.00222328 0.145554
117.36 0.00427235 0.146271
117.48 0.0110933 0.146474
117.6 0.0182258 0.146166
117.72 0.0256544 0.145356
117.84 0.0333616 0.144053
117.96 0.0413284 0.142271
118.08 0.0495339 0.140022
118.2 0.0579556 0.137323
118.32 0.0665693 0.134191
118.44 0.0753496 0.130646
118.56 0.0842693 0.126709
118.68 0.0933002 0.122403
118.8 0.102413 0.117752
118.92 0.111576 0.11278
119.04 0.120759 0.107514
119.16 0.129929 0.10198
119.28 0.139053 0.0962063
119.4 0.148098 0.0902215
119.52 0.15703 0.0840541
119.64 0.165815 0.0777333
119.76 0.174418 0.0712885
119.88 0.182807 0.064749
120 0.190947 0.0581442
