-0.999 -4.46105e-05 -3.47898e-05
-0.998 -0.000187003 -0.000144467
-0.997 -0.000387116 -0.000323642
-0.996 -0.000574811 -0.00055354
-0.995 -0.000729319 -0.00081494
-0.994 -0.00094093 -0.00110017
-0.993 -0.00139663 -0.00141226
-0.992 -0.0022722 -0.00174837
-0.991 -0.00357721 -0.00207833
-0.99 -0.00504392 -0.00233555
-0.989 -0.00614367 -0.00243269
-0.988 -0.00626052 -0.00230387
-0.987 -0.00497852 -0.00196252
-0.986 -0.00236989 -0.00154942
-0.985 0.000864377 -0.00133595
-0.984 0.0035172 -0.00165949
-0.983 0.00426719 -0.00280572
-0.982 0.00220096 -0.00489053
-0.981 -0.00276189 -0.00779977
-0.98 -0.00974124 -0.0112156
-0.979 -0.0171451 -0.0147196
-0.978 -0.023232 -0.017938
-0.977 -0.026803 -0.0206797
-0.976 -0.0277483 -0.0230014
-0.975 -0.0271722 -0.0251439
-0.974 -0.0269674 -0.027338
-0.973 -0.028966 -0.0295736
-0.972 -0.0340219 -0.031465
-0.971 -0.0414293 -0.0323078
-0.97 -0.0489258 -0.0313176
-0.969 -0.053302 -0.027958
-0.968 -0.0514544 -0.0222363
-0.967 -0.0415698 -0.0148624
-0.966 -0.0240089 -0.00718358
-0.965 -0.00147632 -0.000855426
-0.964 0.0216749 0.00267277
-0.963 0.0407604 0.00265158
-0.962 0.0521809 -0.000731678
-0.961 0.0544234 -0.00649658
-0.96 0.0483644 -0.0133233
-0.959 0.0368468 -0.0200931
-0.958 0.0236563 -0.0262849
-0.957 0.0121856 -0.0320991
-0.956 0.00424732 -0.0382669
-0.955 -0.000483974 -0.0455915
-0.954 -0.00419781 -0.0543872
-0.953 -0.0100327 -0.0640823
-0.952 -0.0209316 -0.0732427
-0.951 -0.0386371 -0.0800877
-0.95 -0.063037 -0.0832846
-0.949 -0.0919881 -0.0826247
-0.948 -0.121705 -0.0792681
-0.947 -0.147665 -0.0754817
-0.946 -0.165752 -0.0739749
-0.945 -0.173307 -0.0770326
-0.944 -0.169864 -0.0857206
-0.943 -0.157469 -0.0994816
-0.942 -0.140458 -0.116363
-0.941 -0.124544 -0.133838
-0.94 -0.115225 -0.149806
-0.939 -0.115933 -0.163212
-0.938 -0.126538 -0.174022
-0.937 -0.142765 -0.182656
-0.936 -0.156837 -0.189211
-0.935 -0.15938 -0.192791
-0.934 -0.142346 -0.191246
-0.933 -0.1022 -0.181577
-0.932 -0.0421803 -0.16109
-0.931 0.0275767 -0.128903
-0.93 0.0924609 -0.0870243
-0.929 0.137687 -0.0403286
-0.928 0.153015 0.00457548
-0.927 0.136312 0.0410449
-0.926 0.0946574 0.0640507
-0.925 0.0423085 0.0713464
-0.924 -0.00421375 0.0638007
-0.923 -0.0324448 0.0445852
-0.922 -0.0393005 0.017329
-0.921 -0.0330536 -0.0158883
-0.92 -0.0308222 -0.0554735
-0.919 -0.0522241 -0.103574
-0.918 -0.111325 -0.162136
-0.917 -0.20972 -0.230843
-0.916 -0.333469 -0.305741
-0.915 -0.45553 -0.378936
-0.914 -0.543381 -0.439649
-0.913 -0.569472 -0.476821
-0.912 -0.520928 -0.482731
-0.911 -0.404982 -0.455991
-0.91 -0.247926 -0.402273
-0.909 -0.08748 -0.332338
-0.908 0.039255 -0.258528
-0.907 0.108218 -0.191266
-0.906 0.116399 -0.136573
-0.905 0.082155 -0.0950122
-0.904 0.0377269 -0.0624696
-0.903 0.0168357 -0.0330235
-0.902 0.0416765 -0.00295121
-0.901 0.113626 0.0262442
-0.9 0.210995 0.0476429
-0.899 0.295378 0.0516315
-0.898 0.325373 0.0299657
-0.897 0.27301 -0.0206308
-0.896 0.136152 -0.0963358
-0.895 -0.0584103 -0.186046
-0.894 -0.262233 -0.273624
-0.893 -0.419961 -0.342548
-0.892 -0.486703 -0.381427
-0.891 -0.442937 -0.387819
-0.89 -0.302268 -0.368492
-0.889 -0.108613 -0.336359
-0.888 0.0775627 -0.305832
-0.887 0.199633 -0.288378
-0.886 0.223916 -0.289321
-0.885 0.150141 -0.30662
-0.884 0.0100066 -0.332347
-0.883 -0.144854 -0.356706
-0.882 -0.261223 -0.372828
-0.881 -0.303305 -0.379846
-0.88 -0.266312 -0.382855
-0.879 -0.179407 -0.390298
-0.878 -0.0958304 -0.410323
-0.877 -0.0732807 -0.447362
-0.876 -0.151983 -0.499677
-0.875 -0.338655 -0.558764
-0.874 -0.601863 -0.611513
-0.873 -0.880178 -0.644703
-0.872 -1.10059 -0.649711
-0.871 -1.20159 -0.625048
-0.87 -1.15331 -0.576019
-0.869 -0.967846 -0.51252
-0.868 -0.695688 -0.446284
-0.867 -0.4096 -0.388011
-0.866 -0.18154 -0.344653
-0.865 -0.0599558 -0.317895
-0.864 -0.0545771 -0.30498
-0.863 -0.133929 -0.301383
-0.862 -0.237029 -0.303249
-0.861 -0.295561 -0.308007
-0.86 -0.258481 -0.313562
-0.859 -0.110154 -0.317695
-0.858 0.123755 -0.318381
-0.857 0.383675 -0.314296
-0.856 0.594189 -0.304724
-0.855 0.687878 -0.289425
-0.854 0.628173 -0.269323
-0.853 0.423084 -0.24746
-0.852 0.123693 -0.228715
-0.851 -0.192708 -0.217949
-0.85 -0.448353 -0.218054
-0.849 -0.59006 -0.229755
-0.848 -0.605697 -0.253309
-0.847 -0.527896 -0.290498
-0.846 -0.42421 -0.345436
-0.845 -0.37553 -0.424068
-0.844 -0.448181 -0.532763
-0.843 -0.668828 -0.675864
-0.842 -1.0119 -0.852211
-0.841 -1.4047 -1.05187
-0.84 -1.7483 -1.25511
-0.839 -1.94703 -1.43508
-0.838 -1.93695 -1.56346
-0.837 -1.70508 -1.61711
-0.836 -1.29413 -1.5834
-0.835 -0.790893 -1.46294
-0.834 -0.300902 -1.26876
-0.833 0.0832275 -1.02216
-0.832 0.309821 -0.746369
-0.831 0.383101 -0.460652
-0.83 0.35932 -0.177248
-0.829 0.324464 0.0978467
-0.828 0.361046 0.360915
-0.827 0.51576 0.605222
-0.826 0.778984 0.816569
-0.825 1.08258 0.971831
-0.824 1.31667 1.04198
-0.823 1.36134 0.999176
-0.822 1.12606 0.825496
-0.821 0.585369 0.519997
-0.82 -0.203083 0.101616
-0.819 -1.10848 -0.392996
-0.818 -1.96297 -0.91609
-0.817 -2.61074 -1.41823
-0.816 -2.95257 -1.85794
-0.815 -2.97282 -2.20839
-0.814 -2.74295 -2.459
-0.813 -2.40002 -2.61186
-0.812 -2.10243 -2.67537
-0.811 -1.97369 -2.65768
-0.81 -2.05517 -2.56241
-0.809 -2.28938 -2.38786
-0.808 -2.54169 -2.13011
-0.807 -2.65049 -1.78885
-0.806 -2.48618 -1.37357
-0.805 -1.99994 -0.907
-0.804 -1.24954 -0.424233
-0.803 -0.393006 0.0321893
-0.802 0.353914 0.419522
-0.801 0.787393 0.70259
-0.8 0.787417 0.860129
-0.799 0.36253 0.887998
-0.798 -0.350089 0.798087
-0.797 -1.12778 0.613237
-0.796 -1.7328 0.360559
-0.795 -1.98822 0.0658002
-0.794 -1.8374 -0.250194
-0.793 -1.36631 -0.572986
-0.792 -0.776417 -0.894096
-0.791 -0.314262 -1.20866
-0.79 -0.183645 -1.51184
-0.789 -0.473054 -1.79534
-0.788 -1.12294 -2.04614
-0.787 -1.94249 -2.24745
-0.786 -2.67087 -2.38118
-0.785 -3.06554 -2.43078
-0.784 -2.98962 -2.38495
-0.783 -2.46491 -2.24168
-0.782 -1.66832 -2.01143
-0.781 -0.872826 -1.71742
-0.78 -0.356812 -1.3923
-0.779 -0.312969 -1.07225
-0.778 -0.783761 -0.790245
-0.777 -1.6424 -0.569863
-0.776 -2.62917 -0.420868
-0.775 -3.43747 -0.33857
-0.774 -3.82148 -0.308182
-0.773 -3.68291 -0.312799
-0.772 -3.10272 -0.341597
-0.771 -2.31031 -0.394902
-0.77 -1.60685 -0.484435
-0.769 -1.26858 -0.628758
-0.768 -1.45534 -0.844677
-0.767 -2.14962 -1.13643
-0.766 -3.1515 -1.48677
-0.765 -4.13999 -1.85492
-0.764 -4.78168 -2.18338
-0.763 -4.84328 -2.41134
-0.762 -4.26592 -2.49008
-0.761 -3.18066 -2.39575
-0.76 -1.86803 -2.13632
-0.759 -0.674924 -1.75026
-0.758 0.0917315 -1.29571
-0.757 0.265615 -0.832939
-0.756 -0.121803 -0.407284
-0.755 -0.854651 -0.0399651
-0.754 -1.61332 0.270536
-0.753 -2.08976 0.538332
-0.752 -2.09529 0.775419
-0.751 -1.62802 0.977237
-0.75 -0.882281 1.11379
-0.749 -0.195018 1.13162
-0.748 0.0607646 0.96864
-0.747 -0.395442 0.576887
-0.746 -1.64696 -0.0569204
-0.745 -3.53875 -0.900646
-0.744 -5.71424 -1.87855
-0.743 -7.71734 -2.88499
-0.742 -9.12707 -3.80736
-0.741 -9.68415 -4.55245
-0.74 -9.36974 -5.06733
-0.739 -8.40742 -5.3455
-0.738 -7.18389 -5.41569
-0.737 -6.11515 -5.32049
-0.736 -5.50564 -5.09592
-0.735 -5.4468 -4.75832
-0.734 -5.78721 -4.30077
-0.733 -6.18555 -3.70049
-0.732 -6.2339 -2.93676
-0.731 -5.61262 -2.01417
-0.73 -4.22164 -0.979755
-0.729 -2.23652 0.0768048
-0.728 -0.0672322 1.04125
-0.727 1.76379 1.8015
-0.726 2.78227 2.27221
-0.725 2.71221 2.41196
-0.724 1.57013 2.23057
-0.723 -0.331722 1.78363
-0.722 -2.4823 1.15282
-0.721 -4.34019 0.418477
-0.72 -5.51231 -0.362781
-0.719 -5.87595 -1.16471
-0.718 -5.60381 -1.98234
-0.717 -5.09066 -2.81608
-0.716 -4.80963 -3.65681
-0.715 -5.14249 -4.47482
-0.714 -6.23637 -5.21502
-0.713 -7.93874 -5.80293
-0.712 -9.83958 -6.16283
-0.711 -11.4088 -6.24058
-0.71 -12.1763 -6.01927
-0.709 -11.8871 -5.52096
-0.708 -10.5832 -4.79756
-0.707 -8.58895 -3.91836
-0.706 -6.41058 -2.95733
-0.705 -4.5763 -1.97997
-0.704 -3.46898 -1.03322
-0.703 -3.20902 -0.145196
-0.702 -3.62999 0.664368
-0.701 -4.35175 1.372
-0.7 -4.9188 1.94684
-0.699 -4.95503 2.35622
-0.698 -4.28902 2.57238
-0.697 -3.01454 2.57445
-0.696 -1.46646 2.349
-0.695 -0.115907 1.89479
-0.694 0.580741 1.22848
-0.693 0.32511 0.383431
-0.692 -0.934152 -0.598308
-0.691 -2.98605 -1.67115
-0.69 -5.4124 -2.78124
-0.689 -7.69947 -3.85829
-0.688 -9.38126 -4.81716
-0.687 -10.1742 -5.57333
-0.686 -10.0561 -6.062
-0.685 -9.26047 -6.24897
-0.684 -8.19259 -6.13364
-0.683 -7.30244 -5.75006
-0.682 -6.95197 -5.1651
-0.681 -7.30341 -4.46567
-0.68 -8.2564 -3.73383
-0.679 -9.46449 -3.02293
-0.678 -10.443 -2.35214
-0.677 -10.7384 -1.72286
-0.676 -10.0954 -1.14318
-0.675 -8.56079 -0.644811
-0.674 -6.49343 -0.288539
-0.673 -4.48344 -0.159908
-0.672 -3.19531 -0.353392
-0.671 -3.16349 -0.941835
-0.67 -4.59762 -1.93804
-0.669 -7.27474 -3.26799
-0.668 -10.5758 -4.77423
-0.667 -13.6637 -6.25041
-0.666 -15.7386 -7.49062
-0.665 -16.2848 -8.33538
-0.664 -15.2323 -8.70372
-0.663 -12.9886 -8.60502
-0.662 -10.3167 -8.12454
-0.661 -8.08074 -7.38319
-0.66 -6.93501 -6.48572
-0.659 -7.07552 -5.48247
-0.658 -8.15824 -4.36364
-0.657 -9.41999 -3.08589
-0.656 -9.95769 -1.61538
-0.655 -9.06763 0.030026
-0.654 -6.53353 1.75218
-0.653 -2.76339 3.36919
-0.652 1.28901 4.64579
-0.651 4.4136 5.35436
-0.65 5.55186 5.34525
-0.649 4.17382 4.59599
-0.648 0.482972 3.21823
-0.647 -4.62653 1.42433
-0.646 -9.84674 -0.530007
-0.645 -13.8775 -2.40932
-0.644 -15.8551 -4.05319
-0.643 -15.6391 -5.40599
-0.642 -13.8424 -6.50776
-0.641 -11.5884 -7.44596
-0.64 -10.0828 -8.28984
-0.639 -10.1631 -9.04042
-0.638 -11.9835 -9.61859
-0.637 -14.9443 -9.89042
-0.636 -17.8911 -9.71415
-0.635 -19.523 -8.9932
-0.634 -18.8747 -7.7223
-0.633 -15.6934 -6.01198
-0.632 -10.5618 -4.07568
-0.631 -4.71983 -2.17641
-0.63 0.342414 -0.552771
-0.629 3.37328 0.642836
-0.628 3.76624 1.3708
-0.627 1.7536 1.69426
-0.626 -1.68069 1.74344
-0.625 -5.14957 1.66567
-0.624 -7.35707 1.57167
-0.623 -7.55565 1.49354
-0.622 -5.79554 1.37347
-0.621 -2.88453 1.0914
-0.62 -0.0890616 0.517937
-0.619 1.31088 -0.433185
-0.618 0.464157 -1.77165
-0.617 -2.75544 -3.42113
-0.616 -7.69999 -5.23258
-0.615 -13.1669 -7.01825
-0.614 -17.81 -8.60002
-0.613 -20.5884 -9.85569
-0.612 -21.0914 -10.7435
-0.611 -19.6384 -11.2956
-0.61 -17.1345 -11.5889
-0.609 -14.7386 -11.708
-0.608 -13.457 -11.7089
-0.607 -13.7963 -11.5919
-0.606 -15.5946 -11.2926
-0.605 -18.086 -10.7003
-0.604 -20.168 -9.70258
-0.603 -20.7716 -8.23451
-0.602 -19.2122 -6.31405
-0.601 -15.4201 -4.05343
-0.6 -9.98219 -1.65036
-0.599 -3.97925 0.639566
-0.598 1.33069 2.55048
-0.597 4.87807 3.86657
-0.596 6.07604 4.47259
-0.595 4.95742 4.37134
-0.594 2.13055 3.66464
-0.593 -1.42012 2.51404
-0.592 -4.63532 1.09903
-0.591 -6.70661 -0.421578
-0.59 -7.32443 -1.94223
-0.589 -6.7569 -3.42496
-0.588 -5.72797 -4.88081
-0.587 -5.143 -6.32199
-0.586 -5.76143 -7.71228
-0.585 -7.91907 -8.94486
-0.584 -11.3744 -9.85551
-0.583 -15.3255 -10.2591
-0.582 -18.6156 -9.99675
-0.581 -20.0892 -8.98951
-0.58 -18.988 -7.28604
-0.579 -15.2419 -5.08317
-0.578 -9.54188 -2.69855
-0.577 -3.17008 -0.500573
-0.576 2.35583 1.17526
-0.575 5.71477 2.09345
-0.574 6.17068 2.15624
-0.573 3.80122 1.41139
-0.572 -0.520568 0.0278534
-0.571 -5.40895 -1.75986
-0.57 -9.42835 -3.72167
-0.569 -11.5727 -5.68598
-0.568 -11.5877 -7.55611
-0.567 -10.0264 -9.29187
-0.566 -8.02572 -10.8749
-0.565 -6.88403 -12.2723
-0.564 -7.57419 -13.405
-0.563 -10.3497 -14.1311
-0.562 -14.5859 -14.2612
-0.561 -18.9335 -13.612
-0.56 -21.7493 -12.0749
-0.559 -21.6606 -9.66817
-0.558 -18.0627 -6.55369
-0.557 -11.374 -3.02468
-0.556 -2.96215 0.528941
-0.555 5.2372 3.67914
-0.554 11.293 6.04163
-0.553 13.8667 7.35796
-0.552 12.6225 7.54253
-0.551 8.31332 6.67707
-0.55 2.50828 4.96711
-0.549 -2.9416 2.68634
-0.548 -6.51495 0.119628
-0.547 -7.50722 -2.4954
-0.546 -6.2405 -5.0166
-0.545 -3.92786 -7.40907
-0.544 -2.22899 -9.70604
-0.543 -2.63941 -11.9383
-0.542 -5.92745 -14.0712
-0.541 -11.8224 -15.9768
-0.54 -19.0589 -17.4421
-0.539 -25.7507 -18.2069
-0.538 -29.9716 -18.0296
-0.537 -30.3704 -16.7769
-0.536 -26.6358 -14.5052
-0.535 -19.6503 -11.4923
-0.534 -11.2522 -8.19085
-0.533 -3.66726 -5.12063
-0.532 1.19442 -2.7359
-0.531 2.3313 -1.30807
-0.53 -0.0477089 -0.851892
-0.529 -4.5877 -1.11995
-0.528 -9.19977 -1.68124
-0.527 -11.7234 -2.06998
-0.526 -10.6566 -1.95165
-0.525 -5.70731 -1.23956
-0.524 2.0575 -0.120066
-0.523 10.5359 1.01666
-0.522 17.2703 1.71507
-0.521 20.2409 1.62199
-0.52 18.5242 0.630627
-0.519 12.627 -1.05846
-0.518 4.37763 -2.9979
-0.517 -3.6366 -4.65974
-0.516 -8.94202 -5.63874
-0.515 -10.0615 -5.81104
-0.514 -7.06561 -5.39367
-0.513 -1.57863 -4.8872
-0.512 3.76055 -4.91322
-0.511 6.19498 -5.98701
-0.51 3.82193 -8.29994
-0.509 -3.66595 -11.603
-0.508 -14.7372 -15.2515
-0.507 -26.4131 -18.3977
-0.506 -35.2067 -20.2566
-0.505 -38.2887 -20.3467
-0.504 -34.4589 -18.6344
-0.503 -24.5816 -15.539
-0.502 -11.3405 -11.7937
-0.501 1.61538 -8.19647
-0.5 10.868 -5.33874
-0.499 14.3768 -3.4192
-0.498 12.1624 -2.22033
-0.497 6.25778 -1.24855
-0.496 -0.0655343 0.0273496
-0.495 -3.51078 1.93169
-0.494 -1.97402 4.4152
-0.493 4.64866 7.02346
-0.492 14.3476 9.02116
-0.491 23.6482 9.64053
-0.49 28.8272 8.36595
-0.489 27.2725 5.14201
-0.488 18.476 0.424486
-0.487 4.28668 -4.9395
-0.486 -11.6542 -9.95439
-0.485 -25.0791 -13.7603
-0.484 -32.4693 -15.8692
-0.483 -32.1953 -16.2771
-0.482 -25.0384 -15.4153
-0.481 -13.8878 -13.9583
-0.48 -2.70363 -12.5662
-0.479 4.87289 -11.6629
-0.478 6.73753 -11.325
-0.477 2.94471 -11.3065
-0.476 -4.43455 -11.1786
-0.475 -12.1205 -10.5303
-0.474 -16.8148 -9.15863
-0.473 -16.3815 -7.17572
-0.472 -10.613 -4.99127
-0.471 -1.29769 -3.17787
-0.47 8.43222 -2.27861
-0.469 15.2093 -2.63133
-0.468 16.5742 -4.26397
-0.467 11.7666 -6.88335
-0.466 1.94642 -9.95352
-0.465 -10.1894 -12.8392
-0.464 -21.2569 -14.9705
-0.463 -28.2323 -15.9761
-0.462 -29.3519 -15.7448
-0.461 -24.573 -14.4097
-0.46 -15.4762 -12.2811
-0.459 -4.69277 -9.75877
-0.458 4.92029 -7.24402
-0.457 11.1045 -5.06101
-0.456 12.802 -3.4015
-0.455 10.3809 -2.30538
-0.454 5.43597 -1.6797
-0.453 0.240467 -1.34592
-0.452 -2.96812 -1.10165
-0.451 -2.6607 -0.789275
-0.45 1.52426 -0.362607
-0.449 8.64228 0.0694864
-0.448 16.6687 0.250086
-0.447 23.054 -0.154704
-0.446 25.472 -1.43588
-0.445 22.5472 -3.71137
-0.444 14.3406 -6.83011
-0.443 2.44644 -10.3481
-0.442 -10.3507 -13.6004
-0.441 -20.8069 -15.8685
-0.44 -26.1747 -16.6013
-0.439 -25.1088 -15.6161
-0.438 -18.2007 -13.1973
-0.437 -7.90852 -10.0452
-0.436 2.14413 -7.08127
-0.435 8.29996 -5.16467
-0.434 8.08439 -4.80764
-0.433 1.12239 -5.98661
-0.432 -10.5718 -8.12867
-0.431 -23.1036 -10.2984
-0.43 -31.9214 -11.5301
-0.429 -33.379 -11.1851
-0.428 -26.08 -9.20021
-0.427 -11.4947 -6.13254
-0.426 6.39973 -2.97843
-0.425 22.3624 -0.822959
-0.424 31.625 -0.43592
-0.423 31.5551 -1.95957
-0.422 22.6615 -4.81553
-0.421 8.53177 -7.88255
-0.42 -5.35098 -9.89004
-0.419 -13.5375 -9.88579
-0.418 -12.6002 -7.60791
-0.417 -2.45486 -3.62429
-0.416 13.475 0.816964
-0.415 29.3378 4.1845
-0.414 38.8356 5.17878
-0.413 37.4431 3.18517
-0.412 24.0888 -1.5027
-0.411 1.67497 -7.77437
-0.41 -23.7906 -14.0756
-0.409 -45.1724 -18.9303
-0.408 -56.611 -21.4291
-0.407 -55.504 -21.5125
-0.406 -43.3634 -19.9482
-0.405 -25.2406 -18.0116
-0.404 -7.92298 -16.9836
-0.403 2.45623 -17.6578
-0.402 2.55545 -20.0342
-0.401 -7.03318 -23.3054
-0.4 -22.0277 -26.1324
-0.399 -35.9968 -27.1138
-0.398 -42.6597 -25.2886
-0.397 -38.1405 -20.4955
-0.396 -22.3741 -13.4579
-0.395 0.829522 -5.56585
-0.394 25.0614 1.56147
-0.393 43.4513 6.56985
-0.392 50.9168 8.75449
-0.391 45.7798 8.22355
-0.39 30.2405 5.80207
-0.389 9.57671 2.71194
-0.388 -9.64989 0.136272
-0.387 -21.7657 -1.17804
-0.386 -23.7907 -1.14031
-0.385 -16.2814 -0.292245
-0.384 -2.97818 0.428641
-0.383 10.5601 0.0389318
-0.382 18.8429 -2.14291
-0.381 18.2448 -6.24854
-0.38 8.15869 -11.7832
-0.379 -8.83715 -17.7491
-0.378 -27.8272 -22.93
-0.377 -43.1341 -26.2412
-0.376 -50.1092 -27.0271
-0.375 -46.5754 -25.2253
-0.374 -33.4911 -21.3641
-0.373 -14.6453 -16.4089
-0.372 4.50752 -11.4947
-0.371 18.5107 -7.61246
-0.37 23.5544 -5.33994
-0.369 18.6158 -4.70198
-0.368 5.76147 -5.20178
-0.367 -10.4787 -6.0087
-0.366 -24.5038 -6.24502
-0.365 -31.4184 -5.29288
-0.364 -28.6516 -3.0356
-0.363 -16.8728 0.0486801
-0.362 0.141203 2.9923
-0.361 16.6657 4.6269
-0.36 26.8408 3.96833
-0.359 26.5712 0.572573
-0.358 14.9463 -5.25525
-0.357 -5.26979 -12.4743
-0.356 -28.3183 -19.5579
-0.355 -47.1938 -24.922
-0.354 -55.9442 -27.4079
-0.353 -51.7153 -26.6507
-0.352 -35.7781 -23.1926
-0.351 -13.1708 -18.2966
-0.35 8.90583 -13.5211
-0.349 23.4134 -10.2022
-0.348 25.8119 -9.01278
-0.347 15.6622 -9.74529
-0.346 -3.11076 -11.4041
-0.345 -23.5092 -12.5937
-0.344 -37.9311 -12.0784
-0.343 -40.9186 -9.30034
-0.342 -31.1568 -4.65323
-0.341 -12.0063 0.593473
-0.34 9.58589 4.68768
-0.339 25.4149 5.96821
-0.338 28.8365 3.43103
-0.337 17.1425 -2.89604
-0.336 -7.36416 -11.905
-0.335 -38.0438 -21.7248
-0.334 -66.1406 -30.307
-0.333 -83.7408 -36.0628
-0.332 -86.3932 -38.3153
-0.331 -74.4838 -37.4176
-0.33 -52.9381 -34.5262
-0.329 -29.4003 -31.1359
-0.328 -11.5402 -28.5366
-0.327 -4.4368 -27.3682
-0.326 -8.95508 -27.4209
-0.325 -21.6539 -27.7569
-0.324 -36.1851 -27.1105
-0.323 -45.6294 -24.3986
-0.322 -44.9398 -19.139
-0.321 -32.6657 -11.637
-0.32 -11.3962 -2.90746
-0.319 13.1915 5.61363
-0.318 34.2833 12.4679
-0.317 46.1352 16.5696
-0.316 45.7681 17.4795
-0.315 33.6788 15.471
-0.314 13.4827 11.3826
-0.313 -9.29578 6.33173
-0.312 -28.901 1.40327
-0.311 -41.0052 -2.60721
-0.31 -43.8467 -5.35251
-0.309 -38.5074 -6.97843
-0.308 -28.3281 -8.04602
-0.307 -17.7749 -9.34526
-0.306 -11.1683 -11.6474
-0.305 -11.5625 -15.4628
-0.304 -19.9359 -20.8575
-0.303 -34.8279 -27.3619
-0.302 -52.5873 -34.0021
-0.301 -68.2854 -39.487
-0.3 -77.0964 -42.5396
-0.299 -75.7309 -42.2861
-0.298 -63.4962 -38.5666
-0.297 -42.7014 -32.0485
-0.296 -18.278 -24.0932
-0.295 3.39418 -16.3989
-0.294 16.2961 -10.4995
-0.293 16.7715 -7.25326
-0.292 5.02462 -6.50692
-0.291 -14.5752 -7.11182
-0.29 -34.6754 -7.34276
-0.289 -47.3185 -5.58626
-0.288 -46.7434 -1.03662
-0.287 -31.6462 5.86474
-0.286 -6.08029 13.4115
-0.285 21.44 19.0682
-0.284 40.5258 20.262
-0.283 42.4785 15.3049
-0.282 23.6317 4.11492
-0.281 -12.8347 -11.5785
-0.28 -57.4735 -28.6813
-0.279 -97.5273 -43.695
-0.278 -121.294 -53.837
-0.277 -122.318 -57.9144
-0.276 -101.834 -56.6499
-0.275 -68.5272 -52.344
-0.274 -35.5773 -47.97
-0.273 -15.9384 -45.9955
-0.272 -17.4805 -47.364
-0.271 -39.7944 -51.0543
-0.27 -73.9926 -54.4299
-0.269 -105.782 -54.27
-0.268 -120.78 -48.0893
-0.267 -110.068 -35.237
-0.266 -73.8319 -17.355
-0.265 -21.6674 1.98871
-0.264 30.582 18.3808
-0.263 66.3227 27.9919
-0.262 74.0943 28.8459
-0.261 51.7336 21.4658
-0.26 7.2591 8.65024
-0.259 -43.9587 -5.54184
-0.258 -84.7747 -17.2206
-0.257 -102.497 -23.9686
-0.256 -93.3657 -25.5361
-0.255 -63.6003 -23.691
-0.254 -26.7035 -21.3172
-0.253 1.83091 -21.1361
-0.252 10.3807 -24.547
-0.251 -4.50393 -31.0174
-0.25 -36.8911 -38.2395
-0.249 -73.7777 -42.9948
-0.248 -100.061 -42.4012
-0.247 -104.284 -35.0606
-0.246 -82.9411 -21.663
-0.245 -41.7037 -4.8233
-0.244 6.80622 11.765
-0.243 47.6967 24.5137
-0.242 69.0673 31.0176
-0.241 65.9125 30.6615
-0.24 41.3611 24.5889
-0.239 4.97605 15.092
-0.238 -31.0977 4.68859
-0.237 -56.6166 -4.75176
-0.236 -66.669 -12.5137
-0.235 -62.8312 -19.0207
-0.234 -51.7664 -25.3601
-0.233 -42.0198 -32.5918
-0.232 -40.4349 -41.1485
-0.231 -49.643 -50.5678
-0.23 -67.4979 -59.6377
-0.229 -88.4273 -66.8495
-0.228 -105.893 -70.9309
-0.227 -114.847 -71.2341
-0.226 -113.278 -67.8596
-0.225 -102.421 -61.5193
-0.224 -85.7434 -53.2305
-0.223 -67.2818 -43.9821
-0.222 -50.108 -34.5154
-0.221 -35.6384 -25.3155
-0.22 -24.0202 -16.7869
-0.219 -15.178 -9.45904
-0.218 -9.67571 -4.027
-0.217 -8.74002 -1.15464
-0.216 -13.427 -1.1502
-0.215 -23.5056 -3.71572
-0.214 -36.7706 -7.91687
-0.213 -49.2366 -12.4027
-0.212 -56.2708 -15.819
-0.211 -54.3875 -17.3096
-0.21 -43.1092 -16.9355
-0.209 -26.0103 -15.7915
-0.208 -10.1008 -15.6566
-0.207 -3.37803 -18.245
-0.206 -11.4123 -24.3825
-0.205 -34.5258 -33.5027
-0.204 -66.9546 -43.7026
-0.203 -98.4815 -52.3339
-0.202 -117.98 -56.9113
-0.201 -117.618 -56.0355
-0.2 -96.224 -50.0106
-0.199 -60.45 -40.8719
-0.198 -22.9324 -31.7137
-0.197 2.22076 -25.5095
-0.196 5.00378 -23.898
-0.195 -16.1596 -26.4621
-0.194 -53.2484 -30.8118
-0.193 -91.2411 -33.4441
-0.192 -113.554 -31.0665
-0.191 -108.328 -21.9146
-0.19 -73.2433 -6.59271
-0.189 -17.0005 11.9151
-0.188 43.309 29.1264
-0.187 88.1614 40.542
-0.186 102.722 43.1744
-0.185 82.3996 36.5485
-0.184 34.6668 22.807
-0.183 -23.625 5.88926
-0.182 -72.4822 -9.9172
-0.181 -96.2483 -21.5195
-0.18 -89.4734 -28.0695
-0.179 -58.8733 -31.1121
-0.178 -20.6026 -33.7889
-0.177 6.057 -39.4365
-0.176 6.12814 -50.1268
-0.175 -25.2709 -65.6794
-0.174 -80.8376 -83.4952
-0.173 -143.473 -99.2956
-0.172 -192.377 -108.54
-0.171 -210.667 -108.017
-0.17 -191.565 -96.9935
-0.169 -140.704 -77.4757
-0.168 -73.7581 -53.5253
-0.167 -10.5949 -29.9627
-0.166 31.6116 -10.9507
-0.165 43.8623 1.09376
-0.164 27.7602 5.96686
-0.163 -5.74819 5.41343
-0.162 -40.8522 2.23008
-0.161 -62.9822 -0.928153
-0.16 -64.1698 -2.55892
-0.159 -45.5165 -2.74583
-0.158 -15.9769 -2.90982
-0.157 11.6249 -5.07883
-0.156 25.4531 -11.0146
-0.155 18.6263 -21.49
-0.154 -8.747 -35.8933
-0.153 -49.8161 -52.2403
-0.152 -93.332 -67.6008
-0.151 -127.334 -78.8387
-0.15 -142.882 -83.4378
-0.149 -136.46 -80.1435
-0.148 -110.352 -69.2355
-0.147 -71.2558 -52.4058
-0.146 -28.0464 -32.3494
-0.145 10.464 -12.2013
-0.144 37.3324 5.08606
-0.143 48.7401 17.3472
-0.142 44.6221 23.6683
-0.141 28.5344 24.548
-0.14 6.6934 21.6408
-0.139 -13.6622 17.1274
-0.138 -26.2156 12.9287
-0.137 -27.3649 10.0417
-0.136 -17.4385 8.20188
-0.135 -0.996006 5.95215
-0.134 14.0326 1.12276
-0.133 18.4754 -8.3504
-0.132 5.04215 -23.4637
-0.131 -28.459 -43.3929
-0.13 -77.1941 -65.3403
-0.129 -129.851 -85.1677
-0.128 -171.857 -98.6372
-0.127 -190.239 -102.794
-0.126 -178.332 -96.9917
-0.125 -138.651 -83.2223
-0.124 -82.8572 -65.6255
-0.123 -28.5493 -49.2732
-0.122 6.44822 -38.5416
-0.121 10.5649 -35.6074
-0.12 -16.7518 -39.6716
-0.119 -64.2019 -47.2871
-0.118 -112.441 -53.7071
-0.117 -141.219 -54.7369
-0.116 -137.067 -48.3699
-0.115 -98.567 -35.5958
-0.114 -37.2113 -20.0827
-0.113 26.5225 -6.84597
-0.112 70.5492 -0.380322
-0.111 79.3926 -2.94276
-0.11 50.1874 -13.6295
-0.109 -5.91442 -28.6131
-0.108 -67.6796 -42.4888
-0.107 -111.757 -50.2635
-0.106 -121.634 -49.2334
-0.105 -93.9676 -39.9853
-0.104 -39.6739 -26.0956
-0.103 20.5501 -12.6847
-0.102 64.2279 -4.47558
-0.101 75.3509 -4.13875
-0.1 49.9136 -11.47
-0.099 -2.94202 -23.5865
-0.098 -64.4221 -36.0274
-0.097 -113.089 -44.4025
-0.096 -132.901 -45.9969
-0.095 -119.015 -40.6577
-0.094 -78.8014 -30.5697
-0.093 -27.8587 -19.0983
-0.092 16.6999 -9.35086
-0.091 42.5081 -3.12465
-0.09 45.5149 -0.561447
-0.089 30.2369 -0.447687
-0.088 7.13409 -0.934138
-0.087 -11.9153 -0.411565
-0.086 -18.4673 1.77094
-0.085 -10.6462 5.06785
-0.084 6.93042 8.10632
-0.083 26.1703 9.43386
-0.082 39.523 8.1862
-0.081 42.7925 4.30994
-0.08 35.7045 -1.70886
-0.079 20.5869 -9.37261
-0.078 0.24552 -18.6121
-0.077 -23.8002 -29.8604
-0.076 -51.7715 -43.6647
-0.075 -84.4049 -59.9981
-0.074 -120.723 -77.6554
-0.073 -156.323 -94.1327
-0.072 -183.528 -106.15
-0.071 -193.691 -110.671
-0.07 -180.854 -106.096
-0.069 -145.398 -93.2167
-0.068 -96.0049 -75.4611
-0.067 -48.2768 -58.0679
-0.066 -19.4106 -46.217
-0.065 -20.6248 -42.845
-0.064 -51.1423 -47.2574
-0.063 -97.2188 -55.2999
-0.062 -136.909 -60.9948
-0.061 -148.379 -58.9046
-0.06 -118.615 -46.3863
-0.059 -49.7682 -25.0501
-0.058 39.2218 -0.811642
-0.057 117.647 17.8802
-0.056 154.41 23.3325
-0.055 131.578 12.0786
-0.054 53.4333 -13.2159
-0.053 -53.7925 -44.395
-0.052 -151.309 -70.6541
-0.051 -201.995 -82.3543
-0.05 -184.171 -74.4772
-0.049 -100.474 -48.6416
-0.048 21.439 -12.8727
-0.047 137.945 21.1536
-0.046 206.049 42.5883
-0.045 200.896 45.7413
-0.044 126.185 32.3126
-0.043 12.9561 10.6279
-0.042 -92.3035 -7.66187
-0.041 -145.301 -12.1134
-0.04 -121.015 2.32216
-0.039 -24.1195 32.9881
-0.038 111.747 70.1817
-0.037 236.562 100.78
-0.036 303.526 113.351
-0.035 287.153 102.503
-0.034 192.502 70.7714
-0.033 52.8565 27.6327
-0.032 -82.538 -13.8521
-0.031 -166.586 -41.7054
-0.03 -172.402 -49.5257
-0.029 -104.198 -38.9683
-0.028 4.61478 -18.8567
-0.027 105.929 -1.19213
-0.026 156.882 3.90041
-0.025 135.827 -8.08474
-0.024 48.7642 -34.7791
-0.023 -74.0503 -68.0565
-0.022 -189.224 -96.9519
-0.021 -256.213 -111.709
-0.02 -253.434 -107.743
-0.019 -187.334 -87.6684
-0.018 -88.7823 -60.0207
-0.017 1.77412 -35.2585
-0.016 51.8026 -21.3662
-0.015 48.0835 -21.2164
-0.014 -1.01771 -32.2547
-0.013 -70.6019 -47.9287
-0.012 -129.044 -60.2206
-0.011 -150.373 -62.7762
-0.01 -125.406 -53.6634
-0.009 -65.7784 -36.2485
-0.008 2.61506 -17.3422
-0.007 53.1457 -3.65393
-0.006 70.5026 1.23085
-0.005 55.3609 -2.10093
-0.004 21.6561 -9.71769
-0.003 -10.509 -16.2312
-0.002 -23.6405 -17.0792
-0.001 -10.9235 -10.6193
0 19.9851 0.89251
0.001 50.8692 12.3639
0.002 63.5244 18.7107
0.003 50.3206 17.6978
0.004 18.1019 10.9975
0.005 -15.6162 3.20399
0.006 -30.7241 -0.269836
0.007 -13.2971 4.51864
0.008 37.3114 18.1506
0.009 105.751 37.0198
0.01 165.355 54.3892
0.011 190.212 63.4267
0.012 168.699 60.7644
0.013 110.034 48.3555
0.014 40.2337 32.5914
0.015 -9.03959 21.5271
0.016 -12.869 21.7378
0.017 37.1005 35.7762
0.018 127.609 60.7392
0.019 226.068 88.5897
0.02 291.981 108.812
0.021 294.466 112.831
0.022 227.115 98.0308
0.023 111.582 69.0278
0.024 -11.5126 35.6319
0.025 -98.7188 8.85987
0.026 -119.767 -3.13005
0.027 -68.6898 2.03006
0.028 32.7885 19.8004
0.029 141.713 40.0006
0.03 209.904 50.5769
0.031 203.936 42.6806
0.032 119.643 14.6709
0.033 -16.008 -27
0.034 -155.835 -70.2872
0.035 -250.538 -102.071
0.036 -266.832 -112.849
0.037 -199.717 -100.102
0.038 -74.7874 -69.2783
0.039 61.0458 -31.8797
0.04 157.691 -1.08624
0.041 181.517 13.3776
0.042 127.933 8.87274
0.043 22.0858 -9.50442
0.044 -91.6084 -31.2524
0.045 -166.585 -44.6764
0.046 -171.8 -41.4427
0.047 -103.627 -19.8869
0.048 12.9463 14.2378
0.049 134.797 50.0228
0.05 218.23 75.766
0.051 235.612 83.4585
0.052 184.409 71.5296
0.053 86.4441 45.061
0.054 -21.0391 13.7506
0.055 -99.1957 -11.5631
0.056 -121.835 -22.7318
0.057 -84.8046 -17.1389
0.058 -6.21544 1.68239
0.059 82.6808 25.9917
0.06 151.112 47.3363
0.061 180.193 59.8364
0.062 167.921 61.9348
0.063 127.492 56.3212
0.064 80.8784 48.4548
0.065 50.0704 44.2973
0.066 48.7481 47.9442
0.067 77.5435 60.0053
0.068 125.073 77.4718
0.069 174.029 95.1439
0.07 208.811 107.826
0.071 220.855 112.172
0.072 209.969 107.475
0.073 182.294 95.3857
0.074 146.577 78.9411
0.075 110.47 61.3711
0.076 78.2358 45.0897
0.077 50.6523 31.2127
0.078 26.7989 19.7294
0.079 6.35594 10.1379
0.08 -9.13556 2.11987
0.081 -16.7411 -4.12559
0.082 -13.9565 -8.01126
0.083 -0.912883 -9.0349
0.084 18.2393 -7.31369
0.085 35.8765 -3.8406
0.086 43.7477 -0.221693
0.087 37.0589 2.05365
0.088 17.5668 2.41849
0.089 -6.29531 1.6133
0.09 -22.542 1.4058
0.091 -20.5266 3.79745
0.092 4.46251 10.0835
0.093 48.502 20.1064
0.094 99.238 31.9631
0.095 139.458 42.3856
0.096 153.396 47.8493
0.097 133.522 46.08
0.098 84.5886 37.2602
0.099 22.6523 24.2511
0.1 -30.7331 11.6456
0.101 -56.6084 4.07847
0.102 -45.6892 4.51087
0.103 -1.92434 13.1062
0.104 58.62 27.052
0.105 113.317 41.4314
0.106 141.281 50.9477
0.107 131.439 51.9361
0.108 87.0632 43.85
0.109 24.7064 29.5462
0.11 -32.1441 14.2163
0.111 -62.077 3.42252
0.112 -53.7943 1.04392
0.113 -10.107 7.91256
0.114 53.4513 21.6046
0.115 114.655 37.4266
0.116 152.868 50.2125
0.117 156.485 56.2574
0.118 126.912 54.6701
0.119 77.7133 47.6535
0.12 29.3188 39.6162
0.121 1.26835 35.4497
0.122 4.99796 38.6222
0.123 39.9732 49.8248
0.124 94.5141 66.6882
0.125 150.604 84.6367
0.126 190.448 98.474
0.127 202.262 104.064
0.128 183.524 99.5423
0.129 141.006 85.7503
0.13 87.8588 65.8208
0.131 38.8313 44.077
0.132 5.34087 24.6118
0.133 -7.7966 10.0634
0.134 -2.91596 1.04613
0.135 12.4786 -3.6096
0.136 29.0177 -6.03015
0.137 38.6696 -8.31128
0.138 36.9037 -11.7318
0.139 23.5342 -16.3471
0.14 2.36471 -21.0036
0.141 -20.0971 -23.7408
0.142 -36.5015 -22.4745
0.143 -40.6466 -15.7439
0.144 -29.1139 -3.25835
0.145 -2.17179 13.9372
0.146 36.182 33.6802
0.147 78.9252 53.1521
0.148 117.295 69.4262
0.149 142.572 80.0083
0.15 148.271 83.3215
0.151 132.302 79.066
0.152 98.286 68.3434
0.153 55.1319 53.4448
0.154 14.6352 37.3031
0.155 -12.1926 22.7552
0.156 -18.718 11.8398
0.157 -4.95396 5.34586
0.158 22.2283 2.72849
0.159 51.1267 2.4172
0.16 69.1287 2.46323
0.161 67.49 1.37688
0.162 45.2284 -1.12042
0.163 10.28 -3.77153
0.164 -22.961 -4.11728
0.165 -38.9294 0.571435
0.166 -26.8942 12.1241
0.167 14.6426 30.5369
0.168 76.7308 53.63
0.169 142.396 77.4236
0.17 192.067 97.1528
0.171 210.361 108.658
0.172 191.809 109.721
0.173 143.168 100.837
0.174 81.1188 85.0494
0.175 26.1736 66.8746
0.176 -4.8328 50.7111
0.177 -4.74397 39.3762
0.178 21.5816 33.2848
0.179 59.3557 30.5265
0.18 89.5822 27.7876
0.181 96.365 21.7985
0.182 73.0969 10.7897
0.183 25.1276 -4.6153
0.184 -32.1618 -21.4545
0.185 -79.1226 -35.4306
0.186 -99.1942 -42.4678
0.187 -85.0401 -40.2203
0.188 -41.1768 -28.9732
0.189 17.8251 -11.6132
0.19 72.8009 7.3257
0.191 106.971 23.1999
0.192 111.78 32.8056
0.193 89.4792 35.3562
0.194 51.7009 32.548
0.195 14.7394 27.7414
0.196 -6.6185 24.6065
0.197 -4.43893 25.7292
0.198 19.8087 31.6757
0.199 56.3908 40.8508
0.2 91.5288 50.2014
0.201 112.832 56.4654
0.202 113.709 57.4316
0.203 95.192 52.6968
0.204 64.8358 43.6828
0.205 33.4444 33.0085
0.206 10.9723 23.5089
0.207 3.0689 17.2524
0.208 9.49106 14.8813
0.209 24.9068 15.5202
0.21 41.6038 17.2921
0.211 52.7701 18.2095
0.212 54.8618 17.012
0.213 48.2239 13.5822
0.214 36.1123 8.84276
0.215 22.9193 4.29893
0.216 12.4686 1.47434
0.217 6.9558 1.42877
0.218 6.77913 4.48374
0.219 11.1708 10.2337
0.22 19.1905 17.8328
0.221 30.4341 26.4025
0.222 44.9567 35.3166
0.223 62.4393 44.2048
0.224 81.2228 52.7308
0.225 98.0137 60.3588
0.226 108.66 66.2939
0.227 109.74 69.6358
0.228 100.221 69.6683
0.229 82.3834 66.1579
0.23 61.4826 59.5406
0.231 44.1006 50.8908
0.232 35.6737 41.6166
0.233 38.096 32.9592
0.234 48.4665 25.5106
0.235 59.7511 19.0078
0.236 63.368 12.5351
0.237 52.7961 5.06752
0.238 26.7297 -3.87353
0.239 -9.63988 -13.7392
0.24 -45.912 -22.8759
0.241 -69.9788 -28.937
0.242 -72.4861 -29.6814
0.243 -50.5942 -23.8787
0.244 -9.56543 -11.9585
0.245 38.5726 3.89088
0.246 78.989 20.26
0.247 99.3044 33.5368
0.248 94.184 41.06
0.249 67.4254 41.9858
0.25 30.6071 37.5224
0.251 -1.26227 30.4147
0.252 -15.4382 23.8532
0.253 -6.30274 20.2273
0.254 22.4434 20.2142
0.255 59.0804 22.5603
0.256 88.2113 24.6322
0.257 96.5962 23.5338
0.258 78.3435 17.3784
0.259 37.4624 6.23251
0.26 -13.2926 -7.65548
0.261 -56.9296 -20.4778
0.262 -78.3813 -28.1433
0.263 -69.9633 -27.7316
0.264 -34.0831 -18.5647
0.265 17.7301 -2.48678
0.266 69.0177 16.7356
0.267 104.233 34.661
0.268 114.131 47.6175
0.269 98.7936 53.8396
0.27 67.2112 53.9021
0.271 33.6226 50.3033
0.272 12.0246 46.3557
0.273 10.9818 44.8168
0.274 30.6788 46.8036
0.275 63.2035 51.4017
0.276 95.7598 56.09
0.277 115.473 57.7735
0.278 113.996 54.0085
0.279 90.3315 43.9716
0.28 50.9728 28.8448
0.281 7.43759 11.4952
0.282 -27.8532 -4.44163
0.283 -45.8098 -15.7445
0.284 -43.4987 -20.6214
0.285 -24.635 -19.1831
0.286 2.24022 -13.2286
0.287 27.0339 -5.47786
0.288 41.5492 1.41544
0.289 41.9503 5.71328
0.29 29.5769 7.04875
0.291 10.0334 6.38037
0.292 -9.00623 5.49029
0.293 -20.4811 6.2188
0.294 -20.2057 9.7256
0.295 -7.98293 16.0583
0.296 12.6962 24.1717
0.297 36.0796 32.338
0.298 56.0574 38.7392
0.299 67.8811 42.0183
0.3 69.2851 41.6363
0.301 60.8632 37.957
0.302 45.7119 32.0596
0.303 28.4501 25.3517
0.304 13.8659 19.1272
0.305 5.58218 14.2287
0.306 5.13492 10.912
0.307 11.6775 8.90619
0.308 22.2835 7.59222
0.309 32.7118 6.22887
0.31 38.5036 4.17867
0.311 36.2546 1.09311
0.312 24.7707 -2.98434
0.313 5.69194 -7.61756
0.314 -16.7461 -12.0664
0.315 -36.8292 -15.4331
0.316 -49.0269 -16.847
0.317 -49.6885 -15.6761
0.318 -38.2677 -11.7306
0.319 -17.6861 -5.38381
0.32 6.37119 2.46221
0.321 27.1412 10.5767
0.322 38.9825 17.7105
0.323 39.3261 22.9276
0.324 29.6287 25.8677
0.325 14.9279 26.8536
0.326 2.11391 26.7795
0.327 -2.50661 26.7774
0.328 4.47459 27.7628
0.329 22.1924 30.0395
0.33 45.6088 33.1314
0.331 67.1219 35.9109
0.332 79.1591 36.977
0.333 76.8464 35.1593
0.334 59.8085 29.9887
0.335 32.447 21.9706
0.336 2.56049 12.5345
0.337 -21.2521 3.64206
0.338 -32.4955 -2.82263
0.339 -28.9432 -5.6539
0.34 -13.2848 -4.69079
0.341 7.93799 -0.828728
0.342 26.6711 4.3118
0.343 36.1208 8.94216
0.344 33.0347 11.7064
0.345 18.7464 12.1225
0.346 -1.37563 10.7039
0.347 -19.896 8.71022
0.348 -29.9867 7.62437
0.349 -27.8151 8.55867
0.35 -13.7936 11.8142
0.351 7.67252 16.7428
0.352 29.7393 21.9494
0.353 45.3935 25.759
0.354 49.7117 26.7876
0.355 41.4136 24.418
0.356 23.2103 19.0153
0.357 0.824751 11.8099
0.358 -18.9586 4.4987
0.359 -30.5041 -1.28768
0.36 -31.0314 -4.46927
0.361 -21.3149 -4.79717
0.362 -5.25583 -2.85048
0.363 11.4624 0.232611
0.364 23.2111 3.18223
0.365 26.1953 5.02896
0.366 19.6234 5.39814
0.367 5.89359 4.58225
0.368 -10.2438 3.38672
0.369 -23.2433 2.81469
0.37 -28.5234 3.70038
0.371 -23.8906 6.41152
0.372 -10.2264 10.7146
0.373 8.75812 15.836
0.374 27.6309 20.6864
0.375 40.8906 24.1679
0.376 44.658 25.4718
0.377 37.8828 24.2877
0.378 22.6851 20.874
0.379 3.71184 15.9756
0.38 -13.3135 10.6126
0.381 -23.4119 5.80088
0.382 -23.9645 2.28781
0.383 -15.5847 0.372674
0.384 -1.94198 -0.140517
0.385 11.4239 0.151782
0.386 18.9323 0.4643
0.387 16.8627 0.09598
0.388 4.71137 -1.31237
0.389 -14.4787 -3.61967
0.39 -34.9886 -6.18716
0.391 -50.2588 -8.05329
0.392 -55.0773 -8.23586
0.393 -47.3598 -6.07015
0.394 -28.9012 -1.47118
0.395 -4.84034 4.97333
0.396 17.9916 12.1214
0.397 33.31 18.5827
0.398 37.4662 23.1258
0.399 30.6627 25.0531
0.4 16.8356 24.4144
0.401 2.21573 21.9765
0.402 -6.92117 18.9481
0.403 -6.50207 16.5529
0.404 3.89311 15.6013
0.405 20.8726 16.2125
0.406 38.4073 17.7826
0.407 49.9335 19.2138
0.408 50.6612 19.3296
0.409 39.2821 17.3334
0.41 18.4641 13.1433
0.411 -6.04735 7.47321
0.412 -27.3883 1.62223
0.413 -39.8843 -2.95488
0.414 -40.8949 -5.13735
0.415 -31.5725 -4.51603
0.416 -16.315 -1.53217
0.417 -1.14026 2.66942
0.418 8.42752 6.62595
0.419 9.21934 9.04992
0.42 1.3987 9.25654
0.421 -11.7514 7.37068
0.422 -25.1084 4.24245
0.423 -33.566 1.11406
0.424 -33.7993 -0.831084
0.425 -25.337 -0.878191
0.426 -10.6137 0.986435
0.427 5.95758 4.09699
0.428 19.5261 7.3739
0.429 26.4088 9.73325
0.43 25.2247 10.4838
0.431 17.2112 9.56279
0.432 5.66708 7.53281
0.433 -5.24382 5.35572
0.434 -11.8914 4.03693
0.435 -12.3094 4.26366
0.436 -6.71077 6.16051
0.437 2.72474 9.24773
0.438 12.6568 12.6144
0.439 19.6854 15.2353
0.44 21.3904 16.3068
0.441 17.0068 15.4836
0.442 7.56524 12.9494
0.443 -4.50782 9.31951
0.444 -16.169 5.4237
0.445 -24.654 2.04178
0.446 -28.223 -0.317182
0.447 -26.5646 -1.51878
0.448 -20.785 -1.76472
0.449 -13.0168 -1.44807
0.45 -5.76544 -0.975541
0.451 -1.17082 -0.625354
0.452 -0.385982 -0.475371
0.453 -3.24995 -0.406346
0.454 -8.34849 -0.170119
0.455 -13.4474 0.501763
0.456 -16.1796 1.78923
0.457 -14.7975 3.71477
0.458 -8.77635 6.13194
0.459 0.919224 8.75929
0.46 12.0174 11.2346
0.461 21.5524 13.175
0.462 26.7521 14.244
0.463 25.9303 14.2235
0.464 19.0907 13.0731
0.465 8.01689 10.9566
0.466 -4.21108 8.22658
0.467 -14.1408 5.36994
0.468 -19.0233 2.91754
0.469 -17.6928 1.32997
0.47 -10.9541 0.880614
0.471 -1.32691 1.57644
0.472 7.79923 3.1558
0.473 13.3347 5.17222
0.474 13.5778 7.13613
0.475 8.8194 8.66697
0.476 1.23461 9.6072
0.477 -5.90081 10.0587
0.478 -9.38998 10.3229
0.479 -7.28489 10.757
0.48 0.350925 11.5952
0.481 11.3611 12.8083
0.482 22.1593 14.065
0.483 28.9346 14.8155
0.484 28.9779 14.4707
0.485 21.6394 12.6186
0.486 8.57298 9.20422
0.487 -6.80099 4.60541
0.488 -20.4109 -0.43404
0.489 -28.8435 -5.00039
0.49 -30.4187 -8.27258
0.491 -25.6743 -9.75861
0.492 -17.0857 -9.42328
0.493 -8.12004 -7.66776
0.494 -1.97343 -5.1708
0.495 -0.459841 -2.64576
0.496 -3.43867 -0.598754
0.497 -8.95163 0.824181
0.498 -13.989 1.84637
0.499 -15.6068 2.92625
0.5 -12.0107 4.53418
0.501 -3.23071 6.92793
0.502 8.8524 10.0108
0.503 21.1297 13.3238
0.504 30.2977 16.1781
0.505 33.9323 17.883
0.506 31.2468 17.9855
0.507 23.3013 16.4328
0.508 12.6103 13.5994
0.509 2.29125 10.1726
0.51 -4.95286 6.93716
0.511 -7.66278 4.53504
0.512 -5.98997 3.27989
0.513 -1.51453 3.08758
0.514 3.3793 3.54312
0.515 6.34226 4.07485
0.516 5.84769 4.16683
0.517 1.68459 3.53323
0.518 -5.00421 2.19906
0.519 -12.1499 0.467093
0.52 -17.4882 -1.20987
0.521 -19.3181 -2.40104
0.522 -17.0298 -2.85022
0.523 -11.2603 -2.5543
0.524 -3.66675 -1.74368
0.525 3.60218 -0.780268
0.526 8.58759 -0.0166515
0.527 10.1483 0.334027
0.528 8.3183 0.275459
0.529 4.26391 0.0282855
0.53 -0.133572 -0.046274
0.531 -2.9029 0.428689
0.532 -2.60573 1.71769
0.533 1.21771 3.88482
0.534 7.89328 6.76826
0.535 15.7983 10.0159
0.536 22.8538 13.1678
0.537 27.1784 15.7639
0.538 27.6788 17.4499
0.539 24.3716 18.0473
0.54 18.3399 17.5701
0.541 11.3597 16.188
0.542 5.32505 14.16
0.543 1.64856 11.7622
0.544 0.820657 9.22639
0.545 2.27781 6.69911
0.546 4.63824 4.23329
0.547 6.22667 1.81837
0.548 5.69834 -0.561604
0.549 2.54249 -2.86904
0.55 -2.70351 -4.97899
0.551 -8.60099 -6.6812
0.552 -13.2738 -7.7142
0.553 -15.0394 -7.82419
0.554 -12.9922 -6.8396
0.555 -7.33347 -4.74263
0.556 0.670332 -1.70855
0.557 9.08029 1.90933
0.558 15.888 5.64678
0.559 19.6301 9.02443
0.56 19.8177 11.6446
0.561 17.0377 13.2678
0.562 12.695 13.8509
0.563 8.48621 13.5327
0.564 5.8018 12.5672
0.565 5.27153 11.2281
0.566 6.60673 9.7265
0.567 8.77215 8.1692
0.568 10.4081 6.56542
0.569 10.352 4.86842
0.57 8.08223 3.03856
0.571 3.9328 1.10979
0.572 -1.00056 -0.768274
0.573 -5.22956 -2.33988
0.574 -7.3818 -3.30925
0.575 -6.66125 -3.43593
0.576 -3.10235 -2.61746
0.577 2.45376 -0.931203
0.578 8.63267 1.3708
0.579 13.9488 3.90939
0.58 17.2416 6.26285
0.581 17.9933 8.07135
0.582 16.4306 9.12459
0.583 13.3834 9.39544
0.584 9.96041 9.00912
0.585 7.16615 8.17145
0.586 5.59653 7.09195
0.587 5.30241 5.92591
0.588 5.84122 4.74356
0.589 6.47698 3.53195
0.59 6.45998 2.23418
0.591 5.30207 0.813921
0.592 2.96057 -0.687984
0.593 -0.13109 -2.13659
0.594 -3.19359 -3.33123
0.595 -5.34131 -4.0594
0.596 -5.8466 -4.15217
0.597 -4.34986 -3.52908
0.598 -0.9665 -2.22578
0.599 3.73024 -0.393825
0.6 8.85098 1.7355
0.601 13.4254 3.91186
0.602 16.6638 5.92243
0.603 18.1644 7.62297
0.604 18.0053 8.94423
0.605 16.6985 9.88498
0.606 15.0216 10.4957
0.607 13.7724 10.8498
0.608 13.5113 11.0086
0.609 14.3704 10.998
0.61 16.0011 10.809
0.611 17.6862 10.4158
0.612 18.5803 9.79056
0.613 17.9991 8.91224
0.614 15.6688 7.77784
0.615 11.8528 6.41983
0.616 7.30644 4.91666
0.617 3.05733 3.3817
0.618 0.0733684 1.93508
0.619 -1.06492 0.677584
0.62 -0.363305 -0.322269
0.621 1.58787 -1.03383
0.622 3.81306 -1.47078
0.623 5.2837 -1.69106
0.624 5.27959 -1.77593
0.625 3.65976 -1.79105
0.626 0.939661 -1.75294
0.627 -1.87055 -1.62146
0.628 -3.61843 -1.31711
0.629 -3.42036 -0.748371
0.63 -0.978484 0.15927
0.631 3.30343 1.43151
0.632 8.43733 3.01468
0.633 13.1631 4.76503
0.634 16.3586 6.47444
0.635 17.4112 7.92495
0.636 16.4132 8.9448
0.637 14.1012 9.44334
0.638 11.5625 9.42116
0.639 9.8278 8.95972
0.64 9.50254 8.19183
0.641 10.5592 7.254
0.642 12.3561 6.23604
0.643 13.8771 5.15467
0.644 14.1154 3.96783
0.645 12.4644 2.61949
0.646 8.96623 1.08869
0.647 4.3202 -0.576143
0.648 -0.344673 -2.24382
0.649 -3.84077 -3.71195
0.65 -5.30523 -4.7481
0.651 -4.47198 -5.15617
0.652 -1.74451 -4.8429
0.653 1.95776 -3.85109
0.654 5.527 -2.34428
0.655 8.0463 -0.556592
0.656 9.07763 1.26715
0.657 8.76063 2.92538
0.658 7.70646 4.3001
0.659 6.74104 5.37255
0.66 6.58947 6.20202
0.661 7.60617 6.87118
0.662 9.64517 7.42617
0.663 12.1197 7.84572
0.664 14.2254 8.05105
0.665 15.2351 7.94141
0.666 14.749 7.43467
0.667 12.8212 6.50413
0.668 9.93528 5.20713
0.669 6.848 3.69347
0.67 4.35175 2.1792
0.671 3.02875 0.888519
0.672 3.0819 -0.00894849
0.673 4.30157 -0.434733
0.674 6.17076 -0.403255
0.675 8.05535 -0.00168037
0.676 9.40444 0.638754
0.677 9.90157 1.37729
0.678 9.53456 2.10165
0.679 8.57163 2.75579
0.68 7.45048 3.34038
0.681 6.6156 3.88528
0.682 6.36326 4.41371
0.683 6.7508 4.91992
0.684 7.5942 5.36484
0.685 8.5396 5.68195
0.686 9.17632 5.78943
0.687 9.16068 5.61127
0.688 8.32294 5.10563
0.689 6.72738 4.28709
0.69 4.66107 3.22843
0.691 2.55094 2.04174
0.692 0.839492 0.852338
0.693 -0.137647 -0.223111
0.694 -0.237963 -1.09353
0.695 0.455455 -1.70742
0.696 1.66096 -2.05886
0.697 2.98193 -2.17888
0.698 4.02877 -2.11463
0.699 4.54189 -1.90885
0.7 4.4716 -1.58987
0.701 3.98774 -1.17085
0.702 3.41936 -0.651202
0.703 3.14563 -0.0198451
0.704 3.46905 0.734085
0.705 4.50734 1.60392
0.706 6.13983 2.55233
0.707 8.03229 3.51217
0.708 9.73666 4.3993
0.709 10.8321 5.12775
0.71 11.0578 5.62195
0.711 10.394 5.82905
0.712 9.06846 5.73335
0.713 7.48341 5.36474
0.714 6.0823 4.7909
0.715 5.19995 4.0945
0.716 4.94996 3.34882
0.717 5.19221 2.60363
0.718 5.591 1.88246
0.719 5.73969 1.1866
0.72 5.30742 0.503645
0.721 4.16175 -0.176946
0.722 2.42884 -0.84388
0.723 0.466656 -1.45105
0.724 -1.2459 -1.9224
0.725 -2.26606 -2.17364
0.726 -2.33159 -2.13904
0.727 -1.4405 -1.79215
0.728 0.156575 -1.15554
0.729 2.04148 -0.298941
0.73 3.7609 0.673874
0.731 4.96664 1.64884
0.732 5.52056 2.52937
0.733 5.52559 3.25681
0.734 5.26914 3.81524
0.735 5.10246 4.22126
0.736 5.30549 4.50547
0.737 5.98548 4.69292
0.738 7.03886 4.78847
0.739 8.18261 4.7722
0.74 9.04495 4.60757
0.741 9.28994 4.25977
0.742 8.73548 3.71583
0.743 7.41996 2.99703
0.744 5.59261 2.16006
0.745 3.63515 1.28852
0.746 1.94669 0.477409
0.747 0.829074 -0.18733
0.748 0.40428 -0.649201
0.749 0.586785 -0.893163
0.75 1.12202 -0.943046
0.751 1.68127 -0.846446
0.752 1.97848 -0.65635
0.753 1.86419 -0.417681
0.754 1.36615 -0.160157
0.755 0.670374 0.104505
0.756 0.0540087 0.380529
0.757 -0.210389 0.679076
0.758 0.0475857 1.00444
0.759 0.829965 1.3434
0.76 1.96406 1.66478
0.761 3.1606 1.92874
0.762 4.1105 2.0985
0.763 4.5815 2.14873
0.764 4.48527 2.07035
0.765 3.90116 1.87357
0.766 3.05152 1.5883
0.767 2.23088 1.25875
0.768 1.70652 0.932613
0.769 1.62642 0.64964
0.77 1.97332 0.43521
0.771 2.5813 0.299653
0.772 3.20047 0.240446
0.773 3.58121 0.24513
0.774 3.55348 0.295339
0.775 3.08302 0.372619
0.776 2.28725 0.464552
0.777 1.39858 0.56817
0.778 0.682406 0.689138
0.779 0.34196 0.837785
0.78 0.451079 1.02368
0.781 0.937871 1.24958
0.782 1.61617 1.50599
0.783 2.24805 1.76849
0.784 2.61967 2.00045
0.785 2.6113 2.16094
0.786 2.23822 2.21544
0.787 1.64258 2.14553
0.788 1.03633 1.95458
0.789 0.620869 1.6682
0.79 0.517875 1.32834
0.791 0.73403 0.981579
0.792 1.16452 0.66499
0.793 1.63029 0.395878
0.794 1.93921 0.170214
0.795 1.95381 -0.0297277
0.796 1.64096 -0.222799
0.797 1.08187 -0.417078
0.798 0.43976 -0.602414
0.799 -0.0976188 -0.749174
0.8 -0.376521 -0.814393
0.801 -0.320216 -0.755214
0.802 0.0523817 -0.545796
0.803 0.636608 -0.190341
0.804 1.27917 0.274513
0.805 1.83086 0.789261
0.806 2.19387 1.28805
0.807 2.34472 1.71489
0.808 2.32868 2.03483
0.809 2.23433 2.23858
0.81 2.15989 2.34004
0.811 2.17948 2.36652
0.812 2.31651 2.344
0.813 2.53352 2.28383
0.814 2.74451 2.17791
0.815 2.84619 2.00505
0.816 2.75381 1.74408
0.817 2.42721 1.38686
0.818 1.88135 0.945891
0.819 1.18341 0.455808
0.82 0.438263 -0.0312649
0.821 -0.236306 -0.456393
0.822 -0.740552 -0.768869
0.823 -1.01958 -0.940261
0.824 -1.07502 -0.970781
0.825 -0.957533 -0.885069
0.826 -0.746048 -0.720593
0.827 -0.522913 -0.514912
0.828 -0.351316 -0.296379
0.829 -0.258568 -0.0796006
0.83 -0.229311 0.13422
0.831 -0.212671 0.351852
0.832 -0.143138 0.578865
0.833 0.032005 0.811082
0.834 0.330023 1.03172
0.835 0.723626 1.21574
0.836 1.14734 1.33847
0.837 1.51581 1.38358
0.838 1.74852 1.34798
0.839 1.7945 1.24306
0.84 1.64986 1.09203
0.841 1.36142 0.923563
0.842 1.01341 0.763069
0.843 0.700653 0.626043
0.844 0.497981 0.516693
0.845 0.437255 0.431532
0.846 0.499519 0.364421
0.847 0.623955 0.310007
0.848 0.729949 0.265193
0.849 0.745098 0.229571
0.85 0.630427 0.204686
0.851 0.394458 0.191477
0.852 0.0907546 0.18717
0.853 -0.200873 0.184613
0.854 -0.402589 0.17558
0.855 -0.465297 0.155714
0.856 -0.384276 0.127113
0.857 -0.199024 0.0969317
0.858 0.0216875 0.0739549
0.859 0.204136 0.0657322
0.86 0.295298 0.0766936
0.861 0.281154 0.106472
0.862 0.190833 0.149145
0.863 0.0847511 0.195336
0.864 0.0315083 0.237226
0.865 0.0826304 0.273281
0.866 0.254111 0.308918
0.867 0.520356 0.352637
0.868 0.822013 0.410667
0.869 1.08505 0.48333
0.87 1.24476 0.563859
0.871 1.26639 0.63906
0.872 1.15478 0.691995
0.873 0.950131 0.707211
0.874 0.712645 0.677235
0.875 0.502492 0.606803
0.876 0.361535 0.511895
0.877 0.301978 0.414058
0.878 0.305247 0.333269
0.879 0.331585 0.282357
0.88 0.336974 0.264084
0.881 0.290785 0.271091
0.882 0.187147 0.289013
0.883 0.046305 0.302449
0.884 -0.093191 0.301538
0.885 -0.187877 0.285813
0.886 -0.204202 0.263382
0.887 -0.130558 0.246378
0.888 0.0175945 0.245254
0.889 0.201832 0.264116
0.89 0.372965 0.298241
0.891 0.48672 0.33456
0.892 0.516888 0.355584
0.893 0.461706 0.345878
0.894 0.342438 0.298335
0.895 0.195455 0.217214
0.896 0.0603195 0.116762
0.897 -0.0325635 0.0165651
0.898 -0.0706016 -0.064218
0.899 -0.0609847 -0.112045
0.9 -0.0254935 -0.122427
0.901 0.00945688 -0.100513
0.902 0.0233565 -0.0582189
0.903 0.00893488 -0.00892057
0.904 -0.025698 0.0377426
0.905 -0.0604068 0.0784774
0.906 -0.0707116 0.115704
0.907 -0.0371131 0.154759
0.908 0.0472877 0.200472
0.909 0.173534 0.254195
0.91 0.318991 0.312013
0.911 0.454088 0.364951
0.912 0.55113 0.401544
0.913 0.592253 0.41191
0.914 0.574106 0.391343
0.915 0.507831 0.341749
0.916 0.414497 0.270719
0.917 0.317837 0.189148
0.918 0.236943 0.108479
0.919 0.181234 0.0381972
0.92 0.1491 -0.0159888
0.921 0.130398 -0.0527062
0.922 0.111664 -0.0739021
0.923 0.0820574 -0.082829
0.924 0.0378687 -0.0822304
0.925 -0.0160483 -0.0735797
0.926 -0.0682465 -0.0573269
0.927 -0.105007 -0.0335783
0.928 -0.115291 -0.00276788
0.929 -0.0946519 0.0337902
0.93 -0.0468243 0.0735518
0.931 0.0174809 0.112863
0.932 0.0840484 0.147697
0.933 0.13959 0.174674
0.934 0.175532 0.191778
0.935 0.18991 0.198487
0.936 0.186968 0.195513
0.937 0.174925 0.184485
0.938 0.162805 0.167704
0.939 0.15741 0.147835
0.94 0.161425 0.127494
0.941 0.173181 0.108897
0.942 0.187889 0.0936971
0.943 0.199701 0.0829424
0.944 0.203772 0.0769795
0.945 0.19768 0.0753116
0.946 0.181908 0.0766257
0.947 0.159408 0.0791355
0.948 0.134428 0.0811127
0.949 0.111083 0.0813221
0.95 0.0921811 0.0791906
0.951 0.0786439 0.0747509
0.952 0.0695801 0.0684786
0.953 0.0628651 0.0610622
0.954 0.0559855 0.0531051
0.955 0.0469032 0.0448627
0.956 0.0347227 0.0361998
0.957 0.0199839 0.0268382
0.958 0.00449981 0.0167375
0.959 -0.00917444 0.00634706
0.96 -0.0184613 -0.00340707
0.961 -0.0214825 -0.0113478
0.962 -0.0176 -0.0163522
0.963 -0.00761607 -0.0176524
0.964 0.00642829 -0.015092
0.965 0.0217861 -0.00925053
0.966 0.0357051 -0.00132846
0.967 0.0460903 0.00720294
0.968 0.0519439 0.0150233
0.969 0.0534738 0.0212539
0.97 0.0518451 0.0255292
0.971 0.0486584 0.0279005
0.972 0.0453503 0.0286751
0.973 0.0427491 0.0282474
0.974 0.0409168 0.0269467
0.975 0.0392817 0.0249489
0.976 0.0369817 0.0223023
0.977 0.0332907 0.019048
0.978 0.0279716 0.0153386
0.979 0.0214219 0.0114687
0.98 0.0145555 0.00780843
0.981 0.00847651 0.00470011
0.982 0.00409518 0.00237726
0.983 0.00184302 0.000924488
0.984 0.00157407 0.000272148
0.985 0.00266283 0.000228167
0.986 0.00425286 0.000545927
0.987 0.00555952 0.00100118
0.988 0.00610647 0.00143932
0.989 0.00580961 0.00177753
0.99 0.00489953 0.00197959
0.991 0.00374706 0.0020324
0.992 0.00268416 0.0019375
0.993 0.00189092 0.00171206
0.994 0.00137587 0.00139014
0.995 0.00103669 0.00102063
0.996 0.000756848 0.000659921
0.997 0.000480635 0.000358802
0.998 0.00022838 0.000148324
0.999 5.6408e-05 3.35787e-05
0.12 4.89592 -0.281669
0.24 4.90519 -0.278304
0.36 4.92059 -0.272714
0.48 4.9421 -0.264924
0.6 4.96963 -0.254971
0.72 5.0031 -0.242901
0.84 5.04241 -0.22877
0.96 5.08744 -0.212644
1.08 5.13804 -0.194598
1.2 5.19406 -0.174714
1.32 5.25531 -0.153084
1.44 5.32162 -0.129806
1.56 5.39276 -0.104986
1.68 5.46853 -0.078737
1.8 5.54867 -0.0511765
1.92 5.63295 -0.0224276
2.04 5.72109 0.00738227
2.16 5.81283 0.0381218
2.28 5.90787 0.0696569
2.4 6.00592 0.101851
2.52 6.10667 0.134567
2.64 6.20981 0.167665
2.76 6.31502 0.201006
2.88 6.42197 0.234454
3 6.53032 0.26787
3.12 6.63975 0.30112
3.24 6.74991 0.334073
3.36 6.86046 0.366599
3.48 6.97107 0.398573
3.6 7.08138 0.429876
3.72 7.19108 0.460392
3.84 7.29981 0.49001
3.96 7.40725 0.518628
4.08 7.51309 0.546146
4.2 7.61699 0.572475
4.32 7.71866 0.59753
4.44 7.81778 0.621234
4.56 7.91407 0.643517
4.68 8.00726 0.664317
4.8 8.09707 0.68358
4.92 8.18324 0.701258
5.04 8.26555 0.717314
5.16 8.34375 0.731714
5.28 8.41765 0.744436
5.4 8.48704 0.755463
5.52 8.55175 0.764785
5.64 8.61161 0.7724
5.76 8.66649 0.778313
5.88 8.71625 0.782535
6 8.76079 0.785083
6.12 8.80001 0.785981
6.24 8.83386 0.785258
6.36 8.86227 0.782949
6.48 8.88521 0.779091
6.6 8.90267 0.77373
6.72 8.91464 0.766912
6.84 8.92115 0.75869
6.96 8.92223 0.749118
7.08 8.91795 0.738255
7.2 8.90836 0.726159
7.32 8.89355 0.712895
7.44 8.87363 0.698527
7.56 8.8487 0.683119
7.68 8.8189 0.66674
7.8 8.78437 0.649457
7.92 8.74525 0.631338
8.04 8.70172 0.612451
8.16 8.65393 0.592865
8.28 8.60207 0.572647
8.4 8.54633 0.551865
8.52 8.4869 0.530585
8.64 8.42398 0.508872
8.76 8.35777 0.486792
8.88 8.28847 0.464406
9 8.21629 0.441777
9.12 8.14144 0.418964
9.24 8.06413 0.396026
9.36 7.98457 0.373019
9.48 7.90295 0.35
9.6 7.81947 0.327019
9.72 7.73434 0.30413
9.84 7.64775 0.281381
9.96 7.55988 0.25882
10.08 7.47092 0.236492
10.2 7.38103 0.214443
10.32 7.29038 0.192713
10.44 7.19913 0.171343
10.56 7.10744 0.150371
10.68 7.01543 0.129835
10.8 6.92324 0.10977
10.92 6.831 0.0902076
11.04 6.73881 0.0711807
11.16 6.64678 0.052719
11.28 6.55501 0.0348507
11.4 6.46358 0.0176024
11.52 6.37256 0.000998855
11.64 6.28203 -0.0149366
11.76 6.19204 -0.0301824
11.88 6.10264 -0.0447188
12 6.01387 -0.0585277
12.12 5.92577 -0.0715926
12.24 5.83837 -0.0838991
12.36 5.75168 -0.0954345
12.48 5.66573 -0.106188
12.6 5.58052 -0.11615
12.72 5.49605 -0.125314
12.84 5.41233 -0.133676
12.96 5.32935 -0.141231
13.08 5.24711 -0.14798
13.2 5.16559 -0.153924
13.32 5.08479 -0.159066
13.44 5.00469 -0.163411
13.56 4.92528 -0.166968
13.68 4.84654 -0.169748
13.8 4.76846 -0.171762
13.92 4.69102 -0.173025
14.04 4.61422 -0.173555
14.16 4.53803 -0.173371
14.28 4.46246 -0.172495
14.4 4.38749 -0.170949
14.52 4.31312 -0.168761
14.64 4.23933 -0.165958
14.76 4.16614 -0.162571
14.88 4.09354 -0.15863
15 4.02154 -0.154171
15.12 3.95014 -0.149228
15.24 3.87935 -0.143839
15.36 3.80919 -0.138041
15.48 3.73967 -0.131875
15.6 3.67081 -0.12538
15.72 3.60263 -0.1186
15.84 3.53514 -0.111576
15.96 3.46838 -0.10435
16.08 3.40236 -0.0969668
16.2 3.33712 -0.0894689
16.32 3.27268 -0.0818997
16.44 3.20907 -0.074302
16.56 3.14632 -0.0667184
16.68 3.08446 -0.0591905
16.8 3.02351 -0.051759
16.92 2.96351 -0.0444637
17.04 2.90447 -0.0373427
17.16 2.84644 -0.030433
17.28 2.78942 -0.0237695
17.4 2.73345 -0.0173855
17.52 2.67855 -0.011312
17.64 2.62473 -0.00557814
17.76 2.572 -0.000210433
17.88 2.52039 0.00476692
18 2.46991 0.00933229
18.12 2.42055 0.0134667
18.24 2.37233 0.0171539
18.36 2.32525 0.0203803
18.48 2.27931 0.0231354
18.6 2.23449 0.0254112
18.72 2.19079 0.0272028
18.84 2.1482 0.0285079
18.96 2.10671 0.029327
19.08 2.06629 0.0296636
19.2 2.02693 0.0295235
19.32 1.9886 0.0289152
19.44 1.95127 0.0278499
19.56 1.91492 0.0263408
19.68 1.87952 0.0244036
19.8 1.84502 0.0220559
19.92 1.8114 0.0193175
20.04 1.77862 0.0162097
20.16 1.74664 0.0127557
20.28 1.71542 0.00897991
20.4 1.68492 0.00490811
20.52 1.6551 0.000567176
20.64 1.62592 -0.00401516
20.76 1.59734 -0.00881044
20.88 1.56931 -0.0137897
21 1.5418 -0.0189236
21.12 1.51476 -0.0241827
21.24 1.48816 -0.0295377
21.36 1.46195 -0.0349592
21.48 1.43611 -0.0404184
21.6 1.41059 -0.045887
21.72 1.38536 -0.0513373
21.84 1.36039 -0.0567426
21.96 1.33565 -0.0620768
22.08 1.31111 -0.0673154
22.2 1.28674 -0.0724345
22.32 1.26253 -0.0774119
22.44 1.23844 -0.0822265
22.56 1.21446 -0.0868588
22.68 1.19058 -0.0912907
22.8 1.16677 -0.0955057
22.92 1.14302 -0.0994888
23.04 1.11933 -0.103227
23.16 1.09568 -0.106707
23.28 1.07207 -0.109921
23.4 1.0485 -0.112859
23.52 1.02496 -0.115514
23.64 1.00145 -0.117881
23.76 0.97798 -0.119955
23.88 0.954545 -0.121735
24 0.931153 -0.12322
24.12 0.90781 -0.124408
24.24 0.884524 -0.125303
24.36 0.861305 -0.125907
24.48 0.838163 -0.126224
24.6 0.815109 -0.126258
24.72 0.792156 -0.126015
24.84 0.769316 -0.125503
24.96 0.746605 -0.124729
25.08 0.724036 -0.123701
25.2 0.701624 -0.122428
25.32 0.679386 -0.12092
25.44 0.657337 -0.119187
25.56 0.635494 -0.117239
25.68 0.613872 -0.115088
25.8 0.592489 -0.112743
25.92 0.57136 -0.110217
26.04 0.550503 -0.10752
26.16 0.529934 -0.104665
26.28 0.509669 -0.101663
26.4 0.489725 -0.0985258
26.52 0.470117 -0.0952644
26.64 0.450862 -0.0918905
26.76 0.431974 -0.0884156
26.88 0.413468 -0.0848507
27 0.39536 -0.0812069
27.12 0.377663 -0.0774951
27.24 0.360391 -0.0737258
27.36 0.343557 -0.0699096
27.48 0.327174 -0.0660564
27.6 0.311254 -0.0621764
27.72 0.295809 -0.0582791
27.84 0.280849 -0.054374
27.96 0.266384 -0.0504703
28.08 0.252423 -0.0465769
28.2 0.238976 -0.0427025
28.32 0.22605 -0.0388554
28.44 0.213651 -0.0350439
28.56 0.201786 -0.0312757
28.68 0.19046 -0.0275587
28.8 0.179676 -0.0239
28.92 0.169437 -0.020307
29.04 0.159745 -0.0167864
29.16 0.150601 -0.0133449
29.28 0.142004 -0.00998878
29.4 0.133952 -0.0067242
29.52 0.126443 -0.00355695
29.64 0.119471 -0.000492545
29.76 0.113032 0.00246376
29.88 0.107117 0.00530702
30 0.10172 0.0080326
30.12 0.0968297 0.0106362
30.24 0.0924357 0.0131138
30.36 0.0885255 0.0154617
30.48 0.0850855 0.0176768
30.6 0.0821007 0.019756
30.72 0.0795548 0.0216967
30.84 0.0774303 0.0234969
30.96 0.0757086 0.0251548
31.08 0.0743699 0.026669
31.2 0.0733934 0.0280386
31.32 0.0727573 0.0292631
31.44 0.072439 0.0303424
31.56 0.0724149 0.0312769
31.68 0.072661 0.0320674
31.8 0.0731524 0.0327151
31.92 0.073864 0.0332218
32.04 0.0747702 0.0335896
32.16 0.0758453 0.033821
32.28 0.0770632 0.033919
32.4 0.0783982 0.033887
32.52 0.0798245 0.0337289
32.64 0.0813168 0.0334487
32.76 0.0828501 0.033051
32.88 0.0844 0.0325406
33 0.0859428 0.0319229
33.12 0.0874556 0.0312033
33.24 0.0889165 0.0303875
33.36 0.0903045 0.0294816
33.48 0.0916 0.0284918
33.6 0.0927845 0.0274244
33.72 0.0938409 0.0262861
33.84 0.0947537 0.0250836
33.96 0.0955087 0.0238235
34.08 0.0960934 0.0225127
34.2 0.096497 0.0211581
34.32 0.0967102 0.0197664
34.44 0.0967257 0.0183443
34.56 0.0965377 0.0168987
34.68 0.0961422 0.015436
34.8 0.095537 0.0139626
34.92 0.0947214 0.0124849
35.04 0.0936968 0.0110089
35.16 0.0924658 0.00954044
35.28 0.0910327 0.0080851
35.4 0.0894035 0.00664822
35.52 0.0875855 0.00523485
35.64 0.0855873 0.00384973
35.76 0.0834188 0.0024973
35.88 0.0810911 0.00118165
36 0.0786163 -9.34372e-05
36.12 0.0760074 -0.00132455
36.24 0.0732783 -0.0025086
36.36 0.0704435 -0.00364287
36.48 0.067518 -0.00472497
36.6 0.0645175 -0.00575286
36.72 0.0614576 -0.00672485
36.84 0.0583543 -0.00763959
36.96 0.0552237 -0.00849603
37.08 0.0520816 -0.00929347
37.2 0.0489438 -0.0100315
37.32 0.0458256 -0.01071
37.44 0.0427419 -0.011329
37.56 0.0397072 -0.0118891
37.68 0.0367353 -0.012391
37.8 0.033839 -0.0128353
37.92 0.0310307 -0.0132234
38.04 0.0283217 -0.0135565
38.16 0.0257224 -0.013836
38.28 0.0232421 -0.0140636
38.4 0.0208892 -0.0142411
38.52 0.0186709 -0.0143704
38.64 0.0165934 -0.0144535
38.76 0.0146617 -0.0144926
38.88 0.0128798 -0.0144897
39 0.0112504 -0.0144472
39.12 0.00977516 -0.0143673
39.24 0.00845479 -0.0142525
39.36 0.00728883 -0.014105
39.48 0.00627583 -0.0139273
39.6 0.00541339 -0.0137218
39.72 0.00469819 -0.0134908
39.84 0.00412608 -0.0132367
39.96 0.00369209 -0.012962
40.08 0.00339056 -0.0126689
40.2 0.00321515 -0.0123597
40.32 0.00315897 -0.0120368
40.44 0.0032146 -0.0117023
40.56 0.00337422 -0.0113586
40.68 0.00362964 -0.0110076
40.8 0.0039724 -0.0106516
40.92 0.00439387 -0.0102925
41.04 0.00488524 -0.00993244
41.16 0.0054377 -0.00957332
41.28 0.00604242 -0.00921704
41.4 0.00669066 -0.00886544
41.52 0.00737382 -0.00852028
41.64 0.00808349 -0.0081833
41.76 0.0088115 -0.00785613
41.88 0.00954999 -0.00754037
42 0.0102914 -0.00723753
42.12 0.0110286 -0.00694904
42.24 0.0117548 -0.00667629
42.36 0.0124637 -0.00642054
42.48 0.0131494 -0.00618302
42.6 0.0138065 -0.00596483
42.72 0.01443 -0.00576701
42.84 0.0150154 -0.00559047
42.96 0.0155589 -0.00543605
43.08 0.0160567 -0.00530448
43.2 0.0165061 -0.00519637
43.32 0.0169042 -0.00511222
43.44 0.0172492 -0.00505242
43.56 0.0175391 -0.00501722
43.68 0.0177728 -0.00500677
43.8 0.0179494 -0.00502107
43.92 0.0180683 -0.00506001
44.04 0.0181294 -0.00512331
44.16 0.0181328 -0.00521059
44.28 0.018079 -0.00532133
44.4 0.0179686 -0.00545486
44.52 0.0178027 -0.00561038
44.64 0.0175825 -0.00578696
44.76 0.0173092 -0.00598355
44.88 0.0169846 -0.00619894
45 0.0166102 -0.00643184
45.12 0.0161881 -0.00668081
45.24 0.0157201 -0.00694433
45.36 0.0152084 -0.00722075
45.48 0.0146552 -0.00750834
45.6 0.0140626 -0.0078053
45.72 0.0134331 -0.00810974
45.84 0.012769 -0.0084197
45.96 0.0120727 -0.0087332
46.08 0.0113466 -0.00904819
46.2 0.0105934 -0.00936263
46.32 0.00981553 -0.00967444
46.44 0.00901554 -0.00998156
46.56 0.00819603 -0.0102819
46.68 0.00735962 -0.0105736
46.8 0.00650895 -0.0108545
46.92 0.00564669 -0.0111228
47.04 0.00477551 -0.0113767
47.16 0.00389814 -0.0116144
47.28 0.00301729 -0.0118342
47.4 0.00213571 -0.0120347
47.52 0.00125615 -0.0122145
47.64 0.000381409 -0.0123723
47.76 -0.000485747 -0.0125069
47.88 -0.00134253 -0.0126175
48 -0.00218615 -0.0127032
48.12 -0.00301384 -0.0127634
48.24 -0.00382284 -0.0127977
48.36 -0.00461043 -0.0128057
48.48 -0.0053739 -0.0127874
48.6 -0.00611064 -0.0127428
48.72 -0.00681805 -0.0126722
48.84 -0.00749364 -0.0125761
48.96 -0.008135 -0.0124551
49.08 -0.00873983 -0.0123098
49.2 -0.00930595 -0.0121413
49.32 -0.00983131 -0.0119507
49.44 -0.010314 -0.0117392
49.56 -0.0107524 -0.0115082
49.68 -0.0111448 -0.0112591
49.8 -0.0114901 -0.0109936
49.92 -0.0117869 -0.0107134
50.04 -0.0120345 -0.0104202
50.16 -0.0122322 -0.010116
50.28 -0.0123796 -0.00980258
50.4 -0.0124764 -0.00948197
50.52 -0.0125229 -0.00915613
50.64 -0.0125195 -0.00882705
50.76 -0.0124667 -0.0084967
50.88 -0.0123655 -0.00816704
51 -0.0122171 -0.00784
51.12 -0.0120231 -0.00751744
51.24 -0.0117851 -0.00720118
51.36 -0.0115052 -0.00689293
51.48 -0.0111857 -0.00659434
51.6 -0.010829 -0.00630695
51.72 -0.0104378 -0.00603218
51.84 -0.0100151 -0.00577132
51.96 -0.00956409 -0.00552556
52.08 -0.00908792 -0.00529594
52.2 -0.00859008 -0.00508335
52.32 -0.00807413 -0.00488855
52.44 -0.00754371 -0.00471213
52.56 -0.00700256 -0.00455455
52.68 -0.00645445 -0.00441611
52.8 -0.00590317 -0.00429697
52.92 -0.00535252 -0.00419713
53.04 -0.00480623 -0.00411646
53.16 -0.00426799 -0.00405467
53.28 -0.00374141 -0.00401135
53.4 -0.00322997 -0.00398598
53.52 -0.002737 -0.00397789
53.64 -0.00226568 -0.00398632
53.76 -0.001819 -0.00401039
53.88 -0.00139975 -0.00404917
54 -0.00101046 -0.0041016
54.12 -0.000653459 -0.00416659
54.24 -0.000330785 -0.00424296
54.36 -4.42154e-05 -0.00432952
54.48 0.000204757 -0.00442501
54.6 0.000414929 -0.00452817
54.72 0.000585396 -0.00463773
54.84 0.00071555 -0.0047524
54.96 0.000805085 -0.00487093
55.08 0.000853989 -0.00499207
55.2 0.000862545 -0.0051146
55.32 0.000831322 -0.00523737
55.44 0.000761161 -0.00535924
55.56 0.000653173 -0.00547918
55.68 0.000508715 -0.00559617
55.8 0.000329383 -0.00570931
55.92 0.00011699 -0.00581775
56.04 -0.000126453 -0.00592073
56.16 -0.000398754 -0.0060176
56.28 -0.000697563 -0.00610776
56.4 -0.00102039 -0.00619073
56.52 -0.00136465 -0.00626613
56.64 -0.00172763 -0.00633364
56.76 -0.00210659 -0.00639307
56.88 -0.00249873 -0.0064443
57 -0.00290123 -0.00648731
57.12 -0.00331126 -0.00652216
57.24 -0.00372604 -0.006549
57.36 -0.00414282 -0.00656804
57.48 -0.00455892 -0.00657959
57.6 -0.00497175 -0.00658401
57.72 -0.0053788 -0.00658172
57.84 -0.00577772 -0.0065732
57.96 -0.00616626 -0.00655898
58.08 -0.00654233 -0.00653964
58.2 -0.006904 -0.00651578
58.32 -0.0072495 -0.00648802
58.44 -0.00757725 -0.00645703
58.56 -0.00788584 -0.00642347
58.68 -0.00817405 -0.00638801
58.8 -0.00844084 -0.00635131
58.92 -0.00868538 -0.00631405
59.04 -0.008907 -0.00627687
59.16 -0.00910524 -0.0062404
59.28 -0.00927981 -0.00620525
59.4 -0.00943058 -0.00617198
59.52 -0.0095576 -0.00614112
59.64 -0.00966109 -0.00611319
59.76 -0.00974139 -0.00608862
59.88 -0.00979901 -0.00606783
60 -0.00983457 -0.00605117
60.12 -0.0098488 -0.00603893
60.24 -0.00984255 -0.00603137
60.36 -0.00981674 -0.00602869
60.48 -0.00977238 -0.006031
60.6 -0.00971055 -0.00603841
60.72 -0.00963235 -0.00605092
60.84 -0.00953896 -0.00606851
60.96 -0.00943155 -0.00609108
61.08 -0.00931132 -0.00611851
61.2 -0.00917947 -0.0061506
61.32 -0.00903718 -0.00618711
61.44 -0.00888563 -0.00622775
61.56 -0.00872595 -0.00627219
61.68 -0.00855923 -0.00632008
61.8 -0.00838653 -0.00637099
61.92 -0.00820885 -0.0064245
62.04 -0.00802714 -0.00648013
62.16 -0.00784225 -0.00653738
62.28 -0.007655 -0.00659575
62.4 -0.00746613 -0.0066547
62.52 -0.00727629 -0.00671367
62.64 -0.00708608 -0.00677212
62.76 -0.006896 -0.00682947
62.88 -0.00670649 -0.00688516
63 -0.00651791 -0.00693863
63.12 -0.00633055 -0.00698931
63.24 -0.00614464 -0.00703666
63.36 -0.00596033 -0.00708014
63.48 -0.00577771 -0.00711922
63.6 -0.00559682 -0.00715341
63.72 -0.00541765 -0.00718222
63.84 -0.00524013 -0.0072052
63.96 -0.00506415 -0.00722193
64.08 -0.00488957 -0.00723201
64.2 -0.00471621 -0.00723508
64.32 -0.00454385 -0.00723081
64.44 -0.00437229 -0.00721891
64.56 -0.00420127 -0.00719913
64.68 -0.00403054 -0.00717127
64.8 -0.00385985 -0.00713514
64.92 -0.00368893 -0.00709063
65.04 -0.00351753 -0.00703766
65.16 -0.0033454 -0.00697618
65.28 -0.00317232 -0.0069062
65.4 -0.00299805 -0.00682777
65.52 -0.0028224 -0.00674099
65.64 -0.00264519 -0.006646
65.76 -0.00246626 -0.00654297
65.88 -0.0022855 -0.00643214
66 -0.00210279 -0.00631376
66.12 -0.00191807 -0.00618814
66.24 -0.00173131 -0.00605562
66.36 -0.00154249 -0.00591658
66.48 -0.00135163 -0.00577142
66.6 -0.0011588 -0.00562059
66.72 -0.000964086 -0.00546455
66.84 -0.000767604 -0.0053038
66.96 -0.000569505 -0.00513884
67.08 -0.00036997 -0.00497021
67.2 -0.00016921 -0.00479845
67.32 3.25379e-05 -0.0046241
67.44 0.000235009 -0.00444774
67.56 0.000437913 -0.0042699
67.68 0.000640935 -0.00409116
67.8 0.000843738 -0.00391204
67.92 0.00104596 -0.00373309
68.04 0.00124723 -0.0035548
68.16 0.00144714 -0.00337768
68.28 0.00164528 -0.00320218
68.4 0.00184122 -0.00302873
68.52 0.0020345 -0.00285772
68.64 0.00222466 -0.0026895
68.76 0.00241123 -0.00252438
68.88 0.00259371 -0.00236259
69 0.0027716 -0.00220435
69.12 0.00294439 -0.0020498
69.24 0.00311154 -0.00189901
69.36 0.00327252 -0.00175201
69.48 0.00342677 -0.00160874
69.6 0.00357372 -0.00146911
69.72 0.00371282 -0.00133293
69.84 0.00384345 -0.00119996
69.96 0.00396504 -0.00106988
70.08 0.00407696 -0.000942312
70.2 0.00417859 -0.000816823
70.32 0.0042693 -0.000692904
70.44 0.00434843 -0.000569993
70.56 0.00441532 -0.000447472
70.68 0.0044693 -0.000324674
70.8 0.00450968 -0.000200886
70.92 0.00453577 -7.5354e-05
71.04 0.00454685 5.27059e-05
71.16 0.0045422 0.000184105
71.28 0.0045211 0.000319672
71.4 0.00448281 0.000460245
71.52 0.00442658 0.000606665
71.64 0.00435167 0.000759761
71.76 0.00425733 0.000920347
71.88 0.00414283 0.00108921
72 0.00400741 0.0012671
72.12 0.00385034 0.00145472
72.24 0.00367092 0.0016527
72.36 0.00346844 0.00186164
72.48 0.00324223 0.00208202
72.6 0.00299164 0.00231427
72.72 0.00271607 0.0025587
72.84 0.00241494 0.00281552
72.96 0.00208774 0.00308485
73.08 0.00173402 0.00336665
73.2 0.00135337 0.0036608
73.32 0.000945484 0.00396702
73.44 0.000510124 0.0042849
73.56 4.71465e-05 0.00461389
73.68 -0.00044349 0.00495331
73.8 -0.000961715 0.00530232
73.92 -0.00150734 0.00565996
74.04 -0.00208003 0.00602509
74.16 -0.00267935 0.00639647
74.28 -0.00330466 0.00677271
74.4 -0.0039552 0.00715228
74.52 -0.00463004 0.00753354
74.64 -0.00532806 0.00791472
74.76 -0.00604796 0.00829396
74.88 -0.00678826 0.00866927
75 -0.00754726 0.00903862
75.12 -0.00832308 0.00939987
75.24 -0.00911363 0.00975083
75.36 -0.0099166 0.0100893
75.48 -0.0107295 0.0104129
75.6 -0.0115495 0.0107194
75.72 -0.0123738 0.0110066
75.84 -0.0131992 0.0112722
75.96 -0.0140224 0.0115138
76.08 -0.0148397 0.0117294
76.2 -0.0156475 0.0119169
76.32 -0.0164419 0.0120741
76.44 -0.0172187 0.0121991
76.56 -0.0179737 0.0122902
76.68 -0.0187026 0.0123456
76.8 -0.0194009 0.0123639
76.92 -0.0200639 0.0123435
77.04 -0.0206871 0.0122833
77.16 -0.0212656 0.0121822
77.28 -0.0217948 0.0120395
77.4 -0.0222698 0.0118545
77.52 -0.022686 0.0116267
77.64 -0.0230386 0.0113559
77.76 -0.0233232 0.0110422
77.88 -0.0235352 0.0106857
78 -0.0236704 0.010287
78.12 -0.0237246 0.00984653
78.24 -0.023694 0.00936533
78.36 -0.0235749 0.00884445
78.48 -0.0233641 0.00828519
78.6 -0.0230584 0.00768904
78.72 -0.0226553 0.00705767
78.84 -0.0221526 0.00639296
78.96 -0.0215485 0.00569693
79.08 -0.0208415 0.00497177
79.2 -0.0200309 0.0042198
79.32 -0.0191163 0.00344346
79.44 -0.0180979 0.00264533
79.56 -0.0169765 0.00182804
79.68 -0.0157535 0.000994345
79.8 -0.0144307 0.000147027
79.92 -0.0130107 -0.000711073
80.04 -0.0114967 -0.00157709
80.16 -0.00989241 -0.00244813
80.28 -0.00820234 -0.00332133
80.4 -0.00643146 -0.00419382
80.52 -0.00458542 -0.00506276
80.64 -0.00267045 -0.00592538
80.76 -0.000693363 -0.00677894
80.88 0.00133848 -0.00762076
81 0.00341718 -0.00844826
81.12 0.00553432 -0.00925892
81.24 0.00768105 -0.0100503
81.36 0.00984808 -0.0108201
81.48 0.0120257 -0.011566
81.6 0.014204 -0.012286
81.72 0.0163725 -0.0129779
81.84 0.0185209 -0.0136398
81.96 0.0206384 -0.0142698
82.08 0.0227142 -0.0148661
82.2 0.0247375 -0.0154271
82.32 0.0266974 -0.015951
82.44 0.0285833 -0.0164362
82.56 0.0303844 -0.0168813
82.68 0.0320906 -0.0172847
82.8 0.0336917 -0.017645
82.92 0.035178 -0.0179607
83.04 0.0365402 -0.0182303
83.16 0.0377697 -0.0184524
83.28 0.0388581 -0.0186256
83.4 0.0397979 -0.0187483
83.52 0.0405823 -0.018819
83.64 0.041205 -0.0188361
83.76 0.0416609 -0.0187981
83.88 0.0419452 -0.0187033
84 0.0420545 -0.0185499
84.12 0.0419861 -0.0183362
84.24 0.0417384 -0.0180602
84.36 0.0413105 -0.0177202
84.48 0.0407028 -0.0173142
84.6 0.0399168 -0.0168402
84.72 0.0389547 -0.0162962
84.84 0.0378201 -0.0156802
84.96 0.0365175 -0.0149902
85.08 0.0350524 -0.0142241
85.2 0.0334314 -0.0133801
85.32 0.031662 -0.0124561
85.44 0.0297529 -0.0114503
85.56 0.0277134 -0.0103612
85.68 0.025554 -0.00918706
85.8 0.0232858 -0.00792653
85.92 0.0209208 -0.00657845
86.04 0.0184717 -0.00514186
86.16 0.0159518 -0.00361608
86.28 0.0133752 -0.00200075
86.4 0.0107562 -0.000295825
86.52 0.00810972 0.00149834
86.64 0.00545098 0.00338102
86.76 0.00279545 0.00535102
86.88 0.000158774 0.00740672
87 -0.00244334 0.00954597
87.12 -0.00499517 0.0117661
87.24 -0.00748114 0.014064
87.36 -0.00988586 0.0164359
87.48 -0.0121942 0.0188774
87.6 -0.0143915 0.0213838
87.72 -0.0164635 0.0239494
87.84 -0.0183966 0.0265682
87.96 -0.0201776 0.0292336
88.08 -0.0217944 0.0319384
88.2 -0.0232355 0.0346746
88.32 -0.0244902 0.0374341
88.44 -0.025549 0.0402078
88.56 -0.0264031 0.0429864
88.68 -0.0270451 0.0457601
88.8 -0.0274686 0.0485187
88.92 -0.0276682 0.0512515
89.04 -0.0276399 0.0539476
89.16 -0.027381 0.0565958
89.28 -0.0268899 0.0591846
89.4 -0.0261664 0.0617025
89.52 -0.0252114 0.0641379
89.64 -0.0240275 0.0664791
89.76 -0.0226181 0.0687146
89.88 -0.0209883 0.0708329
90 -0.0191443 0.0728229
90.12 -0.0170935 0.0746735
90.24 -0.0148445 0.0763744
90.36 -0.0124072 0.0779154
90.48 -0.00979253 0.079287
90.6 -0.00701254 0.0804804
90.72 -0.00408024 0.0814871
90.84 -0.00100964 0.0822999
90.96 0.00218439 0.082912
91.08 0.00548616 0.0833177
91.2 0.00887924 0.0835121
91.32 0.0123466 0.0834914
91.44 0.0158705 0.0832529
91.56 0.0194328 0.0827948
91.68 0.0230151 0.0821166
91.8 0.0265985 0.0812188
91.92 0.030164 0.0801032
92.04 0.0336925 0.0787726
92.16 0.0371647 0.0772311
92.28 0.0405617 0.0754839
92.4 0.0438645 0.0735374
92.52 0.0470546 0.0713991
92.64 0.0501136 0.0690775
92.76 0.0530237 0.0665824
92.88 0.0557677 0.0639243
93 0.0583288 0.0611147
93.12 0.0606913 0.0581663
93.24 0.0628398 0.0550922
93.36 0.0647602 0.0519063
93.48 0.0664391 0.0486235
93.6 0.0678641 0.0452587
93.72 0.0690239 0.0418277
93.84 0.0699084 0.0383466
93.96 0.0705086 0.0348315
94.08 0.0708167 0.0312989
94.2 0.0708262 0.0277653
94.32 0.0705319 0.0242472
94.44 0.0699299 0.0207608
94.56 0.0690176 0.0173221
94.68 0.0677939 0.0139469
94.8 0.0662589 0.0106503
94.92 0.0644143 0.00744695
95.04 0.0622629 0.00435089
95.16 0.059809 0.00137536
95.28 0.0570584 -0.0014672
95.4 0.0540181 -0.00416521
95.52 0.0506963 -0.00670808
95.64 0.0471026 -0.00908622
95.76 0.0432478 -0.0112911
95.88 0.039144 -0.0133153
96 0.0348043 -0.0151525
96.12 0.030243 -0.0167977
96.24 0.0254754 -0.0182469
96.36 0.0205176 -0.0194973
96.48 0.0153869 -0.0205474
96.6 0.0101013 -0.0213967
96.72 0.00467947 -0.0220461
96.84 -0.000859115 -0.0224973
96.96 -0.00649444 -0.0227534
97.08 -0.012206 -0.0228182
97.2 -0.0179727 -0.0226967
97.32 -0.0237734 -0.0223948
97.44 -0.0295864 -0.0219191
97.56 -0.0353901 -0.0212771
97.68 -0.0411626 -0.020477
97.8 -0.0468822 -0.0195275
97.92 -0.0525272 -0.0184379
98.04 -0.0580762 -0.017218
98.16 -0.0635079 -0.0158779
98.28 -0.0688018 -0.0144278
98.4 -0.0739374 -0.0128784
98.52 -0.0788949 -0.0112402
98.64 -0.0836553 -0.00952387
98.76 -0.0882002 -0.00773987
98.88 -0.0925119 -0.00589859
99 -0.0965737 -0.00401015
99.12 -0.10037 -0.00208436
99.24 -0.103885 -0.000130691
99.36 -0.107106 0.00184186
99.48 -0.110021 0.00382473
99.6 -0.112616 0.00580992
99.72 -0.114883 0.00778995
99.84 -0.116812 0.00975794
99.96 -0.118395 0.0117076
100.08 -0.119626 0.0136333
100.2 -0.1205 0.0155301
100.32 -0.121013 0.0173934
100.44 -0.121162 0.0192194
100.56 -0.120946 0.021005
100.68 -0.120366 0.0227475
100.8 -0.119423 0.0244447
100.92 -0.11812 0.026095
101.04 -0.116461 0.0276971
101.16 -0.114452 0.0292503
101.28 -0.1121 0.030754
101.4 -0.109413 0.0322081
101.52 -0.1064 0.0336126
101.64 -0.103071 0.0349676
101.76 -0.0994376 0.0362735
101.88 -0.0955131 0.0375305
102 -0.0913105 0.0387389
102.12 -0.0868445 0.039899
102.24 -0.0821304 0.0410107
102.36 -0.0771845 0.0420738
102.48 -0.0720237 0.043088
102.6 -0.0666656 0.0440525
102.72 -0.0611286 0.0449663
102.84 -0.0554313 0.0458279
102.96 -0.0495931 0.0466353
103.08 -0.0436336 0.0473864
103.2 -0.0375728 0.0480784
103.32 -0.0314309 0.0487081
103.44 -0.0252284 0.0492717
103.56 -0.0189856 0.0497654
103.68 -0.0127232 0.0501845
103.8 -0.0064617 0.0505241
103.92 -0.000221356 0.050779
104.04 0.00597759 0.0509435
104.16 0.0121152 0.0510119
104.28 0.0181718 0.050978
104.4 0.0241282 0.0508356
104.52 0.0299656 0.0505785
104.64 0.0356656 0.0502003
104.76 0.0412105 0.0496948
104.88 0.0465832 0.0490559
105 0.0517671 0.0482777
105.12 0.0567464 0.0473549
105.24 0.0615061 0.0462823
105.36 0.0660319 0.0450554
105.48 0.0703104 0.0436701
105.6 0.0743292 0.0421233
105.72 0.0780765 0.0404125
105.84 0.0815417 0.038536
105.96 0.084715 0.0364931
106.08 0.0875876 0.0342841
106.2 0.090152 0.0319104
106.32 0.0924014 0.0293745
106.44 0.0943301 0.02668
106.56 0.0959337 0.0238318
106.68 0.0972086 0.0208361
106.8 0.0981525 0.0177002
106.92 0.0987641 0.0144328
107.04 0.0990432 0.0110437
107.16 0.0989908 0.00754431
107.28 0.0986089 0.00394689
107.4 0.0979007 0.000265091
107.52 0.0968702 -0.00348631
107.64 0.0955229 -0.00729145
107.76 0.0938651 -0.0111334
107.88 0.0919042 -0.0149944
108 0.0896486 -0.0188558
108.12 0.0871077 -0.022698
108.24 0.084292 -0.0265011
108.36 0.0812128 -0.0302444
108.48 0.0778824 -0.0339069
108.6 0.0743138 -0.0374672
108.72 0.070521 -0.0409042
108.84 0.0665188 -0.0441962
108.96 0.0623227 -0.0473221
109.08 0.0579488 -0.050261
109.2 0.0534139 -0.0529923
109.32 0.0487353 -0.0554963
109.44 0.043931 -0.0577537
109.56 0.0390194 -0.0597464
109.68 0.034019 -0.0614573
109.8 0.0289489 -0.0628703
109.92 0.0238284 -0.0639708
110.04 0.0186768 -0.0647456
110.16 0.0135138 -0.065183
110.28 0.00835876 -0.0652731
110.4 0.00323116 -0.0650076
110.52 -0.00184972 -0.0643803
110.64 -0.00686485 -0.0633868
110.76 -0.0117955 -0.0620247
110.88 -0.0166233 -0.0602936
111 -0.0213305 -0.0581955
111.12 -0.0258998 -0.0557342
111.24 -0.0303146 -0.0529158
111.36 -0.0345589 -0.0497485
111.48 -0.0386176 -0.0462427
111.6 -0.0424765 -0.0424109
111.72 -0.0461222 -0.0382675
111.84 -0.0495425 -0.0338291
111.96 -0.052726 -0.029114
112.08 -0.0556626 -0.0241427
112.2 -0.0583433 -0.0189372
112.32 -0.0607602 -0.013521
112.44 -0.0629069 -0.00791949
112.56 -0.0647779 -0.0021592
112.68 -0.0663693 0.00373202
112.8 -0.0676784 0.00972519
112.92 -0.0687037 0.0157904
113.04 -0.069445 0.021897
113.16 -0.0699037 0.0280137
113.28 -0.0700822 0.0341086
113.4 -0.0699842 0.0401499
113.52 -0.0696146 0.0461052
113.64 -0.0689796 0.0519427
113.76 -0.0680865 0.0576306
113.88 -0.0669436 0.0631375
114 -0.0655604 0.0684328
114.12 -0.0639471 0.0734866
114.24 -0.062115 0.0782699
114.36 -0.0600761 0.082755
114.48 -0.057843 0.0869153
114.6 -0.0554293 0.0907259
114.72 -0.0528486 0.0941631
114.84 -0.0501153 0.0972052
114.96 -0.0472441 0.0998323
115.08 -0.0442498 0.102026
115.2 -0.0411473 0.103771
115.32 -0.0379516 0.105054
115.44 -0.0346778 0.105862
115.56 -0.0313404 0.106186
115.68 -0.027954 0.106019
115.8 -0.0245325 0.105358
115.92 -0.0210897 0.104199
116.04 -0.0176386 0.102542
116.16 -0.0141915 0.100392
116.28 -0.0107603 0.0977514
116.4 -0.00735567 0.0946293
116.52 -0.00398785 0.091035
116.64 -0.000665974 0.0869808
116.76 0.00260172 0.0824809
116.88 0.00580796 0.0775521
117 0.00894649 0.0722129
117.12 0.0120121 0.066484
117.24 0.0150005 0.0603881
117.36 0.0179087 0.0539495
117.48 0.0207343 0.0471942
117.6 0.0234764 0.0401499
117.72 0.0261346 0.0328455
117.84 0.0287098 0.0253115
117.96 0.0312036 0.0175791
118.08 0.0336185 0.00968089
118.2 0.0359576 0.00165003
118.32 0.038225 -0.00647956
118.44 0.0404252 -0.0146735
118.56 0.0425633 -0.022897
118.68 0.0446449 -0.0311151
118.8 0.0466759 -0.0392929
118.92 0.0486626 -0.0473955
119.04 0.0506113 -0.0553885
119.16 0.0525285 -0.0632378
119.28 0.0544207 -0.0709099
119.4 0.0562942 -0.0783723
119.52 0.0581551 -0.0855932
119.64 0.0600094 -0.092542
119.76 0.0618625 -0.0991892
119.88 0.0637193 -0.105507
120 0.0655844 -0.111468
