-0.999 -2.57144e-05 -4.30625e-05
-0.998 -0.000116901 -0.000182625
-0.997 -0.000299334 -0.000418407
-0.996 -0.000590883 -0.000725183
-0.995 -0.000979911 -0.00105865
-0.994 -0.00141412 -0.00137146
-0.993 -0.00181439 -0.00163212
-0.992 -0.00211038 -0.00183757
-0.991 -0.0022755 -0.00201107
-0.99 -0.00233685 -0.00218411
-0.989 -0.00235115 -0.00237182
-0.988 -0.00235812 -0.00255854
-0.987 -0.00233717 -0.00270668
-0.986 -0.00219938 -0.00278972
-0.985 -0.00183989 -0.00283868
-0.984 -0.00124852 -0.00298465
-0.983 -0.000629563 -0.00347653
-0.982 -0.00044927 -0.00465136
-0.981 -0.00135012 -0.00684693
-0.98 -0.00394079 -0.010278
-0.979 -0.0085426 -0.0149247
-0.978 -0.0150002 -0.0204822
-0.977 -0.0226412 -0.0263934
-0.976 -0.0304197 -0.0319599
-0.975 -0.0372163 -0.0365039
-0.974 -0.0422014 -0.0395429
-0.973 -0.0451042 -0.0409168
-0.972 -0.0462347 -0.0408021
-0.971 -0.0462141 -0.0395936
-0.97 -0.0455464 -0.0377057
-0.969 -0.0442567 -0.0353861
-0.968 -0.0417717 -0.0326148
-0.967 -0.0370946 -0.0291216
-0.966 -0.0292207 -0.0245298
-0.965 -0.0176698 -0.0186052
-0.964 -0.00295623 -0.0115365
-0.963 0.0132395 -0.00410345
-0.962 0.0283785 0.00239449
-0.961 0.0397935 0.00644524
-0.96 0.0455098 0.00673697
-0.959 0.0447789 0.00253471
-0.958 0.0381532 -0.00606189
-0.957 0.0271555 -0.0180388
-0.956 0.0137028 -0.0316472
-0.955 -0.000541578 -0.0448809
-0.954 -0.0146984 -0.0561118
-0.953 -0.0288613 -0.0645822
-0.952 -0.0437836 -0.0705236
-0.951 -0.0602086 -0.0749279
-0.95 -0.0782595 -0.0791466
-0.949 -0.0972293 -0.0844469
-0.948 -0.115789 -0.0915657
-0.947 -0.132419 -0.100364
-0.946 -0.145831 -0.109811
-0.945 -0.155277 -0.118449
-0.944 -0.160667 -0.125108
-0.943 -0.162454 -0.129469
-0.942 -0.161278 -0.132171
-0.941 -0.157598 -0.13456
-0.94 -0.151585 -0.138245
-0.939 -0.143334 -0.144551
-0.938 -0.133098 -0.15389
-0.937 -0.12133 -0.165245
-0.936 -0.108452 -0.176146
-0.935 -0.0944564 -0.183308
-0.934 -0.0785729 -0.183669
-0.933 -0.0592223 -0.175307
-0.932 -0.034468 -0.157972
-0.931 -0.00305822 -0.133205
-0.93 0.0342231 -0.104082
-0.929 0.0736554 -0.0745645
-0.928 0.108832 -0.0485233
-0.927 0.132155 -0.028802
-0.926 0.137096 -0.0168012
-0.925 0.120449 -0.0127028
-0.924 0.0837297 -0.0160075
-0.923 0.0330632 -0.026059
-0.922 -0.0226752 -0.042472
-0.921 -0.0750808 -0.0654194
-0.92 -0.119616 -0.095589
-0.919 -0.157488 -0.133625
-0.918 -0.194843 -0.179204
-0.917 -0.239357 -0.230297
-0.916 -0.29556 -0.283094
-0.915 -0.360898 -0.332532
-0.914 -0.424442 -0.37304
-0.913 -0.469148 -0.399402
-0.912 -0.477207 -0.40784
-0.911 -0.436832 -0.397087
-0.91 -0.347966 -0.368866
-0.909 -0.224368 -0.327329
-0.908 -0.0906211 -0.277721
-0.907 0.0254325 -0.225109
-0.906 0.102231 -0.173722
-0.905 0.132099 -0.126719
-0.904 0.123498 -0.0860533
-0.903 0.0968528 -0.0526162
-0.902 0.0756728 -0.0269655
-0.901 0.0764357 -0.0103068
-0.9 0.101093 -0.00486205
-0.899 0.135206 -0.0130862
-0.898 0.152968 -0.0362254
-0.897 0.127957 -0.0732626
-0.896 0.0458175 -0.120729
-0.895 -0.0866813 -0.173078
-0.894 -0.240843 -0.223372
-0.893 -0.374514 -0.264516
-0.892 -0.446648 -0.291077
-0.891 -0.432289 -0.300943
-0.89 -0.332378 -0.295792
-0.889 -0.174749 -0.280026
-0.888 -0.00565644 -0.258986
-0.887 0.125763 -0.237482
-0.886 0.184807 -0.218983
-0.885 0.163487 -0.205257
-0.884 0.0824105 -0.196561
-0.883 -0.0187985 -0.192657
-0.882 -0.0985314 -0.194329
-0.881 -0.130666 -0.204319
-0.88 -0.115526 -0.226766
-0.879 -0.0801483 -0.265423
-0.878 -0.0676567 -0.321764
-0.877 -0.11956 -0.393901
-0.876 -0.257573 -0.476344
-0.875 -0.47221 -0.560464
-0.874 -0.723039 -0.635916
-0.873 -0.950898 -0.693217
-0.872 -1.09761 -0.726546
-0.871 -1.12584 -0.735167
-0.87 -1.03173 -0.72261
-0.869 -0.845305 -0.694355
-0.868 -0.618927 -0.655594
-0.867 -0.408233 -0.609956
-0.866 -0.253235 -0.558999
-0.865 -0.166415 -0.502228
-0.864 -0.131707 -0.438063
-0.863 -0.113952 -0.365953
-0.862 -0.0747767 -0.288567
-0.861 0.0111517 -0.21228
-0.86 0.145624 -0.145269
-0.859 0.306072 -0.0944385
-0.858 0.45429 -0.0631363
-0.857 0.550631 -0.0505986
-0.856 0.56788 -0.0526479
-0.855 0.499786 -0.06303
-0.854 0.361612 -0.0754355
-0.853 0.183323 -0.0861085
-0.852 -0.00119905 -0.0958771
-0.851 -0.164474 -0.11006
-0.85 -0.291728 -0.135962
-0.849 -0.382023 -0.179475
-0.848 -0.445545 -0.242844
-0.847 -0.498968 -0.324446
-0.846 -0.560124 -0.419996
-0.845 -0.643026 -0.524277
-0.844 -0.754817 -0.63286
-0.843 -0.895232 -0.743287
-0.842 -1.05694 -0.854882
-0.841 -1.22466 -0.966813
-0.84 -1.37337 -1.07525
-0.839 -1.46944 -1.17138
-0.838 -1.47795 -1.24178
-0.837 -1.37462 -1.27114
-0.836 -1.15617 -1.24641
-0.835 -0.843989 -1.16095
-0.834 -0.480585 -1.01704
-0.833 -0.120696 -0.825654
-0.832 0.182044 -0.603272
-0.831 0.39177 -0.367009
-0.83 0.504969 -0.130372
-0.829 0.553797 0.0983394
-0.828 0.592261 0.314523
-0.827 0.669846 0.51353
-0.826 0.805685 0.686363
-0.825 0.975214 0.816771
-0.824 1.11333 0.88173
-0.823 1.13209 0.856297
-0.822 0.949401 0.721801
-0.821 0.522314 0.47418
-0.82 -0.126404 0.128531
-0.819 -0.902885 -0.282469
-0.818 -1.66527 -0.715766
-0.817 -2.26813 -1.12822
-0.816 -2.60962 -1.48667
-0.815 -2.66307 -1.77448
-0.814 -2.48367 -1.99201
-0.813 -2.18879 -2.15047
-0.812 -1.9167 -2.26152
-0.811 -1.77524 -2.32715
-0.81 -1.79914 -2.33502
-0.809 -1.93525 -2.26174
-0.808 -2.06405 -2.08278
-0.807 -2.04909 -1.78543
-0.806 -1.79362 -1.37966
-0.805 -1.28303 -0.902225
-0.804 -0.598914 -0.411462
-0.803 0.100618 0.0264585
-0.802 0.630544 0.355281
-0.801 0.842897 0.54394
-0.8 0.681004 0.59347
-0.799 0.201808 0.533023
-0.798 -0.442917 0.406599
-0.797 -1.05843 0.255351
-0.796 -1.47179 0.102174
-0.795 -1.58724 -0.0550267
-0.794 -1.41525 -0.238416
-0.793 -1.06573 -0.475803
-0.792 -0.706319 -0.782999
-0.791 -0.499828 -1.15051
-0.79 -0.544443 -1.54009
-0.789 -0.839499 -1.89278
-0.788 -1.28909 -2.14579
-0.787 -1.74001 -2.25271
-0.786 -2.03761 -2.19954
-0.785 -2.07946 -2.00955
-0.784 -1.85005 -1.73482
-0.783 -1.42673 -1.43787
-0.782 -0.954888 -1.17122
-0.781 -0.599954 -0.962856
-0.78 -0.492045 -0.812331
-0.779 -0.682814 -0.697866
-0.778 -1.13072 -0.591108
-0.777 -1.71886 -0.473718
-0.776 -2.29518 -0.349101
-0.775 -2.71882 -0.244044
-0.774 -2.89913 -0.199264
-0.773 -2.8199 -0.253092
-0.772 -2.54365 -0.425635
-0.771 -2.19251 -0.70991
-0.77 -1.90851 -1.07288
-0.769 -1.80597 -1.4652
-0.768 -1.93515 -1.83527
-0.767 -2.26995 -2.1424
-0.766 -2.71837 -2.36444
-0.765 -3.14725 -2.49769
-0.764 -3.41562 -2.54961
-0.763 -3.41355 -2.52861
-0.762 -3.09851 -2.43636
-0.761 -2.51437 -2.26647
-0.76 -1.78112 -2.00999
-0.759 -1.05795 -1.66437
-0.758 -0.495919 -1.2411
-0.757 -0.196864 -0.767919
-0.756 -0.186206 -0.284761
-0.755 -0.403435 0.16511
-0.754 -0.717115 0.545137
-0.753 -0.968269 0.832437
-0.752 -1.03153 1.01835
-0.751 -0.869206 1.10221
-0.75 -0.553971 1.08146
-0.749 -0.251794 0.943949
-0.748 -0.173764 0.667533
-0.747 -0.51139 0.228561
-0.746 -1.36943 -0.384097
-0.745 -2.71493 -1.15537
-0.744 -4.36603 -2.03667
-0.743 -6.03417 -2.949
-0.742 -7.40818 -3.79759
-0.741 -8.24795 -4.49424
-0.74 -8.45294 -4.97985
-0.739 -8.08606 -5.23786
-0.738 -7.34942 -5.29245
-0.737 -6.51706 -5.19227
-0.736 -5.83865 -4.98637
-0.735 -5.44552 -4.70229
-0.734 -5.30037 -4.33493
-0.733 -5.21643 -3.8512
-0.732 -4.93763 -3.20987
-0.731 -4.24435 -2.39001
-0.73 -3.04549 -1.4161
-0.729 -1.43036 -0.368137
-0.728 0.334068 0.629364
-0.727 1.86717 1.43689
-0.726 2.79012 1.93772
-0.725 2.85423 2.07072
-0.724 2.02802 1.8465
-0.723 0.50623 1.34106
-0.722 -1.35742 0.668231
-0.721 -3.16182 -0.0592309
-0.72 -4.57593 -0.76511
-0.719 -5.43217 -1.42831
-0.718 -5.77109 -2.07822
-0.717 -5.8162 -2.76927
-0.716 -5.8786 -3.54462
-0.715 -6.22671 -4.40316
-0.714 -6.97774 -5.28328
-0.713 -8.05393 -6.07092
-0.712 -9.21112 -6.63011
-0.711 -10.1187 -6.84468
-0.71 -10.4635 -6.65506
-0.709 -10.0541 -6.0778
-0.708 -8.89502 -5.20227
-0.707 -7.20067 -4.1658
-0.706 -5.3325 -3.11465
-0.705 -3.68404 -2.16401
-0.704 -2.56129 -1.37159
-0.703 -2.10166 -0.734597
-0.702 -2.24813 -0.209219
-0.701 -2.77555 0.257943
-0.7 -3.36184 0.699976
-0.699 -3.69263 1.11019
-0.698 -3.57063 1.43752
-0.697 -2.98709 1.59891
-0.696 -2.12388 1.50669
-0.695 -1.28884 1.10178
-0.694 -0.815247 0.379401
-0.693 -0.959872 -0.603135
-0.692 -1.82245 -1.73758
-0.691 -3.30298 -2.88775
-0.69 -5.11544 -3.91668
-0.689 -6.86578 -4.71361
-0.688 -8.17351 -5.21575
-0.687 -8.79051 -5.41752
-0.686 -8.67323 -5.36232
-0.685 -7.98913 -5.12094
-0.684 -7.06388 -4.76683
-0.683 -6.28425 -4.35731
-0.682 -5.97585 -3.92303
-0.681 -6.28834 -3.46514
-0.68 -7.13373 -2.96246
-0.679 -8.21033 -2.39085
-0.678 -9.10628 -1.74902
-0.677 -9.4423 -1.07759
-0.676 -9.00422 -0.461365
-0.675 -7.82899 -0.0154041
-0.674 -6.22076 0.138279
-0.673 -4.68175 -0.10165
-0.672 -3.76188 -0.785705
-0.671 -3.87042 -1.88767
-0.67 -5.12322 -3.29715
-0.669 -7.2888 -4.84046
-0.668 -9.85051 -6.32279
-0.667 -12.158 -7.57281
-0.666 -13.621 -8.47448
-0.665 -13.8943 -8.98294
-0.664 -12.9973 -9.12511
-0.663 -11.3162 -8.98149
-0.662 -9.46683 -8.64723
-0.661 -8.06278 -8.18477
-0.66 -7.48607 -7.59425
-0.659 -7.74979 -6.8198
-0.658 -8.49727 -5.78555
-0.657 -9.12944 -4.44039
-0.656 -9.02043 -2.79492
-0.655 -7.76009 -0.944577
-0.654 -5.34245 0.926169
-0.653 -2.21906 2.56926
-0.652 0.822306 3.73217
-0.651 2.9153 4.23226
-0.65 3.40748 4.01116
-0.649 2.07822 3.14493
-0.648 -0.787887 1.81268
-0.647 -4.48972 0.242754
-0.646 -8.13197 -1.34731
-0.645 -10.9132 -2.80561
-0.644 -12.384 -4.0807
-0.643 -12.5808 -5.21802
-0.642 -11.9813 -6.3126
-0.641 -11.2978 -7.43956
-0.64 -11.1917 -8.59835
-0.639 -12.0156 -9.69433
-0.638 -13.6729 -10.5579
-0.637 -15.644 -10.9901
-0.636 -17.1667 -10.8234
-0.635 -17.5066 -9.98306
-0.634 -16.2233 -8.5271
-0.633 -13.341 -6.64201
-0.632 -9.36446 -4.59217
-0.631 -5.13218 -2.64554
-0.63 -1.55487 -1.00717
-0.629 0.671203 0.220776
-0.628 1.27387 1.04878
-0.627 0.464484 1.57839
-0.626 -1.16624 1.95115
-0.625 -2.86755 2.28211
-0.624 -3.98477 2.60635
-0.623 -4.17383 2.86401
-0.622 -3.50917 2.92681
-0.621 -2.44781 2.64678
-0.62 -1.65789 1.90605
-0.619 -1.77295 0.658171
-0.618 -3.16625 -1.0447
-0.617 -5.82602 -3.05066
-0.616 -9.36268 -5.14226
-0.615 -13.1291 -7.0965
-0.614 -16.4116 -8.74341
-0.613 -18.6388 -9.99753
-0.612 -19.5469 -10.8578
-0.611 -19.2418 -11.3875
-0.61 -18.138 -11.6842
-0.609 -16.8009 -11.8408
-0.608 -15.7599 -11.9057
-0.607 -15.3472 -11.8572
-0.606 -15.5985 -11.6102
-0.605 -16.2362 -11.0516
-0.604 -16.7486 -10.0875
-0.603 -16.5566 -8.6819
-0.602 -15.2132 -6.88019
-0.601 -12.562 -4.81724
-0.6 -8.80678 -2.70547
-0.599 -4.48369 -0.798476
-0.598 -0.352648 0.663504
-0.597 2.78217 1.50807
-0.596 4.29719 1.66733
-0.595 3.95037 1.1876
-0.594 1.96805 0.212405
-0.593 -1.02825 -1.05628
-0.592 -4.22143 -2.41118
-0.591 -6.84411 -3.69287
-0.59 -8.39905 -4.82306
-0.589 -8.81091 -5.80586
-0.588 -8.46188 -6.69958
-0.587 -8.06152 -7.57008
-0.586 -8.3599 -8.43932
-0.585 -9.81451 -9.24577
-0.584 -12.3667 -9.83517
-0.583 -15.4242 -9.99375
-0.582 -18.0375 -9.51908
-0.581 -19.1963 -8.30214
-0.58 -18.1626 -6.38667
-0.579 -14.765 -3.98517
-0.578 -9.54755 -1.44832
-0.577 -3.67296 0.806323
-0.576 1.42633 2.39294
-0.575 4.51551 3.05731
-0.574 4.94814 2.74262
-0.573 2.84189 1.59285
-0.572 -0.990249 -0.108428
-0.571 -5.31019 -2.03602
-0.57 -8.85696 -3.91872
-0.569 -10.7764 -5.604
-0.568 -10.9239 -7.07696
-0.567 -9.89663 -8.42861
-0.566 -8.76347 -9.78077
-0.565 -8.61394 -11.1933
-0.564 -10.116 -12.5932
-0.563 -13.241 -13.7606
-0.562 -17.2279 -14.3791
-0.561 -20.7932 -14.1331
-0.56 -22.5408 -12.8152
-0.559 -21.4563 -10.4118
-0.558 -17.3041 -7.13996
-0.557 -10.759 -3.41868
-0.556 -3.21792 0.221801
-0.555 3.62867 3.26664
-0.554 8.30169 5.33721
-0.553 9.95782 6.26767
-0.552 8.6141 6.11754
-0.551 5.10523 5.12208
-0.55 0.774163 3.59776
-0.549 -3.00432 1.83319
-0.548 -5.28929 0.00352263
-0.547 -5.8571 -1.86151
-0.546 -5.2181 -3.84765
-0.545 -4.38662 -6.08107
-0.544 -4.49528 -8.63997
-0.543 -6.37464 -11.4832
-0.542 -10.2273 -14.4168
-0.541 -15.5092 -17.1128
-0.54 -21.0704 -19.1805
-0.539 -25.5053 -20.2733
-0.538 -27.5866 -20.1913
-0.537 -26.6416 -18.9441
-0.536 -22.7663 -16.7537
-0.535 -16.8219 -14.0043
-0.534 -10.2105 -11.1526
-0.533 -4.48198 -8.62119
-0.532 -0.88251 -6.69609
-0.531 0.0128301 -5.46058
-0.53 -1.53459 -4.79218
-0.529 -4.51187 -4.42399
-0.528 -7.46354 -4.04528
-0.527 -8.94206 -3.4063
-0.526 -7.9745 -2.39906
-0.525 -4.40277 -1.09634
-0.524 1.02115 0.262461
-0.523 6.83448 1.34319
-0.522 11.3115 1.83046
-0.521 13.0256 1.54258
-0.52 11.3467 0.503083
-0.519 6.69945 -1.05649
-0.518 0.475705 -2.76234
-0.517 -5.39846 -4.21422
-0.516 -9.10758 -5.12009
-0.515 -9.58885 -5.4078
-0.514 -6.94965 -5.26926
-0.513 -2.5017 -5.10878
-0.512 1.63207 -5.40631
-0.511 3.23994 -6.54349
-0.51 0.841211 -8.65231
-0.509 -5.69708 -11.5355
-0.508 -14.9977 -14.6883
-0.507 -24.5479 -17.425
-0.506 -31.4892 -19.0798
-0.505 -33.558 -19.2179
-0.504 -29.87 -17.7767
-0.503 -21.2764 -15.0844
-0.502 -10.1395 -11.7505
-0.501 0.437945 -8.47173
-0.5 7.67851 -5.81413
-0.499 10.0948 -4.04034
-0.498 7.9822 -3.04222
-0.497 3.26064 -2.41227
-0.496 -1.26037 -1.63529
-0.495 -2.93273 -0.326773
-0.494 -0.281722 1.57984
-0.493 6.37389 3.76961
-0.492 14.9441 5.62505
-0.491 22.2684 6.41957
-0.49 25.261 5.56815
-0.489 22.0655 2.85644
-0.488 12.78 -1.43622
-0.487 -0.507596 -6.57838
-0.486 -14.368 -11.5894
-0.485 -25.1369 -15.5304
-0.484 -30.1131 -17.7767
-0.483 -28.4431 -18.1804
-0.482 -21.3684 -17.0812
-0.481 -11.7313 -15.166
-0.48 -2.9258 -13.2208
-0.479 2.30135 -11.8547
-0.478 2.7551 -11.3005
-0.477 -0.897654 -11.3682
-0.476 -6.48184 -11.5662
-0.475 -11.183 -11.3321
-0.474 -12.6186 -10.2771
-0.473 -9.72732 -8.36057
-0.472 -3.15065 -5.94035
-0.471 5.02502 -3.67741
-0.47 12.0394 -2.32026
-0.469 15.4291 -2.44272
-0.468 13.8475 -4.23611
-0.467 7.4781 -7.43449
-0.466 -2.06279 -11.391
-0.465 -12.2755 -15.2648
-0.464 -20.5783 -18.2528
-0.463 -25.0745 -19.8018
-0.462 -25.0287 -19.7418
-0.461 -20.9286 -18.2963
-0.46 -14.1872 -15.9655
-0.459 -6.64279 -13.3373
-0.458 -0.0309933 -10.906
-0.457 4.44366 -8.95734
-0.456 6.34457 -7.53559
-0.455 6.0082 -6.47941
-0.454 4.34547 -5.51257
-0.453 2.53332 -4.37137
-0.452 1.69933 -2.92809
-0.451 2.65346 -1.25693
-0.45 5.67272 0.38273
-0.449 10.3583 1.62291
-0.448 15.6326 2.08277
-0.447 19.9451 1.4621
-0.446 21.6782 -0.369674
-0.445 19.6485 -3.3023
-0.444 13.5511 -6.96796
-0.443 4.21133 -10.8069
-0.442 -6.46361 -14.1982
-0.441 -15.8913 -16.6041
-0.44 -21.5444 -17.6886
-0.439 -21.8108 -17.3975
-0.438 -16.6645 -15.9893
-0.437 -7.84027 -13.9889
-0.436 1.6139 -12.0465
-0.435 8.28959 -10.7338
-0.434 9.57514 -10.3581
-0.433 4.64096 -10.8688
-0.432 -5.1017 -11.8823
-0.431 -16.3018 -12.8045
-0.43 -24.7241 -13.0233
-0.429 -26.7446 -12.1284
-0.428 -20.7399 -10.093
-0.427 -7.81956 -7.32955
-0.426 8.41039 -4.57419
-0.425 22.9961 -2.63263
-0.424 31.3239 -2.09196
-0.423 30.7806 -3.10325
-0.422 21.796 -5.30104
-0.421 7.83177 -7.8859
-0.42 -5.76021 -9.86494
-0.419 -13.6557 -10.3957
-0.418 -12.5508 -9.11537
-0.417 -2.47242 -6.31553
-0.416 13.0991 -2.87855
-0.415 28.3575 -0.000970048
-0.414 37.1775 1.19225
-0.413 35.3161 0.016174
-0.412 22.0277 -3.53284
-0.411 0.475874 -8.7457
-0.41 -23.2617 -14.4131
-0.409 -42.2699 -19.2298
-0.408 -51.1978 -22.2427
-0.407 -48.1032 -23.1646
-0.406 -35.0789 -22.4353
-0.405 -17.4569 -21.0242
-0.404 -1.87742 -20.0598
-0.403 6.09318 -20.4058
-0.402 3.94732 -22.3212
-0.401 -6.89409 -25.3226
-0.4 -21.6442 -28.3194
-0.399 -33.9307 -29.9893
-0.398 -38.1246 -29.255
-0.397 -31.3667 -25.6779
-0.396 -14.5897 -19.6316
-0.395 7.79257 -12.2087
-0.394 29.3988 -4.90358
-0.393 44.047 0.830247
-0.392 47.808 4.012
-0.391 40.2386 4.41416
-0.39 24.395 2.58987
-0.389 5.67851 -0.362598
-0.388 -10.0318 -3.20513
-0.387 -18.2988 -4.98336
-0.386 -17.4757 -5.32789
-0.385 -9.07083 -4.54682
-0.384 2.94252 -3.48913
-0.383 13.5861 -3.22429
-0.382 18.5772 -4.6414
-0.381 15.6993 -8.10362
-0.38 5.42746 -13.2798
-0.379 -9.32831 -19.2104
-0.378 -24.2104 -24.58
-0.377 -34.7909 -28.1023
-0.376 -37.9202 -28.904
-0.375 -32.6495 -26.7901
-0.374 -20.4692 -22.3086
-0.373 -4.8217 -16.5856
-0.372 9.93813 -10.9832
-0.371 19.81 -6.69318
-0.37 22.2749 -4.40158
-0.369 16.9855 -4.12264
-0.368 5.85494 -5.24103
-0.367 -7.48251 -6.74583
-0.366 -18.7232 -7.59335
-0.365 -24.1884 -7.09038
-0.364 -21.9925 -5.16423
-0.363 -12.7102 -2.41381
-0.362 0.704572 0.081327
-0.361 13.7587 1.12316
-0.36 21.7815 -0.197495
-0.359 21.4155 -4.17337
-0.358 11.8022 -10.3254
-0.357 -4.93297 -17.4763
-0.356 -24.1363 -24.0585
-0.355 -39.99 -28.5806
-0.354 -47.4033 -30.094
-0.353 -43.7866 -28.4841
-0.352 -30.0457 -24.4817
-0.351 -10.4127 -19.4045
-0.35 8.85319 -14.7302
-0.349 21.4887 -11.6331
-0.348 23.3482 -10.6169
-0.347 13.9224 -11.3624
-0.346 -3.33269 -12.8673
-0.345 -22.0908 -13.8523
-0.344 -35.3732 -13.2834
-0.343 -38.0945 -10.7995
-0.342 -28.9724 -6.88506
-0.341 -11.0901 -2.73758
-0.34 9.08241 0.107585
-0.339 23.8704 0.278097
-0.338 27.067 -2.9573
-0.337 16.1954 -9.39481
-0.336 -6.46984 -17.9113
-0.335 -34.5657 -26.8019
-0.334 -59.8008 -34.312
-0.333 -74.8181 -39.1603
-0.332 -75.6926 -40.8745
-0.331 -63.1758 -39.8495
-0.33 -42.298 -37.1331
-0.329 -20.5136 -34.0129
-0.328 -5.05203 -31.5418
-0.327 -0.404002 -30.1744
-0.326 -6.84025 -29.6528
-0.325 -20.4852 -29.1689
-0.324 -34.8708 -27.7124
-0.323 -43.3473 -24.4616
-0.322 -41.461 -19.0932
-0.321 -28.4766 -11.9281
-0.32 -7.56393 -3.87173
-0.319 15.3678 3.84202
-0.318 33.727 10.0102
-0.317 42.4185 13.7844
-0.316 39.3743 14.8464
-0.315 25.9829 13.4153
-0.314 6.40781 10.1334
-0.313 -13.8624 5.87974
-0.312 -29.729 1.54322
-0.311 -37.945 -2.20426
-0.31 -37.8945 -5.06282
-0.309 -31.4822 -7.12979
-0.308 -22.2631 -8.80588
-0.307 -14.2171 -10.6473
-0.306 -10.616 -13.2127
-0.305 -13.2512 -16.9063
-0.304 -22.0712 -21.8129
-0.303 -35.2089 -27.5735
-0.302 -49.4096 -33.3866
-0.301 -60.8372 -38.1763
-0.3 -66.0905 -40.8785
-0.299 -63.1436 -40.7474
-0.298 -51.9592 -37.5954
-0.297 -34.6518 -31.9097
-0.296 -15.1585 -24.7968
-0.295 1.60558 -17.7201
-0.294 11.0622 -12.0666
-0.293 10.4817 -8.67832
-0.292 0.157405 -7.54379
-0.291 -16.3271 -7.79616
-0.29 -33.0101 -8.0366
-0.289 -43.4355 -6.8796
-0.288 -42.9061 -3.53762
-0.287 -30.3446 1.76083
-0.286 -9.09649 7.69094
-0.285 13.7312 12.1629
-0.284 29.3808 12.9929
-0.283 30.4609 8.69748
-0.282 13.8395 -0.881396
-0.281 -17.749 -14.3711
-0.28 -56.1712 -29.1938
-0.279 -90.435 -42.3411
-0.278 -110.453 -51.3377
-0.277 -110.674 -55.0397
-0.276 -92.2358 -53.9675
-0.275 -62.8044 -50.0423
-0.274 -34.0023 -45.8168
-0.273 -17.2322 -43.4747
-0.272 -19.3408 -43.9578
-0.271 -39.7823 -46.5522
-0.27 -70.4969 -49.1242
-0.269 -98.709 -48.9528
-0.268 -111.673 -43.8579
-0.267 -101.589 -33.1755
-0.266 -68.8121 -18.1863
-0.265 -22.11 -1.83076
-0.264 24.205 12.1895
-0.263 55.2716 20.6046
-0.262 61.014 21.6552
-0.261 39.8438 15.6724
-0.26 -0.689689 4.93695
-0.259 -46.5951 -7.1472
-0.258 -82.5053 -17.2547
-0.257 -97.2351 -23.2538
-0.256 -87.747 -24.8193
-0.255 -60.0232 -23.3427
-0.254 -26.5382 -21.2086
-0.253 -1.34721 -20.7342
-0.252 5.29254 -23.1783
-0.251 -9.26791 -28.1949
-0.25 -39.1962 -33.9367
-0.249 -72.4744 -37.7591
-0.248 -95.4614 -37.2439
-0.247 -98.0386 -31.1529
-0.246 -77.4266 -19.955
-0.245 -39.2074 -5.74216
-0.244 4.83267 8.43043
-0.243 41.1193 19.5264
-0.242 59.1442 25.4573
-0.241 54.8826 25.6165
-0.24 31.6518 20.8609
-0.239 -1.63566 13.0149
-0.238 -33.9966 4.13089
-0.237 -56.3664 -4.21205
-0.236 -64.6293 -11.3403
-0.235 -60.5822 -17.5179
-0.234 -50.5231 -23.5881
-0.233 -42.1856 -30.3967
-0.232 -41.4595 -38.2735
-0.231 -50.2982 -46.8119
-0.23 -66.4736 -55.0097
-0.229 -84.9338 -61.6472
-0.228 -99.9706 -65.697
-0.227 -107.311 -66.6077
-0.226 -105.42 -64.3989
-0.225 -95.6152 -59.5682
-0.224 -81.0522 -52.8589
-0.223 -65.1547 -44.9925
-0.222 -50.3256 -36.5093
-0.221 -37.5739 -27.8052
-0.22 -27.0764 -19.3124
-0.219 -19.109 -11.6569
-0.218 -14.6169 -5.63418
-0.217 -15.0071 -1.97938
-0.216 -21.2656 -1.05699
-0.215 -32.9018 -2.63567
-0.214 -47.3449 -5.86292
-0.213 -60.2549 -9.47681
-0.212 -66.8471 -12.2193
-0.211 -63.851 -13.3337
-0.21 -51.3235 -12.9497
-0.209 -33.3937 -12.1436
-0.208 -17.3079 -12.5664
-0.207 -10.8532 -15.7472
-0.206 -19.0699 -22.3638
-0.205 -41.6737 -31.8015
-0.204 -72.4465 -42.205
-0.203 -101.074 -51.0314
-0.202 -116.854 -55.9236
-0.201 -112.894 -55.5941
-0.2 -89.1799 -50.3737
-0.199 -53.2217 -42.1735
-0.198 -17.7882 -33.8186
-0.197 3.68915 -27.98
-0.196 2.42089 -26.1145
-0.195 -21.8503 -27.8375
-0.194 -60.1226 -30.9955
-0.193 -97.0975 -32.4484
-0.192 -116.809 -29.2976
-0.191 -108.772 -20.1004
-0.19 -72.2663 -5.59251
-0.189 -17.1088 11.3871
-0.188 39.5123 26.7622
-0.187 79.0756 36.5612
-0.186 88.4918 38.2474
-0.185 65.0591 31.5679
-0.184 17.6259 18.6136
-0.183 -36.6362 3.0411
-0.182 -78.7099 -11.2791
-0.181 -94.9601 -21.6723
-0.18 -82.268 -27.5599
-0.179 -49.0802 -30.4947
-0.178 -12.0264 -33.3502
-0.177 10.5271 -39.0263
-0.176 5.54083 -49.1708
-0.175 -29.5984 -63.3654
-0.174 -85.8087 -79.0658
-0.173 -145.421 -92.3538
-0.172 -188.601 -99.2741
-0.171 -200.671 -97.2571
-0.17 -177.427 -86.0569
-0.169 -126.411 -67.8332
-0.168 -63.8029 -46.4016
-0.167 -8.4093 -26.0055
-0.166 24.8573 -10.0722
-0.165 29.7222 -0.340687
-0.164 10.0494 3.40522
-0.163 -22.271 2.9404
-0.162 -52.2279 0.693386
-0.161 -67.5132 -1.30461
-0.16 -62.9585 -2.18076
-0.159 -41.8839 -2.40539
-0.158 -14.0875 -3.40458
-0.157 8.34994 -6.84209
-0.156 15.5993 -13.8783
-0.155 3.34401 -24.6479
-0.154 -26.0989 -38.0923
-0.153 -64.8973 -52.1745
-0.152 -102.514 -64.3977
-0.151 -129.157 -72.4427
-0.15 -138.622 -74.715
-0.149 -129.598 -70.6555
-0.148 -105.265 -60.7846
-0.147 -71.6828 -46.5259
-0.146 -35.8461 -29.8893
-0.145 -4.09801 -13.0984
-0.144 18.8358 1.76885
-0.143 30.2964 13.0907
-0.142 29.8707 19.951
-0.141 19.4296 22.2933
-0.14 2.91702 20.9031
-0.139 -14.3481 17.1428
-0.138 -26.9356 12.4755
-0.137 -30.8825 7.94619
-0.136 -25.1288 3.82091
-0.135 -12.3517 -0.502877
-0.134 1.21122 -6.29209
-0.133 7.25703 -14.999
-0.132 -1.78895 -27.5778
-0.131 -29.4037 -43.7975
-0.13 -72.4699 -61.8849
-0.129 -121.147 -78.7829
-0.128 -161.613 -91.018
-0.127 -180.763 -95.8447
-0.126 -171.07 -92.2192
-0.125 -133.828 -81.2666
-0.124 -79.6019 -66.0924
-0.123 -25.4346 -50.9393
-0.122 10.6999 -39.8623
-0.121 16.5363 -35.3231
-0.12 -9.34657 -37.2733
-0.119 -56.3328 -43.1786
-0.118 -105.377 -49.0243
-0.117 -136.106 -50.8969
-0.116 -134.607 -46.5136
-0.115 -98.8991 -36.1338
-0.114 -40.0158 -22.5298
-0.113 21.7575 -10.0025
-0.112 64.2732 -2.76625
-0.111 71.9024 -3.29492
-0.11 41.7221 -11.289
-0.109 -15.0116 -23.6995
-0.108 -76.8802 -35.8205
-0.107 -120.412 -43.044
-0.106 -129.151 -42.6113
-0.105 -100.019 -34.67
-0.104 -44.3469 -22.1987
-0.103 16.7523 -9.82922
-0.102 60.5622 -2.06865
-0.101 71.1634 -1.65435
-0.1 45.001 -8.64258
-0.099 -8.11844 -20.4887
-0.098 -68.8308 -33.0309
-0.097 -115.556 -42.0287
-0.096 -132.708 -44.7029
-0.095 -116.381 -40.6625
-0.094 -75.0074 -31.8144
-0.093 -24.9388 -21.347
-0.092 16.578 -12.3376
-0.091 37.7533 -6.64181
-0.09 35.688 -4.44858
-0.089 16.2923 -4.51646
-0.088 -8.82705 -4.89295
-0.087 -27.3701 -3.84108
-0.086 -31.4152 -0.636264
-0.085 -20.343 4.11521
-0.084 -0.205637 8.80246
-0.083 19.903 11.5927
-0.082 32.2407 11.2166
-0.081 33.2692 7.35303
-0.08 23.9808 0.502636
-0.079 8.14033 -8.48066
-0.078 -10.3932 -18.9126
-0.077 -29.9151 -30.5832
-0.076 -51.4889 -43.6632
-0.075 -77.4299 -58.2266
-0.074 -108.462 -73.6508
-0.073 -141.377 -88.287
-0.072 -168.809 -99.667
-0.071 -181.498 -105.221
-0.07 -172.211 -103.256
-0.069 -139.868 -93.8444
-0.068 -92.0544 -79.2445
-0.067 -44.0513 -63.4747
-0.066 -13.5625 -50.9619
-0.065 -12.8469 -44.722
-0.064 -42.2363 -44.9821
-0.063 -88.7449 -49.005
-0.062 -130.576 -52.2066
-0.061 -145.39 -50.0334
-0.06 -119.199 -39.8987
-0.059 -53.1297 -22.5711
-0.058 34.5186 -2.46609
-0.057 113.076 13.5912
-0.056 151.005 19.0019
-0.055 129.752 10.3878
-0.054 53.0334 -10.5662
-0.053 -53.3098 -37.3783
-0.052 -150.636 -60.9763
-0.051 -201.701 -72.8676
-0.05 -184.523 -68.1607
-0.049 -101.53 -47.5037
-0.048 19.5445 -17.1736
-0.047 134.789 13.0518
-0.046 201.045 33.6685
-0.045 193.651 39.2724
-0.044 116.804 30.6742
-0.043 2.0776 14.448
-0.042 -103.686 0.266142
-0.041 -156.119 -2.89512
-0.04 -130.491 9.61315
-0.039 -32.1962 35.9393
-0.038 104.143 68.05
-0.037 227.758 94.6979
-0.036 291.881 105.848
-0.035 271.965 96.5533
-0.034 174.532 68.7079
-0.033 34.2359 30.276
-0.032 -98.8902 -7.52369
-0.031 -177.85 -34.176
-0.03 -176.863 -43.7559
-0.029 -102.079 -37.2159
-0.028 10.9708 -21.8231
-0.027 112.849 -7.82375
-0.026 160.867 -4.03494
-0.025 134.999 -14.5014
-0.024 43.6101 -37.3378
-0.023 -80.8275 -65.6691
-0.022 -193.604 -90.1319
-0.021 -254.287 -102.335
-0.02 -243.022 -98.2787
-0.019 -169.2 -80.1705
-0.018 -66.7061 -55.4068
-0.017 22.3051 -33.1332
-0.016 65.6894 -20.3882
-0.015 52.4638 -19.7561
-0.014 -5.84624 -29.0644
-0.013 -81.327 -42.6237
-0.012 -140.428 -53.4336
-0.011 -157.077 -55.9108
-0.01 -124.095 -48.3052
-0.009 -56.637 -33.4887
-0.008 15.8542 -17.3583
-0.007 64.7884 -5.73354
-0.006 75.2449 -1.70043
-0.005 50.2922 -4.69219
-0.004 7.28002 -11.2175
-0.003 -30.3621 -16.5134
-0.002 -42.9572 -16.5528
-0.001 -23.5465 -9.90794
0 17.9728 1.36439
0.001 59.4677 12.6614
0.002 78.803 19.3704
0.003 66.0773 19.4126
0.004 28.2505 14.1875
0.005 -14.9905 7.69828
0.006 -40.1984 4.69864
0.007 -30.0016 8.689
0.008 18.6881 20.2596
0.009 90.9597 36.3532
0.01 158.215 51.1736
0.011 190.989 58.835
0.012 174.102 56.4599
0.013 114.719 45.777
0.014 38.924 32.3391
0.015 -19.7051 23.1182
0.016 -33.2172 23.7881
0.017 9.94733 36.5234
0.018 98.8224 58.7572
0.019 201.251 83.4773
0.02 275.037 101.566
0.021 286.234 105.647
0.022 225.406 93.5214
0.023 112.399 69.1779
0.024 -12.3257 40.9826
0.025 -104.005 18.2715
0.026 -130.109 7.90047
0.027 -82.2295 11.7493
0.028 19.613 25.7815
0.029 132.69 41.1984
0.03 207.487 47.7791
0.031 208.397 38.2805
0.032 129.234 11.7615
0.033 -4.19897 -25.8619
0.034 -144.842 -64.1023
0.035 -242.584 -91.778
0.036 -262.7 -100.96
0.037 -198.638 -89.7802
0.038 -74.9649 -63.1989
0.039 61.4735 -31.2448
0.04 159.797 -5.13649
0.041 185.298 7.13619
0.042 132.57 3.76433
0.043 26.4123 -10.5765
0.044 -88.6921 -26.9059
0.045 -165.787 -35.5679
0.046 -173.226 -30.0197
0.047 -106.81 -9.48768
0.048 8.72297 20.5959
0.049 130.075 50.7233
0.05 213.185 71.1441
0.051 230.231 75.6314
0.052 178.806 63.5896
0.053 81.0123 39.9464
0.054 -25.7394 13.2014
0.055 -102.668 -7.60116
0.056 -123.876 -16.0375
0.057 -85.6975 -10.4932
0.058 -6.82887 5.59715
0.059 81.0054 25.618
0.06 146.98 42.7734
0.061 172.737 52.7108
0.062 157.221 54.7335
0.063 114.592 51.4845
0.064 67.3944 47.5378
0.065 37.5767 47.4515
0.066 38.166 53.8936
0.067 68.7451 66.5509
0.068 116.88 82.3414
0.069 164.671 96.8206
0.07 196.699 106.005
0.071 205.351 107.71
0.072 191.8 101.944
0.073 163.461 90.4666
0.074 129.795 75.873
0.075 98.3133 60.6056
0.076 72.2563 46.2422
0.077 50.8108 33.3204
0.078 31.483 21.706
0.079 13.0093 11.2169
0.08 -3.0523 2.10053
0.081 -12.8844 -4.89054
0.082 -12.6469 -8.82749
0.083 -1.18513 -9.15395
0.084 18.1529 -6.17636
0.085 37.7753 -1.19985
0.086 48.6447 3.87002
0.087 44.6487 7.34499
0.088 26.2489 8.56812
0.089 1.16985 8.25337
0.09 -18.4487 8.16239
0.091 -21.0603 10.2949
0.092 -0.694968 15.9459
0.093 39.9058 24.9671
0.094 89.1507 35.5133
0.095 129.967 44.4831
0.096 146.091 48.6454
0.097 129.064 46.0549
0.098 82.6528 37.0835
0.099 22.2437 24.5107
0.1 -30.7645 12.5928
0.101 -57.102 5.51714
0.102 -46.9378 5.8568
0.103 -3.69961 13.5741
0.104 56.8701 25.9309
0.105 112.215 38.4036
0.106 141.302 46.3423
0.107 132.774 46.7577
0.108 89.5782 39.4991
0.109 27.9876 27.3231
0.11 -28.6887 14.8341
0.111 -59.115 6.73269
0.112 -52.0089 6.05992
0.113 -10.1719 13.1056
0.114 50.9354 25.3922
0.115 109.317 38.7194
0.116 144.765 48.8213
0.117 146.227 52.9701
0.118 115.588 50.94
0.119 66.6292 45.0247
0.12 19.6104 39.1221
0.121 -6.47469 37.2085
0.122 -0.986838 41.7661
0.123 34.7414 52.7963
0.124 88.5625 67.8219
0.125 142.598 82.8195
0.126 179.835 93.6127
0.127 189.657 97.1651
0.128 170.658 92.391
0.129 130.239 80.3292
0.13 81.4097 63.6745
0.131 37.9605 45.8154
0.132 9.77672 29.7147
0.133 0.0805854 17.08
0.134 5.52591 8.14332
0.135 18.6451 2.02682
0.136 31.1728 -2.60117
0.137 36.8189 -6.89459
0.138 32.7828 -11.3936
0.139 19.9822 -15.8397
0.14 2.28501 -19.2624
0.141 -14.8804 -20.3174
0.142 -26.097 -17.7629
0.143 -27.2564 -10.8842
0.144 -16.3162 0.276845
0.145 6.42506 14.8991
0.146 38.3144 31.4911
0.147 74.5038 48.0807
0.148 108.431 62.482
0.149 132.863 72.6385
0.15 141.592 77.0094
0.151 131.444 74.9291
0.152 103.891 66.8454
0.153 65.3948 54.3313
0.154 26.0011 39.7917
0.155 -3.59406 25.8843
0.156 -15.5576 14.813
0.157 -7.74541 7.74481
0.158 15.2308 4.55475
0.159 43.2403 3.98936
0.16 64.0287 4.22107
0.161 67.8345 3.65509
0.162 51.5734 1.72255
0.163 20.7523 -0.685781
0.164 -12.0099 -1.41375
0.165 -31.5358 2.13847
0.166 -25.9821 11.8845
0.167 8.25605 28.0865
0.168 64.5188 48.9342
0.169 127.531 70.8294
0.17 178.297 89.3171
0.171 200.704 100.417
0.172 187.501 101.931
0.173 143.291 94.2164
0.174 83.1129 80.0662
0.175 26.9892 63.6804
0.176 -7.46408 49.1524
0.177 -11.4481 39.0693
0.178 12.0158 33.7444
0.179 49.5161 31.3159
0.18 82.5016 28.648
0.181 94.4162 22.7128
0.182 77.1097 11.9546
0.183 34.1005 -2.90115
0.184 -20.6235 -18.9472
0.185 -67.8715 -32.0927
0.186 -90.5484 -38.5624
0.187 -80.1135 -36.3029
0.188 -39.6922 -25.7601
0.189 17.2549 -9.75509
0.19 72.0329 7.47889
0.191 107.541 21.7394
0.192 114.271 30.2505
0.193 93.3486 32.5012
0.194 55.6228 30.2328
0.195 17.244 26.6059
0.196 -6.54992 24.8916
0.197 -7.03831 27.193
0.198 15.1384 33.6782
0.199 50.8671 42.5946
0.2 86.5814 51.0253
0.201 109.61 56.0557
0.202 112.718 55.8767
0.203 96.2543 50.4001
0.204 67.3746 41.1928
0.205 36.8684 30.8157
0.206 14.9232 21.8562
0.207 7.46691 16.028
0.208 14.4524 13.6624
0.209 30.6037 13.7664
0.21 48.0857 14.5932
0.211 59.7967 14.463
0.212 61.8707 12.469
0.213 54.5182 8.77702
0.214 41.1791 4.44992
0.215 26.6538 0.948519
0.216 15.1533 -0.438199
0.217 9.04343 0.987843
0.218 8.63335 5.18928
0.219 12.8665 11.5352
0.22 20.4107 19.142
0.221 30.5049 27.2446
0.222 43.0744 35.4083
0.223 58.0604 43.4673
0.224 74.4319 51.2554
0.225 89.6353 58.3282
0.226 100.035 63.8826
0.227 102.292 66.941
0.228 95.0052 66.7094
0.229 79.764 62.9288
0.23 61.0108 56.0648
0.231 44.6678 47.2455
0.232 35.9417 37.9342
0.233 37.0749 29.4216
0.234 45.975 22.3356
0.235 56.5252 16.4165
0.236 60.7816 10.7128
0.237 52.3418 4.14574
0.238 29.4554 -3.81294
0.239 -3.57455 -12.6689
0.24 -37.4157 -20.8601
0.241 -60.8387 -26.1808
0.242 -64.8165 -26.5489
0.243 -46.1123 -20.8549
0.244 -9.00256 -9.56563
0.245 35.6842 5.1944
0.246 74.1145 20.1844
0.247 94.4032 32.0523
0.248 91.0668 38.4321
0.249 67.151 38.7116
0.25 33.1158 34.1747
0.251 2.88803 27.4567
0.252 -11.4024 21.5057
0.253 -4.03463 18.4381
0.254 22.054 18.7308
0.255 56.2614 21.0738
0.256 84.2654 22.9484
0.257 93.5001 21.7085
0.258 78.1011 15.7526
0.259 41.3963 5.33306
0.26 -5.07156 -7.32188
0.261 -45.6517 -18.6578
0.262 -66.2644 -25.0036
0.263 -59.5087 -23.8873
0.264 -27.2975 -14.9459
0.265 19.9194 -0.0825653
0.266 66.9898 17.1711
0.267 99.4866 32.8333
0.268 108.741 43.7662
0.269 94.6761 48.6391
0.27 65.4551 48.2281
0.271 34.1311 44.9412
0.272 13.6124 41.7499
0.273 11.8727 40.9589
0.274 29.2083 43.3074
0.275 58.4749 47.7385
0.276 88.0354 51.8771
0.277 106.168 52.9897
0.278 105.271 49.0565
0.279 84.4137 39.5781
0.28 49.4372 25.8361
0.281 10.687 10.5113
0.282 -20.7206 -3.19905
0.283 -36.7073 -12.6265
0.284 -34.734 -16.4424
0.285 -18.181 -14.9557
0.286 5.33895 -9.83976
0.287 26.9267 -3.4381
0.288 39.4417 2.07454
0.289 39.6217 5.38377
0.29 28.7189 6.35993
0.291 11.6319 5.93629
0.292 -5.03503 5.62368
0.293 -15.2717 6.8668
0.294 -15.5377 10.4849
0.295 -5.63679 16.3847
0.296 11.5838 23.6194
0.297 31.4311 30.7384
0.298 48.9052 36.2731
0.299 60.0471 39.1714
0.3 62.7999 39.0459
0.301 57.3154 36.1938
0.302 45.7415 31.4282
0.303 31.568 25.8034
0.304 18.6711 20.3163
0.305 10.2932 15.6653
0.306 8.22812 12.1308
0.307 12.3956 9.59642
0.308 20.8478 7.67116
0.309 30.1927 5.84335
0.31 36.4159 3.6203
0.311 36.0184 0.652959
0.312 27.2147 -3.14645
0.313 10.773 -7.51872
0.314 -9.9019 -11.8565
0.315 -29.5884 -15.3168
0.316 -42.7656 -17.0212
0.317 -45.3567 -16.2866
0.318 -36.1457 -12.8339
0.319 -17.3788 -6.92506
0.32 5.73396 0.625
0.321 26.5731 8.60992
0.322 39.2817 15.753
0.323 40.8127 21.0876
0.324 32.0717 24.248
0.325 17.6706 25.5562
0.326 4.32327 25.8738
0.327 -1.57427 26.2684
0.328 3.67967 27.5934
0.329 19.6237 30.121
0.33 41.6298 33.372
0.331 62.4094 36.2362
0.332 74.5308 37.3585
0.333 73.0718 35.6478
0.334 57.4565 30.7164
0.335 31.7919 23.0918
0.336 3.54254 14.1307
0.337 -19.0096 5.64885
0.338 -29.6015 -0.62767
0.339 -26.0888 -3.60493
0.34 -11.0643 -3.15315
0.341 9.18051 -0.0975265
0.342 26.9301 4.11678
0.343 35.7358 7.94097
0.344 32.5999 10.2334
0.345 18.9188 10.6091
0.346 -0.129328 9.52751
0.347 -17.5226 8.08137
0.348 -26.9353 7.54575
0.349 -24.9385 8.85364
0.35 -12.0909 12.2115
0.351 7.39329 17.0046
0.352 27.1807 22.0035
0.353 40.9699 25.7637
0.354 44.5328 27.0778
0.355 37.0052 25.3557
0.356 21.038 20.8265
0.357 1.79348 14.484
0.358 -14.8328 7.77595
0.359 -24.1237 2.14682
0.36 -23.9357 -1.38672
0.361 -15.1746 -2.47802
0.362 -1.29915 -1.46357
0.363 12.8937 0.813518
0.364 22.7879 3.3009
0.365 25.332 5.08088
0.366 19.9053 5.66725
0.367 8.42704 5.15137
0.368 -5.30693 4.13803
0.369 -16.8319 3.50127
0.37 -22.3732 4.06421
0.371 -19.951 6.31485
0.372 -9.94083 10.2282
0.373 5.02415 15.2293
0.374 20.7756 20.312
0.375 32.7906 24.3014
0.376 37.5297 26.1888
0.377 33.5356 25.4323
0.378 21.9306 22.1179
0.379 6.1252 16.9397
0.38 -9.19383 11.0104
0.381 -19.5025 5.55496
0.382 -21.8791 1.56354
0.383 -16.0067 -0.493839
0.384 -4.38524 -0.788629
0.385 8.39084 -0.0385059
0.386 17.1186 0.773205
0.387 17.7698 0.764179
0.388 8.96702 -0.514298
0.389 -7.379 -2.88232
0.39 -26.5313 -5.54471
0.391 -42.3881 -7.33202
0.392 -49.4973 -7.10776
0.393 -44.9567 -4.19906
0.394 -29.5142 1.31689
0.395 -7.4321 8.58017
0.396 14.8766 16.1779
0.397 30.986 22.5562
0.398 36.6369 26.488
0.399 31.199 27.453
0.4 17.8859 25.7952
0.401 2.61185 22.5847
0.402 -8.14191 19.2182
0.403 -9.69664 16.9128
0.404 -0.905389 16.2868
0.405 15.4001 17.1771
0.406 33.4009 18.738
0.407 46.3555 19.776
0.408 49.0035 19.2074
0.409 39.4654 16.4873
0.41 19.9643 11.852
0.411 -3.9052 6.26838
0.412 -25.117 1.10496
0.413 -37.6589 -2.34357
0.414 -38.5771 -3.29445
0.415 -28.8887 -1.72728
0.416 -13.0758 1.62412
0.417 2.60165 5.52546
0.418 12.3467 8.65829
0.419 12.8275 10.0599
0.42 4.25597 9.42807
0.421 -9.8211 7.1777
0.422 -23.9194 4.24373
0.423 -32.6581 1.72301
0.424 -32.6719 0.495193
0.425 -23.7111 0.946727
0.426 -8.58964 2.87629
0.427 7.92185 5.60399
0.428 20.8102 8.24389
0.429 26.5261 10.037
0.43 24.103 10.6131
0.431 15.3274 10.0849
0.432 3.94186 8.9616
0.433 -5.7774 7.93575
0.434 -10.5175 7.63077
0.435 -8.96692 8.38621
0.436 -2.08455 10.143
0.437 7.4038 12.4646
0.438 16.0343 14.6872
0.439 20.7793 16.1379
0.44 19.9804 16.3319
0.441 13.7577 15.0873
0.442 3.80659 12.5412
0.443 -7.28006 9.09068
0.444 -16.8762 5.28659
0.445 -23.0601 1.7031
0.446 -25.0249 -1.18748
0.447 -23.1174 -3.09925
0.448 -18.5722 -3.95523
0.449 -13.0594 -3.85799
0.45 -8.18451 -3.03616
0.451 -5.07396 -1.7835
0.452 -4.14852 -0.390273
0.453 -5.10689 0.931129
0.454 -7.07187 2.10524
0.455 -8.83076 3.20806
0.456 -9.13424 4.42514
0.457 -7.03603 5.96771
0.458 -2.21813 7.97273
0.459 4.80522 10.4114
0.46 12.7097 13.0346
0.461 19.6418 15.3874
0.462 23.6991 16.9127
0.463 23.4889 17.1223
0.464 18.6204 15.7789
0.465 9.97084 13.0148
0.466 -0.418558 9.34187
0.467 -9.86322 5.54185
0.468 -15.8438 2.46225
0.469 -16.8274 0.772115
0.47 -12.7958 0.757307
0.471 -5.28218 2.23471
0.472 3.11061 4.626
0.473 9.57287 7.16696
0.474 12.0658 9.17324
0.475 10.0736 10.2658
0.476 4.8261 10.4805
0.477 -1.13322 10.2245
0.478 -4.89383 10.0919
0.479 -4.28972 10.5985
0.48 1.23601 11.9386
0.481 10.3269 13.8642
0.482 20.0898 15.739
0.483 27.0492 16.7501
0.484 28.3693 16.1957
0.485 22.9026 13.7475
0.486 11.6629 9.59826
0.487 -2.46846 4.43989
0.488 -15.6916 -0.72772
0.489 -24.5445 -4.89694
0.49 -27.0279 -7.35491
0.491 -23.2237 -7.87939
0.492 -15.1974 -6.76257
0.493 -6.21016 -4.66512
0.494 0.483741 -2.36195
0.495 2.80604 -0.470814
0.496 0.551409 0.744791
0.497 -4.62655 1.43164
0.498 -9.89837 2.04292
0.499 -12.3374 3.11759
0.5 -10.0095 5.03286
0.501 -2.70165 7.82705
0.502 7.96216 11.1552
0.503 19.0694 14.3868
0.504 27.4323 16.8055
0.505 30.6846 17.8426
0.506 28.0589 17.2666
0.507 20.5881 15.2585
0.508 10.701 12.348
0.509 1.37871 9.23563
0.51 -4.82894 6.57374
0.511 -6.60301 4.783
0.512 -4.20668 3.95853
0.513 0.718603 3.88376
0.514 5.81474 4.13871
0.515 8.86384 4.26449
0.516 8.53239 3.92676
0.517 4.76531 3.01885
0.518 -1.27207 1.67196
0.519 -7.65267 0.182907
0.52 -12.3692 -1.10042
0.521 -14.0004 -1.8927
0.522 -12.1446 -2.05323
0.523 -7.49379 -1.61784
0.524 -1.55215 -0.773034
0.525 3.88677 0.219592
0.526 7.32788 1.11934
0.527 8.03813 1.78467
0.528 6.24113 2.21015
0.529 2.99723 2.52115
0.53 -0.166279 2.93618
0.531 -1.74285 3.7042
0.532 -0.706811 5.02704
0.533 3.17555 6.986
0.534 9.2656 9.49851
0.535 16.2318 12.3209
0.536 22.4419 15.0937
0.537 26.4401 17.412
0.538 27.3507 18.9076
0.539 25.0963 19.3311
0.54 20.3909 18.6129
0.541 14.5198 16.881
0.542 8.95583 14.422
0.543 4.90989 11.5977
0.544 2.95806 8.7506
0.545 2.88792 6.12607
0.546 3.8228 3.83037
0.547 4.56639 1.8328
0.548 4.04012 0.0157456
0.549 1.68192 -1.73758
0.55 -2.30684 -3.45055
0.551 -6.95893 -4.99866
0.552 -10.8196 -6.12039
0.553 -12.4348 -6.4903
0.554 -10.8711 -5.82624
0.555 -6.06637 -3.99676
0.556 1.1097 -1.09791
0.557 9.087 2.52852
0.558 16.0427 6.35374
0.559 20.4431 9.78896
0.56 21.5188 12.3392
0.561 19.4968 13.7268
0.562 15.4836 13.9445
0.563 11.041 13.2253
0.564 7.62888 11.9481
0.565 6.12891 10.5065
0.566 6.59128 9.18137
0.567 8.26355 8.06083
0.568 9.89361 7.04252
0.569 10.225 5.9169
0.57 8.51351 4.49329
0.571 4.85256 2.71349
0.572 0.163862 0.710286
0.573 -4.1288 -1.2057
0.574 -6.59227 -2.62638
0.575 -6.26262 -3.1726
0.576 -2.97314 -2.62745
0.577 2.56027 -1.02515
0.578 8.94267 1.34292
0.579 14.5501 4.00823
0.58 18.0667 6.45827
0.581 18.8896 8.2743
0.582 17.2506 9.23211
0.583 14.0476 9.34072
0.584 10.4931 8.80964
0.585 7.70529 7.95428
0.586 6.35015 7.07342
0.587 6.44237 6.34695
0.588 7.38603 5.7919
0.589 8.25385 5.28658
0.59 8.18423 4.64512
0.591 6.71804 3.71124
0.592 3.95017 2.43927
0.593 0.481321 0.936333
0.594 -2.77645 -0.551263
0.595 -4.87911 -1.70577
0.596 -5.14722 -2.23504
0.597 -3.38696 -1.96212
0.598 0.0540996 -0.87746
0.599 4.41974 0.859386
0.6 8.79844 2.9659
0.601 12.3859 5.11505
0.602 14.6763 7.02231
0.603 15.557 8.51344
0.604 15.3004 9.55057
0.605 14.4526 10.2113
0.606 13.6402 10.6352
0.607 13.3603 10.9602
0.608 13.8304 11.2674
0.609 14.9417 11.5507
0.61 16.3096 11.7191
0.611 17.3929 11.6318
0.612 17.6536 11.1541
0.613 16.7263 10.2089
0.614 14.5481 8.80662
0.615 11.3981 7.04641
0.616 7.82793 5.09489
0.617 4.50901 3.14966
0.618 2.04389 1.39528
0.619 0.794159 -0.0371133
0.62 0.769381 -1.09277
0.621 1.61838 -1.79038
0.622 2.74176 -2.19752
0.623 3.49705 -2.39768
0.624 3.42437 -2.46057
0.625 2.41242 -2.4197
0.626 0.751191 -2.2595
0.627 -0.94562 -1.91803
0.628 -1.93043 -1.30945
0.629 -1.57319 -0.36006
0.63 0.405515 0.956449
0.631 3.8081 2.5977
0.632 7.99555 4.4491
0.633 12.0754 6.33626
0.634 15.175 8.05257
0.635 16.71 9.40063
0.636 16.5615 10.2381
0.637 15.1021 10.5095
0.638 13.0562 10.2505
0.639 11.2369 9.56643
0.64 10.2512 8.59593
0.641 10.2843 7.47283
0.642 11.0401 6.29253
0.643 11.8578 5.09162
0.644 11.965 3.85103
0.645 10.7792 2.52743
0.646 8.15097 1.09985
0.647 4.45329 -0.392449
0.648 0.4815 -1.83828
0.649 -2.80051 -3.0699
0.65 -4.57456 -3.89764
0.651 -4.43483 -4.15591
0.652 -2.51951 -3.75282
0.653 0.536957 -2.70826
0.654 3.82019 -1.16071
0.655 6.44879 0.666113
0.656 7.867 2.52347
0.657 8.00549 4.19807
0.658 7.25833 5.55307
0.659 6.30228 6.54426
0.66 5.83429 7.21195
0.661 6.31539 7.64919
0.662 7.80086 7.95165
0.663 9.9153 8.16716
0.664 11.989 8.27042
0.665 13.3084 8.17653
0.666 13.3797 7.7835
0.667 12.0999 7.02102
0.668 9.7823 5.88798
0.669 7.04684 4.47122
0.67 4.62363 2.94091
0.671 3.12755 1.51811
0.672 2.86968 0.418047
0.673 3.76837 -0.211496
0.674 5.39632 -0.329491
0.675 7.14483 -0.00320987
0.676 8.43564 0.622655
0.677 8.89906 1.37282
0.678 8.46718 2.08997
0.679 7.36964 2.67488
0.68 6.04208 3.10727
0.681 4.97313 3.4372
0.682 4.53527 3.74759
0.683 4.85862 4.10454
0.684 5.79409 4.51985
0.685 6.97446 4.93985
0.686 7.94206 5.25961
0.687 8.29492 5.35459
0.688 7.80998 5.12103
0.689 6.51312 4.51499
0.69 4.67467 3.57599
0.691 2.72716 2.42306
0.692 1.13008 1.22252
0.693 0.228767 0.141762
0.694 0.15586 -0.692096
0.695 0.802856 -1.21696
0.696 1.86335 -1.44108
0.697 2.93271 -1.42918
0.698 3.63831 -1.27229
0.699 3.76294 -1.05018
0.7 3.3184 -0.801108
0.701 2.54045 -0.512218
0.702 1.8063 -0.133614
0.703 1.50646 0.393602
0.704 1.91541 1.10838
0.705 3.09843 2.00814
0.706 4.8793 3.03826
0.707 6.88165 4.09639
0.708 8.63914 5.05344
0.709 9.74258 5.7864
0.71 9.97105 6.2105
0.711 9.35676 6.29708
0.712 8.1615 6.07205
0.713 6.77982 5.60027
0.714 5.6062 4.9648
0.715 4.90621 4.24608
0.716 4.72818 3.50368
0.717 4.88761 2.76559
0.718 5.03803 2.03057
0.719 4.80856 1.28412
0.72 3.95488 0.520149
0.721 2.46143 -0.243122
0.722 0.556701 -0.959763
0.723 -1.35618 -1.56368
0.724 -2.82316 -1.98141
0.725 -3.47917 -2.14729
0.726 -3.16447 -2.01975
0.727 -1.9783 -1.59528
0.728 -0.245025 -0.91375
0.729 1.59972 -0.0511523
0.73 3.15827 0.898033
0.731 4.19412 1.84106
0.732 4.68503 2.70203
0.733 4.79898 3.42968
0.734 4.8119 3.99934
0.735 4.99594 4.41008
0.736 5.51181 4.67641
0.737 6.34226 4.81602
0.738 7.29451 4.83817
0.739 8.07287 4.73818
0.74 8.39001 4.50117
0.741 8.06866 4.11205
0.742 7.09783 3.56644
0.743 5.63352 2.87879
0.744 3.95083 2.08668
0.745 2.36222 1.25037
0.746 1.12607 0.446112
0.747 0.376312 -0.246999
0.748 0.0991942 -0.76347
0.749 0.162303 -1.06556
0.75 0.376614 -1.14984
0.751 0.562773 -1.04473
0.752 0.602036 -0.801009
0.753 0.464316 -0.477875
0.754 0.208767 -0.127752
0.755 -0.0449695 0.215725
0.756 -0.165433 0.542176
0.757 -0.0570578 0.860019
0.758 0.312263 1.18533
0.759 0.908278 1.52855
0.76 1.64268 1.88369
0.761 2.39148 2.22337
0.762 3.02006 2.50195
0.763 3.41633 2.66725
0.764 3.52249 2.67783
0.765 3.35064 2.51854
0.766 2.97642 2.20774
0.767 2.51725 1.79389
0.768 2.10485 1.34385
0.769 1.85498 0.926834
0.77 1.83436 0.597867
0.771 2.03263 0.384434
0.772 2.3564 0.281265
0.773 2.65645 0.256848
0.774 2.7795 0.269967
0.775 2.6228 0.288413
0.776 2.17157 0.301162
0.777 1.50935 0.320186
0.778 0.799294 0.373641
0.779 0.238579 0.494095
0.78 -0.00562589 0.70462
0.781 0.140992 1.00569
0.782 0.625484 1.36796
0.783 1.28025 1.73617
0.784 1.8796 2.04432
0.785 2.21804 2.23547
0.786 2.18119 2.27726
0.787 1.78503 2.16803
0.788 1.17125 1.93383
0.789 0.559115 1.61915
0.79 0.167328 1.27391
0.791 0.132114 0.939462
0.792 0.453323 0.63803
0.793 0.991658 0.370529
0.794 1.51942 0.123949
0.795 1.80538 -0.115816
0.796 1.70144 -0.352247
0.797 1.19921 -0.572316
0.798 0.43716 -0.747549
0.799 -0.344037 -0.84087
0.8 -0.883791 -0.817201
0.801 -0.993253 -0.654966
0.802 -0.62237 -0.35454
0.803 0.123466 0.0596428
0.804 1.02324 0.543942
0.805 1.82052 1.04519
0.806 2.31286 1.51194
0.807 2.41805 1.90424
0.808 2.19518 2.19922
0.809 1.81464 2.39121
0.81 1.4882 2.48677
0.811 1.38505 2.49747
0.812 1.56615 2.43401
0.813 1.96254 2.30329
0.814 2.4047 2.10831
0.815 2.68892 1.84984
0.816 2.65363 1.52985
0.817 2.2379 1.15623
0.818 1.5033 0.746577
0.819 0.612678 0.328495
0.82 -0.22657 -0.0646138
0.821 -0.83408 -0.40008
0.822 -1.11521 -0.651435
0.823 -1.08412 -0.801519
0.824 -0.845145 -0.844238
0.825 -0.544521 -0.785674
0.826 -0.314314 -0.643399
0.827 -0.228553 -0.442698
0.828 -0.284016 -0.210541
0.829 -0.409748 0.0297344
0.83 -0.501054 0.260732
0.831 -0.464899 0.47085
0.832 -0.257812 0.653725
0.833 0.0995598 0.807798
0.834 0.534897 0.934762
0.835 0.954059 1.03636
0.836 1.27352 1.11122
0.837 1.44406 1.15418
0.838 1.46079 1.15862
0.839 1.35862 1.12006
0.84 1.19557 1.03883
0.841 1.02982 0.921121
0.842 0.900179 0.779143
0.843 0.81801 0.630061
0.844 0.771986 0.492891
0.845 0.739556 0.383639
0.846 0.697817 0.31066
0.847 0.629905 0.272511
0.848 0.527185 0.25917
0.849 0.388996 0.255759
0.85 0.221027 0.247368
0.851 0.0331202 0.223803
0.852 -0.162109 0.18307
0.853 -0.348883 0.13207
0.854 -0.507431 0.0837891
0.855 -0.615577 0.0521819
0.856 -0.654198 0.0471725
0.857 -0.61484 0.0716046
0.858 -0.505398 0.120671
0.859 -0.350027 0.183597
0.86 -0.18243 0.247256
0.861 -0.0349286 0.300943
0.862 0.0727976 0.340474
0.863 0.141292 0.369341
0.864 0.191772 0.396187
0.865 0.257973 0.430278
0.866 0.371362 0.477443
0.867 0.545217 0.537711
0.868 0.764639 0.604642
0.869 0.987671 0.666371
0.87 1.15778 0.708735
0.871 1.2231 0.72013
0.872 1.15562 0.696098
0.873 0.963295 0.641084
0.874 0.690217 0.566501
0.875 0.403465 0.486651
0.876 0.170727 0.414711
0.877 0.0371317 0.359799
0.878 0.0107184 0.325212
0.879 0.0622496 0.308133
0.88 0.13875 0.301385
0.881 0.185014 0.297014
0.882 0.165237 0.289995
0.883 0.0771325 0.279972
0.884 -0.0471077 0.270358
0.885 -0.15412 0.265886
0.886 -0.192005 0.270067
0.887 -0.132661 0.283276
0.888 0.0158002 0.301758
0.889 0.211216 0.318043
0.89 0.392265 0.323078
0.891 0.499954 0.309462
0.892 0.498224 0.274252
0.893 0.386624 0.220002
0.894 0.200102 0.153844
0.895 -0.00449431 0.0854049
0.896 -0.16977 0.0243597
0.897 -0.257885 -0.0218695
0.898 -0.261432 -0.049672
0.899 -0.202078 -0.0593681
0.9 -0.119107 -0.0538224
0.901 -0.0529139 -0.0364218
0.902 -0.0292992 -0.00959515
0.903 -0.0501253 0.0255582
0.904 -0.0939904 0.0688206
0.905 -0.126638 0.120083
0.906 -0.116277 0.17839
0.907 -0.0469146 0.240918
0.908 0.0754713 0.302504
0.909 0.22531 0.356378
0.91 0.366548 0.395947
0.911 0.465013 0.416617
0.912 0.499777 0.416714
0.913 0.469416 0.39739
0.914 0.390776 0.36205
0.915 0.291157 0.315634
0.916 0.197792 0.263617
0.917 0.129059 0.210776
0.918 0.0901969 0.160318
0.919 0.0740861 0.113967
0.92 0.0661842 0.0728033
0.921 0.0516907 0.0380386
0.922 0.0221428 0.0111407
0.923 -0.0213236 -0.00651652
0.924 -0.0692453 -0.0139864
0.925 -0.10846 -0.0109215
0.926 -0.127499 0.00216802
0.927 -0.120577 0.023551
0.928 -0.0892471 0.0502339
0.929 -0.0415994 0.078552
0.93 0.0107325 0.105114
0.931 0.0567358 0.127501
0.932 0.0895772 0.14441
0.933 0.107956 0.155444
0.934 0.114994 0.160881
0.935 0.115857 0.161496
0.936 0.115549 0.158308
0.937 0.117526 0.152267
0.938 0.123052 0.14413
0.939 0.131288 0.134607
0.94 0.140178 0.124547
0.941 0.147726 0.114932
0.942 0.152853 0.106628
0.943 0.155324 0.100135
0.944 0.155045 0.0954889
0.945 0.151565 0.0923132
0.946 0.144216 0.0899282
0.947 0.132591 0.0875208
0.948 0.1169 0.0843861
0.949 0.0980707 0.0801463
0.95 0.0776809 0.0748042
0.951 0.0576691 0.0685953
0.952 0.0397381 0.0617653
0.953 0.0246529 0.0544351
0.954 0.0119081 0.0466035
0.955 0.000113216 0.0382344
0.956 -0.0120877 0.0293825
0.957 -0.0251283 0.0203416
0.958 -0.0381059 0.0117484
0.959 -0.048932 0.00453049
0.96 -0.0549683 -0.000344675
0.961 -0.0539866 -0.00221297
0.962 -0.0451426 -0.000959332
0.963 -0.0295254 0.00295006
0.964 -0.00996186 0.00861836
0.965 0.00987972 0.0149565
0.966 0.0266524 0.0209451
0.967 0.0382515 0.0258716
0.968 0.0442208 0.0294617
0.969 0.0456132 0.0318367
0.97 0.0443896 0.033311
0.971 0.0425548 0.0341496
0.972 0.0413644 0.0344221
0.973 0.0409494 0.0340043
0.974 0.0405028 0.0326821
0.975 0.0388677 0.0302876
0.976 0.0351772 0.0268199
0.977 0.029265 0.0225123
0.978 0.0217504 0.0178114
0.979 0.0138301 0.0132654
0.98 0.00686556 0.00936497
0.981 0.00191362 0.0064111
0.982 -0.000608904 0.00446232
0.983 -0.000984674 0.00336843
0.984 2.03299e-05 0.00285904
0.985 0.00150764 0.0026472
0.986 0.00275597 0.00251388
0.987 0.00338561 0.00234769
0.988 0.00336609 0.00213342
0.989 0.0029084 0.0019072
0.99 0.0023042 0.00170756
0.991 0.00178107 0.00154555
0.992 0.00142915 0.00140139
0.993 0.00121425 0.00124103
0.994 0.00104647 0.00103947
0.995 0.000852649 0.000797025
0.996 0.000614694 0.000540175
0.997 0.000365946 0.000307844
0.998 0.000160205 0.000133108
0.999 3.66171e-05 3.1369e-05
0.12 3.86893 -0.332022
0.24 3.87626 -0.327278
0.36 3.88844 -0.319388
0.48 3.90543 -0.308379
0.6 3.92715 -0.294288
0.72 3.95352 -0.277163
0.84 3.98443 -0.25706
0.96 4.01975 -0.234048
1.08 4.05934 -0.208202
1.2 4.10305 -0.179609
1.32 4.1507 -0.148364
1.44 4.2021 -0.114569
1.56 4.25703 -0.0783367
1.68 4.3153 -0.0397851
1.8 4.37666 0.000959704
1.92 4.44087 0.0437655
2.04 4.50769 0.088494
2.16 4.57686 0.135002
2.28 4.6481 0.18314
2.4 4.72114 0.232756
2.52 4.79572 0.283693
2.64 4.87154 0.335794
2.76 4.94833 0.388895
2.88 5.0258 0.442834
3 5.10366 0.497446
3.12 5.18164 0.552568
3.24 5.25946 0.608033
3.36 5.33684 0.663678
3.48 5.41351 0.719341
3.6 5.48921 0.774861
3.72 5.5637 0.83008
3.84 5.63672 0.884843
3.96 5.70803 0.938998
4.08 5.77742 0.992397
4.2 5.84466 1.0449
4.32 5.90957 1.09636
4.44 5.97195 1.14665
4.56 6.03163 1.19565
4.68 6.08845 1.24323
4.8 6.14227 1.28927
4.92 6.19295 1.33367
5.04 6.24039 1.37633
5.16 6.28449 1.41715
5.28 6.32517 1.45604
5.4 6.36235 1.49292
5.52 6.396 1.52772
5.64 6.42608 1.56038
5.76 6.45256 1.59084
5.88 6.47546 1.61904
6 6.49477 1.64494
6.12 6.51053 1.66851
6.24 6.52278 1.68972
6.36 6.53156 1.70854
6.48 6.53696 1.72497
6.6 6.53904 1.739
6.72 6.53789 1.75062
6.84 6.53363 1.75984
6.96 6.52635 1.76667
7.08 6.51617 1.77114
7.2 6.50323 1.77326
7.32 6.48766 1.77307
7.44 6.46959 1.7706
7.56 6.44917 1.76589
7.68 6.42655 1.75898
7.8 6.40188 1.74993
7.92 6.37531 1.73878
8.04 6.347 1.7256
8.16 6.31711 1.71044
8.28 6.28579 1.69338
8.4 6.25319 1.67446
8.52 6.21946 1.65377
8.64 6.18475 1.63138
8.76 6.14921 1.60735
8.88 6.11297 1.58177
9 6.07616 1.55471
9.12 6.03892 1.52625
9.24 6.00136 1.49646
9.36 5.9636 1.46544
9.48 5.92575 1.43325
9.6 5.8879 1.39997
9.72 5.85013 1.3657
9.84 5.81255 1.33051
9.96 5.7752 1.29447
10.08 5.73817 1.25768
10.2 5.7015 1.2202
10.32 5.66524 1.18212
10.44 5.62942 1.14351
10.56 5.59408 1.10446
10.68 5.55923 1.06502
10.8 5.52488 1.02529
10.92 5.49103 0.985325
11.04 5.45768 0.945202
11.16 5.42482 0.90499
11.28 5.39241 0.864757
11.4 5.36044 0.824567
11.52 5.32887 0.784486
11.64 5.29766 0.744575
11.76 5.26676 0.704895
11.88 5.23613 0.665504
12 5.2057 0.62646
12.12 5.17542 0.587816
12.24 5.14523 0.549625
12.36 5.11506 0.511938
12.48 5.08486 0.474803
12.6 5.05454 0.438268
12.72 5.02404 0.402375
12.84 4.9933 0.367169
12.96 4.96225 0.332688
13.08 4.93081 0.298972
13.2 4.89894 0.266057
13.32 4.86655 0.233977
13.44 4.83359 0.202764
13.56 4.80001 0.172447
13.68 4.76575 0.143055
13.8 4.73075 0.114614
13.92 4.69498 0.0871473
14.04 4.65838 0.0606762
14.16 4.62093 0.0352205
14.28 4.58258 0.0107975
14.4 4.54332 -0.0125773
14.52 4.50312 -0.0348909
14.64 4.46196 -0.0561322
14.76 4.41983 -0.0762921
14.88 4.37672 -0.0953638
15 4.33264 -0.113342
15.12 4.28759 -0.130226
15.24 4.24157 -0.146012
15.36 4.19461 -0.160705
15.48 4.14672 -0.174306
15.6 4.09793 -0.186822
15.72 4.04827 -0.19826
15.84 3.99777 -0.208632
15.96 3.94647 -0.217947
16.08 3.89441 -0.226221
16.2 3.84164 -0.233469
16.32 3.78821 -0.23971
16.44 3.73415 -0.244963
16.56 3.67954 -0.249251
16.68 3.62442 -0.252596
16.8 3.56885 -0.255025
16.92 3.5129 -0.256564
17.04 3.45661 -0.257244
17.16 3.40005 -0.257095
17.28 3.34328 -0.256148
17.4 3.28636 -0.254439
17.52 3.22935 -0.252003
17.64 3.17231 -0.248875
17.76 3.11529 -0.245095
17.88 3.05834 -0.240701
18 3.00154 -0.235733
18.12 2.94492 -0.230233
18.24 2.88853 -0.224243
18.36 2.83243 -0.217805
18.48 2.77666 -0.210963
18.6 2.72126 -0.203761
18.72 2.66626 -0.196242
18.84 2.61171 -0.188452
18.96 2.55764 -0.180433
19.08 2.50407 -0.172231
19.2 2.45103 -0.163889
19.32 2.39855 -0.15545
19.44 2.34664 -0.146958
19.56 2.29533 -0.138455
19.68 2.24461 -0.129982
19.8 2.19452 -0.121579
19.92 2.14504 -0.113285
20.04 2.09619 -0.105138
20.16 2.04797 -0.0971742
20.28 2.00037 -0.0894275
20.4 1.95341 -0.0819308
20.52 1.90706 -0.0747152
20.64 1.86133 -0.0678092
20.76 1.8162 -0.0612395
20.88 1.77167 -0.0550304
21 1.72772 -0.049204
21.12 1.68435 -0.0437798
21.24 1.64155 -0.0387748
21.36 1.59929 -0.0342034
21.48 1.55757 -0.0300775
21.6 1.51638 -0.026406
21.72 1.4757 -0.0231955
21.84 1.43551 -0.0204495
21.96 1.39582 -0.0181691
22.08 1.35661 -0.0163523
22.2 1.31786 -0.0149949
22.32 1.27958 -0.0140896
22.44 1.24175 -0.0136268
22.56 1.20437 -0.0135944
22.68 1.16744 -0.0139777
22.8 1.13095 -0.0147598
22.92 1.0949 -0.0159217
23.04 1.0593 -0.0174421
23.16 1.02414 -0.0192979
23.28 0.989442 -0.0214641
23.4 0.955199 -0.0239143
23.52 0.921424 -0.0266204
23.64 0.888128 -0.0295532
23.76 0.855323 -0.0326823
23.88 0.823022 -0.0359764
24 0.79124 -0.0394036
24.12 0.759994 -0.0429315
24.24 0.729302 -0.0465273
24.36 0.699182 -0.0501582
24.48 0.669653 -0.0537917
24.6 0.640737 -0.0573953
24.72 0.612454 -0.0609373
24.84 0.584825 -0.0643867
24.96 0.557872 -0.0677133
25.08 0.531616 -0.0708883
25.2 0.50608 -0.0738841
25.32 0.481282 -0.0766743
25.44 0.457245 -0.0792346
25.56 0.433987 -0.0815423
25.68 0.411527 -0.0835765
25.8 0.389883 -0.0853185
25.92 0.369069 -0.0867518
26.04 0.349102 -0.0878622
26.16 0.329992 -0.0886376
26.28 0.311753 -0.0890686
26.4 0.294392 -0.0891481
26.52 0.277916 -0.0888714
26.64 0.262331 -0.0882366
26.76 0.247639 -0.0872439
26.88 0.23384 -0.0858963
27 0.220932 -0.084199
27.12 0.20891 -0.0821598
27.24 0.197767 -0.0797887
27.36 0.187494 -0.0770977
27.48 0.178078 -0.0741014
27.6 0.169505 -0.070816
27.72 0.161759 -0.0672596
27.84 0.154819 -0.0634524
27.96 0.148665 -0.0594157
28.08 0.143273 -0.0551727
28.2 0.138618 -0.0507474
28.32 0.134671 -0.0461652
28.44 0.131403 -0.0414523
28.56 0.128784 -0.0366356
28.68 0.126781 -0.0317425
28.8 0.12536 -0.0268008
28.92 0.124487 -0.0218384
29.04 0.124124 -0.0168831
29.16 0.124235 -0.0119625
29.28 0.124784 -0.00710388
29.4 0.125731 -0.00233375
29.52 0.127039 0.00232206
29.64 0.12867 0.0068387
29.76 0.130586 0.0111924
29.88 0.132748 0.0153606
30 0.13512 0.0193221
30.12 0.137665 0.0230573
30.24 0.140348 0.0265481
30.36 0.143133 0.0297782
30.48 0.145987 0.032733
30.6 0.148877 0.0353997
30.72 0.151773 0.0377677
30.84 0.154646 0.039828
30.96 0.157466 0.0415737
31.08 0.160209 0.043
31.2 0.16285 0.044104
31.32 0.165366 0.0448848
31.44 0.167738 0.0453433
31.56 0.169946 0.0454825
31.68 0.171974 0.0453071
31.8 0.173807 0.0448236
31.92 0.175434 0.0440403
32.04 0.176843 0.0429668
32.16 0.178026 0.0416146
32.28 0.178976 0.0399962
32.4 0.179689 0.0381257
32.52 0.180161 0.0360182
32.64 0.180392 0.0336897
32.76 0.180382 0.0311573
32.88 0.180132 0.0284389
33 0.179648 0.0255528
33.12 0.178934 0.0225179
33.24 0.177995 0.0193536
33.36 0.17684 0.0160792
33.48 0.175478 0.0127144
33.6 0.173917 0.00927876
33.72 0.172168 0.00579155
33.84 0.170242 0.00227188
33.96 0.168151 -0.00126157
34.08 0.165908 -0.00479062
34.2 0.163523 -0.0082977
34.32 0.161012 -0.0117659
34.44 0.158385 -0.0151792
34.56 0.155657 -0.0185224
34.68 0.15284 -0.021781
34.8 0.149946 -0.0249418
34.92 0.14699 -0.0279924
35.04 0.143982 -0.0309215
35.16 0.140934 -0.0337191
35.28 0.137858 -0.0363759
35.4 0.134765 -0.0388842
35.52 0.131664 -0.0412369
35.64 0.128566 -0.0434284
35.76 0.125479 -0.0454541
35.88 0.122411 -0.0473104
36 0.119371 -0.0489947
36.12 0.116364 -0.0505056
36.24 0.113396 -0.0518425
36.36 0.110474 -0.0530057
36.48 0.107601 -0.0539966
36.6 0.104782 -0.0548171
36.72 0.102019 -0.0554701
36.84 0.0993149 -0.055959
36.96 0.0966719 -0.0562879
37.08 0.0940909 -0.0564616
37.2 0.0915726 -0.0564851
37.32 0.0891171 -0.0563642
37.44 0.086724 -0.0561047
37.56 0.0843925 -0.055713
37.68 0.0821214 -0.0551956
37.8 0.0799091 -0.0545593
37.92 0.0777537 -0.0538109
38.04 0.0756532 -0.0529572
38.16 0.0736052 -0.0520054
38.28 0.0716073 -0.0509624
38.4 0.069657 -0.049835
38.52 0.0677515 -0.0486301
38.64 0.0658884 -0.0473543
38.76 0.0640649 -0.0460141
38.88 0.0622785 -0.0446159
39 0.0605268 -0.0431658
39.12 0.0588075 -0.0416697
39.24 0.0571184 -0.0401332
39.36 0.0554575 -0.0385619
39.48 0.0538229 -0.0369607
39.6 0.0522132 -0.0353348
39.72 0.050627 -0.0336886
39.84 0.0490631 -0.0320267
39.96 0.0475206 -0.0303531
40.08 0.045999 -0.0286719
40.2 0.0444979 -0.0269867
40.32 0.043017 -0.025301
40.44 0.0415565 -0.0236181
40.56 0.0401167 -0.0219412
40.68 0.0386979 -0.0202731
40.8 0.037301 -0.0186165
40.92 0.0359267 -0.0169743
41.04 0.0345761 -0.0153487
41.16 0.0332502 -0.0137423
41.28 0.0319503 -0.0121573
41.4 0.0306778 -0.0105958
41.52 0.029434 -0.0090601
41.64 0.0282202 -0.00755209
41.76 0.0270381 -0.00607377
41.88 0.0258889 -0.00462707
42 0.0247741 -0.00321385
42.12 0.0236949 -0.00183592
42.24 0.0226528 -0.000495059
42.36 0.0216488 0.000807025
42.48 0.0206839 0.00206866
42.6 0.0197592 0.00328822
42.72 0.0188754 0.00446416
42.84 0.0180331 0.00559497
42.96 0.0172327 0.00667923
43.08 0.0164747 0.00771558
43.2 0.0157591 0.00870277
43.32 0.0150857 0.00963961
43.44 0.0144544 0.0105251
43.56 0.0138646 0.0113582
43.68 0.0133158 0.0121381
43.8 0.012807 0.0128641
43.92 0.0123373 0.0135358
44.04 0.0119055 0.0141526
44.16 0.0115101 0.0147144
44.28 0.0111498 0.015221
44.4 0.0108228 0.0156727
44.52 0.0105274 0.0160696
44.64 0.0102616 0.0164123
44.76 0.0100235 0.0167013
44.88 0.00981099 0.0169375
45 0.00962184 0.0171219
45.12 0.00945387 0.0172558
45.24 0.00930482 0.0173404
45.36 0.00917239 0.0173774
45.48 0.00905428 0.0173684
45.6 0.00894821 0.0173153
45.72 0.00885191 0.0172202
45.84 0.00876315 0.017085
45.96 0.00867975 0.0169122
46.08 0.00859959 0.0167042
46.2 0.00852062 0.0164633
46.32 0.0084409 0.0161921
46.44 0.00835856 0.0158933
46.56 0.00827185 0.0155695
46.68 0.00817913 0.0152234
46.8 0.00807888 0.0148577
46.92 0.00796971 0.0144752
47.04 0.00785036 0.0140784
47.16 0.00771969 0.0136701
47.28 0.00757673 0.0132529
47.4 0.0074206 0.0128293
47.52 0.00725059 0.0124017
47.64 0.00706612 0.0119724
47.76 0.00686674 0.0115438
47.88 0.00665213 0.0111179
48 0.00642211 0.0106967
48.12 0.00617659 0.010282
48.24 0.00591563 0.00987564
48.36 0.00563941 0.00947906
48.48 0.00534818 0.00909367
48.6 0.00504232 0.0087207
48.72 0.00472229 0.0083612
48.84 0.00438865 0.00801607
48.96 0.00404203 0.00768605
49.08 0.00368313 0.00737171
49.2 0.00331273 0.00707347
49.32 0.00293166 0.0067916
49.44 0.00254081 0.00652622
49.56 0.0021411 0.0062773
49.68 0.00173351 0.00604471
49.8 0.00131903 0.00582817
49.92 0.000898708 0.00562731
50.04 0.000473586 0.00544164
50.16 4.4737e-05 0.00527058
50.28 -0.000386759 0.0051135
50.4 -0.000819812 0.00496965
50.52 -0.00125333 0.00483826
50.64 -0.00168623 0.00471851
50.76 -0.00211742 0.00460953
50.88 -0.00254583 0.00451042
51 -0.00297039 0.00442029
51.12 -0.00339005 0.00433823
51.24 -0.00380378 0.00426332
51.36 -0.00421057 0.00419466
51.48 -0.00460943 0.0041314
51.6 -0.00499938 0.00407267
51.72 -0.00537951 0.00401765
51.84 -0.00574888 0.00396559
51.96 -0.00610664 0.00391573
52.08 -0.00645193 0.00386739
52.2 -0.00678395 0.00381994
52.32 -0.00710193 0.00377279
52.44 -0.00740514 0.00372541
52.56 -0.00769289 0.00367732
52.68 -0.00796454 0.00362811
52.8 -0.0082195 0.0035774
52.92 -0.00845722 0.00352487
53.04 -0.00867721 0.00347026
53.16 -0.00887903 0.00341336
53.28 -0.00906231 0.00335398
53.4 -0.00922673 0.00329199
53.52 -0.00937202 0.00322731
53.64 -0.009498 0.00315987
53.76 -0.00960454 0.00308965
53.88 -0.00969159 0.00301666
54 -0.00975915 0.00294091
54.12 -0.00980731 0.00286245
54.24 -0.00983624 0.00278136
54.36 -0.00984617 0.00269772
54.48 -0.00983742 0.0026116
54.6 -0.00981037 0.00252312
54.72 -0.00976548 0.00243237
54.84 -0.0097033 0.00233948
54.96 -0.00962444 0.00224455
55.08 -0.0095296 0.0021477
55.2 -0.00941952 0.00204904
55.32 -0.00929504 0.00194868
55.44 -0.00915705 0.00184674
55.56 -0.00900652 0.00174333
55.68 -0.00884446 0.00163856
55.8 -0.00867193 0.00153255
55.92 -0.00849005 0.0014254
56.04 -0.0083 0.00131722
56.16 -0.00810295 0.00120814
56.28 -0.00790016 0.00109826
56.4 -0.00769285 0.000987723
56.52 -0.00748232 0.000876646
56.64 -0.00726983 0.000765169
56.76 -0.00705666 0.000653437
56.88 -0.00684408 0.000541604
57 -0.00663336 0.000429835
57.12 -0.00642573 0.000318305
57.24 -0.00622239 0.000207201
57.36 -0.0060245 9.67217e-05
57.48 -0.0058332 -1.2923e-05
57.6 -0.00564954 -0.000121512
57.72 -0.00547454 -0.000228812
57.84 -0.00530911 -0.000334583
57.96 -0.00515414 -0.000438572
58.08 -0.0050104 -0.000540523
58.2 -0.00487859 -0.00064017
58.32 -0.00475931 -0.000737246
58.44 -0.00465308 -0.000831481
58.56 -0.00456032 -0.000922606
58.68 -0.00448134 -0.00101036
58.8 -0.00441635 -0.00109447
58.92 -0.00436546 -0.00117469
59.04 -0.00432869 -0.00125079
59.16 -0.00430593 -0.00132252
59.28 -0.00429699 -0.00138969
59.4 -0.00430157 -0.00145209
59.52 -0.00431928 -0.00150955
59.64 -0.00434963 -0.00156193
59.76 -0.00439205 -0.0016091
59.88 -0.00444589 -0.00165097
60 -0.00451039 -0.00168746
60.12 -0.00458476 -0.00171853
60.24 -0.00466812 -0.00174419
60.36 -0.00475954 -0.00176443
60.48 -0.00485804 -0.00177932
60.6 -0.00496257 -0.00178894
60.72 -0.00507209 -0.00179339
60.84 -0.0051855 -0.00179282
60.96 -0.00530168 -0.00178738
61.08 -0.00541951 -0.00177727
61.2 -0.00553786 -0.00176268
61.32 -0.00565559 -0.00174385
61.44 -0.0057716 -0.00172101
61.56 -0.00588478 -0.00169443
61.68 -0.00599406 -0.00166437
61.8 -0.00609838 -0.00163109
61.92 -0.00619672 -0.00159487
62.04 -0.00628813 -0.00155597
62.16 -0.00637165 -0.00151466
62.28 -0.00644642 -0.00147119
62.4 -0.00651159 -0.0014258
62.52 -0.00656639 -0.0013787
62.64 -0.00661008 -0.00133011
62.76 -0.00664201 -0.00128019
62.88 -0.00666155 -0.00122909
63 -0.00666814 -0.00117695
63.12 -0.00666127 -0.00112385
63.24 -0.0066405 -0.00106985
63.36 -0.00660541 -0.00101498
63.48 -0.00655565 -0.000959225
63.6 -0.00649091 -0.000902554
63.72 -0.00641092 -0.00084489
63.84 -0.00631544 -0.000786125
63.96 -0.00620428 -0.000726125
64.08 -0.00607727 -0.000664723
64.2 -0.00593426 -0.000601729
64.32 -0.00577513 -0.000536928
64.44 -0.00559977 -0.000470088
64.56 -0.00540809 -0.000400959
64.68 -0.00520001 -0.000329282
64.8 -0.00497546 -0.000254791
64.92 -0.00473435 -0.000177216
65.04 -0.00447663 -9.62931e-05
65.16 -0.00420221 -1.17646e-05
65.28 -0.00391103 7.66128e-05
65.4 -0.003603 0.000169064
65.52 -0.00327806 0.00026579
65.64 -0.00293611 0.000366963
65.76 -0.00257709 0.000472722
65.88 -0.00220089 0.000583169
66 -0.00180746 0.000698361
66.12 -0.00139672 0.000818313
66.24 -0.000968609 0.000942989
66.36 -0.00052309 0.0010723
66.48 -6.01413e-05 0.00120611
66.6 0.00042023 0.00134421
66.72 0.000917983 0.00148637
66.84 0.00143304 0.00163225
66.96 0.00196526 0.00178151
67.08 0.00251447 0.00193372
67.2 0.00308043 0.0020884
67.32 0.00366281 0.00224503
67.44 0.00426122 0.00240303
67.56 0.00487518 0.00256179
67.68 0.00550412 0.00272064
67.8 0.00614738 0.00287889
67.92 0.00680416 0.00303581
68.04 0.00747359 0.00319065
68.16 0.00815466 0.00334264
68.28 0.00884624 0.003491
68.4 0.00954709 0.00363493
68.52 0.0102558 0.00377364
68.64 0.0109709 0.00390636
68.76 0.0116908 0.0040323
68.88 0.0124136 0.00415072
69 0.0131376 0.00426088
69.12 0.0138605 0.00436211
69.24 0.0145805 0.00445373
69.36 0.0152951 0.00453515
69.48 0.016002 0.00460578
69.6 0.0166988 0.00466512
69.72 0.0173829 0.00471272
69.84 0.0180518 0.00474816
69.96 0.0187026 0.00477113
70.08 0.0193326 0.00478134
70.2 0.0199392 0.00477858
70.32 0.0205194 0.00476272
70.44 0.0210704 0.00473367
70.56 0.0215894 0.00469142
70.68 0.0220736 0.00463601
70.8 0.0225203 0.00456756
70.92 0.0229267 0.00448622
71.04 0.0232903 0.00439221
71.16 0.0236085 0.00428579
71.28 0.023879 0.00416728
71.4 0.0240994 0.00403702
71.52 0.0242676 0.00389539
71.64 0.0243816 0.0037428
71.76 0.0244398 0.00357969
71.88 0.0244405 0.0034065
72 0.0243824 0.0032237
72.12 0.0242644 0.00303175
72.24 0.0240855 0.00283112
72.36 0.0238452 0.00262226
72.48 0.0235431 0.00240562
72.6 0.0231791 0.00218165
72.72 0.0227535 0.00195074
72.84 0.0222666 0.00171331
72.96 0.0217193 0.00146969
73.08 0.0211127 0.00122025
73.2 0.0204481 0.000965274
73.32 0.0197273 0.000705044
73.44 0.018952 0.000439803
73.56 0.0181247 0.000169761
73.68 0.0172478 -0.000104901
73.8 0.0163241 -0.00038403
73.92 0.0153566 -0.000667502
74.04 0.0143487 -0.000955212
74.16 0.0133039 -0.00124708
74.28 0.012226 -0.00154304
74.4 0.0111189 -0.00184303
74.52 0.00998688 -0.002147
74.64 0.00883415 -0.00245491
74.76 0.00766525 -0.0027667
74.88 0.00648478 -0.00308231
75 0.00529746 -0.00340166
75.12 0.00410811 -0.00372465
75.24 0.0029216 -0.00405116
75.36 0.00174284 -0.00438102
75.48 0.000576771 -0.00471405
75.6 -0.000571685 -0.00505001
75.72 -0.00169763 -0.00538863
75.84 -0.00279622 -0.00572958
75.96 -0.0038627 -0.0060725
76.08 -0.00489239 -0.00641695
76.2 -0.00588076 -0.00676247
76.32 -0.0068234 -0.00710853
76.44 -0.0077161 -0.00745457
76.56 -0.00855481 -0.00779996
76.68 -0.0093357 -0.00814404
76.8 -0.0100552 -0.00848611
76.92 -0.0107098 -0.00882544
77.04 -0.0112967 -0.00916124
77.16 -0.0118128 -0.00949275
77.28 -0.0122557 -0.00981915
77.4 -0.0126232 -0.0101396
77.52 -0.0129133 -0.0104534
77.64 -0.0131246 -0.0107596
77.76 -0.0132558 -0.0110576
77.88 -0.013306 -0.0113465
78 -0.0132747 -0.0116257
78.12 -0.0131618 -0.0118945
78.24 -0.0129674 -0.0121522
78.36 -0.0126922 -0.0123985
78.48 -0.0123371 -0.0126329
78.6 -0.0119034 -0.0128549
78.72 -0.0113929 -0.0130644
78.84 -0.0108074 -0.0132612
78.96 -0.0101496 -0.0134452
79.08 -0.00942202 -0.0136165
79.2 -0.00862791 -0.0137753
79.32 -0.00777069 -0.0139219
79.44 -0.00685412 -0.0140566
79.56 -0.00588228 -0.0141801
79.68 -0.00485956 -0.014293
79.8 -0.00379063 -0.014396
79.92 -0.00268042 -0.01449
80.04 -0.00153413 -0.0145759
80.16 -0.000357167 -0.0146548
80.28 0.000844829 -0.0147278
80.4 0.00206604 -0.0147961
80.52 0.00330048 -0.0148609
80.64 0.00454204 -0.0149235
80.76 0.00578445 -0.0149852
80.88 0.0070214 -0.0150472
81 0.00824651 -0.0151108
81.12 0.00945334 -0.0151774
81.24 0.0106355 -0.0152479
81.36 0.0117866 -0.0153237
81.48 0.0129002 -0.0154056
81.6 0.0139703 -0.0154946
81.72 0.0149906 -0.0155915
81.84 0.0159552 -0.015697
81.96 0.0168584 -0.0158114
82.08 0.0176947 -0.0159352
82.2 0.0184588 -0.0160685
82.32 0.0191458 -0.0162112
82.44 0.0197511 -0.0163629
82.56 0.0202704 -0.0165234
82.68 0.0206998 -0.0166919
82.8 0.021036 -0.0168674
82.92 0.0212759 -0.0170489
83.04 0.021417 -0.0172351
83.16 0.0214575 -0.0174246
83.28 0.0213958 -0.0176155
83.4 0.0212311 -0.0178063
83.52 0.0209631 -0.0179947
83.64 0.0205921 -0.0181789
83.76 0.0201189 -0.0183567
83.88 0.0195452 -0.0185257
84 0.0188732 -0.0186839
84.12 0.0181055 -0.0188289
84.24 0.0172457 -0.0189587
84.36 0.0162978 -0.019071
84.48 0.0152666 -0.0191642
84.6 0.0141575 -0.0192362
84.72 0.0129763 -0.0192858
84.84 0.0117296 -0.0193116
84.96 0.0104246 -0.0193127
85.08 0.0090688 -0.0192887
85.2 0.00767052 -0.0192394
85.32 0.00623835 -0.0191653
85.44 0.00478141 -0.0190672
85.56 0.0033092 -0.0189468
85.68 0.00183158 -0.0188059
85.8 0.000358721 -0.0186475
85.92 -0.00109894 -0.0184749
86.04 -0.00253076 -0.0182923
86.16 -0.00392594 -0.0181045
86.28 -0.00527361 -0.0179172
86.4 -0.00656283 -0.0177369
86.52 -0.00778272 -0.0175707
86.64 -0.00892248 -0.0174266
86.76 -0.00997144 -0.0173134
86.88 -0.0109192 -0.0172408
87 -0.0117555 -0.0172189
87.12 -0.0124707 -0.0172588
87.24 -0.0130551 -0.0173724
87.36 -0.0135 -0.0175719
87.48 -0.0137968 -0.0178705
87.6 -0.0139377 -0.0182816
87.72 -0.0139152 -0.0188193
87.84 -0.0137229 -0.0194981
87.96 -0.0133548 -0.0203327
88.08 -0.0128057 -0.0213382
88.2 -0.0120712 -0.0225297
88.32 -0.0111476 -0.0239226
88.44 -0.0100323 -0.0255319
88.56 -0.00872319 -0.0273728
88.68 -0.00721924 -0.02946
88.8 -0.00552017 -0.0318079
88.92 -0.0036266 -0.0344303
89.04 -0.00153996 -0.0373405
89.16 0.000737451 -0.0405509
89.28 0.00320256 -0.0440732
89.4 0.00585149 -0.047918
89.52 0.00867961 -0.0520947
89.64 0.0116816 -0.0566116
89.76 0.0148514 -0.0614757
89.88 0.0181824 -0.0666922
90 0.0216674 -0.0722652
90.12 0.0252987 -0.0781968
90.24 0.0290681 -0.0844874
90.36 0.032967 -0.0911358
90.48 0.0369865 -0.0981385
90.6 0.0411175 -0.10549
90.72 0.0453507 -0.113184
90.84 0.0496766 -0.12121
90.96 0.0540858 -0.129557
91.08 0.0585688 -0.138212
91.2 0.0631163 -0.147158
91.32 0.0677191 -0.156379
91.44 0.0723683 -0.165853
91.56 0.0770553 -0.17556
91.68 0.0817719 -0.185475
91.8 0.0865101 -0.195572
91.92 0.0912627 -0.205824
92.04 0.0960228 -0.216201
92.16 0.100784 -0.226672
92.28 0.105541 -0.237205
92.4 0.110289 -0.247766
92.52 0.115022 -0.258318
92.64 0.119738 -0.268826
92.76 0.124434 -0.279252
92.88 0.129107 -0.289558
93 0.133755 -0.299706
93.12 0.138377 -0.309656
93.24 0.142973 -0.319369
93.36 0.147544 -0.328806
93.48 0.15209 -0.337927
93.6 0.156612 -0.346693
93.72 0.161112 -0.355067
93.84 0.165593 -0.363012
93.96 0.170058 -0.37049
94.08 0.174509 -0.377467
94.2 0.17895 -0.383909
94.32 0.183384 -0.389784
94.44 0.187815 -0.395062
94.56 0.192247 -0.399715
94.68 0.196683 -0.403716
94.8 0.201128 -0.407043
94.92 0.205584 -0.409672
95.04 0.210056 -0.411587
95.16 0.214545 -0.41277
95.28 0.219055 -0.413209
95.4 0.223589 -0.412894
95.52 0.228147 -0.411816
95.64 0.232731 -0.409973
95.76 0.237341 -0.407362
95.88 0.241979 -0.403986
96 0.246642 -0.399851
96.12 0.251331 -0.394963
96.24 0.256042 -0.389335
96.36 0.260774 -0.38298
96.48 0.265523 -0.375917
96.6 0.270284 -0.368165
96.72 0.275053 -0.359748
96.84 0.279824 -0.35069
96.96 0.284591 -0.341021
97.08 0.289347 -0.33077
97.2 0.294085 -0.319972
97.32 0.298797 -0.30866
97.44 0.303474 -0.296872
97.56 0.308106 -0.284646
97.68 0.312686 -0.272023
97.8 0.317202 -0.259044
97.92 0.321646 -0.245751
98.04 0.326006 -0.232188
98.16 0.330273 -0.218399
98.28 0.334437 -0.204429
98.4 0.338488 -0.190322
98.52 0.342415 -0.176123
98.64 0.346208 -0.161877
98.76 0.34986 -0.147628
98.88 0.353359 -0.133419
99 0.356699 -0.119292
99.12 0.35987 -0.105291
99.24 0.362866 -0.0914536
99.36 0.36568 -0.0778203
99.48 0.368305 -0.064428
99.6 0.370737 -0.0513125
99.72 0.37297 -0.0385074
99.84 0.375001 -0.0260445
99.96 0.376828 -0.0139535
100.08 0.378448 -0.00226173
100.2 0.379861 0.00900562
100.32 0.381065 0.0198258
100.44 0.382061 0.0301783
100.56 0.382851 0.0400454
100.68 0.383437 0.0494115
100.8 0.383821 0.0582636
100.92 0.384007 0.0665912
101.04 0.383999 0.0743862
101.16 0.383802 0.0816429
101.28 0.383422 0.0883578
101.4 0.382862 0.0945298
101.52 0.382131 0.10016
101.64 0.381232 0.105252
101.76 0.380174 0.10981
101.88 0.378962 0.113841
102 0.377602 0.117355
102.12 0.376101 0.120362
102.24 0.374464 0.122872
102.36 0.372697 0.124901
102.48 0.370806 0.126462
102.6 0.368794 0.12757
102.72 0.366667 0.128242
102.84 0.364427 0.128496
102.96 0.362077 0.128348
103.08 0.359619 0.127817
103.2 0.357054 0.126922
103.32 0.354382 0.125682
103.44 0.351603 0.124114
103.56 0.348715 0.122238
103.68 0.345715 0.120073
103.8 0.342599 0.117636
103.92 0.339364 0.114945
104.04 0.336002 0.112018
104.16 0.332509 0.108871
104.28 0.328877 0.10552
104.4 0.325098 0.101982
104.52 0.321162 0.0982687
104.64 0.317061 0.0943959
104.76 0.312785 0.0903758
104.88 0.308322 0.0862205
105 0.303664 0.0819411
105.12 0.298797 0.077548
105.24 0.293711 0.0730504
105.36 0.288395 0.0684571
105.48 0.282838 0.0637758
105.6 0.27703 0.0590135
105.72 0.270959 0.0541766
105.84 0.264616 0.0492705
105.96 0.257992 0.0443005
106.08 0.25108 0.0392709
106.2 0.243871 0.0341859
106.32 0.23636 0.0290492
106.44 0.228542 0.023864
106.56 0.220414 0.0186336
106.68 0.211974 0.0133609
106.8 0.203222 0.00804886
106.92 0.194159 0.0027005
107.04 0.184788 -0.00268113
107.16 0.175116 -0.0080928
107.28 0.165149 -0.013531
107.4 0.154897 -0.018992
107.52 0.14437 -0.0244715
107.64 0.133584 -0.0299649
107.76 0.122552 -0.0354671
107.88 0.111293 -0.0409724
108 0.0998259 -0.0464746
108.12 0.0881737 -0.0519669
108.24 0.0763597 -0.0574419
108.36 0.0644096 -0.0628915
108.48 0.0523512 -0.0683069
108.6 0.0402138 -0.0736789
108.72 0.0280285 -0.0789975
108.84 0.0158278 -0.0842522
108.96 0.0036457 -0.0894319
109.08 -0.0084826 -0.0945249
109.2 -0.0205208 -0.0995192
109.32 -0.0324319 -0.104402
109.44 -0.0441777 -0.109161
109.56 -0.05572 -0.113783
109.68 -0.06702 -0.118255
109.8 -0.0780387 -0.122562
109.92 -0.0887373 -0.126691
110.04 -0.0990772 -0.13063
110.16 -0.10902 -0.134364
110.28 -0.118529 -0.13788
110.4 -0.127568 -0.141166
110.52 -0.1361 -0.144208
110.64 -0.144092 -0.146996
110.76 -0.151512 -0.149517
110.88 -0.158328 -0.15176
111 -0.164512 -0.153716
111.12 -0.170036 -0.155375
111.24 -0.174876 -0.15673
111.36 -0.17901 -0.157772
111.48 -0.182417 -0.158495
111.6 -0.185082 -0.158895
111.72 -0.186988 -0.158966
111.84 -0.188125 -0.158707
111.96 -0.188484 -0.158114
112.08 -0.18806 -0.157189
112.2 -0.18685 -0.155931
112.32 -0.184854 -0.154342
112.44 -0.182076 -0.152426
112.56 -0.178524 -0.150187
112.68 -0.174206 -0.147631
112.8 -0.169137 -0.144765
112.92 -0.163332 -0.141597
113.04 -0.156811 -0.138136
113.16 -0.149595 -0.134393
113.28 -0.141709 -0.130377
113.4 -0.133182 -0.126103
113.52 -0.124043 -0.121583
113.64 -0.114325 -0.11683
113.76 -0.104065 -0.11186
113.88 -0.0932978 -0.106687
114 -0.0820648 -0.101327
114.12 -0.0704069 -0.0957973
114.24 -0.0583674 -0.0901131
114.36 -0.045991 -0.0842915
114.48 -0.0333239 -0.0783495
114.6 -0.0204135 -0.0723042
114.72 -0.00730807 -0.0661724
114.84 0.00594325 -0.0599709
114.96 0.0192907 -0.0537165
115.08 0.0326843 -0.0474254
115.2 0.0460737 -0.0411136
115.32 0.0594087 -0.0347966
115.44 0.0726392 -0.0284893
115.56 0.0857156 -0.0222061
115.68 0.098589 -0.0159608
115.8 0.111211 -0.00976643
115.92 0.123535 -0.00363527
116.04 0.135514 0.00242113
116.16 0.147105 0.00839206
116.28 0.158263 0.0142676
116.4 0.168948 0.0200387
116.52 0.17912 0.0256971
116.64 0.188741 0.0312355
116.76 0.197777 0.0366474
116.88 0.206193 0.0419269
117 0.213959 0.0470692
117.12 0.221047 0.0520701
117.24 0.227432 0.0569263
117.36 0.23309 0.0616348
117.48 0.238 0.0661937
117.6 0.242147 0.0706015
117.72 0.245515 0.0748571
117.84 0.248093 0.0789602
117.96 0.249872 0.0829106
118.08 0.250847 0.0867087
118.2 0.251016 0.0903551
118.32 0.250378 0.0938506
118.44 0.248938 0.0971963
118.56 0.246702 0.100393
118.68 0.243679 0.103443
118.8 0.239883 0.106346
118.92 0.235328 0.109105
119.04 0.230033 0.111719
119.16 0.224018 0.11419
119.28 0.217307 0.116519
119.4 0.209926 0.118707
119.52 0.201904 0.120752
119.64 0.193272 0.122657
119.76 0.184062 0.12442
119.88 0.174311 0.12604
120 0.164054 0.127518
