-0.999 nan nan
-0.998 nan nan
-0.997 nan nan
-0.996 nan nan
-0.995 nan nan
-0.994 nan nan
-0.993 nan nan
-0.992 nan nan
-0.991 nan nan
-0.99 nan nan
-0.989 nan nan
-0.988 nan nan
-0.987 nan nan
-0.986 nan nan
-0.985 nan nan
-0.984 nan nan
-0.983 nan nan
-0.982 nan nan
-0.981 nan nan
-0.98 nan nan
-0.979 nan nan
-0.978 nan nan
-0.977 nan nan
-0.976 nan nan
-0.975 nan nan
-0.974 nan nan
-0.973 nan nan
-0.972 nan nan
-0.971 nan nan
-0.97 nan nan
-0.969 nan nan
-0.968 nan nan
-0.967 nan nan
-0.966 nan nan
-0.965 nan nan
-0.964 nan nan
-0.963 nan nan
-0.962 nan nan
-0.961 nan nan
-0.96 nan nan
-0.959 nan nan
-0.958 nan nan
-0.957 nan nan
-0.956 nan nan
-0.955 nan nan
-0.954 nan nan
-0.953 nan nan
-0.952 nan nan
-0.951 nan nan
-0.95 nan nan
-0.949 nan nan
-0.948 nan nan
-0.947 nan nan
-0.946 nan nan
-0.945 nan nan
-0.944 nan nan
-0.943 nan nan
-0.942 nan nan
-0.941 nan nan
-0.94 nan nan
-0.939 nan nan
-0.938 nan nan
-0.937 nan nan
-0.936 nan nan
-0.935 nan nan
-0.934 nan nan
-0.933 nan nan
-0.932 nan nan
-0.931 nan nan
-0.93 nan nan
-0.929 nan nan
-0.928 nan nan
-0.927 nan nan
-0.926 nan nan
-0.925 nan nan
-0.924 nan nan
-0.923 nan nan
-0.922 nan nan
-0.921 nan nan
-0.92 nan nan
-0.919 nan nan
-0.918 nan nan
-0.917 nan nan
-0.916 nan nan
-0.915 nan nan
-0.914 nan nan
-0.913 nan nan
-0.912 nan nan
-0.911 nan nan
-0.91 nan nan
-0.909 nan nan
-0.908 nan nan
-0.907 nan nan
-0.906 nan nan
-0.905 nan nan
-0.904 nan nan
-0.903 nan nan
-0.902 nan nan
-0.901 nan nan
-0.9 nan nan
-0.899 nan nan
-0.898 nan nan
-0.897 nan nan
-0.896 nan nan
-0.895 nan nan
-0.894 nan nan
-0.893 nan nan
-0.892 nan nan
-0.891 nan nan
-0.89 nan nan
-0.889 nan nan
-0.888 nan nan
-0.887 nan nan
-0.886 nan nan
-0.885 nan nan
-0.884 nan nan
-0.883 nan nan
-0.882 nan nan
-0.881 nan nan
-0.88 nan nan
-0.879 nan nan
-0.878 nan nan
-0.877 nan nan
-0.876 nan nan
-0.875 nan nan
-0.874 nan nan
-0.873 nan nan
-0.872 nan nan
-0.871 nan nan
-0.87 nan nan
-0.869 nan nan
-0.868 nan nan
-0.867 nan nan
-0.866 nan nan
-0.865 nan nan
-0.864 nan nan
-0.863 nan nan
-0.862 nan nan
-0.861 nan nan
-0.86 nan nan
-0.859 nan nan
-0.858 nan nan
-0.857 nan nan
-0.856 nan nan
-0.855 nan nan
-0.854 nan nan
-0.853 nan nan
-0.852 nan nan
-0.851 nan nan
-0.85 nan nan
-0.849 nan nan
-0.848 nan nan
-0.847 nan nan
-0.846 nan nan
-0.845 nan nan
-0.844 nan nan
-0.843 nan nan
-0.842 nan nan
-0.841 nan nan
-0.84 nan nan
-0.839 nan nan
-0.838 nan nan
-0.837 nan nan
-0.836 nan nan
-0.835 nan nan
-0.834 nan nan
-0.833 nan nan
-0.832 nan nan
-0.831 nan nan
-0.83 nan nan
-0.829 nan nan
-0.828 nan nan
-0.827 nan nan
-0.826 nan nan
-0.825 nan nan
-0.824 nan nan
-0.823 nan nan
-0.822 nan nan
-0.821 nan nan
-0.82 nan nan
-0.819 nan nan
-0.818 nan nan
-0.817 nan nan
-0.816 nan nan
-0.815 nan nan
-0.814 nan nan
-0.813 nan nan
-0.812 nan nan
-0.811 nan nan
-0.81 nan nan
-0.809 nan nan
-0.808 nan nan
-0.807 nan nan
-0.806 nan nan
-0.805 nan nan
-0.804 nan nan
-0.803 nan nan
-0.802 nan nan
-0.801 nan nan
-0.8 nan nan
-0.799 nan nan
-0.798 nan nan
-0.797 nan nan
-0.796 nan nan
-0.795 nan nan
-0.794 nan nan
-0.793 nan nan
-0.792 nan nan
-0.791 nan nan
-0.79 nan nan
-0.789 nan nan
-0.788 nan nan
-0.787 nan nan
-0.786 nan nan
-0.785 nan nan
-0.784 nan nan
-0.783 nan nan
-0.782 nan nan
-0.781 nan nan
-0.78 nan nan
-0.779 nan nan
-0.778 nan nan
-0.777 nan nan
-0.776 nan nan
-0.775 nan nan
-0.774 nan nan
-0.773 nan nan
-0.772 nan nan
-0.771 nan nan
-0.77 nan nan
-0.769 nan nan
-0.768 nan nan
-0.767 nan nan
-0.766 nan nan
-0.765 nan nan
-0.764 nan nan
-0.763 nan nan
-0.762 nan nan
-0.761 nan nan
-0.76 nan nan
-0.759 nan nan
-0.758 nan nan
-0.757 nan nan
-0.756 nan nan
-0.755 nan nan
-0.754 nan nan
-0.753 nan nan
-0.752 nan nan
-0.751 nan nan
-0.75 nan nan
-0.749 nan nan
-0.748 nan nan
-0.747 nan nan
-0.746 nan nan
-0.745 nan nan
-0.744 nan nan
-0.743 nan nan
-0.742 nan nan
-0.741 nan nan
-0.74 nan nan
-0.739 nan nan
-0.738 nan nan
-0.737 nan nan
-0.736 nan nan
-0.735 nan nan
-0.734 nan nan
-0.733 nan nan
-0.732 nan nan
-0.731 nan nan
-0.73 nan nan
-0.729 nan nan
-0.728 nan nan
-0.727 nan nan
-0.726 nan nan
-0.725 nan nan
-0.724 nan nan
-0.723 nan nan
-0.722 nan nan
-0.721 nan nan
-0.72 nan nan
-0.719 nan nan
-0.718 nan nan
-0.717 nan nan
-0.716 nan nan
-0.715 nan nan
-0.714 nan nan
-0.713 nan nan
-0.712 nan nan
-0.711 nan nan
-0.71 nan nan
-0.709 nan nan
-0.708 nan nan
-0.707 nan nan
-0.706 nan nan
-0.705 nan nan
-0.704 nan nan
-0.703 nan nan
-0.702 nan nan
-0.701 nan nan
-0.7 nan nan
-0.699 nan nan
-0.698 nan nan
-0.697 nan nan
-0.696 nan nan
-0.695 nan nan
-0.694 nan nan
-0.693 nan nan
-0.692 nan nan
-0.691 nan nan
-0.69 nan nan
-0.689 nan nan
-0.688 nan nan
-0.687 nan nan
-0.686 nan nan
-0.685 nan nan
-0.684 nan nan
-0.683 nan nan
-0.682 nan nan
-0.681 nan nan
-0.68 nan nan
-0.679 nan nan
-0.678 nan nan
-0.677 nan nan
-0.676 nan nan
-0.675 nan nan
-0.674 nan nan
-0.673 nan nan
-0.672 nan nan
-0.671 nan nan
-0.67 nan nan
-0.669 nan nan
-0.668 nan nan
-0.667 nan nan
-0.666 nan nan
-0.665 nan nan
-0.664 nan nan
-0.663 nan nan
-0.662 nan nan
-0.661 nan nan
-0.66 nan nan
-0.659 nan nan
-0.658 nan nan
-0.657 nan nan
-0.656 nan nan
-0.655 nan nan
-0.654 nan nan
-0.653 nan nan
-0.652 nan nan
-0.651 nan nan
-0.65 nan nan
-0.649 nan nan
-0.648 nan nan
-0.647 nan nan
-0.646 nan nan
-0.645 nan nan
-0.644 nan nan
-0.643 nan nan
-0.642 nan nan
-0.641 nan nan
-0.64 nan nan
-0.639 nan nan
-0.638 nan nan
-0.637 nan nan
-0.636 nan nan
-0.635 nan nan
-0.634 nan nan
-0.633 nan nan
-0.632 nan nan
-0.631 nan nan
-0.63 nan nan
-0.629 nan nan
-0.628 nan nan
-0.627 nan nan
-0.626 nan nan
-0.625 nan nan
-0.624 nan nan
-0.623 nan nan
-0.622 nan nan
-0.621 nan nan
-0.62 nan nan
-0.619 nan nan
-0.618 nan nan
-0.617 nan nan
-0.616 nan nan
-0.615 nan nan
-0.614 nan nan
-0.613 nan nan
-0.612 nan nan
-0.611 nan nan
-0.61 nan nan
-0.609 nan nan
-0.608 nan nan
-0.607 nan nan
-0.606 nan nan
-0.605 nan nan
-0.604 nan nan
-0.603 nan nan
-0.602 nan nan
-0.601 nan nan
-0.6 nan nan
-0.599 nan nan
-0.598 nan nan
-0.597 nan nan
-0.596 nan nan
-0.595 nan nan
-0.594 nan nan
-0.593 nan nan
-0.592 nan nan
-0.591 nan nan
-0.59 nan nan
-0.589 nan nan
-0.588 nan nan
-0.587 nan nan
-0.586 nan nan
-0.585 nan nan
-0.584 nan nan
-0.583 nan nan
-0.582 nan nan
-0.581 nan nan
-0.58 nan nan
-0.579 nan nan
-0.578 nan nan
-0.577 nan nan
-0.576 nan nan
-0.575 nan nan
-0.574 nan nan
-0.573 nan nan
-0.572 nan nan
-0.571 nan nan
-0.57 nan nan
-0.569 nan nan
-0.568 nan nan
-0.567 nan nan
-0.566 nan nan
-0.565 nan nan
-0.564 nan nan
-0.563 nan nan
-0.562 nan nan
-0.561 nan nan
-0.56 nan nan
-0.559 nan nan
-0.558 nan nan
-0.557 nan nan
-0.556 nan nan
-0.555 nan nan
-0.554 nan nan
-0.553 nan nan
-0.552 nan nan
-0.551 nan nan
-0.55 nan nan
-0.549 nan nan
-0.548 nan nan
-0.547 nan nan
-0.546 nan nan
-0.545 nan nan
-0.544 nan nan
-0.543 nan nan
-0.542 nan nan
-0.541 nan nan
-0.54 nan nan
-0.539 nan nan
-0.538 nan nan
-0.537 nan nan
-0.536 nan nan
-0.535 nan nan
-0.534 nan nan
-0.533 nan nan
-0.532 nan nan
-0.531 nan nan
-0.53 nan nan
-0.529 nan nan
-0.528 nan nan
-0.527 nan nan
-0.526 nan nan
-0.525 nan nan
-0.524 nan nan
-0.523 nan nan
-0.522 nan nan
-0.521 nan nan
-0.52 nan nan
-0.519 nan nan
-0.518 nan nan
-0.517 nan nan
-0.516 nan nan
-0.515 nan nan
-0.514 nan nan
-0.513 nan nan
-0.512 nan nan
-0.511 nan nan
-0.51 nan nan
-0.509 nan nan
-0.508 nan nan
-0.507 nan nan
-0.506 nan nan
-0.505 nan nan
-0.504 nan nan
-0.503 nan nan
-0.502 nan nan
-0.501 nan nan
-0.5 nan nan
-0.499 nan nan
-0.498 nan nan
-0.497 nan nan
-0.496 nan nan
-0.495 nan nan
-0.494 nan nan
-0.493 nan nan
-0.492 nan nan
-0.491 nan nan
-0.49 nan nan
-0.489 nan nan
-0.488 nan nan
-0.487 nan nan
-0.486 nan nan
-0.485 nan nan
-0.484 nan nan
-0.483 nan nan
-0.482 nan nan
-0.481 nan nan
-0.48 nan nan
-0.479 nan nan
-0.478 nan nan
-0.477 nan nan
-0.476 nan nan
-0.475 nan nan
-0.474 nan nan
-0.473 nan nan
-0.472 nan nan
-0.471 nan nan
-0.47 nan nan
-0.469 nan nan
-0.468 nan nan
-0.467 nan nan
-0.466 nan nan
-0.465 nan nan
-0.464 nan nan
-0.463 nan nan
-0.462 nan nan
-0.461 nan nan
-0.46 nan nan
-0.459 nan nan
-0.458 nan nan
-0.457 nan nan
-0.456 nan nan
-0.455 nan nan
-0.454 nan nan
-0.453 nan nan
-0.452 nan nan
-0.451 nan nan
-0.45 nan nan
-0.449 nan nan
-0.448 nan nan
-0.447 nan nan
-0.446 nan nan
-0.445 nan nan
-0.444 nan nan
-0.443 nan nan
-0.442 nan nan
-0.441 nan nan
-0.44 nan nan
-0.439 nan nan
-0.438 nan nan
-0.437 nan nan
-0.436 nan nan
-0.435 nan nan
-0.434 nan nan
-0.433 nan nan
-0.432 nan nan
-0.431 nan nan
-0.43 nan nan
-0.429 nan nan
-0.428 nan nan
-0.427 nan nan
-0.426 nan nan
-0.425 nan nan
-0.424 nan nan
-0.423 nan nan
-0.422 nan nan
-0.421 nan nan
-0.42 nan nan
-0.419 nan nan
-0.418 nan nan
-0.417 nan nan
-0.416 nan nan
-0.415 nan nan
-0.414 nan nan
-0.413 nan nan
-0.412 nan nan
-0.411 nan nan
-0.41 nan nan
-0.409 nan nan
-0.408 nan nan
-0.407 nan nan
-0.406 nan nan
-0.405 nan nan
-0.404 nan nan
-0.403 nan nan
-0.402 nan nan
-0.401 nan nan
-0.4 nan nan
-0.399 nan nan
-0.398 nan nan
-0.397 nan nan
-0.396 nan nan
-0.395 nan nan
-0.394 nan nan
-0.393 nan nan
-0.392 nan nan
-0.391 nan nan
-0.39 nan nan
-0.389 nan nan
-0.388 nan nan
-0.387 nan nan
-0.386 nan nan
-0.385 nan nan
-0.384 nan nan
-0.383 nan nan
-0.382 nan nan
-0.381 nan nan
-0.38 nan nan
-0.379 nan nan
-0.378 nan nan
-0.377 nan nan
-0.376 nan nan
-0.375 nan nan
-0.374 nan nan
-0.373 nan nan
-0.372 nan nan
-0.371 nan nan
-0.37 nan nan
-0.369 nan nan
-0.368 nan nan
-0.367 nan nan
-0.366 nan nan
-0.365 nan nan
-0.364 nan nan
-0.363 nan nan
-0.362 nan nan
-0.361 nan nan
-0.36 nan nan
-0.359 nan nan
-0.358 nan nan
-0.357 nan nan
-0.356 nan nan
-0.355 nan nan
-0.354 nan nan
-0.353 nan nan
-0.352 nan nan
-0.351 nan nan
-0.35 nan nan
-0.349 nan nan
-0.348 nan nan
-0.347 nan nan
-0.346 nan nan
-0.345 nan nan
-0.344 nan nan
-0.343 nan nan
-0.342 nan nan
-0.341 nan nan
-0.34 nan nan
-0.339 nan nan
-0.338 nan nan
-0.337 nan nan
-0.336 nan nan
-0.335 nan nan
-0.334 nan nan
-0.333 nan nan
-0.332 nan nan
-0.331 nan nan
-0.33 nan nan
-0.329 nan nan
-0.328 nan nan
-0.327 nan nan
-0.326 nan nan
-0.325 nan nan
-0.324 nan nan
-0.323 nan nan
-0.322 nan nan
-0.321 nan nan
-0.32 nan nan
-0.319 nan nan
-0.318 nan nan
-0.317 nan nan
-0.316 nan nan
-0.315 nan nan
-0.314 nan nan
-0.313 nan nan
-0.312 nan nan
-0.311 nan nan
-0.31 nan nan
-0.309 nan nan
-0.308 nan nan
-0.307 nan nan
-0.306 nan nan
-0.305 nan nan
-0.304 nan nan
-0.303 nan nan
-0.302 nan nan
-0.301 nan nan
-0.3 nan nan
-0.299 nan nan
-0.298 nan nan
-0.297 nan nan
-0.296 nan nan
-0.295 nan nan
-0.294 nan nan
-0.293 nan nan
-0.292 nan nan
-0.291 nan nan
-0.29 nan nan
-0.289 nan nan
-0.288 nan nan
-0.287 nan nan
-0.286 nan nan
-0.285 nan nan
-0.284 nan nan
-0.283 nan nan
-0.282 nan nan
-0.281 nan nan
-0.28 nan nan
-0.279 nan nan
-0.278 nan nan
-0.277 nan nan
-0.276 nan nan
-0.275 nan nan
-0.274 nan nan
-0.273 nan nan
-0.272 nan nan
-0.271 nan nan
-0.27 nan nan
-0.269 nan nan
-0.268 nan nan
-0.267 nan nan
-0.266 nan nan
-0.265 nan nan
-0.264 nan nan
-0.263 nan nan
-0.262 nan nan
-0.261 nan nan
-0.26 nan nan
-0.259 nan nan
-0.258 nan nan
-0.257 nan nan
-0.256 nan nan
-0.255 nan nan
-0.254 nan nan
-0.253 nan nan
-0.252 nan nan
-0.251 nan nan
-0.25 nan nan
-0.249 nan nan
-0.248 nan nan
-0.247 nan nan
-0.246 nan nan
-0.245 nan nan
-0.244 nan nan
-0.243 nan nan
-0.242 nan nan
-0.241 nan nan
-0.24 nan nan
-0.239 nan nan
-0.238 nan nan
-0.237 nan nan
-0.236 nan nan
-0.235 nan nan
-0.234 nan nan
-0.233 nan nan
-0.232 nan nan
-0.231 nan nan
-0.23 nan nan
-0.229 nan nan
-0.228 nan nan
-0.227 nan nan
-0.226 nan nan
-0.225 nan nan
-0.224 nan nan
-0.223 nan nan
-0.222 nan nan
-0.221 nan nan
-0.22 nan nan
-0.219 nan nan
-0.218 nan nan
-0.217 nan nan
-0.216 nan nan
-0.215 nan nan
-0.214 nan nan
-0.213 nan nan
-0.212 nan nan
-0.211 nan nan
-0.21 nan nan
-0.209 nan nan
-0.208 nan nan
-0.207 nan nan
-0.206 nan nan
-0.205 nan nan
-0.204 nan nan
-0.203 nan nan
-0.202 nan nan
-0.201 nan nan
-0.2 nan nan
-0.199 nan nan
-0.198 nan nan
-0.197 nan nan
-0.196 nan nan
-0.195 nan nan
-0.194 nan nan
-0.193 nan nan
-0.192 nan nan
-0.191 nan nan
-0.19 nan nan
-0.189 nan nan
-0.188 nan nan
-0.187 nan nan
-0.186 nan nan
-0.185 nan nan
-0.184 nan nan
-0.183 nan nan
-0.182 nan nan
-0.181 nan nan
-0.18 nan nan
-0.179 nan nan
-0.178 nan nan
-0.177 nan nan
-0.176 nan nan
-0.175 nan nan
-0.174 nan nan
-0.173 nan nan
-0.172 nan nan
-0.171 nan nan
-0.17 nan nan
-0.169 nan nan
-0.168 nan nan
-0.167 nan nan
-0.166 nan nan
-0.165 nan nan
-0.164 nan nan
-0.163 nan nan
-0.162 nan nan
-0.161 nan nan
-0.16 nan nan
-0.159 nan nan
-0.158 nan nan
-0.157 nan nan
-0.156 nan nan
-0.155 nan nan
-0.154 nan nan
-0.153 nan nan
-0.152 nan nan
-0.151 nan nan
-0.15 nan nan
-0.149 nan nan
-0.148 nan nan
-0.147 nan nan
-0.146 nan nan
-0.145 nan nan
-0.144 nan nan
-0.143 nan nan
-0.142 nan nan
-0.141 nan nan
-0.14 nan nan
-0.139 nan nan
-0.138 nan nan
-0.137 nan nan
-0.136 nan nan
-0.135 nan nan
-0.134 nan nan
-0.133 nan nan
-0.132 nan nan
-0.131 nan nan
-0.13 nan nan
-0.129 nan nan
-0.128 nan nan
-0.127 nan nan
-0.126 nan nan
-0.125 nan nan
-0.124 nan nan
-0.123 nan nan
-0.122 nan nan
-0.121 nan nan
-0.12 nan nan
-0.119 nan nan
-0.118 nan nan
-0.117 nan nan
-0.116 nan nan
-0.115 nan nan
-0.114 nan nan
-0.113 nan nan
-0.112 nan nan
-0.111 nan nan
-0.11 nan nan
-0.109 nan nan
-0.108 nan nan
-0.107 nan nan
-0.106 nan nan
-0.105 nan nan
-0.104 nan nan
-0.103 nan nan
-0.102 nan nan
-0.101 nan nan
-0.1 nan nan
-0.099 nan nan
-0.098 nan nan
-0.097 nan nan
-0.096 nan nan
-0.095 nan nan
-0.094 nan nan
-0.093 nan nan
-0.092 nan nan
-0.091 nan nan
-0.09 nan nan
-0.089 nan nan
-0.088 nan nan
-0.087 nan nan
-0.086 nan nan
-0.085 nan nan
-0.084 nan nan
-0.083 nan nan
-0.082 nan nan
-0.081 nan nan
-0.08 nan nan
-0.079 nan nan
-0.078 nan nan
-0.077 nan nan
-0.076 nan nan
-0.075 nan nan
-0.074 nan nan
-0.073 nan nan
-0.072 nan nan
-0.071 nan nan
-0.07 nan nan
-0.069 nan nan
-0.068 nan nan
-0.067 nan nan
-0.066 nan nan
-0.065 nan nan
-0.064 nan nan
-0.063 nan nan
-0.062 nan nan
-0.061 nan nan
-0.06 nan nan
-0.059 nan nan
-0.058 nan nan
-0.057 nan nan
-0.056 nan nan
-0.055 nan nan
-0.054 nan nan
-0.053 nan nan
-0.052 nan nan
-0.051 nan nan
-0.05 nan nan
-0.049 nan nan
-0.048 nan nan
-0.047 nan nan
-0.046 nan nan
-0.045 nan nan
-0.044 nan nan
-0.043 nan nan
-0.042 nan nan
-0.041 nan nan
-0.04 nan nan
-0.039 nan nan
-0.038 nan nan
-0.037 nan nan
-0.036 nan nan
-0.035 nan nan
-0.034 nan nan
-0.033 nan nan
-0.032 nan nan
-0.031 nan nan
-0.03 nan nan
-0.029 nan nan
-0.028 nan nan
-0.027 nan nan
-0.026 nan nan
-0.025 nan nan
-0.024 nan nan
-0.023 nan nan
-0.022 nan nan
-0.021 nan nan
-0.02 nan nan
-0.019 nan nan
-0.018 nan nan
-0.017 nan nan
-0.016 nan nan
-0.015 nan nan
-0.014 nan nan
-0.013 nan nan
-0.012 nan nan
-0.011 nan nan
-0.01 nan nan
-0.009 nan nan
-0.008 nan nan
-0.007 nan nan
-0.006 nan nan
-0.005 nan nan
-0.004 nan nan
-0.003 nan nan
-0.002 nan nan
-0.001 nan nan
0 -nan -nan
0.001 -nan -nan
0.002 -nan -nan
0.003 -nan -nan
0.004 -nan -nan
0.005 -nan -nan
0.006 -nan -nan
0.007 -nan -nan
0.008 -nan -nan
0.009 -nan -nan
0.01 -nan -nan
0.011 -nan -nan
0.012 -nan -nan
0.013 -nan -nan
0.014 -nan -nan
0.015 -nan -nan
0.016 -nan -nan
0.017 -nan -nan
0.018 -nan -nan
0.019 -nan -nan
0.02 -nan -nan
0.021 -nan -nan
0.022 -nan -nan
0.023 -nan -nan
0.024 -nan -nan
0.025 -nan -nan
0.026 -nan -nan
0.027 -nan -nan
0.028 -nan -nan
0.029 -nan -nan
0.03 -nan -nan
0.031 -nan -nan
0.032 -nan -nan
0.033 -nan -nan
0.034 -nan -nan
0.035 -nan -nan
0.036 -nan -nan
0.037 -nan -nan
0.038 -nan -nan
0.039 -nan -nan
0.04 -nan -nan
0.041 -nan -nan
0.042 -nan -nan
0.043 -nan -nan
0.044 -nan -nan
0.045 -nan -nan
0.046 -nan -nan
0.047 -nan -nan
0.048 -nan -nan
0.049 -nan -nan
0.05 -nan -nan
0.051 -nan -nan
0.052 -nan -nan
0.053 -nan -nan
0.054 -nan -nan
0.055 -nan -nan
0.056 -nan -nan
0.057 -nan -nan
0.058 -nan -nan
0.059 -nan -nan
0.06 -nan -nan
0.061 -nan -nan
0.062 -nan -nan
0.063 -nan -nan
0.064 -nan -nan
0.065 -nan -nan
0.066 -nan -nan
0.067 -nan -nan
0.068 -nan -nan
0.069 -nan -nan
0.07 -nan -nan
0.071 -nan -nan
0.072 -nan -nan
0.073 -nan -nan
0.074 -nan -nan
0.075 -nan -nan
0.076 -nan -nan
0.077 -nan -nan
0.078 -nan -nan
0.079 -nan -nan
0.08 -nan -nan
0.081 -nan -nan
0.082 -nan -nan
0.083 -nan -nan
0.084 -nan -nan
0.085 -nan -nan
0.086 -nan -nan
0.087 -nan -nan
0.088 -nan -nan
0.089 -nan -nan
0.09 -nan -nan
0.091 -nan -nan
0.092 -nan -nan
0.093 -nan -nan
0.094 -nan -nan
0.095 -nan -nan
0.096 -nan -nan
0.097 -nan -nan
0.098 -nan -nan
0.099 -nan -nan
0.1 -nan -nan
0.101 -nan -nan
0.102 -nan -nan
0.103 -nan -nan
0.104 -nan -nan
0.105 -nan -nan
0.106 -nan -nan
0.107 -nan -nan
0.108 -nan -nan
0.109 -nan -nan
0.11 -nan -nan
0.111 -nan -nan
0.112 -nan -nan
0.113 -nan -nan
0.114 -nan -nan
0.115 -nan -nan
0.116 -nan -nan
0.117 -nan -nan
0.118 -nan -nan
0.119 -nan -nan
0.12 -nan -nan
0.121 -nan -nan
0.122 -nan -nan
0.123 -nan -nan
0.124 -nan -nan
0.125 -nan -nan
0.126 -nan -nan
0.127 -nan -nan
0.128 -nan -nan
0.129 -nan -nan
0.13 -nan -nan
0.131 -nan -nan
0.132 -nan -nan
0.133 -nan -nan
0.134 -nan -nan
0.135 -nan -nan
0.136 -nan -nan
0.137 -nan -nan
0.138 -nan -nan
0.139 -nan -nan
0.14 -nan -nan
0.141 -nan -nan
0.142 -nan -nan
0.143 -nan -nan
0.144 -nan -nan
0.145 -nan -nan
0.146 -nan -nan
0.147 -nan -nan
0.148 -nan -nan
0.149 -nan -nan
0.15 -nan -nan
0.151 -nan -nan
0.152 -nan -nan
0.153 -nan -nan
0.154 -nan -nan
0.155 -nan -nan
0.156 -nan -nan
0.157 -nan -nan
0.158 -nan -nan
0.159 -nan -nan
0.16 -nan -nan
0.161 -nan -nan
0.162 -nan -nan
0.163 -nan -nan
0.164 -nan -nan
0.165 -nan -nan
0.166 -nan -nan
0.167 -nan -nan
0.168 -nan -nan
0.169 -nan -nan
0.17 -nan -nan
0.171 -nan -nan
0.172 -nan -nan
0.173 -nan -nan
0.174 -nan -nan
0.175 -nan -nan
0.176 -nan -nan
0.177 -nan -nan
0.178 -nan -nan
0.179 -nan -nan
0.18 -nan -nan
0.181 -nan -nan
0.182 -nan -nan
0.183 -nan -nan
0.184 -nan -nan
0.185 -nan -nan
0.186 -nan -nan
0.187 -nan -nan
0.188 -nan -nan
0.189 -nan -nan
0.19 -nan -nan
0.191 -nan -nan
0.192 -nan -nan
0.193 -nan -nan
0.194 -nan -nan
0.195 -nan -nan
0.196 -nan -nan
0.197 -nan -nan
0.198 -nan -nan
0.199 -nan -nan
0.2 -nan -nan
0.201 -nan -nan
0.202 -nan -nan
0.203 -nan -nan
0.204 -nan -nan
0.205 -nan -nan
0.206 -nan -nan
0.207 -nan -nan
0.208 -nan -nan
0.209 -nan -nan
0.21 -nan -nan
0.211 -nan -nan
0.212 -nan -nan
0.213 -nan -nan
0.214 -nan -nan
0.215 -nan -nan
0.216 -nan -nan
0.217 -nan -nan
0.218 -nan -nan
0.219 -nan -nan
0.22 -nan -nan
0.221 -nan -nan
0.222 -nan -nan
0.223 -nan -nan
0.224 -nan -nan
0.225 -nan -nan
0.226 -nan -nan
0.227 -nan -nan
0.228 -nan -nan
0.229 -nan -nan
0.23 -nan -nan
0.231 -nan -nan
0.232 -nan -nan
0.233 -nan -nan
0.234 -nan -nan
0.235 -nan -nan
0.236 -nan -nan
0.237 -nan -nan
0.238 -nan -nan
0.239 -nan -nan
0.24 -nan -nan
0.241 -nan -nan
0.242 -nan -nan
0.243 -nan -nan
0.244 -nan -nan
0.245 -nan -nan
0.246 -nan -nan
0.247 -nan -nan
0.248 -nan -nan
0.249 -nan -nan
0.25 -nan -nan
0.251 -nan -nan
0.252 -nan -nan
0.253 -nan -nan
0.254 -nan -nan
0.255 -nan -nan
0.256 -nan -nan
0.257 -nan -nan
0.258 -nan -nan
0.259 -nan -nan
0.26 -nan -nan
0.261 -nan -nan
0.262 -nan -nan
0.263 -nan -nan
0.264 -nan -nan
0.265 -nan -nan
0.266 -nan -nan
0.267 -nan -nan
0.268 -nan -nan
0.269 -nan -nan
0.27 -nan -nan
0.271 -nan -nan
0.272 -nan -nan
0.273 -nan -nan
0.274 -nan -nan
0.275 -nan -nan
0.276 -nan -nan
0.277 -nan -nan
0.278 -nan -nan
0.279 -nan -nan
0.28 -nan -nan
0.281 -nan -nan
0.282 -nan -nan
0.283 -nan -nan
0.284 -nan -nan
0.285 -nan -nan
0.286 -nan -nan
0.287 -nan -nan
0.288 -nan -nan
0.289 -nan -nan
0.29 -nan -nan
0.291 -nan -nan
0.292 -nan -nan
0.293 -nan -nan
0.294 -nan -nan
0.295 -nan -nan
0.296 -nan -nan
0.297 -nan -nan
0.298 -nan -nan
0.299 -nan -nan
0.3 -nan -nan
0.301 -nan -nan
0.302 -nan -nan
0.303 -nan -nan
0.304 -nan -nan
0.305 -nan -nan
0.306 -nan -nan
0.307 -nan -nan
0.308 -nan -nan
0.309 -nan -nan
0.31 -nan -nan
0.311 -nan -nan
0.312 -nan -nan
0.313 -nan -nan
0.314 -nan -nan
0.315 -nan -nan
0.316 -nan -nan
0.317 -nan -nan
0.318 -nan -nan
0.319 -nan -nan
0.32 -nan -nan
0.321 -nan -nan
0.322 -nan -nan
0.323 -nan -nan
0.324 -nan -nan
0.325 -nan -nan
0.326 -nan -nan
0.327 -nan -nan
0.328 -nan -nan
0.329 -nan -nan
0.33 -nan -nan
0.331 -nan -nan
0.332 -nan -nan
0.333 -nan -nan
0.334 -nan -nan
0.335 -nan -nan
0.336 -nan -nan
0.337 -nan -nan
0.338 -nan -nan
0.339 -nan -nan
0.34 -nan -nan
0.341 -nan -nan
0.342 -nan -nan
0.343 -nan -nan
0.344 -nan -nan
0.345 -nan -nan
0.346 -nan -nan
0.347 -nan -nan
0.348 -nan -nan
0.349 -nan -nan
0.35 -nan -nan
0.351 -nan -nan
0.352 -nan -nan
0.353 -nan -nan
0.354 -nan -nan
0.355 -nan -nan
0.356 -nan -nan
0.357 -nan -nan
0.358 -nan -nan
0.359 -nan -nan
0.36 -nan -nan
0.361 -nan -nan
0.362 -nan -nan
0.363 -nan -nan
0.364 -nan -nan
0.365 -nan -nan
0.366 -nan -nan
0.367 -nan -nan
0.368 -nan -nan
0.369 -nan -nan
0.37 -nan -nan
0.371 -nan -nan
0.372 -nan -nan
0.373 -nan -nan
0.374 -nan -nan
0.375 -nan -nan
0.376 -nan -nan
0.377 -nan -nan
0.378 -nan -nan
0.379 -nan -nan
0.38 -nan -nan
0.381 -nan -nan
0.382 -nan -nan
0.383 -nan -nan
0.384 -nan -nan
0.385 -nan -nan
0.386 -nan -nan
0.387 -nan -nan
0.388 -nan -nan
0.389 -nan -nan
0.39 -nan -nan
0.391 -nan -nan
0.392 -nan -nan
0.393 -nan -nan
0.394 -nan -nan
0.395 -nan -nan
0.396 -nan -nan
0.397 -nan -nan
0.398 -nan -nan
0.399 -nan -nan
0.4 -nan -nan
0.401 -nan -nan
0.402 -nan -nan
0.403 -nan -nan
0.404 -nan -nan
0.405 -nan -nan
0.406 -nan -nan
0.407 -nan -nan
0.408 -nan -nan
0.409 -nan -nan
0.41 -nan -nan
0.411 -nan -nan
0.412 -nan -nan
0.413 -nan -nan
0.414 -nan -nan
0.415 -nan -nan
0.416 -nan -nan
0.417 -nan -nan
0.418 -nan -nan
0.419 -nan -nan
0.42 -nan -nan
0.421 -nan -nan
0.422 -nan -nan
0.423 -nan -nan
0.424 -nan -nan
0.425 -nan -nan
0.426 -nan -nan
0.427 -nan -nan
0.428 -nan -nan
0.429 -nan -nan
0.43 -nan -nan
0.431 -nan -nan
0.432 -nan -nan
0.433 -nan -nan
0.434 -nan -nan
0.435 -nan -nan
0.436 -nan -nan
0.437 -nan -nan
0.438 -nan -nan
0.439 -nan -nan
0.44 -nan -nan
0.441 -nan -nan
0.442 -nan -nan
0.443 -nan -nan
0.444 -nan -nan
0.445 -nan -nan
0.446 -nan -nan
0.447 -nan -nan
0.448 -nan -nan
0.449 -nan -nan
0.45 -nan -nan
0.451 -nan -nan
0.452 -nan -nan
0.453 -nan -nan
0.454 -nan -nan
0.455 -nan -nan
0.456 -nan -nan
0.457 -nan -nan
0.458 -nan -nan
0.459 -nan -nan
0.46 -nan -nan
0.461 -nan -nan
0.462 -nan -nan
0.463 -nan -nan
0.464 -nan -nan
0.465 -nan -nan
0.466 -nan -nan
0.467 -nan -nan
0.468 -nan -nan
0.469 -nan -nan
0.47 -nan -nan
0.471 -nan -nan
0.472 -nan -nan
0.473 -nan -nan
0.474 -nan -nan
0.475 -nan -nan
0.476 -nan -nan
0.477 -nan -nan
0.478 -nan -nan
0.479 -nan -nan
0.48 -nan -nan
0.481 -nan -nan
0.482 -nan -nan
0.483 -nan -nan
0.484 -nan -nan
0.485 -nan -nan
0.486 -nan -nan
0.487 -nan -nan
0.488 -nan -nan
0.489 -nan -nan
0.49 -nan -nan
0.491 -nan -nan
0.492 -nan -nan
0.493 -nan -nan
0.494 -nan -nan
0.495 -nan -nan
0.496 -nan -nan
0.497 -nan -nan
0.498 -nan -nan
0.499 -nan -nan
0.5 -nan -nan
0.501 -nan -nan
0.502 -nan -nan
0.503 -nan -nan
0.504 -nan -nan
0.505 -nan -nan
0.506 -nan -nan
0.507 -nan -nan
0.508 -nan -nan
0.509 -nan -nan
0.51 -nan -nan
0.511 -nan -nan
0.512 -nan -nan
0.513 -nan -nan
0.514 -nan -nan
0.515 -nan -nan
0.516 -nan -nan
0.517 -nan -nan
0.518 -nan -nan
0.519 -nan -nan
0.52 -nan -nan
0.521 -nan -nan
0.522 -nan -nan
0.523 -nan -nan
0.524 -nan -nan
0.525 -nan -nan
0.526 -nan -nan
0.527 -nan -nan
0.528 -nan -nan
0.529 -nan -nan
0.53 -nan -nan
0.531 -nan -nan
0.532 -nan -nan
0.533 -nan -nan
0.534 -nan -nan
0.535 -nan -nan
0.536 -nan -nan
0.537 -nan -nan
0.538 -nan -nan
0.539 -nan -nan
0.54 -nan -nan
0.541 -nan -nan
0.542 -nan -nan
0.543 -nan -nan
0.544 -nan -nan
0.545 -nan -nan
0.546 -nan -nan
0.547 -nan -nan
0.548 -nan -nan
0.549 -nan -nan
0.55 -nan -nan
0.551 -nan -nan
0.552 -nan -nan
0.553 -nan -nan
0.554 -nan -nan
0.555 -nan -nan
0.556 -nan -nan
0.557 -nan -nan
0.558 -nan -nan
0.559 -nan -nan
0.56 -nan -nan
0.561 -nan -nan
0.562 -nan -nan
0.563 -nan -nan
0.564 -nan -nan
0.565 -nan -nan
0.566 -nan -nan
0.567 -nan -nan
0.568 -nan -nan
0.569 -nan -nan
0.57 -nan -nan
0.571 -nan -nan
0.572 -nan -nan
0.573 -nan -nan
0.574 -nan -nan
0.575 -nan -nan
0.576 -nan -nan
0.577 -nan -nan
0.578 -nan -nan
0.579 -nan -nan
0.58 -nan -nan
0.581 -nan -nan
0.582 -nan -nan
0.583 -nan -nan
0.584 -nan -nan
0.585 -nan -nan
0.586 -nan -nan
0.587 -nan -nan
0.588 -nan -nan
0.589 -nan -nan
0.59 -nan -nan
0.591 -nan -nan
0.592 -nan -nan
0.593 -nan -nan
0.594 -nan -nan
0.595 -nan -nan
0.596 -nan -nan
0.597 -nan -nan
0.598 -nan -nan
0.599 -nan -nan
0.6 -nan -nan
0.601 -nan -nan
0.602 -nan -nan
0.603 -nan -nan
0.604 -nan -nan
0.605 -nan -nan
0.606 -nan -nan
0.607 -nan -nan
0.608 -nan -nan
0.609 -nan -nan
0.61 -nan -nan
0.611 -nan -nan
0.612 -nan -nan
0.613 -nan -nan
0.614 -nan -nan
0.615 -nan -nan
0.616 -nan -nan
0.617 -nan -nan
0.618 -nan -nan
0.619 -nan -nan
0.62 -nan -nan
0.621 -nan -nan
0.622 -nan -nan
0.623 -nan -nan
0.624 -nan -nan
0.625 -nan -nan
0.626 -nan -nan
0.627 -nan -nan
0.628 -nan -nan
0.629 -nan -nan
0.63 -nan -nan
0.631 -nan -nan
0.632 -nan -nan
0.633 -nan -nan
0.634 -nan -nan
0.635 -nan -nan
0.636 -nan -nan
0.637 -nan -nan
0.638 -nan -nan
0.639 -nan -nan
0.64 -nan -nan
0.641 -nan -nan
0.642 -nan -nan
0.643 -nan -nan
0.644 -nan -nan
0.645 -nan -nan
0.646 -nan -nan
0.647 -nan -nan
0.648 -nan -nan
0.649 -nan -nan
0.65 -nan -nan
0.651 -nan -nan
0.652 -nan -nan
0.653 -nan -nan
0.654 -nan -nan
0.655 -nan -nan
0.656 -nan -nan
0.657 -nan -nan
0.658 -nan -nan
0.659 -nan -nan
0.66 -nan -nan
0.661 -nan -nan
0.662 -nan -nan
0.663 -nan -nan
0.664 -nan -nan
0.665 -nan -nan
0.666 -nan -nan
0.667 -nan -nan
0.668 -nan -nan
0.669 -nan -nan
0.67 -nan -nan
0.671 -nan -nan
0.672 -nan -nan
0.673 -nan -nan
0.674 -nan -nan
0.675 -nan -nan
0.676 -nan -nan
0.677 -nan -nan
0.678 -nan -nan
0.679 -nan -nan
0.68 -nan -nan
0.681 -nan -nan
0.682 -nan -nan
0.683 -nan -nan
0.684 -nan -nan
0.685 -nan -nan
0.686 -nan -nan
0.687 -nan -nan
0.688 -nan -nan
0.689 -nan -nan
0.69 -nan -nan
0.691 -nan -nan
0.692 -nan -nan
0.693 -nan -nan
0.694 -nan -nan
0.695 -nan -nan
0.696 -nan -nan
0.697 -nan -nan
0.698 -nan -nan
0.699 -nan -nan
0.7 -nan -nan
0.701 -nan -nan
0.702 -nan -nan
0.703 -nan -nan
0.704 -nan -nan
0.705 -nan -nan
0.706 -nan -nan
0.707 -nan -nan
0.708 -nan -nan
0.709 -nan -nan
0.71 -nan -nan
0.711 -nan -nan
0.712 -nan -nan
0.713 -nan -nan
0.714 -nan -nan
0.715 -nan -nan
0.716 -nan -nan
0.717 -nan -nan
0.718 -nan -nan
0.719 -nan -nan
0.72 -nan -nan
0.721 -nan -nan
0.722 -nan -nan
0.723 -nan -nan
0.724 -nan -nan
0.725 -nan -nan
0.726 -nan -nan
0.727 -nan -nan
0.728 -nan -nan
0.729 -nan -nan
0.73 -nan -nan
0.731 -nan -nan
0.732 -nan -nan
0.733 -nan -nan
0.734 -nan -nan
0.735 -nan -nan
0.736 -nan -nan
0.737 -nan -nan
0.738 -nan -nan
0.739 -nan -nan
0.74 -nan -nan
0.741 -nan -nan
0.742 -nan -nan
0.743 -nan -nan
0.744 -nan -nan
0.745 -nan -nan
0.746 -nan -nan
0.747 -nan -nan
0.748 -nan -nan
0.749 -nan -nan
0.75 -nan -nan
0.751 -nan -nan
0.752 -nan -nan
0.753 -nan -nan
0.754 -nan -nan
0.755 -nan -nan
0.756 -nan -nan
0.757 -nan -nan
0.758 -nan -nan
0.759 -nan -nan
0.76 -nan -nan
0.761 -nan -nan
0.762 -nan -nan
0.763 -nan -nan
0.764 -nan -nan
0.765 -nan -nan
0.766 -nan -nan
0.767 -nan -nan
0.768 -nan -nan
0.769 -nan -nan
0.77 -nan -nan
0.771 -nan -nan
0.772 -nan -nan
0.773 -nan -nan
0.774 -nan -nan
0.775 -nan -nan
0.776 -nan -nan
0.777 -nan -nan
0.778 -nan -nan
0.779 -nan -nan
0.78 -nan -nan
0.781 -nan -nan
0.782 -nan -nan
0.783 -nan -nan
0.784 -nan -nan
0.785 -nan -nan
0.786 -nan -nan
0.787 -nan -nan
0.788 -nan -nan
0.789 -nan -nan
0.79 -nan -nan
0.791 -nan -nan
0.792 -nan -nan
0.793 -nan -nan
0.794 -nan -nan
0.795 -nan -nan
0.796 -nan -nan
0.797 -nan -nan
0.798 -nan -nan
0.799 -nan -nan
0.8 -nan -nan
0.801 -nan -nan
0.802 -nan -nan
0.803 -nan -nan
0.804 -nan -nan
0.805 -nan -nan
0.806 -nan -nan
0.807 -nan -nan
0.808 -nan -nan
0.809 -nan -nan
0.81 -nan -nan
0.811 -nan -nan
0.812 -nan -nan
0.813 -nan -nan
0.814 -nan -nan
0.815 -nan -nan
0.816 -nan -nan
0.817 -nan -nan
0.818 -nan -nan
0.819 -nan -nan
0.82 -nan -nan
0.821 -nan -nan
0.822 -nan -nan
0.823 -nan -nan
0.824 -nan -nan
0.825 -nan -nan
0.826 -nan -nan
0.827 -nan -nan
0.828 -nan -nan
0.829 -nan -nan
0.83 -nan -nan
0.831 -nan -nan
0.832 -nan -nan
0.833 -nan -nan
0.834 -nan -nan
0.835 -nan -nan
0.836 -nan -nan
0.837 -nan -nan
0.838 -nan -nan
0.839 -nan -nan
0.84 -nan -nan
0.841 -nan -nan
0.842 -nan -nan
0.843 -nan -nan
0.844 -nan -nan
0.845 -nan -nan
0.846 -nan -nan
0.847 -nan -nan
0.848 -nan -nan
0.849 -nan -nan
0.85 -nan -nan
0.851 -nan -nan
0.852 -nan -nan
0.853 -nan -nan
0.854 -nan -nan
0.855 -nan -nan
0.856 -nan -nan
0.857 -nan -nan
0.858 -nan -nan
0.859 -nan -nan
0.86 -nan -nan
0.861 -nan -nan
0.862 -nan -nan
0.863 -nan -nan
0.864 -nan -nan
0.865 -nan -nan
0.866 -nan -nan
0.867 -nan -nan
0.868 -nan -nan
0.869 -nan -nan
0.87 -nan -nan
0.871 -nan -nan
0.872 -nan -nan
0.873 -nan -nan
0.874 -nan -nan
0.875 -nan -nan
0.876 -nan -nan
0.877 -nan -nan
0.878 -nan -nan
0.879 -nan -nan
0.88 -nan -nan
0.881 -nan -nan
0.882 -nan -nan
0.883 -nan -nan
0.884 -nan -nan
0.885 -nan -nan
0.886 -nan -nan
0.887 -nan -nan
0.888 -nan -nan
0.889 -nan -nan
0.89 -nan -nan
0.891 -nan -nan
0.892 -nan -nan
0.893 -nan -nan
0.894 -nan -nan
0.895 -nan -nan
0.896 -nan -nan
0.897 -nan -nan
0.898 -nan -nan
0.899 -nan -nan
0.9 -nan -nan
0.901 -nan -nan
0.902 -nan -nan
0.903 -nan -nan
0.904 -nan -nan
0.905 -nan -nan
0.906 -nan -nan
0.907 -nan -nan
0.908 -nan -nan
0.909 -nan -nan
0.91 -nan -nan
0.911 -nan -nan
0.912 -nan -nan
0.913 -nan -nan
0.914 -nan -nan
0.915 -nan -nan
0.916 -nan -nan
0.917 -nan -nan
0.918 -nan -nan
0.919 -nan -nan
0.92 -nan -nan
0.921 -nan -nan
0.922 -nan -nan
0.923 -nan -nan
0.924 -nan -nan
0.925 -nan -nan
0.926 -nan -nan
0.927 -nan -nan
0.928 -nan -nan
0.929 -nan -nan
0.93 -nan -nan
0.931 -nan -nan
0.932 -nan -nan
0.933 -nan -nan
0.934 -nan -nan
0.935 -nan -nan
0.936 -nan -nan
0.937 -nan -nan
0.938 -nan -nan
0.939 -nan -nan
0.94 -nan -nan
0.941 -nan -nan
0.942 -nan -nan
0.943 -nan -nan
0.944 -nan -nan
0.945 -nan -nan
0.946 -nan -nan
0.947 -nan -nan
0.948 -nan -nan
0.949 -nan -nan
0.95 -nan -nan
0.951 -nan -nan
0.952 -nan -nan
0.953 -nan -nan
0.954 -nan -nan
0.955 -nan -nan
0.956 -nan -nan
0.957 -nan -nan
0.958 -nan -nan
0.959 -nan -nan
0.96 -nan -nan
0.961 -nan -nan
0.962 -nan -nan
0.963 -nan -nan
0.964 -nan -nan
0.965 -nan -nan
0.966 -nan -nan
0.967 -nan -nan
0.968 -nan -nan
0.969 -nan -nan
0.97 -nan -nan
0.971 -nan -nan
0.972 -nan -nan
0.973 -nan -nan
0.974 -nan -nan
0.975 -nan -nan
0.976 -nan -nan
0.977 -nan -nan
0.978 -nan -nan
0.979 -nan -nan
0.98 -nan -nan
0.981 -nan -nan
0.982 -nan -nan
0.983 -nan -nan
0.984 -nan -nan
0.985 -nan -nan
0.986 -nan -nan
0.987 -nan -nan
0.988 -nan -nan
0.989 -nan -nan
0.99 -nan -nan
0.991 -nan -nan
0.992 -nan -nan
0.993 -nan -nan
0.994 -nan -nan
0.995 -nan -nan
0.996 -nan -nan
0.997 -nan -nan
0.998 -nan -nan
0.999 -nan -nan
0.12 -nan -nan
0.24 -nan -nan
0.36 -nan -nan
0.48 -nan -nan
0.6 -nan -nan
0.72 -nan -nan
0.84 -nan -nan
0.96 -nan -nan
1.08 -nan -nan
1.2 -nan -nan
1.32 -nan -nan
1.44 -nan -nan
1.56 -nan -nan
1.68 -nan -nan
1.8 -nan -nan
1.92 -nan -nan
2.04 -nan -nan
2.16 -nan -nan
2.28 -nan -nan
2.4 -nan -nan
2.52 -nan -nan
2.64 -nan -nan
2.76 -nan -nan
2.88 -nan -nan
3 -nan -nan
3.12 -nan -nan
3.24 -nan -nan
3.36 -nan -nan
3.48 -nan -nan
3.6 -nan -nan
3.72 -nan -nan
3.84 -nan -nan
3.96 -nan -nan
4.08 -nan -nan
4.2 -nan -nan
4.32 -nan -nan
4.44 -nan -nan
4.56 -nan -nan
4.68 -nan -nan
4.8 -nan -nan
4.92 -nan -nan
5.04 -nan -nan
5.16 -nan -nan
5.28 -nan -nan
5.4 -nan -nan
5.52 -nan -nan
5.64 -nan -nan
5.76 -nan -nan
5.88 -nan -nan
6 -nan -nan
6.12 -nan -nan
6.24 -nan -nan
6.36 -nan -nan
6.48 -nan -nan
6.6 -nan -nan
6.72 -nan -nan
6.84 -nan -nan
6.96 -nan -nan
7.08 -nan -nan
7.2 -nan -nan
7.32 -nan -nan
7.44 -nan -nan
7.56 -nan -nan
7.68 -nan -nan
7.8 -nan -nan
7.92 -nan -nan
8.04 -nan -nan
8.16 -nan -nan
8.28 -nan -nan
8.4 -nan -nan
8.52 -nan -nan
8.64 -nan -nan
8.76 -nan -nan
8.88 -nan -nan
9 -nan -nan
9.12 -nan -nan
9.24 -nan -nan
9.36 -nan -nan
9.48 -nan -nan
9.6 -nan -nan
9.72 -nan -nan
9.84 -nan -nan
9.96 -nan -nan
10.08 -nan -nan
10.2 -nan -nan
10.32 -nan -nan
10.44 -nan -nan
10.56 -nan -nan
10.68 -nan -nan
10.8 -nan -nan
10.92 -nan -nan
11.04 -nan -nan
11.16 -nan -nan
11.28 -nan -nan
11.4 -nan -nan
11.52 -nan -nan
11.64 -nan -nan
11.76 -nan -nan
11.88 -nan -nan
12 -nan -nan
12.12 -nan -nan
12.24 -nan -nan
12.36 -nan -nan
12.48 -nan -nan
12.6 -nan -nan
12.72 -nan -nan
12.84 -nan -nan
12.96 -nan -nan
13.08 -nan -nan
13.2 -nan -nan
13.32 -nan -nan
13.44 -nan -nan
13.56 -nan -nan
13.68 -nan -nan
13.8 -nan -nan
13.92 -nan -nan
14.04 -nan -nan
14.16 -nan -nan
14.28 -nan -nan
14.4 -nan -nan
14.52 -nan -nan
14.64 -nan -nan
14.76 -nan -nan
14.88 -nan -nan
15 -nan -nan
15.12 -nan -nan
15.24 -nan -nan
15.36 -nan -nan
15.48 -nan -nan
15.6 -nan -nan
15.72 -nan -nan
15.84 -nan -nan
15.96 -nan -nan
16.08 -nan -nan
16.2 -nan -nan
16.32 -nan -nan
16.44 -nan -nan
16.56 -nan -nan
16.68 -nan -nan
16.8 -nan -nan
16.92 -nan -nan
17.04 -nan -nan
17.16 -nan -nan
17.28 -nan -nan
17.4 -nan -nan
17.52 -nan -nan
17.64 -nan -nan
17.76 -nan -nan
17.88 -nan -nan
18 -nan -nan
18.12 -nan -nan
18.24 -nan -nan
18.36 -nan -nan
18.48 -nan -nan
18.6 -nan -nan
18.72 -nan -nan
18.84 -nan -nan
18.96 -nan -nan
19.08 -nan -nan
19.2 -nan -nan
19.32 -nan -nan
19.44 -nan -nan
19.56 -nan -nan
19.68 -nan -nan
19.8 -nan -nan
19.92 -nan -nan
20.04 -nan -nan
20.16 -nan -nan
20.28 -nan -nan
20.4 -nan -nan
20.52 -nan -nan
20.64 -nan -nan
20.76 -nan -nan
20.88 -nan -nan
21 -nan -nan
21.12 -nan -nan
21.24 -nan -nan
21.36 -nan -nan
21.48 -nan -nan
21.6 -nan -nan
21.72 -nan -nan
21.84 -nan -nan
21.96 -nan -nan
22.08 -nan -nan
22.2 -nan -nan
22.32 -nan -nan
22.44 -nan -nan
22.56 -nan -nan
22.68 -nan -nan
22.8 -nan -nan
22.92 -nan -nan
23.04 -nan -nan
23.16 -nan -nan
23.28 -nan -nan
23.4 -nan -nan
23.52 -nan -nan
23.64 -nan -nan
23.76 -nan -nan
23.88 -nan -nan
24 -nan -nan
24.12 -nan -nan
24.24 -nan -nan
24.36 -nan -nan
24.48 -nan -nan
24.6 -nan -nan
24.72 -nan -nan
24.84 -nan -nan
24.96 -nan -nan
25.08 -nan -nan
25.2 -nan -nan
25.32 -nan -nan
25.44 -nan -nan
25.56 -nan -nan
25.68 -nan -nan
25.8 -nan -nan
25.92 -nan -nan
26.04 -nan -nan
26.16 -nan -nan
26.28 -nan -nan
26.4 -nan -nan
26.52 -nan -nan
26.64 -nan -nan
26.76 -nan -nan
26.88 -nan -nan
27 -nan -nan
27.12 -nan -nan
27.24 -nan -nan
27.36 -nan -nan
27.48 -nan -nan
27.6 -nan -nan
27.72 -nan -nan
27.84 -nan -nan
27.96 -nan -nan
28.08 -nan -nan
28.2 -nan -nan
28.32 -nan -nan
28.44 -nan -nan
28.56 -nan -nan
28.68 -nan -nan
28.8 -nan -nan
28.92 -nan -nan
29.04 -nan -nan
29.16 -nan -nan
29.28 -nan -nan
29.4 -nan -nan
29.52 -nan -nan
29.64 -nan -nan
29.76 -nan -nan
29.88 -nan -nan
30 -nan -nan
30.12 -nan -nan
30.24 -nan -nan
30.36 -nan -nan
30.48 -nan -nan
30.6 -nan -nan
30.72 -nan -nan
30.84 -nan -nan
30.96 -nan -nan
31.08 -nan -nan
31.2 -nan -nan
31.32 -nan -nan
31.44 -nan -nan
31.56 -nan -nan
31.68 -nan -nan
31.8 -nan -nan
31.92 -nan -nan
32.04 -nan -nan
32.16 -nan -nan
32.28 -nan -nan
32.4 -nan -nan
32.52 -nan -nan
32.64 -nan -nan
32.76 -nan -nan
32.88 -nan -nan
33 -nan -nan
33.12 -nan -nan
33.24 -nan -nan
33.36 -nan -nan
33.48 -nan -nan
33.6 -nan -nan
33.72 -nan -nan
33.84 -nan -nan
33.96 -nan -nan
34.08 -nan -nan
34.2 -nan -nan
34.32 -nan -nan
34.44 -nan -nan
34.56 -nan -nan
34.68 -nan -nan
34.8 -nan -nan
34.92 -nan -nan
35.04 -nan -nan
35.16 -nan -nan
35.28 -nan -nan
35.4 -nan -nan
35.52 -nan -nan
35.64 -nan -nan
35.76 -nan -nan
35.88 -nan -nan
36 -nan -nan
36.12 -nan -nan
36.24 -nan -nan
36.36 -nan -nan
36.48 -nan -nan
36.6 -nan -nan
36.72 -nan -nan
36.84 -nan -nan
36.96 -nan -nan
37.08 -nan -nan
37.2 -nan -nan
37.32 -nan -nan
37.44 -nan -nan
37.56 -nan -nan
37.68 -nan -nan
37.8 -nan -nan
37.92 -nan -nan
38.04 -nan -nan
38.16 -nan -nan
38.28 -nan -nan
38.4 -nan -nan
38.52 -nan -nan
38.64 -nan -nan
38.76 -nan -nan
38.88 -nan -nan
39 -nan -nan
39.12 -nan -nan
39.24 -nan -nan
39.36 -nan -nan
39.48 -nan -nan
39.6 -nan -nan
39.72 -nan -nan
39.84 -nan -nan
39.96 -nan -nan
40.08 -nan -nan
40.2 -nan -nan
40.32 -nan -nan
40.44 -nan -nan
40.56 -nan -nan
40.68 -nan -nan
40.8 -nan -nan
40.92 -nan -nan
41.04 -nan -nan
41.16 -nan -nan
41.28 -nan -nan
41.4 -nan -nan
41.52 -nan -nan
41.64 -nan -nan
41.76 -nan -nan
41.88 -nan -nan
42 -nan -nan
42.12 -nan -nan
42.24 -nan -nan
42.36 -nan -nan
42.48 -nan -nan
42.6 -nan -nan
42.72 -nan -nan
42.84 -nan -nan
42.96 -nan -nan
43.08 -nan -nan
43.2 -nan -nan
43.32 -nan -nan
43.44 -nan -nan
43.56 -nan -nan
43.68 -nan -nan
43.8 -nan -nan
43.92 -nan -nan
44.04 -nan -nan
44.16 -nan -nan
44.28 -nan -nan
44.4 -nan -nan
44.52 -nan -nan
44.64 -nan -nan
44.76 -nan -nan
44.88 -nan -nan
45 -nan -nan
45.12 -nan -nan
45.24 -nan -nan
45.36 -nan -nan
45.48 -nan -nan
45.6 -nan -nan
45.72 -nan -nan
45.84 -nan -nan
45.96 -nan -nan
46.08 -nan -nan
46.2 -nan -nan
46.32 -nan -nan
46.44 -nan -nan
46.56 -nan -nan
46.68 -nan -nan
46.8 -nan -nan
46.92 -nan -nan
47.04 -nan -nan
47.16 -nan -nan
47.28 -nan -nan
47.4 -nan -nan
47.52 -nan -nan
47.64 -nan -nan
47.76 -nan -nan
47.88 -nan -nan
48 -nan -nan
48.12 -nan -nan
48.24 -nan -nan
48.36 -nan -nan
48.48 -nan -nan
48.6 -nan -nan
48.72 -nan -nan
48.84 -nan -nan
48.96 -nan -nan
49.08 -nan -nan
49.2 -nan -nan
49.32 -nan -nan
49.44 -nan -nan
49.56 -nan -nan
49.68 -nan -nan
49.8 -nan -nan
49.92 -nan -nan
50.04 -nan -nan
50.16 -nan -nan
50.28 -nan -nan
50.4 -nan -nan
50.52 -nan -nan
50.64 -nan -nan
50.76 -nan -nan
50.88 -nan -nan
51 -nan -nan
51.12 -nan -nan
51.24 -nan -nan
51.36 -nan -nan
51.48 -nan -nan
51.6 -nan -nan
51.72 -nan -nan
51.84 -nan -nan
51.96 -nan -nan
52.08 -nan -nan
52.2 -nan -nan
52.32 -nan -nan
52.44 -nan -nan
52.56 -nan -nan
52.68 -nan -nan
52.8 -nan -nan
52.92 -nan -nan
53.04 -nan -nan
53.16 -nan -nan
53.28 -nan -nan
53.4 -nan -nan
53.52 -nan -nan
53.64 -nan -nan
53.76 -nan -nan
53.88 -nan -nan
54 -nan -nan
54.12 -nan -nan
54.24 -nan -nan
54.36 -nan -nan
54.48 -nan -nan
54.6 -nan -nan
54.72 -nan -nan
54.84 -nan -nan
54.96 -nan -nan
55.08 -nan -nan
55.2 -nan -nan
55.32 -nan -nan
55.44 -nan -nan
55.56 -nan -nan
55.68 -nan -nan
55.8 -nan -nan
55.92 -nan -nan
56.04 -nan -nan
56.16 -nan -nan
56.28 -nan -nan
56.4 -nan -nan
56.52 -nan -nan
56.64 -nan -nan
56.76 -nan -nan
56.88 -nan -nan
57 -nan -nan
57.12 -nan -nan
57.24 -nan -nan
57.36 -nan -nan
57.48 -nan -nan
57.6 -nan -nan
57.72 -nan -nan
57.84 -nan -nan
57.96 -nan -nan
58.08 -nan -nan
58.2 -nan -nan
58.32 -nan -nan
58.44 -nan -nan
58.56 -nan -nan
58.68 -nan -nan
58.8 -nan -nan
58.92 -nan -nan
59.04 -nan -nan
59.16 -nan -nan
59.28 -nan -nan
59.4 -nan -nan
59.52 -nan -nan
59.64 -nan -nan
59.76 -nan -nan
59.88 -nan -nan
60 -nan -nan
60.12 -nan -nan
60.24 -nan -nan
60.36 -nan -nan
60.48 -nan -nan
60.6 -nan -nan
60.72 -nan -nan
60.84 -nan -nan
60.96 -nan -nan
61.08 -nan -nan
61.2 -nan -nan
61.32 -nan -nan
61.44 -nan -nan
61.56 -nan -nan
61.68 -nan -nan
61.8 -nan -nan
61.92 -nan -nan
62.04 -nan -nan
62.16 -nan -nan
62.28 -nan -nan
62.4 -nan -nan
62.52 -nan -nan
62.64 -nan -nan
62.76 -nan -nan
62.88 -nan -nan
63 -nan -nan
63.12 -nan -nan
63.24 -nan -nan
63.36 -nan -nan
63.48 -nan -nan
63.6 -nan -nan
63.72 -nan -nan
63.84 -nan -nan
63.96 -nan -nan
64.08 -nan -nan
64.2 -nan -nan
64.32 -nan -nan
64.44 -nan -nan
64.56 -nan -nan
64.68 -nan -nan
64.8 -nan -nan
64.92 -nan -nan
65.04 -nan -nan
65.16 -nan -nan
65.28 -nan -nan
65.4 -nan -nan
65.52 -nan -nan
65.64 -nan -nan
65.76 -nan -nan
65.88 -nan -nan
66 -nan -nan
66.12 -nan -nan
66.24 -nan -nan
66.36 -nan -nan
66.48 -nan -nan
66.6 -nan -nan
66.72 -nan -nan
66.84 -nan -nan
66.96 -nan -nan
67.08 -nan -nan
67.2 -nan -nan
67.32 -nan -nan
67.44 -nan -nan
67.56 -nan -nan
67.68 -nan -nan
67.8 -nan -nan
67.92 -nan -nan
68.04 -nan -nan
68.16 -nan -nan
68.28 -nan -nan
68.4 -nan -nan
68.52 -nan -nan
68.64 -nan -nan
68.76 -nan -nan
68.88 -nan -nan
69 -nan -nan
69.12 -nan -nan
69.24 -nan -nan
69.36 -nan -nan
69.48 -nan -nan
69.6 -nan -nan
69.72 -nan -nan
69.84 -nan -nan
69.96 -nan -nan
70.08 -nan -nan
70.2 -nan -nan
70.32 -nan -nan
70.44 -nan -nan
70.56 -nan -nan
70.68 -nan -nan
70.8 -nan -nan
70.92 -nan -nan
71.04 -nan -nan
71.16 -nan -nan
71.28 -nan -nan
71.4 -nan -nan
71.52 -nan -nan
71.64 -nan -nan
71.76 -nan -nan
71.88 -nan -nan
72 -nan -nan
72.12 -nan -nan
72.24 -nan -nan
72.36 -nan -nan
72.48 -nan -nan
72.6 -nan -nan
72.72 -nan -nan
72.84 -nan -nan
72.96 -nan -nan
73.08 -nan -nan
73.2 -nan -nan
73.32 -nan -nan
73.44 -nan -nan
73.56 -nan -nan
73.68 -nan -nan
73.8 -nan -nan
73.92 -nan -nan
74.04 -nan -nan
74.16 -nan -nan
74.28 -nan -nan
74.4 -nan -nan
74.52 -nan -nan
74.64 -nan -nan
74.76 -nan -nan
74.88 -nan -nan
75 -nan -nan
75.12 -nan -nan
75.24 -nan -nan
75.36 -nan -nan
75.48 -nan -nan
75.6 -nan -nan
75.72 -nan -nan
75.84 -nan -nan
75.96 -nan -nan
76.08 -nan -nan
76.2 -nan -nan
76.32 -nan -nan
76.44 -nan -nan
76.56 -nan -nan
76.68 -nan -nan
76.8 -nan -nan
76.92 -nan -nan
77.04 -nan -nan
77.16 -nan -nan
77.28 -nan -nan
77.4 -nan -nan
77.52 -nan -nan
77.64 -nan -nan
77.76 -nan -nan
77.88 -nan -nan
78 -nan -nan
78.12 -nan -nan
78.24 -nan -nan
78.36 -nan -nan
78.48 -nan -nan
78.6 -nan -nan
78.72 -nan -nan
78.84 -nan -nan
78.96 -nan -nan
79.08 -nan -nan
79.2 -nan -nan
79.32 -nan -nan
79.44 -nan -nan
79.56 -nan -nan
79.68 -nan -nan
79.8 -nan -nan
79.92 -nan -nan
80.04 -nan -nan
80.16 -nan -nan
80.28 -nan -nan
80.4 -nan -nan
80.52 -nan -nan
80.64 -nan -nan
80.76 -nan -nan
80.88 -nan -nan
81 -nan -nan
81.12 -nan -nan
81.24 -nan -nan
81.36 -nan -nan
81.48 -nan -nan
81.6 -nan -nan
81.72 -nan -nan
81.84 -nan -nan
81.96 -nan -nan
82.08 -nan -nan
82.2 -nan -nan
82.32 -nan -nan
82.44 -nan -nan
82.56 -nan -nan
82.68 -nan -nan
82.8 -nan -nan
82.92 -nan -nan
83.04 -nan -nan
83.16 -nan -nan
83.28 -nan -nan
83.4 -nan -nan
83.52 -nan -nan
83.64 -nan -nan
83.76 -nan -nan
83.88 -nan -nan
84 -nan -nan
84.12 -nan -nan
84.24 -nan -nan
84.36 -nan -nan
84.48 -nan -nan
84.6 -nan -nan
84.72 -nan -nan
84.84 -nan -nan
84.96 -nan -nan
85.08 -nan -nan
85.2 -nan -nan
85.32 -nan -nan
85.44 -nan -nan
85.56 -nan -nan
85.68 -nan -nan
85.8 -nan -nan
85.92 -nan -nan
86.04 -nan -nan
86.16 -nan -nan
86.28 -nan -nan
86.4 -nan -nan
86.52 -nan -nan
86.64 -nan -nan
86.76 -nan -nan
86.88 -nan -nan
87 -nan -nan
87.12 -nan -nan
87.24 -nan -nan
87.36 -nan -nan
87.48 -nan -nan
87.6 -nan -nan
87.72 -nan -nan
87.84 -nan -nan
87.96 -nan -nan
88.08 -nan -nan
88.2 -nan -nan
88.32 -nan -nan
88.44 -nan -nan
88.56 -nan -nan
88.68 -nan -nan
88.8 -nan -nan
88.92 -nan -nan
89.04 -nan -nan
89.16 -nan -nan
89.28 -nan -nan
89.4 -nan -nan
89.52 -nan -nan
89.64 -nan -nan
89.76 -nan -nan
89.88 -nan -nan
90 -nan -nan
90.12 -nan -nan
90.24 -nan -nan
90.36 -nan -nan
90.48 -nan -nan
90.6 -nan -nan
90.72 -nan -nan
90.84 -nan -nan
90.96 -nan -nan
91.08 -nan -nan
91.2 -nan -nan
91.32 -nan -nan
91.44 -nan -nan
91.56 -nan -nan
91.68 -nan -nan
91.8 -nan -nan
91.92 -nan -nan
92.04 -nan -nan
92.16 -nan -nan
92.28 -nan -nan
92.4 -nan -nan
92.52 -nan -nan
92.64 -nan -nan
92.76 -nan -nan
92.88 -nan -nan
93 -nan -nan
93.12 -nan -nan
93.24 -nan -nan
93.36 -nan -nan
93.48 -nan -nan
93.6 -nan -nan
93.72 -nan -nan
93.84 -nan -nan
93.96 -nan -nan
94.08 -nan -nan
94.2 -nan -nan
94.32 -nan -nan
94.44 -nan -nan
94.56 -nan -nan
94.68 -nan -nan
94.8 -nan -nan
94.92 -nan -nan
95.04 -nan -nan
95.16 -nan -nan
95.28 -nan -nan
95.4 -nan -nan
95.52 -nan -nan
95.64 -nan -nan
95.76 -nan -nan
95.88 -nan -nan
96 -nan -nan
96.12 -nan -nan
96.24 -nan -nan
96.36 -nan -nan
96.48 -nan -nan
96.6 -nan -nan
96.72 -nan -nan
96.84 -nan -nan
96.96 -nan -nan
97.08 -nan -nan
97.2 -nan -nan
97.32 -nan -nan
97.44 -nan -nan
97.56 -nan -nan
97.68 -nan -nan
97.8 -nan -nan
97.92 -nan -nan
98.04 -nan -nan
98.16 -nan -nan
98.28 -nan -nan
98.4 -nan -nan
98.52 -nan -nan
98.64 -nan -nan
98.76 -nan -nan
98.88 -nan -nan
99 -nan -nan
99.12 -nan -nan
99.24 -nan -nan
99.36 -nan -nan
99.48 -nan -nan
99.6 -nan -nan
99.72 -nan -nan
99.84 -nan -nan
99.96 -nan -nan
100.08 -nan -nan
100.2 -nan -nan
100.32 -nan -nan
100.44 -nan -nan
100.56 -nan -nan
100.68 -nan -nan
100.8 -nan -nan
100.92 -nan -nan
101.04 -nan -nan
101.16 -nan -nan
101.28 -nan -nan
101.4 -nan -nan
101.52 -nan -nan
101.64 -nan -nan
101.76 -nan -nan
101.88 -nan -nan
102 -nan -nan
102.12 -nan -nan
102.24 -nan -nan
102.36 -nan -nan
102.48 -nan -nan
102.6 -nan -nan
102.72 -nan -nan
102.84 -nan -nan
102.96 -nan -nan
103.08 -nan -nan
103.2 -nan -nan
103.32 -nan -nan
103.44 -nan -nan
103.56 -nan -nan
103.68 -nan -nan
103.8 -nan -nan
103.92 -nan -nan
104.04 -nan -nan
104.16 -nan -nan
104.28 -nan -nan
104.4 -nan -nan
104.52 -nan -nan
104.64 -nan -nan
104.76 -nan -nan
104.88 -nan -nan
105 -nan -nan
105.12 -nan -nan
105.24 -nan -nan
105.36 -nan -nan
105.48 -nan -nan
105.6 -nan -nan
105.72 -nan -nan
105.84 -nan -nan
105.96 -nan -nan
106.08 -nan -nan
106.2 -nan -nan
106.32 -nan -nan
106.44 -nan -nan
106.56 -nan -nan
106.68 -nan -nan
106.8 -nan -nan
106.92 -nan -nan
107.04 -nan -nan
107.16 -nan -nan
107.28 -nan -nan
107.4 -nan -nan
107.52 -nan -nan
107.64 -nan -nan
107.76 -nan -nan
107.88 -nan -nan
108 -nan -nan
108.12 -nan -nan
108.24 -nan -nan
108.36 -nan -nan
108.48 -nan -nan
108.6 -nan -nan
108.72 -nan -nan
108.84 -nan -nan
108.96 -nan -nan
109.08 -nan -nan
109.2 -nan -nan
109.32 -nan -nan
109.44 -nan -nan
109.56 -nan -nan
109.68 -nan -nan
109.8 -nan -nan
109.92 -nan -nan
110.04 -nan -nan
110.16 -nan -nan
110.28 -nan -nan
110.4 -nan -nan
110.52 -nan -nan
110.64 -nan -nan
110.76 -nan -nan
110.88 -nan -nan
111 -nan -nan
111.12 -nan -nan
111.24 -nan -nan
111.36 -nan -nan
111.48 -nan -nan
111.6 -nan -nan
111.72 -nan -nan
111.84 -nan -nan
111.96 -nan -nan
112.08 -nan -nan
112.2 -nan -nan
112.32 -nan -nan
112.44 -nan -nan
112.56 -nan -nan
112.68 -nan -nan
112.8 -nan -nan
112.92 -nan -nan
113.04 -nan -nan
113.16 -nan -nan
113.28 -nan -nan
113.4 -nan -nan
113.52 -nan -nan
113.64 -nan -nan
113.76 -nan -nan
113.88 -nan -nan
114 -nan -nan
114.12 -nan -nan
114.24 -nan -nan
114.36 -nan -nan
114.48 -nan -nan
114.6 -nan -nan
114.72 -nan -nan
114.84 -nan -nan
114.96 -nan -nan
115.08 -nan -nan
115.2 -nan -nan
115.32 -nan -nan
115.44 -nan -nan
115.56 -nan -nan
115.68 -nan -nan
115.8 -nan -nan
115.92 -nan -nan
116.04 -nan -nan
116.16 -nan -nan
116.28 -nan -nan
116.4 -nan -nan
116.52 -nan -nan
116.64 -nan -nan
116.76 -nan -nan
116.88 -nan -nan
117 -nan -nan
117.12 -nan -nan
117.24 -nan -nan
117.36 -nan -nan
117.48 -nan -nan
117.6 -nan -nan
117.72 -nan -nan
117.84 -nan -nan
117.96 -nan -nan
118.08 -nan -nan
118.2 -nan -nan
118.32 -nan -nan
118.44 -nan -nan
118.56 -nan -nan
118.68 -nan -nan
118.8 -nan -nan
118.92 -nan -nan
119.04 -nan -nan
119.16 -nan -nan
119.28 -nan -nan
119.4 -nan -nan
119.52 -nan -nan
119.64 -nan -nan
119.76 -nan -nan
119.88 -nan -nan
120 -nan -nan
