-0.999 0.000161643 3.37167e-06
-0.998 0.000650704 -8.17379e-06
-0.997 0.00163294 -9.9945e-05
-0.996 0.00341712 -0.000333693
-0.995 0.00624719 -0.000697097
-0.994 0.0100595 -0.00107785
-0.993 0.0143921 -0.00128958
-0.992 0.0185489 -0.00116657
-0.991 0.0219707 -0.000650766
-0.99 0.0246591 0.00015394
-0.989 0.0273601 0.00101247
-0.988 0.0312922 0.00169527
-0.987 0.0376297 0.00211816
-0.986 0.0467591 0.0024113
-0.985 0.0577427 0.00285059
-0.984 0.0684829 0.00376633
-0.983 0.0765929 0.0053115
-0.982 0.0805934 0.00725989
-0.981 0.0808009 0.00903052
-0.98 0.0797637 0.00982876
-0.979 0.0815885 0.00890313
-0.978 0.0903856 0.0059027
-0.977 0.108556 0.00108624
-0.976 0.135297 -0.00484701
-0.975 0.166388 -0.0109496
-0.974 0.19572 -0.0163819
-0.973 0.217569 -0.0207851
-0.972 0.228877 -0.024362
-0.971 0.230945 -0.0275675
-0.97 0.228844 -0.030531
-0.969 0.229257 -0.0329841
-0.968 0.237444 -0.0339517
-0.967 0.25502 -0.0317288
-0.966 0.278845 -0.0248175
-0.965 0.301869 -0.0126989
-0.964 0.316153 0.00377773
-0.963 0.31686 0.0225172
-0.962 0.305297 0.0405139
-0.961 0.287866 0.0547038
-0.96 0.274887 0.063137
-0.959 0.276962 0.0656365
-0.958 0.299591 0.0638146
-0.957 0.341701 0.0601644
-0.956 0.39628 0.0565316
-0.955 0.452855 0.0534595
-0.954 0.502718 0.0497014
-0.953 0.542354 0.0416376
-0.952 0.574856 0.0252929
-0.951 0.607801 -0.00152149
-0.95 0.649228 -0.0377398
-0.949 0.702917 -0.0788777
-0.948 0.763838 -0.117309
-0.947 0.821297 -0.144375
-0.946 0.862761 -0.153688
-0.945 0.877661 -0.143072
-0.944 0.863987 -0.115574
-0.943 0.830834 -0.0786837
-0.942 0.795137 -0.0414222
-0.941 0.774078 -0.011423
-0.94 0.778098 0.00717801
-0.939 0.806138 0.0160133
-0.938 0.845613 0.0218546
-0.937 0.878153 0.0332906
-0.936 0.888136 0.0563801
-0.935 0.871907 0.0924486
-0.934 0.840408 0.135576
-0.933 0.816866 0.174092
-0.932 0.828836 0.194685
-0.931 0.895481 0.185999
-0.93 1.01649 0.14445
-0.929 1.16993 0.0759452
-0.928 1.31935 -0.00552152
-0.927 1.42628 -0.0821391
-0.926 1.46678 -0.137277
-0.925 1.44103 -0.160438
-0.924 1.37546 -0.151954
-0.923 1.3133 -0.122126
-0.922 1.29821 -0.0873278
-0.921 1.35652 -0.0636372
-0.92 1.48272 -0.0606348
-0.919 1.64141 -0.0786726
-0.918 1.78283 -0.107637
-0.917 1.85943 -0.130501
-0.916 1.84375 -0.130307
-0.915 1.74715 -0.0967032
-0.914 1.61409 -0.0324582
-0.913 1.50536 0.0479659
-0.912 1.47603 0.121808
-0.911 1.55278 0.16433
-0.91 1.72148 0.159704
-0.909 1.93231 0.105466
-0.908 2.12123 0.0140549
-0.907 2.22974 -0.0897203
-0.906 2.23087 -0.176416
-0.905 2.14084 -0.223776
-0.904 2.01076 -0.223107
-0.903 1.90873 -0.181075
-0.902 1.89212 -0.119127
-0.901 1.98534 -0.0635014
-0.9 2.1728 -0.0348393
-0.899 2.40557 -0.0408633
-0.898 2.61724 -0.0709725
-0.897 2.75449 -0.103157
-0.896 2.79806 -0.11163
-0.895 2.76375 -0.0745028
-0.894 2.69428 0.0124646
-0.893 2.6419 0.13412
-0.892 2.65149 0.260444
-0.891 2.73856 0.357725
-0.89 2.88518 0.399469
-0.889 3.05801 0.375423
-0.888 3.2182 0.297578
-0.887 3.33115 0.195055
-0.886 3.38667 0.10157
-0.885 3.39385 0.043691
-0.884 3.37155 0.0299409
-0.883 3.33899 0.0469805
-0.882 3.30811 0.066772
-0.881 3.28161 0.0591276
-0.88 3.2556 0.00646413
-0.879 3.23381 -0.0906342
-0.878 3.2269 -0.211314
-0.877 3.24978 -0.321425
-0.876 3.31467 -0.386134
-0.875 3.41749 -0.38863
-0.874 3.53596 -0.3373
-0.873 3.62953 -0.260058
-0.872 3.65699 -0.195703
-0.871 3.59995 -0.175095
-0.87 3.4717 -0.208651
-0.869 3.32292 -0.281427
-0.868 3.22959 -0.355674
-0.867 3.25924 -0.385241
-0.866 3.44265 -0.340484
-0.865 3.755 -0.220432
-0.864 4.10868 -0.0543419
-0.863 4.38974 0.105331
-0.862 4.49696 0.207544
-0.861 4.38355 0.219647
-0.86 4.09333 0.141544
-0.859 3.74277 0.0123724
-0.858 3.48673 -0.102957
-0.857 3.4667 -0.142778
-0.856 3.74798 -0.0788586
-0.855 4.28645 0.0709329
-0.854 4.93921 0.249128
-0.853 5.51865 0.37665
-0.852 5.86391 0.382526
-0.851 5.9083 0.240612
-0.85 5.70422 -0.020978
-0.849 5.41768 -0.32543
-0.848 5.25883 -0.564251
-0.847 5.38978 -0.650168
-0.846 5.87081 -0.548515
-0.845 6.61785 -0.292531
-0.844 7.42037 0.0236295
-0.843 8.02208 0.284491
-0.842 8.21094 0.390955
-0.841 7.91558 0.306695
-0.84 7.22745 0.0792925
-0.839 6.3675 -0.185164
-0.838 5.61448 -0.358423
-0.837 5.18701 -0.334499
-0.836 5.17007 -0.0852354
-0.835 5.48496 0.323422
-0.834 5.92945 0.760665
-0.833 6.26802 1.07093
-0.832 6.31837 1.13216
-0.831 6.04233 0.910098
-0.83 5.56769 0.468655
-0.829 5.12281 -0.0463782
-0.828 4.95543 -0.463144
-0.827 5.22162 -0.655313
-0.826 5.91277 -0.587671
-0.825 6.86669 -0.323875
-0.824 7.83016 -0.00541982
-0.823 8.54845 0.201877
-0.822 8.85247 0.175106
-0.821 8.73565 -0.112361
-0.82 8.33441 -0.577204
-0.819 7.85069 -1.06223
-0.818 7.47746 -1.39175
-0.817 7.3151 -1.4407
-0.816 7.33256 -1.18587
-0.815 7.38729 -0.713849
-0.814 7.31108 -0.186929
-0.813 7.00348 0.21597
-0.812 6.47953 0.369316
-0.811 5.87971 0.245797
-0.81 5.4128 -0.0768719
-0.809 5.26476 -0.449451
-0.808 5.51982 -0.717299
-0.807 6.11562 -0.776822
-0.806 6.87076 -0.614426
-0.805 7.56236 -0.31105
-0.804 8.03388 0.00109849
-0.803 8.25798 0.194051
-0.802 8.34085 0.194537
-0.801 8.49235 0.0126589
-0.8 8.91004 -0.262238
-0.799 9.65344 -0.495512
-0.798 10.6187 -0.571386
-0.797 11.5607 -0.440511
-0.796 12.1718 -0.132192
-0.795 12.226 0.26826
-0.794 11.6898 0.646423
-0.793 10.7417 0.908632
-0.792 9.74025 1.0315
-0.791 9.08552 1.04424
-0.79 9.0425 1.01891
-0.789 9.64846 1.03037
-0.788 10.6731 1.10699
-0.787 11.7116 1.21817
-0.786 12.3359 1.28832
-0.785 12.2848 1.23722
-0.784 11.5864 1.01543
-0.783 10.5478 0.635115
-0.782 9.6492 0.166257
-0.781 9.342 -0.277968
-0.78 9.85846 -0.59553
-0.779 11.1033 -0.744598
-0.778 12.6687 -0.756719
-0.777 13.9713 -0.731115
-0.776 14.4793 -0.787577
-0.775 13.9428 -1.00386
-0.774 12.5029 -1.37404
-0.773 10.6326 -1.80301
-0.772 8.96766 -2.13202
-0.771 8.07249 -2.21145
-0.77 8.20945 -1.95545
-0.769 9.24221 -1.39563
-0.768 10.6884 -0.680563
-0.767 11.927 -0.0172211
-0.766 12.4283 0.395214
-0.765 11.9758 0.45366
-0.764 10.7688 0.186545
-0.763 9.31584 -0.24622
-0.762 8.23792 -0.619014
-0.761 8.02209 -0.73631
-0.76 8.82251 -0.508517
-0.759 10.3904 0.0044254
-0.758 12.1954 0.608174
-0.757 13.6315 1.05457
-0.756 14.2422 1.13937
-0.755 13.9341 0.779643
-0.754 12.9978 0.0637528
-0.753 11.9452 -0.768824
-0.752 11.3397 -1.43569
-0.751 11.5644 -1.69794
-0.75 12.6364 -1.46082
-0.749 14.2546 -0.81411
-0.748 15.9294 0.0171351
-0.747 17.1473 0.751218
-0.746 17.6314 1.15896
-0.745 17.4162 1.14524
-0.744 16.7846 0.791638
-0.743 16.1521 0.30372
-0.742 15.8562 -0.0707668
-0.741 16.0252 -0.143134
-0.74 16.4944 0.138778
-0.739 16.9275 0.680869
-0.738 16.9829 1.27062
-0.737 16.4589 1.67052
-0.736 15.4221 1.72464
-0.735 14.1713 1.38886
-0.734 13.1212 0.775451
-0.733 12.6223 0.0858906
-0.732 12.7996 -0.482004
-0.731 13.5051 -0.78352
-0.73 14.3873 -0.799978
-0.729 15.0434 -0.610506
-0.728 15.2266 -0.350149
-0.727 14.9724 -0.153353
-0.726 14.5741 -0.103079
-0.725 14.4771 -0.186003
-0.724 15.0427 -0.332807
-0.723 16.3445 -0.464444
-0.722 18.1079 -0.521079
-0.721 19.7745 -0.515375
-0.72 20.7468 -0.507918
-0.719 20.6002 -0.581424
-0.718 19.2886 -0.780778
-0.717 17.2121 -1.08611
-0.716 15.0699 -1.42515
-0.715 13.5942 -1.68476
-0.714 13.2461 -1.77348
-0.713 14.0403 -1.68972
-0.712 15.523 -1.51207
-0.711 16.9477 -1.38844
-0.71 17.5914 -1.45921
-0.709 17.0821 -1.77095
-0.708 15.5923 -2.25013
-0.707 13.7523 -2.69696
-0.706 12.4035 -2.87459
-0.705 12.306 -2.59093
-0.704 13.7933 -1.78767
-0.703 16.6061 -0.591529
-0.702 19.9629 0.710515
-0.701 22.8472 1.77427
-0.7 24.4186 2.33837
-0.699 24.2938 2.31436
-0.698 22.7209 1.83625
-0.697 20.4922 1.22846
-0.696 18.6142 0.87732
-0.695 17.9037 1.05459
-0.694 18.6934 1.81037
-0.693 20.6638 2.93088
-0.692 23.0242 4.00165
-0.691 24.8541 4.57024
-0.69 25.4179 4.32024
-0.689 24.5125 3.20459
-0.688 22.5277 1.48079
-0.687 20.2922 -0.372424
-0.686 18.7189 -1.82582
-0.685 18.4423 -2.49115
-0.684 19.5717 -2.26903
-0.683 21.6445 -1.39552
-0.682 23.8516 -0.341095
-0.681 25.3633 0.375516
-0.68 25.6067 0.387102
-0.679 24.5172 -0.372836
-0.678 22.5517 -1.65068
-0.677 20.4665 -2.95732
-0.676 18.9759 -3.76839
-0.675 18.4915 -3.7309
-0.674 18.9809 -2.81104
-0.673 20.0055 -1.30024
-0.672 20.9142 0.302372
-0.671 21.1751 1.4523
-0.67 20.6315 1.79862
-0.669 19.4646 1.28728
-0.668 18.1699 0.165245
-0.667 17.3425 -1.10325
-0.666 17.3424 -2.05541
-0.665 18.156 -2.36821
-0.664 19.442 -1.97536
-0.663 20.6548 -1.11528
-0.662 21.3248 -0.175254
-0.661 21.2902 0.463798
-0.66 20.7277 0.564257
-0.659 20.0948 0.135041
-0.658 19.9287 -0.615801
-0.657 20.592 -1.36304
-0.656 22.0749 -1.79338
-0.655 23.9665 -1.75941
-0.654 25.6695 -1.29871
-0.653 26.6635 -0.581323
-0.652 26.7128 0.150694
-0.651 26.0017 0.679597
-0.65 25.1463 0.924871
-0.649 24.8708 0.954837
-0.648 25.6815 0.900544
-0.647 27.6547 0.88613
-0.646 30.3284 0.961039
-0.645 32.8647 1.09573
-0.644 34.3871 1.19384
-0.643 34.3369 1.14855
-0.642 32.6795 0.934628
-0.641 29.9775 0.628809
-0.64 27.1726 0.386638
-0.639 25.2146 0.377022
-0.638 24.6699 0.665796
-0.637 25.4969 1.16985
-0.636 27.0687 1.6858
-0.635 28.4692 1.95442
-0.634 28.8182 1.78577
-0.633 27.6689 1.15624
-0.632 25.2669 0.238264
-0.631 22.3815 -0.634407
-0.63 20.0745 -1.08811
-0.629 19.2665 -0.89035
-0.628 20.3973 -0.0741857
-0.627 23.2376 1.06518
-0.626 26.915 2.05198
-0.625 30.2916 2.41141
-0.624 32.3979 1.85588
-0.623 32.7612 0.42375
-0.622 31.5331 -1.49451
-0.621 29.398 -3.31656
-0.62 27.292 -4.49606
-0.619 26.016 -4.70658
-0.618 25.9287 -3.97181
-0.617 26.8818 -2.69194
-0.616 28.2678 -1.4851
-0.615 29.2964 -0.916594
-0.614 29.3448 -1.2791
-0.613 28.2021 -2.48077
-0.612 26.1225 -4.05012
-0.611 23.707 -5.30495
-0.61 21.6519 -5.63952
-0.609 20.5084 -4.78942
-0.608 20.5184 -2.90173
-0.607 21.5544 -0.479622
-0.606 23.2278 1.7819
-0.605 25.0924 3.25988
-0.604 26.8115 3.64209
-0.603 28.2042 3.07016
-0.602 29.2881 2.00937
-0.601 30.1773 1.06082
-0.6 30.9595 0.755648
-0.599 31.667 1.30202
-0.598 32.2868 2.52718
-0.597 32.823 3.95315
-0.596 33.3283 5.0399
-0.595 33.9678 5.36046
-0.594 34.9044 4.77153
-0.593 36.1765 3.49348
-0.592 37.685 1.95363
-0.591 39.0702 0.585658
-0.59 39.8659 -0.317018
-0.589 39.6923 -0.712571
-0.588 38.3965 -0.808939
-0.587 36.2596 -0.906671
-0.586 33.9382 -1.27905
-0.585 32.2731 -1.99632
-0.584 32.0088 -2.89205
-0.583 33.3625 -3.69474
-0.582 35.9089 -4.12576
-0.581 38.7355 -4.0437
-0.58 40.6914 -3.54914
-0.579 40.8641 -2.91648
-0.578 38.9466 -2.4489
-0.577 35.408 -2.30824
-0.576 31.4317 -2.4207
-0.575 28.406 -2.49359
-0.574 27.4255 -2.11532
-0.573 28.8939 -1.00942
-0.572 32.1674 0.782274
-0.571 35.7992 2.88614
-0.57 38.1907 4.6445
-0.569 38.0863 5.38868
-0.568 35.1951 4.73219
-0.567 30.4205 2.76856
-0.566 25.4204 0.0998152
-0.565 22.1166 -2.39998
-0.564 21.9347 -3.87147
-0.563 25.161 -3.84273
-0.562 30.8236 -2.46011
-0.561 37.0097 -0.496294
-0.56 41.6368 0.957092
-0.559 43.2344 0.984932
-0.558 41.5237 -0.783776
-0.557 37.5505 -3.95915
-0.556 33.2892 -7.45453
-0.555 30.8194 -9.89149
-0.554 31.4428 -10.1299
-0.553 35.2036 -7.74821
-0.552 40.8045 -3.29537
-0.551 46.1186 1.88974
-0.55 49.0242 6.13312
-0.549 48.2505 8.03934
-0.548 44.0007 7.08952
-0.547 37.8044 3.87397
-0.546 31.9772 -0.158154
-0.545 28.7129 -3.27376
-0.544 29.1368 -4.08875
-0.543 32.9526 -2.17814
-0.542 38.5724 1.70306
-0.541 43.7159 5.93251
-0.54 46.3867 8.62813
-0.539 45.7267 8.41598
-0.538 42.3098 5.01556
-0.537 37.9352 -0.614977
-0.536 34.8115 -6.61269
-0.535 34.6022 -10.8743
-0.534 37.7386 -11.8926
-0.533 43.1882 -9.3767
-0.532 48.8545 -4.31502
-0.531 52.4947 1.36786
-0.53 52.5799 5.55512
-0.529 48.9789 6.80532
-0.528 43.0902 4.87068
-0.527 37.2607 0.782819
-0.526 33.8199 -3.58923
-0.525 34.0034 -6.30103
-0.524 37.5554 -6.14175
-0.523 42.902 -3.10989
-0.522 47.7067 1.56195
-0.521 49.9269 5.86664
-0.52 48.6747 7.91232
-0.519 44.7014 6.65641
-0.518 40.0533 2.25401
-0.517 37.1018 -3.90315
-0.516 37.6652 -9.71442
-0.515 42.0862 -13.2923
-0.514 48.9677 -13.617
-0.513 55.8133 -10.905
-0.512 59.8508 -6.49354
-0.511 59.2139 -2.27355
-0.51 53.8764 0.143636
-0.509 45.6207 0.109006
-0.508 37.3506 -1.9254
-0.507 32.0185 -4.57738
-0.506 31.3882 -6.14192
-0.505 35.2861 -5.39177
-0.504 41.7392 -2.09921
-0.503 47.7781 2.86385
-0.502 50.578 7.86244
-0.501 48.792 11.1526
-0.5 43.2145 11.6214
-0.499 36.3566 9.22034
-0.498 31.56 4.97179
-0.497 31.6033 0.528853
-0.496 37.5135 -2.56542
-0.495 48.0655 -3.48995
-0.494 60.1383 -2.43429
-0.493 69.8491 -0.53284
-0.492 74.0461 0.67757
-0.491 71.5389 -0.0100794
-0.49 63.6451 -2.9456
-0.489 53.6244 -7.3986
-0.488 45.3604 -11.8514
-0.487 41.9105 -14.61
-0.486 44.2501 -14.5419
-0.485 50.8569 -11.595
-0.484 58.3768 -6.8243
-0.483 62.9794 -1.96
-0.482 62.0249 1.27746
-0.481 55.1147 1.88832
-0.48 44.3278 0.0374225
-0.479 33.5341 -3.01351
-0.478 26.8366 -5.47298
-0.477 26.936 -5.79714
-0.476 34.0539 -3.33453
-0.475 45.8259 1.33358
-0.474 58.1627 6.59138
-0.473 66.8319 10.4125
-0.472 69.0452 11.201
-0.471 64.488 8.49623
-0.47 55.4909 3.18357
-0.469 46.0102 -2.84879
-0.468 39.9946 -7.46779
-0.467 39.8472 -9.08233
-0.466 45.4373 -7.32643
-0.465 54.3394 -3.25119
-0.464 62.7714 1.20174
-0.463 67.1107 3.94683
-0.462 65.4728 3.61835
-0.461 58.4242 0.152364
-0.46 48.7483 -5.18525
-0.459 40.3543 -10.3149
-0.458 36.717 -13.1559
-0.457 39.5389 -12.4493
-0.456 48.015 -8.35113
-0.455 59.1485 -2.29177
-0.454 69.0208 3.55093
-0.453 74.2856 7.09243
-0.452 73.4254 7.17018
-0.451 67.1859 3.982
-0.45 58.287 -0.984745
-0.449 50.2838 -5.64392
-0.448 46.0618 -8.1295
-0.447 46.8091 -7.52424
-0.446 51.5296 -4.16145
-0.445 57.7133 0.494146
-0.444 62.3658 4.45529
-0.443 63.177 6.07389
-0.442 59.5718 4.65519
-0.441 52.9507 0.681949
-0.44 46.1065 -4.39136
-0.439 41.9149 -8.73506
-0.438 42.3626 -10.9025
-0.437 47.7094 -10.323
-0.436 56.3002 -7.51158
-0.435 65.3965 -3.75721
-0.434 72.1808 -0.57036
-0.433 74.7521 0.894532
-0.432 72.8382 0.307101
-0.431 67.8951 -1.76982
-0.43 62.3136 -4.14778
-0.429 58.4143 -5.59544
-0.428 57.5606 -5.38311
-0.427 59.5816 -3.418
-0.426 63.0004 -0.288905
-0.425 65.7257 2.97855
-0.424 65.9613 5.3975
-0.423 63.0449 6.41579
-0.422 57.6809 6.07353
-0.421 51.6771 4.81367
-0.42 47.2676 3.30181
-0.419 46.1256 2.11964
-0.418 48.7582 1.47772
-0.417 54.3655 1.18022
-0.416 61.1349 0.809953
-0.415 67.0171 0.0251806
-0.414 70.4362 -1.22166
-0.413 70.8727 -2.64918
-0.412 68.9899 -3.7892
-0.411 66.1717 -4.21089
-0.41 63.8989 -3.76576
-0.409 63.1096 -2.64258
-0.408 63.8373 -1.30199
-0.407 65.2292 -0.247281
-0.406 65.9719 0.28841
-0.405 64.9349 0.405564
-0.404 61.6736 0.534431
-0.403 56.5593 1.26923
-0.402 50.7636 3.01605
-0.401 45.8184 5.7283
-0.4 42.9936 8.7963
-0.399 42.9732 11.1979
-0.398 45.5162 11.9594
-0.397 49.7062 10.5444
-0.396 54.4216 7.09429
-0.395 58.6935 2.46255
-0.394 62.1061 -2.07644
-0.393 64.7434 -5.32215
-0.392 66.9817 -6.65371
-0.391 69.2369 -6.26898
-0.39 71.7078 -5.11367
-0.389 74.2308 -4.50205
-0.388 76.4113 -5.46056
-0.387 77.757 -8.26
-0.386 77.9039 -12.2499
-0.385 76.8171 -15.9818
-0.384 74.7748 -17.8529
-0.383 72.1075 -16.761
-0.382 69.1687 -12.5167
-0.381 66.1847 -6.04392
-0.38 63.2243 0.908472
-0.379 60.3707 6.49932
-0.378 57.7339 9.47288
-0.377 55.6962 9.60273
-0.376 54.7249 7.82747
-0.375 55.2501 5.72988
-0.374 57.4558 4.8817
-0.373 61.0641 6.2157
-0.372 65.2527 9.46007
-0.371 68.9355 13.3102
-0.37 71.2656 15.9995
-0.369 71.9889 15.9803
-0.368 71.5223 12.6538
-0.367 70.8347 6.66886
-0.366 71.0948 -0.289037
-0.365 73.1837 -6.12783
-0.364 77.0429 -9.16484
-0.363 81.6252 -8.80732
-0.362 85.4382 -5.75628
-0.361 86.8009 -1.6651
-0.36 84.6542 1.59526
-0.359 79.3076 2.67002
-0.358 72.2052 1.36276
-0.357 65.5044 -1.30981
-0.356 61.433 -3.67847
-0.355 61.1336 -4.09059
-0.354 64.1881 -1.6916
-0.353 68.9365 3.1393
-0.352 72.8283 8.89061
-0.351 73.5421 13.5037
-0.35 70.092 15.2152
-0.349 63.1579 13.3384
-0.348 55.0766 8.53557
-0.347 48.8522 2.5009
-0.346 46.9995 -2.67237
-0.345 50.5437 -5.39964
-0.344 58.4107 -5.26719
-0.343 67.7508 -3.11124
-0.342 75.131 -0.638913
-0.341 77.8933 0.30643
-0.34 75.0745 -1.40735
-0.339 68.0606 -5.56597
-0.338 60.024 -10.7468
-0.337 54.618 -14.9266
-0.336 54.5583 -16.2425
-0.335 60.3983 -13.8501
-0.334 70.251 -8.37545
-0.333 80.4808 -1.67268
-0.332 87.1279 3.92055
-0.331 87.476 6.57881
-0.33 81.252 5.74891
-0.329 70.7859 2.32166
-0.328 60.1253 -1.722
-0.327 53.5241 -4.17594
-0.326 53.7897 -3.59099
-0.325 61.0497 0.0994124
-0.324 72.6516 5.4616
-0.323 84.214 10.1033
-0.322 91.4315 11.8507
-0.321 91.7917 9.57479
-0.32 85.5761 3.74187
-0.319 75.8518 -3.68289
-0.318 67.1624 -10.0556
-0.317 63.7057 -13.0686
-0.316 67.6256 -11.7698
-0.315 78.0503 -6.94084
-0.314 91.3109 -0.790365
-0.313 102.384 3.9883
-0.312 106.85 5.39462
-0.311 102.762 2.98283
-0.31 91.4984 -1.93579
-0.309 77.1366 -6.81458
-0.308 65.0092 -8.90233
-0.307 59.3956 -6.48392
-0.306 61.92 0.328988
-0.305 70.9599 9.58358
-0.304 82.1161 18.2193
-0.303 90.1339 23.2464
-0.302 91.018 22.9829
-0.301 83.7093 17.8216
-0.3 70.5818 9.95432
-0.299 56.4917 2.53567
-0.298 46.7848 -1.6153
-0.297 45.2108 -1.26283
-0.296 52.3613 2.83335
-0.295 65.2464 8.10745
-0.294 78.6889 11.3086
-0.293 87.453 9.9294
-0.292 88.2569 3.27885
-0.291 81.146 -7.07858
-0.29 69.3788 -17.9824
-0.289 58.1968 -25.8564
-0.288 52.597 -28.1203
-0.287 55.252 -24.3133
-0.286 65.4457 -16.2
-0.285 79.2508 -7.12042
-0.284 91.158 -0.631788
-0.283 96.2038 1.02685
-0.282 92.0633 -2.23529
-0.281 80.0012 -8.33683
-0.28 64.2417 -13.8728
-0.279 50.3929 -15.5712
-0.278 43.1134 -11.7367
-0.277 44.3547 -2.95359
-0.276 52.6757 8.08092
-0.275 63.8578 17.5977
-0.274 72.7939 22.2598
-0.273 75.5098 20.5994
-0.272 70.8799 13.5362
-0.271 61.1277 3.94948
-0.27 50.8851 -4.48876
-0.269 45.2578 -8.83667
-0.268 47.7319 -7.92332
-0.267 58.8203 -2.86413
-0.266 75.7269 3.42963
-0.265 93.2902 7.57855
-0.264 106.111 7.16608
-0.263 110.667 1.75629
-0.262 106.519 -6.84837
-0.261 96.4184 -15.4354
-0.26 85.0851 -20.7266
-0.259 77.3421 -20.6149
-0.258 76.2119 -15.0576
-0.257 81.4554 -6.04861
-0.256 89.919 3.08525
-0.255 97.0006 9.13697
-0.254 98.4221 10.409
-0.253 92.052 7.26991
-0.252 78.8809 1.9406
-0.251 62.7992 -2.59765
-0.25 48.9398 -3.85324
-0.249 41.7323 -0.891189
-0.248 43.4461 5.23058
-0.247 52.9238 11.9835
-0.246 66.1608 16.46
-0.245 78.1232 16.5956
-0.244 84.6914 12.0604
-0.243 84.1481 4.5035
-0.242 77.7162 -3.20354
-0.241 69.1172 -8.23852
-0.24 62.7103 -8.90264
-0.239 61.8719 -5.38764
-0.238 67.585 0.34648
-0.237 77.8643 5.39247
-0.236 88.5094 7.16263
-0.235 94.9243 4.60893
-0.234 94.0269 -1.3587
-0.233 85.4483 -8.19586
-0.232 71.6729 -12.9043
-0.231 57.0504 -13.3058
-0.23 46.2871 -8.95355
-0.229 42.5562 -1.47476
-0.228 46.369 6.03018
-0.227 55.4728 10.3529
-0.226 65.7441 9.47038
-0.225 72.9891 3.44286
-0.224 74.5931 -5.45373
-0.223 70.3699 -13.7534
-0.222 62.6125 -18.2401
-0.221 55.1075 -17.2413
-0.22 51.5634 -11.3917
-0.219 54.1527 -3.47776
-0.218 62.5616 2.75113
-0.217 74.0593 4.10875
-0.216 84.6627 -0.649578
-0.215 90.6787 -10.2175
-0.214 90.2037 -21.1414
-0.213 83.6641 -29.217
-0.212 73.6634 -31.1329
-0.211 64.0773 -25.7852
-0.21 58.4715 -14.8695
-0.209 58.7902 -2.16104
-0.208 64.6919 7.93631
-0.207 73.6651 12.0653
-0.206 82.1335 9.32952
-0.205 87.0419 1.64298
-0.204 86.7179 -7.10595
-0.203 81.3722 -12.5628
-0.202 73.201 -11.7664
-0.201 65.4175 -4.30858
-0.2 60.9243 7.4176
-0.199 61.3596 19.1061
-0.198 66.4109 26.2457
-0.197 74.007 25.7963
-0.196 81.3133 17.4885
-0.195 85.7354 3.92712
-0.194 85.9385 -10.5153
-0.193 82.3246 -21.2389
-0.192 76.6711 -25.12
-0.191 71.5213 -21.7324
-0.19 69.3459 -13.348
-0.189 71.4449 -3.97286
-0.188 77.465 2.22227
-0.187 85.7403 2.61288
-0.186 93.8984 -2.90143
-0.185 99.4376 -11.9963
-0.184 100.709 -20.7932
-0.183 97.5633 -25.453
-0.182 90.9873 -23.6332
-0.181 82.8476 -15.3611
-0.18 75.3638 -3.06851
-0.179 70.1449 9.46
-0.178 67.7311 18.474
-0.177 67.5465 21.5165
-0.176 68.1998 18.2699
-0.175 68.172 10.5705
-0.174 66.3635 1.51066
-0.173 62.5419 -5.8435
-0.172 57.4622 -9.52101
-0.171 52.7152 -9.18008
-0.17 50.1714 -6.22574
-0.169 51.2755 -3.08113
-0.168 56.5687 -2.08666
-0.167 65.5451 -4.67733
-0.166 76.5531 -10.8508
-0.165 87.3142 -19.2147
-0.164 95.7612 -27.613
-0.163 100.517 -33.9156
-0.162 101.334 -36.7198
-0.161 98.9835 -35.8091
-0.16 94.887 -31.9772
-0.159 90.6663 -26.6361
-0.158 87.5039 -21.2345
-0.157 85.7322 -16.7748
-0.156 84.8029 -13.675
-0.155 83.5825 -11.7684
-0.154 80.9747 -10.4993
-0.153 76.474 -9.36823
-0.152 70.372 -8.02822
-0.151 63.7186 -6.35642
-0.15 58.134 -4.48147
-0.149 55.349 -2.51861
-0.148 56.4389 -0.565631
-0.147 61.4054 1.36724
-0.146 69.2963 3.2089
-0.145 78.3456 4.74435
-0.144 86.6807 5.66054
-0.143 92.7717 5.56521
-0.142 95.8836 4.22171
-0.141 96.4046 1.72092
-0.14 95.3194 -1.36001
-0.139 93.9861 -4.05118
-0.138 93.5594 -5.33038
-0.137 94.4626 -4.54824
-0.136 96.2542 -1.72267
-0.135 97.8581 2.33613
-0.134 98.1261 6.26595
-0.133 96.1765 8.62602
-0.132 91.8761 8.36268
-0.131 86.0368 5.29035
-0.13 80.1668 0.135138
-0.129 76.0267 -5.57587
-0.128 74.8537 -10.0718
-0.127 76.8617 -12.1063
-0.126 81.1878 -11.3679
-0.125 86.2084 -8.59721
-0.124 90.1434 -5.31523
-0.123 91.6688 -3.2776
-0.122 90.4576 -3.76642
-0.121 87.1868 -7.09307
-0.12 83.4186 -12.4246
-0.119 80.85 -18.1681
-0.118 80.3363 -22.5366
-0.117 81.8057 -24.1738
-0.116 84.2262 -22.7317
-0.115 86.0062 -18.9302
-0.114 85.6807 -14.2043
-0.113 82.5627 -10.1648
-0.112 77.2211 -8.05786
-0.111 71.2414 -8.29942
-0.11 66.666 -10.4431
-0.109 65.2006 -13.411
-0.108 67.4881 -15.9747
-0.107 72.8701 -17.2299
-0.106 79.5375 -16.774
-0.105 85.31 -14.8208
-0.104 88.4822 -12.0451
-0.103 88.4431 -9.17939
-0.102 85.8499 -6.67253
-0.101 82.3045 -4.74446
-0.1 79.5944 -3.44402
-0.099 78.9235 -2.70163
-0.098 80.4637 -2.44161
-0.097 83.4009 -2.68898
-0.096 86.0979 -3.4681
-0.095 86.853 -4.62417
-0.094 84.8785 -5.74703
-0.093 80.6214 -6.16541
-0.092 75.4221 -5.28291
-0.091 71.1869 -2.78622
-0.09 69.7483 0.970596
-0.089 71.905 4.93289
-0.088 77.3981 7.7254
-0.087 84.9857 8.06986
-0.086 92.7522 5.42165
-0.085 98.875 0.366091
-0.084 102.148 -5.42049
-0.083 102.242 -9.67141
-0.082 99.809 -10.319
-0.081 96.0475 -6.33422
-0.08 92.1614 1.64046
-0.079 88.9669 11.3622
-0.078 86.7825 19.68
-0.077 85.3184 23.6174
-0.076 83.8049 21.5695
-0.075 81.3557 13.986
-0.074 77.5713 3.43609
-0.073 72.6444 -6.29629
-0.072 67.2983 -11.6629
-0.071 62.758 -10.641
-0.07 60.1455 -3.67874
-0.069 60.3641 6.26186
-0.068 63.7452 14.7532
-0.067 69.851 17.5029
-0.066 77.5034 11.9888
-0.065 85.1613 -1.31817
-0.064 91.5676 -18.9373
-0.063 95.761 -35.5482
-0.062 97.3697 -45.8829
-0.061 96.7797 -46.7221
-0.06 94.8764 -38.0296
-0.059 92.671 -23.0713
-0.058 90.9491 -7.36871
-0.057 90.0304 3.35835
-0.056 89.6504 5.3726
-0.055 89.2118 -1.5631
-0.054 87.9811 -14.1567
-0.053 85.4786 -26.732
-0.052 81.6285 -33.3579
-0.051 76.7882 -30.1811
-0.05 71.8813 -16.9364
-0.049 68.0716 2.75735
-0.048 66.3298 22.7012
-0.047 67.1877 36.3904
-0.046 70.7095 39.4501
-0.045 76.3246 31.1907
-0.044 82.8404 14.9885
-0.043 88.9312 -3.00025
-0.042 93.524 -16.1853
-0.041 95.9619 -19.8653
-0.04 96.2714 -13.0271
-0.039 95.2904 1.32279
-0.038 94.2836 17.3525
-0.037 94.2942 28.7532
-0.036 95.8096 31.0543
-0.035 98.5853 23.3138
-0.034 101.701 8.43775
-0.033 103.775 -8.02856
-0.032 103.319 -20.007
-0.031 99.6745 -23.1897
-0.03 93.3878 -16.6886
-0.029 85.8965 -3.33612
-0.028 79.2564 11.5136
-0.027 75.394 22.0553
-0.026 75.3382 24.2793
-0.025 78.7311 17.4123
-0.024 84.0682 4.01933
-0.023 89.1842 -11.073
-0.022 92.068 -22.6218
-0.021 91.7384 -26.9637
-0.02 88.5326 -23.3354
-0.019 83.9969 -14.0046
-0.018 80.2871 -3.27361
-0.017 79.2836 4.41268
-0.016 81.7791 6.27722
-0.015 87.0755 2.03738
-0.014 93.2506 -6.07203
-0.013 98.0525 -14.2823
-0.012 99.6338 -19.009
-0.011 97.4279 -18.2243
-0.01 92.3599 -12.1936
-0.009 86.4922 -3.28635
-0.008 82.3529 5.05252
-0.007 81.6334 9.77057
-0.006 84.7565 9.54078
-0.005 90.6528 5.12736
-0.004 97.0737 -1.10286
-0.003 101.655 -6.23239
-0.002 102.853 -8.00754
-0.001 100.582 -5.88437
0 96.1217 -1.26185
0.001 91.6867 3.36267
0.002 89.4765 5.46457
0.003 90.7466 3.68019
0.004 95.3892 -1.44751
0.005 101.833 -7.70396
0.006 107.656 -12.1422
0.007 110.705 -12.4228
0.008 109.915 -7.74263
0.009 105.671 0.578577
0.01 99.7433 9.49049
0.011 94.5326 15.5506
0.012 92.1974 16.3103
0.013 93.6712 11.5027
0.014 98.375 3.24035
0.015 104.498 -4.91558
0.016 109.74 -9.21359
0.017 112.214 -7.39524
0.018 111.198 0.287293
0.019 107.457 11.0381
0.02 102.887 20.3656
0.021 99.6477 24.0237
0.022 99.2822 19.6752
0.023 102.178 8.1208
0.024 107.228 -6.938
0.025 112.44 -20.3404
0.026 115.7 -27.2171
0.027 115.474 -25.0003
0.028 111.481 -14.4666
0.029 104.728 0.391146
0.03 97.136 13.7742
0.031 90.7987 20.2826
0.032 87.1663 17.1071
0.033 86.6955 5.14525
0.034 88.7854 -11.3306
0.035 92.029 -26.2062
0.036 94.8712 -33.9373
0.037 96.2577 -31.6472
0.038 96.0622 -20.2243
0.039 94.9367 -4.14857
0.04 93.9098 10.2217
0.041 94.145 17.0787
0.042 96.4729 13.4083
0.043 101.047 0.236063
0.044 107.264 -17.773
0.045 113.905 -34.008
0.046 119.491 -42.3291
0.047 122.941 -39.34
0.048 123.724 -25.6677
0.049 121.793 -5.75365
0.05 117.8 13.8933
0.051 112.849 27.1
0.052 107.997 30.223
0.053 104.141 23.5267
0.054 101.663 10.929
0.055 100.42 -1.67691
0.056 99.8632 -8.57905
0.057 99.3001 -6.5095
0.058 98.2034 4.23345
0.059 96.3302 19.9587
0.06 93.9164 34.9065
0.061 91.8552 43.6031
0.062 91.1898 42.7507
0.063 92.7094 32.3839
0.064 96.8057 15.7718
0.065 103.169 -1.83917
0.066 110.774 -15.1149
0.067 118.284 -20.6349
0.068 124.233 -17.9056
0.069 127.473 -9.43705
0.07 127.578 0.436453
0.071 124.861 7.36944
0.072 120.22 8.43342
0.073 114.801 3.10605
0.074 109.75 -6.62367
0.075 105.872 -17.1567
0.076 103.348 -24.7327
0.077 101.752 -26.8082
0.078 100.187 -22.8853
0.079 97.9126 -14.5793
0.08 94.6403 -4.84078
0.081 90.6279 3.17287
0.082 86.7709 7.19998
0.083 84.2541 6.59305
0.084 84.2475 2.33105
0.085 87.4022 -3.51361
0.086 93.4584 -8.66493
0.087 101.197 -11.3262
0.088 108.674 -10.9702
0.089 114.015 -8.18632
0.09 116.004 -4.20468
0.091 114.376 -0.432317
0.092 110.016 2.14822
0.093 104.676 3.11542
0.094 100.337 2.70758
0.095 98.2651 1.59407
0.096 98.8045 0.419075
0.097 101.307 -0.375498
0.098 104.037 -0.643946
0.099 105.449 -0.382491
0.1 104.738 0.387621
0.101 102.042 1.72038
0.102 98.5072 3.6496
0.103 95.945 6.18939
0.104 95.9267 9.09885
0.105 98.9573 11.8279
0.106 104.499 13.7491
0.107 110.922 14.1956
0.108 116.063 12.902
0.109 118.135 10.2829
0.11 116.49 7.31903
0.111 111.789 5.21979
0.112 105.698 5.01725
0.113 100.239 7.1524
0.114 96.989 11.2147
0.115 96.5343 15.9888
0.116 98.1439 19.8259
0.117 100.347 21.2565
0.118 101.678 19.6112
0.119 100.989 15.29
0.12 98.2079 9.58719
0.121 94.3479 4.27241
0.122 90.9854 0.978338
0.123 89.6285 0.479754
0.124 91.0039 2.50614
0.125 94.7981 5.78175
0.126 99.614 8.52298
0.127 103.662 9.2269
0.128 105.347 7.15772
0.129 103.969 2.63055
0.13 99.7426 -3.03089
0.131 93.7939 -8.14607
0.132 87.8931 -11.1961
0.133 83.4694 -11.4143
0.134 81.3095 -9.04935
0.135 81.3138 -5.13394
0.136 82.6548 -1.12844
0.137 84.2349 1.66009
0.138 84.9543 2.40525
0.139 84.3551 1.07
0.14 82.9245 -1.59102
0.141 81.7111 -4.6024
0.142 82.0346 -7.07815
0.143 85.041 -8.44963
0.144 90.9868 -8.5644
0.145 99.0812 -7.6651
0.146 107.881 -6.15466
0.147 115.529 -4.32086
0.148 120.337 -2.39914
0.149 121.359 -0.479955
0.15 118.55 1.46107
0.151 112.945 3.38988
0.152 106.211 5.15687
0.153 100.006 6.58446
0.154 95.4097 7.74411
0.155 92.6494 9.02218
0.156 91.2033 10.9346
0.157 90.0131 13.9889
0.158 88.0516 18.4154
0.159 84.7594 23.8509
0.16 80.4208 29.1869
0.161 76.1786 32.9774
0.162 73.6259 33.8691
0.163 74.2565 31.0517
0.164 78.8661 24.8061
0.165 87.114 16.453
0.166 97.6081 8.09099
0.167 108.268 1.91866
0.168 117.053 -0.673245
0.169 122.221 0.291682
0.17 123.027 3.41355
0.171 120.216 6.32859
0.172 115.271 6.66871
0.173 110.003 3.05141
0.174 106.007 -4.32806
0.175 104 -13.4536
0.176 103.791 -21.1788
0.177 104.241 -24.4488
0.178 103.74 -21.4423
0.179 101.065 -12.4575
0.18 95.6806 0.0705057
0.181 88.0869 12.3368
0.182 79.8472 20.5555
0.183 73.0571 22.4148
0.184 69.7008 17.8285
0.185 70.826 9.07303
0.186 76.1406 0.0515649
0.187 84.0852 -5.41888
0.188 92.223 -4.99566
0.189 98.0623 1.23889
0.19 99.8866 10.6202
0.191 97.4786 19.0154
0.192 92.1877 22.4303
0.193 86.3834 18.6155
0.194 82.6149 7.98712
0.195 82.6904 -6.3827
0.196 86.9731 -19.9076
0.197 94.0739 -28.1775
0.198 101.458 -28.6259
0.199 106.377 -21.5078
0.2 106.763 -9.82663
0.201 102.183 1.8778
0.202 94.1639 9.30826
0.203 85.7328 10.0698
0.204 80.1372 4.59316
0.205 79.5566 -4.15811
0.206 84.3143 -11.8165
0.207 92.6985 -14.5157
0.208 101.497 -10.3807
0.209 107.13 -0.30705
0.21 107.179 12.4207
0.211 101.354 23.3801
0.212 91.6024 28.7382
0.213 81.4535 26.8514
0.214 74.7116 18.7943
0.215 73.973 7.86743
0.216 79.7351 -1.68623
0.217 90.056 -6.41966
0.218 101.259 -5.02989
0.219 109.378 1.23723
0.22 111.741 9.16119
0.221 108.021 14.9972
0.222 100.304 16.0002
0.223 92.3294 11.4702
0.224 87.9424 3.14158
0.225 89.4434 -5.75934
0.226 96.4845 -11.8393
0.227 106.538 -12.8019
0.228 115.483 -8.50914
0.229 119.157 -0.967151
0.23 115.28 6.53597
0.231 104.353 10.915
0.232 89.5485 10.5239
0.233 75.5829 5.79374
0.234 66.8788 -1.03284
0.235 65.9286 -6.99498
0.236 72.2666 -9.55011
0.237 82.7222 -7.78239
0.238 92.775 -2.79644
0.239 98.2898 2.89691
0.24 97.2874 6.41457
0.241 90.6941 5.75738
0.242 81.8792 0.735482
0.243 75.2877 -6.9632
0.244 74.5522 -14.4814
0.245 80.9466 -19.0034
0.246 92.6774 -18.8945
0.247 105.61 -14.4194
0.248 114.832 -7.67051
0.249 116.412 -1.58376
0.25 109.12 1.31449
0.251 95.095 0.0309665
0.252 78.8492 -4.4933
0.253 65.5679 -9.78222
0.254 59.0719 -12.857
0.255 60.3134 -11.5378
0.256 67.2652 -5.44949
0.257 75.6404 3.64416
0.258 80.7274 12.6216
0.259 79.4132 18.235
0.26 71.565 18.4086
0.261 60.1055 13.1787
0.262 49.7932 4.60906
0.263 45.4626 -3.98789
0.264 49.8873 -9.37684
0.265 62.5248 -9.78872
0.266 79.8621 -5.64815
0.267 96.4943 0.640015
0.268 107.255 5.67133
0.269 109.428 6.5635
0.27 103.524 2.19209
0.271 93.0232 -6.28779
0.272 83.0524 -15.8755
0.273 78.2004 -22.9305
0.274 80.6664 -24.5807
0.275 89.3823 -19.9146
0.276 100.414 -10.433
0.277 108.588 0.53286
0.278 109.681 9.25365
0.279 102.161 13.0541
0.28 88.0527 11.3522
0.281 72.107 5.86328
0.282 59.8868 -0.193697
0.283 55.5921 -3.42711
0.284 60.3452 -1.73877
0.285 71.9498 4.75291
0.286 85.5125 13.8243
0.287 95.4561 21.9626
0.288 97.8431 25.8089
0.289 91.8894 23.5524
0.29 80.3869 15.6553
0.291 68.3611 4.69544
0.292 61.0228 -5.71516
0.293 61.6493 -12.3517
0.294 70.2268 -13.7137
0.295 83.4666 -10.5175
0.296 96.0927 -5.26302
0.297 102.932 -1.1685
0.298 101.138 -0.80281
0.299 91.1919 -4.97717
0.3 76.836 -12.407
0.301 63.5207 -20.2898
0.302 56.0333 -25.4571
0.303 56.6969 -25.6788
0.304 64.4596 -20.6128
0.305 75.3645 -11.9465
0.306 84.1464 -2.67168
0.307 86.4355 4.15489
0.308 80.5761 6.57339
0.309 68.1728 4.49182
0.31 53.5672 -0.349667
0.311 42.0446 -5.24834
0.312 37.7758 -7.64611
0.313 42.0887 -6.18958
0.314 52.9836 -1.34085
0.315 66.033 4.85431
0.316 76.2486 9.69067
0.317 80.0244 11.0039
0.318 76.3395 8.02757
0.319 67.3593 1.67132
0.32 57.4093 -5.75774
0.321 51.0259 -11.5764
0.322 51.1748 -13.8251
0.323 58.213 -12.0516
0.324 69.6098 -7.39087
0.325 80.9178 -2.05432
0.326 87.8628 1.63543
0.327 87.9159 2.21303
0.328 81.0918 -0.264851
0.329 70.1405 -4.32635
0.33 59.3831 -7.75667
0.331 52.903 -8.58112
0.332 53.0292 -5.90137
0.333 59.4439 -0.279607
0.334 69.4492 6.43822
0.335 79.1414 11.9573
0.336 84.8036 14.4096
0.337 84.5272 13.1233
0.338 78.8595 8.93618
0.339 70.5023 3.69581
0.34 63.2264 -0.494641
0.341 60.1675 -2.20513
0.342 62.679 -1.29352
0.343 69.8349 1.14832
0.344 78.9046 3.31373
0.345 86.4734 3.46371
0.346 89.7736 0.743315
0.347 87.6984 -4.43499
0.348 81.1759 -10.4877
0.349 72.7686 -15.3218
0.35 65.5491 -17.2155
0.351 61.8348 -15.5137
0.352 62.3186 -10.9064
0.353 65.9944 -5.14201
0.354 70.5489 -0.254948
0.355 73.3861 2.21715
0.356 72.7783 1.86481
0.357 68.4508 -0.496027
0.358 61.5612 -3.19322
0.359 54.1656 -4.48853
0.36 48.5208 -3.40995
0.361 46.1347 -0.154363
0.362 47.2208 3.96441
0.363 50.774 7.0493
0.364 55.1646 7.42934
0.365 58.7836 4.44339
0.366 60.6593 -1.34988
0.367 60.7349 -8.29583
0.368 59.8082 -14.2731
0.369 59.1433 -17.654
0.37 59.6541 -17.7169
0.371 61.7469 -15.0156
0.372 65.169 -11.1386
0.373 69.0237 -7.89096
0.374 72.2751 -6.55172
0.375 74.1982 -7.37244
0.376 74.4607 -9.47421
0.377 73.1799 -11.2662
0.378 70.8217 -11.1671
0.379 67.8697 -8.22402
0.38 64.7217 -2.65954
0.381 61.5308 4.27172
0.382 58.3025 10.7408
0.383 55.0822 14.9924
0.384 52.1146 16.1163
0.385 49.7997 14.271
0.386 48.4712 10.5794
0.387 48.3569 6.62019
0.388 49.4349 3.83375
0.389 51.3619 2.90511
0.39 53.6336 3.51126
0.391 55.8576 4.64432
0.392 57.837 5.05
0.393 59.742 3.75914
0.394 62.1164 0.556387
0.395 65.3514 -3.94265
0.396 69.4187 -8.57244
0.397 73.8124 -12.0339
0.398 77.6486 -13.4386
0.399 79.8449 -12.6574
0.4 79.5097 -10.2515
0.401 76.4348 -7.18542
0.402 71.2146 -4.4409
0.403 65.118 -2.67296
0.404 59.684 -1.95291
0.405 56.1257 -1.85187
0.406 54.8291 -1.76736
0.407 55.3223 -1.27378
0.408 56.5086 -0.228452
0.409 57.0332 1.13073
0.41 55.9897 2.27191
0.411 53.4139 2.72793
0.412 50.2638 2.30171
0.413 48.0768 1.18402
0.414 48.249 -0.182755
0.415 51.3898 -1.38049
0.416 56.9863 -2.14183
0.417 63.4621 -2.51695
0.418 68.7774 -2.85435
0.419 71.0906 -3.51328
0.42 69.622 -4.66661
0.421 64.9238 -6.12519
0.422 58.6539 -7.34398
0.423 53.0497 -7.67163
0.424 49.8918 -6.6426
0.425 49.8086 -4.24394
0.426 52.1757 -1.00802
0.427 55.2811 2.09559
0.428 57.0376 4.05407
0.429 55.9308 4.26856
0.43 51.789 2.82429
0.431 45.9624 0.495491
0.432 40.7559 -1.49961
0.433 38.5256 -2.02195
0.434 40.7542 -0.559929
0.435 47.2536 2.59219
0.436 56.1145 6.30123
0.437 64.3884 9.05218
0.438 69.3759 9.59136
0.439 69.536 7.40956
0.44 65.0217 3.05578
0.441 57.8437 -1.98953
0.442 50.9777 -5.92688
0.443 47.1333 -7.31375
0.444 47.6536 -5.6712
0.445 51.9999 -1.72124
0.446 57.9017 2.89218
0.447 62.3063 6.21303
0.448 62.7503 6.78347
0.449 58.2889 4.27874
0.45 50.0285 -0.365537
0.451 40.8687 -5.29371
0.452 34.3341 -8.43338
0.453 33.1855 -8.31686
0.454 38.2148 -4.75767
0.455 47.8471 1.07596
0.456 58.7313 7.12187
0.457 66.8822 11.2013
0.458 69.3929 11.8803
0.459 65.4939 9.03844
0.46 56.8017 3.91587
0.461 46.8442 -1.41518
0.462 39.4903 -4.85492
0.463 37.5244 -5.1517
0.464 41.5441 -2.39006
0.465 49.7021 2.07827
0.466 58.3784 6.15206
0.467 63.7057 7.88245
0.468 63.2386 6.2855
0.469 56.9437 1.68753
0.47 47.2131 -4.35108
0.471 37.9769 -9.65241
0.472 33.138 -12.3353
0.473 34.9718 -11.538
0.474 43.2989 -7.72808
0.475 55.3415 -2.47104
0.476 66.8448 2.19556
0.477 73.6707 4.66985
0.478 73.4503 4.3569
0.479 66.4103 1.86855
0.48 55.2421 -1.20451
0.481 44.1069 -3.06281
0.482 36.8469 -2.44842
0.483 35.5602 0.798545
0.484 39.8477 5.65541
0.485 47.0266 10.4376
0.486 53.2953 13.4081
0.487 55.3339 13.5013
0.488 51.6316 10.7858
0.489 43.1159 6.36758
0.49 32.8168 1.93797
0.491 24.6349 -0.990776
0.492 21.8395 -1.6892
0.493 25.732 -0.469339
0.494 35.1065 1.44237
0.495 46.8781 2.50442
0.496 57.1784 1.61171
0.497 62.7857 -1.45338
0.498 62.4798 -5.8956
0.499 57.355 -10.1418
0.5 50.1419 -12.5337
0.501 44.2086 -12.0828
0.502 42.1232 -8.83556
0.503 44.5879 -3.88241
0.504 50.2759 1.07017
0.505 56.3991 4.36043
0.506 59.9934 5.11007
0.507 59.0535 3.5791
0.508 53.4266 0.982476
0.509 44.912 -1.01737
0.51 36.3782 -1.02575
0.511 30.769 1.4052
0.512 29.8812 5.57859
0.513 33.6169 9.93306
0.514 40.1899 12.6278
0.515 46.8288 12.3247
0.516 50.9634 8.77705
0.517 51.2406 2.98705
0.518 48.0374 -3.13469
0.519 43.1236 -7.5442
0.52 38.8975 -8.82361
0.521 37.4121 -6.75375
0.522 39.3563 -2.44185
0.523 43.8634 2.20403
0.524 48.8969 5.24311
0.525 52.1143 5.42281
0.526 51.9134 2.7252
0.527 48.1099 -1.62346
0.528 42.0065 -5.68477
0.529 35.8662 -7.59912
0.53 31.9775 -6.34952
0.531 31.6902 -2.16159
0.532 34.9708 3.49691
0.533 40.3515 8.51408
0.534 45.5214 10.9919
0.535 48.3648 9.94507
0.536 47.8476 5.6861
0.537 44.3886 -0.283637
0.538 39.7156 -5.90282
0.539 36.0375 -9.301
0.54 35.0799 -9.49913
0.541 37.4355 -6.78963
0.542 42.2427 -2.55471
0.543 47.5553 1.33495
0.544 51.0869 3.25235
0.545 51.1874 2.45278
0.546 47.5777 -0.666274
0.547 41.4395 -4.71741
0.548 34.924 -7.92054
0.549 30.3274 -8.85291
0.55 29.2315 -6.95002
0.551 31.8157 -2.7114
0.552 36.8288 2.47964
0.553 42.1517 6.93915
0.554 45.6256 9.31075
0.555 45.9548 9.06028
0.556 43.1721 6.62068
0.557 38.6264 3.11684
0.558 34.3877 -0.0744982
0.559 32.4022 -1.85983
0.56 33.7446 -1.82095
0.561 38.1276 -0.337199
0.562 44.0597 1.62566
0.563 49.4384 2.99774
0.564 52.3765 3.02789
0.565 51.9107 1.55703
0.566 48.3237 -0.94539
0.567 43.0159 -3.62762
0.568 37.9395 -5.60288
0.569 34.8204 -6.27293
0.57 34.4616 -5.53219
0.571 36.5762 -3.76773
0.572 39.9641 -1.65142
0.573 42.935 0.167297
0.574 44.099 1.27286
0.575 42.8582 1.6388
0.576 39.5415 1.56475
0.577 35.2555 1.43322
0.578 31.4566 1.53727
0.579 29.2467 1.97209
0.58 29.1144 2.59488
0.581 30.8097 3.09793
0.582 33.367 3.19166
0.583 35.6112 2.78353
0.584 36.6154 2.0114
0.585 36.021 1.1511
0.586 34.0708 0.466158
0.587 31.4685 0.0987025
0.588 29.0744 -0.00612469
0.589 27.5416 -0.105408
0.59 27.1132 -0.505354
0.591 27.6432 -1.39188
0.592 28.7269 -2.738
0.593 29.9048 -4.27065
0.594 30.8582 -5.53121
0.595 31.4803 -6.08114
0.596 31.8183 -5.75238
0.597 32.0229 -4.67753
0.598 32.274 -3.27026
0.599 32.6137 -2.08225
0.6 33.0566 -1.56199
0.601 33.5767 -1.88474
0.602 34.1852 -2.83803
0.603 34.9736 -3.89939
0.604 36.0598 -4.44932
0.605 37.475 -4.03574
0.606 39.0318 -2.54165
0.607 40.3884 -0.262461
0.608 41.115 2.18682
0.609 40.8446 4.09136
0.61 39.4406 4.92427
0.611 37.0984 4.56919
0.612 34.4008 3.30979
0.613 32.0511 1.74817
0.614 30.6311 0.562163
0.615 30.3933 0.225058
0.616 31.1283 0.823181
0.617 32.2289 2.04148
0.618 32.9222 3.30881
0.619 32.5978 4.02858
0.62 31.0719 3.81238
0.621 28.7186 2.61648
0.622 26.3458 0.787628
0.623 24.8572 -1.11084
0.624 24.9334 -2.5177
0.625 26.7766 -3.05099
0.626 29.8971 -2.66866
0.627 33.2815 -1.66467
0.628 35.8177 -0.523502
0.629 36.6862 0.285823
0.63 35.6419 0.474802
0.631 33.0897 0.0145661
0.632 29.9335 -0.867116
0.633 27.2592 -1.79178
0.634 25.8708 -2.42426
0.635 25.9705 -2.57717
0.636 27.1222 -2.2744
0.637 28.4367 -1.74032
0.638 28.9804 -1.24126
0.639 28.1563 -0.977931
0.64 25.9543 -1.02
0.641 22.9318 -1.27557
0.642 20.0114 -1.59224
0.643 18.1355 -1.81757
0.644 17.8395 -1.86407
0.645 19.0923 -1.75498
0.646 21.3473 -1.58997
0.647 23.741 -1.49429
0.648 25.4499 -1.50354
0.649 26.0053 -1.56093
0.65 25.4598 -1.53372
0.651 24.3489 -1.28573
0.652 23.3977 -0.771871
0.653 23.1712 -0.050111
0.654 23.8924 0.677467
0.655 25.3363 1.15574
0.656 26.9714 1.19654
0.657 28.2025 0.766019
0.658 28.6116 0.0200323
0.659 28.1923 -0.74638
0.66 27.2946 -1.18684
0.661 26.4574 -1.08566
0.662 26.1749 -0.449516
0.663 26.6288 0.504195
0.664 27.6129 1.38911
0.665 28.6529 1.80071
0.666 29.2264 1.51324
0.667 28.962 0.576222
0.668 27.8701 -0.691996
0.669 26.326 -1.81154
0.67 24.8889 -2.32536
0.671 24.0748 -1.98083
0.672 24.1036 -0.821014
0.673 24.7586 0.794659
0.674 25.5237 2.32125
0.675 25.7896 3.25599
0.676 25.0728 3.30687
0.677 23.3226 2.50708
0.678 20.961 1.21556
0.679 18.7272 -0.0542902
0.68 17.3837 -0.819287
0.681 17.3799 -0.808115
0.682 18.6584 -0.0898162
0.683 20.6565 0.97749
0.684 22.5117 1.86384
0.685 23.398 2.0887
0.686 22.8645 1.43011
0.687 21.0466 -0.0217603
0.688 18.5787 -1.8894
0.689 16.347 -3.62785
0.69 15.1784 -4.75263
0.691 15.4876 -5.00007
0.692 17.0746 -4.41394
0.693 19.1889 -3.31744
0.694 20.9054 -2.17361
0.695 21.4454 -1.40258
0.696 20.5036 -1.22601
0.697 18.4038 -1.58666
0.698 15.9567 -2.19613
0.699 14.1598 -2.68183
0.7 13.7865 -2.71797
0.701 15.1307 -2.14893
0.702 17.8045 -1.06404
0.703 20.9265 0.250685
0.704 23.5047 1.45489
0.705 24.7575 2.26434
0.706 24.4171 2.54416
0.707 22.8212 2.35703
0.708 20.7316 1.89729
0.709 19.03 1.40958
0.71 18.3256 1.09592
0.711 18.7491 1.03253
0.712 19.9346 1.16765
0.713 21.1777 1.36369
0.714 21.7216 1.46537
0.715 21.1099 1.38466
0.716 19.386 1.13224
0.717 17.0144 0.786946
0.718 14.7175 0.465979
0.719 13.1823 0.260958
0.72 12.8084 0.187919
0.721 13.5571 0.20193
0.722 15.0013 0.219079
0.723 16.5196 0.175765
0.724 17.5712 0.0604505
0.725 17.9008 -0.0831476
0.726 17.5823 -0.166051
0.727 16.9705 -0.116339
0.728 16.5131 0.0772179
0.729 16.4863 0.33788
0.73 16.9296 0.526292
0.731 17.6023 0.512951
0.732 18.0929 0.21749
0.733 18.0519 -0.345043
0.734 17.3361 -1.03205
0.735 16.0721 -1.63116
0.736 14.5952 -1.95374
0.737 13.3317 -1.8995
0.738 12.5974 -1.49855
0.739 12.4645 -0.909195
0.74 12.7161 -0.365512
0.741 12.9827 -0.0725686
0.742 12.9413 -0.125714
0.743 12.4279 -0.481501
0.744 11.561 -0.959795
0.745 10.7028 -1.30537
0.746 10.2645 -1.31149
0.747 10.5374 -0.912664
0.748 11.5485 -0.188951
0.749 13.015 0.636984
0.75 14.4436 1.28186
0.751 15.328 1.52044
0.752 15.3631 1.2629
0.753 14.5682 0.599987
0.754 13.3085 -0.228453
0.755 12.1619 -0.93322
0.756 11.652 -1.2908
0.757 12.0566 -1.2107
0.758 13.2925 -0.766726
0.759 14.9095 -0.163203
0.76 16.2752 0.353713
0.761 16.8736 0.590183
0.762 16.4718 0.486173
0.763 15.1985 0.119521
0.764 13.5434 -0.308521
0.765 12.1347 -0.566665
0.766 11.4778 -0.498605
0.767 11.7794 -0.0785613
0.768 12.8263 0.584116
0.769 14.0849 1.29792
0.77 14.9309 1.85359
0.771 14.8705 2.10779
0.772 13.7714 2.03119
0.773 11.9125 1.70472
0.774 9.85247 1.28387
0.775 8.22217 0.917123
0.776 7.49134 0.701791
0.777 7.80449 0.644841
0.778 8.91624 0.668673
0.779 10.2971 0.659449
0.78 11.3704 0.515341
0.781 11.7111 0.200026
0.782 11.2183 -0.241895
0.783 10.1346 -0.710344
0.784 8.9089 -1.08975
0.785 8.01922 -1.30801
0.786 7.78438 -1.35461
0.787 8.22965 -1.27708
0.788 9.09186 -1.16202
0.789 9.93884 -1.08431
0.79 10.3583 -1.07495
0.791 10.1369 -1.10308
0.792 9.29661 -1.09313
0.793 8.108 -0.971357
0.794 6.98027 -0.703594
0.795 6.26688 -0.321396
0.796 6.15512 0.0834473
0.797 6.59777 0.397471
0.798 7.36269 0.530818
0.799 8.15416 0.456056
0.8 8.72609 0.227468
0.801 8.96814 -0.0398555
0.802 8.95408 -0.225296
0.803 8.87936 -0.232959
0.804 8.94078 -0.0464987
0.805 9.2492 0.263704
0.806 9.77962 0.569235
0.807 10.3656 0.733196
0.808 10.7949 0.675479
0.809 10.8929 0.403292
0.81 10.5823 0.0243529
0.811 9.95097 -0.301982
0.812 9.18872 -0.43034
0.813 8.5009 -0.284175
0.814 8.03256 0.112111
0.815 7.79976 0.635771
0.816 7.69772 1.10989
0.817 7.5606 1.36864
0.818 7.24972 1.32286
0.819 6.72381 0.994813
0.82 6.07509 0.50991
0.821 5.50752 0.0461595
0.822 5.23647 -0.240152
0.823 5.38939 -0.267139
0.824 5.95579 -0.0602661
0.825 6.77271 0.260811
0.826 7.58033 0.530686
0.827 8.12233 0.601754
0.828 8.23593 0.408917
0.829 7.91993 -0.00710566
0.83 7.33004 -0.517697
0.831 6.70887 -0.953524
0.832 6.28783 -1.17286
0.833 6.18717 -1.11028
0.834 6.37699 -0.800067
0.835 6.68499 -0.365078
0.836 6.86177 0.0393095
0.837 6.70501 0.284252
0.838 6.14101 0.306097
0.839 5.24766 0.132481
0.84 4.2473 -0.133348
0.841 3.41548 -0.360408
0.842 2.97725 -0.440971
0.843 3.02599 -0.333804
0.844 3.48921 -0.0707525
0.845 4.15738 0.249919
0.846 4.77096 0.508946
0.847 5.12037 0.609966
0.848 5.11512 0.520235
0.849 4.81643 0.280271
0.85 4.3981 -0.023578
0.851 4.06703 -0.284492
0.852 3.98393 -0.422994
0.853 4.20284 -0.412517
0.854 4.6557 -0.281458
0.855 5.18298 -0.0996463
0.856 5.59314 0.0504258
0.857 5.74184 0.111717
0.858 5.58832 0.0705614
0.859 5.19927 -0.0442081
0.86 4.71721 -0.171837
0.861 4.3012 -0.248766
0.862 4.06715 -0.234731
0.863 4.05307 -0.12787
0.864 4.213 0.0385441
0.865 4.44629 0.208324
0.866 4.63718 0.32694
0.867 4.70104 0.366864
0.868 4.61086 0.332029
0.869 4.39546 0.255004
0.87 4.12734 0.18006
0.871 3.88427 0.146723
0.872 3.71842 0.170978
0.873 3.64076 0.23978
0.874 3.62641 0.320867
0.875 3.63438 0.372957
0.876 3.62637 0.368096
0.877 3.5794 0.301076
0.878 3.49051 0.190036
0.879 3.37356 0.0688901
0.88 3.24387 -0.0283582
0.881 3.11361 -0.0798281
0.882 2.98341 -0.0819604
0.883 2.8516 -0.0573132
0.884 2.72072 -0.0393873
0.885 2.59955 -0.0541878
0.886 2.50522 -0.113414
0.887 2.45702 -0.208567
0.888 2.46473 -0.312433
0.889 2.51991 -0.390937
0.89 2.59419 -0.415705
0.891 2.64511 -0.373679
0.892 2.63533 -0.275554
0.893 2.55111 -0.148378
0.894 2.40607 -0.0252313
0.895 2.23961 0.0624897
0.896 2.10891 0.0994828
0.897 2.05835 0.0915944
0.898 2.1031 0.0598434
0.899 2.22391 0.0307787
0.9 2.36906 0.0265163
0.901 2.47262 0.0561561
0.902 2.48205 0.113334
0.903 2.38046 0.176155
0.904 2.19312 0.21761
0.905 1.97702 0.216925
0.906 1.79964 0.167564
0.907 1.71377 0.0796615
0.908 1.73721 -0.0245675
0.909 1.84461 -0.116617
0.91 1.97695 -0.171344
0.911 2.06807 -0.175485
0.912 2.0681 -0.132679
0.913 1.96157 -0.059007
0.914 1.77471 0.0217697
0.915 1.5621 0.086249
0.916 1.38631 0.119234
0.917 1.29293 0.1197
0.918 1.29243 0.0983437
0.919 1.3593 0.0708312
0.92 1.44638 0.0536413
0.921 1.50224 0.0573846
0.922 1.49072 0.0821721
0.923 1.40711 0.117125
0.924 1.27605 0.146133
0.925 1.1409 0.153526
0.926 1.0458 0.129381
0.927 1.0185 0.074063
0.928 1.05968 -0.00199924
0.929 1.14412 -0.0821419
0.93 1.2336 -0.14903
0.931 1.29127 -0.189141
0.932 1.29619 -0.197223
0.933 1.24764 -0.17737
0.934 1.16338 -0.139837
0.935 1.07073 -0.097769
0.936 0.99362 -0.0624137
0.937 0.944069 -0.0394108
0.938 0.918503 -0.0272388
0.939 0.901597 -0.0201154
0.94 0.874286 -0.0105669
0.941 0.824221 0.00806086
0.942 0.7498 0.0376257
0.943 0.661585 0.0744606
0.944 0.576896 0.111226
0.945 0.512065 0.138452
0.946 0.476226 0.148685
0.947 0.467925 0.139422
0.948 0.477917 0.11275
0.949 0.492306 0.0751689
0.95 0.499596 0.0347974
0.951 0.496179 -0.00106173
0.952 0.485229 -0.0276153
0.953 0.474398 -0.0439943
0.954 0.471272 -0.0523723
0.955 0.478855 -0.0563051
0.956 0.494121 -0.0590661
0.957 0.508527 -0.0622759
0.958 0.512077 -0.0656034
0.959 0.497 -0.0670269
0.96 0.461648 -0.0641278
0.961 0.412364 -0.0556143
0.962 0.35944 -0.0414873
0.963 0.313149 -0.0235102
0.964 0.28016 -0.00470765
0.965 0.261507 0.0118962
0.966 0.252449 0.0240585
0.967 0.245366 0.0309748
0.968 0.233286 0.0333014
0.969 0.212633 0.0324003
0.97 0.185021 0.0298732
0.971 0.155718 0.026819
0.972 0.131614 0.023552
0.973 0.117762 0.0198812
0.974 0.115186 0.0154567
0.975 0.120967 0.0101209
0.976 0.129514 0.00413499
0.977 0.134736 -0.00168299
0.978 0.132271 -0.00643712
0.979 0.121299 -0.00939683
0.98 0.104297 -0.010298
0.981 0.0852797 -0.00954039
0.982 0.0684326 -0.00777202
0.983 0.0563037 -0.00575481
0.984 0.049249 -0.00413609
0.985 0.045783 -0.00316421
0.986 0.0434309 -0.00269264
0.987 0.040148 -0.00237165
0.988 0.035023 -0.0019028
0.989 0.028386 -0.0011913
0.99 0.0214141 -0.000314619
0.991 0.0153521 0.00050142
0.992 0.010931 0.00103382
0.993 0.00816717 0.00118511
0.994 0.00651078 0.00100109
0.995 0.00525693 0.000645606
0.996 0.00394478 0.000302236
0.997 0.00250975 8.45884e-05
0.998 0.00119162 2.18824e-06
0.999 0.000299194 -4.95821e-06
0.12 187.035 -2.60534
0.24 186.511 -2.59958
0.36 185.64 -2.58999
0.48 184.426 -2.57662
0.6 182.875 -2.55952
0.72 180.993 -2.53874
0.84 178.789 -2.51438
0.96 176.273 -2.48651
1.08 173.456 -2.45524
1.2 170.35 -2.42068
1.32 166.969 -2.38296
1.44 163.329 -2.34223
1.56 159.444 -2.29861
1.68 155.331 -2.25228
1.8 151.008 -2.20339
1.92 146.493 -2.15213
2.04 141.805 -2.09866
2.16 136.964 -2.04318
2.28 131.989 -1.98587
2.4 126.9 -1.92693
2.52 121.718 -1.86655
2.64 116.462 -1.80494
2.76 111.154 -1.7423
2.88 105.812 -1.67883
3 100.456 -1.61473
3.12 95.1069 -1.5502
3.24 89.782 -1.48542
3.36 84.4999 -1.42061
3.48 79.2782 -1.35594
3.6 74.1336 -1.2916
3.72 69.0821 -1.22777
3.84 64.1385 -1.16461
3.96 59.317 -1.10229
4.08 54.6304 -1.04097
4.2 50.0906 -0.980796
4.32 45.7085 -0.921901
4.44 41.4936 -0.864418
4.56 37.4543 -0.808464
4.68 33.5979 -0.75415
4.8 29.9304 -0.701572
4.92 26.4566 -0.650819
5.04 23.1801 -0.601967
5.16 20.1035 -0.555084
5.28 17.228 -0.510223
5.4 14.5539 -0.467429
5.52 12.0803 -0.426735
5.64 9.80536 -0.388165
5.76 7.72612 -0.35173
5.88 5.83883 -0.317434
6 4.13882 -0.285269
6.12 2.62064 -0.255218
6.24 1.2781 -0.227255
6.36 0.104341 -0.201347
6.48 -0.908066 -0.17745
6.6 -1.76707 -0.155514
6.72 -2.48107 -0.135484
6.84 -3.0588 -0.117294
6.96 -3.50931 -0.100877
7.08 -3.84183 -0.0861581
7.2 -4.06576 -0.0730578
7.32 -4.19055 -0.0614935
7.44 -4.22565 -0.051379
7.56 -4.18043 -0.0426253
7.68 -4.06414 -0.0351415
7.8 -3.88585 -0.0288352
7.92 -3.65435 -0.0236131
8.04 -3.37817 -0.0193817
8.16 -3.06548 -0.0160478
8.28 -2.72406 -0.0135192
8.4 -2.36128 -0.0117049
8.52 -1.98405 -0.010516
8.64 -1.5988 -0.00986586
8.76 -1.21147 -0.00967064
8.88 -0.827466 -0.0098497
9 -0.451691 -0.010326
9.12 -0.0884974 -0.0110263
9.24 0.258292 -0.0118816
9.36 0.585383 -0.0128274
9.48 0.890008 -0.0138037
9.6 1.16991 -0.0147554
9.72 1.42332 -0.0156323
9.84 1.64895 -0.0163893
9.96 1.84598 -0.0169862
10.08 2.01399 -0.0173883
10.2 2.15299 -0.0175657
10.32 2.26333 -0.0174936
10.44 2.34572 -0.0171523
10.56 2.40118 -0.0165267
10.68 2.43098 -0.0156068
10.8 2.43664 -0.0143868
10.92 2.4199 -0.0128655
11.04 2.38263 -0.0110456
11.16 2.32686 -0.00893399
11.28 2.25471 -0.00654092
11.4 2.16838 -0.00388017
11.52 2.07007 -0.00096858
11.64 1.96202 0.00217423
11.76 1.84644 0.00552616
11.88 1.72549 0.00906291
12 1.60124 0.0127583
12.12 1.47569 0.0165847
12.24 1.35071 0.0205131
12.36 1.22805 0.0245137
12.48 1.1093 0.028556
12.6 0.995922 0.032609
12.72 0.889181 0.0366421
12.84 0.790186 0.0406246
12.96 0.699865 0.0445263
13.08 0.618969 0.0483179
13.2 0.54807 0.051971
13.32 0.487564 0.0554585
13.44 0.437677 0.0587547
13.56 0.398471 0.0618353
13.68 0.369849 0.064678
13.8 0.351572 0.0672623
13.92 0.343261 0.0695698
14.04 0.344416 0.0715842
14.16 0.354426 0.0732914
14.28 0.372585 0.0746798
14.4 0.398101 0.0757398
14.52 0.430119 0.0764645
14.64 0.467728 0.0768492
14.76 0.509981 0.0768918
14.88 0.555906 0.0765922
15 0.604523 0.0759531
15.12 0.654856 0.074979
15.24 0.705946 0.0736769
15.36 0.756864 0.0720558
15.48 0.806721 0.0701268
15.6 0.854679 0.0679026
15.72 0.899959 0.0653981
15.84 0.94185 0.0626297
15.96 0.979717 0.0596151
16.08 1.013 0.0563735
16.2 1.04123 0.0529256
16.32 1.06402 0.0492927
16.44 1.08107 0.0454973
16.56 1.09217 0.0415626
16.68 1.09721 0.0375123
16.8 1.09613 0.0333705
16.92 1.08901 0.0291617
17.04 1.07595 0.0249103
17.16 1.05716 0.0206409
17.28 1.03292 0.0163777
17.4 1.00356 0.0121445
17.52 0.969459 0.00796479
17.64 0.93107 0.00386125
17.76 0.888868 -0.000144121
17.88 0.843366 -0.00403021
18 0.795104 -0.00777693
18.12 0.744639 -0.0113653
18.24 0.692536 -0.0147774
18.36 0.639364 -0.0179969
18.48 0.585684 -0.0210084
18.6 0.532047 -0.0237984
18.72 0.478982 -0.0263544
18.84 0.426993 -0.0286658
18.96 0.376555 -0.0307233
19.08 0.328103 -0.0325193
19.2 0.282034 -0.0340478
19.32 0.2387 -0.0353045
19.44 0.198406 -0.0362864
19.56 0.161407 -0.0369923
19.68 0.127909 -0.0374225
19.8 0.0980634 -0.0375789
19.92 0.0719728 -0.0374648
20.04 0.0496872 -0.0370849
20.16 0.0312072 -0.0364453
20.28 0.0164855 -0.0355536
20.4 0.00542927 -0.0344183
20.52 -0.00209654 -0.0330494
20.64 -0.00626626 -0.0314577
20.76 -0.0072894 -0.0296552
20.88 -0.00540663 -0.0276548
21 -0.000885342 -0.0254701
21.12 0.00598494 -0.0231155
21.24 0.0148973 -0.020606
21.36 0.0255321 -0.0179571
21.48 0.0375619 -0.0151847
21.6 0.0506562 -0.0123052
21.72 0.0644858 -0.00933488
21.84 0.0787275 -0.00629039
21.96 0.0930681 -0.00318829
22.08 0.107208 -4.5068e-05
22.2 0.120866 0.00312297
22.32 0.13378 0.00629981
22.44 0.145713 0.00946979
22.56 0.156453 0.0126177
22.68 0.165815 0.0157289
22.8 0.173645 0.0187893
22.92 0.179819 0.0217855
23.04 0.184242 0.0247049
23.16 0.186853 0.0275356
23.28 0.187619 0.0302668
23.4 0.18654 0.0328882
23.52 0.183642 0.0353908
23.64 0.178981 0.0377665
23.76 0.172637 0.040008
23.88 0.164714 0.0421094
24 0.155339 0.0440654
24.12 0.144655 0.0458721
24.24 0.132823 0.0475264
24.36 0.120016 0.0490264
24.48 0.106418 0.0503712
24.6 0.0922188 0.0515608
24.72 0.0776134 0.0525962
24.84 0.0627975 0.0534795
24.96 0.0479645 0.0542135
25.08 0.0333038 0.0548019
25.2 0.0189968 0.0552493
25.32 0.00521561 0.0555611
25.44 -0.00787993 0.0557431
25.56 -0.020144 0.0558022
25.68 -0.0314466 0.0557455
25.8 -0.041675 0.0555808
25.92 -0.0507351 0.0553163
26.04 -0.0585519 0.0549606
26.16 -0.0650707 0.0545226
26.28 -0.0702568 0.0540114
26.4 -0.0740958 0.0534363
26.52 -0.0765935 0.0528067
26.64 -0.0777748 0.052132
26.76 -0.0776832 0.0514215
26.88 -0.0763797 0.0506846
27 -0.0739415 0.0499302
27.12 -0.0704604 0.0491672
27.24 -0.0660411 0.0484041
27.36 -0.0607995 0.0476491
27.48 -0.0548609 0.0469099
27.6 -0.0483575 0.0461939
27.72 -0.0414267 0.0455078
27.84 -0.034209 0.044858
27.96 -0.0268457 0.04425
28.08 -0.019477 0.043689
28.2 -0.0122399 0.0431795
28.32 -0.00526644 0.0427252
28.44 0.00131835 0.0423292
28.56 0.00739794 0.0419942
28.68 0.0128658 0.0417218
28.8 0.0176269 0.0415133
28.92 0.0215985 0.0413691
29.04 0.0247116 0.041289
29.16 0.0269113 0.0412723
29.28 0.0281574 0.0413174
29.4 0.0284247 0.0414226
29.52 0.0277033 0.041585
29.64 0.0259981 0.0418018
29.76 0.0233287 0.0420694
29.88 0.019729 0.0423836
30 0.0152461 0.0427402
30.12 0.00993981 0.0431344
30.24 0.0038813 0.043561
30.36 -0.00284792 0.0440148
30.48 -0.0101574 0.0444902
30.6 -0.017949 0.0449814
30.72 -0.0261187 0.0454827
30.84 -0.0345577 0.0459881
30.96 -0.0431543 0.0464918
31.08 -0.0517955 0.0469879
31.2 -0.0603685 0.0474705
31.32 -0.068762 0.047934
31.44 -0.0768681 0.048373
31.56 -0.0845837 0.048782
31.68 -0.0918113 0.0491562
31.8 -0.0984609 0.0494908
31.92 -0.104451 0.0497812
32.04 -0.109708 0.0500235
32.16 -0.114171 0.050214
32.28 -0.117788 0.0503492
32.4 -0.120518 0.0504264
32.52 -0.122332 0.0504431
32.64 -0.123214 0.0503972
32.76 -0.123159 0.0502871
32.88 -0.122174 0.0501118
33 -0.120276 0.0498704
33.12 -0.117495 0.0495629
33.24 -0.11387 0.0491893
33.36 -0.10945 0.0487503
33.48 -0.104294 0.048247
33.6 -0.098468 0.0476806
33.72 -0.0920443 0.0470531
33.84 -0.0851021 0.0463665
33.96 -0.0777248 0.0456234
34.08 -0.0699995 0.0448264
34.2 -0.0620154 0.0439785
34.32 -0.0538631 0.0430831
34.44 -0.0456328 0.0421436
34.56 -0.0374134 0.0411637
34.68 -0.0292916 0.0401469
34.8 -0.0213503 0.0390974
34.92 -0.013668 0.0380189
35.04 -0.00631773 0.0369154
35.16 0.000633715 0.035791
35.28 0.00712663 0.0346495
35.4 0.013109 0.0334949
35.52 0.0185368 0.032331
35.64 0.0233747 0.0311614
35.76 0.0275961 0.0299898
35.88 0.0311834 0.0288195
36 0.0341278 0.0276537
36.12 0.0364295 0.0264954
36.24 0.0380972 0.0253475
36.36 0.039148 0.0242125
36.48 0.0396066 0.0230927
36.6 0.0395052 0.0219903
36.72 0.0388826 0.020907
36.84 0.0377836 0.0198445
36.96 0.0362581 0.018804
37.08 0.0343604 0.0177866
37.2 0.0321485 0.0167932
37.32 0.0296827 0.0158244
37.44 0.0270252 0.0148805
37.56 0.0242391 0.0139616
37.68 0.0213872 0.0130678
37.8 0.0185316 0.0121988
37.92 0.0157322 0.0113541
38.04 0.0130467 0.0105333
38.16 0.0105292 0.00973571
38.28 0.00822999 0.00896049
38.4 0.0061945 0.00820681
38.52 0.00446314 0.00747375
38.64 0.0030707 0.00676036
38.76 0.00204601 0.00606565
38.88 0.00141168 0.00538867
39 0.00118395 0.00472847
39.12 0.0013726 0.00408416
39.24 0.00198094 0.00345492
39.36 0.00300598 0.00284003
39.48 0.00443859 0.00223885
39.6 0.00626375 0.00165088
39.72 0.00846097 0.00107574
39.84 0.0110047 0.000513225
39.96 0.0138646 -3.67369e-05
40.08 0.0170067 -0.000574041
40.2 0.0203931 -0.00109841
40.32 0.0239833 -0.00160939
40.44 0.0277347 -0.00210635
40.56 0.031603 -0.00258847
40.68 0.035543 -0.00305477
40.8 0.0395095 -0.0035041
40.92 0.0434578 -0.00393513
41.04 0.0473442 -0.00434638
41.16 0.0511268 -0.00473625
41.28 0.054766 -0.00510298
41.4 0.0582249 -0.00544472
41.52 0.0614701 -0.00575951
41.64 0.0644718 -0.00604532
41.76 0.0672044 -0.00630005
41.88 0.0696465 -0.00652158
42 0.0717812 -0.00670775
42.12 0.0735966 -0.00685643
42.24 0.0750854 -0.00696551
42.36 0.076245 -0.00703293
42.48 0.0770779 -0.00705671
42.6 0.0775907 -0.00703497
42.72 0.0777948 -0.00696595
42.84 0.0777054 -0.00684804
42.96 0.0773418 -0.0066798
43.08 0.0767265 -0.00645997
43.2 0.0758852 -0.0061875
43.32 0.0748461 -0.00586156
43.44 0.0736396 -0.00548158
43.56 0.0722976 -0.00504723
43.68 0.0708531 -0.00455845
43.8 0.0693398 -0.00401547
43.92 0.0677913 -0.00341879
44.04 0.0662408 -0.00276922
44.16 0.0647205 -0.00206787
44.28 0.0632613 -0.00131615
44.4 0.0618921 -0.000515749
44.52 0.0606395 0.000331323
44.64 0.0595275 0.00122278
44.76 0.0585771 0.00215604
44.88 0.057806 0.00312827
45 0.0572285 0.00413637
45.12 0.0568552 0.00517699
45.24 0.056693 0.00624657
45.36 0.0567448 0.00734132
45.48 0.0570099 0.00845729
45.6 0.0574838 0.00959037
45.72 0.0581584 0.0107363
45.84 0.0590219 0.0118907
45.96 0.0600597 0.0130491
46.08 0.0612537 0.014207
46.2 0.0625836 0.0153599
46.32 0.0640264 0.0165033
46.44 0.0655574 0.0176327
46.56 0.0671501 0.0187435
46.68 0.068777 0.0198316
46.8 0.0704098 0.0208926
46.92 0.07202 0.0219225
47.04 0.0735791 0.0229175
47.16 0.0750592 0.0238737
47.28 0.0764334 0.0247878
47.4 0.0776762 0.0256565
47.52 0.0787638 0.026477
47.64 0.0796744 0.0272465
47.76 0.0803889 0.0279628
47.88 0.0808904 0.0286238
48 0.0811653 0.0292279
48.12 0.0812028 0.0297737
48.24 0.0809956 0.0302604
48.36 0.0805394 0.0306874
48.48 0.0798335 0.0310544
48.6 0.0788803 0.0313616
48.72 0.0776858 0.0316096
48.84 0.0762589 0.0317991
48.96 0.0746118 0.0319315
49.08 0.0727594 0.0320084
49.2 0.0707191 0.0320316
49.32 0.068511 0.0320035
49.44 0.0661571 0.0319264
49.56 0.063681 0.0318033
49.68 0.0611079 0.0316372
49.8 0.0584641 0.0314314
49.92 0.0557762 0.0311894
50.04 0.0530716 0.0309149
50.16 0.0503771 0.0306118
50.28 0.0477194 0.0302841
50.4 0.0451241 0.0299357
50.52 0.0426158 0.0295708
50.64 0.0402175 0.0291936
50.76 0.0379502 0.0288083
50.88 0.035833 0.0284191
51 0.0338825 0.0280299
51.12 0.0321128 0.0276448
51.24 0.0305351 0.0272678
51.36 0.0291577 0.0269025
51.48 0.0279861 0.0265526
51.6 0.0270224 0.0262214
51.72 0.026266 0.0259121
51.84 0.025713 0.0256278
51.96 0.0253566 0.025371
52.08 0.0251871 0.0251443
52.2 0.0251922 0.0249497
52.32 0.025357 0.0247891
52.44 0.0256643 0.024664
52.56 0.0260948 0.0245758
52.68 0.0266276 0.0245252
52.8 0.0272401 0.0245128
52.92 0.0279087 0.0245391
53.04 0.0286089 0.0246038
53.16 0.0293157 0.0247066
53.28 0.0300039 0.0248469
53.4 0.0306487 0.0250237
53.52 0.0312254 0.0252357
53.64 0.0317106 0.0254815
53.76 0.0320818 0.0257593
53.88 0.032318 0.026067
54 0.0323999 0.0264025
54.12 0.0323103 0.0267633
54.24 0.0320341 0.0271469
54.36 0.0315584 0.0275504
54.48 0.0308731 0.0279712
54.6 0.0299707 0.028406
54.72 0.0288463 0.028852
54.84 0.027498 0.0293059
54.96 0.0259263 0.0297647
55.08 0.024135 0.0302251
55.2 0.0221302 0.030684
55.32 0.0199208 0.0311384
55.44 0.017518 0.0315851
55.56 0.0149356 0.0320212
55.68 0.0121893 0.0324438
55.8 0.00929679 0.0328502
55.92 0.00627753 0.0332377
56.04 0.00315236 0.0336038
56.16 -5.67142e-05 0.0339462
56.28 -0.00332676 0.0342628
56.4 -0.00663425 0.0345515
56.52 -0.00995531 0.0348106
56.64 -0.013266 0.0350385
56.76 -0.0165427 0.0352338
56.88 -0.0197623 0.0353952
57 -0.0229023 0.0355217
57.12 -0.0259413 0.0356126
57.24 -0.0288593 0.0356671
57.36 -0.0316376 0.0356848
57.48 -0.0342592 0.0356655
57.6 -0.0367087 0.035609
57.72 -0.038973 0.0355154
57.84 -0.0410407 0.0353848
57.96 -0.0429026 0.0352176
58.08 -0.0445517 0.0350142
58.2 -0.0459832 0.0347752
58.32 -0.0471942 0.0345012
58.44 -0.0481842 0.0341929
58.56 -0.0489546 0.0338511
58.68 -0.0495087 0.0334765
58.8 -0.0498516 0.0330702
58.92 -0.0499903 0.0326328
59.04 -0.049933 0.0321654
59.16 -0.0496895 0.0316687
59.28 -0.0492705 0.0311437
59.4 -0.0486879 0.0305911
59.52 -0.0479542 0.0300118
59.64 -0.0470825 0.0294064
59.76 -0.0460862 0.0287757
59.88 -0.0449787 0.0281202
60 -0.0437735 0.0274407
60.12 -0.0424838 0.0267374
60.24 -0.0411221 0.0260109
60.36 -0.0397004 0.0252615
60.48 -0.0382301 0.0244896
60.6 -0.0367212 0.0236953
60.72 -0.0351832 0.0228789
60.84 -0.0336239 0.0220405
60.96 -0.0320504 0.0211802
61.08 -0.030468 0.0202981
61.2 -0.0288811 0.0193942
61.32 -0.0272926 0.0184686
61.44 -0.0257042 0.0175214
61.56 -0.0241161 0.0165526
61.68 -0.0225277 0.0155623
61.8 -0.0209371 0.0145507
61.92 -0.0193412 0.0135181
62.04 -0.0177362 0.0124647
62.16 -0.0161176 0.0113909
62.28 -0.0144802 0.0102972
62.4 -0.0128183 0.00918415
62.52 -0.0111258 0.00805257
62.64 -0.00939674 0.00690329
62.76 -0.00762494 0.00573736
62.88 -0.00580451 0.00455594
63 -0.00392989 0.00336039
63.12 -0.00199607 0.00215225
63.24 1.34895e-06 0.000933203
63.36 0.00206592 -0.000294854
63.48 0.0042003 -0.00152986
63.6 0.0064061 -0.00276957
63.72 0.00868379 -0.00401155
63.84 0.0110326 -0.00525321
63.96 0.0134507 -0.0064918
64.08 0.0159346 -0.00772438
64.2 0.0184799 -0.00894791
64.32 0.0210805 -0.0101592
64.44 0.0237294 -0.0113549
64.56 0.0264181 -0.0125316
64.68 0.029137 -0.0136858
64.8 0.0318754 -0.014814
64.92 0.0346218 -0.0159125
65.04 0.0373637 -0.0169778
65.16 0.0400879 -0.0180061
65.28 0.0427805 -0.018994
65.4 0.0454275 -0.0199378
65.52 0.0480145 -0.0208342
65.64 0.0505269 -0.0216797
65.76 0.0529505 -0.0224711
65.88 0.0552712 -0.0232054
66 0.0574753 -0.0238797
66.12 0.05955 -0.0244912
66.24 0.0614831 -0.0250375
66.36 0.0632635 -0.0255164
66.48 0.0648812 -0.0259259
66.6 0.0663273 -0.0262644
66.72 0.0675946 -0.0265305
66.84 0.068677 -0.0267233
66.96 0.0695702 -0.026842
67.08 0.0702716 -0.0268863
67.2 0.0707801 -0.0268562
67.32 0.0710963 -0.0267522
67.44 0.0712228 -0.0265749
67.56 0.0711634 -0.0263255
67.68 0.0709241 -0.0260055
67.8 0.0705122 -0.0256169
67.92 0.0699364 -0.0251617
68.04 0.0692072 -0.0246427
68.16 0.068336 -0.0240626
68.28 0.0673357 -0.0234249
68.4 0.0662201 -0.022733
68.52 0.0650039 -0.0219909
68.64 0.0637024 -0.0212025
68.76 0.0623316 -0.0203724
68.88 0.0609077 -0.0195051
69 0.0594472 -0.0186053
69.12 0.0579665 -0.0176782
69.24 0.0564817 -0.0167286
69.36 0.0550087 -0.0157619
69.48 0.0535626 -0.0147833
69.6 0.0521579 -0.013798
69.72 0.0508082 -0.0128116
69.84 0.049526 -0.0118291
69.96 0.0483226 -0.0108558
70.08 0.0472081 -0.00989693
70.2 0.046191 -0.00895743
70.32 0.0452784 -0.00804217
70.44 0.044476 -0.0071558
70.56 0.0437877 -0.00630278
70.68 0.0432158 -0.00548732
70.8 0.042761 -0.00471334
70.92 0.0424225 -0.0039845
71.04 0.0421977 -0.00330412
71.16 0.0420827 -0.00267518
71.28 0.0420718 -0.00210033
71.4 0.0421583 -0.00158184
71.52 0.0423339 -0.00112159
71.64 0.0425895 -0.000721098
71.76 0.0429147 -0.000381458
71.88 0.0432984 -0.000103381
72 0.0437285 0.000112826
72.12 0.0441926 0.000267254
72.24 0.0446778 0.000360389
72.36 0.045171 0.000393101
72.48 0.0456588 0.000366639
72.6 0.0461281 0.000282613
72.72 0.0465661 0.000142983
72.84 0.0469601 -4.99608e-05
72.96 0.0472982 -0.000293617
73.08 0.0475691 -0.000585093
73.2 0.0477623 -0.000921235
73.32 0.0478683 -0.00129864
73.44 0.0478784 -0.00171371
73.56 0.0477852 -0.00216263
73.68 0.0475826 -0.00264146
73.8 0.0472656 -0.00314611
73.92 0.0468303 -0.0036724
74.04 0.0462745 -0.0042161
74.16 0.045597 -0.00477292
74.28 0.044798 -0.00533857
74.4 0.0438791 -0.00590881
74.52 0.0428431 -0.00647943
74.64 0.0416938 -0.0070463
74.76 0.0404363 -0.00760543
74.88 0.0390767 -0.00815295
75 0.037622 -0.00868515
75.12 0.0360801 -0.00919852
75.24 0.0344597 -0.00968976
75.36 0.0327699 -0.0101558
75.48 0.0310206 -0.0105938
75.6 0.0292217 -0.0110012
75.72 0.0273838 -0.0113757
75.84 0.0255172 -0.0117154
75.96 0.0236325 -0.0120185
76.08 0.0217401 -0.0122837
76.2 0.01985 -0.0125098
76.32 0.0179721 -0.0126961
76.44 0.0161156 -0.0128423
76.56 0.0142896 -0.012948
76.68 0.012502 -0.0130135
76.8 0.0107605 -0.0130393
76.92 0.00907172 -0.0130261
77.04 0.00744169 -0.0129749
77.16 0.00587549 -0.012887
77.28 0.00437736 -0.0127639
77.4 0.00295066 -0.0126075
77.52 0.00159789 -0.0124198
77.64 0.000320676 -0.0122028
77.76 -0.000880212 -0.011959
77.88 -0.0020048 -0.0116909
78 -0.00305389 -0.0114011
78.12 -0.00402899 -0.0110923
78.24 -0.00493226 -0.0107675
78.36 -0.00576647 -0.0104295
78.48 -0.00653488 -0.0100812
78.6 -0.00724121 -0.00972568
78.72 -0.00788951 -0.00936576
78.84 -0.00848414 -0.0090044
78.96 -0.00902963 -0.00864444
79.08 -0.00953062 -0.00828867
79.2 -0.0099918 -0.00793977
79.32 -0.0104178 -0.00760031
79.44 -0.0108131 -0.00727273
79.56 -0.011182 -0.00695931
79.68 -0.0115287 -0.00666217
79.8 -0.0118568 -0.00638324
79.92 -0.0121698 -0.00612428
80.04 -0.0124706 -0.00588683
80.16 -0.0127619 -0.0056722
80.28 -0.0130457 -0.00548152
80.4 -0.0133237 -0.00531565
80.52 -0.0135971 -0.00517526
80.64 -0.0138666 -0.00506076
80.76 -0.0141324 -0.00497233
80.88 -0.0143943 -0.00490993
81 -0.0146516 -0.00487327
81.12 -0.0149034 -0.00486187
81.24 -0.0151484 -0.004875
81.36 -0.0153847 -0.00491173
81.48 -0.0156107 -0.00497092
81.6 -0.015824 -0.00505126
81.72 -0.0160225 -0.00515123
81.84 -0.0162039 -0.00526916
81.96 -0.0163657 -0.00540322
82.08 -0.0165056 -0.00555143
82.2 -0.0166214 -0.00571171
82.32 -0.0167108 -0.00588185
82.44 -0.0167721 -0.00605955
82.56 -0.0168035 -0.00624243
82.68 -0.0168035 -0.00642806
82.8 -0.0167711 -0.00661396
82.92 -0.0167055 -0.00679762
83.04 -0.0166063 -0.00697654
83.16 -0.0164735 -0.00714821
83.28 -0.0163074 -0.00731014
83.4 -0.016109 -0.00745991
83.52 -0.0158793 -0.00759513
83.64 -0.01562 -0.0077135
83.76 -0.015333 -0.00781278
83.88 -0.0150207 -0.00789086
84 -0.0146856 -0.00794573
84.12 -0.0143307 -0.00797549
84.24 -0.0139592 -0.00797841
84.36 -0.0135744 -0.00795287
84.48 -0.0131797 -0.00789743
84.6 -0.0127789 -0.0078108
84.72 -0.0123754 -0.00769186
84.84 -0.0119731 -0.00753968
84.96 -0.0115754 -0.00735348
85.08 -0.0111857 -0.00713269
85.2 -0.0108073 -0.00687691
85.32 -0.0104433 -0.00658595
85.44 -0.0100963 -0.00625977
85.56 -0.00976877 -0.00589856
85.68 -0.00946279 -0.00550265
85.8 -0.00917998 -0.00507259
85.92 -0.00892152 -0.00460908
86.04 -0.00868818 -0.00411301
86.16 -0.0084802 -0.00358545
86.28 -0.00829734 -0.00302759
86.4 -0.00813888 -0.00244081
86.52 -0.00800359 -0.00182664
86.64 -0.00788973 -0.00118672
86.76 -0.00779512 -0.000522844
86.88 -0.00771711 0.000163085
87 -0.00765262 0.000869047
87.12 -0.00759817 0.00159293
87.24 -0.00754996 0.00233252
87.36 -0.00750383 0.00308553
87.48 -0.0074554 0.00384961
87.6 -0.00740005 0.00462236
87.72 -0.00733302 0.0054013
87.84 -0.00724943 0.00618396
87.96 -0.00714439 0.00696783
88.08 -0.00701298 0.00775036
88.2 -0.00685038 0.00852906
88.32 -0.00665188 0.00930139
88.44 -0.00641299 0.0100649
88.56 -0.00612941 0.010817
88.68 -0.00579715 0.0115555
88.8 -0.00541255 0.0122778
88.92 -0.00497232 0.0129818
89.04 -0.00447358 0.0136651
89.16 -0.0039139 0.0143257
89.28 -0.00329131 0.0149614
89.4 -0.00260431 0.0155703
89.52 -0.00185194 0.0161505
89.64 -0.00103373 0.0167003
89.76 -0.000149713 0.0172181
89.88 0.00079955 0.0177023
90 0.00181301 0.0181516
90.12 0.00288911 0.0185648
90.24 0.00402586 0.0189406
90.36 0.00522081 0.0192782
90.48 0.00647109 0.0195767
90.6 0.00777346 0.0198355
90.72 0.00912433 0.020054
90.84 0.0105198 0.0202319
90.96 0.0119557 0.020369
91.08 0.0134277 0.0204652
91.2 0.0149312 0.0205205
91.32 0.0164614 0.0205353
91.44 0.0180136 0.02051
91.56 0.0195828 0.020445
91.68 0.0211643 0.020341
91.8 0.0227531 0.0201989
91.92 0.0243444 0.0200197
92.04 0.0259334 0.0198043
92.16 0.0275155 0.0195542
92.28 0.0290863 0.0192705
92.4 0.0306412 0.0189549
92.52 0.0321762 0.0186087
92.64 0.0336873 0.0182339
92.76 0.0351704 0.017832
92.88 0.0366222 0.017405
93 0.0380389 0.0169548
93.12 0.0394174 0.0164835
93.24 0.0407545 0.015993
93.36 0.0420473 0.0154856
93.48 0.0432929 0.0149635
93.6 0.0444886 0.0144287
93.72 0.0456317 0.0138836
93.84 0.0467199 0.0133304
93.96 0.0477506 0.0127713
94.08 0.0487215 0.0122085
94.2 0.0496301 0.0116444
94.32 0.0504741 0.0110809
94.44 0.0512511 0.0105204
94.56 0.0519588 0.00996492
94.68 0.0525946 0.00941643
94.8 0.0531561 0.00887691
94.92 0.0536407 0.00834825
95.04 0.0540459 0.00783224
95.16 0.054369 0.00733055
95.28 0.0546073 0.00684476
95.4 0.0547581 0.00637633
95.52 0.0548185 0.0059266
95.64 0.054786 0.00549676
95.76 0.0546576 0.00508789
95.88 0.0544308 0.0047009
96 0.0541029 0.00433655
96.12 0.0536714 0.00399547
96.24 0.0531341 0.00367811
96.36 0.0524887 0.00338476
96.48 0.0517333 0.00311558
96.6 0.0508664 0.00287052
96.72 0.0498866 0.00264939
96.84 0.0487931 0.00245185
96.96 0.0475852 0.00227739
97.08 0.046263 0.00212532
97.2 0.044827 0.00199483
97.32 0.0432782 0.00188494
97.44 0.0416181 0.00179454
97.56 0.039849 0.00172236
97.68 0.0379737 0.00166704
97.8 0.0359957 0.00162705
97.92 0.0339193 0.00160079
98.04 0.0317494 0.00158653
98.16 0.0294915 0.00158246
98.28 0.027152 0.00158668
98.4 0.0247378 0.00159723
98.52 0.0222567 0.00161209
98.64 0.0197168 0.0016292
98.76 0.0171272 0.00164645
98.88 0.0144974 0.00166174
99 0.0118372 0.00167296
99.12 0.00915743 0.00167799
99.24 0.00646882 0.00167476
99.36 0.00378272 0.00166123
99.48 0.0011107 0.0016354
99.6 -0.00153546 0.00159537
99.72 -0.00414384 0.00153927
99.84 -0.00670248 0.00146538
99.96 -0.00919946 0.00137204
100.08 -0.011623 0.00125774
100.2 -0.0139614 0.00112108
100.32 -0.0162035 0.0009608
100.44 -0.0183384 0.000775807
100.56 -0.0203556 0.000565157
100.68 -0.0222453 0.000328074
100.8 -0.0239982 6.39598e-05
100.92 -0.0256057 -0.000227603
101.04 -0.0270602 -0.000546846
101.16 -0.0283547 -0.00089381
101.28 -0.0294832 -0.00126834
101.4 -0.0304407 -0.00167009
101.52 -0.031223 -0.00209852
101.64 -0.0318272 -0.0025529
101.76 -0.0322512 -0.00303228
101.88 -0.0324941 -0.00353556
102 -0.032556 -0.00406143
102.12 -0.0324381 -0.00460842
102.24 -0.0321428 -0.00517488
102.36 -0.0316734 -0.00575899
102.48 -0.0310342 -0.00635879
102.6 -0.0302304 -0.00697217
102.72 -0.0292685 -0.0075969
102.84 -0.0281555 -0.00823061
102.96 -0.0268994 -0.00887084
103.08 -0.0255088 -0.00951504
103.2 -0.0239934 -0.0101606
103.32 -0.0223629 -0.0108047
103.44 -0.0206282 -0.0114448
103.56 -0.0188 -0.0120779
103.68 -0.0168899 -0.0127014
103.8 -0.0149096 -0.0133125
103.92 -0.0128708 -0.0139083
104.04 -0.0107855 -0.0144862
104.16 -0.00866573 -0.0150434
104.28 -0.00652341 -0.0155773
104.4 -0.00437028 -0.0160855
104.52 -0.00221788 -0.0165655
104.64 -7.74381e-05 -0.0170148
104.76 0.00204019 -0.0174315
104.88 0.00412458 -0.0178133
105 0.00616584 -0.0181584
105.12 0.00815461 -0.018465
105.24 0.0100821 -0.0187316
105.36 0.0119403 -0.0189567
105.48 0.0137218 -0.0191391
105.6 0.0154197 -0.0192779
105.72 0.0170282 -0.0193721
105.84 0.0185421 -0.0194212
105.96 0.0199567 -0.0194248
106.08 0.0212685 -0.0193827
106.2 0.0224743 -0.0192948
106.32 0.0235721 -0.0191614
106.44 0.0245603 -0.0189828
106.56 0.025438 -0.0187598
106.68 0.0262051 -0.018493
106.8 0.0268622 -0.0181835
106.92 0.0274103 -0.0178324
107.04 0.0278512 -0.017441
107.16 0.0281871 -0.0170109
107.28 0.0284208 -0.0165437
107.4 0.0285554 -0.0160411
107.52 0.0285946 -0.0155051
107.64 0.0285424 -0.0149376
107.76 0.0284031 -0.0143407
107.88 0.0281814 -0.0137166
108 0.027882 -0.0130676
108.12 0.0275102 -0.012396
108.24 0.0270712 -0.011704
108.36 0.0265703 -0.010994
108.48 0.0260132 -0.0102684
108.6 0.0254054 -0.00952957
108.72 0.0247526 -0.00877973
108.84 0.0240606 -0.0080212
108.96 0.0233349 -0.0072562
109.08 0.0225814 -0.00648688
109.2 0.0218057 -0.00571533
109.32 0.0210135 -0.00494354
109.44 0.0202104 -0.00417337
109.56 0.0194018 -0.00340661
109.68 0.0185934 -0.00264491
109.8 0.0177905 -0.00188979
109.92 0.0169984 -0.00114263
110.04 0.0162224 -0.000404701
110.16 0.0154677 0.000322908
110.28 0.0147393 0.00103923
110.4 0.0140423 0.00174347
110.52 0.0133816 0.00243495
110.64 0.0127619 0.00311317
110.76 0.012188 0.00377775
110.88 0.0116645 0.00442848
111 0.0111957 0.00506527
111.12 0.0107862 0.00568816
111.24 0.01044 0.00629732
111.36 0.0101613 0.00689305
111.48 0.00995398 0.00747574
111.6 0.00982167 0.00804589
111.72 0.00976792 0.00860408
111.84 0.00979602 0.00915099
111.96 0.00990904 0.00968735
112.08 0.0101098 0.0102139
112.2 0.0104007 0.0107316
112.32 0.0107841 0.0112412
112.44 0.0112617 0.0117436
112.56 0.0118352 0.0122397
112.68 0.0125056 0.0127303
112.8 0.0132737 0.0132164
112.92 0.0141398 0.0136987
113.04 0.0151038 0.0141781
113.16 0.016165 0.0146551
113.28 0.0173225 0.0151306
113.4 0.0185746 0.0156051
113.52 0.0199193 0.016079
113.64 0.0213539 0.0165527
113.76 0.0228754 0.0170267
113.88 0.0244802 0.0175009
114 0.0261642 0.0179756
114.12 0.0279226 0.0184506
114.24 0.0297504 0.0189259
114.36 0.0316419 0.019401
114.48 0.033591 0.0198757
114.6 0.0355914 0.0203492
114.72 0.0376359 0.0208211
114.84 0.0397174 0.0212904
114.96 0.0418283 0.0217563
115.08 0.0439605 0.0222178
115.2 0.0461059 0.0226737
115.32 0.0482562 0.0231228
115.44 0.0504029 0.0235638
115.56 0.0525372 0.0239953
115.68 0.0546505 0.0244158
115.8 0.0567341 0.0248238
115.92 0.0587795 0.0252177
116.04 0.060778 0.0255959
116.16 0.0627214 0.0259566
116.28 0.0646015 0.0262983
116.4 0.0664106 0.0266193
116.52 0.0681411 0.0269178
116.64 0.0697859 0.0271923
116.76 0.0713382 0.0274412
116.88 0.072792 0.0276628
117 0.0741414 0.0278556
117.12 0.0753812 0.0280184
117.24 0.076507 0.0281496
117.36 0.0775145 0.0282481
117.48 0.0784005 0.0283128
117.6 0.0791621 0.0283426
117.72 0.0797973 0.0283366
117.84 0.0803045 0.0282941
117.96 0.080683 0.0282145
118.08 0.0809326 0.0280972
118.2 0.0810536 0.0279422
118.32 0.0810472 0.027749
118.44 0.0809151 0.0275179
118.56 0.0806593 0.0272489
118.68 0.0802827 0.0269424
118.8 0.0797886 0.026599
118.92 0.0791807 0.0262193
119.04 0.0784632 0.0258041
119.16 0.0776406 0.0253544
119.28 0.0767179 0.0248715
119.4 0.0757002 0.0243565
119.52 0.074593 0.023811
119.64 0.073402 0.0232365
119.76 0.072133 0.0226347
119.88 0.070792 0.0220075
120 0.0693849 0.0213567
