-0.999 2.70752e-05 -1.01263e-05
-0.998 3.77303e-05 -1.26602e-05
-0.997 -5.65406e-05 1.81032e-05
-0.996 -0.000241747 8.64569e-05
-0.995 -0.000373569 0.000190244
-0.994 -0.000248796 0.000349043
-0.993 0.000253741 0.000616513
-0.992 0.00101657 0.00104079
-0.991 0.00171343 0.00162549
-0.99 0.00199475 0.00230095
-0.989 0.00173766 0.00289854
-0.988 0.00128404 0.00318288
-0.987 0.00147708 0.00296564
-0.986 0.00333888 0.00218162
-0.985 0.00757669 0.000913826
-0.984 0.0140974 -0.000644237
-0.983 0.0217623 -0.00219385
-0.982 0.0286901 -0.00347644
-0.981 0.0330372 -0.00438306
-0.98 0.0338154 -0.00488908
-0.979 0.0313512 -0.00505294
-0.978 0.0273575 -0.00492949
-0.977 0.0240112 -0.00455619
-0.976 0.0229486 -0.00393895
-0.975 0.0244709 -0.00308126
-0.974 0.027008 -0.00203282
-0.973 0.0275847 -0.00103371
-0.972 0.0235522 -0.000575887
-0.971 0.0142045 -0.00103256
-0.97 0.00120535 -0.00244311
-0.969 -0.0113539 -0.00459623
-0.968 -0.0183017 -0.00717863
-0.967 -0.016073 -0.00968051
-0.966 -0.00373354 -0.0116413
-0.965 0.0157383 -0.0131032
-0.964 0.0364263 -0.0143973
-0.963 0.0529657 -0.0158878
-0.962 0.0616458 -0.0180462
-0.961 0.0632726 -0.0206622
-0.96 0.0627723 -0.0225559
-0.959 0.0663577 -0.0222128
-0.958 0.0786886 -0.0181306
-0.957 0.0991356 -0.00964382
-0.956 0.121163 0.00258004
-0.955 0.13478 0.0165883
-0.954 0.131453 0.0293217
-0.953 0.107505 0.0372296
-0.952 0.0667667 0.0379702
-0.951 0.0219773 0.0316636
-0.95 -0.0100705 0.0201842
-0.949 -0.0168661 0.00672209
-0.948 0.00483488 -0.00538744
-0.947 0.0467407 -0.0142738
-0.946 0.090584 -0.0201518
-0.945 0.116735 -0.0254745
-0.944 0.113249 -0.0335015
-0.943 0.0817512 -0.0468732
-0.942 0.0387524 -0.0656293
-0.941 0.00987087 -0.0866417
-0.94 0.019653 -0.104187
-0.939 0.0792609 -0.111634
-0.938 0.178301 -0.103679
-0.937 0.286554 -0.078202
-0.936 0.365193 -0.0388977
-0.935 0.382537 0.00593215
-0.934 0.327281 0.0476671
-0.933 0.21719 0.0790225
-0.932 0.0954757 0.0965271
-0.931 0.0134419 0.102446
-0.93 0.00955105 0.101818
-0.929 0.0933667 0.101145
-0.928 0.236461 0.104348
-0.927 0.382542 0.110538
-0.926 0.47004 0.114612
-0.925 0.455252 0.107522
-0.924 0.334051 0.0818677
-0.923 0.149036 0.0353852
-0.922 -0.0257108 -0.0282645
-0.921 -0.116218 -0.0981132
-0.92 -0.0755943 -0.160107
-0.919 0.0919575 -0.202621
-0.918 0.326307 -0.218846
-0.917 0.537574 -0.209507
-0.916 0.638844 -0.183062
-0.915 0.58091 -0.151179
-0.914 0.379689 -0.123609
-0.913 0.113299 -0.105004
-0.912 -0.109395 -0.0926242
-0.911 -0.188306 -0.0780054
-0.91 -0.072464 -0.051938
-0.909 0.214464 -0.0107228
-0.908 0.578135 0.0421266
-0.907 0.889049 0.0958569
-0.906 1.0333 0.135739
-0.905 0.961191 0.147147
-0.904 0.709409 0.122859
-0.903 0.384711 0.0682886
-0.902 0.124941 -0.00224538
-0.901 0.0409053 -0.0707016
-0.9 0.170554 -0.120518
-0.899 0.461066 -0.141499
-0.898 0.786458 -0.137953
-0.897 0.996265 -0.121927
-0.896 0.978514 -0.106934
-0.895 0.708815 -0.104335
-0.894 0.262519 -0.113661
-0.893 -0.21026 -0.124658
-0.892 -0.544624 -0.121966
-0.891 -0.619367 -0.0905987
-0.89 -0.406667 -0.0238815
-0.889 0.0122798 0.0700879
-0.888 0.484204 0.16967
-0.887 0.846086 0.247547
-0.886 0.990691 0.280535
-0.885 0.905924 0.256139
-0.884 0.676916 0.179894
-0.883 0.452865 0.0747895
-0.882 0.377571 -0.0308285
-0.881 0.527779 -0.11446
-0.88 0.882223 -0.165393
-0.879 1.32195 -0.188351
-0.878 1.67777 -0.201945
-0.877 1.80302 -0.228964
-0.876 1.63237 -0.283351
-0.875 1.20436 -0.36121
-0.874 0.653673 -0.441396
-0.873 0.1467 -0.494223
-0.872 -0.18204 -0.489951
-0.871 -0.271412 -0.411183
-0.87 -0.164149 -0.267358
-0.869 0.0200487 -0.0899089
-0.868 0.148863 0.0784964
-0.867 0.12946 0.196968
-0.866 -0.0474081 0.241696
-0.865 -0.295411 0.217821
-0.864 -0.482198 0.150704
-0.863 -0.484727 0.0786144
-0.862 -0.243119 0.0352893
-0.861 0.203731 0.0333554
-0.86 0.733602 0.061199
-0.859 1.1932 0.0880805
-0.858 1.45507 0.0803982
-0.857 1.48396 0.0148027
-0.856 1.34448 -0.109679
-0.855 1.15316 -0.267253
-0.854 1.04713 -0.407394
-0.853 1.11208 -0.476848
-0.852 1.33328 -0.444721
-0.851 1.60647 -0.310153
-0.85 1.77849 -0.109148
-0.849 1.72579 0.102018
-0.848 1.40331 0.265039
-0.847 0.875576 0.339214
-0.846 0.307197 0.321206
-0.845 -0.110348 0.235409
-0.844 -0.240928 0.129731
-0.843 -0.0597513 0.0547655
-0.842 0.334958 0.0384763
-0.841 0.760271 0.0734723
-0.84 1.027 0.121726
-0.839 1.01455 0.131858
-0.838 0.730004 0.0614868
-0.837 0.310526 -0.101306
-0.836 -0.0311091 -0.330882
-0.835 -0.0948227 -0.567493
-0.834 0.214479 -0.735286
-0.833 0.846874 -0.777819
-0.832 1.60962 -0.675481
-0.831 2.23863 -0.450563
-0.83 2.51858 -0.1619
-0.829 2.35829 0.118669
-0.828 1.83462 0.323694
-0.827 1.15959 0.417232
-0.826 0.587798 0.407544
-0.825 0.317703 0.335109
-0.824 0.411044 0.254004
-0.823 0.778849 0.201854
-0.822 1.20456 0.189733
-0.821 1.43386 0.193097
-0.82 1.28992 0.160622
-0.819 0.761204 0.0399672
-0.818 -0.00962462 -0.199898
-0.817 -0.778612 -0.546103
-0.816 -1.28411 -0.951043
-0.815 -1.37354 -1.33852
-0.814 -1.04248 -1.62489
-0.813 -0.438103 -1.7565
-0.812 0.207275 -1.71328
-0.811 0.678925 -1.51704
-0.81 0.865684 -1.21903
-0.809 0.788089 -0.880306
-0.808 0.586387 -0.553336
-0.807 0.450481 -0.263025
-0.806 0.516972 -0.0137075
-0.805 0.806731 0.212652
-0.804 1.22905 0.431411
-0.803 1.6147 0.651605
-0.802 1.79562 0.863869
-0.801 1.69737 1.03127
-0.8 1.35663 1.12307
-0.799 0.92013 1.11873
-0.798 0.56566 1.00624
-0.797 0.401773 0.798491
-0.796 0.437443 0.527816
-0.795 0.576989 0.231153
-0.794 0.657547 -0.0533475
-0.793 0.546278 -0.293702
-0.792 0.225417 -0.469487
-0.791 -0.186572 -0.572563
-0.79 -0.462991 -0.594912
-0.789 -0.382987 -0.532341
-0.788 0.160317 -0.390445
-0.787 1.09196 -0.187272
-0.786 2.14978 0.0469436
-0.785 2.98251 0.265367
-0.784 3.29244 0.417952
-0.783 2.96837 0.480111
-0.782 2.15712 0.443419
-0.781 1.231 0.317294
-0.78 0.615015 0.147467
-0.779 0.640378 -0.0159727
-0.778 1.38911 -0.138851
-0.777 2.59646 -0.207311
-0.776 3.76652 -0.250328
-0.775 4.35574 -0.313233
-0.774 3.9911 -0.4333
-0.773 2.65905 -0.631213
-0.772 0.732895 -0.885324
-0.771 -1.14319 -1.13087
-0.77 -2.29837 -1.28318
-0.769 -2.30147 -1.26153
-0.768 -1.17228 -1.02914
-0.767 0.611658 -0.608356
-0.766 2.29085 -0.0920053
-0.765 3.11888 0.386122
-0.764 2.65453 0.702704
-0.763 0.964848 0.781916
-0.762 -1.354 0.625713
-0.761 -3.41356 0.315485
-0.76 -4.35702 -0.0283554
-0.759 -3.71033 -0.28142
-0.758 -1.60441 -0.365718
-0.757 1.26077 -0.287349
-0.756 3.89137 -0.122529
-0.755 5.37378 0.00552256
-0.754 5.21542 -0.00434029
-0.753 3.57464 -0.204091
-0.752 1.19714 -0.555571
-0.751 -0.876301 -0.939666
-0.75 -1.72636 -1.20745
-0.749 -0.947592 -1.23151
-0.748 1.19024 -0.965375
-0.747 3.84417 -0.458217
-0.746 5.91449 0.161002
-0.745 6.47912 0.714496
-0.744 5.19 1.04859
-0.743 2.39774 1.09424
-0.742 -0.949862 0.884644
-0.741 -3.67877 0.53249
-0.74 -4.86398 0.176498
-0.739 -4.1504 -0.0559468
-0.738 -1.90119 -0.104243
-0.737 0.942527 -0.00516534
-0.736 3.29541 0.145463
-0.735 4.33514 0.232827
-0.734 3.81436 0.17985
-0.733 2.17853 -0.0237656
-0.732 0.330234 -0.31845
-0.731 -0.735532 -0.570591
-0.73 -0.364467 -0.659267
-0.729 1.48176 -0.513079
-0.728 4.20072 -0.140046
-0.727 6.7933 0.370622
-0.726 8.29381 0.882076
-0.725 8.13348 1.25627
-0.724 6.39139 1.41891
-0.723 3.71826 1.37813
-0.722 1.08591 1.19211
-0.721 -0.616799 0.945912
-0.72 -0.989655 0.70867
-0.719 -0.185225 0.498869
-0.718 1.14225 0.281484
-0.717 2.14861 -0.0179195
-0.716 2.19056 -0.452301
-0.715 1.12146 -1.03131
-0.714 -0.641597 -1.68349
-0.713 -2.31301 -2.28515
-0.712 -3.07939 -2.69604
-0.711 -2.45399 -2.79529
-0.71 -0.519882 -2.56546
-0.709 2.06906 -2.08487
-0.708 4.41061 -1.48499
-0.707 5.70596 -0.922277
-0.706 5.57378 -0.50702
-0.705 4.25297 -0.247393
-0.704 2.50597 -0.0459101
-0.703 1.2298 0.228134
-0.702 1.10762 0.673238
-0.701 2.30933 1.3125
-0.7 4.33226 2.05603
-0.699 6.21393 2.7182
-0.698 7.00018 3.06317
-0.697 6.12684 2.92878
-0.696 3.67279 2.29384
-0.695 0.429152 1.29078
-0.694 -2.43049 0.176328
-0.693 -3.83265 -0.75289
-0.692 -3.23352 -1.24725
-0.691 -0.869379 -1.23414
-0.69 2.3409 -0.85163
-0.689 5.12867 -0.342756
-0.688 6.37669 0.0161694
-0.687 5.63842 0.00176838
-0.686 3.30318 -0.430723
-0.685 0.446663 -1.12079
-0.684 -1.55675 -1.7691
-0.683 -1.65073 -2.07104
-0.682 0.494941 -1.83515
-0.681 4.29052 -1.03969
-0.68 8.43636 0.116391
-0.679 11.4558 1.25078
-0.678 12.2339 1.99645
-0.677 10.4901 2.12138
-0.676 6.89989 1.60056
-0.675 2.83793 0.654397
-0.674 -0.176526 -0.344875
-0.673 -1.067 -0.996403
-0.672 0.35473 -1.03979
-0.671 3.31228 -0.458257
-0.67 6.42322 0.524727
-0.669 8.23622 1.53011
-0.668 7.77626 2.17081
-0.667 4.98997 2.18708
-0.666 0.735608 1.5572
-0.665 -3.54649 0.49137
-0.664 -6.38502 -0.64568
-0.663 -6.86534 -1.45842
-0.662 -4.94954 -1.68497
-0.661 -1.48163 -1.28698
-0.66 2.23345 -0.479021
-0.659 4.85577 0.380132
-0.658 5.57532 0.944549
-0.657 4.47067 0.987988
-0.656 2.31492 0.489991
-0.655 0.26538 -0.345391
-0.654 -0.580539 -1.18279
-0.653 0.326249 -1.69376
-0.652 2.75869 -1.65755
-0.651 5.87751 -1.06799
-0.65 8.58958 -0.12571
-0.649 9.96899 0.883891
-0.648 9.60967 1.65819
-0.647 7.73269 1.98216
-0.646 5.1061 1.82085
-0.645 2.62878 1.29832
-0.644 0.955251 0.635235
-0.643 0.354591 0.0511042
-0.642 0.607323 -0.289358
-0.641 1.20056 -0.355014
-0.64 1.61258 -0.217278
-0.639 1.55108 -0.0185528
-0.638 1.03408 0.0935915
-0.637 0.415148 0.0547047
-0.636 0.182597 -0.138061
-0.635 0.604494 -0.419687
-0.634 1.62971 -0.726018
-0.633 2.88152 -0.970047
-0.632 3.88872 -1.08082
-0.631 4.34942 -1.04913
-0.63 4.22979 -0.882356
-0.629 3.81435 -0.604866
-0.628 3.62524 -0.227093
-0.627 4.11367 0.252217
-0.626 5.38019 0.81352
-0.625 7.10062 1.39079
-0.624 8.57669 1.87604
-0.623 9.10215 2.14836
-0.622 8.25487 2.11768
-0.621 6.10263 1.7546
-0.62 3.33938 1.14202
-0.619 1.01512 0.458897
-0.618 0.0568509 -0.112011
-0.617 0.92079 -0.417154
-0.616 3.31341 -0.411206
-0.615 6.22312 -0.192052
-0.614 8.37569 0.046907
-0.613 8.6783 0.0644166
-0.612 6.72288 -0.298387
-0.611 3.02071 -1.03609
-0.61 -1.14673 -1.97906
-0.609 -4.22434 -2.80533
-0.608 -5.03849 -3.16088
-0.607 -3.25614 -2.80754
-0.606 0.450287 -1.69886
-0.605 4.62123 -0.0379169
-0.604 7.58066 1.77044
-0.603 8.13291 3.28906
-0.602 6.04259 4.1785
-0.601 2.22713 4.29122
-0.6 -1.62148 3.75316
-0.599 -3.77611 2.93116
-0.598 -3.13477 2.24866
-0.597 0.267954 1.99464
-0.596 5.2703 2.24024
-0.595 10.0084 2.82423
-0.594 12.637 3.37332
-0.593 12.1121 3.47277
-0.592 8.58683 2.84951
-0.591 3.39243 1.47317
-0.59 -1.54078 -0.406016
-0.589 -4.42761 -2.34836
-0.588 -4.3728 -3.86121
-0.587 -1.72855 -4.55613
-0.586 2.19762 -4.31068
-0.585 5.55809 -3.32433
-0.584 6.84685 -1.97821
-0.583 5.55341 -0.696993
-0.582 2.3584 0.16711
-0.581 -1.14709 0.479778
-0.58 -3.17783 0.35463
-0.579 -2.48061 0.0397348
-0.578 1.07925 -0.173291
-0.577 6.42218 -0.0738495
-0.576 11.6861 0.344643
-0.575 15.0229 0.943335
-0.574 15.3175 1.46665
-0.573 12.6606 1.67417
-0.572 8.30839 1.41946
-0.571 4.06754 0.718636
-0.57 1.53952 -0.266599
-0.569 1.41269 -1.32602
-0.568 3.16119 -2.24702
-0.567 5.39855 -2.89505
-0.566 6.38395 -3.23469
-0.565 4.88627 -3.32481
-0.564 0.917492 -3.24271
-0.563 -4.32552 -3.01647
-0.562 -8.88806 -2.61354
-0.561 -10.8802 -1.98041
-0.56 -9.2766 -1.10918
-0.559 -4.33632 -0.0770792
-0.558 2.36066 0.963638
-0.557 8.54559 1.82208
-0.556 12.223 2.30906
-0.555 12.5493 2.33128
-0.554 10.1162 2.005
-0.553 6.68155 1.58762
-0.552 4.43908 1.32935
-0.551 4.99749 1.42362
-0.55 8.69251 1.93413
-0.549 14.2969 2.66244
-0.548 19.459 3.25227
-0.547 21.7833 3.32753
-0.546 19.8117 2.6205
-0.545 13.6374 1.14468
-0.544 5.01464 -0.744015
-0.543 -3.28776 -2.47716
-0.542 -8.61391 -3.46555
-0.541 -9.43298 -3.33139
-0.54 -5.95243 -2.08907
-0.539 -0.121498 -0.147033
-0.538 5.21443 1.78435
-0.537 7.56068 2.98807
-0.536 5.75991 3.00303
-0.535 0.462893 1.78302
-0.534 -6.04466 -0.235357
-0.533 -10.8444 -2.28909
-0.532 -11.6197 -3.58799
-0.531 -7.60576 -3.62936
-0.53 0.0288774 -2.39723
-0.529 8.65721 -0.404193
-0.528 15.1854 1.48138
-0.527 17.3711 2.41524
-0.526 14.7001 1.85798
-0.525 8.5711 -0.165344
-0.524 1.79647 -2.99838
-0.523 -2.62362 -5.6681
-0.522 -2.74008 -7.20426
-0.521 1.59613 -6.98609
-0.52 8.68288 -5.02983
-0.519 15.6018 -1.97799
-0.518 19.4961 1.14283
-0.517 18.8304 3.25285
-0.516 13.9123 3.64792
-0.515 6.73431 2.30149
-0.514 0.177679 -0.221578
-0.513 -3.21049 -2.96373
-0.512 -2.32486 -4.88429
-0.511 2.13227 -5.33644
-0.51 7.90003 -4.27813
-0.509 12.1724 -2.24127
-0.508 12.8711 -0.171751
-0.507 9.46177 1.01562
-0.506 3.31421 0.812753
-0.505 -2.9753 -0.709205
-0.504 -6.6742 -2.89036
-0.503 -6.0301 -4.75881
-0.502 -1.05633 -5.38455
-0.501 6.45619 -4.26946
-0.5 13.6879 -1.51239
-0.499 18.0256 2.22232
-0.498 18.1363 5.91333
-0.497 14.5338 8.58222
-0.496 9.32385 9.63222
-0.495 5.19858 9.0457
-0.494 4.31506 7.28925
-0.493 7.3299 5.09709
-0.492 12.968 3.18595
-0.491 18.5721 1.94758
-0.49 21.3356 1.36781
-0.489 19.4552 1.0502
-0.488 12.9324 0.441866
-0.487 3.77688 -0.829555
-0.486 -4.84817 -2.84738
-0.485 -9.9304 -5.34704
-0.484 -9.78765 -7.75619
-0.483 -4.82391 -9.42747
-0.482 2.55623 -9.91835
-0.481 9.02142 -9.1441
-0.48 11.783 -7.37017
-0.479 9.62651 -5.0986
-0.478 3.52746 -2.8598
-0.477 -3.6756 -1.00548
-0.476 -8.54714 0.378244
-0.475 -8.47077 1.39374
-0.474 -2.89882 2.2409
-0.473 6.33583 3.04632
-0.472 15.842 3.74199
-0.471 21.9933 4.12805
-0.47 22.3013 3.89786
-0.469 16.621 2.84505
-0.468 7.18127 1.03462
-0.467 -2.31021 -1.24528
-0.466 -8.15168 -3.48224
-0.465 -8.24841 -5.10197
-0.464 -2.80968 -5.77907
-0.463 5.6722 -5.51272
-0.462 13.3653 -4.59961
-0.461 16.9551 -3.52866
-0.46 14.9799 -2.73859
-0.459 8.35511 -2.42351
-0.458 0.101146 -2.38278
-0.457 -5.9181 -2.16252
-0.456 -6.71695 -1.27934
-0.455 -1.43657 0.605189
-0.454 8.33079 3.40006
-0.453 19.0844 6.56353
-0.452 26.9695 9.26069
-0.451 29.314 10.6547
-0.45 25.713 10.2483
-0.449 18.2276 8.09757
-0.448 10.492 4.82682
-0.447 5.97074 1.42359
-0.446 6.5348 -1.11303
-0.445 11.759 -2.15931
-0.444 19.0073 -1.6989
-0.443 24.5968 -0.25764
-0.442 25.4661 1.28468
-0.441 20.5522 2.04589
-0.44 11.2773 1.58441
-0.439 1.00184 0.0133788
-0.438 -6.41236 -1.97429
-0.437 -8.25484 -3.36822
-0.436 -4.20869 -3.37244
-0.435 3.58874 -1.62306
-0.434 11.3843 1.5258
-0.433 15.3887 5.10232
-0.432 13.5667 7.96217
-0.431 6.50376 9.06487
-0.43 -2.76905 7.93471
-0.429 -10.0609 4.89561
-0.428 -11.7289 0.805305
-0.427 -6.32733 -3.17189
-0.426 4.49319 -5.95899
-0.425 16.7266 -7.06782
-0.424 25.6482 -6.68661
-0.423 27.7319 -5.51861
-0.422 22.1116 -4.5045
-0.421 11.0714 -4.40895
-0.42 -0.830696 -5.43443
-0.419 -8.59372 -7.18599
-0.418 -8.84601 -8.88874
-0.417 -1.40298 -9.63337
-0.416 10.6424 -8.78298
-0.415 22.0809 -6.26554
-0.414 27.6502 -2.59294
-0.413 24.3337 1.28738
-0.412 12.7097 4.4157
-0.411 -3.20332 6.10058
-0.41 -17.5159 6.16366
-0.409 -24.683 5.00936
-0.408 -21.7675 3.33305
-0.407 -9.61346 1.91275
-0.406 7.40819 1.26725
-0.405 22.9605 1.45366
-0.404 31.4874 2.17575
-0.403 30.2404 2.90342
-0.402 20.3991 3.18149
-0.401 6.69785 2.83247
-0.4 -4.61807 2.04707
-0.399 -8.30716 1.29144
-0.398 -2.13553 1.07169
-0.397 12.2006 1.74473
-0.396 29.6508 3.26657
-0.395 43.7746 5.25954
-0.394 49.2998 7.18285
-0.393 44.2572 8.50321
-0.392 30.5611 8.94416
-0.391 13.2737 8.54572
-0.39 -1.41335 7.62446
-0.389 -8.52992 6.60809
-0.388 -6.14113 5.77638
-0.387 3.9378 5.1297
-0.386 16.9894 4.41219
-0.385 27.3786 3.23586
-0.384 30.8356 1.27897
-0.383 25.9625 -1.48956
-0.382 14.6228 -4.71244
-0.381 1.14394 -7.77927
-0.38 -9.47093 -9.99962
-0.379 -13.5651 -10.8933
-0.378 -10.0721 -10.3922
-0.377 -0.785171 -8.86344
-0.376 10.5371 -7.00908
-0.375 19.7591 -5.5785
-0.374 23.8569 -5.03286
-0.373 21.9847 -5.34052
-0.372 15.5073 -6.06938
-0.371 7.37305 -6.51481
-0.37 0.771843 -6.0049
-0.369 -2.15914 -4.29069
-0.368 -0.956286 -1.65292
-0.367 3.28263 1.19601
-0.366 8.63035 3.36124
-0.365 13.1319 4.04309
-0.364 15.5366 2.93006
-0.363 15.6311 0.396248
-0.362 14.0636 -2.67192
-0.361 11.808 -5.22712
-0.36 9.65527 -6.44747
-0.359 7.90356 -5.99835
-0.358 6.47933 -4.16081
-0.357 5.30847 -1.7546
-0.356 4.47034 0.274238
-0.355 4.37245 1.17968
-0.354 5.68147 0.693629
-0.353 8.81981 -0.747582
-0.352 13.4975 -2.30483
-0.351 18.6357 -3.11537
-0.35 22.5523 -2.57154
-0.349 23.7136 -0.615568
-0.348 21.4505 2.21712
-0.347 16.3467 5.02455
-0.346 10.3763 6.87482
-0.345 6.17727 7.17387
-0.344 5.95275 5.90669
-0.343 10.5408 3.57927
-0.342 18.7622 1.04827
-0.341 27.6119 -0.886477
-0.34 33.4168 -1.74103
-0.339 33.1452 -1.4427
-0.338 25.85 -0.438101
-0.337 13.2979 0.5885
-0.336 -0.718536 1.055
-0.335 -11.5847 0.644335
-0.334 -15.5097 -0.542053
-0.333 -11.2708 -2.02668
-0.332 -0.711351 -3.28653
-0.331 11.9673 -3.90248
-0.33 21.6336 -3.76206
-0.329 24.3047 -3.12519
-0.328 18.7784 -2.39335
-0.327 7.29159 -1.99912
-0.326 -5.4393 -2.23041
-0.325 -14.1458 -3.02381
-0.324 -14.9428 -4.12406
-0.323 -6.96225 -5.19123
-0.322 7.23146 -5.95402
-0.321 22.5134 -6.33616
-0.32 33.3734 -6.41547
-0.319 35.9711 -6.44559
-0.318 29.4763 -6.63624
-0.317 16.6278 -7.02225
-0.316 2.48759 -7.43881
-0.315 -7.55593 -7.53202
-0.314 -9.95455 -6.97822
-0.313 -4.38208 -5.70757
-0.312 6.41521 -3.94556
-0.311 17.675 -2.06526
-0.31 24.6778 -0.528084
-0.309 24.7658 0.2377
-0.308 18.2309 0.201005
-0.307 8.17613 -0.339694
-0.306 -0.845282 -0.878688
-0.305 -4.88627 -0.931451
-0.304 -2.24125 -0.200762
-0.303 6.0281 1.19403
-0.302 16.5624 2.6784
-0.301 25.133 3.5373
-0.3 28.7031 3.2117
-0.299 26.5749 1.61741
-0.298 20.6101 -0.86711
-0.297 14.3133 -3.46299
-0.296 11.0814 -5.25656
-0.295 12.5783 -5.62611
-0.294 17.9574 -4.43574
-0.293 24.3365 -2.11753
-0.292 27.9611 0.362065
-0.291 26.1553 1.99044
-0.29 18.8588 2.16981
-0.289 8.61783 1.01122
-0.288 -0.340155 -0.874383
-0.287 -3.99683 -2.56219
-0.286 -0.532869 -3.04729
-0.285 8.65223 -1.96372
-0.284 19.1269 0.270032
-0.283 25.4589 2.65323
-0.282 23.4836 3.92266
-0.281 12.2796 3.14091
-0.28 -4.93221 0.0536305
-0.279 -21.8876 -4.65891
-0.278 -31.6899 -9.67205
-0.277 -29.9339 -13.5327
-0.276 -16.6293 -15.1586
-0.275 3.36695 -14.3131
-0.274 21.9873 -11.7267
-0.273 31.3442 -8.81485
-0.272 26.8278 -6.95975
-0.271 9.46372 -6.98739
-0.27 -14.1253 -8.72655
-0.269 -34.3174 -11.0998
-0.268 -42.0888 -12.5477
-0.267 -32.8012 -11.6987
-0.266 -8.49828 -8.03907
-0.265 22.3306 -2.17174
-0.264 48.0792 4.28625
-0.263 58.6232 9.31267
-0.262 49.3491 11.2796
-0.261 23.1995 9.70503
-0.26 -10.145 5.3505
-0.259 -37.7624 -0.00292501
-0.258 -48.5332 -4.19408
-0.257 -37.5885 -5.73938
-0.256 -8.49073 -4.21599
-0.255 27.9739 -0.558136
-0.254 57.9071 3.30661
-0.253 69.7486 5.35732
-0.252 58.8587 4.28301
-0.251 29.4887 0.180557
-0.25 -6.67858 -5.51224
-0.249 -35.0115 -10.4908
-0.248 -43.6792 -12.4478
-0.247 -28.3639 -10.1916
-0.246 5.81142 -4.13936
-0.245 46.2155 3.86176
-0.244 77.5306 11.1388
-0.243 87.698 15.1424
-0.242 72.605 14.5788
-0.241 37.6928 9.97072
-0.24 -4.02489 3.25594
-0.239 -37.1733 -2.81714
-0.238 -49.894 -5.87523
-0.237 -38.3527 -4.92672
-0.236 -8.20233 -0.710561
-0.235 27.6611 4.55339
-0.234 54.2352 8.07018
-0.233 60.4283 7.66357
-0.232 43.3338 2.68225
-0.231 9.21303 -5.65822
-0.23 -29.1362 -14.6294
-0.229 -57.2172 -21.1314
-0.228 -64.5297 -22.9071
-0.227 -48.7573 -19.5022
-0.226 -16.4726 -12.3769
-0.225 19.6706 -4.37705
-0.224 45.9881 1.33563
-0.223 53.0305 2.60077
-0.222 39.1132 -0.929777
-0.221 10.5734 -7.5585
-0.22 -20.922 -14.3198
-0.219 -42.8359 -18.2047
-0.218 -46.9985 -17.3473
-0.217 -32.751 -11.8295
-0.216 -6.71217 -3.61155
-0.215 20.0957 4.20722
-0.214 36.8637 8.66376
-0.213 37.1757 8.15474
-0.212 21.4759 3.08479
-0.211 -3.37631 -4.22981
-0.21 -27.0964 -10.6004
-0.209 -40.1019 -13.1926
-0.208 -37.4376 -10.6507
-0.207 -20.5996 -3.73876
-0.206 3.32264 4.97726
-0.205 24.8355 12.1769
-0.204 36.0785 15.1342
-0.203 33.6546 12.7506
-0.202 19.9222 6.03109
-0.201 1.97045 -2.26089
-0.2 -11.7267 -8.84237
-0.199 -14.7911 -11.169
-0.198 -5.72737 -8.39473
-0.197 11.6358 -1.83038
-0.196 30.0177 5.70522
-0.195 41.8125 11.0751
-0.194 42.3394 12.0974
-0.193 31.7268 8.41984
-0.192 14.8951 1.63397
-0.191 -0.589436 -5.283
-0.19 -7.78306 -9.22936
-0.189 -3.37106 -8.31628
-0.188 10.8175 -2.63066
-0.187 28.4743 5.77511
-0.186 41.8176 13.643
-0.185 44.7543 17.8492
-0.184 35.2618 16.6896
-0.183 16.4653 10.4188
-0.182 -4.63465 1.17489
-0.181 -20.0603 -7.8537
-0.18 -23.9923 -13.7065
-0.179 -15.4127 -14.8709
-0.178 1.3525 -11.9245
-0.177 18.5804 -7.10486
-0.176 28.2261 -3.3596
-0.175 25.3024 -3.09719
-0.174 9.8954 -7.17312
-0.173 -12.7368 -14.5362
-0.172 -34.0826 -22.5213
-0.171 -45.8182 -27.8847
-0.17 -43.0442 -28.1972
-0.169 -26.33 -22.928
-0.168 -1.56691 -13.5075
-0.167 22.3679 -2.7865
-0.166 36.9945 5.95442
-0.165 37.4405 10.2563
-0.164 24.2954 9.45193
-0.163 3.29291 4.88115
-0.162 -16.8447 -0.787123
-0.161 -27.9446 -4.67846
-0.16 -25.4521 -4.89309
-0.159 -10.0107 -1.28146
-0.158 12.5971 4.50801
-0.157 33.8465 9.76911
-0.156 45.8476 11.8445
-0.155 44.0033 9.31845
-0.154 28.8785 2.61384
-0.153 6.05352 -6.1974
-0.152 -16.1837 -14.0817
-0.151 -29.7923 -18.1852
-0.15 -29.9 -17.0632
-0.149 -16.5981 -11.1314
-0.148 5.3316 -2.46021
-0.147 28.4007 5.92245
-0.146 44.9136 11.2791
-0.145 49.7514 12.2727
-0.144 42.1691 9.32417
-0.143 25.7352 4.28876
-0.142 6.81592 -0.208938
-0.141 -7.64861 -1.97414
-0.14 -12.7868 -0.164503
-0.139 -7.29464 4.41076
-0.138 6.38249 9.65279
-0.137 22.8022 13.0954
-0.136 35.8037 12.8547
-0.135 40.5812 8.38875
-0.134 35.1411 0.835068
-0.133 21.0072 -7.4476
-0.132 2.50231 -13.9064
-0.131 -14.8647 -16.6035
-0.13 -26.2032 -15.0047
-0.129 -28.5533 -10.2324
-0.128 -21.8795 -4.47426
-0.127 -9.00982 -0.106045
-0.126 5.58453 1.21867
-0.125 17.0674 -0.80948
-0.124 21.8498 -5.1784
-0.123 18.6833 -9.95709
-0.122 8.80244 -13.0756
-0.121 -4.40391 -13.2805
-0.12 -16.32 -10.5856
-0.119 -22.6903 -6.16204
-0.118 -21.1095 -1.89546
-0.117 -11.7459 0.425434
-0.116 2.66111 -0.0955036
-0.115 17.6021 -3.26052
-0.114 28.3419 -7.74751
-0.113 31.2472 -11.6612
-0.112 25.1936 -13.3176
-0.111 12.1186 -11.9081
-0.11 -3.58378 -7.76055
-0.109 -16.4828 -2.23158
-0.108 -22.0903 2.85757
-0.107 -18.2486 6.09295
-0.106 -6.15691 6.75985
-0.105 10.2324 5.17048
-0.104 25.4843 2.48721
-0.103 34.5759 0.171551
-0.102 34.7537 -0.553959
-0.101 26.6361 0.734342
-0.1 14.0358 3.52782
-0.099 2.33053 6.54148
-0.098 -3.47428 8.36137
-0.097 -0.67265 8.05316
-0.096 10.2002 5.44424
-0.095 25.3796 1.30044
-0.094 39.3062 -3.01199
-0.093 46.9413 -6.07978
-0.092 45.5293 -6.88504
-0.091 35.6342 -5.23661
-0.09 20.8415 -1.79107
-0.089 6.32665 2.24418
-0.088 -3.0597 5.4627
-0.087 -4.73947 6.88064
-0.086 0.727749 6.33093
-0.085 10.017 4.36259
-0.084 18.6252 2.11296
-0.083 22.5615 0.697167
-0.082 20.0326 0.801473
-0.081 12.1053 2.41211
-0.08 1.95749 4.72148
-0.079 -6.4028 6.52678
-0.078 -10.0396 6.6814
-0.077 -8.09392 4.5538
-0.076 -2.09137 0.261084
-0.075 4.71403 -5.31789
-0.074 8.84224 -10.7602
-0.073 8.28289 -14.6659
-0.072 3.33471 -16.121
-0.071 -3.70255 -14.8838
-0.07 -9.33385 -11.5948
-0.069 -10.8192 -7.40584
-0.068 -7.23123 -3.5555
-0.067 0.0200824 -0.964956
-0.066 7.42246 0.126417
-0.065 11.51 0.093375
-0.064 10.3628 -0.225351
-0.063 4.30536 0.176732
-0.062 -3.92007 1.95964
-0.061 -10.2279 5.10756
-0.06 -11.0394 9.03257
-0.059 -4.78174 12.6836
-0.058 7.09887 14.8313
-0.057 20.2604 14.5491
-0.056 29.4257 11.6456
-0.055 30.7841 6.63288
-0.054 23.5386 0.585792
-0.053 10.4339 -5.06457
-0.052 -3.24537 -9.11226
-0.051 -11.6181 -10.9011
-0.05 -10.6149 -10.4981
-0.049 0.235336 -8.59677
-0.048 17.4208 -6.18378
-0.047 34.5162 -4.26375
-0.046 45.0036 -3.44813
-0.045 44.9036 -3.69626
-0.044 34.3536 -4.49247
-0.043 17.7059 -5.02629
-0.042 1.80302 -4.48802
-0.041 -6.54715 -2.41352
-0.04 -3.42264 1.08348
-0.039 10.5663 5.34261
-0.038 30.6132 9.31766
-0.037 49.1725 11.8997
-0.036 59.0943 12.4104
-0.035 56.806 10.7464
-0.034 43.0247 7.3903
-0.033 22.6628 3.293
-0.032 3.28121 -0.41113
-0.031 -8.44543 -2.85708
-0.03 -8.80766 -3.63997
-0.029 1.57871 -2.88151
-0.028 17.7053 -1.26854
-0.027 32.4669 0.374552
-0.026 39.6475 1.41749
-0.025 36.2365 1.54189
-0.024 23.3702 0.788588
-0.023 5.84082 -0.46646
-0.022 -9.91084 -1.65889
-0.021 -18.2933 -2.14034
-0.02 -16.605 -1.62233
-0.019 -6.16405 -0.297013
-0.018 8.40528 1.44573
-0.017 21.2082 3.02588
-0.016 27.5158 3.91311
-0.015 25.4425 3.88985
-0.014 16.4614 2.95132
-0.013 4.79186 1.2215
-0.012 -4.68168 -0.877461
-0.011 -8.39125 -2.83549
-0.01 -5.24802 -4.27143
-0.009 2.84495 -4.97074
-0.008 12.0792 -4.94736
-0.007 18.7593 -4.39434
-0.006 20.6737 -3.51157
-0.005 17.9281 -2.49253
-0.004 12.888 -1.59629
-0.003 8.74411 -0.936897
-0.002 8.01504 -0.566325
-0.001 11.4565 -0.437095
0 18.0024 -0.32314
0.001 24.5227 -0.21731
0.002 27.8832 -0.0989131
0.003 27.1035 0.234795
0.004 22.9213 0.847941
0.005 17.9144 1.73282
0.006 15.2118 2.72546
0.007 17.0986 3.61587
0.008 23.8453 4.17406
0.009 33.1772 4.1924
0.01 41.227 3.52445
0.011 44.256 2.09975
0.012 40.3833 0.122605
0.013 30.7535 -1.98653
0.014 19.0569 -3.72731
0.015 10.1128 -4.71864
0.016 7.99775 -4.74713
0.017 14.2187 -3.79625
0.018 26.9889 -2.19696
0.019 41.5433 -0.456769
0.02 51.9345 0.889891
0.021 53.5649 1.38605
0.022 45.1481 0.916982
0.023 29.3529 -0.24424
0.024 11.812 -1.50531
0.025 -1.01907 -2.27964
0.026 -4.464 -2.17254
0.027 2.68598 -1.10107
0.028 17.4168 0.582229
0.029 33.4612 2.18367
0.03 43.8851 2.89259
0.031 43.6554 2.10578
0.032 31.8903 -0.368575
0.033 12.4077 -4.0954
0.034 -7.91869 -8.12671
0.035 -21.6808 -11.4276
0.036 -23.9662 -13.0904
0.037 -13.9135 -12.5792
0.038 4.59555 -9.97024
0.039 24.5452 -5.99299
0.04 38.6125 -1.70711
0.041 41.7944 1.82109
0.042 33.4684 3.89272
0.043 17.5721 4.43639
0.044 0.87868 3.91166
0.045 -9.69963 3.10958
0.046 -9.85171 2.84881
0.047 0.601509 3.68856
0.048 17.7096 5.62461
0.049 34.8455 8.07762
0.05 45.6725 10.0116
0.051 46.6789 10.3617
0.052 38.3417 8.49975
0.053 24.6081 4.42625
0.054 11.3769 -1.17744
0.055 4.0536 -7.1781
0.056 5.36519 -12.2143
0.057 14.5017 -15.1107
0.058 27.5701 -15.3702
0.059 39.4095 -13.2491
0.06 45.7122 -9.58976
0.061 44.9427 -5.62341
0.062 38.6057 -2.4743
0.063 30.3116 -0.720355
0.064 24.1227 -0.272339
0.065 22.923 -0.512761
0.066 27.0563 -0.523362
0.067 34.3736 0.569025
0.068 41.4145 3.13258
0.069 44.8575 6.97
0.07 43.2293 11.1709
0.071 37.4725 14.4148
0.072 30.3642 15.6065
0.073 25.2931 14.165
0.074 24.6328 10.2236
0.075 28.6311 4.7572
0.076 35.1916 -0.843351
0.077 41.0862 -5.17185
0.078 43.0415 -7.31282
0.079 39.3411 -7.14805
0.08 30.8744 -5.32324
0.081 20.7056 -3.0172
0.082 12.8363 -1.43232
0.083 10.3217 -1.29664
0.084 14.2005 -2.677
0.085 22.718 -4.89292
0.086 31.99 -6.78856
0.087 37.4372 -7.32555
0.088 35.6556 -5.88938
0.089 26.2323 -2.67641
0.09 11.7106 1.3596
0.091 -3.14513 4.84761
0.092 -13.1378 6.52395
0.093 -14.6501 5.72234
0.094 -7.07223 2.63868
0.095 6.81839 -1.71464
0.096 21.9202 -5.88845
0.097 32.7257 -8.48028
0.098 35.5465 -8.76233
0.099 29.7247 -6.9522
0.1 17.947 -3.97285
0.101 5.28366 -1.24061
0.102 -2.83986 0.0637987
0.103 -2.76473 -0.570269
0.104 6.1561 -2.84591
0.105 21.3472 -5.49406
0.106 37.7071 -7.02983
0.107 49.7063 -6.35123
0.108 53.4787 -3.09746
0.109 47.8374 2.05203
0.11 34.7735 7.54795
0.111 18.9332 11.6502
0.112 5.80142 13.0496
0.113 -0.285532 11.4058
0.114 2.46191 7.50803
0.115 13.0177 3.01806
0.116 27.8934 -0.151244
0.117 42.1993 -0.66415
0.118 51.4018 1.71931
0.119 52.8545 5.98577
0.12 46.4613 10.3942
0.121 34.5963 13.0489
0.122 21.3674 12.7563
0.123 11.2991 9.6236
0.124 7.95455 4.86297
0.125 12.6116 0.42744
0.126 23.9731 -1.67325
0.127 38.4404 -0.364532
0.128 51.2349 3.99721
0.129 57.886 9.75726
0.13 55.5525 14.5244
0.131 44.1273 16.1023
0.132 26.5951 13.4037
0.133 8.0209 6.95592
0.134 -6.1521 -1.35169
0.135 -11.6649 -8.89885
0.136 -7.00363 -13.3605
0.137 5.89951 -13.6191
0.138 22.2721 -10.15
0.139 35.9037 -4.88677
0.14 41.4006 -0.337469
0.141 36.2274 1.4211
0.142 21.6564 -0.404024
0.143 2.68102 -4.93225
0.144 -13.8906 -9.94917
0.145 -21.5981 -12.8928
0.146 -16.7515 -11.8543
0.147 -0.276503 -6.44088
0.148 22.8045 1.94226
0.149 44.7649 10.6401
0.15 57.9877 16.6268
0.151 57.7347 17.7615
0.152 44.0389 13.6691
0.153 21.7743 5.82574
0.154 -1.17467 -2.99236
0.155 -16.4993 -9.73075
0.156 -18.5549 -12.2525
0.157 -6.72659 -10.1898
0.158 14.4291 -5.0052
0.159 37.0061 0.697819
0.16 52.4554 4.24422
0.161 54.9061 4.00228
0.162 43.7237 0.103447
0.163 23.4961 -5.54251
0.164 2.40531 -10.0711
0.165 -10.8726 -10.8566
0.166 -10.5423 -6.59006
0.167 4.01159 2.12386
0.168 27.8793 12.854
0.169 52.616 22.3056
0.17 69.3415 27.5906
0.171 72.146 27.2543
0.172 60.4199 21.8936
0.173 39.0357 13.9537
0.174 16.3452 6.63769
0.175 0.835297 2.5956
0.176 -2.16453 2.89895
0.177 7.41634 6.64474
0.178 24.5489 11.4155
0.179 41.2219 14.2878
0.18 49.7428 13.0509
0.181 45.8175 7.16021
0.182 30.4474 -1.9102
0.183 9.29961 -11.2041
0.184 -9.61875 -17.4876
0.185 -19.2049 -18.6347
0.186 -16.3268 -14.3852
0.187 -2.90711 -6.47117
0.188 14.8108 1.93963
0.189 28.9187 7.62017
0.19 33.2767 8.53605
0.191 26.0597 4.58122
0.192 10.5438 -2.33425
0.193 -6.27757 -9.09992
0.194 -16.9088 -12.7422
0.195 -16.4876 -11.7017
0.196 -4.74544 -6.33806
0.197 13.611 1.19192
0.198 30.9735 7.71715
0.199 40.0541 10.4549
0.2 37.0052 8.15473
0.201 23.342 1.57344
0.202 5.34626 -6.73688
0.203 -8.45411 -13.4533
0.204 -11.0031 -15.8582
0.205 0.175727 -12.908
0.206 21.6834 -5.70691
0.207 45.5599 2.9797
0.208 62.3812 9.86748
0.209 65.0646 12.4007
0.21 52.0039 9.80954
0.211 28.1727 3.42262
0.212 3.23565 -3.86654
0.213 -12.5134 -8.86638
0.214 -12.1878 -9.34569
0.215 4.59382 -4.90254
0.216 31.3957 2.86709
0.217 57.3934 11.0757
0.218 71.6204 16.5888
0.219 67.4423 17.3973
0.22 45.6031 13.4631
0.221 14.2026 6.65464
0.222 -14.3916 0.0331626
0.223 -28.365 -3.48926
0.224 -21.3285 -2.27761
0.225 4.97854 3.36655
0.226 41.0965 11.3356
0.227 73.3223 18.4693
0.228 88.9935 21.8623
0.229 81.6297 20.0918
0.23 53.5192 13.6246
0.231 15.0439 4.71224
0.232 -19.1914 -3.57578
0.233 -36.3108 -8.54323
0.234 -30.1604 -8.92873
0.235 -3.58171 -5.38594
0.236 32.2705 -0.0864623
0.237 62.3956 4.17196
0.238 73.951 5.15054
0.239 61.1992 2.07577
0.24 27.9344 -4.01569
0.241 -13.8791 -10.73
0.242 -48.8395 -15.3417
0.243 -64.0142 -15.8894
0.244 -53.9321 -11.9322
0.245 -22.6426 -4.68252
0.246 17.7719 3.33413
0.247 51.9877 9.36733
0.248 67.4111 11.5736
0.249 58.9029 9.60693
0.25 30.655 4.66772
0.251 -5.53058 -1.02356
0.252 -35.0083 -5.11767
0.253 -46.0226 -6.1778
0.254 -34.2438 -4.10349
0.255 -4.33486 -0.190377
0.256 32.1663 3.46825
0.257 61.283 5.00414
0.258 72.2273 3.4565
0.259 61.5176 -0.795834
0.26 33.972 -6.16702
0.261 0.653563 -10.5424
0.262 -25.5734 -12.1321
0.263 -34.9644 -10.1412
0.264 -24.4359 -5.13383
0.265 1.22932 1.29062
0.266 31.8148 7.17186
0.267 55.9577 10.861
0.268 65.3026 11.6913
0.269 57.5986 10.23
0.27 37.3851 7.86906
0.271 13.7063 6.14172
0.272 -3.7803 6.12074
0.273 -8.36433 7.96512
0.274 0.974677 10.8976
0.275 19.5783 13.5039
0.276 39.4936 14.3533
0.277 52.7889 12.7391
0.278 54.5439 8.89805
0.279 44.7654 3.86023
0.28 27.8915 -0.874954
0.281 10.7119 -3.94822
0.282 -0.570764 -4.69201
0.283 -2.61921 -3.40383
0.284 3.67444 -1.03915
0.285 14.1004 1.15998
0.286 23.2388 2.22037
0.287 26.6782 1.71962
0.288 22.9733 0.0160885
0.289 13.965 -1.92942
0.29 3.67445 -3.13384
0.291 -3.62166 -2.93134
0.292 -5.42822 -1.2703
0.293 -1.84435 1.23313
0.294 4.54341 3.58671
0.295 9.9568 4.84733
0.296 11.4179 4.5156
0.297 8.13554 2.73016
0.298 1.79873 0.112086
0.299 -4.12427 -2.41899
0.3 -6.22701 -4.05298
0.301 -2.67731 -4.38572
0.302 5.81598 -3.509
0.303 16.3002 -2.02742
0.304 24.6155 -0.645897
0.305 27.2572 0.113635
0.306 23.1365 0.0930787
0.307 14.0555 -0.452252
0.308 4.0042 -1.01144
0.309 -2.5039 -1.06211
0.31 -2.39197 -0.303703
0.311 4.61128 1.23763
0.312 15.9111 3.14695
0.313 26.7699 4.91201
0.314 32.3917 6.16553
0.315 30.0003 6.70408
0.316 19.9582 6.6129
0.317 5.82128 6.19686
0.318 -7.08513 5.80749
0.319 -13.6365 5.60078
0.32 -11.0879 5.56248
0.321 -0.221738 5.49657
0.322 15.0784 5.13029
0.323 29.2446 4.36852
0.324 37.1712 3.26301
0.325 36.2791 2.10262
0.326 27.4714 1.28661
0.327 14.6603 1.08424
0.328 3.1756 1.50993
0.329 -2.34891 2.27192
0.33 0.2312 2.9225
0.331 9.76295 3.06872
0.332 22.3086 2.48108
0.333 32.7395 1.21515
0.334 36.8501 -0.307758
0.335 32.8192 -1.48616
0.336 21.8728 -1.89699
0.337 7.7676 -1.44167
0.338 -4.82943 -0.378872
0.339 -12.114 0.655431
0.34 -12.3374 0.964785
0.341 -6.51695 0.144095
0.342 2.31198 -1.7809
0.343 10.4851 -4.33484
0.344 15.0455 -6.67403
0.345 14.8099 -7.9671
0.346 10.5755 -7.68959
0.347 4.60533 -5.83796
0.348 -0.474753 -3.05617
0.349 -2.7723 -0.259609
0.35 -1.62474 1.70643
0.351 2.33377 2.27761
0.352 7.50086 1.45625
0.353 12.1388 -0.156501
0.354 15.1985 -1.62592
0.355 16.4672 -2.11945
0.356 16.3266 -1.26289
0.357 15.4009 0.746552
0.358 14.1848 3.18422
0.359 12.8131 5.0541
0.36 11.0629 5.56845
0.361 8.8635 4.39309
0.362 6.60504 1.81909
0.363 5.01155 -1.26529
0.364 5.03467 -3.79497
0.365 7.34132 -4.91901
0.366 11.794 -4.2861
0.367 17.2182 -2.15774
0.368 21.5608 0.710131
0.369 22.8474 3.36324
0.37 19.9423 5.04248
0.371 13.3477 5.51434
0.372 5.26664 5.04819
0.373 -1.24095 4.29213
0.374 -3.21965 3.9438
0.375 0.791224 4.45454
0.376 9.9313 5.8534
0.377 21.1866 7.69756
0.378 30.4158 9.23407
0.379 33.8791 9.78162
0.38 29.78 8.95004
0.381 19.1053 6.75121
0.382 5.57938 3.69217
0.383 -5.84154 0.481565
0.384 -10.8335 -2.25593
0.385 -7.46757 -4.19095
0.386 2.86526 -5.35652
0.387 15.8748 -6.03792
0.388 25.9358 -6.65818
0.389 28.387 -7.51439
0.39 21.3417 -8.53508
0.391 6.664 -9.43885
0.392 -10.6941 -9.82746
0.393 -24.5301 -9.35784
0.394 -29.6689 -8.00321
0.395 -24.2307 -6.05446
0.396 -10.1849 -4.03292
0.397 7.2395 -2.53382
0.398 21.5774 -1.9006
0.399 27.7915 -2.09756
0.4 24.1153 -2.82085
0.401 12.7599 -3.58872
0.402 -1.01084 -3.94609
0.403 -10.8801 -3.66731
0.404 -12.1436 -2.91609
0.405 -3.66947 -2.15736
0.406 11.8936 -1.9269
0.407 28.9501 -2.56346
0.408 41.1498 -3.99597
0.409 44.0833 -5.69704
0.41 36.9662 -6.87445
0.411 22.6614 -6.79339
0.412 6.66938 -5.09284
0.413 -5.01063 -1.92999
0.414 -8.41143 1.99687
0.415 -2.92431 5.67187
0.416 8.46376 8.19333
0.417 20.4748 9.03316
0.418 27.9045 8.28756
0.419 27.6505 6.58267
0.42 19.9262 4.82166
0.421 7.99185 3.82332
0.422 -3.13877 3.96916
0.423 -8.85707 5.02224
0.424 -6.76606 6.20557
0.425 2.22777 6.5939
0.426 14.4636 5.47077
0.427 25.1849 2.66991
0.428 30.4735 -1.29278
0.429 28.772 -5.38298
0.43 21.4533 -8.4294
0.431 12.1095 -9.54356
0.432 4.95159 -8.45024
0.433 3.05691 -5.59305
0.434 6.985 -1.98227
0.435 14.676 1.17829
0.436 22.3609 2.9309
0.437 26.309 2.92224
0.438 24.3975 1.53318
0.439 16.9005 -0.401808
0.44 6.53556 -1.94185
0.441 -2.81613 -2.38265
0.442 -7.80317 -1.57636
0.443 -6.98457 -0.00204732
0.444 -1.43506 1.45728
0.445 5.76103 1.90148
0.446 10.9506 0.806641
0.447 11.4822 -1.74817
0.448 6.93478 -5.14741
0.449 -0.800726 -8.40857
0.45 -8.26072 -10.5389
0.451 -11.8735 -10.9593
0.452 -9.59976 -9.58378
0.453 -1.79784 -6.88849
0.454 8.89452 -3.74888
0.455 18.6329 -0.956189
0.456 23.9244 0.926096
0.457 23.1303 1.80954
0.458 17.1114 2.01447
0.459 8.85921 2.02975
0.46 2.16467 2.35006
0.461 0.102869 3.13638
0.462 3.66298 4.1984
0.463 11.2483 5.09623
0.464 19.5827 5.35676
0.465 24.9744 4.69281
0.466 24.8589 3.09611
0.467 18.955 0.883576
0.468 9.39747 -1.40808
0.469 -0.14225 -3.25001
0.47 -5.88988 -4.29545
0.471 -5.65484 -4.50551
0.472 0.370533 -4.11987
0.473 9.81289 -3.4079
0.474 18.9924 -2.58398
0.475 24.4884 -1.72571
0.476 24.5257 -0.709286
0.477 19.6513 0.6616
0.478 12.4276 2.51861
0.479 6.30292 4.74878
0.48 4.11376 6.99805
0.481 6.83326 8.75741
0.482 13.2754 9.52742
0.483 20.5724 9.04358
0.484 25.4614 7.38382
0.485 25.6225 5.00016
0.486 20.5455 2.53055
0.487 11.8945 0.516701
0.488 2.68156 -0.74837
0.489 -3.91769 -1.3271
0.49 -5.91256 -1.63248
0.491 -3.23261 -2.20432
0.492 2.30867 -3.4108
0.493 7.88134 -5.30603
0.494 10.8257 -7.50265
0.495 9.8314 -9.2696
0.496 5.57445 -9.86677
0.497 0.266376 -8.81047
0.498 -3.38777 -6.12563
0.499 -3.26553 -2.43327
0.5 1.05135 1.30255
0.501 8.24874 4.08338
0.502 15.719 5.21907
0.503 20.6478 4.58498
0.504 21.2381 2.6963
0.505 17.4813 0.491926
0.506 11.1594 -1.04602
0.507 5.00943 -1.25341
0.508 1.56999 -0.0607581
0.509 2.1786 2.00984
0.51 6.36822 4.03434
0.511 12.0656 5.10212
0.512 16.4772 4.66178
0.513 17.3216 2.73144
0.514 13.8659 -0.0227886
0.515 7.24185 -2.57393
0.516 0.000786766 -3.9574
0.517 -4.99297 -3.58008
0.518 -5.70131 -1.47743
0.519 -1.81457 1.6465
0.52 5.05903 4.71447
0.521 12.0736 6.67668
0.522 16.3424 6.90585
0.523 16.1854 5.39888
0.524 11.741 2.7413
0.525 4.91944 -0.0797869
0.526 -1.27409 -2.06856
0.527 -4.02218 -2.61491
0.528 -1.85875 -1.68653
0.529 4.67443 0.180191
0.53 13.2678 2.16068
0.531 20.849 3.39436
0.532 24.794 3.337
0.533 23.9547 2.03398
0.534 19.0726 -0.0123215
0.535 12.4815 -2.03562
0.536 7.12633 -3.25074
0.537 5.28707 -3.2211
0.538 7.59808 -2.00196
0.539 12.9257 -0.0589827
0.54 18.7227 1.88488
0.541 22.1616 3.13468
0.542 21.3292 3.25152
0.543 15.9495 2.2565
0.544 7.56703 0.535492
0.545 -1.12326 -1.34618
0.546 -7.35044 -2.81504
0.547 -9.34507 -3.51901
0.548 -6.99984 -3.44067
0.549 -1.83698 -2.83075
0.55 3.71054 -2.08224
0.551 7.36082 -1.56566
0.552 7.86137 -1.47445
0.553 5.51498 -1.76186
0.554 2.00244 -2.21218
0.555 -0.504628 -2.53532
0.556 -0.249171 -2.49602
0.557 3.39287 -2.02336
0.558 9.53385 -1.16017
0.559 16.1884 -0.0963094
0.56 21.1338 0.952127
0.561 22.7559 1.82911
0.562 20.7073 2.46128
0.563 16.044 2.85806
0.564 10.7073 3.08016
0.565 6.67656 3.15245
0.566 5.16422 3.04898
0.567 6.10637 2.7238
0.568 8.31566 2.09575
0.569 10.0549 1.18122
0.57 9.90321 0.123359
0.571 7.33376 -0.873004
0.572 3.03199 -1.59981
0.573 -1.41593 -1.9029
0.574 -4.14381 -1.73026
0.575 -3.90626 -1.21078
0.576 -0.618792 -0.628475
0.577 4.62214 -0.217612
0.578 9.93871 -0.132732
0.579 13.4804 -0.3553
0.58 14.1805 -0.665981
0.581 12.1424 -0.782523
0.582 8.61199 -0.448852
0.583 5.3673 0.416406
0.584 4.01449 1.70133
0.585 5.27482 3.07125
0.586 8.61022 4.05388
0.587 12.5038 4.28079
0.588 15.1452 3.61041
0.589 15.1583 2.12592
0.59 12.195 0.171838
0.591 7.18831 -1.745
0.592 1.91182 -3.1723
0.593 -1.704 -3.83553
0.594 -2.33191 -3.75496
0.595 0.210217 -3.21845
0.596 4.88412 -2.63523
0.597 9.84723 -2.36704
0.598 13.2086 -2.59911
0.599 13.7966 -3.27429
0.6 11.6072 -4.08852
0.601 7.71199 -4.62745
0.602 3.85381 -4.53589
0.603 1.7012 -3.66548
0.604 2.1515 -2.14021
0.605 5.03288 -0.31569
0.606 9.18083 1.35468
0.607 12.8825 2.47312
0.608 14.6593 2.8449
0.609 13.811 2.49461
0.61 10.671 1.64892
0.611 6.44341 0.663672
0.612 2.66006 -0.120497
0.613 0.602986 -0.504429
0.614 0.845604 -0.497628
0.615 2.97265 -0.263715
0.616 5.87206 -0.0375751
0.617 8.25156 -0.0203139
0.618 9.10685 -0.318456
0.619 8.12339 -0.894924
0.62 5.76952 -1.58788
0.621 3.01185 -2.1997
0.622 0.835101 -2.56776
0.623 -0.0778913 -2.60974
0.624 0.415271 -2.33618
0.625 1.88691 -1.83252
0.626 3.57126 -1.23168
0.627 4.78911 -0.646148
0.628 5.22398 -0.136345
0.629 4.98255 0.263934
0.63 4.49311 0.533615
0.631 4.29408 0.666229
0.632 4.70999 0.67568
0.633 5.68706 0.565237
0.634 6.88127 0.344105
0.635 7.8532 0.04404
0.636 8.2382 -0.257423
0.637 7.96639 -0.458435
0.638 7.31955 -0.510882
0.639 6.73777 -0.415896
0.64 6.57268 -0.239599
0.641 6.90732 -0.127115
0.642 7.48349 -0.208318
0.643 7.73369 -0.552506
0.644 7.13625 -1.13576
0.645 5.45891 -1.80231
0.646 2.94061 -2.31977
0.647 0.262334 -2.46833
0.648 -1.68046 -2.12397
0.649 -2.10846 -1.34189
0.65 -0.785149 -0.332793
0.651 1.85903 0.624524
0.652 4.94612 1.22614
0.653 7.36262 1.26911
0.654 8.22871 0.770348
0.655 7.36561 -0.0547574
0.656 5.29879 -0.882118
0.657 3.09404 -1.37915
0.658 1.93512 -1.35331
0.659 2.60601 -0.815538
0.66 5.14946 0.0226535
0.661 8.79434 0.810897
0.662 12.2321 1.19415
0.663 14.1228 0.971071
0.664 13.6159 0.175173
0.665 10.7481 -0.953509
0.666 6.4479 -2.02164
0.667 2.15234 -2.6526
0.668 -0.680862 -2.62607
0.669 -1.1678 -1.97924
0.67 0.623124 -0.967605
0.671 3.71028 0.0238746
0.672 6.64142 0.600493
0.673 8.02147 0.560904
0.674 7.09655 -0.0807752
0.675 4.05827 -1.07045
0.676 -0.0315003 -2.00812
0.677 -3.65064 -2.52582
0.678 -5.45154 -2.40461
0.679 -4.75549 -1.66433
0.68 -1.80074 -0.534548
0.681 2.29774 0.610151
0.682 6.05374 1.40555
0.683 8.1748 1.66348
0.684 8.07352 1.38522
0.685 6.05037 0.751524
0.686 3.16459 0.0690909
0.687 0.793995 -0.363341
0.688 0.0199899 -0.388145
0.689 1.22541 -0.0366827
0.69 3.94995 0.476043
0.691 7.10695 0.860665
0.692 9.43086 0.871447
0.693 9.98037 0.393398
0.694 8.53429 -0.508571
0.695 5.62684 -1.61322
0.696 2.33717 -2.61361
0.697 -0.157147 -3.24572
0.698 -1.06529 -3.37785
0.699 -0.306756 -3.03774
0.7 1.53679 -2.38264
0.701 3.50883 -1.63649
0.702 4.66823 -0.98979
0.703 4.52789 -0.542873
0.704 3.21987 -0.281474
0.705 1.4068 -0.0798801
0.706 0.0213133 0.20089
0.707 -0.161622 0.631822
0.708 1.07978 1.18824
0.709 3.39086 1.7843
0.71 5.96126 2.27158
0.711 7.86055 2.49972
0.712 8.45006 2.39852
0.713 7.64844 1.98851
0.714 5.93192 1.3767
0.715 4.11049 0.716749
0.716 2.97373 0.141256
0.717 2.9541 -0.283734
0.718 3.91477 -0.562079
0.719 5.21794 -0.758879
0.72 6.02494 -0.952944
0.721 5.64999 -1.1887
0.722 3.8997 -1.44566
0.723 1.24216 -1.63695
0.724 -1.44742 -1.66933
0.725 -3.21158 -1.488
0.726 -3.40329 -1.10019
0.727 -1.95105 -0.586189
0.728 0.605235 -0.0719605
0.729 3.28982 0.308376
0.73 5.11451 0.460958
0.731 5.47017 0.36882
0.732 4.37757 0.110955
0.733 2.48831 -0.185954
0.734 0.807715 -0.400082
0.735 0.250963 -0.459296
0.736 1.24006 -0.358778
0.737 3.55362 -0.190757
0.738 6.37965 -0.0781038
0.739 8.6024 -0.116549
0.74 9.30616 -0.348181
0.741 8.11298 -0.712265
0.742 5.35054 -1.07516
0.743 1.96525 -1.28915
0.744 -0.885013 -1.24296
0.745 -2.23258 -0.908277
0.746 -1.71052 -0.35401
0.747 0.31555 0.267665
0.748 2.93923 0.777538
0.749 5.04839 1.04402
0.75 5.80045 1.01773
0.751 4.92869 0.748146
0.752 2.83922 0.362728
0.753 0.438068 0.0138702
0.754 -1.2403 -0.186835
0.755 -1.44168 -0.200062
0.756 -0.00734715 -0.0670672
0.757 2.58797 0.108293
0.758 5.43071 0.197333
0.759 7.50776 0.118
0.76 8.13223 -0.129266
0.761 7.17168 -0.46525
0.762 5.08775 -0.770621
0.763 2.73773 -0.92624
0.764 1.01115 -0.849437
0.765 0.497729 -0.531987
0.766 1.28879 -0.0455962
0.767 2.94822 0.475256
0.768 4.71364 0.900131
0.769 5.81901 1.13787
0.77 5.79083 1.16249
0.771 4.61837 1.01008
0.772 2.7233 0.759017
0.773 0.769284 0.503111
0.774 -0.594801 0.307212
0.775 -0.996952 0.193925
0.776 -0.441773 0.139669
0.777 0.702478 0.101488
0.778 1.88891 0.0362741
0.779 2.60952 -0.0837896
0.78 2.60232 -0.246707
0.781 1.94967 -0.416265
0.782 0.987763 -0.546732
0.783 0.165843 -0.587415
0.784 -0.154308 -0.521744
0.785 0.142497 -0.363041
0.786 0.949562 -0.143624
0.787 1.97552 0.0888308
0.788 2.86846 0.292069
0.789 3.376 0.431291
0.79 3.4239 0.491914
0.791 3.12102 0.469547
0.792 2.68814 0.361729
0.793 2.34095 0.178944
0.794 2.2 -0.0599908
0.795 2.25159 -0.336334
0.796 2.35699 -0.625414
0.797 2.35484 -0.891981
0.798 2.1526 -1.1017
0.799 1.75815 -1.2221
0.8 1.29651 -1.23366
0.801 0.936108 -1.14267
0.802 0.813856 -0.974666
0.803 0.98134 -0.764422
0.804 1.35313 -0.538873
0.805 1.75829 -0.31394
0.806 2.0286 -0.0848472
0.807 2.07036 0.163348
0.808 1.91297 0.442828
0.809 1.6903 0.757236
0.81 1.59013 1.08281
0.811 1.76029 1.37223
0.812 2.21486 1.56807
0.813 2.83572 1.61801
0.814 3.41602 1.497
0.815 3.72244 1.22276
0.816 3.60545 0.849997
0.817 3.07197 0.453243
0.818 2.27254 0.10712
0.819 1.47067 -0.134578
0.82 0.916524 -0.258665
0.821 0.744929 -0.292728
0.822 0.947546 -0.28716
0.823 1.34817 -0.291969
0.824 1.68961 -0.332527
0.825 1.76312 -0.403665
0.826 1.47088 -0.469546
0.827 0.868573 -0.479356
0.828 0.161323 -0.390946
0.829 -0.382705 -0.195296
0.83 -0.560253 0.0755005
0.831 -0.304027 0.362487
0.832 0.298566 0.589174
0.833 1.03238 0.693732
0.834 1.64672 0.655463
0.835 1.94137 0.493415
0.836 1.86038 0.265226
0.837 1.49788 0.0405316
0.838 1.05312 -0.12334
0.839 0.742757 -0.196914
0.84 0.705253 -0.191995
0.841 0.950816 -0.147113
0.842 1.35938 -0.113417
0.843 1.74021 -0.128732
0.844 1.90134 -0.198726
0.845 1.73962 -0.300338
0.846 1.29417 -0.384862
0.847 0.705865 -0.403113
0.848 0.155972 -0.329896
0.849 -0.192688 -0.169437
0.85 -0.267506 0.0415444
0.851 -0.109648 0.245015
0.852 0.14454 0.382537
0.853 0.342081 0.420523
0.854 0.385806 0.358784
0.855 0.260981 0.227118
0.856 0.0472793 0.0757087
0.857 -0.113123 -0.0486741
0.858 -0.0952429 -0.116533
0.859 0.153393 -0.125621
0.86 0.589539 -0.0990408
0.861 1.09948 -0.0721652
0.862 1.53241 -0.0761197
0.863 1.76057 -0.119449
0.864 1.74359 -0.188174
0.865 1.53744 -0.252513
0.866 1.27134 -0.275484
0.867 1.07984 -0.229125
0.868 1.04024 -0.11206
0.869 1.14952 0.0524406
0.87 1.31948 0.22703
0.871 1.41075 0.369541
0.872 1.30809 0.450108
0.873 0.967417 0.459915
0.874 0.443648 0.409876
0.875 -0.121491 0.329467
0.876 -0.56342 0.250906
0.877 -0.750967 0.195034
0.878 -0.643558 0.16613
0.879 -0.306458 0.151956
0.88 0.116366 0.128634
0.881 0.456695 0.0784886
0.882 0.594562 -0.00352785
0.883 0.505769 -0.108152
0.884 0.267906 -0.212944
0.885 0.0235305 -0.288668
0.886 -0.0802232 -0.313161
0.887 0.0491958 -0.280901
0.888 0.397458 -0.203681
0.889 0.852367 -0.105415
0.89 1.25519 -0.0117001
0.891 1.45298 0.0557491
0.892 1.3656 0.0886542
0.893 1.01745 0.0919379
0.894 0.528076 0.0811171
0.895 0.0655186 0.0724266
0.896 -0.220813 0.0757518
0.897 -0.255621 0.0903517
0.898 -0.0628593 0.10646
0.899 0.247992 0.110361
0.9 0.528365 0.0901869
0.901 0.64857 0.0431165
0.902 0.552735 -0.0234813
0.903 0.281114 -0.0937543
0.904 -0.0556717 -0.149002
0.905 -0.320857 -0.174347
0.906 -0.405692 -0.165375
0.907 -0.273908 -0.12723
0.908 0.0231687 -0.0730345
0.909 0.373204 -0.0194343
0.91 0.648653 0.022515
0.911 0.755646 0.0488157
0.912 0.667166 0.0644715
0.913 0.431238 0.0784891
0.914 0.15014 0.0973182
0.915 -0.0646685 0.124355
0.916 -0.136267 0.156512
0.917 -0.048429 0.183322
0.918 0.151593 0.193342
0.919 0.375066 0.178423
0.92 0.530644 0.137126
0.921 0.559426 0.076562
0.922 0.458083 0.00804154
0.923 0.272023 -0.0551724
0.924 0.075004 -0.102122
0.925 -0.0588373 -0.127667
0.926 -0.0867393 -0.134437
0.927 -0.0113051 -0.130659
0.928 0.124314 -0.124501
0.929 0.257067 -0.120643
0.93 0.331355 -0.119755
0.931 0.31879 -0.11865
0.932 0.227254 -0.111351
0.933 0.0966933 -0.0925627
0.934 -0.0221154 -0.0602887
0.935 -0.086804 -0.0180915
0.936 -0.0787591 0.0268196
0.937 -0.00919343 0.0657311
0.938 0.0902946 0.0916931
0.939 0.180628 0.100752
0.94 0.231544 0.0939663
0.941 0.233635 0.077167
0.942 0.197366 0.0567829
0.943 0.146112 0.0384214
0.944 0.105887 0.0255071
0.945 0.0940931 0.0180314
0.946 0.112758 0.0130511
0.947 0.149085 0.0070348
0.948 0.183213 -0.00212926
0.949 0.197656 -0.0142153
0.95 0.183965 -0.0275652
0.951 0.145287 -0.0390025
0.952 0.0936498 -0.0449402
0.953 0.0455626 -0.0436352
0.954 0.0142932 -0.0352873
0.955 0.00432275 -0.0221329
0.956 0.0123883 -0.00750261
0.957 0.0288479 0.00530665
0.958 0.0436866 0.0141423
0.959 0.0504035 0.0184607
0.96 0.0483176 0.019115
0.961 0.0425064 0.0174069
0.962 0.0389042 0.0150436
0.963 0.0423066 0.0130549
0.964 0.0535648 0.0116252
0.965 0.0692743 0.0105025
0.966 0.0839964 0.00913938
0.967 0.0919431 0.00719796
0.968 0.0900356 0.00467117
0.969 0.0790062 0.00219386
0.97 0.0622997 0.000128346
0.971 0.0450684 -0.00118759
0.972 0.0315787 -0.00141423
0.973 0.023683 -0.000802491
0.974 0.0204697 0.000258467
0.975 0.0192515 0.00148857
0.976 0.0172528 0.00256047
0.977 0.0130048 0.00327782
0.978 0.00658505 0.00371445
0.979 -0.000454829 0.0039026
0.98 -0.00581406 0.00382127
0.981 -0.00781361 0.00341432
0.982 -0.00612224 0.00259491
0.983 -0.00170851 0.00137564
0.984 0.00361068 -7.88621e-05
0.985 0.0079777 -0.00152558
0.986 0.0102729 -0.00271461
0.987 0.0103218 -0.00343081
0.988 0.00881154 -0.00357118
0.989 0.00678662 -0.00322461
0.99 0.00505388 -0.00258016
0.991 0.003982 -0.00185398
0.992 0.00348338 -0.00122204
0.993 0.00319203 -0.000758566
0.994 0.00277894 -0.000453369
0.995 0.00213435 -0.000258092
0.996 0.00137125 -0.000128736
0.997 0.00069279 -4.17184e-05
0.998 0.000245632 2.18028e-06
0.999 4.37557e-05 7.36061e-06
0.12 30.1605 -0.828749
0.24 30.0788 -0.825894
0.36 29.9431 -0.821151
0.48 29.7541 -0.814543
0.6 29.5124 -0.806103
0.72 29.2192 -0.795872
0.84 28.8759 -0.7839
0.96 28.4839 -0.770246
1.08 28.045 -0.754974
1.2 27.561 -0.738159
1.32 27.0342 -0.719882
1.44 26.4668 -0.700229
1.56 25.8612 -0.679293
1.68 25.2201 -0.657172
1.8 24.5461 -0.63397
1.92 23.8422 -0.609793
2.04 23.1111 -0.584751
2.16 22.356 -0.558957
2.28 21.5799 -0.532526
2.4 20.786 -0.505575
2.52 19.9773 -0.478218
2.64 19.157 -0.450574
2.76 18.3282 -0.422756
2.88 17.4941 -0.39488
3 16.6577 -0.367055
3.12 15.822 -0.339392
3.24 14.9899 -0.311996
3.36 14.1643 -0.284966
3.48 13.348 -0.258401
3.6 12.5434 -0.232391
3.72 11.7532 -0.207021
3.84 10.9796 -0.182372
3.96 10.2249 -0.158518
4.08 9.49109 -0.135523
4.2 8.78001 -0.11345
4.32 8.09338 -0.0923488
4.44 7.43271 -0.0722662
4.56 6.79934 -0.0532398
4.68 6.19441 -0.0352999
4.8 5.61889 -0.0184695
4.92 5.07355 -0.00276419
5.04 4.55899 0.0118077
5.16 4.07563 0.025245
5.28 3.62369 0.0375535
5.4 3.20325 0.0487454
5.52 2.81419 0.0588395
5.64 2.45625 0.0678606
5.76 2.12902 0.075839
5.88 1.83193 0.0828104
6 1.56428 0.0888152
6.12 1.32526 0.0938982
6.24 1.11392 0.0981081
6.36 0.929221 0.101497
6.48 0.770034 0.10412
6.6 0.635141 0.106034
6.72 0.523255 0.107298
6.84 0.433032 0.107974
6.96 0.363079 0.108121
7.08 0.311971 0.107802
7.2 0.278256 0.107079
7.32 0.260469 0.106011
7.44 0.257146 0.104659
7.56 0.266825 0.10308
7.68 0.288067 0.101332
7.8 0.319456 0.0994667
7.92 0.359612 0.0975362
8.04 0.4072 0.0955882
8.16 0.460933 0.0936676
8.28 0.519582 0.0918153
8.4 0.58198 0.0900688
8.52 0.647029 0.0884615
8.64 0.713699 0.0870225
8.76 0.781041 0.085777
8.88 0.848178 0.0847459
9 0.914316 0.0839454
9.12 0.978742 0.083388
9.24 1.04082 0.0830816
9.36 1.1 0.08303
9.48 1.15581 0.0832328
9.6 1.20786 0.0836861
9.72 1.25582 0.0843819
9.84 1.29946 0.0853088
9.96 1.33859 0.0864519
10.08 1.37312 0.0877936
10.2 1.40298 0.0893132
10.32 1.4282 0.0909875
10.44 1.44884 0.092791
10.56 1.46501 0.0946966
10.68 1.47687 0.0966752
10.8 1.48461 0.0986966
10.92 1.48846 0.10073
11.04 1.48867 0.102742
11.16 1.48552 0.104702
11.28 1.47931 0.106577
11.4 1.47033 0.108335
11.52 1.45892 0.109945
11.64 1.44538 0.111375
11.76 1.43003 0.112598
11.88 1.41319 0.113583
12 1.39515 0.114306
12.12 1.37622 0.11474
12.24 1.35666 0.114864
12.36 1.33674 0.114657
12.48 1.3167 0.114101
12.6 1.29675 0.11318
12.72 1.27709 0.111881
12.84 1.2579 0.110193
12.96 1.23933 0.108109
13.08 1.22148 0.105624
13.2 1.20447 0.102735
13.32 1.18836 0.0994436
13.44 1.17321 0.0957528
13.56 1.15903 0.0916687
13.68 1.14584 0.0872
13.8 1.13361 0.0823579
13.92 1.12231 0.0771563
14.04 1.11189 0.0716111
14.16 1.10227 0.0657407
14.28 1.09337 0.0595655
14.4 1.0851 0.0531077
14.52 1.07736 0.0463913
14.64 1.07002 0.0394421
14.76 1.06298 0.032287
14.88 1.05611 0.0249543
15 1.0493 0.0174732
15.12 1.04242 0.00987373
15.24 1.03535 0.00218671
15.36 1.02799 -0.00555672
15.48 1.02023 -0.0133251
15.6 1.01195 -0.021087
15.72 1.00308 -0.0288109
15.84 0.993538 -0.0364659
15.96 0.983243 -0.0440212
16.08 0.972141 -0.051447
16.2 0.960183 -0.0587139
16.32 0.947336 -0.0657937
16.44 0.933575 -0.0726593
16.56 0.918893 -0.0792847
16.68 0.90329 -0.0856452
16.8 0.886782 -0.0917176
16.92 0.869395 -0.0974803
17.04 0.851166 -0.102913
17.16 0.832142 -0.107998
17.28 0.81238 -0.112718
17.4 0.791945 -0.117059
17.52 0.770911 -0.121008
17.64 0.749355 -0.124553
17.76 0.727363 -0.127686
17.88 0.705022 -0.1304
18 0.682424 -0.132689
18.12 0.659662 -0.13455
18.24 0.636828 -0.135982
18.36 0.614017 -0.136986
18.48 0.591318 -0.137563
18.6 0.568821 -0.137719
18.72 0.54661 -0.137459
18.84 0.524766 -0.136791
18.96 0.503362 -0.135725
19.08 0.482469 -0.13427
19.2 0.462148 -0.132441
19.32 0.442455 -0.13025
19.44 0.423436 -0.127713
19.56 0.405132 -0.124847
19.68 0.387575 -0.121669
19.8 0.370789 -0.118198
19.92 0.354788 -0.114453
20.04 0.339582 -0.110457
20.16 0.325171 -0.106229
20.28 0.311548 -0.101792
20.4 0.2987 -0.0971695
20.52 0.286606 -0.0923834
20.64 0.27524 -0.0874578
20.76 0.264572 -0.0824163
20.88 0.254566 -0.0772831
21 0.245183 -0.0720819
21.12 0.23638 -0.0668368
21.24 0.228111 -0.0615715
21.36 0.220331 -0.0563096
21.48 0.21299 -0.0510741
21.6 0.206041 -0.0458878
21.72 0.199437 -0.0407728
21.84 0.193129 -0.0357507
21.96 0.187074 -0.0308421
22.08 0.181228 -0.026067
22.2 0.175551 -0.0214445
22.32 0.170005 -0.0169927
22.44 0.164557 -0.0127286
22.56 0.159178 -0.00866817
22.68 0.153841 -0.00482612
22.8 0.148525 -0.00121602
22.92 0.143213 0.00214989
23.04 0.137892 0.00526068
23.16 0.132555 0.00810678
23.28 0.127198 0.01068
23.4 0.12182 0.0129736
23.52 0.116426 0.0149822
23.64 0.111025 0.016702
23.76 0.105627 0.0181305
23.88 0.100247 0.0192667
24 0.0949029 0.0201112
24.12 0.0896132 0.0206657
24.24 0.0843992 0.0209336
24.36 0.0792837 0.0209194
24.48 0.0742898 0.0206291
24.6 0.0694415 0.02007
24.72 0.0647626 0.0192506
24.84 0.0602761 0.0181804
24.96 0.0560044 0.0168702
25.08 0.0519684 0.0153317
25.2 0.0481872 0.0135778
25.32 0.0446778 0.011622
25.44 0.0414549 0.00947872
25.56 0.0385303 0.00716311
25.68 0.035913 0.0046909
25.8 0.0336087 0.00207836
25.92 0.0316201 -0.000657835
26.04 0.0299464 -0.00350066
26.16 0.0285834 -0.00643288
26.28 0.0275234 -0.00943711
26.4 0.0267556 -0.012496
26.52 0.0262659 -0.0155921
26.64 0.0260371 -0.0187084
26.76 0.026049 -0.0218279
26.88 0.026279 -0.024934
27 0.0267018 -0.0280108
27.12 0.0272901 -0.0310427
27.24 0.028015 -0.0340146
27.36 0.028846 -0.0369123
27.48 0.0297513 -0.0397224
27.6 0.0306988 -0.0424322
27.72 0.0316556 -0.0450299
27.84 0.0325891 -0.0475047
27.96 0.0334671 -0.0498468
28.08 0.0342579 -0.0520472
28.2 0.0349312 -0.0540984
28.32 0.035458 -0.0559935
28.44 0.035811 -0.0577271
28.56 0.035965 -0.0592946
28.68 0.0358971 -0.0606928
28.8 0.0355868 -0.0619194
28.92 0.0350167 -0.0629732
29.04 0.0341717 -0.0638543
29.16 0.0330402 -0.0645635
29.28 0.0316134 -0.0651029
29.4 0.0298858 -0.0654755
29.52 0.027855 -0.0656852
29.64 0.0255216 -0.0657368
29.76 0.0228896 -0.0656359
29.88 0.0199656 -0.0653889
30 0.0167592 -0.0650029
30.12 0.0132827 -0.0644857
30.24 0.00955094 -0.0638454
30.36 0.00558093 -0.063091
30.48 0.00139181 -0.0622317
30.6 -0.00299547 -0.0612768
30.72 -0.00755845 -0.0602364
30.84 -0.0122734 -0.0591203
30.96 -0.0171155 -0.0579387
31.08 -0.0220594 -0.0567016
31.2 -0.0270792 -0.0554193
31.32 -0.032149 -0.0541017
31.44 -0.0372428 -0.0527586
31.56 -0.0423353 -0.0513996
31.68 -0.0474017 -0.050034
31.8 -0.0524181 -0.0486705
31.92 -0.0573616 -0.0473178
32.04 -0.0622108 -0.0459838
32.16 -0.0669458 -0.044676
32.28 -0.0715481 -0.0434013
32.4 -0.0760011 -0.042166
32.52 -0.08029 -0.0409759
32.64 -0.0844019 -0.0398359
32.76 -0.088326 -0.0387506
32.88 -0.0920533 -0.0377235
33 -0.0955769 -0.0367578
33.12 -0.0988917 -0.0358556
33.24 -0.101995 -0.0350187
33.36 -0.104884 -0.0342479
33.48 -0.107562 -0.0335435
33.6 -0.110028 -0.0329051
33.72 -0.112287 -0.0323316
33.84 -0.114343 -0.0318214
33.96 -0.116203 -0.0313721
34.08 -0.117873 -0.0309811
34.2 -0.119362 -0.030645
34.32 -0.120677 -0.0303598
34.44 -0.121828 -0.0301215
34.56 -0.122823 -0.0299254
34.68 -0.123673 -0.0297663
34.8 -0.124387 -0.0296391
34.92 -0.124974 -0.0295381
35.04 -0.125442 -0.0294575
35.16 -0.125801 -0.0293915
35.28 -0.126059 -0.0293338
35.4 -0.126222 -0.0292785
35.52 -0.126298 -0.0292193
35.64 -0.126292 -0.0291501
35.76 -0.126209 -0.0290649
35.88 -0.126053 -0.0289577
36 -0.125828 -0.0288228
36.12 -0.125536 -0.0286546
36.24 -0.125177 -0.0284478
36.36 -0.124753 -0.0281973
36.48 -0.124264 -0.0278983
36.6 -0.123708 -0.0275466
36.72 -0.123084 -0.0271381
36.84 -0.122389 -0.0266691
36.96 -0.121621 -0.0261365
37.08 -0.120777 -0.0255376
37.2 -0.119854 -0.0248699
37.32 -0.118848 -0.0241318
37.44 -0.117755 -0.0233218
37.56 -0.116572 -0.0224392
37.68 -0.115296 -0.0214836
37.8 -0.113923 -0.0204551
37.92 -0.112451 -0.0193545
38.04 -0.110879 -0.0181828
38.16 -0.109204 -0.0169418
38.28 -0.107425 -0.0156335
38.4 -0.105542 -0.0142606
38.52 -0.103556 -0.0128261
38.64 -0.101468 -0.0113335
38.76 -0.099281 -0.00978671
38.88 -0.0969969 -0.00819002
39 -0.0946202 -0.00654811
39.12 -0.0921556 -0.00486603
39.24 -0.0896088 -0.00314912
39.36 -0.0869862 -0.00140302
39.48 -0.084295 0.000366359
39.6 -0.081543 0.00215288
39.72 -0.0787388 0.00395021
39.84 -0.0758914 0.00575183
39.96 -0.0730104 0.00755113
40.08 -0.0701056 0.00934136
40.2 -0.0671871 0.0111157
40.32 -0.0642655 0.0128674
40.44 -0.0613509 0.0145896
40.56 -0.0584539 0.0162756
40.68 -0.0555847 0.0179186
40.8 -0.0527533 0.0195122
40.92 -0.0499693 0.0210499
41.04 -0.047242 0.0225254
41.16 -0.0445802 0.0239328
41.28 -0.0419919 0.0252663
41.4 -0.0394847 0.0265205
41.52 -0.0370653 0.0276901
41.64 -0.0347396 0.0287703
41.76 -0.0325129 0.0297568
41.88 -0.0303894 0.0306453
42 -0.0283725 0.0314323
42.12 -0.0264649 0.0321145
42.24 -0.0246681 0.0326891
42.36 -0.0229829 0.0331538
42.48 -0.0214095 0.0335067
42.6 -0.0199469 0.0337465
42.72 -0.0185936 0.0338722
42.84 -0.0173473 0.0338837
42.96 -0.0162051 0.0337808
43.08 -0.0151635 0.0335643
43.2 -0.0142186 0.0332354
43.32 -0.0133659 0.0327955
43.44 -0.0126007 0.0322469
43.56 -0.011918 0.031592
43.68 -0.0113127 0.030834
43.8 -0.0107796 0.0299762
43.92 -0.0103133 0.0290226
44.04 -0.00990878 0.0279774
44.16 -0.00956097 0.0268453
44.28 -0.00926511 0.0256313
44.4 -0.00901669 0.0243408
44.52 -0.00881156 0.0229793
44.64 -0.00864596 0.0215527
44.76 -0.00851656 0.0200671
44.88 -0.0084205 0.0185289
45 -0.00835539 0.0169445
45.12 -0.00831936 0.0153205
45.24 -0.00831103 0.0136635
45.36 -0.00832953 0.0119804
45.48 -0.00837444 0.0102778
45.6 -0.00844581 0.00856244
45.72 -0.00854412 0.00684105
45.84 -0.0086702 0.00512019
45.96 -0.00882523 0.00340634
46.08 -0.00901064 0.00170581
46.2 -0.00922808 2.47253e-05
46.32 -0.00947935 -0.00163099
46.44 -0.0097663 -0.00325567
46.56 -0.0100908 -0.00484388
46.68 -0.0104546 -0.0063905
46.8 -0.0108594 -0.00789072
46.92 -0.0113066 -0.00934003
47.04 -0.0117974 -0.0107343
47.16 -0.0123324 -0.0120697
47.28 -0.0129121 -0.0133428
47.4 -0.0135363 -0.0145506
47.52 -0.0142043 -0.0156903
47.64 -0.0149151 -0.0167597
47.76 -0.0156666 -0.0177568
47.88 -0.0164565 -0.0186801
48 -0.0172816 -0.0195284
48.12 -0.0181382 -0.0203008
48.24 -0.0190218 -0.0209968
48.36 -0.0199274 -0.0216164
48.48 -0.0208492 -0.0221597
48.6 -0.021781 -0.0226272
48.72 -0.0227159 -0.0230196
48.84 -0.0236465 -0.023338
48.96 -0.0245651 -0.0235836
49.08 -0.0254634 -0.023758
49.2 -0.0263331 -0.0238629
49.32 -0.0271654 -0.0239002
49.44 -0.0279515 -0.0238718
49.56 -0.0286825 -0.0237799
49.68 -0.0293495 -0.0236269
49.8 -0.0299439 -0.0234151
49.92 -0.0304571 -0.0231469
50.04 -0.0308812 -0.0228248
50.16 -0.0312082 -0.0224513
50.28 -0.0314311 -0.0220288
50.4 -0.0315433 -0.0215599
50.52 -0.0315388 -0.021047
50.64 -0.0314125 -0.0204924
50.76 -0.03116 -0.0198986
50.88 -0.030778 -0.0192677
51 -0.030264 -0.0186021
51.12 -0.0296165 -0.0179038
51.24 -0.0288349 -0.0171748
51.36 -0.02792 -0.0164171
51.48 -0.0268733 -0.0156325
51.6 -0.0256975 -0.0148227
51.72 -0.0243965 -0.0139895
51.84 -0.0229749 -0.0131344
51.96 -0.0214385 -0.0122588
52.08 -0.0197942 -0.0113643
52.2 -0.0180495 -0.0104521
52.32 -0.016213 -0.00952364
52.44 -0.0142939 -0.0085801
52.56 -0.0123022 -0.00762273
52.68 -0.0102485 -0.00665276
52.8 -0.00814384 -0.0056714
52.92 -0.00599978 -0.00467985
53.04 -0.00382816 -0.00367936
53.16 -0.00164105 -0.00267119
53.28 0.000549396 -0.00165665
53.4 0.00273099 -0.000637088
53.52 0.00489167 0.000386061
53.64 0.00701958 0.0014113
53.76 0.00910316 0.00243706
53.88 0.0111313 0.00346167
54 0.0130934 0.00448338
54.12 0.0149793 0.00550032
54.24 0.0167798 0.00651056
54.36 0.0184863 0.00751204
54.48 0.020091 0.00850262
54.6 0.021587 0.00948005
54.72 0.0229683 0.010442
54.84 0.02423 0.0113861
54.96 0.0253681 0.0123099
55.08 0.0263796 0.0132107
55.2 0.0272625 0.0140861
55.32 0.0280161 0.0149334
55.44 0.0286402 0.01575
55.56 0.0291362 0.0165332
55.68 0.029506 0.0172803
55.8 0.0297525 0.0179889
55.92 0.0298798 0.0186563
56.04 0.0298924 0.01928
56.16 0.0297958 0.0198577
56.28 0.0295961 0.0203871
56.4 0.0293001 0.0208661
56.52 0.028915 0.0212926
56.64 0.0284487 0.0216648
56.76 0.0279092 0.021981
56.88 0.0273048 0.0222399
57 0.0266442 0.0224402
57.12 0.0259361 0.0225809
57.24 0.0251891 0.0226613
57.36 0.024412 0.0226809
57.48 0.0236131 0.0226394
57.6 0.0228008 0.022537
57.72 0.021983 0.0223739
57.84 0.0211673 0.0221508
57.96 0.020361 0.0218686
58.08 0.0195706 0.0215284
58.2 0.0188023 0.0211317
58.32 0.0180617 0.0206803
58.44 0.0173537 0.0201762
58.56 0.0166826 0.0196215
58.68 0.0160521 0.0190188
58.8 0.015465 0.0183709
58.92 0.0149237 0.0176805
59.04 0.0144296 0.0169508
59.16 0.0139837 0.0161852
59.28 0.0135862 0.015387
59.4 0.0132366 0.0145599
59.52 0.012934 0.0137073
59.64 0.0126767 0.0128332
59.76 0.0124625 0.0119413
59.88 0.0122887 0.0110355
60 0.0121522 0.0101194
60.12 0.0120495 0.00919701
60.24 0.0119766 0.00827201
60.36 0.0119293 0.00734808
60.48 0.0119032 0.00642882
60.6 0.0118935 0.00551768
60.72 0.0118955 0.004618
60.84 0.0119043 0.00373294
60.96 0.011915 0.00286548
61.08 0.0119225 0.00201843
61.2 0.0119221 0.00119436
61.32 0.0119091 0.000395642
61.44 0.0118788 -0.000375592
61.56 0.0118268 -0.00111745
61.68 0.011749 -0.0018283
61.8 0.0116415 -0.00250673
61.92 0.0115006 -0.00315161
62.04 0.0113231 -0.00376204
62.16 0.0111061 -0.00433737
62.28 0.0108468 -0.00487721
62.4 0.0105431 -0.00538137
62.52 0.0101931 -0.00584992
62.64 0.00979533 -0.00628313
62.76 0.00934859 -0.00668147
62.88 0.00885215 -0.00704558
63 0.00830561 -0.00737629
63.12 0.00770892 -0.00767458
63.24 0.00706237 -0.00794157
63.36 0.00636656 -0.00817847
63.48 0.00562242 -0.00838662
63.6 0.00483114 -0.0085674
63.72 0.00399417 -0.00872227
63.84 0.00311323 -0.00885271
63.96 0.00219024 -0.00896024
64.08 0.00122731 -0.00904635
64.2 0.000226738 -0.00911252
64.32 -0.000809032 -0.00916019
64.44 -0.00187743 -0.00919073
64.56 -0.00297577 -0.00920546
64.68 -0.0041013 -0.0092056
64.8 -0.00525118 -0.00919228
64.92 -0.00642254 -0.00916652
65.04 -0.00761244 -0.00912921
65.16 -0.00881798 -0.00908113
65.28 -0.0100362 -0.00902293
65.4 -0.0112642 -0.00895511
65.52 -0.012499 -0.00887807
65.64 -0.0137379 -0.00879203
65.76 -0.0149778 -0.00869711
65.88 -0.0162161 -0.00859331
66 -0.0174499 -0.00848048
66.12 -0.0186766 -0.00835838
66.24 -0.0198934 -0.00822666
66.36 -0.0210978 -0.00808488
66.48 -0.0222872 -0.00793251
66.6 -0.0234591 -0.00776897
66.72 -0.024611 -0.00759361
66.84 -0.0257404 -0.00740575
66.96 -0.0268451 -0.00720469
67.08 -0.0279226 -0.00698972
67.2 -0.0289708 -0.00676015
67.32 -0.0299873 -0.00651531
67.44 -0.03097 -0.00625457
67.56 -0.0319167 -0.00597736
67.68 -0.0328252 -0.00568318
67.8 -0.0336936 -0.00537165
67.92 -0.0345199 -0.00504244
68.04 -0.0353019 -0.00469537
68.16 -0.0360379 -0.00433039
68.28 -0.036726 -0.00394756
68.4 -0.0373644 -0.00354709
68.52 -0.0379515 -0.00312936
68.64 -0.0384854 -0.00269489
68.76 -0.0389649 -0.00224437
68.88 -0.0393883 -0.00177862
69 -0.0397544 -0.00129866
69.12 -0.0400619 -0.000805645
69.24 -0.0403098 -0.000300888
69.36 -0.040497 0.000214148
69.48 -0.0406228 0.000737862
69.6 -0.0406865 0.00126852
69.72 -0.0406876 0.00180426
69.84 -0.0406257 0.00234313
69.96 -0.0405007 0.00288307
70.08 -0.0403126 0.00342193
70.2 -0.0400617 0.00395751
70.32 -0.0397484 0.00448757
70.44 -0.0393731 0.00500981
70.56 -0.0389369 0.00552195
70.68 -0.0384407 0.00602168
70.8 -0.0378857 0.00650674
70.92 -0.0372733 0.0069749
71.04 -0.0366053 0.00742398
71.16 -0.0358833 0.00785191
71.28 -0.0351094 0.00825667
71.4 -0.0342859 0.00863638
71.52 -0.033415 0.00898927
71.64 -0.0324994 0.0093137
71.76 -0.0315417 0.00960821
71.88 -0.0305448 0.00987147
72 -0.0295116 0.0101023
72.12 -0.0284453 0.0102999
72.24 -0.027349 0.0104633
72.36 -0.0262261 0.0105919
72.48 -0.0250799 0.0106855
72.6 -0.0239138 0.0107438
72.72 -0.0227314 0.0107668
72.84 -0.021536 0.0107546
72.96 -0.0203313 0.0107077
73.08 -0.0191206 0.0106267
73.2 -0.0179075 0.0105121
73.32 -0.0166955 0.0103651
73.44 -0.0154878 0.0101866
73.56 -0.0142879 0.00997772
73.68 -0.0130989 0.0097399
73.8 -0.011924 0.00947454
73.92 -0.0107663 0.00918317
74.04 -0.00962863 0.0088674
74.16 -0.00851381 0.00852893
74.28 -0.00742448 0.00816947
74.4 -0.00636315 0.00779079
74.52 -0.00533217 0.00739466
74.64 -0.00433371 0.00698285
74.76 -0.00336981 0.00655711
74.88 -0.00244229 0.00611915
75 -0.00155283 0.00567064
75.12 -0.000702924 0.00521315
75.24 0.000106127 0.00474821
75.36 0.000873195 0.00427723
75.48 0.00159734 0.00380151
75.6 0.00227779 0.00332225
75.72 0.00291397 0.00284053
75.84 0.00350549 0.00235727
75.96 0.0040521 0.00187328
76.08 0.00455377 0.00138922
76.2 0.00501061 0.000905616
76.32 0.0054229 0.000422834
76.44 0.0057911 -5.88835e-05
76.56 0.00611579 -0.000539438
76.68 0.00639773 -0.00101886
76.8 0.00663782 -0.00149731
76.92 0.00683709 -0.00197505
77.04 0.00699672 -0.00245248
77.16 0.00711799 -0.00293005
77.28 0.00720233 -0.00340834
77.4 0.00725124 -0.00388797
77.52 0.00726637 -0.00436963
77.64 0.00724944 -0.00485403
77.76 0.00720225 -0.00534192
77.88 0.00712671 -0.00583407
78 0.00702478 -0.0063312
78.12 0.00689847 -0.00683405
78.24 0.00674986 -0.00734329
78.36 0.00658108 -0.00785954
78.48 0.00639427 -0.00838334
78.6 0.00619161 -0.00891513
78.72 0.00597528 -0.00945528
78.84 0.00574747 -0.010004
78.96 0.00551036 -0.0105614
79.08 0.0052661 -0.0111274
79.2 0.00501681 -0.0117019
79.32 0.00476459 -0.0122844
79.44 0.00451145 -0.0128745
79.56 0.00425935 -0.0134714
79.68 0.0040102 -0.0140743
79.8 0.00376577 -0.0146821
79.92 0.00352779 -0.0152936
80.04 0.00329784 -0.0159074
80.16 0.0030774 -0.0165219
80.28 0.00286783 -0.0171354
80.4 0.00267034 -0.0177461
80.52 0.00248601 -0.0183517
80.64 0.00231578 -0.0189503
80.76 0.00216042 -0.0195394
80.88 0.00202055 -0.0201167
81 0.00189663 -0.0206796
81.12 0.00178895 -0.0212257
81.24 0.00169763 -0.0217522
81.36 0.00162265 -0.0222566
81.48 0.00156381 -0.022736
81.6 0.00152074 -0.0231879
81.72 0.00149293 -0.0236095
81.84 0.00147971 -0.0239982
81.96 0.00148029 -0.0243515
82.08 0.00149372 -0.0246669
82.2 0.00151895 -0.0249421
82.32 0.00155478 -0.0251747
82.44 0.00159996 -0.0253628
82.56 0.00165312 -0.0255044
82.68 0.00171283 -0.0255978
82.8 0.0017776 -0.0256414
82.92 0.00184591 -0.0256339
83.04 0.0019162 -0.0255742
83.16 0.00198692 -0.0254614
83.28 0.00205651 -0.0252951
83.4 0.00212348 -0.0250748
83.52 0.00218634 -0.0248004
83.64 0.0022437 -0.0244723
83.76 0.00229422 -0.0240908
83.88 0.00233668 -0.0236567
84 0.00236996 -0.0231712
84.12 0.00239306 -0.0226354
84.24 0.00240515 -0.022051
84.36 0.0024055 -0.0214198
84.48 0.00239358 -0.020744
84.6 0.00236901 -0.0200258
84.72 0.0023316 -0.0192679
84.84 0.00228132 -0.018473
84.96 0.00221833 -0.0176442
85.08 0.00214298 -0.0167846
85.2 0.00205579 -0.0158976
85.32 0.00195747 -0.0149867
85.44 0.0018489 -0.0140554
85.56 0.00173113 -0.0131075
85.68 0.00160534 -0.0121468
85.8 0.00147288 -0.0111772
85.92 0.00133524 -0.0102026
86.04 0.00119399 -0.00922688
86.16 0.00105084 -0.00825392
86.28 0.00090756 -0.00728764
86.4 0.000765985 -0.00633183
86.52 0.000627998 -0.00539024
86.64 0.000495505 -0.00446651
86.76 0.000370414 -0.00356417
86.88 0.000254612 -0.00268659
87 0.000149948 -0.001837
87.12 5.82054e-05 -0.00101844
87.24 -1.89121e-05 -0.000233779
87.36 -7.98055e-05 0.000514341
87.48 -0.000122998 0.00122349
87.6 -0.000147151 0.00189147
87.72 -0.000151086 0.00251633
87.84 -0.000133793 0.00309635
87.96 -9.44488e-05 0.00363011
88.08 -3.24258e-05 0.0041164
88.2 5.26983e-05 0.0045543
88.32 0.000161134 0.00494318
88.44 0.000292874 0.00528263
88.56 0.000447694 0.00557254
88.68 0.00062515 0.00581305
88.8 0.000824583 0.00600455
88.92 0.00104513 0.00614768
89.04 0.00128571 0.00624334
89.16 0.00154506 0.00629264
89.28 0.00182175 0.00629692
89.4 0.00211417 0.00625773
89.52 0.00242056 0.0061768
89.64 0.00273905 0.00605607
89.76 0.00306764 0.00589762
89.88 0.00340426 0.00570369
90 0.00374676 0.00547667
90.12 0.00409298 0.00521904
90.24 0.0044407 0.0049334
90.36 0.00478776 0.00462244
90.48 0.005132 0.0042889
90.6 0.00547134 0.00393557
90.72 0.00580377 0.00356529
90.84 0.00612742 0.00318089
90.96 0.00644052 0.00278522
91.08 0.00674146 0.00238111
91.2 0.00702883 0.00197134
91.32 0.0073014 0.00155865
91.44 0.00755813 0.00114573
91.56 0.00779824 0.00073519
91.68 0.00802117 0.000329538
91.8 0.00822661 -6.88059e-05
91.92 0.00841449 -0.000457533
92.04 0.00858503 -0.000834456
92.16 0.00873867 -0.00119752
92.28 0.00887614 -0.00154479
92.4 0.00899842 -0.00187449
92.52 0.00910672 -0.00218499
92.64 0.0092025 -0.00247481
92.76 0.00928745 -0.00274261
92.88 0.00936345 -0.00298724
93 0.0094326 -0.00320767
93.12 0.00949714 -0.00340305
93.24 0.0095595 -0.00357269
93.36 0.00962221 -0.00371604
93.48 0.00968791 -0.00383272
93.6 0.00975931 -0.00392249
93.72 0.00983919 -0.00398524
93.84 0.00993032 -0.00402104
93.96 0.0100355 -0.00403005
94.08 0.0101574 -0.00401259
94.2 0.0102988 -0.00396908
94.32 0.0104622 -0.00390007
94.44 0.0106501 -0.0038062
94.56 0.0108648 -0.00368824
94.68 0.0111084 -0.00354701
94.8 0.0113829 -0.00338344
94.92 0.0116899 -0.00319854
95.04 0.012031 -0.00299335
95.16 0.0124073 -0.00276901
95.28 0.0128199 -0.00252668
95.4 0.0132692 -0.00226758
95.52 0.0137557 -0.00199295
95.64 0.0142795 -0.00170407
95.76 0.0148402 -0.00140222
95.88 0.0154372 -0.0010887
96 0.0160697 -0.000764815
96.12 0.0167365 -0.000431873
96.24 0.0174359 -9.11639e-05
96.36 0.0181663 0.000256032
96.48 0.0189254 0.000608454
96.6 0.019711 0.000964866
96.72 0.0205204 0.00132406
96.84 0.0213507 0.00168486
96.96 0.0221989 0.00204613
97.08 0.0230616 0.00240676
97.2 0.0239355 0.00276571
97.32 0.024817 0.00312194
97.44 0.0257023 0.00347449
97.56 0.0265877 0.00382243
97.68 0.0274693 0.00416489
97.8 0.0283432 0.00450104
97.92 0.0292054 0.00483009
98.04 0.0300522 0.00515132
98.16 0.0308797 0.00546404
98.28 0.031684 0.00576761
98.4 0.0324617 0.00606143
98.52 0.033209 0.00634498
98.64 0.0339225 0.00661773
98.76 0.0345992 0.00687924
98.88 0.0352359 0.00712908
99 0.0358297 0.00736689
99.12 0.0363781 0.00759231
99.24 0.0368787 0.00780507
99.36 0.0373293 0.00800487
99.48 0.0377281 0.00819151
99.6 0.0380735 0.00836478
99.72 0.038364 0.00852451
99.84 0.0385987 0.00867057
99.96 0.0387768 0.00880285
100.08 0.0388977 0.00892128
100.2 0.0389611 0.00902581
100.32 0.0389672 0.00911641
100.44 0.0389162 0.00919309
100.56 0.0388086 0.00925588
100.68 0.0386451 0.00930483
100.8 0.0384269 0.00934003
100.92 0.038155 0.00936158
101.04 0.037831 0.00936962
101.16 0.0374564 0.00936431
101.28 0.037033 0.00934585
101.4 0.0365627 0.00931444
101.52 0.0360477 0.00927033
101.64 0.0354901 0.00921381
101.76 0.0348922 0.00914518
101.88 0.0342563 0.00906477
102 0.0335851 0.00897297
102.12 0.0328809 0.00887017
102.24 0.0321464 0.00875682
102.36 0.031384 0.00863339
102.48 0.0305964 0.00850041
102.6 0.0297862 0.00835842
102.72 0.0289558 0.008208
102.84 0.0281079 0.00804979
102.96 0.0272448 0.00788446
103.08 0.0263689 0.00771271
103.2 0.0254827 0.00753528
103.32 0.0245883 0.00735295
103.44 0.023688 0.00716655
103.56 0.0227837 0.00697692
103.68 0.0218776 0.00678496
103.8 0.0209714 0.00659159
103.92 0.020067 0.00639776
104.04 0.0191661 0.00620445
104.16 0.0182701 0.00601267
104.28 0.0173805 0.00582345
104.4 0.0164987 0.00563784
104.52 0.0156259 0.00545689
104.64 0.0147632 0.00528168
104.76 0.0139115 0.00511329
104.88 0.0130719 0.00495281
105 0.012245 0.0048013
105.12 0.0114317 0.00465983
105.24 0.0106324 0.00452945
105.36 0.00984772 0.0044112
105.48 0.0090781 0.00430607
105.6 0.00832386 0.00421503
105.72 0.0075853 0.00413902
105.84 0.00686262 0.0040789
105.96 0.00615598 0.00403552
106.08 0.00546547 0.00400964
106.2 0.00479113 0.00400196
106.32 0.00413298 0.00401311
106.44 0.00349099 0.00404365
106.56 0.0028651 0.00409404
106.68 0.00225524 0.00416466
106.8 0.00166132 0.00425581
106.92 0.00108323 0.00436765
107.04 0.000520887 0.00450028
107.16 -2.58049e-05 0.00465367
107.28 -0.000556919 0.00482767
107.4 -0.00107251 0.00502205
107.52 -0.0015726 0.00523643
107.64 -0.00205718 0.00547032
107.76 -0.00252621 0.00572314
107.88 -0.00297957 0.00599415
108 -0.00341711 0.00628253
108.12 -0.00383862 0.00658732
108.24 -0.00424381 0.00690745
108.36 -0.00463233 0.00724175
108.48 -0.00500373 0.00758894
108.6 -0.00535751 0.00794764
108.72 -0.00569305 0.00831636
108.84 -0.00600965 0.00869354
108.96 -0.00630652 0.00907753
109.08 -0.00658277 0.0094666
109.2 -0.00683741 0.00985895
109.32 -0.00706935 0.0102527
109.44 -0.00727739 0.0106461
109.56 -0.00746023 0.011037
109.68 -0.00761648 0.0114235
109.8 -0.00774464 0.0118037
109.92 -0.00784312 0.0121755
110.04 -0.00791023 0.012537
110.16 -0.00794421 0.0128862
110.28 -0.00794321 0.0132212
110.4 -0.0079053 0.01354
110.52 -0.00782849 0.0138409
110.64 -0.00771073 0.0141221
110.76 -0.00754995 0.0143817
110.88 -0.00734401 0.0146184
111 -0.00709076 0.0148304
111.12 -0.00678806 0.0150164
111.24 -0.00643376 0.0151752
111.36 -0.00602572 0.0153056
111.48 -0.00556186 0.0154064
111.6 -0.00504015 0.015477
111.72 -0.0044586 0.0155164
111.84 -0.00381535 0.0155242
111.96 -0.00310862 0.0154999
112.08 -0.00233676 0.0154433
112.2 -0.00149826 0.0153542
112.32 -0.000591773 0.0152329
112.44 0.000383882 0.0150794
112.56 0.00142968 0.0148943
112.68 0.00254638 0.0146781
112.8 0.00373453 0.0144316
112.92 0.00499443 0.0141558
113.04 0.0063261 0.0138516
113.16 0.00772932 0.0135203
113.28 0.00920356 0.0131634
113.4 0.010748 0.0127823
113.52 0.0123616 0.0123786
113.64 0.0140428 0.0119541
113.76 0.0157899 0.0115107
113.88 0.0176009 0.0110504
114 0.0194734 0.0105751
114.12 0.0214045 0.0100871
114.24 0.0233913 0.00958855
114.36 0.0254305 0.00908165
114.48 0.0275182 0.0085687
114.6 0.0296505 0.00805199
114.72 0.0318232 0.00753384
114.84 0.0340316 0.00701654
114.96 0.0362708 0.00650238
115.08 0.0385357 0.00599363
115.2 0.040821 0.00549248
115.32 0.043121 0.0050011
115.44 0.04543 0.00452157
115.56 0.0477419 0.00405591
115.68 0.0500507 0.00360602
115.8 0.05235 0.00317373
115.92 0.0546335 0.00276074
116.04 0.0568947 0.00236866
116.16 0.059127 0.00199894
116.28 0.0613239 0.00165293
116.4 0.063479 0.00133182
116.52 0.0655856 0.00103668
116.64 0.0676373 0.000768416
116.76 0.0696278 0.000527809
116.88 0.0715509 0.000315481
117 0.0734004 0.00013191
117.12 0.0751705 -2.25746e-05
117.24 0.0768554 -0.000147783
117.36 0.0784498 -0.000243668
117.48 0.0799484 -0.000310319
117.6 0.0813463 -0.000347957
117.72 0.0826389 -0.000356929
117.84 0.083822 -0.000337703
117.96 0.0848916 -0.000290857
118.08 0.0858441 -0.000217075
118.2 0.0866764 -0.000117136
118.32 0.0873858 8.09252e-06
118.44 0.0879699 0.000157666
118.56 0.0884268 0.000330572
118.68 0.088755 0.000525737
118.8 0.0889534 0.000742043
118.92 0.0890215 0.000978328
119.04 0.0889592 0.0012334
119.16 0.0887666 0.00150606
119.28 0.0884447 0.00179509
119.4 0.0879947 0.00209926
119.52 0.0874181 0.00241736
119.64 0.086717 0.00274819
119.76 0.0858941 0.00309059
119.88 0.0849521 0.0034434
120 0.0838945 0.00380552
