-0.999 -5.22616e-05 -3.44607e-05
-0.998 -0.000197264 -0.000148946
-0.997 -0.000357305 -0.000353134
-0.996 -0.000447917 -0.000635487
-0.995 -0.000483409 -0.00095583
-0.994 -0.000623116 -0.0012527
-0.993 -0.00110496 -0.00146509
-0.992 -0.00208235 -0.00156011
-0.991 -0.0034471 -0.00155124
-0.99 -0.00475495 -0.00149179
-0.989 -0.0053424 -0.0014412
-0.988 -0.00462765 -0.00142355
-0.987 -0.00246636 -0.0014097
-0.986 0.000630068 -0.00134116
-0.985 0.0035593 -0.0011884
-0.984 0.00498996 -0.00101977
-0.983 0.00389561 -0.00105197
-0.982 4.54757e-05 -0.00164853
-0.981 -0.00578737 -0.00323765
-0.98 -0.0120643 -0.00615245
-0.979 -0.0171307 -0.0104516
-0.978 -0.0199989 -0.0158148
-0.977 -0.020873 -0.0215804
-0.976 -0.0211362 -0.0269149
-0.975 -0.022781 -0.0310492
-0.974 -0.0274917 -0.0335017
-0.973 -0.0357173 -0.0342156
-0.972 -0.0461261 -0.0335445
-0.971 -0.0557798 -0.0320593
-0.97 -0.0611099 -0.0302378
-0.969 -0.0593392 -0.0281882
-0.968 -0.0496787 -0.0255698
-0.967 -0.0337222 -0.021769
-0.966 -0.0149048 -0.0162512
-0.965 0.00268637 -0.00894647
-0.964 0.0157061 -0.000523541
-0.963 0.0227055 0.00757836
-0.962 0.0245863 0.0134399
-0.961 0.0240107 0.0152278
-0.96 0.0238976 0.0118356
-0.959 0.0257586 0.00331479
-0.958 0.0288164 -0.00910245
-0.957 0.0303485 -0.0233869
-0.956 0.0269455 -0.0373371
-0.955 0.0160121 -0.0492411
-0.954 -0.0030314 -0.0583678
-0.953 -0.0282162 -0.0650815
-0.952 -0.055488 -0.0704857
-0.951 -0.0802309 -0.0757403
-0.95 -0.0992594 -0.0814004
-0.949 -0.112171 -0.087121
-0.948 -0.121237 -0.0918479
-0.947 -0.129958 -0.0943514
-0.946 -0.141186 -0.0938576
-0.945 -0.155671 -0.0905759
-0.944 -0.1715 -0.0859257
-0.943 -0.184658 -0.082265
-0.942 -0.190761 -0.0821223
-0.941 -0.187415 -0.0872516
-0.94 -0.175879 -0.0979724
-0.939 -0.160827 -0.113073
-0.938 -0.148197 -0.130235
-0.937 -0.142305 -0.146704
-0.936 -0.143649 -0.159971
-0.935 -0.148149 -0.168303
-0.934 -0.148018 -0.17098
-0.933 -0.134403 -0.168092
-0.932 -0.101434 -0.160015
-0.931 -0.0499973 -0.146968
-0.93 0.0111455 -0.12899
-0.929 0.0680055 -0.106303
-0.928 0.10648 -0.0797866
-0.927 0.117318 -0.0512502
-0.926 0.0990807 -0.0234243
-0.925 0.0586385 0.00030989
-0.924 0.00915441 0.0164892
-0.923 -0.034638 0.0224025
-0.922 -0.062946 0.0168116
-0.921 -0.0761579 7.38529e-05
-0.92 -0.0853113 -0.0263994
-0.919 -0.106981 -0.0609099
-0.918 -0.155347 -0.101922
-0.917 -0.235413 -0.147996
-0.916 -0.339683 -0.197411
-0.915 -0.44869 -0.247761
-0.914 -0.535368 -0.295593
-0.913 -0.573265 -0.336214
-0.912 -0.546632 -0.36413
-0.911 -0.457763 -0.374366
-0.91 -0.327238 -0.364243
-0.909 -0.186693 -0.334646
-0.908 -0.067862 -0.290022
-0.907 0.00739834 -0.237109
-0.906 0.0332363 -0.183097
-0.905 0.0209804 -0.133905
-0.904 -0.00535369 -0.092923
-0.903 -0.0189911 -0.0605416
-0.902 -0.00248749 -0.0348866
-0.901 0.0438187 -0.0137315
-0.9 0.101297 0.00329128
-0.899 0.140249 0.0135173
-0.898 0.131196 0.0119751
-0.897 0.0561597 -0.00632802
-0.896 -0.0830931 -0.0437728
-0.895 -0.262427 -0.0982532
-0.894 -0.440557 -0.162642
-0.893 -0.571755 -0.225956
-0.892 -0.621271 -0.276275
-0.891 -0.576754 -0.304704
-0.89 -0.451611 -0.308748
-0.889 -0.28051 -0.293402
-0.888 -0.109248 -0.269193
-0.887 0.0186413 -0.24814
-0.886 0.075533 -0.239452
-0.885 0.0588523 -0.246495
-0.884 -0.00923944 -0.265886
-0.883 -0.0922864 -0.289222
-0.882 -0.154879 -0.307172
-0.881 -0.175883 -0.314436
-0.88 -0.155622 -0.313119
-0.879 -0.116368 -0.31249
-0.878 -0.0961166 -0.325029
-0.877 -0.135815 -0.360774
-0.876 -0.262703 -0.422515
-0.875 -0.476464 -0.503451
-0.874 -0.745565 -0.588067
-0.873 -1.01592 -0.656453
-0.872 -1.22729 -0.691199
-0.871 -1.33072 -0.684319
-0.87 -1.30241 -0.640735
-0.869 -1.1513 -0.576175
-0.868 -0.917907 -0.510527
-0.867 -0.662587 -0.460113
-0.866 -0.445792 -0.432085
-0.865 -0.307784 -0.422426
-0.864 -0.256422 -0.417878
-0.863 -0.267171 -0.401589
-0.862 -0.293852 -0.361079
-0.861 -0.28569 -0.295209
-0.86 -0.205826 -0.216091
-0.859 -0.0461212 -0.144311
-0.858 0.167048 -0.099971
-0.857 0.379392 -0.0943328
-0.856 0.526287 -0.125515
-0.855 0.554945 -0.179118
-0.854 0.443098 -0.23315
-0.853 0.207946 -0.266121
-0.852 -0.0976697 -0.266145
-0.851 -0.401269 -0.237092
-0.85 -0.634156 -0.197857
-0.849 -0.754355 -0.17439
-0.848 -0.760746 -0.188725
-0.847 -0.693203 -0.250565
-0.846 -0.618837 -0.354502
-0.845 -0.608932 -0.482748
-0.844 -0.713541 -0.61178
-0.843 -0.941846 -0.721079
-0.842 -1.25587 -0.801213
-0.841 -1.58093 -0.85716
-0.84 -1.82937 -0.904026
-0.839 -1.92881 -0.956928
-0.838 -1.84487 -1.02085
-0.837 -1.59116 -1.08581
-0.836 -1.22418 -1.12897
-0.835 -0.824973 -1.12199
-0.834 -0.472903 -1.04107
-0.833 -0.220201 -0.877011
-0.832 -0.0766231 -0.641571
-0.831 -0.00988357 -0.366194
-0.83 0.0388908 -0.0918091
-0.829 0.1306 0.145452
-0.828 0.303221 0.325197
-0.827 0.555118 0.445701
-0.826 0.841953 0.519075
-0.825 1.08789 0.561834
-0.824 1.20747 0.584177
-0.823 1.13124 0.581231
-0.822 0.827432 0.530554
-0.821 0.313961 0.399572
-0.82 -0.34269 0.161363
-0.819 -1.04275 -0.18904
-0.818 -1.67879 -0.626605
-0.817 -2.1633 -1.10022
-0.816 -2.44916 -1.5461
-0.815 -2.53791 -1.90534
-0.814 -2.47505 -2.14038
-0.813 -2.33486 -2.24566
-0.812 -2.1974 -2.24759
-0.811 -2.12215 -2.19127
-0.81 -2.12611 -2.11855
-0.809 -2.17702 -2.04821
-0.808 -2.20574 -1.96821
-0.807 -2.13275 -1.84307
-0.806 -1.89838 -1.63197
-0.805 -1.48747 -1.30971
-0.804 -0.94261 -0.883505
-0.803 -0.361638 -0.399665
-0.802 0.123849 0.0644742
-0.801 0.386924 0.423143
-0.8 0.348696 0.611508
-0.799 0.00868882 0.608692
-0.798 -0.550457 0.443971
-0.797 -1.18493 0.184219
-0.796 -1.73052 -0.0911832
-0.795 -2.05098 -0.318304
-0.794 -2.08122 -0.470239
-0.793 -1.85099 -0.564855
-0.792 -1.47778 -0.654665
-0.791 -1.12719 -0.801249
-0.79 -0.954042 -1.04447
-0.789 -1.04618 -1.38031
-0.788 -1.39089 -1.75716
-0.787 -1.87494 -2.09127
-0.786 -2.31959 -2.29475
-0.785 -2.54212 -2.30609
-0.784 -2.42401 -2.11285
-0.783 -1.96033 -1.75823
-0.782 -1.27011 -1.32759
-0.781 -0.562117 -0.919262
-0.78 -0.0676429 -0.611242
-0.779 0.037049 -0.437139
-0.778 -0.306283 -0.380241
-0.777 -1.01115 -0.386025
-0.776 -1.86962 -0.387329
-0.775 -2.62158 -0.333361
-0.774 -3.0456 -0.21239
-0.773 -3.03656 -0.059073
-0.772 -2.64233 0.0572945
-0.771 -2.04788 0.0593599
-0.77 -1.51306 -0.107841
-0.769 -1.2834 -0.454804
-0.768 -1.50102 -0.941249
-0.767 -2.14672 -1.48631
-0.766 -3.03877 -1.99134
-0.765 -3.89194 -2.36823
-0.764 -4.41433 -2.56393
-0.763 -4.40594 -2.57235
-0.762 -3.82568 -2.42972
-0.761 -2.80631 -2.19587
-0.76 -1.61309 -1.92998
-0.759 -0.558422 -1.67045
-0.758 0.101838 -1.42568
-0.757 0.253826 -1.17739
-0.756 -0.040007 -0.894625
-0.755 -0.570095 -0.552973
-0.754 -1.05971 -0.151484
-0.753 -1.26698 0.27895
-0.752 -1.07491 0.678749
-0.751 -0.539313 0.973097
-0.75 0.122359 1.09079
-0.749 0.599146 0.982288
-0.748 0.590393 0.631835
-0.747 -0.0905675 0.0604734
-0.746 -1.44842 -0.680255
-0.745 -3.29502 -1.52052
-0.744 -5.2988 -2.38556
-0.743 -7.08056 -3.20697
-0.742 -8.32516 -3.93065
-0.741 -8.87157 -4.5208
-0.74 -8.75108 -4.95954
-0.739 -8.1624 -5.24189
-0.738 -7.39487 -5.36826
-0.737 -6.72733 -5.33832
-0.736 -6.33462 -5.14874
-0.735 -6.23005 -4.79431
-0.734 -6.2636 -4.2704
-0.733 -6.18036 -3.57731
-0.732 -5.72008 -2.72744
-0.731 -4.72161 -1.75421
-0.73 -3.19447 -0.717912
-0.729 -1.33407 0.297298
-0.728 0.52271 1.19606
-0.727 1.98797 1.88907
-0.726 2.7347 2.30893
-0.725 2.59728 2.42209
-0.724 1.62569 2.23532
-0.723 0.0715208 1.79401
-0.722 -1.69028 1.16995
-0.721 -3.27605 0.440596
-0.72 -4.40638 -0.331379
-0.719 -4.98278 -1.10878
-0.718 -5.106 -1.8776
-0.717 -5.02997 -2.63615
-0.716 -5.06386 -3.38177
-0.715 -5.45445 -4.09857
-0.714 -6.29059 -4.74905
-0.713 -7.4636 -5.27402
-0.712 -8.69628 -5.60407
-0.711 -9.63075 -5.67965
-0.71 -9.94726 -5.47092
-0.709 -9.47491 -4.98809
-0.708 -8.25626 -4.27995
-0.707 -6.54227 -3.42386
-0.706 -4.7194 -2.51089
-0.705 -3.19469 -1.62847
-0.704 -2.27532 -0.843649
-0.703 -2.07803 -0.192974
-0.702 -2.49659 0.316063
-0.701 -3.24105 0.693735
-0.7 -3.93875 0.954222
-0.699 -4.2618 1.10576
-0.698 -4.03507 1.14584
-0.697 -3.29039 1.05955
-0.696 -2.25655 0.821863
-0.695 -1.29203 0.406528
-0.694 -0.776641 -0.199577
-0.693 -0.987935 -0.983663
-0.692 -2.00215 -1.90272
-0.691 -3.65931 -2.88829
-0.69 -5.60807 -3.85555
-0.689 -7.411 -4.71326
-0.688 -8.67115 -5.37592
-0.687 -9.14438 -5.77981
-0.686 -8.81265 -5.89809
-0.685 -7.89707 -5.74603
-0.684 -6.79581 -5.37306
-0.683 -5.95547 -4.84701
-0.682 -5.71847 -4.23828
-0.681 -6.20444 -3.60737
-0.68 -7.26754 -2.99459
-0.679 -8.53909 -2.41365
-0.678 -9.54047 -1.85538
-0.677 -9.83932 -1.30553
-0.676 -9.20859 -0.769503
-0.675 -7.73334 -0.289895
-0.674 -5.81548 0.0528059
-0.673 -4.06341 0.156224
-0.672 -3.10223 -0.07725
-0.671 -3.36997 -0.709605
-0.67 -4.96428 -1.73808
-0.669 -7.58638 -3.07686
-0.668 -10.6067 -4.56173
-0.667 -13.2465 -5.98308
-0.666 -14.8243 -7.13776
-0.665 -14.9815 -7.88017
-0.664 -13.8004 -8.15442
-0.663 -11.7695 -7.99839
-0.662 -9.61328 -7.51973
-0.661 -8.04145 -6.85156
-0.66 -7.49583 -6.10118
-0.659 -7.97821 -5.30977
-0.658 -9.02992 -4.44167
-0.657 -9.88916 -3.41083
-0.656 -9.77897 -2.13482
-0.655 -8.21668 -0.59431
-0.654 -5.2246 1.12637
-0.653 -1.36654 2.83474
-0.652 2.39969 4.26582
-0.651 5.00994 5.14918
-0.65 5.63902 5.28782
-0.649 3.99283 4.62213
-0.648 0.434345 3.25351
-0.647 -4.12085 1.41653
-0.646 -8.5104 -0.591078
-0.645 -11.7157 -2.49498
-0.644 -13.1903 -4.11707
-0.643 -13.0147 -5.41064
-0.642 -11.8379 -6.4478
-0.641 -10.625 -7.3641
-0.64 -10.2907 -8.27965
-0.639 -11.3392 -9.22702
-0.638 -13.6481 -10.1165
-0.637 -16.4894 -10.754
-0.636 -18.7895 -10.906
-0.635 -19.5231 -10.3861
-0.634 -18.0896 -9.13122
-0.633 -14.5394 -7.24056
-0.632 -9.58045 -4.96388
-0.631 -4.36764 -2.63976
-0.63 -0.139323 -0.602487
-0.629 2.18241 0.911225
-0.628 2.28775 1.82131
-0.627 0.560794 2.20817
-0.626 -2.0835 2.26238
-0.625 -4.53992 2.20132
-0.624 -5.9005 2.18384
-0.623 -5.75456 2.25136
-0.622 -4.30935 2.31393
-0.621 -2.29939 2.18608
-0.62 -0.717684 1.66161
-0.619 -0.460714 0.599908
-0.618 -2.01188 -1.00964
-0.617 -5.27424 -3.02997
-0.616 -9.60587 -5.20993
-0.615 -14.0349 -7.25442
-0.614 -17.5732 -8.90581
-0.613 -19.5235 -10.0112
-0.612 -19.6857 -10.5556
-0.611 -18.3966 -10.6505
-0.61 -16.3924 -10.4799
-0.609 -14.5453 -10.2247
-0.608 -13.5702 -9.99458
-0.607 -13.798 -9.79276
-0.606 -15.0803 -9.52184
-0.605 -16.842 -9.02582
-0.604 -18.264 -8.15235
-0.603 -18.5442 -6.81658
-0.602 -17.1641 -5.04728
-0.601 -14.0698 -2.99875
-0.6 -9.70518 -0.921902
-0.599 -4.89046 0.895709
-0.598 -0.595664 2.2001
-0.597 2.31868 2.82981
-0.596 3.32834 2.74888
-0.595 2.38825 2.0467
-0.594 -0.0520333 0.905668
-0.593 -3.18222 -0.453998
-0.592 -6.08672 -1.83469
-0.591 -8.03684 -3.10708
-0.59 -8.71453 -4.22704
-0.589 -8.29374 -5.22221
-0.588 -7.36338 -6.15518
-0.587 -6.72122 -7.07448
-0.586 -7.09313 -7.96956
-0.585 -8.85204 -8.74801
-0.584 -11.8294 -9.24711
-0.583 -15.3046 -9.27774
-0.582 -18.2007 -8.68604
-0.581 -19.432 -7.41225
-0.58 -18.2803 -5.52976
-0.579 -14.6676 -3.25293
-0.578 -9.2343 -0.906862
-0.577 -3.19423 1.13933
-0.576 1.99886 2.55861
-0.575 5.08273 3.1426
-0.574 5.38057 2.84313
-0.573 3.0186 1.76825
-0.572 -1.11967 0.138674
-0.571 -5.69623 -1.77888
-0.57 -9.37488 -3.74282
-0.569 -11.2703 -5.59302
-0.568 -11.2336 -7.27264
-0.567 -9.87676 -8.80541
-0.566 -8.32585 -10.2381
-0.565 -7.78624 -11.5746
-0.564 -9.06997 -12.7311
-0.563 -12.2517 -13.5315
-0.562 -16.5794 -13.743
-0.561 -20.683 -13.143
-0.56 -23.019 -11.5965
-0.559 -22.4033 -9.12183
-0.558 -18.4445 -5.91913
-0.557 -11.7243 -2.34753
-0.556 -3.65684 1.14521
-0.555 3.9237 4.11804
-0.554 9.31053 6.22781
-0.553 11.4301 7.29038
-0.552 10.1477 7.29846
-0.551 6.27484 6.39544
-0.55 1.27605 4.8152
-0.549 -3.23248 2.80821
-0.548 -6.02338 0.578903
-0.547 -6.65185 -1.74815
-0.546 -5.5695 -4.1282
-0.545 -3.92839 -6.5666
-0.544 -3.15002 -9.07115
-0.543 -4.40628 -11.6025
-0.542 -8.18106 -14.041
-0.541 -14.0517 -16.1838
-0.54 -20.7651 -17.7787
-0.539 -26.5969 -18.5815
-0.538 -29.8894 -18.4193
-0.537 -29.5941 -17.2452
-0.536 -25.6324 -15.173
-0.535 -18.9537 -12.4763
-0.534 -11.2685 -9.54422
-0.533 -4.54243 -6.79738
-0.532 -0.406776 -4.58789
-0.531 0.343049 -3.11614
-0.53 -1.9933 -2.389
-0.529 -6.10075 -2.22814
-0.528 -10.0657 -2.32646
-0.527 -12.008 -2.34454
-0.526 -10.7186 -2.02481
-0.525 -6.08368 -1.28475
-0.524 0.846951 -0.250734
-0.523 8.17187 0.784831
-0.522 13.7353 1.46804
-0.521 15.8333 1.51169
-0.52 13.805 0.804305
-0.519 8.30028 -0.534734
-0.518 1.1058 -2.17743
-0.517 -5.4356 -3.69048
-0.516 -9.22491 -4.69161
-0.515 -9.15092 -5.00137
-0.514 -5.51508 -4.72882
-0.513 0.0198008 -4.25397
-0.512 4.95909 -4.10744
-0.511 6.82746 -4.78396
-0.51 4.06353 -6.54966
-0.509 -3.35461 -9.31005
-0.508 -13.7889 -12.5926
-0.507 -24.3953 -15.6636
-0.506 -32.0217 -17.7493
-0.505 -34.2534 -18.2831
-0.504 -30.2469 -17.0922
-0.503 -21.0501 -14.4569
-0.502 -9.28024 -11.0196
-0.501 1.74285 -7.5709
-0.5 9.1085 -4.78614
-0.499 11.289 -3.00415
-0.498 8.63784 -2.13227
-0.497 3.23134 -1.71753
-0.496 -1.90589 -1.15926
-0.495 -3.93221 0.0200529
-0.494 -1.27615 1.94921
-0.493 5.7253 4.31368
-0.492 14.887 6.43122
-0.491 22.9186 7.47698
-0.49 26.5791 6.78178
-0.489 23.8389 4.09689
-0.488 14.6498 -0.275797
-0.487 1.05129 -5.54375
-0.486 -13.44 -10.6556
-0.485 -24.965 -14.6201
-0.484 -30.5902 -16.7998
-0.483 -29.2584 -17.0826
-0.482 -22.0803 -15.8743
-0.481 -11.8843 -13.9222
-0.48 -2.20726 -12.0339
-0.479 3.9132 -10.794
-0.478 4.93328 -10.3813
-0.477 1.25189 -10.5517
-0.476 -5.0296 -10.7848
-0.475 -10.9379 -10.526
-0.474 -13.7413 -9.43166
-0.473 -11.9418 -7.52497
-0.472 -5.79873 -5.21161
-0.471 2.77826 -3.15089
-0.47 10.9044 -2.03171
-0.469 15.7171 -2.3323
-0.468 15.345 -4.14978
-0.467 9.51838 -7.16019
-0.466 -0.364822 -10.717
-0.465 -11.7047 -14.0447
-0.464 -21.5128 -16.4558
-0.463 -27.3002 -17.5214
-0.462 -27.7713 -17.1495
-0.461 -23.1285 -15.5601
-0.46 -14.9139 -13.1802
-0.459 -5.45933 -10.4979
-0.458 2.84878 -7.92619
-0.457 8.23994 -5.7181
-0.456 9.97983 -3.95099
-0.455 8.47128 -2.56715
-0.454 5.05588 -1.44223
-0.453 1.5824 -0.451668
-0.452 -0.158585 0.480897
-0.451 1.01009 1.35457
-0.45 5.2741 2.07993
-0.449 11.7464 2.48849
-0.448 18.6955 2.3657
-0.447 24.0053 1.50416
-0.446 25.7528 -0.231832
-0.445 22.7893 -2.84239
-0.444 15.1806 -6.14308
-0.443 4.34771 -9.7487
-0.442 -7.20726 -13.1117
-0.441 -16.5711 -15.6292
-0.44 -21.298 -16.8044
-0.439 -20.2113 -16.412
-0.438 -13.8586 -14.6037
-0.437 -4.45972 -11.9019
-0.436 4.68516 -9.07037
-0.435 10.2016 -6.89491
-0.434 9.78299 -5.93683
-0.433 3.08386 -6.34031
-0.432 -7.99632 -7.76625
-0.431 -19.8104 -9.4948
-0.43 -28.1274 -10.6795
-0.429 -29.5816 -10.6687
-0.428 -22.907 -9.27099
-0.427 -9.50834 -6.85431
-0.426 6.86692 -4.23305
-0.425 21.3008 -2.37953
-0.424 29.3616 -2.06013
-0.423 28.6867 -3.52348
-0.422 19.9109 -6.35778
-0.421 6.55745 -9.58584
-0.42 -6.12959 -11.9845
-0.419 -13.0388 -12.5245
-0.418 -11.0763 -10.768
-0.417 -0.39235 -7.06727
-0.416 15.5193 -2.48431
-0.415 30.9223 1.54209
-0.414 39.7841 3.66879
-0.413 37.9071 3.10049
-0.412 24.4955 -0.134867
-0.411 2.57857 -5.19162
-0.41 -21.9041 -10.7005
-0.409 -42.0711 -15.2494
-0.408 -52.4359 -17.8729
-0.407 -50.7722 -18.3673
-0.406 -38.8366 -17.3214
-0.405 -21.6957 -15.8601
-0.404 -5.90343 -15.1984
-0.403 2.82392 -16.1624
-0.402 1.61795 -18.8507
-0.401 -8.54864 -22.5645
-0.4 -23.233 -26.0356
-0.399 -36.1287 -27.868
-0.398 -41.3375 -27.0258
-0.397 -35.4977 -23.1949
-0.396 -19.0136 -16.9026
-0.395 4.03867 -9.36329
-0.394 27.2801 -2.10537
-0.393 44.1666 3.49857
-0.392 50.134 6.6357
-0.391 44.0334 7.24916
-0.39 28.4131 5.96916
-0.389 8.5926 3.82638
-0.388 -9.1378 1.86707
-0.387 -19.5875 0.802965
-0.386 -20.3101 0.797474
-0.385 -12.2723 1.44337
-0.384 0.651967 1.93747
-0.383 13.1188 1.3945
-0.382 20.1362 -0.815831
-0.381 18.668 -4.83268
-0.38 8.55597 -10.2405
-0.379 -7.47104 -16.1753
-0.378 -24.685 -21.5488
-0.377 -37.8715 -25.3257
-0.376 -42.9936 -26.7924
-0.375 -38.4532 -25.7483
-0.374 -25.5422 -22.5568
-0.373 -7.98901 -18.0326
-0.372 9.18827 -13.2074
-0.371 21.1556 -9.05493
-0.37 24.6653 -6.25065
-0.369 19.0184 -5.01328
-0.368 6.30179 -5.06351
-0.367 -9.22037 -5.72494
-0.366 -22.4221 -6.16186
-0.365 -28.9325 -5.68937
-0.364 -26.531 -4.04472
-0.363 -15.8874 -1.51821
-0.362 -0.428289 1.10058
-0.361 14.6434 2.74667
-0.36 23.9298 2.41814
-0.359 23.5865 -0.460068
-0.358 12.6982 -5.76468
-0.357 -6.21728 -12.6109
-0.356 -27.8329 -19.5532
-0.355 -45.6308 -25.0005
-0.354 -54.0074 -27.7059
-0.353 -50.1663 -27.1611
-0.352 -35.1485 -23.7647
-0.351 -13.6229 -18.7009
-0.35 7.54574 -13.5537
-0.349 21.5261 -9.77184
-0.348 23.8387 -8.16973
-0.347 13.968 -8.65315
-0.346 -4.34795 -10.2819
-0.345 -24.3314 -11.6504
-0.344 -38.5173 -11.4479
-0.343 -41.4295 -8.99646
-0.342 -31.6135 -4.57331
-0.341 -12.2771 0.611338
-0.34 9.7094 4.79022
-0.339 26.1216 6.24456
-0.338 30.2224 3.92091
-0.337 19.1678 -2.16906
-0.336 -4.87625 -10.9128
-0.335 -35.3431 -20.4371
-0.334 -63.4337 -28.7032
-0.333 -81.0949 -34.1497
-0.332 -83.7359 -36.1583
-0.331 -71.7033 -35.1758
-0.33 -50.0084 -32.4583
-0.329 -26.458 -29.5437
-0.328 -8.88915 -27.6597
-0.327 -2.48569 -27.2863
-0.326 -8.09112 -28.0237
-0.325 -22.0639 -28.7937
-0.324 -37.6915 -28.2856
-0.323 -47.6551 -25.4745
-0.322 -46.665 -20.0227
-0.321 -33.3217 -12.4263
-0.32 -10.5524 -3.86356
-0.319 15.4701 4.18314
-0.318 37.4544 10.383
-0.317 49.3536 13.9235
-0.316 48.1742 14.6706
-0.315 34.7342 13.1012
-0.314 13.2361 10.0659
-0.313 -10.1592 6.48899
-0.312 -29.3044 3.10323
-0.311 -39.9333 0.289952
-0.31 -40.797 -1.94842
-0.309 -33.7319 -3.89647
-0.308 -22.7718 -5.9687
-0.307 -12.7548 -8.55931
-0.306 -7.91506 -11.9461
-0.305 -10.7643 -16.2425
-0.304 -21.4249 -21.3598
-0.303 -37.5573 -26.9665
-0.302 -54.9729 -32.4725
-0.301 -68.8177 -37.0896
-0.3 -74.9654 -39.9817
-0.299 -71.1776 -40.47
-0.298 -57.7383 -38.2393
-0.297 -37.4941 -33.492
-0.296 -15.3038 -26.9959
-0.295 3.10582 -19.958
-0.294 12.7522 -13.7053
-0.293 11.0603 -9.24568
-0.292 -1.05461 -6.88782
-0.291 -19.2018 -6.10568
-0.29 -36.7407 -5.73029
-0.289 -46.8677 -4.41014
-0.288 -44.9308 -1.18502
-0.287 -30.2569 4.01819
-0.286 -6.83917 10.1593
-0.285 17.5329 15.2689
-0.284 33.6346 17.0488
-0.283 33.981 13.7101
-0.282 15.7052 4.72457
-0.281 -17.9844 -8.82705
-0.28 -58.4397 -24.4681
-0.279 -94.229 -39.0428
-0.278 -114.984 -49.7051
-0.277 -115.108 -54.8484
-0.276 -95.9455 -54.6339
-0.275 -65.5111 -50.8826
-0.274 -35.7593 -46.3329
-0.273 -18.3055 -43.5305
-0.272 -20.0986 -43.7891
-0.271 -40.6176 -46.6322
-0.27 -71.7213 -49.9338
-0.269 -100.397 -50.7238
-0.268 -113.552 -46.3863
-0.267 -103.088 -35.8182
-0.266 -69.2468 -20.0802
-0.265 -20.8691 -2.23971
-0.264 27.53 13.5712
-0.263 60.7606 23.5269
-0.262 68.2611 25.3914
-0.261 47.8815 19.2545
-0.26 6.78563 7.47696
-0.259 -40.9947 -6.14276
-0.258 -79.6064 -17.7047
-0.257 -97.1535 -24.5643
-0.256 -89.9128 -26.1793
-0.255 -63.344 -24.1071
-0.254 -29.6531 -21.1817
-0.253 -3.01788 -20.2441
-0.252 5.70571 -22.9404
-0.251 -7.04477 -29.0248
-0.25 -36.24 -36.3955
-0.249 -70.1391 -41.8558
-0.248 -94.747 -42.3415
-0.247 -99.1763 -36.1562
-0.246 -79.7707 -23.7103
-0.245 -41.3697 -7.4575
-0.244 4.62672 8.92609
-0.243 44.4438 21.7599
-0.242 66.6969 28.4997
-0.241 66.0538 28.4212
-0.24 44.6282 22.6548
-0.239 10.7401 13.5945
-0.238 -24.427 3.91465
-0.237 -50.9721 -4.42123
-0.236 -63.6091 -10.7626
-0.235 -62.9619 -15.7673
-0.234 -54.5139 -20.853
-0.233 -45.8666 -27.3945
-0.232 -43.5542 -36.0188
-0.231 -50.6806 -46.262
-0.23 -66.1478 -56.6915
-0.229 -85.5359 -65.4191
-0.228 -103.066 -70.7796
-0.227 -113.76 -71.8904
-0.226 -114.977 -68.8709
-0.225 -106.875 -62.6689
-0.224 -91.8331 -54.6184
-0.223 -73.2093 -45.9523
-0.222 -54.1033 -37.4715
-0.221 -36.6877 -29.4858
-0.22 -22.3139 -22.0148
-0.219 -12.0639 -15.1106
-0.218 -7.13143 -9.09474
-0.217 -8.58727 -4.55426
-0.216 -16.6095 -2.09147
-0.215 -29.719 -1.97551
-0.214 -44.5847 -3.90257
-0.213 -56.6491 -7.00529
-0.212 -61.4812 -10.1293
-0.211 -56.5012 -12.2888
-0.21 -42.4838 -13.1326
-0.209 -24.0837 -13.2034
-0.208 -8.77165 -13.8065
-0.207 -4.20152 -16.4678
-0.206 -14.9383 -22.1863
-0.205 -40.0405 -30.8297
-0.204 -72.7209 -40.9772
-0.203 -102.389 -50.3025
-0.202 -118.372 -56.3592
-0.201 -113.981 -57.4842
-0.2 -89.4395 -53.4877
-0.199 -52.4834 -45.8369
-0.198 -16.097 -37.1922
-0.197 6.09653 -30.4077
-0.196 5.1882 -27.3695
-0.195 -19.099 -28.1669
-0.194 -57.6938 -30.9686
-0.193 -95.151 -32.6852
-0.192 -115.278 -30.1772
-0.191 -107.291 -21.5596
-0.19 -70.1761 -7.10946
-0.189 -13.5773 10.5914
-0.188 45.2154 27.3779
-0.187 87.2346 38.8593
-0.186 98.6786 41.9268
-0.185 76.0983 35.8419
-0.184 27.8604 22.4846
-0.183 -28.849 5.64863
-0.182 -74.4553 -10.3644
-0.181 -94.3802 -22.3168
-0.18 -84.4699 -29.1537
-0.179 -52.3829 -32.2349
-0.178 -14.5155 -34.6127
-0.177 10.2768 -39.6623
-0.176 7.84238 -49.5905
-0.175 -25.7654 -64.3682
-0.174 -82.4548 -81.488
-0.173 -144.745 -96.6833
-0.172 -192.064 -105.392
-0.171 -208.32 -104.415
-0.17 -187.727 -93.103
-0.169 -136.635 -73.6019
-0.168 -70.8994 -50.1258
-0.167 -10.0714 -27.5948
-0.166 29.2893 -10.1449
-0.165 38.9177 0.0173413
-0.164 21.0944 3.07063
-0.163 -12.8383 1.19686
-0.162 -47.1493 -2.50036
-0.161 -67.8067 -5.33496
-0.16 -67.5661 -6.06786
-0.159 -48.1062 -5.23066
-0.158 -18.6442 -4.70577
-0.157 8.03395 -6.82823
-0.156 20.3692 -13.3812
-0.155 11.9481 -24.8145
-0.154 -16.5746 -39.9227
-0.153 -57.9388 -56.0914
-0.152 -100.818 -70.0333
-0.151 -133.51 -78.7421
-0.15 -147.486 -80.3065
-0.149 -139.621 -74.3315
-0.148 -112.497 -61.9037
-0.147 -73.0093 -45.1966
-0.146 -30.052 -26.8795
-0.145 7.79866 -9.50876
-0.144 34.0345 4.94223
-0.143 45.2554 15.3321
-0.142 41.5979 21.3871
-0.141 26.5775 23.5814
-0.14 6.23097 22.8984
-0.139 -12.4565 20.4914
-0.138 -23.512 17.2985
-0.137 -23.7297 13.7386
-0.136 -13.7124 9.60067
-0.135 2.014 4.14367
-0.134 15.867 -3.64595
-0.133 19.1437 -14.6766
-0.132 4.93132 -29.2742
-0.131 -28.7551 -46.7194
-0.13 -77.0306 -65.0524
-0.129 -128.705 -81.3745
-0.128 -169.549 -92.6347
-0.127 -187.09 -96.5961
-0.126 -175.094 -92.6002
-0.125 -136.187 -81.8817
-0.124 -81.76 -67.3566
-0.123 -28.9161 -52.8912
-0.122 5.01658 -42.1582
-0.121 8.80727 -37.3943
-0.12 -17.9875 -38.5657
-0.119 -64.2351 -43.3808
-0.118 -111.038 -48.2072
-0.117 -138.747 -49.5102
-0.116 -134.401 -45.2282
-0.115 -96.7495 -35.5888
-0.114 -37.0307 -23.0971
-0.113 24.8268 -11.6811
-0.112 67.3485 -5.24488
-0.111 75.4988 -6.13467
-0.11 46.5308 -14.1301
-0.109 -8.64965 -26.4049
-0.108 -69.336 -38.5097
-0.107 -112.782 -46.01
-0.106 -122.906 -46.1519
-0.105 -96.4388 -38.9031
-0.104 -43.9733 -26.9524
-0.103 14.3919 -14.6679
-0.102 56.8294 -6.45238
-0.101 67.7725 -5.15792
-0.1 43.2669 -11.1316
-0.099 -7.91642 -22.1692
-0.098 -67.6293 -34.3465
-0.097 -115.088 -43.4433
-0.096 -134.656 -46.4685
-0.095 -121.502 -42.6788
-0.094 -82.6371 -33.65
-0.093 -33.0566 -22.4091
-0.092 10.759 -12.1186
-0.091 36.8605 -4.94565
-0.09 41.1994 -1.50754
-0.089 27.8314 -0.940402
-0.088 6.45814 -1.44697
-0.087 -11.7658 -1.12938
-0.086 -18.7594 1.16283
-0.085 -12.5005 5.32628
-0.084 2.97168 10.1026
-0.083 20.3543 13.7122
-0.082 32.8366 14.6273
-0.081 36.6697 12.0574
-0.08 31.5465 5.9849
-0.079 19.2294 -3.11867
-0.078 1.60028 -14.6544
-0.077 -20.712 -28.13
-0.076 -48.3658 -43.1547
-0.075 -81.8923 -59.1898
-0.074 -119.607 -75.2048
-0.073 -156.24 -89.4959
-0.072 -183.419 -99.8776
-0.071 -192.2 -104.27
-0.07 -176.859 -101.5
-0.069 -138.554 -92.0139
-0.068 -87.0672 -78.1523
-0.067 -38.9655 -63.6728
-0.066 -11.7991 -52.4961
-0.065 -16.3412 -47.106
-0.064 -50.7941 -47.4013
-0.063 -100.268 -50.6418
-0.062 -141.945 -52.5438
-0.061 -153.621 -49.0366
-0.06 -122.516 -38.0298
-0.059 -51.5979 -20.6266
-0.058 39.0529 -1.28137
-0.057 117.748 13.4581
-0.056 153.054 17.4599
-0.055 127.509 7.79438
-0.054 46.4211 -13.5916
-0.053 -62.8577 -40.2052
-0.052 -160.717 -63.1843
-0.051 -209.763 -74.3804
-0.05 -188.714 -69.2466
-0.049 -101.248 -48.6166
-0.048 23.6092 -18.6886
-0.047 141.103 11.0622
-0.046 207.865 31.4797
-0.045 199.541 37.368
-0.044 120.937 29.5356
-0.043 4.34675 14.3838
-0.042 -102.713 1.31358
-0.041 -155.441 -0.997829
-0.04 -129.042 11.8741
-0.039 -29.1754 38.0521
-0.038 109.131 69.7219
-0.037 234.729 95.98
-0.036 300.506 107.039
-0.035 281.539 97.9626
-0.034 183.983 70.4487
-0.033 42.3199 32.1916
-0.032 -93.2414 -5.81458
-0.031 -175.171 -33.1596
-0.03 -176.948 -43.8387
-0.029 -104.003 -38.4999
-0.028 8.61373 -23.9547
-0.027 111.528 -10.0586
-0.026 161.577 -5.52554
-0.025 137.767 -14.6435
-0.024 47.2829 -35.9916
-0.023 -78.3712 -63.1836
-0.022 -194.801 -87.203
-0.021 -260.988 -99.7487
-0.02 -255.666 -96.5932
-0.019 -186.431 -79.445
-0.018 -85.6526 -55.1362
-0.017 5.16164 -32.4676
-0.016 53.3999 -18.5311
-0.015 46.6523 -16.3249
-0.014 -5.48877 -24.2689
-0.013 -76.9499 -37.2373
-0.012 -135.304 -48.5848
-0.011 -154.397 -52.7208
-0.01 -125.653 -47.4519
-0.009 -62.0119 -34.8863
-0.008 9.14141 -20.1539
-0.007 60.2092 -8.64943
-0.006 75.8315 -3.52325
-0.005 57.4467 -4.67037
-0.004 20.1657 -9.25882
-0.003 -14.7419 -13.1883
-0.002 -28.9788 -12.9102
-0.001 -15.5798 -7.09819
0 17.1701 2.57186
0.001 49.8692 12.2337
0.002 63.1206 18.021
0.003 48.6633 18.2577
0.004 13.4977 14.2744
0.005 -24.0401 9.62904
0.006 -42.6486 8.43411
0.007 -27.2013 13.5327
0.008 23.7366 25.0354
0.009 94.7848 39.7868
0.01 158.314 52.3741
0.011 186.909 57.6423
0.012 167.615 53.4649
0.013 109.019 42.0341
0.014 37.3161 28.959
0.015 -15.02 20.9155
0.016 -21.8781 23.0602
0.017 26.3474 36.9937
0.018 117.228 59.7173
0.019 218.103 84.1119
0.02 287.399 101.327
0.021 292.684 104.48
0.022 226.341 91.8379
0.023 109.659 67.6458
0.024 -16.2823 40.2546
0.025 -107.021 18.744
0.026 -130.998 9.55421
0.027 -81.0081 14.1325
0.028 21.94 28.1743
0.029 134.629 42.9051
0.03 207.614 48.383
0.031 205.792 37.7237
0.032 123.726 10.2557
0.033 -12.0302 -27.9781
0.034 -153.884 -66.4847
0.035 -251.569 -94.175
0.036 -270.568 -103.282
0.037 -204.726 -92.0865
0.038 -79.0058 -65.5682
0.039 59.4019 -33.6136
0.04 159.264 -7.24147
0.041 185.495 5.65435
0.042 132.433 3.1886
0.043 24.9284 -10.1476
0.044 -92.1303 -25.5633
0.045 -171.142 -33.54
0.046 -179.754 -27.5992
0.047 -113.152 -6.92904
0.048 4.26161 23.1963
0.049 129.031 53.4878
0.05 216.313 74.3381
0.051 237.039 79.4744
0.052 187.555 68.0739
0.053 89.2332 44.7724
0.054 -20.42 17.8481
0.055 -101.697 -3.7154
0.056 -127.206 -13.3617
0.057 -91.6821 -9.16862
0.058 -12.6987 5.82786
0.059 78.1691 25.3531
0.06 149.12 42.7444
0.061 180.032 53.5087
0.062 167.984 56.5941
0.063 125.873 54.2104
0.064 76.0382 50.5719
0.065 41.3995 50.0751
0.066 36.864 55.4945
0.067 64.1457 66.8692
0.068 112.321 81.583
0.069 163.688 95.5728
0.07 201.588 104.989
0.071 216.242 107.483
0.072 206.583 102.681
0.073 178.49 91.8805
0.074 141.078 77.2919
0.075 102.843 61.1875
0.076 69.074 45.2758
0.077 41.3671 30.5052
0.078 19.0394 17.2827
0.079 1.28903 5.87816
0.08 -11.3356 -3.27572
0.081 -16.9491 -9.55903
0.082 -13.7057 -12.4124
0.083 -1.7727 -11.733
0.084 15.2499 -8.20393
0.085 30.6462 -3.30136
0.086 37.1043 1.16538
0.087 30.4692 3.83498
0.088 12.5908 4.47079
0.089 -8.60968 4.11567
0.09 -22.0758 4.6268
0.091 -18.1213 7.83737
0.092 7.37789 14.704
0.093 50.5088 24.7215
0.094 99.4806 35.8122
0.095 137.932 44.8462
0.096 150.892 48.7592
0.097 131.281 45.8847
0.098 83.7984 36.8628
0.099 23.9517 24.6171
0.1 -27.5603 13.365
0.101 -52.601 7.09316
0.102 -42.3306 8.10632
0.103 -0.570405 16.1583
0.104 57.2636 28.4595
0.105 109.446 40.6044
0.106 135.887 48.1548
0.107 125.905 48.3104
0.108 82.6269 40.9965
0.109 21.9943 28.9081
0.11 -33.34 16.4897
0.111 -62.6873 8.26127
0.112 -55.0778 7.1494
0.113 -13.135 13.4667
0.114 48.2361 24.9169
0.115 107.64 37.5832
0.116 145.146 47.4657
0.117 149.446 51.9581
0.118 121.692 50.7473
0.119 74.7655 45.8608
0.12 28.2732 40.8614
0.121 1.12707 39.4547
0.122 4.52684 44.0183
0.123 38.1248 54.6528
0.124 90.7691 69.1437
0.125 145.152 83.7848
0.126 184.127 94.6324
0.127 196.219 98.6803
0.128 178.72 94.6297
0.129 137.813 83.1257
0.13 85.9512 66.4405
0.131 37.3824 47.6886
0.132 3.34818 29.8361
0.133 -11.2014 14.8972
0.134 -8.20696 3.61824
0.135 5.41636 -4.33402
0.136 20.9226 -9.90491
0.137 30.6781 -14.1525
0.138 30.1291 -17.8422
0.139 18.679 -21.1764
0.14 -0.434534 -23.7031
0.141 -21.1909 -24.4445
0.142 -36.5521 -22.2132
0.143 -40.4405 -16.0045
0.144 -29.3356 -5.34649
0.145 -3.1442 9.45062
0.146 34.6571 27.1773
0.147 77.4839 45.786
0.148 116.715 62.6717
0.149 143.454 75.1566
0.15 150.845 81.0901
0.151 136.369 79.4248
0.152 103.227 70.5992
0.153 60.0046 56.5621
0.154 18.4196 40.3363
0.155 -10.2379 25.1923
0.156 -18.781 13.701
0.157 -6.63222 7.02493
0.158 19.7463 4.70219
0.159 48.7954 4.97912
0.16 67.7841 5.58091
0.161 67.5956 4.69548
0.162 46.6656 1.84957
0.163 12.321 -1.69207
0.164 -21.3957 -3.26455
0.165 -38.8272 0.16825
0.166 -28.7651 10.6956
0.167 10.9199 28.4132
0.168 71.8392 51.0709
0.169 137.376 74.5397
0.17 188.011 93.9497
0.171 208.01 105.16
0.172 191.183 106.091
0.173 143.457 97.4227
0.174 80.9789 82.3327
0.175 24.2794 65.3214
0.176 -9.26837 50.5797
0.177 -11.7037 40.5589
0.178 12.9165 35.277
0.179 50.3908 32.5702
0.18 81.908 29.1525
0.181 91.2153 22.0804
0.182 70.8516 10.0841
0.183 25.1409 -5.74722
0.184 -31.268 -22.2146
0.185 -78.8541 -35.1183
0.186 -100.586 -40.7955
0.187 -88.3081 -37.4835
0.188 -45.6846 -25.9838
0.189 13.3279 -9.3939
0.19 69.7291 7.97802
0.191 106.344 22.0886
0.192 113.749 30.4713
0.193 93.1826 32.9127
0.194 55.569 31.2817
0.195 17.1041 28.6242
0.196 -6.89181 27.8926
0.197 -7.55908 30.7957
0.198 14.5955 37.1931
0.199 50.5065 45.2495
0.2 86.5538 52.2513
0.201 109.94 55.718
0.202 113.237 54.338
0.203 96.5266 48.377
0.204 66.6879 39.4649
0.205 34.3983 29.9098
0.206 10.066 21.8388
0.207 0.161826 16.4863
0.208 5.28277 13.8873
0.209 20.6258 13.074
0.21 38.5118 12.6584
0.211 51.6713 11.5149
0.212 55.7873 9.24866
0.213 50.4154 6.27429
0.214 38.3308 3.53462
0.215 23.9558 2.04573
0.216 11.6344 2.48971
0.217 4.34566 5.01606
0.218 3.20859 9.30727
0.219 7.83339 14.8452
0.22 17.1906 21.2213
0.221 30.3691 28.3126
0.222 46.6899 36.2147
0.223 65.1634 44.9586
0.224 83.8081 54.1728
0.225 99.4855 62.8992
0.226 108.579 69.7075
0.227 108.32 73.1059
0.228 98.1684 72.0946
0.229 80.5577 66.6183
0.23 60.5263 57.6963
0.231 44.1497 47.138
0.232 36.2437 36.9287
0.233 38.2346 28.515
0.234 47.1594 22.2797
0.235 56.3945 17.4454
0.236 58.0523 12.4846
0.237 46.2672 5.90391
0.238 20.0865 -2.91268
0.239 -15.3328 -13.1786
0.24 -49.9549 -22.762
0.241 -72.2567 -28.8477
0.242 -73.5267 -28.9683
0.243 -51.371 -22.013
0.244 -11.054 -8.82134
0.245 35.8772 7.89411
0.246 75.3135 24.3144
0.247 95.4696 36.7309
0.248 91.2245 42.7745
0.249 66.1803 42.18
0.25 31.4229 36.773
0.251 1.30893 29.6788
0.252 -12.0555 24.0656
0.253 -3.41917 21.9139
0.254 23.653 23.2812
0.255 58.0835 26.3351
0.256 85.3403 28.145
0.257 92.8762 25.9414
0.258 75.0574 18.3613
0.259 35.6841 6.17773
0.26 -13.0511 -7.79379
0.261 -54.9092 -19.5969
0.262 -75.5438 -25.5027
0.263 -67.6713 -23.3262
0.264 -33.5636 -13.2004
0.265 15.891 2.46454
0.266 65.0914 19.8147
0.267 99.1958 34.8644
0.268 109.266 44.8038
0.269 95.2307 48.8232
0.27 65.5449 48.1705
0.271 33.6833 45.4515
0.272 12.9139 43.4717
0.273 11.4145 44.0803
0.274 29.515 47.4563
0.275 59.918 52.0897
0.276 90.6397 55.4333
0.277 109.499 54.9452
0.278 108.504 49.1073
0.279 86.5843 38.0406
0.28 49.742 23.5119
0.281 8.7167 8.35715
0.282 -24.8616 -4.45013
0.283 -42.3873 -12.7345
0.284 -40.9159 -15.7234
0.285 -23.7051 -14.1231
0.286 1.38875 -9.68163
0.287 24.9344 -4.4527
0.288 39.1826 -0.0647889
0.289 40.4046 2.74719
0.29 29.6478 4.22287
0.291 11.8965 5.29681
0.292 -5.88798 7.10321
0.293 -17.1446 10.4676
0.294 -17.7731 15.5746
0.295 -7.24777 21.9183
0.296 11.5241 28.5194
0.297 33.4201 34.2825
0.298 52.8201 38.3291
0.299 65.1777 40.1888
0.3 68.0507 39.8186
0.301 61.5071 37.498
0.302 47.9529 33.6793
0.303 31.4238 28.8607
0.304 16.4521 23.5162
0.305 6.8022 18.0801
0.306 4.46173 12.9511
0.307 9.16525 8.47638
0.308 18.5051 4.88873
0.309 28.5439 2.21681
0.31 34.8232 0.226819
0.311 33.6384 -1.53665
0.312 23.3053 -3.58398
0.313 4.97434 -6.23313
0.314 -17.4091 -9.38631
0.315 -38.1066 -12.4448
0.316 -51.2784 -14.4264
0.317 -52.8302 -14.2673
0.318 -41.8178 -11.2145
0.319 -20.9339 -5.16974
0.32 4.14464 3.15213
0.321 26.4444 12.3429
0.322 39.941 20.6945
0.323 41.6211 26.7466
0.324 32.5949 29.7806
0.325 17.785 30.0553
0.326 4.21795 28.68
0.327 -1.51117 27.1695
0.328 4.31676 26.8456
0.329 21.0869 28.3048
0.33 43.9153 31.1479
0.331 65.2338 34.0855
0.332 77.3723 35.4077
0.333 75.2703 33.6572
0.334 58.3704 28.2458
0.335 30.9843 19.7653
0.336 0.926805 9.86332
0.337 -23.1253 0.733693
0.338 -34.5819 -5.59119
0.339 -31.1173 -7.89751
0.34 -15.3289 -6.17107
0.341 6.2938 -1.56616
0.342 25.6786 4.03348
0.343 35.9546 8.7011
0.344 33.769 11.1389
0.345 20.3499 11.0857
0.346 0.9435 9.32478
0.347 -17.1517 7.31561
0.348 -27.2093 6.59609
0.349 -25.4001 8.17432
0.35 -12.032 12.1256
0.351 8.65873 17.5426
0.352 30.0164 22.8544
0.353 45.2167 26.3832
0.354 49.4968 26.9213
0.355 41.6369 24.1259
0.356 24.2381 18.6135
0.357 2.75461 11.7426
0.358 -16.3415 5.16708
0.359 -27.6333 0.313061
0.36 -28.4001 -2.03693
0.361 -19.327 -1.91007
0.362 -4.10595 -0.0225698
0.363 11.8734 2.54641
0.364 23.279 4.74633
0.365 26.479 5.8856
0.366 20.596 5.81732
0.367 7.70304 4.93944
0.368 -7.86906 4.01391
0.369 -20.9078 3.86816
0.37 -26.9664 5.09271
0.371 -23.7577 7.84533
0.372 -11.8554 11.8088
0.373 5.48922 16.281
0.374 23.3248 20.3493
0.375 36.4661 23.1114
0.376 41.0405 23.9021
0.377 35.686 22.4713
0.378 22.0306 19.051
0.379 4.2375 14.2885
0.38 -12.2941 9.07215
0.381 -22.6628 4.31211
0.382 -24.0543 0.722145
0.383 -16.6694 -1.35557
0.384 -3.694 -2.03654
0.385 9.69253 -1.84529
0.386 17.9954 -1.52412
0.387 17.2767 -1.75314
0.388 6.60965 -2.88154
0.389 -11.4311 -4.768
0.39 -31.4832 -6.78534
0.391 -47.1102 -7.99585
0.392 -52.9393 -7.45788
0.393 -46.4926 -4.57535
0.394 -29.0832 0.633949
0.395 -5.46064 7.46178
0.396 17.7015 14.6699
0.397 34.0023 20.8432
0.398 39.463 24.8183
0.399 33.8666 26.044
0.4 20.7849 24.7491
0.401 6.2606 21.8502
0.402 -3.38959 18.6186
0.403 -3.86061 16.2225
0.404 5.58866 15.3153
0.405 21.8565 15.822
0.406 39.0788 16.9958
0.407 50.6923 17.7206
0.408 51.7657 16.9535
0.409 40.7762 14.152
0.41 20.1914 9.52768
0.411 -4.35631 4.0179
0.412 -26.0005 -1.02327
0.413 -38.9687 -4.29568
0.414 -40.4725 -5.00174
0.415 -31.5185 -3.11265
0.416 -16.4027 0.629441
0.417 -1.1045 4.96554
0.418 8.83349 8.544
0.419 10.1885 10.3715
0.42 3.05594 10.1289
0.421 -9.35463 8.23483
0.422 -22.0017 5.63834
0.423 -29.8685 3.43869
0.424 -29.7189 2.48447
0.425 -21.1531 3.09499
0.426 -6.637 4.98653
0.427 9.45334 7.41581
0.428 22.3865 9.48217
0.429 28.659 10.4748
0.43 27.0685 10.1323
0.431 18.9549 8.71705
0.432 7.59294 6.88817
0.433 -3.00037 5.43858
0.434 -9.41684 5.00335
0.435 -9.91606 5.84278
0.436 -4.85877 7.7675
0.437 3.58112 10.2214
0.438 12.2579 12.4814
0.439 18.1111 13.8942
0.44 19.0845 14.0617
0.441 14.6562 12.922
0.442 5.8812 10.7182
0.443 -5.01485 7.88756
0.444 -15.3463 4.91734
0.445 -22.7542 2.21824
0.446 -25.8235 0.0536144
0.447 -24.3643 -1.46386
0.448 -19.3334 -2.33068
0.449 -12.4787 -2.60365
0.45 -5.8302 -2.36829
0.451 -1.15199 -1.72465
0.452 0.531688 -0.776927
0.453 -0.780308 0.381282
0.454 -4.07341 1.68271
0.455 -7.62807 3.09887
0.456 -9.54124 4.64746
0.457 -8.31117 6.38545
0.458 -3.33725 8.37227
0.459 4.79845 10.6022
0.46 14.3741 12.9349
0.461 22.938 15.0687
0.462 28.0142 16.5894
0.463 27.9008 17.0858
0.464 22.2818 16.2924
0.465 12.4269 14.2084
0.466 0.894008 11.1549
0.467 -9.19768 7.73581
0.468 -15.1175 4.69523
0.469 -15.3992 2.70304
0.47 -10.3393 2.14564
0.471 -1.91749 3.0045
0.472 6.86787 4.87385
0.473 13.0338 7.10988
0.474 14.6535 9.05551
0.475 11.5354 10.2645
0.476 5.29696 10.6501
0.477 -1.21239 10.4973
0.478 -4.95325 10.3245
0.479 -3.83786 10.6428
0.48 2.44378 11.7125
0.481 12.2201 13.3956
0.482 22.3456 15.1657
0.483 29.2514 16.2716
0.484 30.1747 15.9975
0.485 24.1402 13.9346
0.486 12.3446 10.1662
0.487 -2.20206 5.2872
0.488 -15.6611 0.239805
0.489 -24.6225 -3.97534
0.49 -27.1955 -6.60376
0.491 -23.5588 -7.34968
0.492 -15.796 -6.42968
0.493 -7.08951 -4.45851
0.494 -0.568941 -2.20907
0.495 1.78331 -0.327537
0.496 -0.212814 0.890677
0.497 -4.94612 1.57412
0.498 -9.67102 2.17271
0.499 -11.5554 3.23288
0.5 -8.7375 5.14716
0.501 -1.02108 7.97091
0.502 10.0254 11.3655
0.503 21.5823 14.6847
0.504 30.5153 17.1801
0.505 34.4086 18.2573
0.506 32.3414 17.6849
0.507 25.1527 15.6702
0.508 15.1177 12.7783
0.509 5.16685 9.73937
0.51 -2.07403 7.2197
0.511 -5.0927 5.63115
0.512 -3.88559 5.03162
0.513 0.161708 5.14402
0.514 4.83545 5.48818
0.515 7.88946 5.57776
0.516 7.80754 5.10175
0.517 4.28784 4.02004
0.518 -1.69822 2.54911
0.519 -8.27863 1.06156
0.52 -13.3416 -0.0553779
0.521 -15.244 -0.535656
0.522 -13.3298 -0.322176
0.523 -8.10789 0.423428
0.524 -1.05891 1.39354
0.525 5.85325 2.25952
0.526 10.8083 2.79547
0.527 12.7012 2.95411
0.528 11.4769 2.87556
0.529 8.11553 2.83571
0.53 4.28528 3.15305
0.531 1.78792 4.0814
0.532 1.98061 5.72299
0.533 5.34483 7.99185
0.534 11.3258 10.6365
0.535 18.4898 13.3068
0.536 24.9563 15.6369
0.537 28.9756 17.3207
0.538 29.4666 18.1667
0.539 26.339 18.1225
0.54 20.5012 17.263
0.541 13.5574 15.7466
0.542 7.29167 13.76
0.543 3.10188 11.4738
0.544 1.57039 9.02062
0.545 2.31441 6.49069
0.546 4.16653 3.94178
0.547 5.62142 1.42077
0.548 5.39366 -1.00491
0.549 2.89921 -3.21856
0.55 -1.50046 -5.04773
0.551 -6.5826 -6.28816
0.552 -10.6603 -6.7477
0.553 -12.1618 -6.2924
0.554 -10.185 -4.88456
0.555 -4.83025 -2.60769
0.556 2.80267 0.327873
0.557 10.9423 3.60746
0.558 17.685 6.86505
0.559 21.5742 9.75332
0.56 22.0375 12.0057
0.561 19.5278 13.4716
0.562 15.3169 14.1219
0.563 11.0176 14.0294
0.564 8.0153 13.3327
0.565 7.01708 12.1907
0.566 7.86785 10.7425
0.567 9.6749 9.08574
0.568 11.1805 7.28001
0.569 11.2521 5.37238
0.57 9.32397 3.42869
0.571 5.63045 1.55592
0.572 1.14437 -0.0938922
0.573 -2.75576 -1.34105
0.574 -4.7642 -2.01267
0.575 -4.09512 -1.98447
0.576 -0.742695 -1.21841
0.577 4.52199 0.214621
0.578 10.4012 2.1358
0.579 15.4766 4.28568
0.58 18.6347 6.37224
0.581 19.3716 8.12717
0.582 17.8899 9.3551
0.583 14.9658 9.96287
0.584 11.6464 9.96328
0.585 8.88708 9.45523
0.586 7.25864 8.58641
0.587 6.81464 7.50869
0.588 7.14584 6.33975
0.589 7.58248 5.14292
0.59 7.4605 3.93077
0.591 6.36188 2.68963
0.592 4.26151 1.41515
0.593 1.54365 0.145781
0.594 -1.11337 -1.01875
0.595 -2.94478 -1.92398
0.596 -3.33163 -2.39335
0.597 -1.98362 -2.27781
0.598 0.980131 -1.5052
0.599 5.06612 -0.113051
0.6 9.53449 1.74633
0.601 13.5816 3.83187
0.602 16.5359 5.86733
0.603 18.0231 7.60967
0.604 18.0565 8.90972
0.605 17.0214 9.74138
0.606 15.5499 10.1886
0.607 14.3203 10.3975
0.608 13.844 10.5138
0.609 14.3032 10.625
0.61 15.4878 10.7238
0.611 16.8531 10.7057
0.612 17.6889 10.4057
0.613 17.3566 9.666
0.614 15.5214 8.40961
0.615 12.2993 6.6855
0.616 8.25669 4.66788
0.617 4.25143 2.61192
0.618 1.16503 0.784511
0.619 -0.386155 -0.608396
0.62 -0.259778 -1.47813
0.621 1.15944 -1.87388
0.622 3.0871 -1.95469
0.623 4.60975 -1.9183
0.624 5.01054 -1.9154
0.625 4.03629 -1.98679
0.626 2.00791 -2.0481
0.627 -0.271676 -1.92323
0.628 -1.78785 -1.41152
0.629 -1.67445 -0.367128
0.63 0.463676 1.23311
0.631 4.38573 3.25862
0.632 9.27134 5.4478
0.633 13.9799 7.4803
0.634 17.4201 9.07017
0.635 18.8993 10.0429
0.636 18.3354 10.3703
0.637 16.2628 10.1572
0.638 13.6262 9.58878
0.639 11.4307 8.85544
0.64 10.3715 8.08195
0.641 10.5858 7.28749
0.642 11.6215 6.39448
0.643 12.6311 5.28161
0.644 12.7096 3.85648
0.645 11.2433 2.11696
0.646 8.15348 0.179197
0.647 3.95378 -1.73616
0.648 -0.396635 -3.3559
0.649 -3.80239 -4.42892
0.65 -5.39874 -4.79793
0.651 -4.84073 -4.44146
0.652 -2.40477 -3.47152
0.653 1.12916 -2.09101
0.654 4.75663 -0.530436
0.655 7.57867 1.013
0.656 9.07276 2.41665
0.657 9.22632 3.64378
0.658 8.49523 4.72282
0.659 7.60249 5.70366
0.66 7.24869 6.6113
0.661 7.84436 7.41737
0.662 9.3656 8.04037
0.663 11.3794 8.37092
0.664 13.2139 8.30974
0.665 14.2015 7.80457
0.666 13.9119 6.87574
0.667 12.3031 5.62188
0.668 9.73991 4.20141
0.669 6.87496 2.79578
0.67 4.43537 1.56839
0.671 2.9954 0.63357
0.672 2.8131 0.0434612
0.673 3.7767 -0.207684
0.674 5.46464 -0.167246
0.675 7.29374 0.0973752
0.676 8.70902 0.519697
0.677 9.35343 1.04782
0.678 9.15908 1.64707
0.679 8.33377 2.29394
0.68 7.26053 2.96719
0.681 6.35635 3.64021
0.682 5.93627 4.27699
0.683 6.11619 4.83251
0.684 6.77856 5.25727
0.685 7.61531 5.50414
0.686 8.23751 5.53502
0.687 8.31054 5.32535
0.688 7.66241 4.8678
0.689 6.33188 4.17753
0.69 4.55328 3.29731
0.691 2.69222 2.29727
0.692 1.1474 1.26673
0.693 0.237559 0.300499
0.694 0.106208 -0.516146
0.695 0.681709 -1.121
0.696 1.70951 -1.48534
0.697 2.84051 -1.61826
0.698 3.73997 -1.56027
0.699 4.18427 -1.36443
0.7 4.124 -1.07325
0.701 3.69851 -0.703341
0.702 3.19127 -0.244461
0.703 2.93276 0.329336
0.704 3.18281 1.04205
0.705 4.03716 1.89677
0.706 5.3912 2.85982
0.707 6.96886 3.85449
0.708 8.4039 4.77077
0.709 9.34935 5.49141
0.71 9.58437 5.92393
0.711 9.08409 6.02418
0.712 8.02486 5.80399
0.713 6.72034 5.32311
0.714 5.51278 4.6695
0.715 4.65997 3.93373
0.716 4.25601 3.18431
0.717 4.20909 2.45259
0.718 4.28179 1.73405
0.719 4.18164 1.00601
0.72 3.67268 0.252608
0.721 2.66802 -0.514931
0.722 1.26926 -1.24939
0.723 -0.260001 -1.87206
0.724 -1.57378 -2.28967
0.725 -2.34798 -2.41953
0.726 -2.37729 -2.21502
0.727 -1.63699 -1.68202
0.728 -0.289768 -0.879839
0.729 1.36612 0.0933959
0.73 2.99021 1.12417
0.731 4.30111 2.10767
0.732 5.15123 2.96686
0.733 5.55345 3.66236
0.734 5.65663 4.19021
0.735 5.68139 4.56877
0.736 5.83541 4.82061
0.737 6.23395 4.95711
0.738 6.85314 4.97176
0.739 7.53435 4.84362
0.74 8.03759 4.54767
0.741 8.12356 4.06789
0.742 7.63536 3.40962
0.743 6.55444 2.60738
0.744 5.01531 1.72487
0.745 3.2753 0.845953
0.746 1.64586 0.0589161
0.747 0.404074 -0.561033
0.748 -0.286488 -0.965664
0.749 -0.418118 -1.14047
0.75 -0.131141 -1.10387
0.751 0.339662 -0.899918
0.752 0.744915 -0.586465
0.753 0.900421 -0.221254
0.754 0.743496 0.150678
0.755 0.349918 0.504916
0.756 -0.095144 0.837966
0.757 -0.364668 1.15965
0.758 -0.27334 1.4811
0.759 0.252128 1.8036
0.76 1.14119 2.11199
0.761 2.19777 2.37451
0.762 3.16101 2.5485
0.763 3.78676 2.59144
0.764 3.92458 2.47521
0.765 3.56716 2.19953
0.766 2.85491 1.79782
0.767 2.03114 1.33153
0.768 1.361 0.874655
0.769 1.04196 0.494822
0.77 1.13882 0.237478
0.771 1.56673 0.116744
0.772 2.12495 0.114467
0.773 2.56762 0.188333
0.774 2.68882 0.288402
0.775 2.39556 0.376797
0.776 1.74285 0.44175
0.777 0.916603 0.499494
0.778 0.169026 0.584345
0.779 -0.269807 0.732455
0.78 -0.271091 0.965383
0.781 0.150664 1.278
0.782 0.844474 1.63426
0.783 1.57475 1.97381
0.784 2.10174 2.22901
0.785 2.26349 2.34624
0.786 2.02958 2.30239
0.787 1.50641 2.11004
0.788 0.89352 1.81144
0.789 0.409128 1.46459
0.79 0.212937 1.1259
0.791 0.352187 0.833918
0.792 0.747523 0.599807
0.793 1.22345 0.408953
0.794 1.57377 0.233399
0.795 1.63817 0.0487811
0.796 1.36035 -0.152296
0.797 0.806661 -0.354891
0.798 0.141164 -0.524315
0.799 -0.430789 -0.615249
0.8 -0.73014 -0.585829
0.801 -0.661363 -0.413017
0.802 -0.241468 -0.10293
0.803 0.409478 0.309255
0.804 1.11348 0.769679
0.805 1.69762 1.22068
0.806 2.04978 1.61372
0.807 2.14724 1.91756
0.808 2.05213 2.12158
0.809 1.87942 2.23395
0.81 1.75044 2.27396
0.811 1.74692 2.26076
0.812 1.88088 2.20378
0.813 2.09116 2.1001
0.814 2.26824 1.93898
0.815 2.29703 1.70968
0.816 2.09928 1.40842
0.817 1.65983 1.04308
0.818 1.03041 0.635644
0.819 0.312614 0.221051
0.82 -0.372547 -0.158866
0.821 -0.918983 -0.46512
0.822 -1.26341 -0.670837
0.823 -1.39793 -0.765987
0.824 -1.3633 -0.756672
0.825 -1.22698 -0.660994
0.826 -1.05688 -0.503696
0.827 -0.900874 -0.310337
0.828 -0.777327 -0.101815
0.829 -0.67657 0.108793
0.83 -0.570678 0.315577
0.831 -0.427499 0.516107
0.832 -0.224793 0.707339
0.833 0.0400193 0.88332
0.834 0.348123 1.03508
0.835 0.665411 1.15181
0.836 0.952385 1.22291
0.837 1.17352 1.24092
0.838 1.30385 1.20457
0.839 1.3326 1.12008
0.84 1.26471 0.999912
0.841 1.12024 0.859757
0.842 0.930373 0.715545
0.843 0.730622 0.581343
0.844 0.553352 0.467801
0.845 0.421619 0.380756
0.846 0.344607 0.320584
0.847 0.315022 0.283214
0.848 0.30984 0.262419
0.849 0.296115 0.251883
0.85 0.241828 0.246171
0.851 0.128089 0.241068
0.852 -0.0427956 0.234077
0.853 -0.246408 0.225111
0.854 -0.442003 0.216479
0.855 -0.583429 0.211594
0.856 -0.633196 0.213173
0.857 -0.575988 0.222267
0.858 -0.426083 0.238421
0.859 -0.224024 0.260154
0.86 -0.0227086 0.28515
0.861 0.131111 0.31047
0.862 0.212258 0.333379
0.863 0.224865 0.352704
0.864 0.200936 0.369685
0.865 0.189475 0.387427
0.866 0.23788 0.409246
0.867 0.371377 0.43707
0.868 0.579655 0.47058
0.869 0.817933 0.50691
0.87 1.0221 0.540679
0.871 1.13058 0.564667
0.872 1.10452 0.57159
0.873 0.941092 0.556728
0.874 0.676442 0.520146
0.875 0.376085 0.467242
0.876 0.113588 0.407346
0.877 -0.0551889 0.351166
0.878 -0.110857 0.308003
0.879 -0.0739285 0.283319
0.88 0.00683545 0.277191
0.881 0.0742706 0.284353
0.882 0.0833796 0.296228
0.883 0.0172794 0.304288
0.884 -0.105984 0.303241
0.885 -0.239522 0.2926
0.886 -0.326282 0.276179
0.887 -0.323095 0.260032
0.888 -0.218804 0.249679
0.889 -0.0385776 0.247451
0.89 0.165581 0.250892
0.891 0.332561 0.253142
0.892 0.411901 0.245473
0.893 0.380368 0.220917
0.894 0.250216 0.177347
0.895 0.0649399 0.11876
0.896 -0.117103 0.0544743
0.897 -0.24436 -0.00330508
0.898 -0.289277 -0.0428844
0.899 -0.254624 -0.0565721
0.9 -0.168639 -0.0430118
0.901 -0.0725471 -0.00723171
0.902 -0.00480101 0.041653
0.903 0.0132576 0.0938971
0.904 -0.014829 0.142164
0.905 -0.0631944 0.183133
0.906 -0.0957295 0.217469
0.907 -0.0817803 0.248423
0.908 -0.0082427 0.2795
0.909 0.116052 0.311924
0.91 0.263736 0.343085
0.911 0.398112 0.366908
0.912 0.485464 0.376039
0.913 0.506594 0.364724
0.914 0.462937 0.331061
0.915 0.37434 0.277904
0.916 0.269929 0.212342
0.917 0.17696 0.143987
0.918 0.112454 0.0824596
0.919 0.0796898 0.0348005
0.92 0.0694234 0.00384226
0.921 0.065071 -0.0117574
0.922 0.0504386 -0.0159956
0.923 0.0171275 -0.0134134
0.924 -0.0319571 -0.00735555
0.925 -0.0847053 0.000876075
0.926 -0.12583 0.0119149
0.927 -0.143217 0.0274226
0.928 -0.131935 0.0486858
0.929 -0.0952866 0.0753015
0.93 -0.04332 0.104644
0.931 0.0107398 0.132436
0.932 0.0552571 0.154108
0.933 0.0842406 0.166262
0.934 0.098626 0.167648
0.935 0.10425 0.159394
0.936 0.108071 0.144534
0.937 0.114921 0.127007
0.938 0.126038 0.110438
0.939 0.139302 0.0971597
0.94 0.150622 0.0878763
0.941 0.155966 0.0820209
0.942 0.153355 0.0784652
0.943 0.143847 0.0761798
0.944 0.130863 0.074603
0.945 0.118245 0.0736816
0.946 0.108246 0.0736477
0.947 0.100598 0.0746405
0.948 0.0929185 0.0763538
0.949 0.0820646 0.0779312
0.95 0.0657814 0.0782018
0.951 0.0440183 0.0761153
0.952 0.0193083 0.071117
0.953 -0.00407354 0.0632937
0.954 -0.0218421 0.0532927
0.955 -0.0314544 0.0421063
0.956 -0.0330227 0.0308068
0.957 -0.0290689 0.020296
0.958 -0.0233637 0.0111553
0.959 -0.0193443 0.00366941
0.96 -0.018678 -0.00201121
0.961 -0.0205663 -0.00570169
0.962 -0.0221865 -0.00714045
0.963 -0.020129 -0.00609851
0.964 -0.0121096 -0.00255755
0.965 0.0019026 0.00315539
0.966 0.019603 0.0103395
0.967 0.0371915 0.0180072
0.968 0.0506976 0.0250704
0.969 0.0573313 0.0305872
0.97 0.0564279 0.0339895
0.971 0.0496043 0.0351938
0.972 0.0400076 0.0345429
0.973 0.0309825 0.0326093
0.974 0.0248091 0.0299592
0.975 0.0220696 0.0269837
0.976 0.0217933 0.0238478
0.977 0.0221503 0.0205448
0.978 0.0213335 0.0170136
0.979 0.0183141 0.0132653
0.98 0.0132191 0.00946335
0.981 0.00719206 0.00591892
0.982 0.00181318 0.00299773
0.983 -0.00161999 0.000984247
0.984 -0.00259575 -2.69098e-05
0.985 -0.00147957 -0.000160311
0.986 0.000761004 0.000294098
0.987 0.00300728 0.000983811
0.988 0.0044138 0.00160181
0.989 0.00465657 0.00196285
0.99 0.00393348 0.00202513
0.991 0.00275072 0.00185697
0.992 0.00162669 0.00157151
0.993 0.000869523 0.00126508
0.994 0.000516259 0.000986324
0.995 0.000417231 0.000741315
0.996 0.000381672 0.000518989
0.997 0.000295632 0.000316126
0.998 0.000159218 0.000147326
0.999 4.15787e-05 3.67662e-05
0.12 3.8796 0.804594
0.24 3.88566 0.80471
0.36 3.89574 0.804902
0.48 3.90977 0.805172
0.6 3.92772 0.805518
0.72 3.94949 0.805943
0.84 3.97498 0.806445
0.96 4.0041 0.807025
1.08 4.0367 0.807684
1.2 4.07266 0.808422
1.32 4.11181 0.809239
1.44 4.154 0.810136
1.56 4.19904 0.811113
1.68 4.24674 0.812172
1.8 4.29692 0.813312
1.92 4.34937 0.814535
2.04 4.40388 0.815841
2.16 4.46024 0.817231
2.28 4.51823 0.818706
2.4 4.57764 0.820267
2.52 4.63824 0.821915
2.64 4.69983 0.82365
2.76 4.76218 0.825473
2.88 4.82509 0.827385
3 4.88834 0.829387
3.12 4.95174 0.831479
3.24 5.0151 0.833661
3.36 5.07822 0.835935
3.48 5.14093 0.838299
3.6 5.20307 0.840754
3.72 5.26447 0.8433
3.84 5.325 0.845936
3.96 5.3845 0.848661
4.08 5.44288 0.851473
4.2 5.5 0.854372
4.32 5.55578 0.857354
4.44 5.61012 0.860417
4.56 5.66296 0.863558
4.68 5.71424 0.866773
4.8 5.76389 0.870058
4.92 5.8119 0.873407
5.04 5.85822 0.876816
5.16 5.90284 0.880277
5.28 5.94576 0.883783
5.4 5.98698 0.887327
5.52 6.02651 0.8909
5.64 6.06437 0.894491
5.76 6.10058 0.898091
5.88 6.13518 0.901689
6 6.16819 0.905272
6.12 6.19967 0.908826
6.24 6.22966 0.912339
6.36 6.25819 0.915795
6.48 6.28532 0.919179
6.6 6.3111 0.922475
6.72 6.33556 0.925664
6.84 6.35875 0.928729
6.96 6.38072 0.931652
7.08 6.4015 0.934413
7.2 6.42113 0.936992
7.32 6.43963 0.939368
7.44 6.45704 0.941521
7.56 6.47337 0.943429
7.68 6.48863 0.945071
7.8 6.50283 0.946424
7.92 6.51597 0.947466
8.04 6.52804 0.948176
8.16 6.53904 0.94853
8.28 6.54893 0.948508
8.4 6.5577 0.948088
8.52 6.5653 0.947249
8.64 6.57171 0.945969
8.76 6.57687 0.944229
8.88 6.58073 0.94201
9 6.58324 0.939293
9.12 6.58433 0.93606
9.24 6.58394 0.932296
9.36 6.58201 0.927985
9.48 6.57846 0.923113
9.6 6.57321 0.917669
9.72 6.56621 0.911641
9.84 6.55737 0.90502
9.96 6.54662 0.897799
10.08 6.53388 0.889972
10.2 6.5191 0.881536
10.32 6.5022 0.87249
10.44 6.48311 0.862833
10.56 6.46178 0.852568
10.68 6.43816 0.8417
10.8 6.41219 0.830237
10.92 6.38383 0.818186
11.04 6.35304 0.805561
11.16 6.3198 0.792374
11.28 6.28409 0.778641
11.4 6.24589 0.764382
11.52 6.20519 0.749617
11.64 6.162 0.734368
11.76 6.11633 0.718661
11.88 6.0682 0.702523
12 6.01764 0.685982
12.12 5.96468 0.669071
12.24 5.90937 0.651822
12.36 5.85177 0.63427
12.48 5.79193 0.616453
12.6 5.72992 0.598407
12.72 5.66583 0.580173
12.84 5.59973 0.561791
12.96 5.53171 0.543305
13.08 5.46187 0.524756
13.2 5.39031 0.50619
13.32 5.31713 0.487651
13.44 5.24245 0.469185
13.56 5.16637 0.450836
13.68 5.08901 0.432653
13.8 5.01048 0.414679
13.92 4.93091 0.396962
14.04 4.85041 0.379548
14.16 4.76911 0.36248
14.28 4.68712 0.345805
14.4 4.60455 0.329565
14.52 4.52153 0.313803
14.64 4.43817 0.298561
14.76 4.35458 0.283878
14.88 4.27086 0.269793
15 4.18712 0.256344
15.12 4.10347 0.243564
15.24 4.01998 0.231487
15.36 3.93677 0.220144
15.48 3.85391 0.209563
15.6 3.77148 0.19977
15.72 3.68957 0.190789
15.84 3.60823 0.18264
15.96 3.52754 0.175341
16.08 3.44756 0.168909
16.2 3.36835 0.163354
16.32 3.28994 0.158686
16.44 3.2124 0.154912
16.56 3.13576 0.152035
16.68 3.06005 0.150053
16.8 2.98531 0.148965
16.92 2.91157 0.148764
17.04 2.83886 0.14944
17.16 2.76718 0.150981
17.28 2.69657 0.153371
17.4 2.62703 0.15659
17.52 2.55859 0.160617
17.64 2.49125 0.165427
17.76 2.42503 0.170992
17.88 2.35992 0.177283
18 2.29595 0.184264
18.12 2.23311 0.191902
18.24 2.17141 0.200157
18.36 2.11086 0.208989
18.48 2.05147 0.218356
18.6 1.99323 0.228212
18.72 1.93617 0.238513
18.84 1.88027 0.249209
18.96 1.82557 0.260251
19.08 1.77205 0.271588
19.2 1.71973 0.283169
19.32 1.66862 0.294941
19.44 1.61872 0.306852
19.56 1.57006 0.318846
19.68 1.52264 0.330871
19.8 1.47647 0.342872
19.92 1.43157 0.354795
20.04 1.38794 0.366589
20.16 1.34559 0.3782
20.28 1.30455 0.389575
20.4 1.26481 0.400666
20.52 1.22639 0.411423
20.64 1.1893 0.421797
20.76 1.15354 0.431742
20.88 1.11913 0.441215
21 1.08605 0.450174
21.12 1.05432 0.458577
21.24 1.02393 0.466389
21.36 0.994878 0.473573
21.48 0.967162 0.480098
21.6 0.940772 0.485933
21.72 0.915694 0.491053
21.84 0.891913 0.495434
21.96 0.869412 0.499055
22.08 0.848167 0.501899
22.2 0.828154 0.503952
22.32 0.809342 0.505204
22.44 0.791701 0.505646
22.56 0.775194 0.505275
22.68 0.759782 0.50409
22.8 0.745422 0.502093
22.92 0.732069 0.49929
23.04 0.719675 0.49569
23.16 0.708187 0.491305
23.28 0.697553 0.48615
23.4 0.687717 0.480242
23.52 0.67862 0.473603
23.64 0.670204 0.466257
23.76 0.662406 0.458229
23.88 0.655165 0.449547
24 0.648418 0.440243
24.12 0.642102 0.430349
24.24 0.636155 0.4199
24.36 0.630513 0.408933
24.48 0.625114 0.397485
24.6 0.619898 0.385596
24.72 0.614805 0.373306
24.84 0.609778 0.360656
24.96 0.604761 0.347689
25.08 0.599701 0.334447
25.2 0.594549 0.320972
25.32 0.589256 0.307308
25.44 0.583778 0.293497
25.56 0.578076 0.279581
25.68 0.572112 0.265603
25.8 0.565853 0.251604
25.92 0.559271 0.237622
26.04 0.55234 0.223699
26.16 0.54504 0.209871
26.28 0.537353 0.196175
26.4 0.529269 0.182645
26.52 0.520778 0.169316
26.64 0.511876 0.156217
26.76 0.502565 0.14338
26.88 0.492847 0.13083
27 0.482731 0.118594
27.12 0.472229 0.106695
27.24 0.461354 0.0951529
27.36 0.450126 0.0839872
27.48 0.438565 0.0732142
27.6 0.426695 0.0628479
27.72 0.414544 0.0529003
27.84 0.402139 0.0433809
27.96 0.38951 0.034297
28.08 0.376691 0.0256537
28.2 0.363714 0.0174542
28.32 0.350613 0.00969934
28.44 0.337425 0.00238804
28.56 0.324183 -0.00448263
28.68 0.310923 -0.0109174
28.8 0.297681 -0.0169229
28.92 0.284492 -0.0225069
29.04 0.271389 -0.0276792
29.16 0.258404 -0.0324505
29.28 0.245571 -0.036833
29.4 0.232919 -0.0408397
29.52 0.220477 -0.044485
29.64 0.208271 -0.0477836
29.76 0.196326 -0.0507513
29.88 0.184665 -0.0534041
30 0.173308 -0.0557587
30.12 0.162273 -0.0578318
30.24 0.151575 -0.0596407
30.36 0.141229 -0.0612021
30.48 0.131244 -0.0625332
30.6 0.12163 -0.0636506
30.72 0.112391 -0.0645709
30.84 0.103533 -0.06531
30.96 0.0950559 -0.0658835
31.08 0.0869593 -0.0663064
31.2 0.0792403 -0.0665931
31.32 0.0718942 -0.0667571
31.44 0.0649143 -0.0668113
31.56 0.0582923 -0.0667678
31.68 0.0520184 -0.0666377
31.8 0.0460813 -0.0664314
31.92 0.0404687 -0.0661583
32.04 0.0351672 -0.0658269
32.16 0.0301626 -0.0654448
32.28 0.0254398 -0.0650187
32.4 0.0209835 -0.0645544
32.52 0.016778 -0.0640568
32.64 0.0128074 -0.0635302
32.76 0.00905577 -0.0629777
32.88 0.00550741 -0.0624021
33 0.00214691 -0.061805
33.12 -0.00104071 -0.0611878
33.24 -0.00406985 -0.060551
33.36 -0.00695424 -0.0598947
33.48 -0.00970683 -0.0592184
33.6 -0.0123397 -0.0585214
33.72 -0.0148641 -0.0578024
33.84 -0.01729 -0.05706
33.96 -0.0196266 -0.0562925
34.08 -0.0218819 -0.055498
34.2 -0.0240629 -0.0546746
34.32 -0.0261754 -0.0538204
34.44 -0.0282241 -0.0529335
34.56 -0.0302126 -0.0520119
34.68 -0.0321436 -0.051054
34.8 -0.0340186 -0.0500583
34.92 -0.0358383 -0.0490234
35.04 -0.0376024 -0.0479485
35.16 -0.0393099 -0.0468328
35.28 -0.0409588 -0.045676
35.4 -0.0425466 -0.044478
35.52 -0.0440703 -0.0432393
35.64 -0.0455262 -0.0419605
35.76 -0.0469102 -0.040643
35.88 -0.048218 -0.0392883
36 -0.049445 -0.0378985
36.12 -0.0505865 -0.0364759
36.24 -0.0516376 -0.0350233
36.36 -0.0525936 -0.0335438
36.48 -0.0534498 -0.0320411
36.6 -0.0542019 -0.030519
36.72 -0.0548457 -0.0289815
36.84 -0.0553772 -0.0274332
36.96 -0.0557931 -0.0258786
37.08 -0.0560904 -0.0243225
37.2 -0.0562666 -0.0227701
37.32 -0.0563197 -0.0212264
37.44 -0.0562484 -0.0196965
37.56 -0.0560519 -0.0181858
37.68 -0.0557301 -0.0166993
37.8 -0.0552833 -0.0152424
37.92 -0.0547127 -0.01382
38.04 -0.0540201 -0.0124371
38.16 -0.0532077 -0.0110984
38.28 -0.0522786 -0.00980857
38.4 -0.0512361 -0.00857178
38.52 -0.0500843 -0.0073921
38.64 -0.0488279 -0.00627324
38.76 -0.0474718 -0.00521857
38.88 -0.0460215 -0.0042311
39 -0.0444829 -0.00331345
39.12 -0.0428621 -0.00246784
39.24 -0.0411656 -0.00169608
39.36 -0.0394001 -0.000999546
39.48 -0.0375725 -0.000379176
39.6 -0.0356898 0.000164524
39.72 -0.0337592 0.000631488
39.84 -0.0317878 0.00102208
39.96 -0.0297826 0.00133711
40.08 -0.0277507 0.00157778
40.2 -0.0256992 0.0017457
40.32 -0.0236347 0.0018429
40.44 -0.0215638 0.00187172
40.56 -0.0194929 0.0018349
40.68 -0.0174282 0.00173548
40.8 -0.0153754 0.00157679
40.92 -0.0133401 0.00136244
41.04 -0.0113274 0.00109627
41.16 -0.00934221 0.000782332
41.28 -0.00738892 0.000424859
41.4 -0.00547165 2.8224e-05
41.52 -0.00359415 -0.000403089
41.64 -0.00175975 -0.000864516
41.76 2.85502e-05 -0.00135145
41.88 0.00176814 -0.00185925
42 0.00345676 -0.00238333
42.12 0.00509249 -0.00291911
42.24 0.00667375 -0.00346212
42.36 0.00819927 -0.00400797
42.48 0.00966806 -0.00455241
42.6 0.0110794 -0.00509136
42.72 0.0124329 -0.0056209
42.84 0.0137284 -0.00613731
42.96 0.0149657 -0.0066371
43.08 0.0161451 -0.00711701
43.2 0.017267 -0.00757402
43.32 0.0183319 -0.00800539
43.44 0.0193403 -0.00840864
43.56 0.020293 -0.00878157
43.68 0.0211908 -0.00912226
43.8 0.0220346 -0.00942908
43.92 0.0228252 -0.00970069
44.04 0.0235636 -0.00993603
44.16 0.0242507 -0.0101343
44.28 0.0248875 -0.0102951
44.4 0.0254749 -0.0104181
44.52 0.0260138 -0.0105033
44.64 0.0265052 -0.0105511
44.76 0.0269499 -0.010562
44.88 0.0273487 -0.0105366
45 0.0277024 -0.010476
45.12 0.0280118 -0.0103813
45.24 0.0282776 -0.0102538
45.36 0.0285004 -0.010095
45.48 0.028681 -0.00990647
45.6 0.02882 -0.00969003
45.72 0.0289179 -0.00944751
45.84 0.0289753 -0.00918084
45.96 0.0289928 -0.00889203
46.08 0.028971 -0.00858314
46.2 0.0289105 -0.00825626
46.32 0.0288118 -0.00791351
46.44 0.0286755 -0.00755698
46.56 0.0285023 -0.00718878
46.68 0.0282929 -0.00681096
46.8 0.0280479 -0.00642553
46.92 0.0277681 -0.00603446
47.04 0.0274543 -0.00563963
47.16 0.0271073 -0.00524283
47.28 0.0267281 -0.00484579
47.4 0.0263176 -0.00445009
47.52 0.0258769 -0.00405725
47.64 0.025407 -0.00366864
47.76 0.0249092 -0.00328552
47.88 0.0243846 -0.00290902
48 0.0238345 -0.00254016
48.12 0.0232604 -0.0021798
48.24 0.0226635 -0.00182868
48.36 0.0220455 -0.00148743
48.48 0.0214077 -0.00115652
48.6 0.0207517 -0.000836314
48.72 0.0200792 -0.000527037
48.84 0.0193917 -0.000228804
48.96 0.0186908 5.83838e-05
49.08 0.0179784 0.000334636
49.2 0.0172559 0.000600162
49.32 0.0165251 0.000855267
49.44 0.0157877 0.00110034
49.56 0.0150454 0.00133585
49.68 0.0142997 0.00156234
49.8 0.0135522 0.00178041
49.92 0.0128046 0.00199069
50.04 0.0120584 0.0021939
50.16 0.011315 0.00239075
50.28 0.0105759 0.00258199
50.4 0.00984257 0.00276838
50.52 0.0091162 0.00295069
50.64 0.00839808 0.00312968
50.76 0.00768938 0.00330609
50.88 0.00699122 0.00348066
51 0.00630461 0.00365408
51.12 0.00563051 0.00382702
51.24 0.00496979 0.00400008
51.36 0.00432323 0.00417383
51.48 0.00369153 0.00434878
51.6 0.00307532 0.00452538
51.72 0.00247513 0.00470401
51.84 0.00189142 0.00488497
51.96 0.00132458 0.00506852
52.08 0.000774901 0.0052548
52.2 0.000242605 0.0054439
52.32 -0.000272159 0.00563582
52.44 -0.000769314 0.0058305
52.56 -0.00124886 0.00602778
52.68 -0.00171084 0.00622742
52.8 -0.0021554 0.00642913
52.92 -0.00258271 0.00663254
53.04 -0.00299303 0.00683718
53.16 -0.00338665 0.00704255
53.28 -0.00376391 0.00724807
53.4 -0.00412523 0.00745313
53.52 -0.00447105 0.00765702
53.64 -0.00480185 0.00785904
53.76 -0.00511815 0.00805842
53.88 -0.00542054 0.00825436
54 -0.00570959 0.00844603
54.12 -0.00598593 0.00863262
54.24 -0.00625022 0.00881326
54.36 -0.00650313 0.0089871
54.48 -0.00674536 0.0091533
54.6 -0.0069776 0.00931102
54.72 -0.0072006 0.00945945
54.84 -0.00741508 0.00959781
54.96 -0.00762178 0.00972532
55.08 -0.00782145 0.00984128
55.2 -0.00801483 0.00994503
55.32 -0.00820266 0.0100359
55.44 -0.00838567 0.0101135
55.56 -0.00856458 0.0101771
55.68 -0.0087401 0.0102264
55.8 -0.0089129 0.0102611
55.92 -0.00908365 0.0102808
56.04 -0.00925298 0.0102853
56.16 -0.00942149 0.0102746
56.28 -0.00958974 0.0102486
56.4 -0.00975825 0.0102073
56.52 -0.00992749 0.010151
56.64 -0.0100979 0.0100797
56.76 -0.0102699 0.00999374
56.88 -0.0104437 0.00989357
57 -0.0106196 0.0097796
57.12 -0.0107979 0.00965237
57.24 -0.0109785 0.00951246
57.36 -0.0111617 0.00936055
57.48 -0.0113474 0.00919735
57.6 -0.0115354 0.00902365
57.72 -0.0117256 0.0088403
57.84 -0.0119178 0.00864816
57.96 -0.0121116 0.00844815
58.08 -0.0123067 0.00824124
58.2 -0.0125025 0.0080284
58.32 -0.0126985 0.00781063
58.44 -0.0128941 0.00758894
58.56 -0.0130884 0.00736435
58.68 -0.0132809 0.00713787
58.8 -0.0134705 0.0069105
58.92 -0.0136564 0.00668325
59.04 -0.0138376 0.00645707
59.16 -0.0140131 0.0062329
59.28 -0.0141819 0.00601166
59.4 -0.0143427 0.0057942
59.52 -0.0144945 0.00558134
59.64 -0.0146361 0.00537386
59.76 -0.0147662 0.00517245
59.88 -0.0148838 0.00497778
60 -0.0149876 0.00479044
60.12 -0.0150764 0.00461094
60.24 -0.015149 0.00443974
60.36 -0.0152044 0.00427723
60.48 -0.0152414 0.00412371
60.6 -0.015259 0.00397942
60.72 -0.0152561 0.00384452
60.84 -0.0152319 0.00371911
60.96 -0.0151855 0.0036032
61.08 -0.0151162 0.00349673
61.2 -0.0150232 0.00339959
61.32 -0.014906 0.00331158
61.44 -0.0147641 0.00323245
61.56 -0.0145972 0.00316187
61.68 -0.0144051 0.00309946
61.8 -0.0141876 0.00304481
61.92 -0.0139448 0.00299741
62.04 -0.0136769 0.00295675
62.16 -0.0133841 0.00292225
62.28 -0.013067 0.0028933
62.4 -0.0127259 0.00286926
62.52 -0.0123617 0.00284947
62.64 -0.0119752 0.00283323
62.76 -0.0115674 0.00281984
62.88 -0.0111394 0.00280857
63 -0.0106924 0.00279872
63.12 -0.0102278 0.00278954
63.24 -0.00974695 0.00278032
63.36 -0.00925151 0.00277035
63.48 -0.00874311 0.00275892
63.6 -0.0082235 0.00274536
63.72 -0.00769451 0.002729
63.84 -0.00715803 0.00270923
63.96 -0.006616 0.00268544
64.08 -0.00607042 0.00265706
64.2 -0.00552333 0.00262357
64.32 -0.00497676 0.0025845
64.44 -0.00443277 0.0025394
64.56 -0.00389342 0.00248788
64.68 -0.00336075 0.00242962
64.8 -0.00283676 0.00236432
64.92 -0.00232343 0.00229175
65.04 -0.00182269 0.00221176
65.16 -0.00133637 0.00212421
65.28 -0.000866282 0.00202907
65.4 -0.000414112 0.00192633
65.52 1.853e-05 0.00181606
65.64 0.000430137 0.0016984
65.76 0.000819315 0.00157354
65.88 0.00118478 0.00144173
66 0.00152539 0.00130328
66.12 0.0018401 0.00115856
66.24 0.00212802 0.00100801
66.36 0.0023884 0.000852102
66.48 0.00262062 0.000691391
66.6 0.00282418 0.000526467
66.72 0.00299877 0.000357976
66.84 0.00314416 0.000186608
66.96 0.00326029 1.31022e-05
67.08 0.00334724 -0.000161764
67.2 0.0034052 -0.000337176
67.32 0.00343448 -0.000512282
67.44 0.00343555 -0.000686204
67.56 0.00340894 -0.000858038
67.68 0.00335532 -0.00102686
67.8 0.00327544 -0.00119172
67.92 0.00317016 -0.00135168
68.04 0.00304041 -0.00150578
68.16 0.00288718 -0.00165306
68.28 0.00271154 -0.00179257
68.4 0.00251459 -0.00192337
68.52 0.0022975 -0.00204454
68.64 0.00206146 -0.00215517
68.76 0.00180766 -0.00225441
68.88 0.00153734 -0.0023414
69 0.00125171 -0.00241536
69.12 0.000952004 -0.00247554
69.24 0.000639413 -0.00252124
69.36 0.000315119 -0.00255181
69.48 -1.97331e-05 -0.00256667
69.6 -0.000364033 -0.00256532
69.72 -0.000716719 -0.00254731
69.84 -0.00107678 -0.00251227
69.96 -0.00144326 -0.00245991
70.08 -0.00181526 -0.00239003
70.2 -0.00219195 -0.0023025
70.32 -0.00257257 -0.00219729
70.44 -0.00295642 -0.00207444
70.56 -0.00334287 -0.0019341
70.68 -0.00373136 -0.00177648
70.8 -0.00412141 -0.00160192
70.92 -0.00451259 -0.00141081
71.04 -0.00490455 -0.00120363
71.16 -0.00529698 -0.00098097
71.28 -0.00568966 -0.000743471
71.4 -0.0060824 -0.000491863
71.52 -0.00647507 -0.000226946
71.64 -0.00686758 5.0415e-05
71.76 -0.00725989 0.000339291
71.88 -0.00765198 0.000638701
72 -0.00804387 0.000947613
72.12 -0.00843559 0.00126495
72.24 -0.0088272 0.00158962
72.36 -0.00921876 0.00192047
72.48 -0.00961034 0.00225635
72.6 -0.010002 0.00259611
72.72 -0.0103938 0.00293858
72.84 -0.0107858 0.00328258
72.96 -0.011178 0.00362699
73.08 -0.0115704 0.00397065
73.2 -0.011963 0.00431249
73.32 -0.0123557 0.00465142
73.44 -0.0127485 0.00498643
73.56 -0.0131412 0.00531653
73.68 -0.0135338 0.0056408
73.8 -0.0139259 0.00595837
73.92 -0.0143173 0.00626843
74.04 -0.0147079 0.00657024
74.16 -0.0150973 0.00686311
74.28 -0.0154851 0.00714644
74.4 -0.015871 0.00741969
74.52 -0.0162545 0.00768236
74.64 -0.0166353 0.00793405
74.76 -0.0170128 0.00817442
74.88 -0.0173866 0.00840316
75 -0.0177562 0.00862006
75.12 -0.018121 0.00882491
75.24 -0.0184806 0.00901758
75.36 -0.0188343 0.00919798
75.48 -0.0191817 0.00936602
75.6 -0.0195221 0.00952166
75.72 -0.0198551 0.00966487
75.84 -0.02018 0.00979563
75.96 -0.0204964 0.00991389
76.08 -0.0208037 0.0100196
76.2 -0.0211014 0.0101128
76.32 -0.0213891 0.0101933
76.44 -0.0216661 0.010261
76.56 -0.0219321 0.0103157
76.68 -0.0221865 0.0103573
76.8 -0.022429 0.0103855
76.92 -0.022659 0.0103999
77.04 -0.0228762 0.0104002
77.16 -0.02308 0.0103858
77.28 -0.02327 0.0103563
77.4 -0.0234458 0.010311
77.52 -0.0236069 0.0102494
77.64 -0.0237529 0.0101705
77.76 -0.0238831 0.0100736
77.88 -0.0239972 0.00995791
78 -0.0240945 0.0098224
78.12 -0.0241745 0.00966611
78.24 -0.0242365 0.00948804
78.36 -0.0242797 0.00928714
78.48 -0.0243036 0.00906235
78.6 -0.0243072 0.0088126
78.72 -0.0242897 0.00853682
78.84 -0.0242502 0.00823399
78.96 -0.0241877 0.00790311
79.08 -0.0241011 0.00754322
79.2 -0.0239893 0.00715345
79.32 -0.0238513 0.00673301
79.44 -0.0236856 0.0062812
79.56 -0.0234912 0.00579744
79.68 -0.0232666 0.00528128
79.8 -0.0230105 0.00473242
79.92 -0.0227216 0.00415069
80.04 -0.0223985 0.00353611
80.16 -0.0220398 0.00288888
80.28 -0.0216442 0.00220936
80.4 -0.0212103 0.00149812
80.52 -0.0207371 0.000755928
80.64 -0.0202233 -1.62744e-05
80.76 -0.0196679 -0.000817336
80.88 -0.0190699 -0.00164592
81 -0.0184287 -0.0025005
81.12 -0.0177437 -0.00337939
81.24 -0.0170144 -0.00428073
81.36 -0.0162408 -0.0052025
81.48 -0.0154229 -0.00614259
81.6 -0.0145613 -0.00709875
81.72 -0.0136567 -0.00806864
81.84 -0.01271 -0.0090499
81.96 -0.0117228 -0.0100401
82.08 -0.0106969 -0.0110368
82.2 -0.0096345 -0.0120377
82.32 -0.00853822 -0.0130404
82.44 -0.00741117 -0.0140427
82.56 -0.00625688 -0.0150425
82.68 -0.00507934 -0.016038
82.8 -0.00388302 -0.0170275
82.92 -0.00267283 -0.0180095
83.04 -0.00145417 -0.0189828
83.16 -0.000232886 -0.0199467
83.28 0.000984731 -0.0209006
83.4 0.00219196 -0.0218445
83.52 0.00338167 -0.0227786
83.64 0.00454635 -0.0237038
83.76 0.00567814 -0.0246213
83.88 0.00676886 -0.0255327
84 0.00781006 -0.0264403
84.12 0.00879306 -0.0273468
84.24 0.00970901 -0.0282553
84.36 0.0105489 -0.0291696
84.48 0.0113038 -0.0300938
84.6 0.0119646 -0.0310327
84.72 0.0125224 -0.0319915
84.84 0.0129683 -0.0329756
84.96 0.0132937 -0.0339912
85.08 0.0134905 -0.0350447
85.2 0.0135505 -0.0361426
85.32 0.0134663 -0.0372921
85.44 0.0132311 -0.0385002
85.56 0.0128383 -0.0397745
85.68 0.0122825 -0.0411223
85.8 0.0115586 -0.0425511
85.92 0.0106627 -0.0440684
86.04 0.00959167 -0.0456814
86.16 0.00834329 -0.0473973
86.28 0.00691649 -0.0492228
86.4 0.00531132 -0.0511643
86.52 0.00352894 -0.0532276
86.64 0.00157176 -0.0554182
86.76 -0.000556557 -0.0577407
86.88 -0.00285107 -0.060199
87 -0.00530551 -0.0627964
87.12 -0.00791227 -0.0655348
87.24 -0.0106624 -0.0684156
87.36 -0.0135457 -0.071439
87.48 -0.0165504 -0.0746038
87.6 -0.0196636 -0.0779081
87.72 -0.0228711 -0.0813482
87.84 -0.0261575 -0.0849196
87.96 -0.029506 -0.0886162
88.08 -0.0328989 -0.0924307
88.2 -0.0363172 -0.0963542
88.32 -0.0397412 -0.100377
88.44 -0.0431501 -0.104487
88.56 -0.0465223 -0.108671
88.68 -0.0498356 -0.112916
88.8 -0.0530671 -0.117207
88.92 -0.0561935 -0.121525
89.04 -0.0591913 -0.125854
89.16 -0.0620365 -0.130175
89.28 -0.0647054 -0.134467
89.4 -0.067174 -0.13871
89.52 -0.0694187 -0.142883
89.64 -0.0714165 -0.146962
89.76 -0.0731444 -0.150926
89.88 -0.0745806 -0.154751
90 -0.0757038 -0.158413
90.12 -0.0764937 -0.161889
90.24 -0.0769312 -0.165156
90.36 -0.0769982 -0.16819
90.48 -0.0766783 -0.170969
90.6 -0.0759564 -0.17347
90.72 -0.074819 -0.175671
90.84 -0.0732543 -0.177552
90.96 -0.0712525 -0.179094
91.08 -0.0688055 -0.180278
91.2 -0.0659073 -0.181088
91.32 -0.0625541 -0.181507
91.44 -0.0587438 -0.181522
91.56 -0.054477 -0.181122
91.68 -0.0497561 -0.180297
91.8 -0.0445859 -0.179039
91.92 -0.0389734 -0.177342
92.04 -0.0329277 -0.175203
92.16 -0.0264603 -0.172622
92.28 -0.0195848 -0.1696
92.4 -0.0123167 -0.16614
92.52 -0.00467392 -0.16225
92.64 0.00332395 -0.157937
92.76 0.0116553 -0.153215
92.88 0.0202966 -0.148096
93 0.0292229 -0.142597
93.12 0.0384075 -0.136736
93.24 0.0478221 -0.130534
93.36 0.0574375 -0.124015
93.48 0.0672229 -0.117204
93.6 0.0771468 -0.110126
93.72 0.0871766 -0.102812
93.84 0.0972791 -0.0952913
93.96 0.107421 -0.0875953
94.08 0.117567 -0.079757
94.2 0.127684 -0.0718105
94.32 0.137737 -0.0637901
94.44 0.147691 -0.0557311
94.56 0.157514 -0.047669
94.68 0.167171 -0.0396392
94.8 0.17663 -0.0316772
94.92 0.185857 -0.023818
95.04 0.194823 -0.0160959
95.16 0.203497 -0.00854439
95.28 0.21185 -0.00119578
95.4 0.219853 0.00591892
95.52 0.227482 0.0127703
95.64 0.234711 0.0193306
95.76 0.241518 0.0255742
95.88 0.247881 0.0314777
96 0.25378 0.0370197
96.12 0.259198 0.0421817
96.24 0.264119 0.0469475
96.36 0.26853 0.0513038
96.48 0.272419 0.0552403
96.6 0.275777 0.0587493
96.72 0.278596 0.0618264
96.84 0.280871 0.06447
96.96 0.282598 0.0666817
97.08 0.283777 0.068466
97.2 0.284408 0.0698306
97.32 0.284495 0.0707859
97.44 0.284042 0.0713454
97.56 0.283057 0.0715252
97.68 0.281547 0.0713443
97.8 0.279524 0.0708239
97.92 0.277001 0.0699878
98.04 0.273991 0.0688619
98.16 0.27051 0.0674742
98.28 0.266576 0.0658543
98.4 0.262208 0.0640335
98.52 0.257426 0.0620444
98.64 0.252251 0.0599208
98.76 0.246707 0.0576971
98.88 0.240818 0.0554085
99 0.234607 0.0530904
99.12 0.228102 0.0507783
99.24 0.22133 0.0485075
99.36 0.214316 0.0463127
99.48 0.207091 0.0442281
99.6 0.199682 0.0422866
99.72 0.192118 0.0405201
99.84 0.18443 0.038959
99.96 0.176646 0.0376319
100.08 0.168797 0.0365656
100.2 0.160912 0.0357846
100.32 0.153022 0.0353113
100.44 0.145155 0.0351657
100.56 0.137341 0.035365
100.68 0.12961 0.0359237
100.8 0.121989 0.0368537
100.92 0.114507 0.0381638
101.04 0.10719 0.0398598
101.16 0.100066 0.0419448
101.28 0.0931607 0.0444184
101.4 0.0864979 0.0472778
101.52 0.0801014 0.0505167
101.64 0.0739939 0.0541262
101.76 0.0681964 0.0580944
101.88 0.062729 0.0624067
102 0.0576101 0.067046
102.12 0.0528564 0.0719926
102.24 0.0484833 0.0772244
102.36 0.0445045 0.0827174
102.48 0.0409316 0.0884452
102.6 0.0377745 0.0943801
102.72 0.0350413 0.100493
102.84 0.032738 0.106752
102.96 0.0308683 0.113126
103.08 0.0294342 0.119582
103.2 0.0284351 0.126086
103.32 0.0278685 0.132605
103.44 0.0277295 0.139105
103.56 0.028011 0.145552
103.68 0.0287034 0.151912
103.8 0.0297951 0.158153
103.92 0.0312721 0.164242
104.04 0.033118 0.170148
104.16 0.0353143 0.175841
104.28 0.0378402 0.181293
104.4 0.040673 0.186477
104.52 0.0437877 0.191368
104.64 0.0471572 0.195943
104.76 0.0507529 0.200181
104.88 0.0545441 0.204062
105 0.0584985 0.207571
105.12 0.0625823 0.210694
105.24 0.0667604 0.213417
105.36 0.0709963 0.215734
105.48 0.0752527 0.217636
105.6 0.0794913 0.219119
105.72 0.083673 0.220182
105.84 0.0877586 0.220826
105.96 0.0917084 0.221054
106.08 0.0954828 0.220871
106.2 0.0990422 0.220285
106.32 0.102348 0.219306
106.44 0.105361 0.217947
106.56 0.108045 0.216221
106.68 0.110363 0.214143
106.8 0.112281 0.211732
106.92 0.113765 0.209005
107.04 0.114783 0.205984
107.16 0.115308 0.202688
107.28 0.115311 0.19914
107.4 0.114768 0.195362
107.52 0.113659 0.191378
107.64 0.111963 0.187211
107.76 0.109666 0.182885
107.88 0.106754 0.178423
108 0.103219 0.173849
108.12 0.0990551 0.169186
108.24 0.0942601 0.164456
108.36 0.0888356 0.15968
108.48 0.0827869 0.154881
108.6 0.0761228 0.150076
108.72 0.0688562 0.145285
108.84 0.0610034 0.140525
108.96 0.0525846 0.135812
109.08 0.0436234 0.131161
109.2 0.034147 0.126584
109.32 0.0241861 0.122093
109.44 0.0137744 0.117697
109.56 0.00294883 0.113405
109.68 -0.00825069 0.109223
109.8 -0.0197817 0.105155
109.92 -0.0315991 0.101205
110.04 -0.0436557 0.097374
110.16 -0.0559024 0.0936622
110.28 -0.0682882 0.0900679
110.4 -0.0807609 0.0865881
110.52 -0.0932671 0.0832184
110.64 -0.105753 0.0799532
110.76 -0.118163 0.0767858
110.88 -0.130443 0.0737086
111 -0.142539 0.0707129
111.12 -0.154396 0.0677892
111.24 -0.165961 0.0649278
111.36 -0.177182 0.062118
111.48 -0.188009 0.0593491
111.6 -0.198393 0.0566101
111.72 -0.208286 0.05389
111.84 -0.217645 0.051178
111.96 -0.226427 0.0484632
112.08 -0.234594 0.0457355
112.2 -0.24211 0.0429852
112.32 -0.248942 0.040203
112.44 -0.255062 0.0373807
112.56 -0.260443 0.0345109
112.68 -0.265064 0.0315872
112.8 -0.268907 0.028604
112.92 -0.271958 0.0255574
113.04 -0.274207 0.0224444
113.16 -0.275649 0.0192632
113.28 -0.276281 0.0160138
113.4 -0.276106 0.0126971
113.52 -0.27513 0.00931587
113.64 -0.273362 0.00587396
113.76 -0.270817 0.00237682
113.88 -0.267511 -0.00116871
114 -0.263467 -0.00475442
114.12 -0.258707 -0.00837076
114.24 -0.253259 -0.0120069
114.36 -0.247153 -0.0156506
114.48 -0.240422 -0.0192889
114.6 -0.233101 -0.0229074
114.72 -0.225228 -0.0264907
114.84 -0.216841 -0.030023
114.96 -0.207982 -0.0334872
115.08 -0.198693 -0.036866
115.2 -0.189016 -0.0401413
115.32 -0.178996 -0.043295
115.44 -0.168678 -0.0463085
115.56 -0.158105 -0.0491633
115.68 -0.147323 -0.0518409
115.8 -0.136375 -0.054323
115.92 -0.125305 -0.0565918
116.04 -0.114155 -0.05863
116.16 -0.102967 -0.0604208
116.28 -0.0917815 -0.0619484
116.4 -0.0806366 -0.063198
116.52 -0.0695692 -0.0641557
116.64 -0.0586144 -0.0648089
116.76 -0.047805 -0.0651463
116.88 -0.0371718 -0.0651582
117 -0.0267433 -0.0648363
117.12 -0.0165456 -0.0641738
117.24 -0.0066025 -0.0631659
117.36 0.0030649 -0.0618096
117.48 0.0124378 -0.0601034
117.6 0.0215 -0.0580481
117.72 0.0302375 -0.0556461
117.84 0.0386392 -0.0529022
117.96 0.0466958 -0.0498227
118.08 0.0544008 -0.0464161
118.2 0.0617494 -0.0426928
118.32 0.0687393 -0.0386653
118.44 0.0753699 -0.0343476
118.56 0.0816425 -0.0297559
118.68 0.0875601 -0.024908
118.8 0.0931273 -0.0198232
118.92 0.0983498 -0.0145227
119.04 0.103235 -0.00902908
119.16 0.10779 -0.00336612
119.28 0.112026 0.00244097
119.4 0.11595 0.00836593
119.52 0.119575 0.0143815
119.64 0.122909 0.0204597
119.76 0.125965 0.0265717
119.88 0.128753 0.0326883
120 0.131284 0.0387799
