-0.999 5.68904e-05 -5.26919e-06
-0.998 0.000113067 6.64109e-07
-0.997 -1.95811e-05 5.8127e-05
-0.996 -0.000448979 0.000195413
-0.995 -0.00110813 0.000407047
-0.994 -0.00177477 0.000652419
-0.993 -0.00220604 0.000873423
-0.992 -0.0022838 0.00103275
-0.991 -0.00210521 0.00112317
-0.99 -0.00191404 0.00117801
-0.989 -0.00189076 0.00121495
-0.988 -0.00184333 0.00120687
-0.987 -0.00111596 0.00114879
-0.986 0.0011965 0.000968924
-0.985 0.00595788 0.000612088
-0.984 0.0134547 0.000181168
-0.983 0.0229683 -0.000127062
-0.982 0.0328483 -9.94318e-05
-0.981 0.0409123 0.000473304
-0.98 0.0451702 0.00169707
-0.979 0.0446526 0.00351689
-0.978 0.039841 0.00570382
-0.977 0.032289 0.00782537
-0.976 0.0239334 0.00944062
-0.975 0.0159686 0.0102795
-0.974 0.00874773 0.0101638
-0.973 0.00156182 0.00901401
-0.972 -0.00713262 0.00683714
-0.971 -0.0182297 0.00372581
-0.97 -0.0312203 -0.000438297
-0.969 -0.0434894 -0.00574904
-0.968 -0.0511054 -0.0118337
-0.967 -0.0499044 -0.0181189
-0.966 -0.037581 -0.023842
-0.965 -0.014887 -0.0279518
-0.964 0.0148301 -0.0292346
-0.963 0.0460624 -0.0267679
-0.962 0.0734512 -0.0204064
-0.961 0.0939823 -0.0103282
-0.96 0.108192 0.00264563
-0.959 0.118546 0.0178165
-0.958 0.128356 0.0348146
-0.957 0.140151 0.0528849
-0.956 0.152664 0.0717175
-0.955 0.160467 0.0906214
-0.954 0.15724 0.107993
-0.953 0.138113 0.121753
-0.952 0.102476 0.129271
-0.951 0.0557545 0.12821
-0.95 0.00797912 0.11718
-0.949 -0.0284675 0.0965778
-0.948 -0.044712 0.0689684
-0.947 -0.038446 0.0380088
-0.946 -0.0156045 0.00695979
-0.945 0.0123414 -0.0216058
-0.944 0.033094 -0.0462009
-0.943 0.0381998 -0.0676341
-0.942 0.0291869 -0.087228
-0.941 0.0158455 -0.105713
-0.94 0.012309 -0.121928
-0.939 0.0332826 -0.13166
-0.938 0.0839985 -0.129577
-0.937 0.157445 -0.111048
-0.936 0.236493 -0.0739636
-0.935 0.29912 -0.0214185
-0.934 0.327487 0.0398226
-0.933 0.314388 0.100474
-0.932 0.269029 0.150101
-0.931 0.212461 0.18216
-0.93 0.169366 0.196563
-0.929 0.159521 0.198872
-0.928 0.186977 0.196842
-0.927 0.237061 0.197906
-0.926 0.283158 0.205664
-0.925 0.297318 0.216034
-0.924 0.259258 0.219824
-0.923 0.167914 0.2054
-0.922 0.0437572 0.164147
-0.921 -0.0810286 0.0956052
-0.92 -0.171741 0.00931275
-0.919 -0.204751 -0.0778584
-0.918 -0.176753 -0.147442
-0.917 -0.107961 -0.182626
-0.916 -0.0298858 -0.179464
-0.915 0.0284768 -0.147842
-0.914 0.0493789 -0.105248
-0.913 0.0382823 -0.0733849
-0.912 0.0208905 -0.0662772
-0.911 0.0330683 -0.0860849
-0.91 0.103907 -0.121708
-0.909 0.242705 -0.149763
-0.908 0.434319 -0.146249
-0.907 0.640465 -0.0979547
-0.906 0.81557 -0.00692559
-0.905 0.920935 0.107288
-0.904 0.937318 0.212845
-0.903 0.875649 0.279522
-0.902 0.768347 0.289054
-0.901 0.650708 0.243515
-0.9 0.547494 0.163823
-0.899 0.469058 0.0843468
-0.898 0.406372 0.0384821
-0.897 0.335955 0.044881
-0.896 0.234654 0.0983778
-0.895 0.0929084 0.171665
-0.894 -0.0732804 0.226789
-0.893 -0.228514 0.230056
-0.892 -0.334733 0.167058
-0.891 -0.361304 0.0482632
-0.89 -0.295185 -0.0885788
-0.889 -0.151566 -0.194883
-0.888 0.0379615 -0.232323
-0.887 0.236894 -0.184789
-0.886 0.416454 -0.065697
-0.885 0.567798 0.0831735
-0.884 0.700755 0.210439
-0.883 0.831443 0.273159
-0.882 0.969227 0.255007
-0.881 1.11199 0.175506
-0.88 1.23444 0.075928
-0.879 1.29933 0.00643282
-0.878 1.27623 0.00887077
-0.877 1.15678 0.0923383
-0.876 0.95652 0.227314
-0.875 0.710793 0.362691
-0.874 0.471316 0.442288
-0.873 0.279126 0.427103
-0.872 0.152866 0.314714
-0.871 0.0752559 0.141208
-0.87 0.00819597 -0.0324599
-0.869 -0.0796082 -0.144255
-0.868 -0.204224 -0.157926
-0.867 -0.355512 -0.0747542
-0.866 -0.486299 0.0675444
-0.865 -0.529665 0.205369
-0.864 -0.434625 0.277944
-0.863 -0.189893 0.250011
-0.862 0.169007 0.128148
-0.861 0.57552 -0.0418488
-0.86 0.941994 -0.192702
-0.859 1.19616 -0.264017
-0.858 1.31514 -0.227913
-0.857 1.32172 -0.0981393
-0.856 1.28111 0.0706009
-0.855 1.27157 0.210429
-0.854 1.34057 0.267776
-0.853 1.48194 0.225279
-0.852 1.63391 0.108103
-0.851 1.70617 -0.022433
-0.85 1.60748 -0.0914362
-0.849 1.29403 -0.0512215
-0.848 0.80337 0.103232
-0.847 0.226166 0.328909
-0.846 -0.308113 0.54668
-0.845 -0.678162 0.675273
-0.844 -0.823743 0.660879
-0.843 -0.755576 0.498119
-0.842 -0.54714 0.232383
-0.841 -0.302849 -0.0558336
-0.84 -0.108886 -0.284837
-0.839 0.00974749 -0.408789
-0.838 0.0942592 -0.423362
-0.837 0.237477 -0.373471
-0.836 0.539166 -0.330509
-0.835 1.04972 -0.354103
-0.834 1.73765 -0.468674
-0.833 2.50051 -0.639102
-0.832 3.18101 -0.788148
-0.831 3.62163 -0.82942
-0.83 3.7322 -0.690384
-0.829 3.51269 -0.352923
-0.828 3.04444 0.133613
-0.827 2.46119 0.66978
-0.826 1.89118 1.13777
-0.825 1.40397 1.44735
-0.824 0.991229 1.56145
-0.823 0.579447 1.50197
-0.822 0.0816542 1.34022
-0.821 -0.54568 1.16539
-0.82 -1.26808 1.03951
-0.819 -1.97085 0.972502
-0.818 -2.48561 0.922364
-0.817 -2.65335 0.812845
-0.816 -2.39465 0.569289
-0.815 -1.75108 0.15958
-0.814 -0.865321 -0.384043
-0.813 0.0689165 -0.965958
-0.812 0.866498 -1.46155
-0.811 1.43342 -1.7548
-0.81 1.79768 -1.77197
-0.809 2.0653 -1.51272
-0.808 2.3667 -1.05099
-0.807 2.79067 -0.505208
-0.806 3.32111 0.00912456
-0.805 3.82463 0.412037
-0.804 4.10275 0.685017
-0.803 3.98179 0.870312
-0.802 3.40549 1.04162
-0.801 2.45806 1.26042
-0.8 1.34108 1.54048
-0.799 0.342641 1.84815
-0.798 -0.296713 2.09831
-0.797 -0.470576 2.18589
-0.796 -0.228512 2.0377
-0.795 0.207043 1.63081
-0.794 0.559627 1.0117
-0.793 0.623567 0.293761
-0.792 0.33434 -0.390036
-0.791 -0.17971 -0.921232
-0.79 -0.651677 -1.23177
-0.789 -0.788028 -1.32244
-0.788 -0.410402 -1.24124
-0.787 0.464095 -1.06896
-0.786 1.61198 -0.880935
-0.785 2.66752 -0.717207
-0.784 3.28793 -0.585864
-0.783 3.26841 -0.451417
-0.782 2.64165 -0.258605
-0.781 1.69155 0.0279563
-0.78 0.825367 0.41181
-0.779 0.419495 0.847003
-0.778 0.670943 1.25764
-0.777 1.49919 1.56257
-0.776 2.58031 1.69666
-0.775 3.47042 1.63636
-0.774 3.78515 1.39208
-0.773 3.3431 1.01502
-0.772 2.27431 0.58038
-0.771 0.961155 0.155734
-0.77 -0.122219 -0.201693
-0.769 -0.573891 -0.462338
-0.768 -0.250343 -0.623059
-0.767 0.673064 -0.706465
-0.766 1.75616 -0.746061
-0.765 2.49966 -0.775802
-0.764 2.53447 -0.82224
-0.763 1.78084 -0.890107
-0.762 0.505291 -0.960707
-0.761 -0.807564 -1.00556
-0.76 -1.60909 -0.999905
-0.759 -1.50976 -0.910238
-0.758 -0.456878 -0.711534
-0.757 1.25785 -0.41152
-0.756 3.08336 -0.046014
-0.755 4.42262 0.328488
-0.754 4.86494 0.649724
-0.753 4.34301 0.867719
-0.752 3.16291 0.969632
-0.751 1.84716 0.983292
-0.75 0.939702 0.96257
-0.749 0.788614 0.98089
-0.748 1.37138 1.09185
-0.747 2.3426 1.31129
-0.746 3.17162 1.5937
-0.745 3.34014 1.8336
-0.744 2.5998 1.92253
-0.743 1.09327 1.76547
-0.742 -0.712458 1.32706
-0.741 -2.19175 0.658654
-0.74 -2.79002 -0.115266
-0.739 -2.22275 -0.838609
-0.738 -0.603821 -1.37779
-0.737 1.60594 -1.65485
-0.736 3.78507 -1.68108
-0.735 5.3727 -1.53827
-0.734 6.08562 -1.35752
-0.733 5.98019 -1.24754
-0.732 5.41649 -1.24107
-0.731 4.88825 -1.28853
-0.73 4.78772 -1.2669
-0.729 5.23394 -1.03185
-0.728 5.99902 -0.487867
-0.727 6.63545 0.372259
-0.726 6.64708 1.43601
-0.725 5.68048 2.48536
-0.724 3.71679 3.29112
-0.723 1.08959 3.66578
-0.722 -1.62227 3.52852
-0.721 -3.80669 2.94915
-0.72 -5.04302 2.10951
-0.719 -5.23489 1.2224
-0.718 -4.59092 0.470123
-0.717 -3.5231 -0.071416
-0.716 -2.49949 -0.451509
-0.715 -1.81982 -0.81781
-0.714 -1.51131 -1.33765
-0.713 -1.3557 -2.09052
-0.712 -0.991187 -3.03451
-0.711 -0.0950288 -4.0067
-0.71 1.45023 -4.76159
-0.709 3.47876 -5.06488
-0.708 5.5898 -4.79297
-0.707 7.31965 -3.97802
-0.706 8.30013 -2.80441
-0.705 8.37967 -1.55249
-0.704 7.69257 -0.501875
-0.703 6.60427 0.18183
-0.702 5.52232 0.492384
-0.701 4.76459 0.568775
-0.7 4.44707 0.623374
-0.699 4.42162 0.849198
-0.698 4.39885 1.3292
-0.697 4.07227 1.98516
-0.696 3.25761 2.60012
-0.695 1.9976 2.90468
-0.694 0.541552 2.72081
-0.693 -0.794503 2.02389
-0.692 -1.69889 0.950767
-0.691 -2.02154 -0.210302
-0.69 -1.81494 -1.13177
-0.689 -1.30798 -1.59702
-0.688 -0.817 -1.56642
-0.687 -0.553056 -1.17732
-0.686 -0.594941 -0.713509
-0.685 -0.817697 -0.461484
-0.684 -0.947354 -0.580466
-0.683 -0.690729 -1.0534
-0.682 0.139277 -1.67552
-0.681 1.52078 -2.13845
-0.68 3.23704 -2.15811
-0.679 4.97435 -1.58624
-0.678 6.38565 -0.519617
-0.677 7.23047 0.763673
-0.676 7.47367 1.91119
-0.675 7.24154 2.60636
-0.674 6.7587 2.69492
-0.673 6.2339 2.26507
-0.672 5.78448 1.62478
-0.671 5.37545 1.13841
-0.67 4.84042 1.07488
-0.669 3.97458 1.49532
-0.668 2.66011 2.22716
-0.667 0.959289 2.91083
-0.666 -0.94631 3.13629
-0.665 -2.76777 2.63442
-0.664 -4.156 1.38117
-0.663 -4.85901 -0.38839
-0.662 -4.79738 -2.22361
-0.661 -4.0466 -3.64159
-0.66 -2.82442 -4.32944
-0.659 -1.42536 -4.22719
-0.658 -0.0999908 -3.55102
-0.657 1.02509 -2.70704
-0.656 1.92607 -2.10434
-0.655 2.65583 -2.00534
-0.654 3.32558 -2.39724
-0.653 3.97094 -2.98349
-0.652 4.54641 -3.32883
-0.651 4.96722 -3.02199
-0.65 5.10207 -1.86443
-0.649 4.85621 0.0033591
-0.648 4.18746 2.1557
-0.647 3.16652 4.02183
-0.646 1.92747 5.09395
-0.645 0.647259 5.09822
-0.644 -0.430124 4.08037
-0.643 -1.13298 2.42497
-0.642 -1.34126 0.668183
-0.641 -1.0204 -0.705785
-0.64 -0.211001 -1.40799
-0.639 0.991365 -1.48961
-0.638 2.43321 -1.27692
-0.637 3.94509 -1.1918
-0.636 5.33638 -1.58633
-0.635 6.4496 -2.5545
-0.634 7.19768 -3.87146
-0.633 7.56065 -5.10988
-0.632 7.57638 -5.74906
-0.631 7.31913 -5.36961
-0.63 6.88211 -3.87407
-0.629 6.32959 -1.50111
-0.628 5.60903 1.24807
-0.627 4.62592 3.76151
-0.626 3.27216 5.54405
-0.625 1.4531 6.34267
-0.624 -0.740799 6.23828
-0.623 -3.12257 5.58246
-0.622 -5.37685 4.79753
-0.621 -7.10265 4.23888
-0.62 -7.96552 4.02431
-0.619 -7.79103 4.01257
-0.618 -6.70797 3.87218
-0.617 -5.03259 3.23907
-0.616 -3.19386 1.90212
-0.615 -1.64942 -0.105314
-0.614 -0.670829 -2.47608
-0.613 -0.227122 -4.71697
-0.612 -0.0455636 -6.34754
-0.611 0.297678 -7.05605
-0.61 1.17189 -6.74079
-0.609 2.70603 -5.5851
-0.608 4.74609 -3.98992
-0.607 6.87094 -2.35759
-0.606 8.53483 -0.982501
-0.605 9.28139 -0.00211438
-0.604 8.9048 0.682151
-0.603 7.58949 1.29274
-0.602 5.91298 2.03902
-0.601 4.53038 3.05001
-0.6 3.9583 4.2556
-0.599 4.40326 5.43885
-0.598 5.64567 6.31856
-0.597 7.14285 6.62274
-0.596 8.1881 6.21515
-0.595 8.17538 5.14503
-0.594 6.8457 3.6193
-0.593 4.40787 1.924
-0.592 1.4543 0.363945
-0.591 -1.22819 -0.867011
-0.59 -2.97606 -1.73314
-0.589 -3.55447 -2.3095
-0.588 -3.14979 -2.73614
-0.587 -2.25186 -3.12899
-0.586 -1.50696 -3.54861
-0.585 -1.39768 -3.95069
-0.584 -1.98902 -4.18615
-0.583 -2.98362 -4.08917
-0.582 -3.71602 -3.58197
-0.581 -3.52214 -2.63462
-0.58 -2.01766 -1.33484
-0.579 0.841708 0.107114
-0.578 4.56773 1.50787
-0.577 8.31567 2.6812
-0.576 11.2898 3.53234
-0.575 12.9112 4.03791
-0.574 12.9599 4.23064
-0.573 11.7758 4.21064
-0.572 9.9873 4.05585
-0.571 8.21222 3.82973
-0.57 6.85759 3.52175
-0.569 5.95081 3.07252
-0.568 5.11929 2.43531
-0.567 3.85501 1.56493
-0.566 1.79372 0.46284
-0.565 -1.13829 -0.790616
-0.564 -4.6126 -2.04101
-0.563 -7.97238 -3.11897
-0.562 -10.5235 -3.87198
-0.561 -11.7583 -4.19918
-0.56 -11.4842 -4.08809
-0.559 -9.99003 -3.6191
-0.558 -7.84685 -2.93384
-0.557 -5.69603 -2.20225
-0.556 -3.98959 -1.58342
-0.555 -2.78958 -1.15113
-0.554 -1.7775 -0.882847
-0.553 -0.448433 -0.680853
-0.552 1.62998 -0.381749
-0.551 4.58672 0.1688
-0.55 8.12172 1.02656
-0.549 11.6106 2.14839
-0.548 14.2628 3.32059
-0.547 15.5182 4.27857
-0.546 15.2872 4.83532
-0.545 13.904 4.89355
-0.544 12.0668 4.52671
-0.543 10.5698 3.96653
-0.542 9.9247 3.53669
-0.541 10.198 3.52677
-0.54 10.9556 4.04141
-0.539 11.4212 4.96267
-0.538 10.8455 5.99719
-0.537 8.8664 6.71672
-0.536 5.72839 6.73443
-0.535 2.18316 5.87063
-0.534 -0.739405 4.22644
-0.533 -2.08856 2.20399
-0.532 -1.41071 0.312674
-0.531 1.09232 -0.994445
-0.53 4.57179 -1.46066
-0.529 7.81125 -1.13395
-0.528 9.76456 -0.378119
-0.527 9.897 0.285878
-0.526 8.36851 0.391136
-0.525 5.98975 -0.263607
-0.524 3.81107 -1.48963
-0.523 2.71257 -2.7729
-0.522 3.04486 -3.46947
-0.521 4.4744 -3.08613
-0.52 5.97767 -1.45041
-0.519 6.37751 1.18421
-0.518 4.84663 4.14975
-0.517 1.13883 6.60369
-0.516 -4.09859 7.85292
-0.515 -9.60534 7.54936
-0.514 -13.9527 5.82945
-0.513 -15.93 3.32464
-0.512 -14.9442 0.850904
-0.511 -11.3679 -0.876803
-0.51 -6.27683 -1.5178
-0.509 -0.924844 -1.28779
-0.508 3.54404 -0.743596
-0.507 6.57919 -0.559403
-0.506 8.36447 -1.27266
-0.505 9.57392 -3.01431
-0.504 11.0383 -5.36901
-0.503 13.3809 -7.5122
-0.502 16.712 -8.55662
-0.501 20.46 -7.84242
-0.5 23.5902 -5.20095
-0.499 25.037 -1.112
-0.498 24.0349 3.48525
-0.497 20.4343 7.56297
-0.496 14.7888 10.2654
-0.495 8.12914 11.266
-0.494 1.69889 10.8259
-0.493 -3.489 9.60104
-0.492 -6.89964 8.38549
-0.491 -8.46423 7.71477
-0.49 -8.59627 7.7027
-0.489 -7.805 8.01069
-0.488 -6.50169 7.98595
-0.487 -4.97046 6.98712
-0.486 -3.20368 4.71295
-0.485 -0.999189 1.40903
-0.484 1.7825 -2.18666
-0.483 5.14063 -5.10856
-0.482 8.91776 -6.46908
-0.481 12.7316 -5.80562
-0.48 16.2 -3.2824
-0.479 19.0032 0.460236
-0.478 21.0294 4.5133
-0.477 22.2386 7.99449
-0.476 22.6556 10.4429
-0.475 22.3921 11.8757
-0.474 21.3339 12.6311
-0.473 19.3596 13.2197
-0.472 16.5528 13.9819
-0.471 13.1157 14.8631
-0.47 9.50447 15.452
-0.469 6.3866 15.051
-0.468 4.30867 13.0973
-0.467 3.55326 9.47586
-0.466 4.02322 4.5102
-0.465 5.14201 -0.994355
-0.464 5.95515 -6.01935
-0.463 5.57578 -9.68074
-0.462 3.44202 -11.5159
-0.461 -0.348872 -11.6805
-0.46 -5.02521 -10.7385
-0.459 -9.38649 -9.43445
-0.458 -12.2185 -8.31986
-0.457 -12.8198 -7.50656
-0.456 -11.0592 -6.69197
-0.455 -7.63772 -5.25852
-0.454 -3.86313 -2.65317
-0.453 -1.01366 1.25289
-0.452 0.0971388 6.02037
-0.451 -0.391923 10.6962
-0.45 -1.4479 14.1327
-0.449 -1.60446 15.4115
-0.448 0.589491 14.2231
-0.447 5.99379 11.0083
-0.446 14.2732 6.84003
-0.445 23.9776 3.0271
-0.444 32.9481 0.601181
-0.443 38.9606 -0.00296906
-0.442 40.5324 0.846154
-0.441 37.3366 2.14029
-0.44 30.4598 2.77991
-0.439 21.9291 2.05214
-0.438 13.9797 -0.0982718
-0.437 8.3233 -2.98471
-0.436 5.59509 -5.37831
-0.435 5.28088 -6.06527
-0.434 5.78319 -4.41188
-0.433 5.36865 -0.599154
-0.432 2.9412 4.2843
-0.431 -1.66393 8.60274
-0.43 -7.33391 10.8683
-0.429 -12.1209 10.3215
-0.428 -13.9252 7.13657
-0.427 -11.2273 2.42459
-0.426 -3.87922 -2.12322
-0.425 6.87354 -4.9764
-0.424 18.7074 -5.28202
-0.423 28.8838 -3.16121
-0.422 35.1727 0.336922
-0.421 36.4418 3.74656
-0.42 32.97 5.74353
-0.419 26.1898 5.71127
-0.418 18.2789 4.04385
-0.417 11.3156 1.91371
-0.416 6.57159 0.756668
-0.415 4.22654 1.69418
-0.414 3.42631 5.05485
-0.413 2.85787 10.0986
-0.412 1.27145 15.2701
-0.411 -1.94088 18.8172
-0.41 -6.43336 19.467
-0.409 -10.9717 16.8281
-0.408 -13.85 11.5657
-0.407 -13.441 5.13692
-0.406 -8.89115 -0.801865
-0.405 -0.337302 -4.994
-0.404 11.0075 -6.99141
-0.403 23.2032 -7.23056
-0.402 34.0682 -6.74815
-0.401 41.6649 -6.71652
-0.4 44.9549 -7.82345
-0.399 43.8457 -9.9719
-0.398 39.1584 -12.3486
-0.397 32.3031 -13.7104
-0.396 24.8281 -13.0149
-0.395 17.9988 -9.86415
-0.394 12.3949 -4.63935
-0.393 7.95857 1.59821
-0.392 4.09993 7.41759
-0.391 -0.0165208 11.5731
-0.39 -4.96472 13.4519
-0.389 -10.8269 13.2301
-0.388 -17.0998 11.6686
-0.387 -22.5565 9.73952
-0.386 -25.7179 8.20265
-0.385 -25.3075 7.25938
-0.384 -20.6961 6.53578
-0.383 -12.169 5.29037
-0.382 -0.741064 2.9176
-0.381 11.7709 -0.675048
-0.38 23.2761 -5.11543
-0.379 32.1117 -9.48028
-0.378 37.3743 -12.6596
-0.377 39.0516 -13.9026
-0.376 37.9578 -13.048
-0.375 35.5026 -10.6158
-0.374 33.1697 -7.57826
-0.373 31.8724 -4.95476
-0.372 31.6776 -3.40072
-0.371 31.7752 -2.93322
-0.37 30.8681 -2.96259
-0.369 27.7926 -2.65698
-0.368 21.9155 -1.29941
-0.367 13.3558 1.22163
-0.366 3.16634 4.32922
-0.365 -6.86251 7.02227
-0.364 -14.8897 8.19664
-0.363 -19.6208 7.18221
-0.362 -20.5536 4.0395
-0.361 -18.2631 -0.387408
-0.36 -14.2037 -4.70898
-0.359 -9.88738 -7.53623
-0.358 -6.43635 -8.04622
-0.357 -4.4695 -6.30984
-0.356 -3.71008 -3.23898
-0.355 -3.10668 -0.170522
-0.354 -1.57087 1.68923
-0.353 1.76458 1.73503
-0.352 7.16273 0.258602
-0.351 14.1146 -1.70351
-0.35 21.6813 -2.8682
-0.349 28.6414 -2.17176
-0.348 33.8667 0.709705
-0.347 36.7606 5.11187
-0.346 37.233 9.65437
-0.345 35.6363 12.8032
-0.344 32.5205 13.4249
-0.343 28.4404 11.2702
-0.342 23.8785 7.08972
-0.341 19.1287 2.25419
-0.34 14.3791 -1.72808
-0.339 9.75651 -3.86864
-0.338 5.47532 -4.02552
-0.337 1.74633 -2.88727
-0.336 -1.43492 -1.70925
-0.335 -4.11791 -1.6419
-0.334 -6.51806 -3.2388
-0.333 -9.04162 -6.25129
-0.332 -11.7991 -9.6994
-0.331 -14.4537 -12.3288
-0.33 -16.2696 -13.1221
-0.329 -16.275 -11.7463
-0.328 -13.694 -8.67448
-0.327 -8.27295 -4.93409
-0.326 -0.601203 -1.70239
-0.325 7.77121 0.274746
-0.324 14.8336 0.886258
-0.323 18.5954 0.656143
-0.322 17.9801 0.502157
-0.321 13.374 1.16509
-0.32 6.44412 2.79446
-0.319 -0.270655 4.96177
-0.318 -4.37329 6.74955
-0.317 -4.27682 7.0986
-0.316 -0.0325641 5.56616
-0.315 6.47094 2.46091
-0.314 12.3953 -1.27004
-0.313 14.8459 -4.3288
-0.312 12.1147 -5.71236
-0.311 4.54178 -5.15965
-0.31 -5.39846 -3.3423
-0.309 -13.9748 -1.59329
-0.308 -17.4869 -1.30184
-0.307 -13.8506 -3.24028
-0.306 -3.46343 -7.13664
-0.305 10.9375 -11.6161
-0.304 24.8328 -14.8098
-0.303 33.7217 -15.1596
-0.302 34.8627 -12.0264
-0.301 28.1849 -6.21085
-0.3 16.4356 0.282625
-0.299 4.29083 5.03719
-0.298 -3.48506 6.14919
-0.297 -3.98641 3.15978
-0.296 2.82453 -2.64634
-0.295 14.0163 -8.8002
-0.294 24.484 -12.4321
-0.293 29.2291 -11.446
-0.292 25.298 -5.58719
-0.291 12.8051 3.42071
-0.29 -4.81451 12.4606
-0.289 -22.0202 18.1725
-0.288 -33.3603 18.3989
-0.287 -35.3993 13.0202
-0.286 -28.0173 4.10146
-0.285 -14.5839 -4.74612
-0.284 -0.50628 -9.92736
-0.283 8.81499 -9.36947
-0.282 10.1923 -3.33053
-0.281 3.78652 5.6091
-0.28 -6.95022 13.3983
-0.279 -16.5505 16.2675
-0.278 -19.8767 12.2652
-0.277 -14.0513 2.05626
-0.276 0.313475 -11.1039
-0.275 19.1625 -22.6959
-0.274 36.5732 -28.6107
-0.273 47.0734 -26.7293
-0.272 47.5479 -17.9184
-0.271 38.3556 -5.60919
-0.27 23.2148 5.55652
-0.269 7.30998 11.5328
-0.268 -4.60655 10.5134
-0.267 -9.82646 3.63465
-0.266 -9.00961 -5.57599
-0.265 -5.4573 -12.5072
-0.264 -3.51483 -13.4959
-0.263 -6.9463 -7.37295
-0.262 -16.9573 4.06691
-0.261 -31.6514 16.6418
-0.26 -46.6116 25.5798
-0.259 -56.6974 27.3219
-0.258 -58.1339 21.0144
-0.257 -49.7776 8.8616
-0.256 -33.6251 -4.79493
-0.255 -13.9971 -15.1991
-0.254 4.07175 -19.0672
-0.253 16.9479 -15.9171
-0.252 23.5509 -8.09444
-0.251 25.4447 0.256059
-0.25 26.0256 4.932
-0.249 28.6093 3.58394
-0.248 34.8596 -3.42409
-0.247 44.0063 -13.0959
-0.246 53.0636 -21.0741
-0.245 57.9807 -23.5757
-0.244 55.5214 -18.993
-0.243 44.7757 -8.68069
-0.242 27.5052 3.6525
-0.241 7.83089 13.4627
-0.24 -9.23541 17.127
-0.239 -19.8423 13.5902
-0.238 -22.7717 4.75548
-0.237 -19.6931 -5.42957
-0.236 -14.1582 -12.5816
-0.235 -10.3384 -13.8268
-0.234 -11.0285 -9.04414
-0.233 -16.266 -0.946932
-0.232 -23.5568 6.16783
-0.231 -28.8121 8.32659
-0.23 -28.0849 3.62655
-0.229 -19.5523 -6.80613
-0.228 -4.49676 -19.0777
-0.227 13.1594 -28.0909
-0.226 28.0291 -29.8036
-0.225 35.5192 -22.9456
-0.224 33.6138 -9.70284
-0.223 23.3905 5.14016
-0.222 9.05258 16.1011
-0.221 -3.83375 19.1297
-0.22 -10.7454 13.4172
-0.219 -9.79024 1.86234
-0.218 -2.3326 -10.0657
-0.217 7.47022 -16.6459
-0.216 14.345 -14.3056
-0.215 14.2699 -3.19065
-0.214 6.19971 12.684
-0.213 -7.73145 27.0293
-0.212 -22.7916 33.857
-0.211 -33.3841 29.8755
-0.21 -35.5083 15.9208
-0.209 -28.0583 -3.07952
-0.208 -13.5581 -19.979
-0.207 2.8716 -28.3594
-0.206 15.592 -25.1322
-0.205 20.5318 -11.774
-0.204 16.9156 6.08309
-0.203 7.22231 20.9106
-0.202 -3.84261 26.2434
-0.201 -10.9303 19.2707
-0.2 -10.3849 2.11224
-0.199 -1.71192 -18.9792
-0.198 12.3946 -36.0278
-0.197 27.0606 -42.3946
-0.196 37.1111 -35.4932
-0.195 38.9694 -17.8418
-0.194 32.1535 3.9551
-0.193 19.244 21.7552
-0.192 4.71379 29.0885
-0.191 -6.76699 23.6593
-0.19 -12.0949 8.26354
-0.189 -10.8604 -10.3964
-0.188 -5.20955 -24.385
-0.187 1.24048 -27.6597
-0.186 4.76406 -18.5456
-0.185 3.17525 -0.369226
-0.184 -3.21612 19.8999
-0.183 -11.9367 34.308
-0.182 -19.2768 37.0313
-0.181 -21.7472 26.6652
-0.18 -17.5374 6.69465
-0.179 -7.04252 -15.9567
-0.178 7.30097 -33.5945
-0.177 21.9416 -40.7549
-0.176 33.6287 -36.0852
-0.175 40.3146 -22.6327
-0.174 41.5514 -6.53516
-0.173 38.5756 5.63145
-0.172 33.4702 9.35522
-0.171 28.1336 3.8685
-0.17 23.6078 -7.61831
-0.169 19.663 -19.4819
-0.168 15.1864 -26.0637
-0.167 9.01198 -23.8665
-0.166 0.464044 -12.9183
-0.165 -10.1181 3.37902
-0.164 -21.4494 19.6535
-0.163 -31.8188 30.7466
-0.162 -39.4812 33.6142
-0.161 -43.2089 28.2627
-0.16 -42.8148 17.6105
-0.159 -38.9298 5.99283
-0.158 -32.5765 -2.56144
-0.157 -24.7947 -5.86439
-0.156 -16.2938 -4.31082
-0.155 -7.34296 -0.153165
-0.154 2.0229 3.66409
-0.153 11.5536 4.75086
-0.152 20.6292 2.46
-0.151 28.3911 -2.07995
-0.15 33.7449 -6.65824
-0.149 35.8695 -8.92514
-0.148 34.5464 -7.61822
-0.147 30.2001 -3.1191
-0.146 23.948 2.79712
-0.145 17.1421 7.9403
-0.144 10.8899 10.5695
-0.143 5.75063 10.1757
-0.142 1.71217 7.6228
-0.141 -1.73117 4.5506
-0.14 -4.98183 2.65295
-0.139 -8.17633 2.55833
-0.138 -11.0272 3.48796
-0.137 -12.7147 3.7857
-0.136 -12.4097 1.69041
-0.135 -9.62134 -3.71412
-0.134 -4.5721 -11.8458
-0.133 1.72551 -20.5895
-0.132 7.87788 -26.9572
-0.131 12.4257 -28.3754
-0.13 14.5051 -23.8632
-0.129 14.1697 -14.4979
-0.128 12.1963 -2.99399
-0.127 9.79047 7.13209
-0.126 8.06927 12.9751
-0.125 7.52882 13.5598
-0.124 8.04038 10.0674
-0.123 8.91405 5.34499
-0.122 9.24768 2.62904
-0.121 8.67543 4.14254
-0.12 7.54766 10.179
-0.119 6.7107 18.7671
-0.118 7.21497 26.4331
-0.117 9.78253 29.6823
-0.116 14.2164 26.4443
-0.115 19.4245 16.9797
-0.114 23.7506 3.82771
-0.113 25.3837 -9.18018
-0.112 23.4292 -18.2968
-0.111 18.1594 -21.2537
-0.11 10.8878 -18.0696
-0.109 3.83985 -10.8807
-0.108 -1.0274 -3.0267
-0.107 -2.82432 2.40847
-0.106 -1.929 3.68272
-0.105 0.0252256 0.977587
-0.104 0.999513 -3.85826
-0.103 -0.327808 -8.32848
-0.102 -4.21934 -10.4077
-0.101 -9.22361 -9.48669
-0.1 -12.7745 -6.37876
-0.099 -12.2645 -2.86313
-0.098 -6.01349 -0.776487
-0.097 5.52083 -1.16532
-0.096 19.751 -3.92095
-0.095 32.7852 -7.83081
-0.094 40.7229 -11.2538
-0.093 41.1144 -12.9532
-0.092 33.9097 -12.6548
-0.091 21.5111 -11.1422
-0.09 8.046 -9.63653
-0.089 -2.24181 -8.9777
-0.088 -6.79403 -9.04249
-0.087 -5.56225 -8.60097
-0.086 -0.869757 -6.01045
-0.085 3.50836 -0.0845129
-0.084 4.01572 9.00463
-0.083 -0.987953 19.335
-0.082 -10.3023 27.6428
-0.081 -20.2983 30.4924
-0.08 -26.1554 25.8531
-0.079 -23.7347 14.1827
-0.078 -11.4259 -1.34389
-0.077 9.2347 -15.7042
-0.076 33.7618 -24.0215
-0.075 56.1783 -23.6785
-0.074 71.3614 -15.433
-0.073 76.695 -3.3066
-0.072 72.7572 6.76099
-0.071 62.9483 9.38272
-0.07 52.0922 2.19915
-0.069 44.3873 -12.8327
-0.068 41.717 -29.8374
-0.067 43.0165 -41.038
-0.066 44.8562 -39.8577
-0.065 42.9603 -23.9262
-0.064 34.2682 3.58794
-0.063 18.4811 34.7627
-0.062 -1.80547 59.6017
-0.061 -21.9247 69.7472
-0.06 -36.5537 61.73
-0.059 -41.8202 38.639
-0.058 -36.8791 9.17489
-0.057 -24.0069 -15.7725
-0.056 -7.65421 -27.1802
-0.055 7.36592 -21.4844
-0.054 17.5034 -2.23767
-0.053 21.6915 21.2708
-0.052 21.4119 37.5251
-0.051 19.6711 37.397
-0.05 19.6689 17.9815
-0.049 23.2151 -15.8905
-0.048 29.8073 -53.1614
-0.047 36.8727 -80.8303
-0.046 40.9261 -88.8454
-0.045 39.36 -74.1999
-0.044 31.5044 -42.2783
-0.043 18.8924 -4.78771
-0.042 4.8545 24.5447
-0.041 -6.8637 35.1305
-0.04 -13.4666 23.6897
-0.039 -14.1813 -4.35469
-0.038 -10.457 -37.1633
-0.037 -5.39014 -61.157
-0.036 -2.01394 -66.3815
-0.035 -1.87923 -50.4054
-0.034 -4.59146 -19.2207
-0.033 -7.98084 15.0719
-0.032 -9.20119 39.1091
-0.031 -5.99337 43.5635
-0.03 2.10404 26.8384
-0.029 13.2965 -4.15413
-0.028 23.9749 -36.6708
-0.027 30.4997 -57.3624
-0.026 30.8286 -57.5477
-0.025 25.2632 -36.488
-0.024 16.5608 -1.57048
-0.023 8.74396 34.7948
-0.022 5.69331 59.8856
-0.021 9.31112 65.5518
-0.02 18.7815 51.5396
-0.019 30.804 25.3625
-0.018 40.6303 -1.03264
-0.017 44.2968 -16.3209
-0.016 40.3569 -14.4755
-0.015 30.5445 3.00354
-0.014 19.1214 27.924
-0.013 10.9817 48.9218
-0.012 9.85468 56.052
-0.011 16.9248 44.9436
-0.01 29.7106 18.7397
-0.009 43.1652 -13.2089
-0.008 51.8832 -39.2255
-0.007 52.03 -50.1331
-0.006 42.9351 -42.9262
-0.005 27.5556 -21.8486
-0.004 11.2574 3.73421
-0.003 -0.345921 23.1661
-0.002 -3.42461 28.7815
-0.001 2.29 19.2488
0 13.4316 -0.00579951
0.001 24.6175 -19.3262
0.002 30.2399 -28.9109
0.003 27.0414 -23.2701
0.004 15.4018 -3.86378
0.005 -0.952356 21.6977
0.006 -16.3977 42.8327
0.007 -25.6342 50.0785
0.008 -25.6541 39.2032
0.009 -16.9433 13.1754
0.01 -3.36226 -18.8199
0.011 9.34753 -45.0244
0.012 16.2785 -56.1033
0.013 15.101 -48.9468
0.014 6.87973 -27.9234
0.015 -4.56611 -2.97685
0.016 -14.348 14.5095
0.017 -18.222 16.3549
0.018 -14.473 1.06357
0.019 -4.59756 -25.3123
0.02 7.37071 -51.4778
0.021 16.873 -65.4805
0.022 20.5466 -59.8043
0.023 17.4526 -34.7565
0.024 9.51927 1.57509
0.025 0.631824 36.4674
0.026 -4.98117 57.4652
0.027 -4.63924 57.2765
0.028 1.97455 36.5877
0.029 12.6975 4.07982
0.03 23.7407 -26.8671
0.031 31.6975 -43.5615
0.032 34.8235 -39.0665
0.033 33.5645 -15.0158
0.034 30.1208 19.2577
0.035 27.3492 50.429
0.036 27.4603 66.4259
0.037 30.8616 61.2351
0.038 35.8303 37.2279
0.039 39.3734 4.39866
0.04 38.6925 -23.6544
0.041 32.1659 -35.0896
0.042 20.4537 -24.4985
0.043 6.40469 4.81576
0.044 -6.22879 42.261
0.045 -14.1242 74.1542
0.046 -15.7492 88.7627
0.047 -11.8115 80.7175
0.048 -4.91989 53.068
0.049 1.49985 15.807
0.05 5.02049 -18.0546
0.051 5.02656 -37.4606
0.052 3.18156 -37.5859
0.053 2.72984 -21.3953
0.054 6.80145 2.07714
0.055 16.9217 21.4057
0.056 31.866 27.1508
0.057 48.1285 15.7502
0.058 60.9086 -9.25323
0.059 65.8045 -38.7741
0.06 60.4615 -61.81
0.061 45.7251 -69.7523
0.062 25.5384 -59.6173
0.063 5.2017 -34.8281
0.064 -10.6469 -3.68224
0.065 -19.4395 23.7919
0.066 -21.4145 39.7096
0.067 -19.6673 40.9694
0.068 -18.4293 29.8544
0.069 -21.1226 12.9228
0.07 -28.7898 -2.02791
0.071 -39.566 -9.12139
0.072 -49.4135 -6.40935
0.073 -53.5558 3.69817
0.074 -48.3471 15.8931
0.075 -33.2713 24.1819
0.076 -10.9447 24.4497
0.077 13.4997 16.0553
0.078 34.1848 1.70918
0.079 46.4934 -13.7861
0.08 48.8384 -25.489
0.081 42.8837 -30.1405
0.082 32.811 -27.2519
0.083 23.4453 -18.9282
0.084 18.457 -8.56711
0.085 18.9243 0.536725
0.086 23.1506 6.48134
0.087 27.7318 9.03765
0.088 28.8948 9.45066
0.089 24.2072 9.46129
0.09 13.8254 10.1953
0.091 0.422381 11.7664
0.092 -11.9748 13.3112
0.093 -19.2809 13.6241
0.094 -18.9511 11.9725
0.095 -10.9603 8.5868
0.096 2.15727 4.65654
0.097 16.2877 1.8659
0.098 27.7136 1.45518
0.099 33.9755 3.58548
0.1 34.477 7.15093
0.101 30.7393 10.2635
0.102 25.5049 11.1765
0.103 21.4775 9.08328
0.104 20.0758 4.64657
0.105 21.0949 -0.187283
0.106 23.0608 -2.897
0.107 23.833 -1.63135
0.108 21.8922 3.83221
0.109 16.9095 11.7393
0.11 9.76715 18.9447
0.111 2.36126 22.1609
0.112 -3.10564 19.2205
0.113 -5.15643 10.1144
0.114 -3.61944 -2.85651
0.115 0.639239 -15.971
0.116 5.82253 -25.4359
0.117 10.164 -28.7068
0.118 12.6296 -25.4732
0.119 13.1149 -17.8176
0.12 12.2117 -9.24438
0.121 10.9448 -3.21214
0.122 10.2894 -1.69453
0.123 10.5308 -4.4288
0.124 11.2644 -9.16311
0.125 11.7146 -12.6697
0.126 11.1935 -12.1126
0.127 9.46516 -6.29225
0.128 7.07243 3.75904
0.129 5.09876 15.2341
0.13 4.67294 24.6358
0.131 6.64395 29.1873
0.132 11.0432 27.8043
0.133 17.0337 21.4636
0.134 23.2836 12.7557
0.135 28.2815 4.56076
0.136 31.1344 -0.897624
0.137 31.5512 -2.92424
0.138 29.8142 -2.51926
0.139 26.869 -1.55394
0.14 23.6196 -1.67219
0.141 20.3437 -3.53092
0.142 16.8515 -6.53792
0.143 12.7763 -9.12974
0.144 7.68628 -9.55788
0.145 1.44139 -6.92373
0.146 -5.31624 -1.77101
0.147 -11.5644 4.12621
0.148 -15.9514 8.57353
0.149 -17.3379 9.83202
0.15 -15.3133 7.52789
0.151 -10.0305 2.9531
0.152 -2.26981 -1.61417
0.153 6.82495 -3.90903
0.154 16.3045 -2.77268
0.155 25.6734 1.06781
0.156 34.6143 5.24801
0.157 43.0108 6.77036
0.158 50.6702 3.38096
0.159 56.8348 -5.20503
0.16 60.5618 -16.8287
0.161 60.8558 -27.4921
0.162 57.1338 -32.8311
0.163 49.5643 -29.9442
0.164 39.2187 -18.7994
0.165 27.8322 -2.48176
0.166 17.1844 13.7955
0.167 8.58532 24.7176
0.168 2.36471 26.935
0.169 -2.15893 20.3973
0.17 -6.27646 8.50508
0.171 -10.9254 -3.01916
0.172 -16.2571 -8.50199
0.173 -21.3775 -4.78004
0.174 -24.4153 7.44505
0.175 -23.2405 23.6042
0.176 -16.6475 37.0737
0.177 -5.11198 41.8015
0.178 9.46164 34.6503
0.179 23.8084 16.9654
0.18 34.2711 -5.75973
0.181 38.3984 -25.7707
0.182 35.9054 -36.1158
0.183 28.6136 -33.3973
0.184 19.846 -19.0166
0.185 13.3835 1.23147
0.186 11.6925 19.4354
0.187 15.0929 28.555
0.188 21.4885 25.2649
0.189 27.1764 11.2677
0.19 28.4131 -7.43349
0.191 23.0112 -22.879
0.192 11.4463 -28.3194
0.193 -3.13974 -20.9478
0.194 -16.1096 -3.10922
0.195 -22.8868 18.7341
0.196 -20.9907 36.4472
0.197 -10.9878 43.3521
0.198 3.66101 36.9343
0.199 17.7201 19.8122
0.2 26.3758 -1.34096
0.201 26.9809 -18.5233
0.202 19.9923 -25.4706
0.203 8.9755 -20.0941
0.204 -0.803596 -5.18364
0.205 -4.39016 12.7459
0.206 0.62179 26.1163
0.207 13.2656 29.3578
0.208 29.5805 20.9508
0.209 43.9436 4.03113
0.21 51.3224 -14.9561
0.211 49.2008 -28.8942
0.212 38.5741 -32.8692
0.213 23.5816 -26.0191
0.214 9.59503 -11.6408
0.215 1.42711 4.2604
0.216 1.39697 15.3891
0.217 8.26626 17.7103
0.218 18.0239 11.0972
0.219 25.4789 -0.852695
0.22 26.3735 -12.3968
0.221 19.337 -18.1206
0.222 6.3927 -15.1058
0.223 -7.85795 -4.10748
0.224 -18.0832 10.8363
0.225 -20.0585 24.1479
0.226 -12.5183 30.9986
0.227 2.37745 29.2384
0.228 19.994 20.1828
0.229 34.9836 7.92355
0.23 43.3414 -2.50635
0.231 43.8992 -7.2088
0.232 38.6392 -5.03821
0.233 31.4272 2.0619
0.234 26.2261 10.1359
0.235 25.5578 14.8856
0.236 29.2695 13.5907
0.237 34.7156 6.37251
0.238 37.7756 -3.84425
0.239 34.7833 -12.7223
0.24 24.1417 -16.2896
0.241 7.14366 -12.6168
0.242 -12.4248 -2.8129
0.243 -29.7289 9.55647
0.244 -40.468 19.9133
0.245 -42.8236 24.5549
0.246 -37.8784 22.1103
0.247 -28.798 14.1434
0.248 -19.7041 4.48031
0.249 -13.6442 -2.55359
0.25 -11.2096 -3.91887
0.251 -10.646 0.783396
0.252 -8.70629 9.15482
0.253 -2.03433 16.9979
0.254 10.9446 20.1365
0.255 29.1433 16.286
0.256 48.7504 5.89121
0.257 64.8255 -7.81143
0.258 73.1253 -19.9916
0.259 71.6556 -26.2967
0.26 61.5093 -24.5629
0.261 46.5649 -15.6278
0.262 31.8937 -3.00152
0.263 21.8043 8.46326
0.264 18.3668 14.6191
0.265 20.3501 13.6319
0.266 23.9812 6.71041
0.267 24.7402 -2.49465
0.268 19.3983 -9.4518
0.269 7.40845 -10.5148
0.27 -8.66237 -4.51253
0.271 -23.8585 6.66039
0.272 -32.975 18.9398
0.273 -32.469 27.7307
0.274 -21.8709 29.5824
0.275 -4.33013 23.6447
0.276 14.4958 12.0028
0.277 28.7941 -1.21236
0.278 34.7089 -11.4573
0.279 31.4227 -15.4659
0.28 21.813 -12.5583
0.281 11.0738 -4.7424
0.282 4.67107 4.23636
0.283 6.10574 10.2998
0.284 15.4021 10.8387
0.285 29.398 5.61886
0.286 42.7661 -3.25388
0.287 50.0954 -12.1793
0.288 48.0521 -17.5982
0.289 36.7099 -17.3877
0.29 19.4511 -11.6226
0.291 1.86083 -2.5081
0.292 -10.5542 6.57855
0.293 -14.4897 12.4978
0.294 -9.64269 13.5046
0.295 0.888299 9.86663
0.296 12.028 3.67458
0.297 18.8173 -2.17103
0.298 18.2797 -5.16875
0.299 10.3846 -4.02567
0.3 -1.83342 0.805194
0.301 -13.5339 7.39187
0.302 -20.196 13.2379
0.303 -19.06 16.384
0.304 -10.1045 16.0288
0.305 3.82728 12.7798
0.306 18.2102 8.29955
0.307 28.6035 4.42469
0.308 32.1304 2.49313
0.309 28.5165 2.81477
0.31 19.9956 4.62419
0.311 10.102 6.50555
0.312 2.55792 7.0948
0.313 -0.176105 5.74286
0.314 2.25174 2.68568
0.315 8.16914 -1.03928
0.316 14.6664 -4.13037
0.317 18.7734 -5.65251
0.318 18.7658 -5.32919
0.319 14.6371 -3.60208
0.32 7.83888 -1.40154
0.321 0.898509 0.277455
0.322 -3.60964 0.933102
0.323 -4.11477 0.792399
0.324 -0.26176 0.581779
0.325 6.84225 1.16107
0.326 15.1805 3.1065
0.327 22.8205 6.32999
0.328 28.266 10.0633
0.329 30.8463 13.1184
0.33 30.7823 14.4655
0.331 28.9524 13.6517
0.332 26.3364 10.9821
0.333 23.6487 7.51179
0.334 21.1013 4.49881
0.335 18.6031 2.88489
0.336 15.9336 2.93731
0.337 12.7837 4.08963
0.338 8.9688 5.21718
0.339 4.6017 5.08993
0.34 -0.0188902 2.95969
0.341 -4.68117 -1.02252
0.342 -9.33082 -5.85247
0.343 -13.8373 -10.0369
0.344 -17.8742 -12.1834
0.345 -21.015 -11.5459
0.346 -22.707 -8.38885
0.347 -22.3229 -3.82546
0.348 -19.5012 0.587482
0.349 -14.252 3.49387
0.35 -7.234 4.24979
0.351 0.350884 3.09759
0.352 7.36799 1.06854
0.353 12.7881 -0.450426
0.354 16.0934 -0.412435
0.355 17.588 1.43307
0.356 18.1297 4.50162
0.357 18.8461 7.58213
0.358 20.7284 9.31652
0.359 24.1494 8.81078
0.36 28.5477 5.99327
0.361 32.6427 1.65368
0.362 34.8598 -2.81368
0.363 33.9068 -6.00283
0.364 29.2412 -7.05702
0.365 21.2708 -5.89387
0.366 11.2701 -3.2289
0.367 1.05878 -0.127142
0.368 -7.59667 2.37913
0.369 -13.5321 3.71899
0.37 -16.6493 4.03903
0.371 -17.5807 4.01225
0.372 -17.4952 4.49011
0.373 -17.7547 6.02216
0.374 -19.1219 8.60858
0.375 -21.4608 11.6404
0.376 -23.896 14.0962
0.377 -25.0312 14.96
0.378 -23.3968 13.7335
0.379 -18.1949 10.5468
0.38 -9.39969 6.17911
0.381 2.09902 1.75578
0.382 14.5602 -1.83183
0.383 25.942 -4.16571
0.384 34.4179 -5.38783
0.385 38.8829 -6.11247
0.386 39.2129 -7.04048
0.387 36.0848 -8.55809
0.388 30.6824 -10.4413
0.389 24.4545 -11.9374
0.39 18.549 -12.1333
0.391 13.5326 -10.2866
0.392 9.3496 -6.16249
0.393 5.39488 -0.357046
0.394 0.852747 5.88099
0.395 -4.85027 11.1406
0.396 -11.7564 14.297
0.397 -19.1853 14.9796
0.398 -25.9618 13.6421
0.399 -30.6159 11.312
0.4 -31.7119 9.1681
0.401 -28.425 8.0506
0.402 -20.84 8.08457
0.403 -10.0311 8.52948
0.404 2.11292 8.26585
0.405 13.4393 6.26061
0.406 21.9321 2.03455
0.407 26.4102 -3.95055
0.408 26.7912 -10.4324
0.409 23.8939 -15.7321
0.41 19.3343 -18.4014
0.411 14.8082 -17.7842
0.412 11.5463 -14.2343
0.413 9.87993 -9.07814
0.414 9.24955 -4.06544
0.415 8.42105 -0.714151
0.416 6.03771 0.254951
0.417 1.30063 -0.864963
0.418 -5.60173 -2.97954
0.419 -13.4903 -4.636
0.42 -20.271 -4.66767
0.421 -23.7618 -2.68111
0.422 -22.4889 0.738118
0.423 -16.187 4.27662
0.424 -6.0096 6.42404
0.425 5.75284 6.12616
0.426 16.4588 3.2773
0.427 23.7917 -1.27008
0.428 26.4403 -6.00925
0.429 24.6607 -9.2539
0.43 19.896 -9.85739
0.431 14.2046 -7.6136
0.432 9.56605 -3.31406
0.433 7.1163 1.53558
0.434 6.73491 5.3481
0.435 7.20245 7.03333
0.436 6.81984 6.3444
0.437 4.0915 3.94782
0.438 -1.63522 1.03788
0.439 -9.68328 -1.17934
0.44 -18.2914 -1.95659
0.441 -25.2141 -1.31497
0.442 -28.4356 -0.0261591
0.443 -26.9288 0.803733
0.444 -20.9976 0.210031
0.445 -12.1023 -2.19876
0.446 -2.44377 -6.02206
0.447 5.75919 -10.2012
0.448 11.0813 -13.416
0.449 13.2431 -14.6014
0.45 13.025 -13.3116
0.451 11.921 -9.85443
0.452 11.4485 -5.1569
0.453 12.5345 -0.376726
0.454 15.3135 3.52455
0.455 19.0305 6.1157
0.456 22.386 7.55479
0.457 24.1335 8.37899
0.458 23.5272 9.16863
0.459 20.616 10.2637
0.46 16.1881 11.5684
0.461 11.4663 12.5125
0.462 7.61645 12.3364
0.463 5.38764 10.4738
0.464 4.93747 6.84922
0.465 5.69958 1.84923
0.466 6.70879 -3.68151
0.467 7.10043 -8.69811
0.468 6.32092 -12.3624
0.469 4.17354 -14.3187
0.47 0.974814 -14.747
0.471 -2.65538 -14.2009
0.472 -6.12229 -13.3376
0.473 -8.9223 -12.5732
0.474 -10.8594 -11.9533
0.475 -11.9041 -11.1801
0.476 -12.1649 -9.76943
0.477 -11.7242 -7.32073
0.478 -10.5112 -3.8242
0.479 -8.54311 0.232653
0.48 -5.83406 4.00571
0.481 -2.45031 6.55852
0.482 1.26248 7.23769
0.483 4.90286 5.9056
0.484 8.17653 2.98061
0.485 10.8764 -0.64016
0.486 13.0169 -3.93686
0.487 14.7599 -6.16277
0.488 16.2563 -7.13438
0.489 17.5015 -7.16133
0.49 18.2797 -6.83931
0.491 18.1319 -6.83995
0.492 16.514 -7.50234
0.493 13.0998 -8.72711
0.494 7.91312 -9.99128
0.495 1.51634 -10.4852
0.496 -5.07485 -9.52524
0.497 -10.685 -6.85642
0.498 -14.2936 -2.79561
0.499 -15.3514 1.8113
0.5 -13.9753 5.90948
0.501 -10.8715 8.56739
0.502 -7.16743 9.29423
0.503 -3.88346 8.23579
0.504 -1.55511 6.08131
0.505 -0.134181 3.70995
0.506 1.06956 1.9207
0.507 2.85198 1.17517
0.508 5.84618 1.36767
0.509 10.2757 1.95069
0.51 15.5664 2.19782
0.511 20.5828 1.54942
0.512 24.0542 -0.159072
0.513 24.9919 -2.62097
0.514 23.0395 -5.12681
0.515 18.6885 -6.87114
0.516 13.1474 -7.23583
0.517 7.91498 -6.01584
0.518 4.23729 -3.54872
0.519 2.70205 -0.57748
0.52 3.12414 2.06325
0.521 4.56979 3.71938
0.522 5.92849 4.11014
0.523 6.24595 3.40561
0.524 5.08596 2.12315
0.525 2.80676 0.894574
0.526 0.334792 0.234366
0.527 -1.25537 0.342515
0.528 -1.15297 1.00202
0.529 0.808449 1.75617
0.53 4.05539 2.10765
0.531 7.5235 1.68415
0.532 10.0183 0.398036
0.533 10.6662 -1.52209
0.534 9.23539 -3.57937
0.535 6.28032 -5.23499
0.536 2.6724 -6.13389
0.537 -0.540497 -6.17414
0.538 -2.56603 -5.48989
0.539 -3.17473 -4.45903
0.54 -2.75477 -3.52411
0.541 -2.02189 -2.99527
0.542 -1.74997 -2.97657
0.543 -2.40225 -3.38444
0.544 -3.92696 -3.96449
0.545 -5.81343 -4.36062
0.546 -7.30821 -4.31495
0.547 -7.61121 -3.75374
0.548 -6.33222 -2.77936
0.549 -3.64438 -1.60143
0.55 -0.127134 -0.476313
0.551 3.42771 0.417545
0.552 6.36057 1.00484
0.553 8.40264 1.32586
0.554 9.67078 1.52901
0.555 10.566 1.77663
0.556 11.6745 2.18825
0.557 13.3224 2.80141
0.558 15.4172 3.55411
0.559 17.5127 4.27366
0.56 18.9853 4.76806
0.561 19.2333 4.88108
0.562 17.9573 4.53214
0.563 15.3417 3.75476
0.564 11.9053 2.65585
0.565 8.39634 1.40681
0.566 5.43537 0.18809
0.567 3.34873 -0.891544
0.568 2.0889 -1.76138
0.569 1.22448 -2.41385
0.57 0.276507 -2.86994
0.571 -1.11812 -3.19223
0.572 -2.94448 -3.44091
0.573 -4.74696 -3.61684
0.574 -5.88431 -3.65516
0.575 -5.8201 -3.45956
0.576 -4.27968 -2.96038
0.577 -1.35256 -2.08721
0.578 2.39811 -0.879346
0.579 6.11886 0.533859
0.58 8.96651 1.98608
0.581 10.4501 3.26435
0.582 10.602 4.18704
0.583 9.83244 4.66773
0.584 8.82798 4.73251
0.585 8.19942 4.49774
0.586 8.27618 4.131
0.587 9.01726 3.73402
0.588 9.91399 3.34535
0.589 10.3097 2.91936
0.59 9.68154 2.33807
0.591 7.85934 1.44898
0.592 5.1471 0.190684
0.593 2.16944 -1.37353
0.594 -0.29172 -3.07046
0.595 -1.63188 -4.60434
0.596 -1.68956 -5.68013
0.597 -0.673972 -6.07038
0.598 0.817458 -5.74149
0.599 2.07486 -4.85683
0.6 2.49531 -3.68151
0.601 1.874 -2.51331
0.602 0.447018 -1.54732
0.603 -1.23774 -0.826502
0.604 -2.52518 -0.224142
0.605 -2.89449 0.480784
0.606 -2.15605 1.49259
0.607 -0.499601 2.90015
0.608 1.60816 4.57946
0.609 3.60706 6.19765
0.61 5.06171 7.33122
0.611 5.88924 7.62465
0.612 6.18821 6.90716
0.613 6.32187 5.25408
0.614 6.73078 3.00302
0.615 7.66832 0.64034
0.616 9.15458 -1.35573
0.617 10.9422 -2.66659
0.618 12.6129 -3.27878
0.619 13.6875 -3.42463
0.62 13.8192 -3.44884
0.621 12.91 -3.67521
0.622 11.126 -4.25004
0.623 8.81848 -5.0387
0.624 6.38982 -5.69522
0.625 4.177 -5.79738
0.626 2.38126 -5.00718
0.627 1.02651 -3.23384
0.628 0.0259869 -0.700736
0.629 -0.743829 2.05667
0.63 -1.36713 4.41786
0.631 -1.85983 5.89092
0.632 -2.15803 6.24324
0.633 -2.17647 5.60104
0.634 -1.83622 4.35043
0.635 -1.09388 3.02633
0.636 0.0157917 2.08706
0.637 1.3977 1.71491
0.638 2.89157 1.79975
0.639 4.32215 1.99881
0.64 5.51767 1.88724
0.641 6.30493 1.16514
0.642 6.60128 -0.210357
0.643 6.37332 -1.9705
0.644 5.67422 -3.61961
0.645 4.61057 -4.6235
0.646 3.33136 -4.62192
0.647 2.05389 -3.55084
0.648 0.981009 -1.68176
0.649 0.267463 0.458051
0.65 -0.0127138 2.30445
0.651 0.077213 3.44226
0.652 0.441627 3.74398
0.653 0.963392 3.402
0.654 1.54878 2.82377
0.655 2.20475 2.45381
0.656 2.97932 2.5694
0.657 3.88091 3.18294
0.658 4.99013 4.04026
0.659 6.30422 4.70773
0.66 7.66159 4.79304
0.661 8.83372 4.08728
0.662 9.55173 2.64199
0.663 9.57269 0.797844
0.664 8.83752 -0.968097
0.665 7.43836 -2.23078
0.666 5.59175 -2.73704
0.667 3.64047 -2.51313
0.668 1.88886 -1.84288
0.669 0.538244 -1.12577
0.67 -0.356193 -0.71529
0.671 -0.931468 -0.795732
0.672 -1.37533 -1.2964
0.673 -1.84248 -1.937
0.674 -2.37776 -2.34642
0.675 -2.86788 -2.24202
0.676 -3.10298 -1.54005
0.677 -2.8583 -0.377402
0.678 -2.01323 0.916202
0.679 -0.622956 1.97608
0.68 1.08389 2.53279
0.681 2.77849 2.50927
0.682 4.13767 2.04282
0.683 4.94107 1.42132
0.684 5.18327 0.954066
0.685 5.05581 0.856194
0.686 4.83657 1.13613
0.687 4.76631 1.61031
0.688 4.98997 1.99948
0.689 5.43688 2.01981
0.69 5.89346 1.53048
0.691 6.04068 0.588495
0.692 5.64819 -0.574461
0.693 4.69437 -1.6483
0.694 3.34111 -2.34974
0.695 1.86769 -2.52476
0.696 0.601695 -2.20438
0.697 -0.21397 -1.59171
0.698 -0.560835 -0.945479
0.699 -0.613901 -0.463511
0.7 -0.679604 -0.239445
0.701 -1.05347 -0.191039
0.702 -1.83832 -0.116634
0.703 -2.93166 0.199083
0.704 -4.0288 0.896361
0.705 -4.71356 1.96111
0.706 -4.63906 3.2213
0.707 -3.67207 4.40098
0.708 -1.94537 5.21845
0.709 0.159094 5.48086
0.71 2.14982 5.15823
0.711 3.65601 4.38351
0.712 4.52462 3.39568
0.713 4.85938 2.45119
0.714 4.9951 1.70915
0.715 5.27475 1.20007
0.716 5.92207 0.836941
0.717 6.90074 0.457797
0.718 7.92442 -0.0829046
0.719 8.55136 -0.837823
0.72 8.33127 -1.73128
0.721 7.05942 -2.57332
0.722 4.84899 -3.14911
0.723 2.12422 -3.28875
0.724 -0.49387 -2.91954
0.725 -2.46185 -2.1137
0.726 -3.45179 -1.06279
0.727 -3.47283 -0.00477852
0.728 -2.85172 0.848388
0.729 -2.07985 1.38095
0.73 -1.63228 1.60469
0.731 -1.74465 1.61902
0.732 -2.27972 1.56838
0.733 -2.8544 1.57448
0.734 -2.98921 1.6895
0.735 -2.3058 1.86982
0.736 -0.743585 2.0019
0.737 1.39993 1.96669
0.738 3.58747 1.67317
0.739 5.19296 1.11549
0.74 5.75001 0.373935
0.741 5.14343 -0.409889
0.742 3.63992 -1.07423
0.743 1.80283 -1.5027
0.744 0.282254 -1.65197
0.745 -0.473123 -1.55538
0.746 -0.340792 -1.30581
0.747 0.448759 -1.02261
0.748 1.37651 -0.806447
0.749 1.91852 -0.701411
0.75 1.74124 -0.691602
0.751 0.818536 -0.721099
0.752 -0.513791 -0.713083
0.753 -1.70232 -0.610716
0.754 -2.23224 -0.389958
0.755 -1.80839 -0.0624676
0.756 -0.497894 0.318317
0.757 1.29151 0.686111
0.758 2.97141 0.985648
0.759 4.00407 1.1798
0.76 4.08641 1.2679
0.761 3.25536 1.2713
0.762 1.91434 1.21861
0.763 0.614074 1.14446
0.764 -0.146869 1.08057
0.765 -0.113322 1.04116
0.766 0.614133 1.01646
0.767 1.66705 0.978879
0.768 2.55176 0.890854
0.769 2.83809 0.725247
0.77 2.3511 0.459704
0.771 1.24436 0.0902953
0.772 -0.0864422 -0.343819
0.773 -1.16179 -0.779847
0.774 -1.60836 -1.15892
0.775 -1.30042 -1.40969
0.776 -0.426383 -1.47673
0.777 0.622814 -1.3441
0.778 1.42472 -1.0407
0.779 1.64175 -0.635736
0.78 1.21437 -0.208486
0.781 0.329364 0.171531
0.782 -0.630026 0.457873
0.783 -1.25705 0.646903
0.784 -1.28724 0.780006
0.785 -0.683869 0.911671
0.786 0.344931 1.07382
0.787 1.45423 1.26351
0.788 2.30359 1.43858
0.789 2.65831 1.51856
0.79 2.50107 1.42773
0.791 2.01805 1.11755
0.792 1.49019 0.587252
0.793 1.18665 -0.0976332
0.794 1.22918 -0.815149
0.795 1.55947 -1.42746
0.796 1.97068 -1.83358
0.797 2.18824 -1.98664
0.798 2.00242 -1.90355
0.799 1.3463 -1.6593
0.8 0.334272 -1.35662
0.801 -0.792479 -1.08235
0.802 -1.75732 -0.871099
0.803 -2.34058 -0.701618
0.804 -2.45942 -0.510281
0.805 -2.18921 -0.231191
0.806 -1.70385 0.173114
0.807 -1.19581 0.68631
0.808 -0.790565 1.22949
0.809 -0.50537 1.68525
0.81 -0.261528 1.94157
0.811 0.0858949 1.92233
0.812 0.642219 1.6282
0.813 1.42642 1.13181
0.814 2.35021 0.54721
0.815 3.22607 0.00321344
0.816 3.85987 -0.404215
0.817 4.10618 -0.64262
0.818 3.92389 -0.749418
0.819 3.39748 -0.801405
0.82 2.67572 -0.872383
0.821 1.93367 -1.00115
0.822 1.29805 -1.18019
0.823 0.788997 -1.34578
0.824 0.361883 -1.40834
0.825 -0.0648281 -1.29632
0.826 -0.569643 -0.98419
0.827 -1.15097 -0.512442
0.828 -1.74484 0.0245816
0.829 -2.22629 0.50882
0.83 -2.4594 0.839726
0.831 -2.36479 0.971867
0.832 -1.94213 0.925769
0.833 -1.27479 0.771729
0.834 -0.52045 0.600498
0.835 0.157858 0.488616
0.836 0.659324 0.467245
0.837 0.949231 0.513317
0.838 1.08251 0.562569
0.839 1.1638 0.547014
0.84 1.277 0.423713
0.841 1.46324 0.190641
0.842 1.69218 -0.104095
0.843 1.88074 -0.373269
0.844 1.92965 -0.536125
0.845 1.76444 -0.551377
0.846 1.37546 -0.423559
0.847 0.827179 -0.20647
0.848 0.238226 0.0180786
0.849 -0.266071 0.169999
0.85 -0.588632 0.204974
0.851 -0.703553 0.13243
0.852 -0.652228 0.00334388
0.853 -0.51344 -0.111235
0.854 -0.387404 -0.152998
0.855 -0.334326 -0.0964639
0.856 -0.357172 0.0436302
0.857 -0.41131 0.211135
0.858 -0.419689 0.3361
0.859 -0.31325 0.367456
0.86 -0.0691811 0.292579
0.861 0.286738 0.14023
0.862 0.686556 -0.0303713
0.863 1.0394 -0.151241
0.864 1.26821 -0.178112
0.865 1.34596 -0.106042
0.866 1.29127 0.0327557
0.867 1.14987 0.1764
0.868 0.985509 0.258369
0.869 0.846339 0.240482
0.87 0.747705 0.123745
0.871 0.673106 -0.0513059
0.872 0.583307 -0.223359
0.873 0.445493 -0.333732
0.874 0.243907 -0.34576
0.875 -0.00679481 -0.265337
0.876 -0.26359 -0.131525
0.877 -0.477371 -0.00116326
0.878 -0.610223 0.0759092
0.879 -0.642262 0.0746372
0.88 -0.5828 0.00292349
0.881 -0.466119 -0.10017
0.882 -0.329687 -0.181256
0.883 -0.195857 -0.19736
0.884 -0.0718664 -0.132067
0.885 0.0509169 -0.00337537
0.886 0.191155 0.145756
0.887 0.360142 0.263389
0.888 0.548534 0.307604
0.889 0.727868 0.265385
0.89 0.861843 0.155817
0.891 0.919898 0.018421
0.892 0.888529 -0.0996525
0.893 0.777804 -0.16178
0.894 0.617701 -0.157083
0.895 0.443946 -0.101296
0.896 0.289664 -0.0285037
0.897 0.173377 0.021949
0.898 0.0892848 0.0236715
0.899 0.0160978 -0.0263407
0.9 -0.0709799 -0.109147
0.901 -0.185281 -0.191001
0.902 -0.314342 -0.238222
0.903 -0.431513 -0.227812
0.904 -0.500516 -0.157823
0.905 -0.491462 -0.0502845
0.906 -0.398602 0.0621703
0.907 -0.236843 0.1507
0.908 -0.0417658 0.19572
0.909 0.14045 0.195944
0.91 0.271349 0.166264
0.911 0.334523 0.130553
0.912 0.339452 0.111184
0.913 0.314932 0.119679
0.914 0.295907 0.153554
0.915 0.308769 0.196549
0.916 0.35849 0.227428
0.917 0.427317 0.228157
0.918 0.486525 0.19104
0.919 0.505698 0.120157
0.92 0.464646 0.0306754
0.921 0.366354 -0.0563822
0.922 0.233662 -0.12418
0.923 0.100555 -0.165163
0.924 0.000831349 -0.179813
0.925 -0.044095 -0.176175
0.926 -0.0357266 -0.166466
0.927 0.0049912 -0.160362
0.928 0.0486393 -0.16156
0.929 0.06866 -0.165431
0.93 0.0525531 -0.164026
0.931 0.0050048 -0.150136
0.932 -0.0565013 -0.117882
0.933 -0.106826 -0.0685992
0.934 -0.124825 -0.00918405
0.935 -0.101956 0.0513074
0.936 -0.045057 0.10306
0.937 0.0277286 0.139024
0.938 0.0953192 0.156412
0.939 0.140711 0.157665
0.94 0.156419 0.147727
0.941 0.148192 0.131556
0.942 0.129524 0.112627
0.943 0.115371 0.0918282
0.944 0.115692 0.0692843
0.945 0.131306 0.0435628
0.946 0.153672 0.0139317
0.947 0.170931 -0.0184358
0.948 0.172169 -0.0505865
0.949 0.150918 -0.0787031
0.95 0.109883 -0.0996465
0.951 0.0580684 -0.110859
0.952 0.00677758 -0.112078
0.953 -0.0332667 -0.104888
0.954 -0.0566564 -0.0915809
0.955 -0.0642554 -0.0750106
0.956 -0.0611122 -0.0571501
0.957 -0.0531796 -0.0392475
0.958 -0.0455949 -0.0221031
0.959 -0.0395617 -0.00598567
0.96 -0.0328132 0.00885359
0.961 -0.0221051 0.0215726
0.962 -0.00479475 0.0311864
0.963 0.0192748 0.0370901
0.964 0.047044 0.0389854
0.965 0.0731746 0.0371395
0.966 0.0927314 0.0324053
0.967 0.102039 0.0259762
0.968 0.100169 0.0191288
0.969 0.089571 0.0126728
0.97 0.0743229 0.00703145
0.971 0.0582692 0.00255023
0.972 0.0441746 -0.000785254
0.973 0.0328519 -0.00322113
0.974 0.0230735 -0.00472365
0.975 0.0135112 -0.00525741
0.976 0.00338362 -0.0049692
0.977 -0.00726184 -0.00383275
0.978 -0.0170276 -0.00208616
0.979 -0.0238954 -0.000212066
0.98 -0.0262682 0.00139757
0.981 -0.0238718 0.00243821
0.982 -0.0175994 0.00282794
0.983 -0.00935225 0.00260534
0.984 -0.00139375 0.00198817
0.985 0.0046139 0.0012783
0.986 0.00802402 0.000661944
0.987 0.00908618 0.000211353
0.988 0.00863605 -8.28239e-05
0.989 0.00761003 -0.000264224
0.99 0.00664613 -0.000386162
0.991 0.00593109 -0.000473406
0.992 0.00531022 -0.000510582
0.993 0.00452978 -0.000468296
0.994 0.00348209 -0.000352978
0.995 0.00228952 -0.000204977
0.996 0.00120144 -7.11281e-05
0.997 0.000440614 9.14633e-06
0.998 7.28643e-05 2.8257e-05
0.999 -1.05779e-05 1.2379e-05
0.12 20.1006 1.13256
0.24 20.0473 1.12799
0.36 19.9587 1.1204
0.48 19.8353 1.10983
0.6 19.6775 1.09632
0.72 19.4861 1.07995
0.84 19.262 1.0608
0.96 19.006 1.03895
1.08 18.7194 1.01452
1.2 18.4034 0.987624
1.32 18.0594 0.958388
1.44 17.6889 0.926955
1.56 17.2934 0.893474
1.68 16.8746 0.858101
1.8 16.4344 0.821003
1.92 15.9745 0.78235
2.04 15.4968 0.74232
2.16 15.0034 0.701093
2.28 14.4962 0.658854
2.4 13.9773 0.615789
2.52 13.4486 0.572083
2.64 12.9123 0.527924
2.76 12.3703 0.483497
2.88 11.8247 0.438984
3 11.2775 0.394563
3.12 10.7306 0.350409
3.24 10.186 0.30669
3.36 9.64548 0.263567
3.48 9.11083 0.221197
3.6 8.58376 0.179725
3.72 8.06589 0.139288
3.84 7.55875 0.100016
3.96 7.06376 0.0620253
4.08 6.58226 0.0254244
4.2 6.11546 -0.00969033
4.32 5.66447 -0.0432334
4.44 5.23028 -0.0751308
4.56 4.81377 -0.10532
4.68 4.41568 -0.133751
4.8 4.03667 -0.160383
4.92 3.67723 -0.18519
5.04 3.33776 -0.208154
5.16 3.01854 -0.229271
5.28 2.71973 -0.248545
5.4 2.44139 -0.265993
5.52 2.18345 -0.281638
5.64 1.94575 -0.295516
5.76 1.72804 -0.30767
5.88 1.52995 -0.31815
6 1.35106 -0.327016
6.12 1.19082 -0.334331
6.24 1.04866 -0.340168
6.36 0.923897 -0.344601
6.48 0.815814 -0.347712
6.6 0.723632 -0.349585
6.72 0.646528 -0.350306
6.84 0.583641 -0.349964
6.96 0.53408 -0.348649
7.08 0.49693 -0.346453
7.2 0.471261 -0.343466
7.32 0.456135 -0.339777
7.44 0.450611 -0.335475
7.56 0.453752 -0.330645
7.68 0.464634 -0.325373
7.8 0.482349 -0.319737
7.92 0.506012 -0.313815
8.04 0.534765 -0.307678
8.16 0.567781 -0.301396
8.28 0.604272 -0.295031
8.4 0.643487 -0.288642
8.52 0.684722 -0.282281
8.64 0.727314 -0.275997
8.76 0.770652 -0.269831
8.88 0.814172 -0.263821
9 0.857363 -0.257997
9.12 0.899764 -0.252385
9.24 0.940965 -0.247005
9.36 0.980611 -0.241873
9.48 1.01839 -0.236998
9.6 1.05405 -0.232387
9.72 1.08739 -0.228039
9.84 1.11823 -0.223953
9.96 1.14646 -0.220119
10.08 1.17201 -0.216529
10.2 1.19483 -0.213169
10.32 1.21493 -0.210021
10.44 1.23235 -0.207066
10.56 1.24713 -0.204285
10.68 1.25938 -0.201654
10.8 1.26921 -0.199151
10.92 1.27675 -0.196749
11.04 1.28215 -0.194425
11.16 1.28558 -0.192153
11.28 1.28721 -0.189909
11.4 1.28723 -0.187669
11.52 1.28582 -0.185409
11.64 1.28317 -0.183108
11.76 1.27947 -0.180744
11.88 1.27489 -0.1783
12 1.26963 -0.175757
12.12 1.26384 -0.173101
12.24 1.25769 -0.17032
12.36 1.25133 -0.167401
12.48 1.24488 -0.164338
12.6 1.23847 -0.161124
12.72 1.2322 -0.157755
12.84 1.22617 -0.15423
12.96 1.22045 -0.150551
13.08 1.2151 -0.146722
13.2 1.21016 -0.142746
13.32 1.20566 -0.138633
13.44 1.20161 -0.134392
13.56 1.198 -0.130033
13.68 1.19482 -0.125571
13.8 1.19204 -0.12102
13.92 1.18962 -0.116395
14.04 1.18751 -0.111712
14.16 1.18564 -0.106991
14.28 1.18395 -0.102248
14.4 1.18235 -0.0975034
14.52 1.18077 -0.0927752
14.64 1.17913 -0.0880826
14.76 1.17732 -0.0834446
14.88 1.17528 -0.0788798
15 1.1729 -0.0744064
15.12 1.1701 -0.0700417
15.24 1.1668 -0.0658025
15.36 1.16291 -0.0617045
15.48 1.15836 -0.0577623
15.6 1.15308 -0.0539896
15.72 1.14701 -0.0503985
15.84 1.1401 -0.0470001
15.96 1.13229 -0.0438038
16.08 1.12354 -0.040818
16.2 1.11383 -0.0380493
16.32 1.10313 -0.0355031
16.44 1.09144 -0.033183
16.56 1.07875 -0.0310917
16.68 1.06506 -0.0292301
16.8 1.05039 -0.0275979
16.92 1.03477 -0.0261936
17.04 1.01822 -0.0250144
17.16 1.00078 -0.0240564
17.28 0.982507 -0.0233147
17.4 0.963443 -0.0227834
17.52 0.943649 -0.0224558
17.64 0.923186 -0.0223243
17.76 0.902121 -0.0223808
17.88 0.880525 -0.0226166
18 0.85847 -0.0230227
18.12 0.836029 -0.0235895
18.24 0.813278 -0.0243073
18.36 0.790293 -0.0251663
18.48 0.767147 -0.0261565
18.6 0.743915 -0.0272681
18.72 0.720668 -0.0284911
18.84 0.697474 -0.0298161
18.96 0.6744 -0.0312336
19.08 0.651508 -0.0327345
19.2 0.628856 -0.03431
19.32 0.606497 -0.0359518
19.44 0.584482 -0.0376518
19.56 0.562854 -0.0394024
19.68 0.541653 -0.0411966
19.8 0.520913 -0.0430276
19.92 0.500662 -0.0448892
20.04 0.480926 -0.0467755
20.16 0.461721 -0.0486812
20.28 0.443063 -0.0506013
20.4 0.424962 -0.0525311
20.52 0.407421 -0.0544664
20.64 0.390443 -0.0564032
20.76 0.374024 -0.0583378
20.88 0.358159 -0.0602668
21 0.342839 -0.0621869
21.12 0.328052 -0.064095
21.24 0.313784 -0.0659881
21.36 0.30002 -0.0678634
21.48 0.286744 -0.0697181
21.6 0.273938 -0.0715493
21.72 0.261584 -0.0733541
21.84 0.249664 -0.0751298
21.96 0.23816 -0.0768735
22.08 0.227055 -0.0785819
22.2 0.216333 -0.0802522
22.32 0.205977 -0.081881
22.44 0.195975 -0.0834651
22.56 0.186314 -0.0850009
22.68 0.176983 -0.086485
22.8 0.167973 -0.0879136
22.92 0.159277 -0.0892831
23.04 0.15089 -0.0905896
23.16 0.142808 -0.0918292
23.28 0.13503 -0.0929982
23.4 0.127556 -0.0940925
23.52 0.120388 -0.0951084
23.64 0.113527 -0.0960421
23.76 0.10698 -0.0968899
23.88 0.100751 -0.0976482
24 0.0948465 -0.0983137
24.12 0.0892731 -0.0988832
24.24 0.0840382 -0.0993537
24.36 0.0791489 -0.0997227
24.48 0.0746123 -0.0999877
24.6 0.0704352 -0.100147
24.72 0.0666236 -0.100198
24.84 0.0631827 -0.100141
24.96 0.0601166 -0.0999732
25.08 0.0574281 -0.0996956
25.2 0.0551184 -0.0993077
25.32 0.0531872 -0.0988099
25.44 0.0516324 -0.0982032
25.56 0.05045 -0.0974888
25.68 0.049634 -0.0966686
25.8 0.0491764 -0.0957446
25.92 0.0490672 -0.0947196
26.04 0.0492943 -0.0935966
26.16 0.0498436 -0.092379
26.28 0.0506991 -0.0910706
26.4 0.0518431 -0.0896755
26.52 0.0532559 -0.0881981
26.64 0.0549165 -0.0866432
26.76 0.0568024 -0.0850157
26.88 0.0588899 -0.0833207
27 0.0611542 -0.0815636
27.12 0.0635699 -0.0797497
27.24 0.0661109 -0.0778846
27.36 0.0687509 -0.0759739
27.48 0.0714634 -0.074023
27.6 0.0742222 -0.0720376
27.72 0.0770015 -0.0700232
27.84 0.079776 -0.067985
27.96 0.0825214 -0.0659284
28.08 0.0852146 -0.0638583
28.2 0.0878337 -0.0617798
28.32 0.0903582 -0.0596974
28.44 0.0927695 -0.0576156
28.56 0.0950505 -0.0555385
28.68 0.0971864 -0.0534702
28.8 0.0991642 -0.0514141
28.92 0.100973 -0.0493737
29.04 0.102605 -0.047352
29.16 0.104052 -0.0453518
29.28 0.105311 -0.0433755
29.4 0.10638 -0.0414255
29.52 0.107258 -0.0395036
29.64 0.107949 -0.0376115
29.76 0.108455 -0.0357507
29.88 0.108784 -0.0339224
30 0.108941 -0.0321277
30.12 0.108937 -0.0303673
30.24 0.108782 -0.028642
30.36 0.108488 -0.0269523
30.48 0.108066 -0.0252987
30.6 0.107532 -0.0236815
30.72 0.106898 -0.022101
30.84 0.106179 -0.0205574
30.96 0.10539 -0.0190508
31.08 0.104545 -0.0175816
31.2 0.103659 -0.01615
31.32 0.102744 -0.0147561
31.44 0.101815 -0.0134003
31.56 0.100883 -0.0120829
31.68 0.0999608 -0.0108043
31.8 0.0990581 -0.00956497
31.92 0.0981841 -0.00836554
32.04 0.0973469 -0.00720661
32.16 0.0965529 -0.0060889
32.28 0.0958072 -0.00501319
32.4 0.0951134 -0.00398034
32.52 0.0944737 -0.00299126
32.64 0.0938887 -0.00204691
32.76 0.0933576 -0.00114827
32.88 0.0928782 -0.00029636
33 0.0924469 0.000507821
33.12 0.0920587 0.00126328
33.24 0.0917078 0.00196907
33.36 0.091387 0.00262431
33.48 0.0910884 0.00322817
33.6 0.0908031 0.00377995
33.72 0.0905217 0.00427906
33.84 0.0902344 0.00472507
33.96 0.0899307 0.00511769
34.08 0.0896004 0.00545682
34.2 0.0892331 0.00574256
34.32 0.0888184 0.00597523
34.44 0.0883466 0.00615537
34.56 0.087808 0.00628378
34.68 0.0871939 0.00636147
34.8 0.0864963 0.00638976
34.92 0.0857078 0.00637017
35.04 0.0848224 0.00630453
35.16 0.0838348 0.00619491
35.28 0.0827412 0.00604364
35.4 0.0815388 0.00585328
35.52 0.0802262 0.00562666
35.64 0.0788033 0.00536679
35.76 0.0772712 0.00507693
35.88 0.0756326 0.0047605
36 0.0738913 0.00442109
36.12 0.0720524 0.00406246
36.24 0.0701223 0.00368846
36.36 0.0681085 0.00330304
36.48 0.0660196 0.00291021
36.6 0.063865 0.00251404
36.72 0.0616553 0.00211857
36.84 0.0594015 0.00172784
36.96 0.0571155 0.0013458
37.08 0.0548096 0.000976338
37.2 0.0524963 0.000623216
37.32 0.0501884 0.000290042
37.44 0.047899 -1.97549e-05
37.56 0.0456408 -0.000302949
37.68 0.0434263 -0.000556547
37.8 0.0412679 -0.000777813
37.92 0.0391772 -0.000964287
38.04 0.0371654 -0.00111381
38.16 0.0352429 -0.00122452
38.28 0.0334192 -0.00129491
38.4 0.0317029 -0.00132378
38.52 0.0301016 -0.00131031
38.64 0.0286216 -0.00125401
38.76 0.0272684 -0.00115475
38.88 0.026046 -0.00101274
39 0.0249573 -0.000828558
39.12 0.0240038 -0.000603114
39.24 0.0231859 -0.000337649
39.36 0.0225026 -3.3722e-05
39.48 0.0219519 0.000306806
39.6 0.0215304 0.000681789
39.72 0.0212337 0.00108882
39.84 0.0210562 0.00152525
39.96 0.0209915 0.00198821
40.08 0.0210321 0.00247465
40.2 0.0211699 0.00298135
40.32 0.0213958 0.00350496
40.44 0.0217004 0.00404203
40.56 0.0220736 0.00458902
40.68 0.0225049 0.00514237
40.8 0.0229838 0.00569848
40.92 0.0234994 0.0062538
41.04 0.0240409 0.00680478
41.16 0.0245975 0.007348
41.28 0.0251587 0.0078801
41.4 0.0257143 0.00839786
41.52 0.0262544 0.00889823
41.64 0.0267696 0.00937832
41.76 0.0272514 0.00983545
41.88 0.0276916 0.0102671
42 0.0280828 0.0106712
42.12 0.0284186 0.0110455
42.24 0.0286933 0.0113886
42.36 0.028902 0.0116988
42.48 0.0290408 0.011975
42.6 0.0291069 0.0122164
42.72 0.029098 0.0124223
42.84 0.029013 0.0125926
42.96 0.0288518 0.0127271
43.08 0.0286149 0.0128262
43.2 0.0283038 0.0128904
43.32 0.0279208 0.0129206
43.44 0.0274688 0.0129179
43.56 0.0269516 0.0128837
43.68 0.0263735 0.0128194
43.8 0.0257394 0.012727
43.92 0.0250545 0.0126085
44.04 0.0243246 0.0124661
44.16 0.0235557 0.0123021
44.28 0.0227542 0.0121192
44.4 0.0219264 0.01192
44.52 0.0210788 0.0117073
44.64 0.020218 0.0114839
44.76 0.0193503 0.0112529
44.88 0.0184821 0.0110172
45 0.0176193 0.0107799
45.12 0.0167677 0.010544
45.24 0.0159328 0.0103125
45.36 0.0151195 0.0100885
45.48 0.0143324 0.00987492
45.6 0.0135756 0.00967462
45.72 0.0128527 0.00949043
45.84 0.0121668 0.00932505
45.96 0.0115204 0.00918105
46.08 0.0109154 0.00906091
46.2 0.0103532 0.00896692
46.32 0.00983464 0.00890124
46.44 0.00935998 0.00886586
46.56 0.00892899 0.00886258
46.68 0.0085409 0.00889301
46.8 0.0081945 0.00895858
46.92 0.0078881 0.00906051
47.04 0.00761961 0.00919981
47.16 0.0073866 0.00937727
47.28 0.00718629 0.00959349
47.4 0.00701564 0.00984883
47.52 0.00687137 0.0101434
47.64 0.00675005 0.0104773
47.76 0.00664808 0.01085
47.88 0.00656182 0.0112611
48 0.00648758 0.01171
48.12 0.00642169 0.0121957
48.24 0.00636055 0.012717
48.36 0.00630066 0.0132727
48.48 0.00623867 0.0138613
48.6 0.00617141 0.0144811
48.72 0.00609592 0.0151303
48.84 0.00600951 0.0158068
48.96 0.00590974 0.0165085
49.08 0.00579447 0.0172331
49.2 0.00566188 0.0179783
49.32 0.00551048 0.0187413
49.44 0.00533909 0.0195197
49.56 0.00514691 0.0203108
49.68 0.00493346 0.0211116
49.8 0.00469858 0.0219195
49.92 0.00444249 0.0227314
50.04 0.00416571 0.0235445
50.16 0.00386905 0.0243559
50.28 0.00355366 0.0251627
50.4 0.00322094 0.025962
50.52 0.00287256 0.0267509
50.64 0.00251041 0.0275267
50.76 0.00213661 0.0282866
50.88 0.00175348 0.029028
51 0.00136347 0.0297484
51.12 0.000969195 0.0304454
51.24 0.000573369 0.0311167
51.36 0.000178797 0.0317603
51.48 -0.000211657 0.0323741
51.6 -0.000595093 0.0329565
51.72 -0.000968602 0.0335057
51.84 -0.00132928 0.0340206
51.96 -0.00167427 0.0344997
52.08 -0.00200076 0.0349424
52.2 -0.00230602 0.0353477
52.32 -0.00258739 0.0357152
52.44 -0.00284236 0.0360446
52.56 -0.0030685 0.036336
52.68 -0.00326354 0.0365895
52.8 -0.00342537 0.0368056
52.92 -0.00355202 0.0369849
53.04 -0.00364171 0.0371285
53.16 -0.00369282 0.0372374
53.28 -0.00370393 0.0373131
53.4 -0.00367381 0.0373571
53.52 -0.00360143 0.0373712
53.64 -0.00348597 0.0373573
53.76 -0.0033268 0.0373177
53.88 -0.00312351 0.0372546
54 -0.00287593 0.0371705
54.12 -0.00258406 0.0370679
54.24 -0.00224815 0.0369496
54.36 -0.00186868 0.0368182
54.48 -0.00144632 0.0366766
54.6 -0.000981997 0.0365276
54.72 -0.000476847 0.0363741
54.84 6.77622e-05 0.0362191
54.96 0.000650235 0.0360652
55.08 0.00126875 0.0359154
55.2 0.00192125 0.0357722
55.32 0.00260546 0.0356384
55.44 0.00331888 0.0355164
55.56 0.00405879 0.0354085
55.68 0.00482223 0.035317
55.8 0.00560604 0.0352437
55.92 0.00640685 0.0351906
56.04 0.00722109 0.0351591
56.16 0.00804498 0.0351507
56.28 0.00887456 0.0351663
56.4 0.00970571 0.0352068
56.52 0.0105341 0.0352727
56.64 0.0113553 0.0353644
56.76 0.0121648 0.0354817
56.88 0.0129579 0.0356244
57 0.0137297 0.0357919
57.12 0.0144755 0.0359832
57.24 0.0151903 0.0361973
57.36 0.0158693 0.0364325
57.48 0.0165076 0.0366873
57.6 0.0171002 0.0369595
57.72 0.0176425 0.0372469
57.84 0.0181296 0.0375472
57.96 0.0185572 0.0378574
58.08 0.0189207 0.0381748
58.2 0.019216 0.0384961
58.32 0.0194392 0.0388183
58.44 0.0195866 0.0391378
58.56 0.0196549 0.0394511
58.68 0.0196409 0.0397547
58.8 0.0195422 0.0400448
58.92 0.0193563 0.0403178
59.04 0.0190816 0.0405699
59.16 0.0187166 0.0407974
59.28 0.0182606 0.0409967
59.4 0.0177131 0.0411641
59.52 0.0170743 0.0412962
59.64 0.0163449 0.0413895
59.76 0.0155261 0.0414408
59.88 0.0146199 0.041447
60 0.0136286 0.0414052
60.12 0.0125551 0.0413128
60.24 0.0114029 0.0411672
60.36 0.0101762 0.0409663
60.48 0.00887941 0.0407081
60.6 0.00751777 0.040391
60.72 0.00609687 0.0400135
60.84 0.00462278 0.0395745
60.96 0.00310203 0.0390733
61.08 0.00154156 0.0385093
61.2 -5.13332e-05 0.0378825
61.32 -0.00166903 0.0371929
61.44 -0.00330362 0.036441
61.56 -0.00494697 0.0356276
61.68 -0.00659075 0.0347536
61.8 -0.00822653 0.0338206
61.92 -0.00984576 0.03283
62.04 -0.0114399 0.0317839
62.16 -0.0130004 0.0306844
62.28 -0.014519 0.0295339
62.4 -0.0159872 0.0283352
62.52 -0.017397 0.027091
62.64 -0.0187406 0.0258045
62.76 -0.0200104 0.0244789
62.88 -0.0211994 0.0231176
63 -0.0223007 0.0217242
63.12 -0.023308 0.0203023
63.24 -0.0242154 0.0188557
63.36 -0.0250178 0.0173882
63.48 -0.0257103 0.0159038
63.6 -0.0262887 0.0144063
63.72 -0.0267495 0.0128997
63.84 -0.0270897 0.0113879
63.96 -0.0273071 0.0098749
64.08 -0.0274 0.00836446
64.2 -0.0273675 0.0068604
64.32 -0.0272092 0.00536645
64.44 -0.0269254 0.00388623
64.56 -0.026517 0.00242323
64.68 -0.0259858 0.000980857
64.8 -0.0253338 -0.000437649
64.92 -0.0245638 -0.00182919
65.04 -0.0236791 -0.00319081
65.16 -0.0226836 -0.00451973
65.28 -0.0215816 -0.00581336
65.4 -0.0203779 -0.00706925
65.52 -0.0190777 -0.00828516
65.64 -0.0176865 -0.00945903
65.76 -0.0162101 -0.010589
65.88 -0.0146549 -0.0116733
66 -0.013027 -0.0127105
66.12 -0.0113332 -0.0136993
66.24 -0.00958007 -0.0146385
66.36 -0.0077745 -0.0155272
66.48 -0.00592333 -0.0163646
66.6 -0.00403344 -0.0171501
66.72 -0.00211165 -0.0178832
66.84 -0.000164742 -0.0185636
66.96 0.00180064 -0.0191911
67.08 0.00377799 -0.0197659
67.2 0.00576096 -0.0202879
67.32 0.00774343 -0.0207575
67.44 0.00971948 -0.021175
67.56 0.0116835 -0.0215408
67.68 0.01363 -0.0218556
67.8 0.0155539 -0.0221199
67.92 0.0174505 -0.0223346
68.04 0.0193152 -0.0225005
68.16 0.0211438 -0.0226183
68.28 0.0229323 -0.0226891
68.4 0.0246773 -0.0227139
68.52 0.0263753 -0.0226935
68.64 0.0280233 -0.0226291
68.76 0.0296187 -0.0225218
68.88 0.0311588 -0.0223726
69 0.0326416 -0.0221827
69.12 0.0340649 -0.0219532
69.24 0.035427 -0.0216851
69.36 0.0367263 -0.0213797
69.48 0.0379614 -0.0210379
69.6 0.0391309 -0.020661
69.72 0.0402338 -0.02025
69.84 0.041269 -0.0198059
69.96 0.0422355 -0.0193299
70.08 0.0431327 -0.0188229
70.2 0.0439595 -0.0182861
70.32 0.0447153 -0.0177203
70.44 0.0453993 -0.0171267
70.56 0.0460108 -0.016506
70.68 0.046549 -0.0158594
70.8 0.0470133 -0.0151876
70.92 0.0474029 -0.0144916
71.04 0.047717 -0.0137723
71.16 0.0479548 -0.0130305
71.28 0.0481156 -0.0122672
71.4 0.0481986 -0.0114831
71.52 0.0482028 -0.0106792
71.64 0.0481275 -0.00985619
71.76 0.0479719 -0.009015
71.88 0.0477352 -0.00815646
72 0.0474166 -0.00728143
72.12 0.0470154 -0.00639077
72.24 0.046531 -0.00548538
72.36 0.0459628 -0.00456615
72.48 0.0453104 -0.00363401
72.6 0.0445734 -0.00268993
72.72 0.0437518 -0.00173488
72.84 0.0428455 -0.000769896
72.96 0.0418547 0.000203957
73.08 0.0407798 0.00118557
73.2 0.0396216 0.00217378
73.32 0.0383808 0.00316738
73.44 0.0370587 0.00416511
73.56 0.0356568 0.00516564
73.68 0.0341769 0.00616758
73.8 0.032621 0.00716949
73.92 0.0309917 0.00816985
74.04 0.0292917 0.00916709
74.16 0.0275242 0.0101596
74.28 0.0256927 0.0111455
74.4 0.0238011 0.0121233
74.52 0.0218537 0.0130909
74.64 0.0198551 0.0140464
74.76 0.0178103 0.014988
74.88 0.0157245 0.0159135
75 0.0136036 0.0168209
75.12 0.0114534 0.017708
75.24 0.00928025 0.0185726
75.36 0.00709081 0.0194124
75.48 0.00489191 0.0202253
75.6 0.00269067 0.0210089
75.72 0.00049442 0.0217608
75.84 -0.00168934 0.0224788
75.96 -0.00385293 0.0231605
76.08 -0.00598856 0.0238035
76.2 -0.00808835 0.0244056
76.32 -0.0101444 0.0249644
76.44 -0.0121487 0.0254778
76.56 -0.0140934 0.0259434
76.68 -0.0159706 0.0263592
76.8 -0.0177727 0.0267231
76.92 -0.0194919 0.0270332
77.04 -0.021121 0.0272875
77.16 -0.0226527 0.0274843
77.28 -0.0240802 0.027622
77.4 -0.0253968 0.0276991
77.52 -0.0265964 0.0277142
77.64 -0.027673 0.0276661
77.76 -0.0286214 0.0275539
77.88 -0.0294365 0.0273768
78 -0.0301138 0.0271341
78.12 -0.0306494 0.0268253
78.24 -0.0310398 0.0264504
78.36 -0.0312824 0.0260092
78.48 -0.0313748 0.0255021
78.6 -0.0313154 0.0249295
78.72 -0.0311032 0.0242922
78.84 -0.030738 0.023591
78.96 -0.03022 0.0228273
79.08 -0.0295503 0.0220024
79.2 -0.0287305 0.021118
79.32 -0.0277629 0.0201761
79.44 -0.0266506 0.0191787
79.56 -0.0253972 0.0181285
79.68 -0.024007 0.0170278
79.8 -0.022485 0.0158796
79.92 -0.0208367 0.014687
80.04 -0.0190683 0.0134531
80.16 -0.0171865 0.0121814
80.28 -0.0151985 0.0108755
80.4 -0.0131122 0.00953917
80.52 -0.0109358 0.00817631
80.64 -0.00867802 0.00679094
80.76 -0.0063479 0.0053872
80.88 -0.00395493 0.00396932
81 -0.00150887 0.0025416
81.12 0.000980259 0.00110838
81.24 0.0035022 -0.000325958
81.36 0.00604653 -0.00175701
81.48 0.00860274 -0.00318041
81.6 0.0111602 -0.00459181
81.72 0.0137083 -0.00598689
81.84 0.0162366 -0.00736145
81.96 0.0187344 -0.00871134
82.08 0.0211916 -0.0100325
82.2 0.023598 -0.0113212
82.32 0.0259437 -0.0125735
82.44 0.0282192 -0.0137859
82.56 0.0304153 -0.0149551
82.68 0.0325231 -0.0160779
82.8 0.0345344 -0.0171512
82.92 0.0364412 -0.0181724
83.04 0.0382362 -0.0191389
83.16 0.0399127 -0.0200486
83.28 0.0414644 -0.0208994
83.4 0.0428857 -0.0216897
83.52 0.0441719 -0.022418
83.64 0.0453186 -0.0230831
83.76 0.0463223 -0.0236842
83.88 0.0471802 -0.0242208
84 0.0478902 -0.0246925
84.12 0.0484508 -0.0250993
84.24 0.0488615 -0.0254415
84.36 0.0491222 -0.0257197
84.48 0.0492336 -0.0259346
84.6 0.0491974 -0.0260874
84.72 0.0490155 -0.0261795
84.84 0.0486907 -0.0262123
84.96 0.0482265 -0.0261877
85.08 0.0476269 -0.0261078
85.2 0.0468964 -0.0259748
85.32 0.0460401 -0.0257912
85.44 0.0450637 -0.0255595
85.56 0.0439732 -0.0252825
85.68 0.0427751 -0.0249631
85.8 0.0414761 -0.0246045
85.92 0.0400834 -0.0242096
86.04 0.0386044 -0.0237817
86.16 0.0370467 -0.0233243
86.28 0.035418 -0.0228405
86.4 0.0337261 -0.0223337
86.52 0.0319789 -0.0218075
86.64 0.0301844 -0.0212651
86.76 0.0283503 -0.0207099
86.88 0.0264844 -0.0201453
87 0.0245943 -0.0195746
87.12 0.0226874 -0.0190008
87.24 0.0207709 -0.0184272
87.36 0.0188515 -0.0178568
87.48 0.016936 -0.0172924
87.6 0.0150305 -0.0167367
87.72 0.0131407 -0.0161924
87.84 0.0112723 -0.015662
87.96 0.00943017 -0.0151477
88.08 0.00761886 -0.0146517
88.2 0.0058425 -0.0141758
88.32 0.00410469 -0.0137218
88.44 0.00240861 -0.0132913
88.56 0.000756908 -0.0128856
88.68 -0.000848204 -0.0125059
88.8 -0.002405 -0.0121531
88.92 -0.00391222 -0.0118279
89.04 -0.00536905 -0.0115308
89.16 -0.00677507 -0.0112622
89.28 -0.00813032 -0.0110222
89.4 -0.00943519 -0.0108108
89.52 -0.0106904 -0.0106276
89.64 -0.0118971 -0.0104721
89.76 -0.0130567 -0.0103438
89.88 -0.0141707 -0.0102419
90 -0.015241 -0.0101652
90.12 -0.0162698 -0.0101128
90.24 -0.0172592 -0.0100832
90.36 -0.0182116 -0.0100751
90.48 -0.0191294 -0.0100869
90.6 -0.0200152 -0.0101169
90.72 -0.0208713 -0.0101634
90.84 -0.0217004 -0.0102245
90.96 -0.0225048 -0.0102983
91.08 -0.0232869 -0.0103826
91.2 -0.024049 -0.0104756
91.32 -0.0247931 -0.0105751
91.44 -0.0255213 -0.0106789
91.56 -0.0262353 -0.010785
91.68 -0.0269367 -0.0108912
91.8 -0.0276269 -0.0109954
91.92 -0.0283071 -0.0110956
92.04 -0.0289782 -0.0111897
92.16 -0.0296409 -0.0112758
92.28 -0.0302956 -0.0113519
92.4 -0.0309427 -0.0114163
92.52 -0.031582 -0.0114672
92.64 -0.0322134 -0.011503
92.76 -0.0328365 -0.0115223
92.88 -0.0334505 -0.0115235
93 -0.0340547 -0.0115056
93.12 -0.034648 -0.0114674
93.24 -0.0352292 -0.011408
93.36 -0.0357972 -0.0113265
93.48 -0.0363504 -0.0112223
93.6 -0.0368874 -0.0110951
93.72 -0.0374065 -0.0109444
93.84 -0.0379063 -0.0107701
93.96 -0.038385 -0.0105724
94.08 -0.0388409 -0.0103515
94.2 -0.0392726 -0.0101077
94.32 -0.0396784 -0.00984166
94.44 -0.0400568 -0.00955409
94.56 -0.0404063 -0.00924591
94.68 -0.0407258 -0.00891821
94.8 -0.041014 -0.00857221
94.92 -0.0412698 -0.00820929
95.04 -0.0414923 -0.00783099
95.16 -0.0416808 -0.00743894
95.28 -0.0418347 -0.00703493
95.4 -0.0419536 -0.00662086
95.52 -0.0420373 -0.00619871
95.64 -0.0420857 -0.00577057
95.76 -0.042099 -0.0053386
95.88 -0.0420775 -0.00490502
96 -0.0420216 -0.00447212
96.12 -0.041932 -0.00404219
96.24 -0.0418096 -0.00361758
96.36 -0.0416552 -0.00320064
96.48 -0.04147 -0.00279369
96.6 -0.0412552 -0.00239906
96.72 -0.041012 -0.00201903
96.84 -0.040742 -0.00165583
96.96 -0.0404466 -0.00131162
97.08 -0.0401273 -0.000988486
97.2 -0.0397857 -0.000688431
97.32 -0.0394235 -0.000413343
97.44 -0.0390423 -0.000164994
97.56 -0.0386437 5.49719e-05
97.68 -0.0382294 0.000245051
97.8 -0.0378009 0.00040389
97.92 -0.0373597 0.000530293
98.04 -0.0369073 0.000623234
98.16 -0.0364451 0.000681859
98.28 -0.0359745 0.000705496
98.4 -0.0354967 0.000693657
98.52 -0.0350128 0.000646043
98.64 -0.034524 0.000562546
98.76 -0.0340311 0.000443249
98.88 -0.0335351 0.00028843
99 -0.0330367 9.85543e-05
99.12 -0.0325367 -0.000125723
99.24 -0.0320355 -0.000383565
99.36 -0.0315339 -0.000673952
99.48 -0.0310321 -0.000995696
99.6 -0.0305306 -0.00134744
99.72 -0.0300298 -0.00172768
99.84 -0.0295299 -0.00213474
99.96 -0.0290311 -0.00256684
100.08 -0.0285338 -0.00302206
100.2 -0.0280381 -0.00349836
100.32 -0.0275444 -0.00399361
100.44 -0.0270528 -0.00450559
100.56 -0.0265636 -0.00503201
100.68 -0.0260772 -0.00557051
100.8 -0.025594 -0.00611871
100.92 -0.0251144 -0.00667417
101.04 -0.0246388 -0.00723447
101.16 -0.0241679 -0.00779718
101.28 -0.0237024 -0.00835986
101.4 -0.0232429 -0.00892014
101.52 -0.0227903 -0.00947568
101.64 -0.0223455 -0.0100242
101.76 -0.0219096 -0.0105635
101.88 -0.0214836 -0.0110914
102 -0.0210686 -0.0116059
102.12 -0.020666 -0.0121051
102.24 -0.0202769 -0.0125872
102.36 -0.0199028 -0.0130506
102.48 -0.0195449 -0.0134936
102.6 -0.0192048 -0.0139148
102.72 -0.0188838 -0.0143131
102.84 -0.0185834 -0.0146874
102.96 -0.0183048 -0.0150366
103.08 -0.0180495 -0.0153601
103.2 -0.0178188 -0.0156571
103.32 -0.0176138 -0.0159273
103.44 -0.0174357 -0.0161704
103.56 -0.0172854 -0.0163861
103.68 -0.0171638 -0.0165745
103.8 -0.0170717 -0.0167357
103.92 -0.0170095 -0.0168701
104.04 -0.0169776 -0.0169781
104.16 -0.0169762 -0.0170602
104.28 -0.0170052 -0.0171172
104.4 -0.0170643 -0.0171497
104.52 -0.0171531 -0.0171588
104.64 -0.0172708 -0.0171453
104.76 -0.0174164 -0.0171104
104.88 -0.0175886 -0.0170552
105 -0.0177861 -0.0169809
105.12 -0.0180071 -0.0168886
105.24 -0.0182496 -0.0167798
105.36 -0.0185114 -0.0166556
105.48 -0.0187902 -0.0165174
105.6 -0.0190834 -0.0163664
105.72 -0.0193881 -0.016204
105.84 -0.0197013 -0.0160314
105.96 -0.02002 -0.0158499
106.08 -0.0203408 -0.0156606
106.2 -0.0206604 -0.0154647
106.32 -0.0209753 -0.0152633
106.44 -0.021282 -0.0150575
106.56 -0.0215768 -0.014848
106.68 -0.0218562 -0.014636
106.8 -0.0221166 -0.014422
106.92 -0.0223545 -0.0142069
107.04 -0.0225665 -0.0139913
107.16 -0.0227491 -0.0137756
107.28 -0.0228991 -0.0135604
107.4 -0.0230136 -0.013346
107.52 -0.0230895 -0.0131327
107.64 -0.0231241 -0.0129206
107.76 -0.0231151 -0.0127099
107.88 -0.0230601 -0.0125006
108 -0.0229572 -0.0122927
108.12 -0.0228047 -0.012086
108.24 -0.0226012 -0.0118803
108.36 -0.0223456 -0.0116755
108.48 -0.022037 -0.0114712
108.6 -0.021675 -0.0112672
108.72 -0.0212593 -0.0110631
108.84 -0.0207903 -0.0108585
108.96 -0.0202682 -0.0106531
109.08 -0.0196938 -0.0104464
109.2 -0.0190683 -0.0102382
109.32 -0.0183929 -0.0100279
109.44 -0.0176693 -0.00981522
109.56 -0.0168993 -0.00959988
109.68 -0.0160851 -0.00938155
109.8 -0.015229 -0.00915997
109.92 -0.0143335 -0.00893494
110.04 -0.0134014 -0.00870628
110.16 -0.0124356 -0.00847392
110.28 -0.0114389 -0.0082378
110.4 -0.0104146 -0.00799795
110.52 -0.00936583 -0.00775447
110.64 -0.00829581 -0.00750752
110.76 -0.0072078 -0.00725735
110.88 -0.00610508 -0.00700426
111 -0.00499088 -0.00674863
111.12 -0.00386839 -0.00649091
111.24 -0.00274074 -0.00623162
111.36 -0.00161097 -0.00597134
111.48 -0.000481981 -0.0057107
111.6 0.00064342 -0.00545041
111.72 0.00176259 -0.0051912
111.84 0.00287304 -0.00493385
111.96 0.00397244 -0.0046792
112.08 0.00505868 -0.00442808
112.2 0.00612978 -0.00418136
112.32 0.00718401 -0.00393993
112.44 0.00821978 -0.00370466
112.56 0.00923575 -0.00347644
112.68 0.0102307 -0.00325612
112.8 0.0112038 -0.00304454
112.92 0.0121541 -0.00284251
113.04 0.013081 -0.00265078
113.16 0.0139841 -0.00247007
113.28 0.014863 -0.00230103
113.4 0.0157178 -0.00214424
113.52 0.0165482 -0.00200021
113.64 0.0173544 -0.00186937
113.76 0.0181367 -0.00175206
113.88 0.0188952 -0.00164852
114 0.0196304 -0.0015589
114.12 0.0203426 -0.00148324
114.24 0.0210323 -0.00142148
114.36 0.0216998 -0.00137346
114.48 0.0223458 -0.0013389
114.6 0.0229705 -0.00131742
114.72 0.0235745 -0.00130851
114.84 0.024158 -0.00131159
114.96 0.0247214 -0.00132594
115.08 0.0252651 -0.00135078
115.2 0.0257891 -0.00138519
115.32 0.0262936 -0.00142821
115.44 0.0267786 -0.00147876
115.56 0.0272442 -0.00153571
115.68 0.0276901 -0.00159784
115.8 0.0281163 -0.0016639
115.92 0.0285224 -0.00173257
116.04 0.028908 -0.00180251
116.16 0.0292728 -0.00187234
116.28 0.0296162 -0.00194069
116.4 0.0299378 -0.00200615
116.52 0.0302369 -0.00206734
116.64 0.030513 -0.0021229
116.76 0.0307655 -0.0021715
116.88 0.0309937 -0.00221185
117 0.0311971 -0.00224272
117.12 0.031375 -0.00226295
117.24 0.031527 -0.00227144
117.36 0.0316526 -0.0022672
117.48 0.0317514 -0.00224931
117.6 0.0318231 -0.002217
117.72 0.0318675 -0.00216957
117.84 0.0318846 -0.00210646
117.96 0.0318744 -0.00202725
118.08 0.0318372 -0.00193163
118.2 0.0317733 -0.00181945
118.32 0.0316831 -0.0016907
118.44 0.0315675 -0.0015455
118.56 0.0314273 -0.00138414
118.68 0.0312635 -0.00120702
118.8 0.0310774 -0.00101473
118.92 0.0308703 -0.000807967
119.04 0.0306438 -0.000587584
119.16 0.0303997 -0.000354566
119.28 0.0301398 -0.000110026
119.4 0.0298663 0.0001448
119.52 0.0295812 0.00040856
119.64 0.029287 0.000679796
119.76 0.028986 0.000956956
119.88 0.0286807 0.0012384
120 0.0283739 0.00152241
