-0.999 -4.91556e-05 -3.89861e-05
-0.998 -0.000205384 -0.000159877
-0.997 -0.000444667 -0.000359879
-0.996 -0.000712767 -0.000625282
-0.995 -0.000973848 -0.000936774
-0.994 -0.00125731 -0.00127658
-0.993 -0.00166271 -0.00163273
-0.992 -0.00230251 -0.00199682
-0.991 -0.0032011 -0.00235602
-0.99 -0.00420497 -0.00268591
-0.989 -0.0049694 -0.00295279
-0.988 -0.00505946 -0.00312838
-0.987 -0.00414852 -0.00321203
-0.986 -0.00224084 -0.00325193
-0.985 0.000188247 -0.00335746
-0.984 0.00223395 -0.00369539
-0.983 0.00282055 -0.00446347
-0.982 0.00110387 -0.00584362
-0.981 -0.00314949 -0.0079498
-0.98 -0.00939176 -0.0107924
-0.979 -0.0164384 -0.0142707
-0.978 -0.0228961 -0.0181889
-0.977 -0.0277235 -0.0222853
-0.976 -0.030714 -0.0262667
-0.975 -0.0326801 -0.029842
-0.974 -0.0351788 -0.0327465
-0.973 -0.0397959 -0.0347487
-0.972 -0.0472524 -0.0356462
-0.971 -0.0567555 -0.0352696
-0.97 -0.0659488 -0.0335044
-0.969 -0.0715452 -0.0303301
-0.968 -0.070424 -0.0258563
-0.967 -0.0608206 -0.0203455
-0.966 -0.0432124 -0.0142166
-0.965 -0.0205384 -0.0080289
-0.964 0.00248756 -0.00244496
-0.963 0.0208684 0.00182385
-0.962 0.0310722 0.00408859
-0.961 0.0322675 0.00376729
-0.96 0.0264962 0.000471177
-0.959 0.0177471 -0.00592351
-0.958 0.0103304 -0.0152322
-0.957 0.00711488 -0.0269563
-0.956 0.00820292 -0.0403155
-0.955 0.0105965 -0.0543185
-0.954 0.00919119 -0.0678899
-0.953 -0.00113254 -0.0800497
-0.952 -0.0231861 -0.0900875
-0.951 -0.0559758 -0.0976549
-0.95 -0.0946588 -0.102754
-0.949 -0.131908 -0.105667
-0.948 -0.160195 -0.106876
-0.947 -0.174298 -0.106982
-0.946 -0.173216 -0.106611
-0.945 -0.160619 -0.106325
-0.944 -0.143438 -0.106621
-0.943 -0.129126 -0.108037
-0.942 -0.12285 -0.111243
-0.941 -0.125805 -0.116962
-0.94 -0.135066 -0.125719
-0.939 -0.144788 -0.137546
-0.938 -0.14835 -0.151818
-0.937 -0.140912 -0.167244
-0.936 -0.121431 -0.181962
-0.935 -0.0930736 -0.193706
-0.934 -0.0616714 -0.200157
-0.933 -0.0331887 -0.199484
-0.932 -0.0116767 -0.190854
-0.931 0.00146619 -0.174589
-0.93 0.00720155 -0.151954
-0.929 0.00806881 -0.124793
-0.928 0.00702439 -0.0952784
-0.927 0.00596617 -0.0657963
-0.926 0.00465261 -0.0388045
-0.925 0.000965655 -0.0166301
-0.924 -0.00750993 -0.00141189
-0.923 -0.0219305 0.00475266
-0.922 -0.0420227 -0.000259404
-0.921 -0.0671699 -0.0182695
-0.92 -0.0973652 -0.0501498
-0.919 -0.133101 -0.0952534
-0.918 -0.174606 -0.151249
-0.917 -0.221161 -0.214333
-0.916 -0.270401 -0.279596
-0.915 -0.317307 -0.341536
-0.914 -0.353599 -0.394828
-0.913 -0.369091 -0.435236
-0.912 -0.355476 -0.46018
-0.911 -0.310699 -0.46867
-0.91 -0.241113 -0.460836
-0.909 -0.160208 -0.437497
-0.908 -0.0848491 -0.400019
-0.907 -0.0304966 -0.350342
-0.906 -0.00625315 -0.291036
-0.905 -0.0108963 -0.225457
-0.904 -0.0321483 -0.158047
-0.903 -0.051054 -0.094431
-0.902 -0.0504625 -0.0408381
-0.901 -0.0234176 -0.00289494
-0.9 0.0229322 0.0155897
-0.899 0.0693267 0.01328
-0.898 0.0909225 -0.00864828
-0.897 0.0664319 -0.0467801
-0.896 -0.0121545 -0.0959501
-0.895 -0.132658 -0.15018
-0.894 -0.262963 -0.204019
-0.893 -0.36049 -0.253591
-0.892 -0.387764 -0.296707
-0.891 -0.326951 -0.332219
-0.89 -0.187114 -0.359444
-0.889 -0.0023251 -0.37817
-0.888 0.177981 -0.388897
-0.887 0.304193 -0.392718
-0.886 0.343783 -0.390917
-0.885 0.294329 -0.384978
-0.884 0.185294 -0.377156
-0.883 0.065943 -0.37084
-0.882 -0.0155523 -0.369973
-0.881 -0.0319292 -0.377875
-0.88 0.0125258 -0.396477
-0.879 0.0829662 -0.426426
-0.878 0.125328 -0.467381
-0.877 0.0855772 -0.517663
-0.876 -0.0679566 -0.573597
-0.875 -0.327808 -0.629595
-0.874 -0.64518 -0.679254
-0.873 -0.945222 -0.716635
-0.872 -1.1533 -0.736991
-0.871 -1.2203 -0.737198
-0.87 -1.1375 -0.71652
-0.869 -0.937983 -0.677581
-0.868 -0.685565 -0.6264
-0.867 -0.453772 -0.570849
-0.866 -0.30001 -0.518331
-0.865 -0.244573 -0.474043
-0.864 -0.264404 -0.440225
-0.863 -0.305176 -0.41603
-0.862 -0.305546 -0.398054
-0.861 -0.221788 -0.3819
-0.86 -0.0434167 -0.364645
-0.859 0.203171 -0.346953
-0.858 0.462328 -0.333241
-0.857 0.666462 -0.329658
-0.856 0.758856 -0.341263
-0.855 0.713814 -0.369777
-0.854 0.545159 -0.412153
-0.853 0.299227 -0.460168
-0.852 0.0367189 -0.501975
-0.851 -0.18729 -0.526157
-0.85 -0.33795 -0.526996
-0.849 -0.407808 -0.508118
-0.848 -0.416619 -0.482208
-0.847 -0.403445 -0.467118
-0.846 -0.412387 -0.48063
-0.845 -0.476971 -0.535516
-0.844 -0.609564 -0.635206
-0.843 -0.799254 -0.771025
-0.842 -1.01642 -0.923132
-0.841 -1.21977 -1.06621
-0.84 -1.36398 -1.17787
-0.839 -1.40891 -1.24541
-0.838 -1.32991 -1.26771
-0.837 -1.12542 -1.25238
-0.836 -0.818642 -1.21094
-0.835 -0.453112 -1.15361
-0.834 -0.0842756 -1.08417
-0.833 0.231751 -0.996741
-0.832 0.452183 -0.876861
-0.831 0.562002 -0.708175
-0.83 0.581901 -0.48211
-0.829 0.562657 -0.205496
-0.828 0.565881 0.0976194
-0.827 0.639066 0.390026
-0.826 0.794662 0.628998
-0.825 0.999467 0.77556
-0.824 1.17746 0.803728
-0.823 1.22822 0.707094
-0.822 1.06037 0.499773
-0.821 0.630978 0.210735
-0.82 -0.0265086 -0.126015
-0.819 -0.801919 -0.480938
-0.818 -1.53829 -0.834592
-0.817 -2.08018 -1.17843
-0.816 -2.32235 -1.51134
-0.815 -2.24434 -1.83334
-0.814 -1.92104 -2.13848
-0.813 -1.50317 -2.41046
-0.812 -1.16728 -2.62323
-0.811 -1.04954 -2.74683
-0.81 -1.19027 -2.75568
-0.809 -1.51591 -2.63635
-0.808 -1.8672 -2.39266
-0.807 -2.06051 -2.04683
-0.806 -1.95746 -1.63606
-0.805 -1.51991 -1.20473
-0.804 -0.834087 -0.794848
-0.803 -0.0930257 -0.438628
-0.802 0.463674 -0.155529
-0.801 0.636106 0.0467049
-0.8 0.342598 0.16922
-0.799 -0.344092 0.218689
-0.798 -1.21887 0.203545
-0.797 -2.01397 0.130497
-0.796 -2.48829 0.00317847
-0.795 -2.50677 -0.175991
-0.794 -2.08633 -0.402332
-0.793 -1.39192 -0.666772
-0.792 -0.679211 -0.956245
-0.791 -0.201319 -1.25511
-0.79 -0.11509 -1.54577
-0.789 -0.424999 -1.80875
-0.788 -0.985667 -2.02394
-0.787 -1.55848 -2.17341
-0.786 -1.89888 -2.24441
-0.785 -1.84476 -2.23107
-0.784 -1.3775 -2.13541
-0.783 -0.633323 -1.96825
-0.782 0.141899 -1.74938
-0.781 0.678669 -1.50536
-0.78 0.777647 -1.26452
-0.779 0.376176 -1.05064
-0.778 -0.433662 -0.877991
-0.777 -1.43755 -0.74919
-0.776 -2.36941 -0.656434
-0.775 -2.99811 -0.586019
-0.774 -3.20194 -0.525599
-0.773 -3.00355 -0.471752
-0.772 -2.55249 -0.434299
-0.771 -2.06546 -0.435049
-0.77 -1.75044 -0.501161
-0.769 -1.74123 -0.655105
-0.768 -2.05869 -0.904122
-0.767 -2.60557 -1.23247
-0.766 -3.19697 -1.59984
-0.765 -3.62064 -1.94828
-0.764 -3.70764 -2.21673
-0.763 -3.3858 -2.35795
-0.762 -2.697 -2.35114
-0.761 -1.77886 -2.20667
-0.76 -0.824875 -1.96179
-0.759 -0.0359438 -1.66868
-0.758 0.430585 -1.3777
-0.757 0.505447 -1.12073
-0.756 0.229654 -0.901445
-0.755 -0.259463 -0.697723
-0.754 -0.775596 -0.47638
-0.753 -1.14441 -0.21356
-0.752 -1.25644 0.0876944
-0.751 -1.10123 0.388943
-0.75 -0.778968 0.619949
-0.749 -0.483326 0.694615
-0.748 -0.449568 0.535994
-0.747 -0.876532 0.10297
-0.746 -1.84973 -0.591446
-0.745 -3.29772 -1.47833
-0.744 -4.99921 -2.44885
-0.743 -6.63736 -3.38194
-0.742 -7.88486 -4.17412
-0.741 -8.4993 -4.76282
-0.74 -8.40237 -5.13626
-0.739 -7.71256 -5.32659
-0.738 -6.71079 -5.38788
-0.737 -5.74564 -5.36708
-0.736 -5.11163 -5.27986
-0.735 -4.94519 -5.10177
-0.734 -5.17374 -4.77785
-0.733 -5.5358 -4.24664
-0.732 -5.67095 -3.47014
-0.731 -5.25587 -2.45973
-0.73 -4.13964 -1.28878
-0.729 -2.42338 -0.0853784
-0.728 -0.448629 0.99497
-0.727 1.30242 1.80821
-0.726 2.35861 2.2581
-0.725 2.41413 2.31784
-0.724 1.43756 2.03113
-0.723 -0.303327 1.49364
-0.722 -2.32054 0.821041
-0.721 -4.0699 0.113133
-0.72 -5.13957 -0.574079
-0.719 -5.3871 -1.23748
-0.718 -4.97441 -1.91293
-0.717 -4.29678 -2.64511
-0.716 -3.83748 -3.45492
-0.715 -3.99354 -4.31703
-0.714 -4.92387 -5.15486
-0.713 -6.47443 -5.85459
-0.712 -8.21952 -6.29421
-0.711 -9.61245 -6.3798
-0.71 -10.185 -6.07692
-0.709 -9.71248 -5.42463
-0.708 -8.28574 -4.5251
-0.707 -6.27936 -3.5141
-0.706 -4.23424 -2.52435
-0.705 -2.68799 -1.65426
-0.704 -1.99968 -0.95025
-0.703 -2.23033 -0.40596
-0.702 -3.1313 0.0223567
-0.701 -4.24803 0.388509
-0.7 -5.09174 0.726037
-0.699 -5.30662 1.02792
-0.698 -4.77875 1.24562
-0.697 -3.66561 1.30631
-0.696 -2.34418 1.13905
-0.695 -1.288 0.69988
-0.694 -0.907056 -0.011182
-0.693 -1.40794 -0.943882
-0.692 -2.72927 -2.00394
-0.691 -4.57115 -3.07246
-0.69 -6.49508 -4.03427
-0.689 -8.05184 -4.804
-0.688 -8.90438 -5.33939
-0.687 -8.92099 -5.63973
-0.686 -8.21238 -5.7349
-0.685 -7.09271 -5.67127
-0.684 -5.9744 -5.4971
-0.683 -5.23758 -5.24813
-0.682 -5.12123 -4.93733
-0.681 -5.66189 -4.55586
-0.68 -6.68442 -4.08687
-0.679 -7.8455 -3.52406
-0.678 -8.73215 -2.88457
-0.677 -8.99846 -2.2128
-0.676 -8.49403 -1.57818
-0.675 -7.33031 -1.06956
-0.674 -5.86055 -0.783336
-0.673 -4.58606 -0.80211
-0.672 -4.01802 -1.16972
-0.671 -4.52315 -1.87521
-0.67 -6.18652 -2.85329
-0.669 -8.74083 -3.99746
-0.668 -11.61 -5.17798
-0.667 -14.0719 -6.26138
-0.666 -15.4845 -7.13311
-0.665 -15.4903 -7.71955
-0.664 -14.1303 -7.99872
-0.663 -11.8381 -7.99104
-0.662 -9.3131 -7.73568
-0.661 -7.29565 -7.26771
-0.66 -6.30573 -6.60629
-0.659 -6.4391 -5.75357
-0.658 -7.31554 -4.70054
-0.657 -8.21368 -3.44074
-0.656 -8.34334 -1.99275
-0.655 -7.15186 -0.424178
-0.654 -4.55705 1.139
-0.653 -1.029 2.52783
-0.652 2.51596 3.56461
-0.651 4.99323 4.10057
-0.65 5.51872 4.04649
-0.649 3.73588 3.39274
-0.648 -0.0303166 2.21497
-0.647 -4.85875 0.659803
-0.646 -9.52797 -1.09083
-0.645 -12.9169 -2.86506
-0.644 -14.3732 -4.53568
-0.643 -13.9242 -6.03157
-0.642 -12.2517 -7.32859
-0.641 -10.4292 -8.4302
-0.64 -9.51201 -9.34372
-0.639 -10.1315 -10.0565
-0.638 -12.246 -10.5198
-0.637 -15.1416 -10.6519
-0.636 -17.681 -10.3644
-0.635 -18.7139 -9.60089
-0.634 -17.5051 -8.36787
-0.633 -14.0267 -6.74581
-0.632 -9.00084 -4.88071
-0.631 -3.67457 -2.96265
-0.63 0.593688 -1.19359
-0.629 2.78397 0.252765
-0.628 2.54518 1.26921
-0.627 0.2958 1.835
-0.626 -2.93683 2.00708
-0.625 -5.88435 1.88802
-0.624 -7.48488 1.58752
-0.623 -7.24922 1.1908
-0.622 -5.41355 0.737139
-0.621 -2.83045 0.209778
-0.62 -0.650378 -0.45737
-0.619 0.0862999 -1.35098
-0.618 -1.19205 -2.53386
-0.617 -4.3944 -4.00433
-0.616 -8.79924 -5.67964
-0.615 -13.3005 -7.40886
-0.614 -16.7795 -9.00634
-0.613 -18.4696 -10.2934
-0.612 -18.1867 -11.1408
-0.611 -16.3575 -11.5044
-0.61 -13.8492 -11.4396
-0.609 -11.6676 -11.0816
-0.608 -10.6237 -10.593
-0.607 -11.073 -10.1
-0.606 -12.8095 -9.64447
-0.605 -15.1432 -9.17184
-0.604 -17.1297 -8.55323
-0.603 -17.8729 -7.63509
-0.602 -16.8063 -6.30413
-0.601 -13.8727 -4.55102
-0.6 -9.55337 -2.50835
-0.599 -4.74135 -0.43979
-0.598 -0.493861 1.32341
-0.597 2.2634 2.47687
-0.596 2.99364 2.8319
-0.595 1.69543 2.36813
-0.594 -1.10108 1.23632
-0.593 -4.48862 -0.288074
-0.592 -7.45096 -1.88983
-0.591 -9.17278 -3.31324
-0.59 -9.29782 -4.4391
-0.589 -8.04799 -5.30564
-0.588 -6.15397 -6.06298
-0.587 -4.61032 -6.88243
-0.586 -4.32913 -7.85957
-0.585 -5.80187 -8.94755
-0.584 -8.8801 -9.94323
-0.583 -12.7586 -10.5355
-0.582 -16.188 -10.4077
-0.581 -17.8689 -9.36345
-0.58 -16.9046 -7.42366
-0.579 -13.1554 -4.85301
-0.578 -7.35732 -2.1008
-0.577 -0.944735 0.319085
-0.576 4.37332 1.96672
-0.575 7.14969 2.59181
-0.574 6.67137 2.19316
-0.573 3.20438 0.999732
-0.572 -2.08363 -0.626011
-0.571 -7.51069 -2.32731
-0.57 -11.4551 -3.87611
-0.569 -12.9185 -5.22829
-0.568 -11.8709 -6.49517
-0.567 -9.24406 -7.85291
-0.566 -6.57049 -9.42861
-0.565 -5.39725 -11.2021
-0.564 -6.68596 -12.9594
-0.563 -10.4161 -14.3237
-0.562 -15.535 -14.8654
-0.561 -20.2805 -14.2508
-0.56 -22.774 -12.3685
-0.559 -21.6871 -9.38298
-0.558 -16.7396 -5.69954
-0.557 -8.84266 -1.86064
-0.556 0.170309 1.59076
-0.555 8.12629 4.24102
-0.554 13.1984 5.88925
-0.553 14.4599 6.55544
-0.552 12.132 6.41415
-0.551 7.4543 5.68754
-0.55 2.22421 4.54694
-0.549 -1.8387 3.0609
-0.548 -3.67737 1.20207
-0.547 -3.22204 -1.09822
-0.546 -1.35036 -3.87221
-0.545 0.479666 -7.04606
-0.544 0.774916 -10.4106
-0.543 -1.45812 -13.648
-0.542 -6.35356 -16.403
-0.541 -13.1094 -18.3666
-0.54 -20.2205 -19.3435
-0.539 -25.945 -19.2853
-0.538 -28.8404 -18.2853
-0.537 -28.1892 -16.5395
-0.536 -24.1893 -14.2885
-0.535 -17.878 -11.7666
-0.534 -10.8301 -9.17669
-0.533 -4.71799 -6.69284
-0.532 -0.842744 -4.46965
-0.531 0.227726 -2.63812
-0.53 -1.19884 -1.28808
-0.529 -4.05763 -0.44887
-0.528 -6.85716 -0.0785533
-0.527 -8.1208 -0.0657248
-0.526 -6.82914 -0.248284
-0.525 -2.75753 -0.455225
-0.524 3.39059 -0.566913
-0.523 10.1285 -0.566999
-0.522 15.6046 -0.550945
-0.521 18.176 -0.678991
-0.52 16.95 -1.09574
-0.519 12.1154 -1.85421
-0.518 4.95719 -2.87493
-0.517 -2.47217 -3.95551
-0.516 -7.96595 -4.83361
-0.515 -9.90111 -5.29124
-0.514 -7.85523 -5.26595
-0.513 -2.847 -4.9159
-0.512 2.93688 -4.59488
-0.511 6.86181 -4.73456
-0.51 6.76971 -5.67678
-0.509 1.79655 -7.52045
-0.508 -7.19659 -10.0409
-0.507 -17.7578 -12.7175
-0.506 -26.5612 -14.8728
-0.505 -30.5146 -15.8865
-0.504 -27.8812 -15.4118
-0.503 -18.9795 -13.5052
-0.502 -6.16813 -10.6159
-0.501 6.89609 -7.43154
-0.5 16.473 -4.64127
-0.499 20.0143 -2.70028
-0.498 17.069 -1.68101
-0.497 9.48258 -1.26951
-0.496 0.767338 -0.917196
-0.495 -5.18226 -0.0954815
-0.494 -5.56588 1.44769
-0.493 0.226043 3.53786
-0.492 10.3243 5.59599
-0.491 21.0064 6.82698
-0.49 28.0073 6.50614
-0.489 28.0648 4.26238
-0.488 20.1701 0.255724
-0.487 6.06152 -4.8232
-0.486 -10.2713 -9.94421
-0.485 -23.9357 -14.0574
-0.484 -30.8457 -16.4252
-0.483 -29.1436 -16.8424
-0.482 -19.8133 -15.666
-0.481 -6.29635 -13.6525
-0.48 6.73033 -11.668
-0.479 14.987 -10.3774
-0.478 16.0767 -10.0225
-0.477 10.2904 -10.368
-0.476 0.417384 -10.8337
-0.475 -9.36713 -10.7597
-0.474 -15.0938 -9.70113
-0.473 -14.4526 -7.63607
-0.472 -7.59003 -5.00487
-0.471 2.99347 -2.56802
-0.47 13.3687 -1.13959
-0.469 19.5939 -1.29682
-0.468 19.1236 -3.17129
-0.467 11.7012 -6.39218
-0.466 -0.590829 -10.1953
-0.465 -14.1068 -13.6571
-0.464 -24.9049 -15.9743
-0.463 -30.0228 -16.6933
-0.462 -28.341 -15.8118
-0.461 -20.7964 -13.7217
-0.46 -9.92866 -11.0319
-0.459 1.05838 -8.34799
-0.458 9.37338 -6.09281
-0.457 13.4657 -4.41806
-0.456 13.3375 -3.21786
-0.455 10.3115 -2.22608
-0.454 6.43406 -1.16064
-0.453 3.76028 0.138638
-0.452 3.73438 1.63233
-0.451 6.80786 3.09057
-0.45 12.3743 4.17381
-0.449 19.0143 4.54206
-0.448 24.941 3.95114
-0.447 28.4756 2.31594
-0.446 28.4267 -0.263317
-0.445 24.3413 -3.51254
-0.444 16.6407 -7.03104
-0.443 6.61816 -10.3628
-0.442 -3.76592 -13.0747
-0.441 -12.3098 -14.8285
-0.44 -17.1374 -15.4431
-0.439 -17.2449 -14.9388
-0.438 -12.8656 -13.5492
-0.437 -5.53409 -11.6825
-0.436 2.22051 -9.8287
-0.435 7.55768 -8.43235
-0.434 8.24666 -7.76629
-0.433 3.53128 -7.84407
-0.432 -5.41625 -8.40666
-0.431 -15.6969 -9.00368
-0.43 -23.543 -9.15651
-0.429 -25.5765 -8.54942
-0.428 -20.052 -7.17148
-0.427 -7.64544 -5.34731
-0.426 8.54551 -3.63968
-0.425 23.8809 -2.65548
-0.424 33.7065 -2.81685
-0.423 35.0151 -4.17376
-0.422 27.626 -6.33336
-0.421 14.401 -8.55407
-0.42 0.351896 -9.99037
-0.419 -9.09798 -10.0025
-0.418 -10.1043 -8.40846
-0.417 -1.9202 -5.57949
-0.416 12.6549 -2.34518
-0.415 28.124 0.258165
-0.414 38.1808 1.31754
-0.413 37.9803 0.34861
-0.412 25.9806 -2.52999
-0.411 4.66718 -6.62845
-0.41 -20.1445 -10.9242
-0.409 -41.2313 -14.4186
-0.408 -52.4515 -16.4739
-0.407 -50.9076 -17.0064
-0.406 -37.972 -16.4763
-0.405 -18.7829 -15.6864
-0.404 -0.394726 -15.4634
-0.403 10.7401 -16.3296
-0.402 11.0568 -18.2823
-0.401 1.12134 -20.7671
-0.4 -14.6054 -22.8602
-0.399 -29.3952 -23.5886
-0.398 -36.7036 -22.2719
-0.397 -32.5669 -18.7645
-0.396 -17.0684 -13.5203
-0.395 5.6604 -7.46471
-0.394 28.8798 -1.71981
-0.393 45.5712 2.72264
-0.392 50.8113 5.27259
-0.391 43.3703 5.87107
-0.39 26.0318 4.9476
-0.389 4.57807 3.23458
-0.388 -14.1938 1.50601
-0.387 -24.7448 0.324215
-0.386 -24.5728 -0.127345
-0.385 -14.8934 -0.074905
-0.384 -0.0315404 -0.0458009
-0.383 14.1962 -0.66541
-0.382 22.4879 -2.43313
-0.381 21.7589 -5.54576
-0.38 12.0383 -9.80894
-0.379 -3.64574 -14.6524
-0.378 -20.3114 -19.2498
-0.377 -32.6591 -22.7223
-0.376 -36.7743 -24.3766
-0.375 -31.3454 -23.9029
-0.374 -18.0105 -21.4681
-0.373 -0.766622 -17.6755
-0.372 15.2999 -13.4087
-0.371 25.5255 -9.60279
-0.37 27.0047 -6.99098
-0.369 19.4186 -5.8885
-0.368 5.13661 -6.08839
-0.367 -11.4694 -6.92882
-0.366 -25.3362 -7.5328
-0.365 -32.2605 -7.14209
-0.364 -30.2008 -5.41979
-0.363 -19.9223 -2.61269
-0.362 -4.80675 0.479798
-0.361 10.1149 2.72841
-0.36 19.6687 3.03836
-0.359 20.1858 0.753389
-0.358 10.7946 -4.04155
-0.357 -6.11026 -10.4531
-0.356 -25.4612 -17.0052
-0.355 -41.0546 -22.0924
-0.354 -47.5602 -24.4968
-0.353 -42.3435 -23.7848
-0.352 -26.487 -20.4505
-0.351 -4.62259 -15.7529
-0.35 16.4497 -11.2874
-0.349 29.9637 -8.42822
-0.348 31.4921 -7.83557
-0.347 20.55 -9.21893
-0.346 0.891244 -11.461
-0.345 -20.6769 -13.0628
-0.344 -36.6082 -12.7423
-0.343 -41.2887 -9.96561
-0.342 -33.1168 -5.21247
-0.341 -15.2085 0.128346
-0.34 5.58612 4.20835
-0.339 21.0363 5.35827
-0.338 24.4306 2.68732
-0.337 13.0037 -3.57765
-0.336 -10.9661 -12.1383
-0.335 -40.8034 -21.0394
-0.334 -67.6461 -28.3054
-0.333 -83.4753 -32.5767
-0.332 -83.8842 -33.516
-0.331 -69.5599 -31.836
-0.33 -45.934 -28.9466
-0.329 -21.1734 -26.3701
-0.328 -3.28619 -25.158
-0.327 2.61704 -25.5234
-0.326 -4.01974 -26.8034
-0.325 -19.1573 -27.7448
-0.324 -35.724 -27.0007
-0.323 -46.2265 -23.6648
-0.322 -45.4609 -17.6428
-0.321 -32.3299 -9.71752
-0.32 -10.1311 -1.2886
-0.319 14.7001 6.0943
-0.318 34.8406 11.2093
-0.317 44.4889 13.4817
-0.316 41.1359 13.0651
-0.315 26.188 10.6956
-0.314 4.32074 7.38882
-0.313 -18.1625 4.08661
-0.312 -35.3773 1.37487
-0.311 -43.6071 -0.633943
-0.31 -42.2075 -2.2293
-0.309 -33.4728 -3.90296
-0.308 -21.6429 -6.12663
-0.307 -11.4751 -9.19302
-0.306 -6.84968 -13.1505
-0.305 -9.76423 -17.8135
-0.304 -19.9002 -22.814
-0.303 -34.7943 -27.6641
-0.302 -50.5288 -31.8194
-0.301 -62.7675 -34.747
-0.3 -67.8995 -36.002
-0.299 -64.0189 -35.315
-0.298 -51.5007 -32.677
-0.297 -33.0324 -28.3938
-0.296 -13.0737 -23.0782
-0.295 3.19045 -17.5499
-0.294 11.2443 -12.6347
-0.293 8.67941 -8.90412
-0.292 -3.77391 -6.45655
-0.291 -22.1031 -4.85699
-0.29 -40.0119 -3.30095
-0.289 -50.874 -0.961733
-0.288 -50.0277 2.6097
-0.287 -36.6141 7.18853
-0.286 -14.2843 11.8004
-0.285 9.57322 14.9184
-0.284 26.0029 14.9111
-0.283 27.5038 10.6278
-0.282 10.9294 1.91432
-0.281 -20.8801 -10.1709
-0.28 -59.5617 -23.5746
-0.279 -93.8303 -35.8504
-0.278 -113.353 -44.9231
-0.277 -112.474 -49.7315
-0.276 -92.4078 -50.522
-0.275 -61.0621 -48.6904
-0.274 -30.4546 -46.208
-0.273 -12.4786 -44.8138
-0.272 -14.4356 -45.2688
-0.271 -36.0169 -46.9839
-0.27 -69.0399 -48.2061
-0.269 -100.242 -46.7178
-0.268 -116.181 -40.7796
-0.267 -108.37 -29.946
-0.266 -76.6935 -15.4348
-0.265 -29.7939 0.103943
-0.264 17.7269 13.3595
-0.263 50.3585 21.4144
-0.262 57.2224 22.7018
-0.261 36.0953 17.5133
-0.26 -5.63503 7.86421
-0.259 -53.5489 -3.23298
-0.258 -91.41 -12.8186
-0.257 -107.05 -18.9714
-0.256 -96.6855 -21.3678
-0.255 -66.0545 -21.2082
-0.254 -28.0257 -20.5567
-0.253 2.36184 -21.3739
-0.252 13.5346 -24.6389
-0.251 1.63396 -29.8967
-0.25 -28.1387 -35.3831
-0.249 -63.5517 -38.6668
-0.248 -89.992 -37.5741
-0.247 -95.9924 -31.0605
-0.246 -77.537 -19.6996
-0.245 -39.5036 -5.58153
-0.244 6.2537 8.34446
-0.243 45.3191 19.2119
-0.242 65.8346 25.0866
-0.241 62.4164 25.4299
-0.24 37.5778 21.0673
-0.239 0.346753 13.7347
-0.238 -37.2778 5.39168
-0.237 -64.6907 -2.45743
-0.236 -76.2674 -9.19367
-0.235 -72.8538 -15.1052
-0.234 -60.6826 -21.0159
-0.233 -48.34 -27.7224
-0.232 -43.199 -35.5139
-0.231 -48.7867 -43.9721
-0.23 -63.9473 -52.089
-0.229 -83.8085 -58.6053
-0.228 -101.913 -62.4164
-0.227 -112.623 -62.9042
-0.226 -112.95 -60.0894
-0.225 -103.215 -54.557
-0.224 -86.4121 -47.2052
-0.223 -66.6875 -38.9485
-0.222 -47.7624 -30.5201
-0.221 -32.04 -22.4436
-0.22 -20.6474 -15.1348
-0.219 -14.0497 -9.02066
-0.218 -12.5955 -4.5662
-0.217 -16.5525 -2.17067
-0.216 -25.648 -1.98246
-0.215 -38.4773 -3.7368
-0.214 -52.2323 -6.72677
-0.213 -63.0673 -9.96437
-0.212 -67.1624 -12.5014
-0.211 -62.2473 -13.8009
-0.21 -49.0202 -14.0068
-0.209 -31.6965 -13.9699
-0.208 -17.0884 -14.9611
-0.207 -12.2365 -18.1385
-0.206 -21.4176 -23.9674
-0.205 -43.8534 -31.8623
-0.204 -73.2886 -40.2463
-0.203 -99.8186 -47.043
-0.202 -113.385 -50.4152
-0.201 -107.674 -49.4682
-0.2 -82.9517 -44.6448
-0.199 -46.6613 -37.6437
-0.198 -11.2814 -30.8461
-0.197 10.0513 -26.4161
-0.196 8.67536 -25.4054
-0.195 -15.759 -27.2427
-0.194 -54.5003 -29.8634
-0.193 -92.514 -30.4656
-0.192 -113.944 -26.6101
-0.191 -108.143 -17.2418
-0.19 -73.9487 -3.24242
-0.189 -20.583 12.7018
-0.188 35.249 26.8915
-0.187 75.1282 35.8075
-0.186 85.59 37.2881
-0.185 63.2373 31.2524
-0.184 16.2389 19.6847
-0.183 -38.561 5.86981
-0.182 -81.9468 -6.83645
-0.181 -99.6048 -16.2266
-0.18 -87.4801 -21.9704
-0.179 -53.1644 -25.5793
-0.178 -12.9056 -29.6433
-0.177 14.5427 -36.653
-0.176 14.9763 -47.8548
-0.175 -15.7974 -62.5586
-0.174 -70.0848 -78.1564
-0.173 -130.847 -90.8828
-0.172 -177.863 -97.0771
-0.171 -195.197 -94.4796
-0.17 -176.963 -83.0491
-0.169 -129.192 -64.9863
-0.168 -67.269 -43.9964
-0.167 -10.2611 -24.1198
-0.166 25.6699 -8.56802
-0.165 32.4927 1.07386
-0.164 12.5492 5.06639
-0.163 -22.8748 5.11411
-0.162 -58.1415 3.49379
-0.161 -79.279 2.05483
-0.16 -79.0309 1.50409
-0.159 -58.9905 1.25213
-0.158 -28.2522 -0.177345
-0.157 0.492241 -4.41593
-0.156 15.6711 -12.5143
-0.155 10.6989 -24.4436
-0.154 -14.0891 -38.9544
-0.153 -51.835 -53.8154
-0.152 -91.6239 -66.3606
-0.151 -122.113 -74.1778
-0.15 -135.021 -75.7119
-0.149 -127.285 -70.5931
-0.148 -101.352 -59.6255
-0.147 -63.8327 -44.5077
-0.146 -23.299 -27.426
-0.145 11.9478 -10.6371
-0.144 35.6091 3.89626
-0.143 44.4492 14.7939
-0.142 38.7161 21.4436
-0.141 21.9559 24.0347
-0.14 0.176951 23.4036
-0.139 -19.6454 20.7093
-0.138 -31.4711 17.0301
-0.137 -31.985 13.0083
-0.136 -21.7307 8.64326
-0.135 -5.27384 3.29159
-0.134 9.71116 -4.10131
-0.133 14.4484 -14.5482
-0.132 1.97323 -28.4394
-0.131 -29.7841 -45.0481
-0.13 -76.0744 -62.3852
-0.129 -125.85 -77.5606
-0.128 -164.997 -87.5777
-0.127 -181.155 -90.2875
-0.126 -168.253 -85.1623
-0.125 -129.11 -73.6154
-0.124 -75.2135 -58.7286
-0.123 -23.5459 -44.403
-0.122 8.90185 -34.1492
-0.121 11.3329 -29.9153
-0.12 -16.315 -31.4172
-0.119 -62.6962 -36.2737
-0.118 -108.945 -40.9365
-0.117 -135.725 -42.0801
-0.116 -130.612 -37.9262
-0.115 -92.9398 -28.988
-0.114 -34.3108 -17.9303
-0.113 25.4032 -8.57368
-0.112 65.2307 -4.41928
-0.111 70.9258 -7.26323
-0.11 40.5429 -16.4231
-0.109 -14.4931 -28.8642
-0.108 -73.457 -40.2141
-0.107 -114.141 -46.3526
-0.106 -121.396 -44.997
-0.105 -92.9263 -36.617
-0.104 -39.9485 -24.2437
-0.103 17.4253 -12.2587
-0.102 57.9912 -4.72827
-0.101 67.2369 -3.986
-0.1 42.3148 -9.92423
-0.099 -7.28163 -20.1236
-0.098 -63.4104 -30.7435
-0.097 -106.119 -37.9306
-0.096 -121.185 -39.2665
-0.095 -105.28 -34.6185
-0.094 -66.4601 -25.9699
-0.093 -19.945 -16.363
-0.092 18.4726 -8.57149
-0.091 38.2404 -4.13965
-0.09 36.9814 -3.06023
-0.089 20.1435 -4.01841
-0.088 -1.96317 -5.03885
-0.087 -18.6038 -4.36421
-0.086 -22.9818 -1.26884
-0.085 -14.694 3.59584
-0.084 0.929512 8.54441
-0.083 16.1434 11.6793
-0.082 24.7367 11.6866
-0.081 24.4217 8.19959
-0.08 16.7292 1.67289
-0.079 4.98655 -7.03449
-0.078 -8.25307 -17.1283
-0.077 -22.9361 -28.2061
-0.076 -41.4391 -40.27
-0.075 -66.5922 -53.3626
-0.074 -98.794 -67.0163
-0.073 -133.931 -79.8982
-0.072 -163.514 -89.9344
-0.071 -177.312 -94.9138
-0.07 -167.641 -93.3398
-0.069 -133.723 -85.2148
-0.068 -84.1188 -72.4313
-0.067 -35.3227 -58.4499
-0.066 -5.94006 -47.152
-0.065 -8.46581 -41.2344
-0.064 -42.7746 -40.9638
-0.063 -94.9201 -44.0013
-0.062 -141.918 -46.3805
-0.061 -160.339 -44.1531
-0.06 -135.553 -35.0788
-0.059 -68.7127 -19.8455
-0.058 21.249 -2.3474
-0.057 102.775 11.3807
-0.056 143.577 15.5011
-0.055 124.687 7.06473
-0.054 49.7519 -12.3306
-0.053 -55.1798 -36.8028
-0.052 -151.067 -58.19
-0.051 -200.235 -68.8895
-0.05 -180.48 -64.5352
-0.049 -94.3736 -45.7145
-0.048 29.9013 -18.0612
-0.047 147.925 9.62436
-0.046 216.16 28.7588
-0.045 209.723 34.4413
-0.044 132.685 27.3761
-0.043 16.6068 13.4575
-0.042 -91.4934 1.35353
-0.041 -146.86 -0.911368
-0.04 -124.266 10.7917
-0.039 -28.6561 34.7517
-0.038 105.668 63.6994
-0.037 228.122 87.4731
-0.036 291.97 97.0166
-0.035 272.485 87.8919
-0.034 175.783 61.8695
-0.033 36 26.2229
-0.032 -97.254 -8.81975
-0.031 -177.099 -33.654
-0.03 -177.487 -42.8209
-0.029 -104.035 -37.0972
-0.028 8.28306 -23.0115
-0.027 110.374 -9.83947
-0.026 159.548 -5.6081
-0.025 135.434 -14.0632
-0.024 45.8003 -33.6172
-0.023 -77.5821 -58.1817
-0.022 -190.577 -79.3901
-0.021 -252.926 -89.6926
-0.02 -244.371 -85.449
-0.019 -173.439 -68.6151
-0.018 -73.0825 -45.8719
-0.017 15.1327 -25.5296
-0.016 59.1378 -14.0209
-0.015 47.5954 -13.7573
-0.014 -8.58804 -22.8467
-0.013 -82.2263 -36.1939
-0.012 -140.412 -47.4529
-0.011 -157.364 -51.4499
-0.01 -125.626 -46.37
-0.009 -59.5904 -34.5365
-0.008 12.1286 -21.0598
-0.007 61.3883 -11.0891
-0.006 73.1956 -7.40708
-0.005 50.1694 -9.5689
-0.004 9.03368 -14.5386
-0.003 -27.4335 -18.1657
-0.002 -40.0689 -16.9691
-0.001 -22.0511 -9.77501
0 17.1593 1.51908
0.001 56.3332 12.7871
0.002 74.2443 19.9133
0.003 61.4427 21.0299
0.004 24.769 17.3446
0.005 -16.5872 12.3626
0.006 -39.8176 10.2391
0.007 -28.1718 13.9934
0.008 20.983 24.0394
0.009 92.6466 37.5631
0.01 158.645 49.3968
0.011 190.32 54.4304
0.012 173.244 50.3566
0.013 114.864 39.0137
0.014 40.9858 25.5974
0.015 -15.4326 16.4672
0.016 -27.1443 16.7176
0.017 16.8054 28.2286
0.018 105.093 48.5726
0.019 205.616 71.3084
0.02 276.73 88.129
0.021 285.392 92.3623
0.022 223.015 82.0592
0.023 109.848 60.8611
0.024 -13.8023 36.3168
0.025 -103.718 16.7893
0.026 -128.041 8.36043
0.027 -78.946 12.6106
0.028 23.2001 25.7936
0.029 135.647 39.8935
0.03 209.2 45.6512
0.031 208.785 36.5451
0.032 128.741 11.7899
0.033 -4.8597 -23.1745
0.034 -145.055 -58.7634
0.035 -242.127 -84.7616
0.036 -261.845 -93.9002
0.037 -198.056 -84.401
0.038 -75.5206 -60.6784
0.039 58.9222 -31.7558
0.04 154.56 -7.77067
0.041 176.996 4.00645
0.042 121.269 1.83832
0.043 12.6706 -10.1821
0.044 -103.927 -24.0614
0.045 -181.384 -31.1502
0.046 -188.066 -25.5561
0.047 -119.902 -6.55542
0.048 -1.85553 20.9912
0.049 122.41 48.5456
0.05 208.356 67.3326
0.051 227.745 71.7103
0.052 178.041 61.0579
0.053 81.5643 39.7027
0.054 -23.8636 15.218
0.055 -99.081 -4.25105
0.056 -117.995 -12.8212
0.057 -77.0059 -8.8698
0.058 4.80005 4.70015
0.059 94.9951 22.0984
0.06 161.919 37.3122
0.061 186.614 46.4323
0.062 167.983 48.7317
0.063 120.774 46.4091
0.064 68.5305 43.3807
0.065 34.2968 43.5932
0.066 31.9859 49.3849
0.067 61.6079 60.515
0.068 110.52 74.3357
0.069 159.998 87.0154
0.07 193.502 95.1155
0.071 202.514 96.7299
0.072 187.93 91.8184
0.073 157.586 81.8371
0.074 121.834 68.9642
0.075 89.2024 55.2557
0.076 63.7509 42.0509
0.077 44.9664 29.8545
0.078 29.9079 18.6805
0.079 16.1442 8.57323
0.08 3.75275 -0.0550501
0.081 -4.61756 -6.43905
0.082 -5.50245 -9.76862
0.083 2.75486 -9.63589
0.084 17.9202 -6.43865
0.085 33.7279 -1.49827
0.086 42.2894 3.3114
0.087 38.1098 6.35709
0.088 21.477 7.0454
0.089 -0.841493 6.13312
0.09 -18.0583 5.36391
0.091 -19.755 6.66418
0.092 -0.359413 11.2909
0.093 37.8406 19.2077
0.094 84.2947 28.8524
0.095 123.114 37.4641
0.096 138.932 42.043
0.097 123.575 40.6646
0.098 80.3458 33.5103
0.099 23.5333 23.0097
0.1 -26.7844 12.9826
0.101 -52.3269 7.20842
0.102 -43.4906 8.0457
0.103 -3.08284 15.5643
0.104 54.3267 27.4277
0.105 107.394 39.6023
0.106 135.852 47.7656
0.107 128.393 48.9491
0.108 87.3268 42.7244
0.109 27.9042 31.3753
0.11 -27.5339 18.9869
0.111 -58.1514 9.87584
0.112 -52.4765 7.02205
0.113 -12.4978 11.0732
0.114 47.4096 20.2337
0.115 106.105 31.0433
0.116 143.584 39.7506
0.117 148.214 43.7593
0.118 120.752 42.594
0.119 73.7839 38.0256
0.12 26.8192 33.335
0.121 -1.15884 32.0057
0.122 1.21432 36.352
0.123 33.7861 46.6083
0.124 85.5922 60.8157
0.125 139.468 75.5062
0.126 178.336 86.8628
0.127 190.731 91.889
0.128 173.964 89.2124
0.129 134.283 79.34
0.13 84.2019 64.3541
0.131 37.9009 47.1681
0.132 6.3768 30.5987
0.133 -5.77824 16.5933
0.134 -0.838534 5.89114
0.135 14.0672 -1.82101
0.136 30.1156 -7.43622
0.137 39.7222 -11.9019
0.138 38.5062 -15.8216
0.139 26.1248 -19.2413
0.14 6.02785 -21.6242
0.141 -15.7297 -22.012
0.142 -32.2848 -19.3377
0.143 -37.8274 -12.7969
0.144 -29.0128 -2.15526
0.145 -5.71066 12.0905
0.146 28.8651 28.7051
0.147 68.5687 45.8348
0.148 105.318 61.2431
0.149 130.731 72.6629
0.15 138.28 78.2452
0.151 125.452 77.0239
0.152 95.127 69.2571
0.153 55.3673 56.4834
0.154 17.3568 41.2071
0.155 -8.01756 26.2645
0.156 -13.7784 14.0674
0.157 0.6341 5.98092
0.158 28.879 2.03828
0.159 59.5487 1.07993
0.16 79.9595 1.29091
0.161 80.8568 1.00366
0.162 60.3837 -0.495633
0.163 25.5421 -2.50101
0.164 -9.83616 -3.02975
0.165 -30.0895 0.413052
0.166 -23.7632 9.74426
0.167 11.7274 25.3444
0.168 68.5715 45.6122
0.169 130.709 67.1931
0.17 179 85.8283
0.171 197.823 97.5946
0.172 180.85 100.154
0.173 133.729 93.5494
0.174 72.3312 80.189
0.175 17.0004 63.9727
0.176 -14.9554 48.8955
0.177 -15.5285 37.6905
0.178 11.3382 31.0233
0.179 51.5324 27.4896
0.18 86.1925 24.3717
0.181 98.8022 18.8677
0.182 81.4526 9.34584
0.183 37.9685 -3.84454
0.184 -17.383 -18.3387
0.185 -65.2349 -30.542
0.186 -88.4572 -36.9441
0.187 -78.5709 -35.4399
0.188 -38.7553 -26.1395
0.189 17.5615 -11.3639
0.19 71.7892 5.1483
0.191 106.9 19.5044
0.192 113.324 28.9186
0.193 91.9832 32.5319
0.194 53.4906 31.529
0.195 13.8767 28.5345
0.196 -11.5087 26.5183
0.197 -13.5761 27.6284
0.198 7.56281 32.4017
0.199 43.2932 39.6528
0.2 80.3093 47.0462
0.201 105.81 52.0651
0.202 112.007 52.9576
0.203 98.399 49.3153
0.204 71.2678 42.1277
0.205 40.8491 33.347
0.206 17.3638 25.1443
0.207 7.40687 19.139
0.208 11.9936 15.8949
0.209 26.89 14.8777
0.21 44.8824 14.8567
0.211 58.8373 14.5281
0.212 64.2 13.063
0.213 60.049 10.372
0.214 48.6281 7.04504
0.215 33.9296 4.05517
0.216 20.1033 2.37956
0.217 10.2813 2.68449
0.218 6.09445 5.18171
0.219 7.85741 9.68483
0.22 15.1438 15.7985
0.221 27.3129 23.1104
0.222 43.5925 31.2694
0.223 62.6495 39.9142
0.224 82.0434 48.5173
0.225 98.1898 56.2745
0.226 107.199 62.1538
0.227 106.361 65.1345
0.228 95.5592 64.5532
0.229 77.8286 60.3963
0.23 58.6811 53.3848
0.231 44.3283 44.7895
0.232 39.374 36.0322
0.233 44.7754 28.2111
0.234 56.9412 21.7263
0.235 68.5882 16.168
0.236 71.3437 10.5612
0.237 59.2357 3.91152
0.238 31.6255 -4.15956
0.239 -5.78862 -12.9964
0.24 -42.485 -20.9338
0.241 -66.6695 -25.787
0.242 -69.5676 -25.6244
0.243 -48.882 -19.535
0.244 -10.0985 -8.1127
0.245 34.9842 6.5347
0.246 72.1577 21.3091
0.247 89.8472 33.0518
0.248 83.4168 39.5618
0.249 56.9964 40.2999
0.25 22.0046 36.4782
0.251 -7.13487 30.502
0.252 -18.4549 24.9987
0.253 -6.99892 21.8146
0.254 23.2488 21.3491
0.255 60.7691 22.4612
0.256 90.7412 22.9862
0.257 100.587 20.6889
0.258 84.807 14.2942
0.259 47.288 4.17906
0.26 0.122021 -7.57222
0.261 -40.6851 -17.7919
0.262 -61.0236 -23.2993
0.263 -53.7791 -22.0135
0.264 -21.2955 -13.6931
0.265 25.6359 -0.0374777
0.266 71.759 15.8765
0.267 102.781 30.6091
0.268 110.297 41.4529
0.269 94.5115 47.2184
0.27 63.815 48.4474
0.271 31.4076 46.9967
0.272 10.2504 45.1699
0.273 8.29549 44.7403
0.274 25.7999 46.2544
0.275 55.6161 48.8744
0.276 86.14 50.7858
0.277 105.653 49.9706
0.278 106.44 45.0246
0.279 87.3119 35.7282
0.28 53.7655 23.1896
0.281 15.8469 9.53052
0.282 -15.4669 -2.77428
0.283 -32.0126 -11.6651
0.284 -30.9514 -16.0868
0.285 -15.2354 -16.1892
0.286 7.93306 -13.1038
0.287 29.8751 -8.43544
0.288 43.3526 -3.6957
0.289 44.6864 0.130692
0.29 34.5365 2.77885
0.291 17.2692 4.63639
0.292 -0.760424 6.46551
0.293 -13.3805 9.02823
0.294 -16.4953 12.762
0.295 -9.11853 17.6228
0.296 6.66009 23.1264
0.297 26.5798 28.5291
0.298 45.5495 33.0462
0.299 59.0014 36.0322
0.3 63.9706 37.0879
0.301 59.7401 36.1002
0.302 47.9497 33.2314
0.303 32.1343 28.8784
0.304 16.7727 23.6129
0.305 6.07515 18.0993
0.306 2.81943 12.9879
0.307 7.53179 8.78785
0.308 18.2295 5.74684
0.309 30.8398 3.77484
0.31 40.2762 2.44967
0.311 41.9698 1.13055
0.312 33.4445 -0.8197
0.313 15.3976 -3.75409
0.314 -8.18334 -7.51048
0.315 -31.0355 -11.3523
0.316 -46.5192 -14.1432
0.317 -49.7937 -14.7109
0.318 -39.5227 -12.2669
0.319 -18.4958 -6.73039
0.32 7.10854 1.15469
0.321 29.6523 9.96577
0.322 42.5807 17.9962
0.323 42.7233 23.7945
0.324 31.4952 26.6553
0.325 14.476 26.8546
0.326 -0.564509 25.5117
0.327 -6.49774 24.1272
0.328 0.521434 23.984
0.329 19.5654 25.6403
0.33 45.1254 28.6907
0.331 68.9276 31.8799
0.332 82.7721 33.5474
0.333 81.4345 32.2633
0.334 64.5926 27.4227
0.335 37.0342 19.5611
0.336 7.02442 10.2456
0.337 -16.5654 1.58022
0.338 -27.289 -4.48369
0.339 -23.2307 -6.77597
0.34 -7.49167 -5.26086
0.341 13.0421 -1.00177
0.342 30.1862 4.24454
0.343 37.3307 8.65833
0.344 31.7029 10.9858
0.345 15.2229 10.9381
0.346 -6.32617 9.21869
0.347 -25.4501 7.18345
0.348 -35.5891 6.27758
0.349 -33.3183 7.46282
0.35 -19.3901 10.8422
0.351 1.66053 15.6124
0.352 23.1424 20.3499
0.353 38.4706 23.5138
0.354 43.2838 23.9767
0.355 36.7226 21.3979
0.356 21.5057 16.3204
0.357 2.87249 9.97716
0.358 -13.1972 3.8865
0.359 -21.8907 -0.624613
0.36 -20.9962 -2.80424
0.361 -11.4381 -2.63833
0.362 3.19495 -0.754585
0.363 17.8999 1.86875
0.364 27.8417 4.26387
0.365 29.7833 5.77715
0.366 22.9948 6.23419
0.367 9.43588 5.93983
0.368 -6.83932 5.52765
0.369 -20.9091 5.71007
0.37 -28.4773 7.01521
0.371 -27.1629 9.60166
0.372 -17.1976 13.2064
0.373 -1.35925 17.2229
0.374 15.8045 20.8635
0.375 29.2605 23.3479
0.376 34.9789 24.0813
0.377 31.2254 22.7948
0.378 19.2058 19.6203
0.379 2.76725 15.0706
0.38 -12.8017 9.92155
0.381 -22.4838 5.02165
0.382 -23.1925 1.08414
0.383 -14.8491 -1.48158
0.384 -0.528033 -2.65883
0.385 14.4243 -2.8115
0.386 24.1109 -2.56178
0.387 24.1364 -2.57354
0.388 13.2698 -3.29667
0.389 -5.9341 -4.76124
0.39 -27.8374 -6.5124
0.391 -45.5373 -7.7322
0.392 -53.1785 -7.51495
0.393 -47.9656 -5.199
0.394 -31.1867 -0.641292
0.395 -7.87066 5.65792
0.396 14.8627 12.6328
0.397 30.2311 18.9285
0.398 34.1459 23.3047
0.399 26.6328 25.0349
0.4 11.782 24.1474
0.401 -3.77333 21.4039
0.402 -13.2958 18.0179
0.403 -12.4101 15.2236
0.404 -0.708974 13.8493
0.405 18.0693 14.0422
0.406 37.3556 15.2376
0.407 50.0857 16.3857
0.408 51.219 16.3667
0.409 39.5412 14.4461
0.41 18.1032 10.5951
0.411 -6.86094 5.54469
0.412 -28.1286 0.550933
0.413 -39.9775 -3.03581
0.414 -40.0677 -4.23981
0.415 -30.0701 -2.80138
0.416 -14.8741 0.725829
0.417 -0.719962 5.15712
0.418 7.0427 9.07829
0.419 5.77659 11.3229
0.42 -3.65951 11.3495
0.421 -17.3989 9.38685
0.422 -30.0925 6.30932
0.423 -36.8754 3.30006
0.424 -35.0505 1.4266
0.425 -24.913 1.27711
0.426 -9.4837 2.78343
0.427 6.669 5.29136
0.428 19.0381 7.84377
0.429 24.636 9.55579
0.43 22.8265 9.93277
0.431 15.3145 9.0234
0.432 5.37826 7.37331
0.433 -3.33617 5.8095
0.434 -8.02449 5.13222
0.435 -7.53464 5.81894
0.436 -2.54843 7.84807
0.437 4.8435 10.7109
0.438 11.9397 13.599
0.439 16.2834 15.6766
0.44 16.3184 16.3281
0.441 11.7149 15.3095
0.442 3.35013 12.7817
0.443 -7.00666 9.2368
0.444 -17.1969 5.34145
0.445 -25.2132 1.7453
0.446 -29.6347 -1.08271
0.447 -29.8849 -2.93145
0.448 -26.3109 -3.82707
0.449 -20.104 -3.95359
0.45 -13.0514 -3.56314
0.451 -7.10834 -2.90071
0.452 -3.85134 -2.14508
0.453 -3.97341 -1.36739
0.454 -7.00579 -0.519941
0.455 -11.3829 0.533676
0.456 -14.8636 1.95669
0.457 -15.2257 3.86961
0.458 -11.0608 6.2904
0.459 -2.4172 9.09
0.46 8.98738 11.9731
0.461 20.1502 14.5035
0.462 27.6999 16.1891
0.463 29.0399 16.6156
0.464 23.311 15.5885
0.465 11.8251 13.2286
0.466 -2.21574 9.98408
0.467 -14.677 6.54345
0.468 -21.8531 3.66482
0.469 -21.766 1.96596
0.47 -14.899 1.74347
0.471 -4.04954 2.88799
0.472 6.66488 4.93062
0.473 13.2816 7.20763
0.474 13.4217 9.08745
0.475 7.1744 10.1822
0.476 -2.89097 10.4704
0.477 -12.6298 10.2832
0.478 -17.8575 10.1497
0.479 -15.9516 10.5573
0.48 -6.89404 11.7204
0.481 6.6529 13.4535
0.482 20.2523 15.2006
0.483 29.2326 16.2087
0.484 30.3168 15.7879
0.485 22.7835 13.5685
0.486 8.74963 9.66724
0.487 -7.55332 4.69752
0.488 -21.266 -0.393041
0.489 -28.5935 -4.6062
0.49 -28.0624 -7.1952
0.491 -20.9004 -7.87515
0.492 -10.4576 -6.87162
0.493 -0.928685 -4.80066
0.494 4.1646 -2.43068
0.495 3.21081 -0.411945
0.496 -2.964 0.933285
0.497 -11.4749 1.688
0.498 -18.513 2.25925
0.499 -20.7825 3.17319
0.5 -16.6871 4.82952
0.501 -6.85653 7.31234
0.502 6.11464 10.3283
0.503 18.5766 13.2919
0.504 27.0565 15.521
0.505 29.3999 16.4686
0.506 25.4316 15.9052
0.507 16.9068 13.9907
0.508 6.79951 11.2186
0.509 -1.76568 8.25514
0.51 -6.53101 5.73464
0.511 -6.73992 4.07757
0.512 -3.23525 3.39129
0.513 1.95546 3.48198
0.514 6.38388 3.96342
0.515 8.03597 4.41068
0.516 5.98737 4.49832
0.517 0.639666 4.08199
0.518 -6.50851 3.21118
0.519 -13.4187 2.08419
0.52 -18.1726 0.966374
0.521 -19.5283 0.0979659
0.522 -17.2377 -0.378133
0.523 -12.0618 -0.443504
0.524 -5.49577 -0.183296
0.525 0.710496 0.262326
0.526 5.07835 0.749596
0.527 6.80755 1.17242
0.528 5.95886 1.492
0.529 3.39316 1.75476
0.53 0.503742 2.0918
0.531 -1.19304 2.69136
0.532 -0.513654 3.74741
0.533 3.01291 5.39917
0.534 8.9624 7.67558
0.535 16.0986 10.4558
0.536 22.7043 13.4586
0.537 27.0649 16.2738
0.538 27.9722 18.4389
0.539 25.1067 19.5483
0.54 19.171 19.362
0.541 11.7048 17.8768
0.542 4.61862 15.3332
0.543 -0.408317 12.1537
0.544 -2.46295 8.82606
0.545 -1.68087 5.76564
0.546 0.820462 3.20603
0.547 3.3435 1.15801
0.548 4.22719 -0.546768
0.549 2.47556 -2.14349
0.55 -1.83114 -3.7961
0.551 -7.50873 -5.4861
0.552 -12.6495 -6.9718
0.553 -15.2796 -7.84063
0.554 -14.061 -7.64697
0.555 -8.79027 -6.08922
0.556 -0.523176 -3.15626
0.557 8.72645 0.817255
0.558 16.6206 5.21079
0.559 21.2531 9.27537
0.56 21.7605 12.337
0.561 18.5706 13.9813
0.562 13.2047 14.1602
0.563 7.71227 13.1808
0.564 3.9476 11.5747
0.565 2.94419 9.89588
0.566 4.60129 8.52707
0.567 7.78208 7.56833
0.568 10.7781 6.84452
0.569 11.9667 6.01981
0.57 10.4219 4.77106
0.571 6.2638 2.95518
0.572 0.626087 0.70878
0.573 -4.74013 -1.56179
0.574 -8.07848 -3.30332
0.575 -8.23158 -4.00719
0.576 -5.02433 -3.39441
0.577 0.696117 -1.52346
0.578 7.3576 1.21773
0.579 13.1787 4.22876
0.58 16.7245 6.87822
0.581 17.325 8.68747
0.582 15.228 9.45594
0.583 11.445 9.28708
0.584 7.35748 8.5098
0.585 4.23519 7.53021
0.586 2.84199 6.67339
0.587 3.24905 6.07483
0.588 4.88779 5.6578
0.589 6.7956 5.19722
0.59 7.96418 4.43871
0.591 7.68467 3.22432
0.592 5.78513 1.57704
0.593 2.68427 -0.286656
0.594 -0.750667 -2.01814
0.595 -3.48127 -3.24612
0.596 -4.6103 -3.693
0.597 -3.63694 -3.25709
0.598 -0.597268 -2.03466
0.599 3.93692 -0.278557
0.6 9.00376 1.68785
0.601 13.5122 3.56869
0.602 16.5475 5.17061
0.603 17.6267 6.43182
0.604 16.8248 7.40158
0.605 14.7386 8.18607
0.606 12.301 8.88565
0.607 10.4948 9.547
0.608 10.0393 10.1442
0.609 11.1452 10.5907
0.61 13.4281 10.7752
0.611 16.0211 10.6047
0.612 17.8581 10.038
0.613 18.0328 9.09696
0.614 16.1161 7.85397
0.615 12.3305 6.40733
0.616 7.51416 4.85777
0.617 2.87146 3.29495
0.618 -0.419609 1.79374
0.619 -1.60834 0.415719
0.62 -0.631947 -0.787756
0.621 1.86116 -1.77302
0.622 4.73326 -2.50459
0.623 6.74906 -2.96052
0.624 7.0099 -3.13983
0.625 5.28598 -3.06423
0.626 2.12332 -2.76778
0.627 -1.3286 -2.27706
0.628 -3.71659 -1.5938
0.629 -3.96481 -0.69278
0.63 -1.66007 0.461749
0.631 2.79323 1.88872
0.632 8.296 3.56265
0.633 13.412 5.39436
0.634 16.8438 7.22769
0.635 17.8654 8.85892
0.636 16.5546 10.0794
0.637 13.7348 10.7298
0.638 10.6508 10.745
0.639 8.5049 10.1682
0.64 8.02565 9.1315
0.641 9.2188 7.81162
0.642 11.3818 6.37745
0.643 13.3745 4.94591
0.644 14.0501 3.55912
0.645 12.69 2.19269
0.646 9.27957 0.79359
0.647 4.52589 -0.666644
0.648 -0.38005 -2.14723
0.649 -4.16341 -3.52301
0.65 -5.88553 -4.60537
0.651 -5.24042 -5.19143
0.652 -2.62867 -5.12545
0.653 1.01207 -4.35335
0.654 4.55113 -2.95066
0.655 7.05043 -1.11262
0.656 8.05234 0.892323
0.657 7.6818 2.79058
0.658 6.54692 4.36987
0.659 5.48451 5.52238
0.66 5.24052 6.25338
0.661 6.19757 6.65514
0.662 8.24729 6.85538
0.663 10.8488 6.95905
0.664 13.2373 7.00541
0.665 14.692 6.95609
0.666 14.7669 6.71731
0.667 13.4202 6.18644
0.668 11.0175 5.30482
0.669 8.21073 4.09771
0.67 5.72902 2.68799
0.671 4.15269 1.27714
0.672 3.7522 0.0968103
0.673 4.44318 -0.654148
0.674 5.85317 -0.865332
0.675 7.45667 -0.543963
0.676 8.73185 0.191781
0.677 9.30431 1.15164
0.678 9.04656 2.12988
0.679 8.10202 2.96164
0.68 6.82113 3.56267
0.681 5.63435 3.94071
0.682 4.9137 4.17452
0.683 4.86797 4.36882
0.684 5.48936 4.60253
0.685 6.55348 4.89022
0.686 7.67578 5.17143
0.687 8.4217 5.33033
0.688 8.44414 5.2365
0.689 7.59963 4.79235
0.69 5.99942 3.97227
0.691 3.98194 2.84072
0.692 2.02202 1.54248
0.693 0.6012 0.266964
0.694 0.0654139 -0.802325
0.695 0.508836 -1.53605
0.696 1.7313 -1.88807
0.697 3.29692 -1.89669
0.698 4.67752 -1.66064
0.699 5.42738 -1.29988
0.7 5.3289 -0.914119
0.701 4.46746 -0.552188
0.702 3.21416 -0.201175
0.703 2.11184 0.200964
0.704 1.68842 0.732958
0.705 2.26021 1.4499
0.706 3.80571 2.35137
0.707 5.96242 3.37004
0.708 8.14391 4.38358
0.709 9.72994 5.24474
0.71 10.267 5.81947
0.711 9.62079 6.02149
0.712 8.02921 5.83379
0.713 6.02646 5.31006
0.714 4.2528 4.55528
0.715 3.22208 3.69211
0.716 3.14149 2.82611
0.717 3.85067 2.02145
0.718 4.89196 1.29411
0.719 5.67853 0.622843
0.72 5.7049 -0.0274606
0.721 4.73498 -0.679283
0.722 2.9013 -1.3223
0.723 0.670626 -1.90675
0.724 -1.31748 -2.35269
0.725 -2.4752 -2.57148
0.726 -2.46482 -2.49214
0.727 -1.30194 -2.08418
0.728 0.661833 -1.36966
0.729 2.8626 -0.420151
0.73 4.71368 0.659862
0.731 5.79992 1.75641
0.732 6.00816 2.76837
0.733 5.54435 3.62297
0.734 4.83374 4.28251
0.735 4.34923 4.74244
0.736 4.43639 5.02195
0.737 5.19403 5.14945
0.738 6.44384 5.1483
0.739 7.79542 5.02865
0.74 8.78505 4.78759
0.741 9.03962 4.41577
0.742 8.40447 3.90622
0.743 6.98923 3.26283
0.744 5.12144 2.50744
0.745 3.23414 1.68408
0.746 1.72962 0.857306
0.747 0.861103 0.102845
0.748 0.665959 -0.507116
0.749 0.972319 -0.918729
0.75 1.47647 -1.10656
0.751 1.85913 -1.0771
0.752 1.89378 -0.866381
0.753 1.5099 -0.532007
0.754 0.799547 -0.139823
0.755 -0.0237969 0.251903
0.756 -0.697878 0.60528
0.757 -0.997386 0.907655
0.758 -0.807504 1.16723
0.759 -0.158017 1.40243
0.76 0.794154 1.62992
0.761 1.82144 1.85453
0.762 2.69424 2.06304
0.763 3.23961 2.22427
0.764 3.38069 2.29725
0.765 3.15348 2.24562
0.766 2.69475 2.05227
0.767 2.19868 1.72827
0.768 1.85408 1.3129
0.769 1.78611 0.865751
0.77 2.02204 0.453745
0.771 2.4866 0.135531
0.772 3.02283 -0.0531915
0.773 3.43402 -0.10794
0.774 3.54162 -0.0531695
0.775 3.24583 0.0693879
0.776 2.56597 0.216301
0.777 1.64153 0.356085
0.778 0.692315 0.477338
0.779 -0.0471235 0.59014
0.78 -0.397493 0.720238
0.781 -0.290386 0.896367
0.782 0.206455 1.13456
0.783 0.906435 1.42679
0.784 1.56439 1.73965
0.785 1.96109 2.02259
0.786 1.97941 2.22118
0.787 1.64286 2.29077
0.788 1.1046 2.20806
0.789 0.593244 1.97834
0.79 0.332993 1.63553
0.791 0.461794 1.23281
0.792 0.975257 0.826859
0.793 1.72084 0.463044
0.794 2.44903 0.16771
0.795 2.90261 -0.051966
0.796 2.90817 -0.203612
0.797 2.43602 -0.302946
0.798 1.61069 -0.365149
0.799 0.671614 -0.395703
0.8 -0.103753 -0.38493
0.801 -0.492047 -0.310541
0.802 -0.400072 -0.147615
0.803 0.105804 0.119746
0.804 0.829859 0.490638
0.805 1.52298 0.944624
0.806 1.97175 1.44261
0.807 2.0675 1.93107
0.808 1.83532 2.35102
0.809 1.4177 2.65102
0.81 1.01891 2.7997
0.811 0.827139 2.79158
0.812 0.942006 2.64443
0.813 1.33656 2.39118
0.814 1.86928 2.07079
0.815 2.33874 1.71962
0.816 2.55629 1.36394
0.817 2.40904 1.01537
0.818 1.89428 0.6724
0.819 1.11768 0.328327
0.82 0.257179 -0.0184537
0.821 -0.495622 -0.357295
0.822 -0.996444 -0.664274
0.823 -1.18942 -0.906429
0.824 -1.11414 -1.04926
0.825 -0.879328 -1.06614
0.826 -0.617094 -0.947668
0.827 -0.436314 -0.707495
0.828 -0.389919 -0.38126
0.829 -0.464086 -0.0182921
0.83 -0.590279 0.330534
0.831 -0.674524 0.624345
0.832 -0.633178 0.84014
0.833 -0.422562 0.975617
0.834 -0.0524265 1.04626
0.835 0.419577 1.07712
0.836 0.907566 1.092
0.837 1.3227 1.10453
0.838 1.59622 1.11473
0.839 1.69491 1.11146
0.84 1.62637 1.07859
0.841 1.43382 1.00247
0.842 1.18197 0.878876
0.843 0.938474 0.717387
0.844 0.756596 0.540833
0.845 0.663339 0.379064
0.846 0.654609 0.259318
0.847 0.697599 0.197679
0.848 0.740442 0.195015
0.849 0.727957 0.237852
0.85 0.619765 0.30275
0.851 0.404862 0.362892
0.852 0.107128 0.395844
0.853 -0.220058 0.390487
0.854 -0.507831 0.350184
0.855 -0.690801 0.290354
0.856 -0.726949 0.231748
0.857 -0.612743 0.192976
0.858 -0.386754 0.185299
0.859 -0.11812 0.210494
0.86 0.117003 0.261282
0.861 0.261586 0.324001
0.862 0.296115 0.383315
0.863 0.243567 0.427709
0.864 0.16089 0.453434
0.865 0.119433 0.464967
0.866 0.178625 0.472034
0.867 0.361125 0.485054
0.868 0.640303 0.511035
0.869 0.947191 0.551025
0.87 1.19468 0.599429
0.871 1.3082 0.645305
0.872 1.25045 0.675484
0.873 1.03297 0.678737
0.874 0.712725 0.649551
0.875 0.374485 0.590109
0.876 0.102837 0.509783
0.877 -0.0472065 0.422442
0.878 -0.0684104 0.342622
0.879 9.7423e-05 0.281809
0.88 0.0922779 0.245907
0.881 0.142545 0.234499
0.882 0.109679 0.241829
0.883 -0.00952916 0.25902
0.884 -0.17956 0.276878
0.885 -0.339094 0.288523
0.886 -0.42468 0.291022
0.887 -0.396302 0.285397
0.888 -0.253281 0.275074
0.889 -0.0335989 0.263619
0.89 0.201345 0.252924
0.891 0.388334 0.24252
0.892 0.48212 0.229919
0.893 0.468408 0.211538
0.894 0.366923 0.183993
0.895 0.222728 0.145638
0.896 0.0881112 0.0979241
0.897 0.0027891 0.0458191
0.898 -0.0185006 -0.00314075
0.899 0.0132338 -0.0408182
0.9 0.0698318 -0.0604844
0.901 0.118552 -0.0581372
0.902 0.134257 -0.0330695
0.903 0.10838 0.0120932
0.904 0.05179 0.0718991
0.905 -0.0103952 0.139218
0.906 -0.050132 0.206799
0.907 -0.0480651 0.268617
0.908 0.000129896 0.320486
0.909 0.084168 0.359926
0.91 0.18411 0.385749
0.911 0.277037 0.397695
0.912 0.343853 0.396132
0.913 0.374779 0.381781
0.914 0.371313 0.35558
0.915 0.343392 0.318756
0.916 0.30351 0.273046
0.917 0.261508 0.220824
0.918 0.222452 0.165057
0.919 0.18725 0.109159
0.92 0.154308 0.0568441
0.921 0.12126 0.0118563
0.922 0.0867529 -0.0224573
0.923 0.0517737 -0.043617
0.924 0.019406 -0.0503307
0.925 -0.00713416 -0.0426716
0.926 -0.0265475 -0.0222216
0.927 -0.0397874 0.00785912
0.928 -0.0486321 0.0431017
0.929 -0.0539804 0.0785404
0.93 -0.0551403 0.109831
0.931 -0.0501281 0.134126
0.932 -0.0364186 0.150358
0.933 -0.0120771 0.159048
0.934 0.02264 0.161887
0.935 0.0639797 0.161147
0.936 0.105024 0.158881
0.937 0.138042 0.156126
0.938 0.157616 0.152567
0.939 0.162704 0.146992
0.94 0.156792 0.13829
0.941 0.146435 0.126291
0.942 0.138931 0.112005
0.943 0.139621 0.097335
0.944 0.149528 0.0845656
0.945 0.164516 0.0757795
0.946 0.176796 0.0721935
0.947 0.178239 0.0735539
0.948 0.163785 0.0779886
0.949 0.133384 0.0825957
0.95 0.0919563 0.0845294
0.951 0.0477488 0.0819769
0.952 0.00967238 0.0745772
0.953 -0.0156749 0.0632828
0.954 -0.0262496 0.0499254
0.955 -0.0249819 0.0366645
0.956 -0.0180975 0.025372
0.957 -0.012248 0.0170732
0.958 -0.0118816 0.0117112
0.959 -0.0178447 0.00840871
0.96 -0.0274263 0.00607023
0.961 -0.03562 0.0039485
0.962 -0.0372048 0.00190001
0.963 -0.0289664 0.000318943
0.964 -0.0111205 -0.00010747
0.965 0.012748 0.0012919
0.966 0.0371354 0.00485546
0.967 0.0566522 0.0103545
0.968 0.067731 0.01697
0.969 0.069496 0.0235264
0.97 0.0636982 0.0288689
0.971 0.0538331 0.032194
0.972 0.0437302 0.033211
0.973 0.0361457 0.0321257
0.974 0.03196 0.0295006
0.975 0.0302752 0.0260449
0.976 0.0292138 0.0223937
0.977 0.0269332 0.0189528
0.978 0.0224109 0.0158672
0.979 0.0157806 0.0131029
0.98 0.00818967 0.0105703
0.981 0.00127647 0.00821758
0.982 -0.00351587 0.00606664
0.983 -0.00548847 0.00420332
0.984 -0.00486389 0.0027378
0.985 -0.00256712 0.00174881
0.986 0.000219326 0.00123534
0.987 0.0024984 0.00110463
0.988 0.00373508 0.00120499
0.989 0.00390671 0.00138066
0.99 0.00335812 0.0015148
0.991 0.00255451 0.00154478
0.992 0.00185437 0.00145643
0.993 0.00139923 0.00126995
0.994 0.00114061 0.00102385
0.995 0.000949489 0.000759188
0.996 0.000727655 0.00050884
0.997 0.000462745 0.000295207
0.998 0.000213249 0.000133372
0.999 4.99569e-05 3.34099e-05
0.12 4.33206 0.489485
0.24 4.33734 0.492944
0.36 4.34612 0.498684
0.48 4.35836 0.506667
0.6 4.37405 0.516842
0.72 4.39313 0.529143
0.84 4.41554 0.543489
0.96 4.44122 0.559787
1.08 4.4701 0.577933
1.2 4.50208 0.597807
1.32 4.53707 0.619282
1.44 4.57497 0.64222
1.56 4.61567 0.666473
1.68 4.65904 0.691885
1.8 4.70496 0.718294
1.92 4.7533 0.74553
2.04 4.80389 0.773422
2.16 4.85661 0.801791
2.28 4.91129 0.830458
2.4 4.96777 0.859244
2.52 5.02588 0.887968
2.64 5.08545 0.916451
2.76 5.1463 0.944516
2.88 5.20826 0.97199
3 5.27114 0.998705
3.12 5.33475 1.0245
3.24 5.39892 1.04921
3.36 5.46344 1.0727
3.48 5.52814 1.09483
3.6 5.59282 1.11545
3.72 5.65729 1.13447
3.84 5.72137 1.15176
3.96 5.78488 1.16723
4.08 5.84762 1.18079
4.2 5.90943 1.19237
4.32 5.97012 1.20191
4.44 6.02953 1.20936
4.56 6.08749 1.21468
4.68 6.14383 1.21786
4.8 6.19842 1.21889
4.92 6.25109 1.21777
5.04 6.30172 1.21451
5.16 6.35016 1.20915
5.28 6.3963 1.20172
5.4 6.44002 1.19228
5.52 6.48121 1.18089
5.64 6.51978 1.16763
5.76 6.55563 1.15256
5.88 6.5887 1.13579
6 6.61892 1.11741
6.12 6.64623 1.09753
6.24 6.67058 1.07626
6.36 6.69194 1.05372
6.48 6.71028 1.03002
6.6 6.72559 1.0053
6.72 6.73786 0.979678
6.84 6.7471 0.953283
6.96 6.75333 0.926245
7.08 6.75657 0.898695
7.2 6.75687 0.870759
7.32 6.75425 0.842564
7.44 6.74878 0.814234
7.56 6.74052 0.785888
7.68 6.72955 0.757642
7.8 6.71593 0.729607
7.92 6.69975 0.701888
8.04 6.68111 0.674584
8.16 6.6601 0.647788
8.28 6.63683 0.621585
8.4 6.6114 0.596053
8.52 6.58392 0.571263
8.64 6.55451 0.547278
8.76 6.52328 0.524151
8.88 6.49035 0.501928
9 6.45585 0.480649
9.12 6.41988 0.460341
9.24 6.38258 0.441028
9.36 6.34405 0.422721
9.48 6.30443 0.405428
9.6 6.26381 0.389145
9.72 6.22232 0.373864
9.84 6.18005 0.359569
9.96 6.13712 0.346236
10.08 6.09363 0.333836
10.2 6.04966 0.322336
10.32 6.0053 0.311695
10.44 5.96065 0.301868
10.56 5.91576 0.292808
10.68 5.87072 0.284461
10.8 5.82558 0.276772
10.92 5.7804 0.269683
11.04 5.73523 0.263134
11.16 5.6901 0.257064
11.28 5.64505 0.25141
11.4 5.6001 0.246109
11.52 5.55527 0.241098
11.64 5.51057 0.236316
11.76 5.46599 0.231701
11.88 5.42155 0.227194
12 5.37721 0.222736
12.12 5.33297 0.218273
12.24 5.28881 0.213752
12.36 5.24469 0.209123
12.48 5.20057 0.204339
12.6 5.15642 0.199357
12.72 5.11219 0.194138
12.84 5.06784 0.188647
12.96 5.02332 0.182853
13.08 4.97856 0.176727
13.2 4.93352 0.170246
13.32 4.88814 0.163393
13.44 4.84236 0.156153
13.56 4.79611 0.148515
13.68 4.74936 0.140473
13.8 4.70203 0.132026
13.92 4.65408 0.123175
14.04 4.60544 0.113927
14.16 4.55608 0.104291
14.28 4.50593 0.0942804
14.4 4.45497 0.0839127
14.52 4.40315 0.0732075
14.64 4.35044 0.0621878
14.76 4.2968 0.0508795
14.88 4.24222 0.039311
15 4.18667 0.0275128
15.12 4.13015 0.0155177
15.24 4.07264 0.00336041
15.36 4.01415 -0.00892293
15.48 3.95468 -0.0212948
15.6 3.89425 -0.0337164
15.72 3.83288 -0.0461483
15.84 3.77058 -0.0585503
15.96 3.7074 -0.0708817
16.08 3.64338 -0.0831018
16.2 3.57855 -0.0951697
16.32 3.51297 -0.107045
16.44 3.44669 -0.118687
16.56 3.37978 -0.130057
16.68 3.3123 -0.141115
16.8 3.24432 -0.151825
16.92 3.17592 -0.162148
17.04 3.10718 -0.17205
17.16 3.03817 -0.181497
17.28 2.96899 -0.190455
17.4 2.89971 -0.198895
17.52 2.83044 -0.206786
17.64 2.76125 -0.214102
17.76 2.69224 -0.220817
17.88 2.6235 -0.226907
18 2.55513 -0.232352
18.12 2.4872 -0.237132
18.24 2.41981 -0.24123
18.36 2.35305 -0.244632
18.48 2.287 -0.247326
18.6 2.22174 -0.249302
18.72 2.15736 -0.250552
18.84 2.09391 -0.251072
18.96 2.03149 -0.250858
19.08 1.97015 -0.249911
19.2 1.90995 -0.248234
19.32 1.85095 -0.245831
19.44 1.79321 -0.242709
19.56 1.73677 -0.238879
19.68 1.68168 -0.234353
19.8 1.62796 -0.229145
19.92 1.57566 -0.223274
20.04 1.52478 -0.216757
20.16 1.47536 -0.209617
20.28 1.42741 -0.201878
20.4 1.38093 -0.193566
20.52 1.33593 -0.184709
20.64 1.2924 -0.175338
20.76 1.25034 -0.165484
20.88 1.20973 -0.155181
21 1.17056 -0.144465
21.12 1.1328 -0.133374
21.24 1.09642 -0.121945
21.36 1.06141 -0.110219
21.48 1.02772 -0.0982363
21.6 0.995311 -0.0860392
21.72 0.964155 -0.0736706
21.84 0.934204 -0.0611738
21.96 0.905415 -0.048593
22.08 0.877742 -0.0359724
22.2 0.851137 -0.0233565
22.32 0.825553 -0.0107895
22.44 0.800939 0.00168428
22.56 0.777248 0.0140213
22.68 0.754429 0.0261786
22.8 0.732433 0.0381138
22.92 0.711213 0.049786
23.04 0.690719 0.061155
23.16 0.670907 0.0721824
23.28 0.65173 0.0828313
23.4 0.633146 0.0930664
23.52 0.615113 0.102854
23.64 0.597592 0.112164
23.76 0.580544 0.120967
23.88 0.563936 0.129236
24 0.547735 0.136946
24.12 0.531911 0.144078
24.24 0.516435 0.150611
24.36 0.501284 0.15653
24.48 0.486435 0.161822
24.6 0.471869 0.166476
24.72 0.457568 0.170485
24.84 0.443518 0.173845
24.96 0.429707 0.176555
25.08 0.416125 0.178615
25.2 0.402765 0.180032
25.32 0.389621 0.180812
25.44 0.376691 0.180965
25.56 0.363973 0.180505
25.68 0.351468 0.179447
25.8 0.339176 0.177809
25.92 0.327103 0.175613
26.04 0.315251 0.17288
26.16 0.303627 0.169637
26.28 0.292238 0.165909
26.4 0.28109 0.161727
26.52 0.270191 0.15712
26.64 0.259549 0.15212
26.76 0.249173 0.14676
26.88 0.239071 0.141075
27 0.229251 0.135099
27.12 0.219722 0.128867
27.24 0.210491 0.122417
27.36 0.201564 0.115783
27.48 0.19295 0.109002
27.6 0.184653 0.10211
27.72 0.17668 0.0951429
27.84 0.169033 0.0881352
27.96 0.161718 0.0811213
28.08 0.154736 0.0741344
28.2 0.148088 0.0672067
28.32 0.141776 0.0603691
28.44 0.135799 0.0536512
28.56 0.130155 0.047081
28.68 0.124841 0.0406849
28.8 0.119855 0.0344874
28.92 0.115191 0.0285114
29.04 0.110845 0.0227777
29.16 0.106809 0.0173052
29.28 0.103077 0.012111
29.4 0.0996402 0.00720974
29.52 0.0964905 0.00261433
29.64 0.0936182 -0.00166452
29.76 0.0910135 -0.00561813
29.88 0.0886657 -0.00923984
30 0.0865639 -0.012525
30.12 0.0846969 -0.0154709
30.24 0.0830528 -0.0180768
30.36 0.0816199 -0.0203436
30.48 0.0803861 -0.022274
30.6 0.0793392 -0.0238725
30.72 0.078467 -0.025145
30.84 0.0777573 -0.0260989
30.96 0.0771982 -0.026743
31.08 0.0767776 -0.0270872
31.2 0.0764839 -0.0271428
31.32 0.0763055 -0.0269217
31.44 0.0762311 -0.0264371
31.56 0.07625 -0.0257026
31.68 0.0763515 -0.0247328
31.8 0.0765255 -0.0235426
31.92 0.0767622 -0.0221473
32.04 0.0770521 -0.0205627
32.16 0.0773865 -0.0188045
32.28 0.0777567 -0.0168889
32.4 0.0781547 -0.0148317
32.52 0.0785729 -0.0126488
32.64 0.0790041 -0.0103559
32.76 0.0794415 -0.00796829
32.88 0.0798789 -0.00550114
33 0.0803103 -0.00296907
33.12 0.0807303 -0.000386242
33.24 0.0811336 0.00223368
33.36 0.0815157 0.00487761
33.48 0.081872 0.00753307
33.6 0.0821986 0.0101882
33.72 0.0824918 0.0128319
33.84 0.0827482 0.0154536
33.96 0.0829646 0.0180435
34.08 0.0831382 0.0205925
34.2 0.0832665 0.0230923
34.32 0.0833471 0.025535
34.44 0.083378 0.0279138
34.56 0.0833572 0.0302221
34.68 0.0832832 0.0324544
34.8 0.0831545 0.0346056
34.92 0.0829698 0.0366711
35.04 0.082728 0.0386471
35.16 0.0824284 0.0405304
35.28 0.0820702 0.042318
35.4 0.0816529 0.0440077
35.52 0.081176 0.0455977
35.64 0.0806396 0.0470864
35.76 0.0800435 0.048473
35.88 0.0793879 0.0497568
36 0.0786732 0.0509375
36.12 0.0778999 0.052015
36.24 0.0770687 0.0529898
36.36 0.0761804 0.0538624
36.48 0.0752361 0.0546335
36.6 0.074237 0.0553042
36.72 0.0731844 0.0558757
36.84 0.07208 0.0563495
36.96 0.0709255 0.056727
37.08 0.0697226 0.05701
37.2 0.0684735 0.0572003
37.32 0.0671804 0.0572999
37.44 0.0658455 0.0573108
37.56 0.0644712 0.0572353
37.68 0.0630603 0.0570756
37.8 0.0616154 0.0568341
37.92 0.0601392 0.0565133
38.04 0.0586346 0.0561159
38.16 0.0571046 0.0556443
38.28 0.0555521 0.0551014
38.4 0.0539802 0.0544901
38.52 0.0523919 0.0538131
38.64 0.0507903 0.0530736
38.76 0.0491785 0.0522745
38.88 0.0475594 0.051419
39 0.045936 0.0505104
39.12 0.0443111 0.0495519
39.24 0.0426878 0.0485468
39.36 0.0410685 0.0474986
39.48 0.039456 0.0464108
39.6 0.0378527 0.0452868
39.72 0.0362611 0.0441302
39.84 0.0346832 0.0429446
39.96 0.0331211 0.0417335
40.08 0.0315766 0.0405007
40.2 0.0300516 0.0392496
40.32 0.0285475 0.037984
40.44 0.0270656 0.0367073
40.56 0.0256071 0.0354231
40.68 0.024173 0.034135
40.8 0.022764 0.0328463
40.92 0.0213808 0.0315603
41.04 0.0200238 0.0302804
41.16 0.0186933 0.0290096
41.28 0.0173895 0.0277511
41.4 0.0161123 0.0265076
41.52 0.0148617 0.025282
41.64 0.0136373 0.0240769
41.76 0.0124388 0.0228947
41.88 0.0112657 0.0217377
42 0.0101177 0.0206079
42.12 0.00899397 0.0195074
42.24 0.00789405 0.0184377
42.36 0.00681728 0.0174004
42.48 0.00576301 0.0163968
42.6 0.0047306 0.015428
42.72 0.00371945 0.0144949
42.84 0.00272896 0.0135983
42.96 0.00175863 0.0127387
43.08 0.000807968 0.0119163
43.2 -0.000123411 0.0111313
43.32 -0.00103583 0.0103837
43.44 -0.00192951 0.00967319
43.56 -0.00280458 0.00899946
43.68 -0.00366109 0.00836196
43.8 -0.00449895 0.00776
43.92 -0.00531799 0.00719279
44.04 -0.00611794 0.00665941
44.16 -0.00689842 0.00615882
44.28 -0.00765894 0.00568992
44.4 -0.00839894 0.00525151
44.52 -0.00911777 0.00484233
44.64 -0.00981467 0.00446109
44.76 -0.0104889 0.00410643
44.88 -0.0111395 0.003777
45 -0.0117656 0.00347142
45.12 -0.0123663 0.00318831
45.24 -0.0129406 0.00292631
45.36 -0.0134876 0.00268408
45.48 -0.0140062 0.00246032
45.6 -0.0144956 0.00225376
45.72 -0.0149549 0.00206318
45.84 -0.0153831 0.00188744
45.96 -0.0157795 0.00172542
46.08 -0.0161434 0.00157611
46.2 -0.0164741 0.00143854
46.32 -0.0167711 0.00131182
46.44 -0.017034 0.00119515
46.56 -0.0172625 0.00108779
46.68 -0.0174563 0.000989069
46.8 -0.0176155 0.000898402
46.92 -0.0177401 0.000815269
47.04 -0.0178303 0.000739218
47.16 -0.0178864 0.00066986
47.28 -0.017909 0.000606866
47.4 -0.0178988 0.000549963
47.52 -0.0178564 0.000498925
47.64 -0.0177828 0.000453571
47.76 -0.0176789 0.000413758
47.88 -0.017546 0.000379374
48 -0.0173853 0.000350335
48.12 -0.0171981 0.000326575
48.24 -0.0169859 0.000308042
48.36 -0.0167501 0.000294696
48.48 -0.0164924 0.000286497
48.6 -0.0162144 0.000283404
48.72 -0.0159176 0.000285373
48.84 -0.0156039 0.000292347
48.96 -0.0152748 0.000304257
49.08 -0.0149321 0.000321018
49.2 -0.0145775 0.000342526
49.32 -0.0142125 0.000368658
49.44 -0.0138388 0.000399268
49.56 -0.0134578 0.00043419
49.68 -0.0130711 0.000473234
49.8 -0.01268 0.000516192
49.92 -0.0122859 0.000562832
50.04 -0.0118899 0.000612906
50.16 -0.0114931 0.000666149
50.28 -0.0110965 0.000722283
50.4 -0.0107011 0.000781016
50.52 -0.0103075 0.000842051
50.64 -0.00991647 0.000905084
50.76 -0.00952854 0.000969809
50.88 -0.00914413 0.00103592
51 -0.00876357 0.00110313
51.12 -0.00838708 0.00117114
51.24 -0.0080148 0.00123967
51.36 -0.00764676 0.00130847
51.48 -0.0072829 0.00137729
51.6 -0.00692313 0.00144591
51.72 -0.00656724 0.00151413
51.84 -0.006215 0.00158177
51.96 -0.00586614 0.0016487
52.08 -0.00552035 0.00171479
52.2 -0.0051773 0.00177996
52.32 -0.00483665 0.00184414
52.44 -0.00449808 0.00190732
52.56 -0.00416127 0.00196948
52.68 -0.00382592 0.00203066
52.8 -0.0034918 0.00209091
52.92 -0.00315869 0.00215032
53.04 -0.00282645 0.00220899
53.16 -0.00249499 0.00226704
53.28 -0.00216431 0.00232461
53.4 -0.00183447 0.00238187
53.52 -0.00150562 0.00243898
53.64 -0.001178 0.00249612
53.76 -0.000851928 0.00255347
53.88 -0.000527826 0.00261122
54 -0.0002062 0.00266955
54.12 0.000112355 0.00272864
54.24 0.000427158 0.00278866
54.36 0.000737445 0.00284975
54.48 0.00104237 0.00291208
54.6 0.00134103 0.00297575
54.72 0.00163245 0.00304088
54.84 0.00191559 0.00310754
54.96 0.00218938 0.00317579
55.08 0.00245271 0.00324568
55.2 0.00270444 0.0033172
55.32 0.00294341 0.00339032
55.44 0.00316848 0.00346502
55.56 0.00337851 0.0035412
55.68 0.00357236 0.00361877
55.8 0.00374895 0.0036976
55.92 0.00390724 0.00377753
56.04 0.00404624 0.0038584
56.16 0.00416503 0.00394
56.28 0.00426276 0.00402212
56.4 0.0043387 0.00410453
56.52 0.00439217 0.004187
56.64 0.00442264 0.00426926
56.76 0.00442965 0.00435106
56.88 0.00441291 0.00443213
57 0.0043722 0.00451222
57.12 0.00430747 0.00459105
57.24 0.00421879 0.00466839
57.36 0.00410634 0.00474397
57.48 0.00397046 0.00481757
57.6 0.00381161 0.00488898
57.72 0.00363039 0.00495799
57.84 0.00342751 0.00502442
57.96 0.00320382 0.00508812
58.08 0.00296027 0.00514895
58.2 0.00269794 0.0052068
58.32 0.002418 0.0052616
58.44 0.00212171 0.00531329
58.56 0.00181043 0.00536185
58.68 0.00148559 0.00540727
58.8 0.00114868 0.00544959
58.92 0.000801257 0.00548886
59.04 0.000444915 0.00552517
59.16 8.12829e-05 0.00555862
59.28 -0.000287989 0.00558934
59.4 -0.00066124 0.00561748
59.52 -0.00103681 0.00564321
59.64 -0.00141305 0.00566671
59.76 -0.00178833 0.00568819
59.88 -0.00216105 0.00570784
60 -0.00252968 0.00572589
60.12 -0.00289269 0.00574256
60.24 -0.00324866 0.00575808
60.36 -0.00359621 0.00577267
60.48 -0.00393404 0.00578654
60.6 -0.00426093 0.00579992
60.72 -0.00457575 0.00581302
60.84 -0.00487745 0.00582601
60.96 -0.00516508 0.0058391
61.08 -0.0054378 0.00585243
61.2 -0.00569485 0.00586617
61.32 -0.00593557 0.00588045
61.44 -0.0061594 0.00589537
61.56 -0.00636589 0.00591102
61.68 -0.00655468 0.00592749
61.8 -0.00672549 0.00594481
61.92 -0.00687814 0.00596301
62.04 -0.00701256 0.0059821
62.16 -0.00712874 0.00600207
62.28 -0.00722674 0.00602288
62.4 -0.00730672 0.00604448
62.52 -0.0073689 0.00606681
62.64 -0.00741355 0.00608977
62.76 -0.00744101 0.00611328
62.88 -0.00745167 0.00613722
63 -0.00744597 0.00616147
63.12 -0.00742438 0.0061859
63.24 -0.00738742 0.00621039
63.36 -0.00733562 0.00623479
63.48 -0.00726956 0.00625896
63.6 -0.0071898 0.00628277
63.72 -0.00709695 0.00630608
63.84 -0.00699161 0.00632874
63.96 -0.00687439 0.00635065
64.08 -0.0067459 0.00637165
64.2 -0.00660676 0.00639165
64.32 -0.00645757 0.00641054
64.44 -0.00629893 0.0064282
64.56 -0.00613143 0.00644455
64.68 -0.00595564 0.0064595
64.8 -0.00577213 0.00647298
64.92 -0.00558146 0.00648493
65.04 -0.00538416 0.00649527
65.16 -0.00518075 0.00650395
65.28 -0.00497175 0.00651092
65.4 -0.00475766 0.00651614
65.52 -0.00453894 0.00651954
65.64 -0.00431608 0.0065211
65.76 -0.00408952 0.00652075
65.88 -0.00385971 0.00651844
66 -0.00362709 0.00651411
66.12 -0.00339206 0.00650768
66.24 -0.00315505 0.00649907
66.36 -0.00291645 0.00648818
66.48 -0.00267666 0.0064749
66.6 -0.00243606 0.00645911
66.72 -0.00219502 0.00644064
66.84 -0.00195392 0.00641934
66.96 -0.00171311 0.00639501
67.08 -0.00147294 0.00636744
67.2 -0.00123374 0.0063364
67.32 -0.000995859 0.00630161
67.44 -0.000759598 0.00626282
67.56 -0.000525265 0.0062197
67.68 -0.000293151 0.00617193
67.8 -6.35295e-05 0.00611918
67.92 0.000163344 0.00606108
68.04 0.000387232 0.00599724
68.16 0.000607921 0.00592729
68.28 0.00082522 0.00585081
68.4 0.00103897 0.0057674
68.52 0.00124902 0.00567666
68.64 0.00145528 0.00557817
68.76 0.00165767 0.00547153
68.88 0.00185616 0.00535636
69 0.00205074 0.00523226
69.12 0.00224145 0.00509889
69.24 0.00242837 0.00495593
69.36 0.00261162 0.00480305
69.48 0.00279137 0.00464001
69.6 0.00296781 0.00446659
69.72 0.00314121 0.00428259
69.84 0.00331185 0.00408789
69.96 0.00348009 0.00388243
70.08 0.0036463 0.00366619
70.2 0.00381093 0.00343921
70.32 0.00397444 0.00320161
70.44 0.00413734 0.00295357
70.56 0.00430021 0.00269536
70.68 0.00446363 0.00242729
70.8 0.00462823 0.00214978
70.92 0.00479468 0.00186329
71.04 0.00496368 0.00156838
71.16 0.00513595 0.00126568
71.28 0.00531224 0.000955892
71.4 0.00549332 0.000639782
71.52 0.00567997 0.000318191
71.64 0.005873 -7.97756e-06
71.76 0.00607321 -0.000337759
71.88 0.00628142 -0.000670134
72 0.00649844 -0.00100403
72.12 0.00672509 -0.00133834
72.24 0.00696217 -0.0016719
72.36 0.00721047 -0.00200353
72.48 0.00747077 -0.00233202
72.6 0.00774383 -0.00265616
72.72 0.00803038 -0.00297471
72.84 0.00833112 -0.00328644
72.96 0.00864675 -0.00359013
73.08 0.00897789 -0.00388459
73.2 0.00932515 -0.00416863
73.32 0.0096891 -0.00444113
73.44 0.0100703 -0.00470098
73.56 0.0104691 -0.00494715
73.68 0.010886 -0.00517867
73.8 0.0113215 -0.00539461
73.92 0.0117757 -0.00559415
74.04 0.0122491 -0.00577654
74.16 0.0127417 -0.00594112
74.28 0.0132539 -0.00608733
74.4 0.0137855 -0.0062147
74.52 0.0143369 -0.00632289
74.64 0.0149078 -0.00641165
74.76 0.0154983 -0.00648084
74.88 0.0161082 -0.00653045
75 0.0167374 -0.00656058
75.12 0.0173856 -0.00657143
75.24 0.0180526 -0.00656336
75.36 0.0187379 -0.0065368
75.48 0.0194411 -0.00649231
75.6 0.0201619 -0.00643057
75.72 0.0208998 -0.00635236
75.84 0.021654 -0.00625856
75.96 0.0224241 -0.00615014
76.08 0.0232094 -0.00602819
76.2 0.0240091 -0.00589384
76.32 0.0248225 -0.00574834
76.44 0.0256489 -0.00559299
76.56 0.0264873 -0.00542915
76.68 0.0273369 -0.00525824
76.8 0.0281967 -0.00508172
76.92 0.0290658 -0.00490108
77.04 0.0299432 -0.00471785
77.16 0.0308278 -0.00453356
77.28 0.0317186 -0.00434975
77.4 0.0326145 -0.00416797
77.52 0.0335143 -0.00398975
77.64 0.0344169 -0.00381657
77.76 0.035321 -0.00364993
77.88 0.0362255 -0.00349125
78 0.0371291 -0.00334193
78.12 0.0380307 -0.00320328
78.24 0.0389288 -0.00307659
78.36 0.0398222 -0.00296305
78.48 0.0407096 -0.00286378
78.6 0.0415897 -0.00277984
78.72 0.0424611 -0.00271218
78.84 0.0433226 -0.00266168
78.96 0.0441727 -0.00262912
79.08 0.04501 -0.0026152
79.2 0.0458333 -0.0026205
79.32 0.0466412 -0.00264555
79.44 0.0474322 -0.00269074
79.56 0.048205 -0.0027564
79.68 0.0489581 -0.00284276
79.8 0.0496903 -0.00294996
79.92 0.0504001 -0.00307807
80.04 0.0510861 -0.00322708
80.16 0.0517469 -0.0033969
80.28 0.0523811 -0.00358737
80.4 0.0529872 -0.00379829
80.52 0.0535639 -0.00402939
80.64 0.0541097 -0.00428037
80.76 0.054623 -0.00455089
80.88 0.0551026 -0.00484057
81 0.0555468 -0.00514903
81.12 0.0559542 -0.00547586
81.24 0.0563231 -0.00582068
81.36 0.0566522 -0.00618309
81.48 0.0569397 -0.00656272
81.6 0.0571841 -0.00695923
81.72 0.0573836 -0.0073723
81.84 0.0575366 -0.00780168
81.96 0.0576413 -0.00824717
82.08 0.057696 -0.0087086
82.2 0.0576989 -0.00918591
82.32 0.0576479 -0.00967909
82.44 0.0575414 -0.0101882
82.56 0.0573771 -0.0107135
82.68 0.0571533 -0.0112551
82.8 0.0568677 -0.0118135
82.92 0.0565183 -0.0123891
83.04 0.056103 -0.0129825
83.16 0.0556195 -0.0135944
83.28 0.0550657 -0.0142254
83.4 0.0544394 -0.0148766
83.52 0.0537382 -0.015549
83.64 0.0529601 -0.0162435
83.76 0.0521027 -0.0169614
83.88 0.0511637 -0.0177041
84 0.0501412 -0.0184728
84.12 0.0490328 -0.0192691
84.24 0.0478366 -0.0200945
84.36 0.0465505 -0.0209507
84.48 0.0451727 -0.0218393
84.6 0.0437013 -0.0227621
84.72 0.0421349 -0.0237208
84.84 0.0404719 -0.0247173
84.96 0.0387111 -0.0257534
85.08 0.0368514 -0.0268309
85.2 0.0348921 -0.0279517
85.32 0.0328325 -0.0291177
85.44 0.0306725 -0.0303304
85.56 0.0284121 -0.0315918
85.68 0.0260517 -0.0329035
85.8 0.0235922 -0.0342671
85.92 0.0210346 -0.035684
86.04 0.0183806 -0.0371556
86.16 0.0156323 -0.0386833
86.28 0.0127921 -0.0402681
86.4 0.00986291 -0.041911
86.52 0.00684832 -0.0436128
86.64 0.00375228 -0.0453741
86.76 0.000579293 -0.0471953
86.88 -0.00266559 -0.0490766
87 -0.00597678 -0.051018
87.12 -0.00934813 -0.0530192
87.24 -0.012773 -0.0550796
87.36 -0.016244 -0.0571985
87.48 -0.0197536 -0.0593748
87.6 -0.0232934 -0.0616072
87.72 -0.0268545 -0.063894
87.84 -0.0304277 -0.0662334
87.96 -0.0340032 -0.068623
88.08 -0.0375707 -0.0710603
88.2 -0.0411197 -0.0735426
88.32 -0.0446392 -0.0760665
88.44 -0.0481177 -0.0786288
88.56 -0.0515436 -0.0812254
88.68 -0.0549051 -0.0838525
88.8 -0.0581899 -0.0865056
88.92 -0.061386 -0.0891799
89.04 -0.0644809 -0.0918706
89.16 -0.0674624 -0.0945723
89.28 -0.0703179 -0.0972795
89.4 -0.0730354 -0.0999864
89.52 -0.0756027 -0.102687
89.64 -0.078008 -0.105375
89.76 -0.0802397 -0.108044
89.88 -0.0822865 -0.110687
90 -0.0841378 -0.113297
90.12 -0.0857831 -0.115868
90.24 -0.0872128 -0.118392
90.36 -0.0884177 -0.120862
90.48 -0.0893893 -0.123271
90.6 -0.0901199 -0.12561
90.72 -0.0906025 -0.127874
90.84 -0.090831 -0.130054
90.96 -0.0908002 -0.132143
91.08 -0.0905056 -0.134133
91.2 -0.089944 -0.136018
91.32 -0.0891128 -0.13779
91.44 -0.0880108 -0.139442
91.56 -0.0866374 -0.140968
91.68 -0.0849934 -0.14236
91.8 -0.0830803 -0.143614
91.92 -0.0809009 -0.144721
92.04 -0.0784588 -0.145677
92.16 -0.0757589 -0.146477
92.28 -0.0728066 -0.147114
92.4 -0.0696088 -0.147585
92.52 -0.0661728 -0.147886
92.64 -0.062507 -0.148012
92.76 -0.0586207 -0.14796
92.88 -0.0545238 -0.147728
93 -0.050227 -0.147313
93.12 -0.0457414 -0.146713
93.24 -0.0410789 -0.145927
93.36 -0.0362518 -0.144956
93.48 -0.0312728 -0.143798
93.6 -0.0261549 -0.142454
93.72 -0.0209113 -0.140926
93.84 -0.0155554 -0.139216
93.96 -0.0101007 -0.137326
94.08 -0.00456057 -0.135258
94.2 0.00105163 -0.133018
94.32 0.00672277 -0.130609
94.44 0.01244 -0.128037
94.56 0.0181907 -0.125306
94.68 0.0239629 -0.122424
94.8 0.0297449 -0.119396
94.92 0.0355257 -0.116231
95.04 0.0412947 -0.112937
95.16 0.0470422 -0.109521
95.28 0.0527591 -0.105992
95.4 0.0584369 -0.10236
95.52 0.0640681 -0.0986347
95.64 0.0696459 -0.0948259
95.76 0.0751642 -0.0909442
95.88 0.0806178 -0.0870003
96 0.0860023 -0.083005
96.12 0.0913139 -0.0789695
96.24 0.0965498 -0.0749052
96.36 0.101708 -0.0708233
96.48 0.106786 -0.0667353
96.6 0.111784 -0.0626526
96.72 0.116702 -0.0585865
96.84 0.121538 -0.0545483
96.96 0.126295 -0.0505489
97.08 0.130973 -0.0465991
97.2 0.135573 -0.0427095
97.32 0.140097 -0.0388902
97.44 0.144546 -0.0351509
97.56 0.148922 -0.031501
97.68 0.153225 -0.0279492
97.8 0.157458 -0.0245038
97.92 0.161621 -0.0211724
98.04 0.165715 -0.017962
98.16 0.169739 -0.0148791
98.28 0.173694 -0.0119291
98.4 0.177578 -0.00911695
98.52 0.18139 -0.00644675
98.64 0.185126 -0.00392176
98.76 0.188783 -0.00154443
98.88 0.192357 0.000683627
99 0.195841 0.00276165
99.12 0.199231 0.00468974
99.24 0.202518 0.00646885
99.36 0.205693 0.00810079
99.48 0.208748 0.00958821
99.6 0.211671 0.0109346
99.72 0.214451 0.0121442
99.84 0.217075 0.0132222
99.96 0.21953 0.0141742
100.08 0.2218 0.0150069
100.2 0.223872 0.0157275
100.32 0.225727 0.0163436
100.44 0.227351 0.0168638
100.56 0.228725 0.0172969
100.68 0.229832 0.0176522
100.8 0.230654 0.0179395
100.92 0.231172 0.0181687
101.04 0.231369 0.0183502
101.16 0.231227 0.0184943
101.28 0.230728 0.0186117
101.4 0.229854 0.0187128
101.52 0.228589 0.0188082
101.64 0.226917 0.0189081
101.76 0.224823 0.0190227
101.88 0.222294 0.0191617
102 0.219317 0.0193346
102.12 0.215881 0.0195502
102.24 0.211977 0.019817
102.36 0.207598 0.0201427
102.48 0.202737 0.0205344
102.6 0.19739 0.0209984
102.72 0.191558 0.0215402
102.84 0.18524 0.0221645
102.96 0.178439 0.022875
103.08 0.171162 0.0236744
103.2 0.163417 0.0245645
103.32 0.155214 0.0255459
103.44 0.146566 0.0266182
103.56 0.137491 0.02778
103.68 0.128006 0.0290287
103.8 0.118133 0.0303607
103.92 0.107896 0.0317711
104.04 0.0973206 0.0332542
104.16 0.086436 0.034803
104.28 0.0752731 0.0364096
104.4 0.0638653 0.0380651
104.52 0.0522478 0.0397595
104.64 0.0404579 0.0414822
104.76 0.0285345 0.0432216
104.88 0.016518 0.0449652
105 0.00445048 0.0467001
105.12 -0.00762525 0.0484127
105.24 -0.0196653 0.0500887
105.36 -0.031625 0.0517136
105.48 -0.0434595 0.0532726
105.6 -0.0551235 0.0547505
105.72 -0.066572 0.0561322
105.84 -0.0777603 0.0574024
105.96 -0.0886442 0.0585461
106.08 -0.0991805 0.0595485
106.2 -0.109327 0.0603949
106.32 -0.119043 0.0610715
106.44 -0.128289 0.0615646
106.56 -0.137029 0.0618616
106.68 -0.145226 0.0619504
106.8 -0.152849 0.06182
106.92 -0.159866 0.0614602
107.04 -0.166251 0.0608621
107.16 -0.171978 0.0600178
107.28 -0.177026 0.0589209
107.4 -0.181377 0.057566
107.52 -0.185015 0.0559495
107.64 -0.187929 0.054069
107.76 -0.19011 0.0519238
107.88 -0.191554 0.0495145
108 -0.19226 0.0468436
108.12 -0.19223 0.0439151
108.24 -0.191471 0.0407345
108.36 -0.189991 0.0373091
108.48 -0.187804 0.0336478
108.6 -0.184925 0.0297609
108.72 -0.181376 0.0256603
108.84 -0.177178 0.0213597
108.96 -0.172358 0.0168739
109.08 -0.166943 0.0122192
109.2 -0.160966 0.00741314
109.32 -0.15446 0.00247465
109.44 -0.14746 -0.00257636
109.56 -0.140005 -0.00771894
109.68 -0.132135 -0.0129312
109.8 -0.123891 -0.0181905
109.92 -0.115314 -0.0234736
110.04 -0.10645 -0.0287566
110.16 -0.0973412 -0.0340153
110.28 -0.0880332 -0.0392252
110.4 -0.0785708 -0.0443617
110.52 -0.0689987 -0.0494003
110.64 -0.0593615 -0.0543166
110.76 -0.049703 -0.0590866
110.88 -0.0400665 -0.0636867
111 -0.0304939 -0.068094
111.12 -0.021026 -0.0722862
111.24 -0.011702 -0.0762421
111.36 -0.00255957 -0.0799413
111.48 0.00636573 -0.0833647
111.6 0.0150402 -0.0864945
111.72 0.0234325 -0.0893139
111.84 0.0315135 -0.091808
111.96 0.0392566 -0.0939633
112.08 0.0466375 -0.0957678
112.2 0.0536348 -0.0972113
112.32 0.0602296 -0.0982854
112.44 0.0664058 -0.0989835
112.56 0.0721498 -0.0993007
112.68 0.0774509 -0.0992342
112.8 0.0823008 -0.0987829
112.92 0.0866941 -0.0979476
113.04 0.0906277 -0.0967309
113.16 0.0941012 -0.0951375
113.28 0.0971164 -0.0931734
113.4 0.0996773 -0.090847
113.52 0.10179 -0.0881677
113.64 0.103464 -0.085147
113.76 0.104707 -0.0817977
113.88 0.105533 -0.0781341
114 0.105954 -0.0741719
114.12 0.105985 -0.0699279
114.24 0.105642 -0.06542
114.36 0.104942 -0.0606673
114.48 0.103903 -0.0556895
114.6 0.102542 -0.0505071
114.72 0.100879 -0.0451414
114.84 0.0989332 -0.0396139
114.96 0.0967236 -0.0339466
115.08 0.0942697 -0.0281614
115.2 0.0915907 -0.0222806
115.32 0.0887054 -0.0163262
115.44 0.0856326 -0.01032
115.56 0.0823901 -0.00428335
115.68 0.0789953 0.00176267
115.8 0.0754649 0.00779775
115.92 0.0718147 0.0138023
116.04 0.0680598 0.0197574
116.16 0.0642141 0.0256453
116.28 0.0602908 0.031449
116.4 0.056302 0.0371529
116.52 0.0522587 0.0427422
116.64 0.0481712 0.0482035
116.76 0.0440485 0.0535248
116.88 0.039899 0.0586952
117 0.0357297 0.0637053
117.12 0.0315472 0.0685468
117.24 0.027357 0.073213
117.36 0.0231641 0.0776984
117.48 0.0189726 0.081999
117.6 0.0147861 0.086112
117.72 0.0106077 0.0900358
117.84 0.00644017 0.0937702
117.96 0.0022858 0.097316
118.08 -0.00185324 0.100675
118.2 -0.00597493 0.103851
118.32 -0.0100773 0.106847
118.44 -0.0141584 0.109668
118.56 -0.018216 0.112319
118.68 -0.0222478 0.114808
118.8 -0.0262512 0.117141
118.92 -0.0302231 0.119325
119.04 -0.0341602 0.121368
119.16 -0.0380585 0.123278
119.28 -0.0419138 0.125063
119.4 -0.0457209 0.126731
119.52 -0.0494745 0.128291
119.64 -0.0531685 0.12975
119.76 -0.0567963 0.131116
119.88 -0.0603505 0.132398
120 -0.0638234 0.133601
