-0.999 -5.21708e-05 -2.89373e-05
-0.998 -0.00023034 -0.000120279
-0.997 -0.000526036 -0.000277745
-0.996 -0.00087692 -0.000491693
-0.995 -0.00120425 -0.000730821
-0.994 -0.00147071 -0.000944741
-0.993 -0.00171641 -0.0010804
-0.992 -0.00204263 -0.00110721
-0.991 -0.00254371 -0.00103798
-0.99 -0.00321492 -0.000930515
-0.989 -0.00388295 -0.00086236
-0.988 -0.00421596 -0.000889699
-0.987 -0.00385147 -0.00101623
-0.986 -0.00261306 -0.00119643
-0.985 -0.000707154 -0.00137935
-0.984 0.00122445 -0.00157606
-0.983 0.00224414 -0.00191707
-0.982 0.00139635 -0.00266289
-0.981 -0.00197086 -0.00414366
-0.98 -0.00792766 -0.00663203
-0.979 -0.0158274 -0.010193
-0.978 -0.0244293 -0.0145829
-0.977 -0.0323128 -0.0192607
-0.976 -0.0384279 -0.023525
-0.975 -0.0424915 -0.0267333
-0.974 -0.0450124 -0.0285206
-0.973 -0.0469671 -0.0289252
-0.972 -0.0493108 -0.0283552
-0.971 -0.0524873 -0.0273838
-0.97 -0.0560392 -0.0264451
-0.969 -0.058475 -0.0255736
-0.968 -0.0575995 -0.024338
-0.967 -0.0513306 -0.0220252
-0.966 -0.038677 -0.0180047
-0.965 -0.0203751 -0.0121247
-0.964 0.00111204 -0.00497528
-0.963 0.0221551 0.00210128
-0.962 0.0388353 0.00731581
-0.961 0.0479594 0.00900919
-0.96 0.0480326 0.00630767
-0.959 0.0398329 -0.000454579
-0.958 0.0261902 -0.00979644
-0.957 0.0109223 -0.0196382
-0.956 -0.0026043 -0.028089
-0.955 -0.0126225 -0.0341404
-0.954 -0.0194404 -0.0380176
-0.953 -0.0252414 -0.0410779
-0.952 -0.0333045 -0.0452552
-0.951 -0.0467282 -0.0521754
-0.95 -0.0669712 -0.0622688
-0.949 -0.0928476 -0.0743535
-0.948 -0.120578 -0.0860159
-0.947 -0.144958 -0.0946757
-0.946 -0.161092 -0.0988082
-0.945 -0.16598 -0.0987204
-0.944 -0.15958 -0.0965641
-0.943 -0.145128 -0.0956236
-0.942 -0.128481 -0.0991104
-0.941 -0.116359 -0.108798
-0.94 -0.11395 -0.123984
-0.939 -0.122886 -0.141342
-0.938 -0.140468 -0.15594
-0.937 -0.16035 -0.163087
-0.936 -0.174277 -0.160161
-0.935 -0.174388 -0.147545
-0.934 -0.155702 -0.128297
-0.933 -0.118165 -0.106824
-0.932 -0.0673268 -0.0871173
-0.931 -0.0129508 -0.0712097
-0.93 0.0340508 -0.058439
-0.929 0.0651023 -0.0459305
-0.928 0.0765219 -0.0302629
-0.927 0.0704523 -0.00968503
-0.926 0.054022 0.0141829
-0.925 0.0368055 0.0361066
-0.924 0.0269935 0.0486972
-0.923 0.0274937 0.0450007
-0.922 0.0337999 0.0211635
-0.921 0.0349836 -0.0218847
-0.92 0.0176751 -0.0784135
-0.919 -0.0285264 -0.139614
-0.918 -0.106273 -0.19647
-0.917 -0.207972 -0.24267
-0.916 -0.316492 -0.276343
-0.915 -0.409208 -0.299871
-0.914 -0.464549 -0.317887
-0.913 -0.469003 -0.334341
-0.912 -0.421916 -0.34989
-0.911 -0.335955 -0.360841
-0.91 -0.232875 -0.360276
-0.909 -0.136172 -0.341079
-0.908 -0.0633861 -0.299592
-0.907 -0.0208058 -0.238201
-0.906 -0.00234163 -0.165546
-0.905 0.00710517 -0.0942293
-0.904 0.0248687 -0.0369921
-0.903 0.0626827 -0.00274539
-0.902 0.120734 0.00621164
-0.901 0.186123 -0.00527503
-0.9 0.236716 -0.0274008
-0.899 0.249213 -0.0497253
-0.898 0.208325 -0.0658184
-0.897 0.1135 -0.0758599
-0.896 -0.019234 -0.0857614
-0.895 -0.160892 -0.103411
-0.894 -0.277466 -0.134136
-0.893 -0.339875 -0.177428
-0.892 -0.332898 -0.226054
-0.891 -0.260005 -0.267813
-0.89 -0.142061 -0.28966
-0.889 -0.0101602 -0.283166
-0.888 0.104546 -0.249164
-0.887 0.18005 -0.198887
-0.886 0.2088 -0.150354
-0.885 0.19804 -0.121501
-0.884 0.165421 -0.123436
-0.883 0.131135 -0.1568
-0.882 0.109099 -0.21228
-0.881 0.100695 -0.274631
-0.88 0.0939265 -0.328743
-0.879 0.0682903 -0.365891
-0.878 0.0028863 -0.387744
-0.877 -0.115611 -0.405766
-0.876 -0.28731 -0.435543
-0.875 -0.496872 -0.488426
-0.874 -0.715614 -0.56463
-0.873 -0.908142 -0.651184
-0.872 -1.04164 -0.72568
-0.871 -1.09414 -0.764162
-0.87 -1.05889 -0.75018
-0.869 -0.944453 -0.681794
-0.868 -0.772142 -0.57371
-0.867 -0.571619 -0.453063
-0.866 -0.374466 -0.349976
-0.865 -0.206435 -0.286539
-0.864 -0.0811962 -0.26879
-0.863 0.00164844 -0.285007
-0.862 0.0543302 -0.311003
-0.861 0.0963871 -0.320353
-0.86 0.148955 -0.295719
-0.859 0.227658 -0.236808
-0.858 0.334923 -0.161342
-0.857 0.455233 -0.0981642
-0.856 0.557433 -0.0753153
-0.855 0.604546 -0.108212
-0.854 0.566804 -0.192762
-0.853 0.432765 -0.305925
-0.852 0.215949 -0.413433
-0.851 -0.044518 -0.482238
-0.85 -0.291563 -0.493643
-0.849 -0.466936 -0.451952
-0.848 -0.532706 -0.384166
-0.847 -0.488161 -0.329967
-0.846 -0.373244 -0.326215
-0.845 -0.256403 -0.392867
-0.844 -0.211999 -0.525839
-0.843 -0.294729 -0.698573
-0.842 -0.517708 -0.870846
-0.841 -0.841307 -1.00194
-0.84 -1.17972 -1.06444
-0.839 -1.42687 -1.05368
-0.838 -1.49362 -0.988277
-0.837 -1.34097 -0.90042
-0.836 -0.995495 -0.820393
-0.835 -0.541682 -0.763035
-0.834 -0.095045 -0.72218
-0.833 0.235906 -0.674274
-0.832 0.387878 -0.588458
-0.831 0.36762 -0.439265
-0.83 0.251328 -0.218363
-0.829 0.155767 0.058417
-0.828 0.191332 0.35232
-0.827 0.41586 0.612191
-0.826 0.806971 0.790501
-0.825 1.26237 0.857651
-0.824 1.62871 0.808395
-0.823 1.7517 0.659064
-0.822 1.53209 0.438662
-0.821 0.966154 0.178229
-0.82 0.153779 -0.0981982
-0.819 -0.730402 -0.378776
-0.818 -1.49227 -0.663537
-0.817 -1.98032 -0.958266
-0.816 -2.13389 -1.26508
-0.815 -2.00173 -1.57472
-0.814 -1.72277 -1.86493
-0.813 -1.47321 -2.10563
-0.812 -1.39859 -2.26756
-0.811 -1.55821 -2.33047
-0.81 -1.90299 -2.28771
-0.809 -2.29373 -2.14679
-0.808 -2.55156 -1.92638
-0.807 -2.52365 -1.65088
-0.806 -2.14296 -1.34448
-0.805 -1.46094 -1.02726
-0.804 -0.63783 -0.715068
-0.803 0.109375 -0.422152
-0.802 0.581271 -0.163994
-0.801 0.663069 0.041967
-0.8 0.360531 0.178598
-0.799 -0.204394 0.233436
-0.798 -0.834633 0.203384
-0.797 -1.32316 0.0975888
-0.796 -1.52251 -0.0635171
-0.795 -1.3943 -0.253779
-0.794 -1.01855 -0.449483
-0.793 -0.559018 -0.636091
-0.792 -0.20059 -0.810462
-0.791 -0.0843282 -0.978209
-0.79 -0.261579 -1.1477
-0.789 -0.678994 -1.32266
-0.788 -1.19794 -1.49552
-0.787 -1.64284 -1.6444
-0.786 -1.86283 -1.73704
-0.785 -1.78402 -1.74194
-0.784 -1.43246 -1.64209
-0.783 -0.921962 -1.44406
-0.782 -0.415452 -1.17814
-0.781 -0.0745383 -0.890683
-0.78 -0.0110041 -0.632194
-0.779 -0.253268 -0.444118
-0.778 -0.739255 -0.346876
-0.777 -1.33918 -0.333062
-0.776 -1.89904 -0.370499
-0.775 -2.28753 -0.416228
-0.774 -2.43124 -0.435621
-0.773 -2.33166 -0.41733
-0.772 -2.06352 -0.377897
-0.771 -1.75397 -0.35577
-0.77 -1.54471 -0.397801
-0.769 -1.54685 -0.541901
-0.768 -1.80499 -0.800111
-0.767 -2.28325 -1.14804
-0.766 -2.87479 -1.52652
-0.765 -3.42816 -1.85696
-0.764 -3.78423 -2.06506
-0.763 -3.81872 -2.10378
-0.762 -3.4823 -1.96734
-0.761 -2.82342 -1.69218
-0.76 -1.98055 -1.34448
-0.759 -1.14313 -0.998162
-0.758 -0.495189 -0.710941
-0.757 -0.160743 -0.507157
-0.756 -0.166197 -0.373456
-0.755 -0.429753 -0.268285
-0.754 -0.78381 -0.141785
-0.753 -1.02975 0.040121
-0.752 -1.01248 0.275417
-0.751 -0.688568 0.518114
-0.75 -0.158568 0.688235
-0.749 0.352881 0.696875
-0.748 0.564197 0.475708
-0.747 0.229965 -0.00032492
-0.746 -0.76939 -0.702888
-0.745 -2.37082 -1.55344
-0.744 -4.32647 -2.43937
-0.743 -6.26348 -3.24152
-0.742 -7.79282 -3.86657
-0.741 -8.63192 -4.27138
-0.74 -8.69566 -4.46779
-0.739 -8.12108 -4.50699
-0.738 -7.21598 -4.45331
-0.737 -6.34793 -4.35884
-0.736 -5.81135 -4.24458
-0.735 -5.71838 -4.09105
-0.734 -5.95336 -3.84288
-0.733 -6.21157 -3.43063
-0.732 -6.11383 -2.80449
-0.731 -5.35715 -1.96467
-0.73 -3.84506 -0.973311
-0.729 -1.74874 0.055964
-0.728 0.524731 0.983933
-0.727 2.44965 1.67858
-0.726 3.54749 2.04809
-0.725 3.54612 2.06604
-0.724 2.47581 1.77832
-0.723 0.66357 1.28549
-0.722 -1.37613 0.7066
-0.721 -3.11489 0.140499
-0.72 -4.18478 -0.360526
-0.719 -4.49389 -0.799018
-0.718 -4.24552 -1.22288
-0.717 -3.85488 -1.7
-0.716 -3.7897 -2.28244
-0.715 -4.38775 -2.97371
-0.714 -5.71859 -3.71558
-0.713 -7.54525 -4.4015
-0.712 -9.40232 -4.90855
-0.711 -10.7571 -5.13285
-0.71 -11.1919 -5.0181
-0.709 -10.545 -4.57311
-0.708 -8.96848 -3.8737
-0.707 -6.88445 -3.0435
-0.706 -4.85037 -2.21611
-0.705 -3.37308 -1.49449
-0.704 -2.73963 -0.92707
-0.703 -2.9318 -0.507945
-0.702 -3.65378 -0.192942
-0.701 -4.45281 0.0789203
-0.7 -4.88168 0.362
-0.699 -4.64936 0.679656
-0.698 -3.71825 1.0066
-0.697 -2.32055 1.27042
-0.696 -0.883222 1.3761
-0.695 0.118298 1.24118
-0.694 0.32286 0.823295
-0.693 -0.400878 0.132531
-0.692 -1.92254 -0.768141
-0.691 -3.89975 -1.77124
-0.69 -5.88335 -2.74427
-0.689 -7.44589 -3.56051
-0.688 -8.30173 -4.13213
-0.687 -8.38553 -4.43033
-0.686 -7.86018 -4.48377
-0.685 -7.04998 -4.36009
-0.684 -6.32771 -4.14115
-0.683 -5.99775 -3.89863
-0.682 -6.20783 -3.67299
-0.681 -6.90735 -3.46197
-0.68 -7.86037 -3.22487
-0.679 -8.71381 -2.90348
-0.678 -9.10843 -2.45257
-0.677 -8.80032 -1.86774
-0.676 -7.75115 -1.20056
-0.675 -6.15862 -0.556483
-0.674 -4.42084 -0.0752752
-0.673 -3.04091 0.1036
-0.672 -2.48866 -0.11837
-0.671 -3.0532 -0.76584
-0.67 -4.73383 -1.7759
-0.669 -7.214 -3.00768
-0.668 -9.93672 -4.27278
-0.667 -12.2594 -5.37907
-0.666 -13.6394 -6.17699
-0.665 -13.7975 -6.59442
-0.664 -12.8121 -6.64734
-0.663 -11.104 -6.42042
-0.662 -9.29897 -6.02568
-0.661 -8.0042 -5.55619
-0.66 -7.57945 -5.05144
-0.659 -7.99423 -4.48474
-0.658 -8.82728 -3.77711
-0.657 -9.40817 -2.83552
-0.656 -9.05547 -1.60392
-0.655 -7.34136 -0.108453
-0.654 -4.29627 1.52309
-0.653 -0.469072 3.07776
-0.652 3.20304 4.30583
-0.651 5.68579 4.98556
-0.65 6.19761 4.98434
-0.649 4.48571 4.29708
-0.648 0.928123 3.04809
-0.647 -3.57197 1.45487
-0.646 -7.86788 -0.234073
-0.645 -10.9422 -1.80596
-0.644 -12.2478 -3.13402
-0.643 -11.8898 -4.19693
-0.642 -10.5728 -5.06197
-0.641 -9.32202 -5.83743
-0.64 -9.08313 -6.61099
-0.639 -10.3489 -7.39873
-0.638 -12.9518 -8.12509
-0.637 -16.0976 -8.64085
-0.636 -18.6342 -8.76985
-0.635 -19.4631 -8.36752
-0.634 -17.9473 -7.37415
-0.633 -14.167 -5.84827
-0.632 -8.92847 -3.96738
-0.631 -3.51738 -1.99075
-0.63 0.721898 -0.193605
-0.629 2.83461 1.20462
-0.628 2.57219 2.09284
-0.627 0.458886 2.48588
-0.626 -2.41687 2.50563
-0.625 -4.80473 2.33367
-0.624 -5.73701 2.14784
-0.623 -4.86042 2.05948
-0.622 -2.54912 2.07232
-0.621 0.233681 2.07915
-0.62 2.28025 1.89975
-0.619 2.57336 1.34713
-0.618 0.654981 0.298924
-0.617 -3.21132 -1.24978
-0.616 -8.14223 -3.16904
-0.615 -12.9482 -5.21812
-0.614 -16.5305 -7.10611
-0.613 -18.2242 -8.57157
-0.612 -17.9852 -9.45612
-0.611 -16.3729 -9.74751
-0.61 -14.3329 -9.57632
-0.609 -12.8521 -9.16506
-0.608 -12.6061 -8.74508
-0.607 -13.7312 -8.46955
-0.606 -15.7978 -8.35409
-0.605 -17.9748 -8.2683
-0.604 -19.3112 -7.98262
-0.603 -19.0376 -7.25442
-0.602 -16.8052 -5.92532
-0.601 -12.7989 -3.99866
-0.6 -7.69282 -1.66923
-0.599 -2.46107 0.709928
-0.598 1.8929 2.71872
-0.597 4.60202 3.99135
-0.596 5.31877 4.32538
-0.595 4.17727 3.73947
-0.594 1.73058 2.46106
-0.593 -1.2187 0.849958
-0.592 -3.85305 -0.71731
-0.591 -5.57517 -1.96541
-0.59 -6.17527 -2.7996
-0.589 -5.88235 -3.31732
-0.588 -5.28283 -3.74633
-0.587 -5.124 -4.33158
-0.586 -6.04943 -5.21464
-0.585 -8.33892 -6.3526
-0.584 -11.7435 -7.50794
-0.583 -15.493 -8.31556
-0.582 -18.4941 -8.40701
-0.581 -19.6601 -7.54873
-0.58 -18.2706 -5.74263
-0.579 -14.2534 -3.25172
-0.578 -8.2926 -0.540635
-0.577 -1.70741 1.85038
-0.576 3.89885 3.45665
-0.575 7.12639 4.01602
-0.574 7.23567 3.53024
-0.573 4.39426 2.23986
-0.572 -0.382021 0.52193
-0.571 -5.56855 -1.24814
-0.57 -9.63633 -2.81631
-0.569 -11.5627 -4.10981
-0.568 -11.1846 -5.22226
-0.567 -9.26081 -6.33569
-0.566 -7.19307 -7.61093
-0.565 -6.47841 -9.08688
-0.564 -8.09623 -10.6262
-0.563 -12.074 -11.932
-0.562 -17.4043 -12.6336
-0.561 -22.3422 -12.4084
-0.56 -24.9787 -11.0934
-0.559 -23.9013 -8.74666
-0.558 -18.7261 -5.64307
-0.557 -10.3121 -2.20906
-0.556 -0.559103 1.07916
-0.555 8.17115 3.80328
-0.554 13.8131 5.68651
-0.553 15.2582 6.62984
-0.552 12.679 6.69491
-0.551 7.41362 6.04763
-0.55 1.4671 4.88787
-0.549 -3.19132 3.38943
-0.548 -5.29851 1.66701
-0.547 -4.71124 -0.225601
-0.546 -2.41888 -2.27448
-0.545 -0.145828 -4.47356
-0.544 0.31431 -6.79345
-0.543 -2.21323 -9.16003
-0.542 -7.82529 -11.4461
-0.541 -15.4675 -13.4761
-0.54 -23.26 -15.0467
-0.539 -29.1023 -15.9606
-0.538 -31.3517 -16.0686
-0.537 -29.3527 -15.3089
-0.536 -23.645 -13.7355
-0.535 -15.7891 -11.528
-0.534 -7.87263 -8.97906
-0.533 -1.86563 -6.45045
-0.532 0.96645 -4.29977
-0.531 0.413452 -2.78922
-0.53 -2.66387 -2.00819
-0.529 -6.64855 -1.84248
-0.528 -9.70416 -2.00618
-0.527 -10.3579 -2.1307
-0.526 -7.95076 -1.88596
-0.525 -2.82927 -1.09713
-0.524 3.76226 0.180595
-0.523 10.0506 1.65987
-0.522 14.2632 2.90554
-0.521 15.1769 3.48637
-0.52 12.5173 3.14037
-0.519 7.0693 1.88732
-0.518 0.449568 0.0398855
-0.517 -5.39007 -1.897
-0.516 -8.77139 -3.4051
-0.515 -8.83128 -4.14766
-0.514 -5.84064 -4.11119
-0.513 -1.19228 -3.6376
-0.512 2.98231 -3.32065
-0.511 4.49671 -3.79045
-0.51 1.88814 -5.46025
-0.509 -4.99112 -8.33182
-0.508 -14.8019 -11.9396
-0.507 -25.0447 -15.4626
-0.506 -32.7882 -17.9717
-0.505 -35.5813 -18.729
-0.504 -32.2743 -17.4403
-0.503 -23.4789 -14.3671
-0.502 -11.4704 -10.2498
-0.501 0.499029 -6.06144
-0.5 9.26956 -2.68042
-0.499 12.8483 -0.603194
-0.498 11.0903 0.199409
-0.497 5.73642 0.232462
-0.496 -0.209747 0.252448
-0.495 -3.56542 0.945161
-0.494 -2.15843 2.62093
-0.493 4.29031 5.04713
-0.492 13.9402 7.49434
-0.491 23.3911 8.98701
-0.49 28.8607 8.66317
-0.489 27.5617 6.10662
-0.488 18.7808 1.53287
-0.487 4.26285 -4.23253
-0.486 -12.2538 -9.97909
-0.485 -26.2229 -14.4753
-0.484 -33.8046 -16.8549
-0.483 -33.1731 -16.8856
-0.482 -25.1338 -15.0129
-0.481 -12.8206 -12.1648
-0.48 -0.589174 -9.40311
-0.479 7.49687 -7.55808
-0.478 9.0615 -6.97173
-0.477 4.21131 -7.42336
-0.476 -4.55762 -8.25313
-0.475 -13.3265 -8.64535
-0.474 -18.2469 -7.97542
-0.473 -16.9897 -6.08643
-0.472 -9.60188 -3.3793
-0.471 1.52182 -0.679793
-0.47 12.4972 1.05617
-0.469 19.3157 1.07807
-0.468 19.2483 -0.899837
-0.467 11.8179 -4.58983
-0.466 -1.00518 -9.20055
-0.465 -15.4744 -13.6671
-0.464 -27.358 -16.9714
-0.463 -33.3495 -18.4417
-0.462 -32.0765 -17.9232
-0.461 -24.4022 -15.7677
-0.46 -12.9943 -12.6675
-0.459 -1.36538 -9.40988
-0.458 7.28804 -6.63852
-0.457 11.0771 -4.68777
-0.456 9.92263 -3.52986
-0.455 5.40842 -2.84611
-0.454 0.0790272 -2.1917
-0.453 -3.50597 -1.18815
-0.452 -3.60676 0.328326
-0.451 0.212606 2.24614
-0.45 7.03173 4.20985
-0.449 14.9129 5.72263
-0.448 21.5099 6.2901
-0.447 24.7658 5.56962
-0.446 23.4937 3.48175
-0.445 17.6778 0.248391
-0.444 8.44795 -3.65
-0.443 -2.21731 -7.57756
-0.442 -11.9657 -10.8781
-0.441 -18.6368 -13.02
-0.44 -20.813 -13.7264
-0.439 -18.2214 -13.0563
-0.438 -11.8595 -11.3966
-0.437 -3.78387 -9.35505
-0.436 3.40431 -7.58756
-0.435 7.26929 -6.61546
-0.434 6.28622 -6.68026
-0.433 0.417891 -7.66728
-0.432 -8.7046 -9.12379
-0.431 -18.149 -10.3882
-0.43 -24.5506 -10.8122
-0.429 -25.2188 -10.0042
-0.428 -19.1064 -7.99329
-0.427 -7.30648 -5.24225
-0.426 7.12215 -2.50647
-0.425 20.0121 -0.590368
-0.424 27.4271 -0.0779391
-0.423 27.0709 -1.11465
-0.422 19.2374 -3.3151
-0.421 6.87068 -5.85058
-0.42 -5.35929 -7.71394
-0.419 -12.6664 -8.07895
-0.418 -11.8824 -6.61753
-0.417 -2.71048 -3.65059
-0.416 11.9604 -0.0768348
-0.415 26.8579 2.8946
-0.414 36.0607 4.12358
-0.413 35.1124 2.91588
-0.412 22.7465 -0.723985
-0.411 1.53369 -6.06142
-0.41 -22.8393 -11.8512
-0.409 -43.4311 -16.7406
-0.408 -54.3994 -19.7144
-0.407 -53.0228 -20.4187
-0.406 -40.6761 -19.2542
-0.405 -22.3822 -17.2062
-0.404 -5.05033 -15.4759
-0.403 4.99799 -15.0359
-0.402 4.32128 -16.2647
-0.401 -6.37866 -18.7891
-0.4 -22.4918 -21.593
-0.399 -37.1556 -23.3593
-0.398 -43.745 -22.9314
-0.397 -38.3079 -19.7353
-0.396 -21.067 -14.0164
-0.395 3.56521 -6.80367
-0.394 28.4667 0.38963
-0.393 46.2401 6.0268
-0.392 51.7272 9.01245
-0.391 43.7337 9.00822
-0.39 25.3878 6.50677
-0.389 3.02216 2.64773
-0.388 -16.0322 -1.16569
-0.387 -25.9612 -3.72951
-0.386 -24.3905 -4.42953
-0.385 -13.0433 -3.42616
-0.384 3.04279 -1.56954
-0.383 17.3814 -0.0797905
-0.382 24.2916 -0.111072
-0.381 20.7921 -2.34469
-0.38 7.55083 -6.73268
-0.379 -11.3997 -12.4666
-0.378 -30.0745 -18.1898
-0.377 -42.583 -22.4005
-0.376 -45.0783 -23.9262
-0.375 -36.9366 -22.3108
-0.374 -20.8275 -17.9786
-0.373 -1.75034 -12.1167
-0.372 14.5827 -6.31714
-0.371 23.5067 -2.09253
-0.37 22.7935 -0.414334
-0.369 13.2651 -1.41581
-0.368 -1.55616 -4.35762
-0.367 -16.635 -7.87918
-0.366 -27.0404 -10.4666
-0.365 -29.4608 -10.9871
-0.364 -23.1727 -9.10447
-0.363 -10.2238 -5.428
-0.362 5.19354 -1.33268
-0.361 18.0002 1.49544
-0.36 23.7735 1.64048
-0.359 20.1297 -1.52934
-0.358 7.52383 -7.58922
-0.357 -10.7944 -15.1282
-0.356 -29.6802 -22.1565
-0.355 -43.6057 -26.729
-0.354 -48.3592 -27.5826
-0.353 -42.4166 -24.5653
-0.352 -27.5213 -18.6951
-0.351 -8.23849 -11.8168
-0.35 9.4187 -5.97672
-0.349 19.8844 -2.73556
-0.348 19.8675 -2.65566
-0.347 9.51835 -5.13622
-0.346 -7.48891 -8.65326
-0.345 -25.0736 -11.3288
-0.344 -36.7829 -11.6417
-0.343 -38.0778 -9.02922
-0.342 -28.0395 -4.14518
-0.341 -9.85094 1.3306
-0.34 10.1467 5.26571
-0.339 24.5223 5.8198
-0.338 27.2711 2.09486
-0.337 15.955 -5.5321
-0.336 -7.27149 -15.5002
-0.335 -36.1797 -25.5469
-0.334 -62.4543 -33.4266
-0.333 -78.4955 -37.6211
-0.332 -80.0142 -37.7871
-0.331 -67.4589 -34.7813
-0.33 -45.7756 -30.2696
-0.329 -22.6267 -26.0781
-0.328 -5.72448 -23.5364
-0.327 -0.190295 -23.0463
-0.326 -6.81564 -24.0057
-0.325 -21.828 -25.09
-0.324 -38.281 -24.7808
-0.323 -48.5993 -21.9489
-0.322 -47.3484 -16.2875
-0.321 -33.1997 -8.44363
-0.32 -9.385 0.189554
-0.319 17.4539 7.92956
-0.318 39.5271 13.3275
-0.317 50.446 15.5665
-0.316 47.2356 14.6243
-0.315 31.2012 11.1868
-0.314 7.39773 6.37797
-0.313 -17.1142 1.40391
-0.312 -35.6251 -2.78008
-0.311 -43.9056 -5.68955
-0.31 -41.3663 -7.36162
-0.309 -30.9249 -8.24306
-0.308 -17.7781 -8.98786
-0.307 -7.60875 -10.2513
-0.306 -4.81542 -12.5277
-0.305 -11.235 -16.0359
-0.304 -25.6631 -20.6451
-0.303 -44.2857 -25.8557
-0.302 -61.8873 -30.8637
-0.301 -73.4439 -34.7199
-0.3 -75.5794 -36.5544
-0.299 -67.462 -35.8138
-0.298 -50.9651 -32.4541
-0.297 -30.144 -27.0328
-0.296 -10.1919 -20.6408
-0.295 3.91121 -14.6444
-0.294 8.77488 -10.2825
-0.293 3.64432 -8.23948
-0.292 -9.23073 -8.36421
-0.291 -25.1069 -9.66692
-0.29 -38.0795 -10.6342
-0.289 -42.9026 -9.78186
-0.288 -36.7674 -6.26884
-0.287 -20.4717 -0.346079
-0.286 1.46646 6.55545
-0.285 21.906 12.1784
-0.284 33.185 14.1511
-0.283 29.6585 10.829
-0.282 9.86761 1.96765
-0.281 -22.493 -11.0397
-0.28 -59.3401 -25.4879
-0.279 -90.6343 -38.1844
-0.278 -107.724 -46.5013
-0.277 -106.401 -49.267
-0.276 -88.5181 -47.1457
-0.275 -61.5337 -42.3486
-0.274 -36.0642 -37.7743
-0.273 -22.1841 -35.8853
-0.272 -25.6759 -37.722
-0.271 -45.5893 -42.4236
-0.27 -74.1829 -47.4732
-0.269 -99.504 -49.6282
-0.268 -109.779 -46.2144
-0.267 -97.9528 -36.2774
-0.266 -64.6081 -21.1197
-0.265 -18.16 -4.00236
-0.264 27.7672 10.8758
-0.263 58.8999 19.756
-0.262 65.2911 20.5795
-0.261 44.969 13.6905
-0.26 4.84092 1.71122
-0.259 -41.6375 -11.3968
-0.258 -79.2618 -21.7517
-0.257 -96.5364 -26.9008
-0.256 -89.7007 -26.5784
-0.255 -63.8452 -22.608
-0.254 -30.7853 -18.0363
-0.253 -4.53418 -15.8524
-0.252 3.9622 -17.7703
-0.251 -9.07429 -23.5182
-0.25 -38.8207 -30.9018
-0.249 -73.6398 -36.6295
-0.248 -99.439 -37.586
-0.247 -104.962 -32.0514
-0.246 -86.0089 -20.3966
-0.245 -47.0108 -5.01078
-0.244 0.585642 10.4844
-0.243 42.4393 22.425
-0.242 66.3292 28.2624
-0.241 66.1998 27.2769
-0.24 43.8543 20.6179
-0.239 7.84956 10.7037
-0.238 -29.8604 0.255957
-0.237 -58.2497 -8.6462
-0.236 -70.957 -15.1611
-0.235 -68.0949 -19.7514
-0.234 -55.528 -23.7411
-0.233 -42.0421 -28.5702
-0.232 -35.6946 -35.0755
-0.231 -40.8628 -43.1004
-0.23 -57.0109 -51.567
-0.229 -79.3542 -58.9129
-0.228 -100.885 -63.6563
-0.227 -114.914 -64.8582
-0.226 -117.261 -62.3519
-0.225 -107.397 -56.706
-0.224 -88.1969 -48.9578
-0.223 -64.519 -40.2356
-0.222 -41.3787 -31.4528
-0.221 -22.5763 -23.2188
-0.22 -10.2165 -15.9633
-0.219 -4.94806 -10.1153
-0.218 -6.414 -6.15139
-0.217 -13.5292 -4.45668
-0.216 -24.5469 -5.0989
-0.215 -37.0772 -7.66272
-0.214 -48.2325 -11.2426
-0.213 -55.0324 -14.6292
-0.212 -55.1402 -16.676
-0.211 -47.8389 -16.7637
-0.21 -34.88 -15.1748
-0.209 -20.6261 -13.1456
-0.208 -11.0361 -12.4681
-0.207 -11.5884 -14.7531
-0.206 -24.8925 -20.6701
-0.205 -49.0544 -29.505
-0.204 -77.6582 -39.2416
-0.203 -101.6 -47.1692
-0.202 -112.238 -50.8295
-0.201 -104.758 -48.9794
-0.2 -80.4484 -42.188
-0.199 -46.9046 -32.7718
-0.198 -15.8025 -24.0149
-0.197 1.18897 -18.9339
-0.196 -3.03081 -19.0624
-0.195 -27.7476 -23.7438
-0.194 -63.9975 -30.2412
-0.193 -97.4086 -34.6756
-0.192 -113.397 -33.4868
-0.191 -102.745 -24.8773
-0.19 -65.3889 -9.66693
-0.189 -10.9704 8.80543
-0.188 44.141 25.7238
-0.187 82.4004 36.406
-0.186 91.3622 37.9129
-0.185 68.4101 30.0833
-0.184 22.0074 15.5968
-0.183 -31.2746 -1.00936
-0.182 -72.9548 -15.0389
-0.181 -89.633 -23.3935
-0.18 -77.9872 -25.6728
-0.179 -45.8946 -24.1876
-0.178 -9.37602 -22.9281
-0.177 13.4356 -25.9192
-0.176 9.16908 -35.5645
-0.175 -25.4913 -51.548
-0.174 -82.1051 -70.7071
-0.173 -143.211 -87.9933
-0.172 -188.618 -98.2274
-0.171 -202.827 -97.9761
-0.17 -180.613 -86.7853
-0.169 -128.685 -67.3031
-0.168 -63.0113 -44.3275
-0.167 -3.06998 -23.213
-0.166 34.8157 -8.21036
-0.165 42.7901 -1.25627
-0.164 23.6627 -1.57936
-0.163 -10.7432 -6.25992
-0.162 -44.4635 -11.5446
-0.161 -63.5798 -14.3882
-0.16 -61.2662 -13.5838
-0.159 -39.8049 -10.0578
-0.158 -9.06452 -6.31227
-0.157 17.6289 -5.33373
-0.156 28.4813 -9.4103
-0.155 17.3013 -19.2416
-0.154 -14.579 -33.5973
-0.153 -58.9762 -49.619
-0.152 -103.735 -63.6623
-0.151 -136.731 -72.3783
-0.15 -149.584 -73.6538
-0.149 -139.83 -67.1081
-0.148 -111.014 -54.0459
-0.147 -70.9541 -36.968
-0.146 -29.0877 -18.8599
-0.145 6.08188 -2.48863
-0.144 28.7613 10.1262
-0.143 36.6897 17.9971
-0.142 31.1612 21.2101
-0.141 16.4214 20.7469
-0.14 -1.49148 18.1103
-0.139 -16.3449 14.8258
-0.138 -23.4046 11.9537
-0.137 -20.7374 9.77183
-0.136 -9.79547 7.71485
-0.135 4.76581 4.55614
-0.134 15.999 -1.22713
-0.133 16.3767 -10.9409
-0.132 0.275358 -25.0691
-0.131 -33.3706 -42.76
-0.13 -79.4821 -61.6983
-0.129 -127.481 -78.5581
-0.128 -164.323 -89.9474
-0.127 -178.833 -93.4881
-0.126 -165.697 -88.6296
-0.125 -127.75 -76.9426
-0.124 -75.8299 -61.8081
-0.123 -25.9609 -47.5242
-0.122 5.70625 -37.9896
-0.121 8.79471 -35.3525
-0.12 -16.891 -39.1779
-0.119 -60.644 -46.5646
-0.118 -104.508 -53.2372
-0.117 -129.942 -55.1847
-0.116 -124.836 -50.1999
-0.115 -88.2052 -38.7522
-0.114 -30.9132 -23.8955
-0.113 27.9037 -10.2291
-0.112 67.6277 -2.24058
-0.111 73.8637 -2.60597
-0.11 44.1611 -11.091
-0.109 -10.6386 -24.5132
-0.108 -70.1997 -37.8394
-0.107 -112.318 -46.0423
-0.106 -121.41 -46.0009
-0.105 -94.462 -37.6783
-0.104 -42.0437 -24.0932
-0.103 15.9228 -10.1285
-0.102 57.7783 -0.712283
-0.101 68.0642 0.911143
-0.1 42.9297 -5.75664
-0.099 -8.69617 -18.3561
-0.098 -68.4748 -32.5269
-0.097 -115.481 -43.4832
-0.096 -134.062 -47.7545
-0.095 -119.557 -44.3663
-0.094 -79.351 -34.9383
-0.093 -28.9848 -22.7431
-0.092 14.4983 -11.2978
-0.091 38.7999 -3.16107
-0.09 39.9606 0.698001
-0.089 22.6602 0.929998
-0.088 -2.3444 -0.657814
-0.087 -22.7221 -1.92379
-0.086 -29.5404 -1.31691
-0.085 -20.6699 1.50155
-0.084 -0.948747 5.65681
-0.083 20.8568 9.61885
-0.082 36.3652 11.908
-0.081 40.7528 11.5289
-0.08 33.5476 8.01122
-0.079 17.3766 1.22271
-0.078 -4.18389 -8.80889
-0.077 -28.5128 -21.9277
-0.076 -54.7701 -37.7073
-0.075 -83.2411 -55.1922
-0.074 -113.528 -72.6838
-0.073 -142.74 -87.7881
-0.072 -165.026 -97.8576
-0.071 -173.14 -100.765
-0.07 -161.619 -95.771
-0.069 -130.312 -84.1516
-0.068 -86.4613 -69.2242
-0.067 -43.6874 -55.5222
-0.066 -17.3029 -47.1994
-0.065 -17.5593 -46.2595
-0.064 -44.1772 -51.5105
-0.063 -85.2411 -58.867
-0.062 -121.174 -62.9018
-0.061 -132.054 -58.9807
-0.06 -105.6 -45.2151
-0.059 -43.2761 -23.6263
-0.058 37.8828 -0.0322442
-0.057 109.705 17.6541
-0.056 143.354 22.433
-0.055 121.949 11.3644
-0.054 49.0891 -12.7242
-0.053 -51.1843 -41.9113
-0.052 -142.918 -65.9307
-0.051 -191.379 -75.8087
-0.05 -175.95 -67.0806
-0.049 -98.6432 -41.5756
-0.048 15 -7.09517
-0.047 124.199 25.2067
-0.046 188.442 45.0291
-0.045 183.993 47.0353
-0.044 113.883 33.0203
-0.043 7.00671 11.1914
-0.042 -92.9074 -7.0598
-0.041 -143.882 -11.5986
-0.04 -121.911 2.40254
-0.039 -30.9895 32.2949
-0.038 97.4007 68.6394
-0.037 216.075 98.6819
-0.036 280.623 111.243
-0.035 266.536 100.942
-0.034 178.096 70.1238
-0.033 46.4425 27.9801
-0.032 -81.8267 -12.7052
-0.031 -161.788 -40.1479
-0.03 -167.497 -47.9781
-0.029 -102.571 -37.6715
-0.028 1.46909 -17.7177
-0.027 98.969 0.196451
-0.026 149.093 6.06328
-0.025 130.953 -4.75998
-0.024 49.7642 -30.2252
-0.023 -66.1865 -62.5815
-0.022 -175.822 -91.1644
-0.021 -240.341 -106.322
-0.02 -238.677 -103.297
-0.019 -176.446 -84.2785
-0.018 -82.7232 -57.3029
-0.017 4.08498 -32.4952
-0.016 52.9468 -17.8209
-0.015 51.0304 -16.4412
-0.014 5.8379 -26.2867
-0.013 -59.4838 -41.3406
-0.012 -115.203 -53.9952
-0.011 -136.545 -57.987
-0.01 -114.3 -51.032
-0.009 -58.9209 -35.7888
-0.008 5.4244 -18.3231
-0.007 53.5791 -4.91335
-0.006 70.8735 0.819053
-0.005 57.6134 -0.965987
-0.004 26.5486 -6.97793
-0.003 -3.75443 -12.4994
-0.002 -17.0565 -13.4665
-0.001 -6.90926 -8.33734
0 19.8158 1.05876
0.001 46.5053 10.4463
0.002 56.5489 15.5492
0.003 43.0897 14.5398
0.004 12.5998 8.96727
0.005 -18.6541 2.91029
0.006 -32.0832 1.10507
0.007 -14.928 6.85793
0.008 33.1107 20.3322
0.009 97.3408 37.8901
0.01 152.574 53.2177
0.011 174.614 60.2076
0.012 153.002 56.1744
0.013 96.9711 43.4072
0.014 31.3393 28.2076
0.015 -14.1103 18.2411
0.016 -16.1939 19.5816
0.017 32.5998 34.3323
0.018 119.412 59.325
0.019 213.153 86.5403
0.02 275.345 105.769
0.021 276.861 108.896
0.022 212.076 93.7002
0.023 102.097 64.9673
0.024 -14.2043 32.425
0.025 -95.679 6.8294
0.026 -113.993 -3.99503
0.027 -63.9271 2.02693
0.028 33.5887 20.2139
0.029 137.639 40.4578
0.03 202.489 50.9468
0.031 196.572 43.0992
0.032 116.29 15.426
0.033 -12.3356 -25.6296
0.034 -144.281 -68.1536
0.035 -232.858 -99.223
0.036 -246.88 -109.547
0.037 -182.084 -96.7608
0.038 -63.0713 -66.3218
0.039 65.6087 -29.5642
0.04 156.641 0.588216
0.041 178.477 14.5902
0.042 127.148 9.79877
0.043 26.7609 -8.84486
0.044 -80.5754 -31.0336
0.045 -151.017 -45.2105
0.046 -155.615 -43.0745
0.047 -91.3709 -22.8553
0.048 17.8668 9.96109
0.049 131.438 44.8512
0.05 208.457 70.4614
0.051 223.371 78.906
0.052 174.272 68.4248
0.053 81.9403 43.6763
0.054 -18.724 13.8764
0.055 -91.6625 -10.5073
0.056 -112.832 -21.47
0.057 -78.7415 -16.262
0.058 -6.46362 1.96006
0.059 74.9727 25.9309
0.06 137.28 47.5456
0.061 163.437 60.9547
0.062 152.098 64.2759
0.063 115.712 59.6457
0.064 74.3363 51.9544
0.065 47.5945 46.7929
0.066 47.3408 48.2458
0.067 73.7085 57.3275
0.068 116.278 71.7465
0.069 159.621 87.0729
0.07 190.116 98.6284
0.071 200.633 103.139
0.072 191.516 99.536
0.073 168.413 88.8436
0.074 138.682 73.4427
0.075 108.168 56.1041
0.076 79.6588 39.1622
0.077 53.3932 24.0941
0.078 28.9414 11.5652
0.079 7.06765 1.76786
0.08 -9.58506 -5.22355
0.081 -17.3323 -9.28326
0.082 -13.4029 -10.3094
0.083 1.8406 -8.49353
0.084 23.5943 -4.61578
0.085 43.3968 -0.0927216
0.086 52.3371 3.42406
0.087 45.4267 4.79924
0.088 24.6955 4.08007
0.089 -0.937573 2.61468
0.09 -19.0574 2.50759
0.091 -18.7456 5.70353
0.092 4.85871 13.1106
0.093 47.92 24.0404
0.094 98.1535 36.1294
0.095 138.418 45.8891
0.096 153.016 49.8933
0.097 134.412 46.2518
0.098 87.1815 35.6686
0.099 26.9844 21.4565
0.1 -25.1502 8.41767
0.101 -50.7132 1.09329
0.102 -40.607 2.11772
0.103 1.40049 11.253
0.104 59.7947 25.3922
0.105 112.738 39.5587
0.106 140.084 48.6505
0.107 131.082 49.3527
0.108 88.6696 41.4523
0.109 28.477 27.9644
0.11 -27.1397 13.9891
0.111 -57.6398 4.77698
0.112 -52.0038 3.78542
0.113 -12.6116 11.4682
0.114 46.0716 25.2201
0.115 103.257 40.4465
0.116 139.627 52.3155
0.117 144.21 57.5252
0.118 117.996 55.452
0.119 73.2034 48.3027
0.12 28.5407 40.2356
0.121 2.13684 35.7613
0.122 4.81009 38.0109
0.123 36.3679 47.5486
0.124 86.3295 62.1971
0.125 138.39 77.883
0.126 176.395 90.07
0.127 189.456 95.1832
0.128 174.765 91.5803
0.129 137.715 79.8782
0.13 89.5686 62.6205
0.131 43.4329 43.3929
0.132 9.89125 25.6639
0.133 -6.03634 11.7787
0.134 -5.51579 2.49019
0.135 5.73304 -2.86887
0.136 20.1292 -5.78637
0.137 30.724 -7.88212
0.138 32.896 -10.3567
0.139 25.2368 -13.6452
0.14 9.71776 -17.2918
0.141 -8.89736 -20.0778
0.142 -24.3532 -20.4011
0.143 -30.593 -16.7969
0.144 -23.353 -8.42499
0.145 -1.31581 4.61547
0.146 33.2881 21.1871
0.147 74.6941 39.2168
0.148 114.411 55.9939
0.149 142.99 68.6685
0.15 152.589 74.8998
0.151 139.654 73.5084
0.152 106.664 64.9132
0.153 62.0319 51.1566
0.154 17.9054 35.4326
0.155 -13.562 21.215
0.156 -24.2232 11.2518
0.157 -12.8144 6.77179
0.158 14.3762 7.17847
0.159 45.4446 10.3503
0.16 66.9774 13.4735
0.161 69.0811 14.1654
0.162 49.5288 11.5165
0.163 15.2567 6.63515
0.164 -19.7004 2.39064
0.165 -39.2992 2.36109
0.166 -31.6932 9.36844
0.167 5.89627 24.1985
0.168 65.5388 45.0227
0.169 130.816 67.7416
0.17 182.175 87.1381
0.171 203.646 98.4857
0.172 188.609 99.1054
0.173 142.439 89.3198
0.174 80.7918 72.3834
0.175 23.9544 53.3292
0.176 -10.6038 37.1571
0.177 -14.5261 27.0921
0.178 8.71724 23.5862
0.179 45.5737 24.3894
0.18 77.7628 25.5956
0.181 89.2079 23.2593
0.182 72.093 15.0216
0.183 29.8914 1.16329
0.184 -23.8193 -15.3495
0.185 -70.4263 -29.8983
0.186 -93.3183 -37.9351
0.187 -84.098 -36.6972
0.188 -45.5315 -26.2371
0.189 9.75797 -9.40604
0.19 64.091 9.15047
0.191 101.061 24.5875
0.192 111.101 33.4782
0.193 94.43 34.8904
0.194 60.4423 30.5399
0.195 23.8577 23.9773
0.196 -0.901863 19.1416
0.197 -4.92781 18.8591
0.198 12.3554 23.8571
0.199 43.6864 32.6297
0.2 77.2837 42.1398
0.201 101.449 49.0413
0.202 108.649 50.9362
0.203 97.7054 47.1953
0.204 73.5493 39.0645
0.205 44.9084 29.0774
0.206 20.9169 20.0553
0.207 7.94919 14.1017
0.208 7.80437 11.9553
0.209 17.7721 12.9053
0.21 32.3109 15.2522
0.211 45.4476 17.0927
0.212 52.8313 17.0929
0.213 52.7201 14.9298
0.214 45.8275 11.2693
0.215 34.4804 7.37753
0.216 21.6508 4.59917
0.217 10.2281 3.92557
0.218 2.62586 5.77544
0.219 0.64541 10.0072
0.22 5.44539 16.1103
0.221 17.443 23.4695
0.222 36.0042 31.5554
0.223 58.9844 39.9294
0.224 82.5075 48.0844
0.225 101.486 55.2842
0.226 111.035 60.5773
0.227 108.324 63.0321
0.228 93.9961 62.0815
0.229 72.3844 57.7947
0.23 50.3001 50.9458
0.231 34.7785 42.8368
0.232 30.513 34.9067
0.233 37.8474 28.2246
0.234 52.1688 23.0602
0.235 65.2124 18.7595
0.236 68.0828 14.0528
0.237 54.9488 7.70872
0.238 25.8678 -0.75119
0.239 -12.5612 -10.6064
0.24 -49.112 -19.9718
0.241 -71.748 -26.3261
0.242 -71.9706 -27.3731
0.243 -48.1369 -21.9479
0.244 -6.49392 -10.6223
0.245 40.5947 4.26902
0.246 78.76 19.2575
0.247 96.6759 30.8322
0.248 90.1557 36.5981
0.249 63.6806 36.0618
0.25 28.7143 30.7431
0.251 -0.59542 23.5583
0.252 -12.7193 17.6901
0.253 -3.05833 15.3636
0.254 24.3494 17.0015
0.255 58.344 21.0907
0.256 84.8088 24.8143
0.257 91.9622 25.21
0.258 74.853 20.4229
0.259 37.4092 10.578
0.26 -8.76235 -2.07458
0.261 -48.4502 -13.8351
0.262 -68.2945 -20.8259
0.263 -61.5461 -20.3798
0.264 -30.3361 -12.0074
0.265 15.2936 2.41637
0.266 61.0834 19.2891
0.267 93.536 34.4914
0.268 104.428 44.7398
0.269 93.3555 48.6158
0.27 67.4856 46.9106
0.271 38.6144 42.1577
0.272 18.6382 37.5368
0.273 15.1937 35.5934
0.274 29.1223 37.2832
0.275 54.5821 41.6859
0.276 81.5217 46.4415
0.277 99.4181 48.6999
0.278 100.915 46.2224
0.279 84.2085 38.2491
0.28 53.4747 25.8267
0.281 17.2723 11.4811
0.282 -14.4803 -1.63688
0.283 -33.8125 -10.796
0.284 -37.0962 -14.5236
0.285 -25.7785 -12.958
0.286 -5.41085 -7.64145
0.287 16.4731 -0.882211
0.288 32.8217 5.06506
0.289 39.1145 8.71617
0.29 34.4627 9.74027
0.291 21.54 8.90809
0.292 5.47192 7.66756
0.293 -7.89279 7.53724
0.294 -13.7678 9.54827
0.295 -9.75766 13.9136
0.296 3.58946 20.003
0.297 23.0707 26.5951
0.298 43.796 32.2907
0.299 60.5297 35.9302
0.3 69.0656 36.8801
0.301 67.3347 35.1294
0.302 56.0061 31.2136
0.303 38.3939 26.0257
0.304 19.5965 20.5738
0.305 5.01699 15.7394
0.306 -1.31015 12.0861
0.307 1.96917 9.76703
0.308 13.027 8.53926
0.309 27.3252 7.85919
0.31 38.9389 7.02635
0.311 42.4008 5.36321
0.312 34.5804 2.42524
0.313 15.989 -1.79807
0.314 -9.05229 -6.77597
0.315 -33.6102 -11.5031
0.316 -50.3685 -14.7478
0.317 -54.0893 -15.408
0.318 -43.4108 -12.8619
0.319 -21.3719 -7.21043
0.32 5.49533 0.666955
0.321 29.2307 9.2904
0.322 43.0624 16.9805
0.323 43.7354 22.3794
0.324 32.6914 24.9042
0.325 15.5737 24.9385
0.326 0.171563 23.6719
0.327 -6.4326 22.643
0.328 -0.440844 23.1517
0.329 17.2783 25.7504
0.33 41.4468 29.9852
0.331 64.1499 34.4894
0.332 77.5327 37.4269
0.333 76.5327 37.1568
0.334 60.6966 32.881
0.335 34.3982 25.019
0.336 5.35394 15.1478
0.337 -18.0201 5.5238
0.338 -29.4296 -1.63986
0.339 -26.6975 -4.88036
0.34 -12.2912 -3.93874
0.341 7.71047 0.185549
0.342 25.7922 5.60169
0.343 35.5651 10.1994
0.344 33.8569 12.3906
0.345 21.6417 11.6492
0.346 3.53156 8.6527
0.347 -13.9414 4.98055
0.348 -24.6163 2.49529
0.349 -24.7546 2.64249
0.35 -14.1842 5.91432
0.351 3.77338 11.6539
0.352 23.4866 18.2635
0.353 38.8682 23.7432
0.354 45.2812 26.3688
0.355 40.9119 25.2709
0.356 27.2276 20.7158
0.357 8.42536 13.9999
0.358 -9.92235 7.00823
0.359 -22.584 1.598
0.36 -26.221 -0.982061
0.361 -20.317 -0.44946
0.362 -7.23288 2.4889
0.363 8.58989 6.43896
0.364 22.003 9.82627
0.365 28.6987 11.4288
0.366 26.5066 10.7649
0.367 16.0791 8.22243
0.368 0.744468 4.89991
0.369 -14.4744 2.2149
0.37 -24.4181 1.40909
0.371 -25.4482 3.12073
0.372 -16.6632 7.17122
0.373 -0.274535 12.6255
0.374 18.9861 18.0857
0.375 35.2687 22.1109
0.376 43.4231 23.6383
0.377 40.6902 22.29
0.378 27.707 18.4783
0.379 8.42449 13.2659
0.38 -11.1134 8.01865
0.381 -24.7624 3.97141
0.382 -28.3658 1.85946
0.383 -21.2095 1.73108
0.384 -6.33282 2.98036
0.385 10.4386 4.57275
0.386 22.4494 5.3986
0.387 24.5349 4.66235
0.388 14.917 2.18627
0.389 -4.01942 -1.48825
0.39 -26.4042 -5.25331
0.391 -44.8251 -7.79091
0.392 -52.8717 -8.00509
0.393 -47.3795 -5.38514
0.394 -29.5704 -0.190655
0.395 -4.67483 6.59415
0.396 19.8393 13.5322
0.397 36.8163 19.1609
0.398 41.8517 22.4406
0.399 34.7623 23.0647
0.4 19.5672 21.5201
0.401 2.98245 18.8808
0.402 -8.03704 16.414
0.403 -8.82363 15.1349
0.404 1.3296 15.46
0.405 18.9507 17.0737
0.406 37.6804 19.0566
0.407 50.5714 20.2322
0.408 52.5504 19.608
0.409 42.1772 16.7504
0.41 22.1117 11.964
0.411 -1.84272 6.21602
0.412 -22.7657 0.831405
0.413 -34.988 -2.93767
0.414 -35.9508 -4.31915
0.415 -26.9054 -3.25967
0.416 -12.2568 -0.41302
0.417 2.13653 3.10448
0.418 11.0428 6.09224
0.419 11.5784 7.64585
0.42 4.02581 7.42267
0.421 -8.46514 5.71615
0.422 -21.126 3.31776
0.423 -29.2989 1.21473
0.424 -30.0242 0.236219
0.425 -22.9435 0.781596
0.426 -10.2493 2.72269
0.427 4.21693 5.49215
0.428 16.3257 8.30265
0.429 22.9829 10.4135
0.43 23.0002 11.3634
0.431 17.2926 11.1026
0.432 8.4092 9.98339
0.433 -0.397872 8.61394
0.434 -6.23422 7.63465
0.435 -7.41182 7.50436
0.436 -3.84293 8.36597
0.437 3.08211 10.0188
0.438 11.02 11.9873
0.439 17.396 13.6554
0.44 20.1101 14.4331
0.441 18.0642 13.9132
0.442 11.4063 11.9779
0.443 1.4596 8.83049
0.444 -9.62982 4.94743
0.445 -19.4353 0.96998
0.446 -25.8504 -2.44014
0.447 -27.6141 -4.7499
0.448 -24.643 -5.67509
0.449 -18.0788 -5.24119
0.45 -10.0026 -3.76645
0.451 -2.85794 -1.76751
0.452 1.27892 0.193337
0.453 1.36626 1.68186
0.454 -2.21524 2.53415
0.455 -7.70677 2.91248
0.456 -12.4793 3.24364
0.457 -13.8937 4.05284
0.458 -10.2628 5.74785
0.459 -1.57689 8.42745
0.46 10.3124 11.7813
0.461 22.1697 15.1244
0.462 30.3834 17.5744
0.463 32.1718 18.3304
0.464 26.5838 16.9638
0.465 14.9425 13.6104
0.466 0.543481 8.98062
0.467 -12.3514 4.17219
0.468 -19.9227 0.34597
0.469 -20.1068 -1.62936
0.47 -13.3118 -1.44558
0.471 -2.25532 0.555602
0.472 9.00921 3.51118
0.473 16.5233 6.34873
0.474 17.8129 8.17368
0.475 12.7634 8.58812
0.476 3.66741 7.81946
0.477 -5.60462 6.60959
0.478 -11.0438 5.90592
0.479 -10.0221 6.4693
0.48 -2.30883 8.54412
0.481 9.79774 11.7154
0.482 22.2518 15.0136
0.483 30.657 17.2362
0.484 31.7845 17.3713
0.485 24.698 14.9706
0.486 11.0996 10.3359
0.487 -5.23414 4.44731
0.488 -19.7352 -1.34476
0.489 -28.5788 -5.75621
0.49 -29.9136 -7.97513
0.491 -24.3662 -7.89235
0.492 -14.6815 -6.07843
0.493 -4.66279 -3.52725
0.494 2.19693 -1.26908
0.495 3.91267 0.00538158
0.496 0.626979 0.178195
0.497 -5.54968 -0.287735
0.498 -11.3921 -0.566378
0.499 -13.7733 0.17426
0.5 -10.7971 2.41702
0.501 -2.46749 6.08101
0.502 9.31332 10.5254
0.503 21.3949 14.7604
0.504 30.4383 17.7792
0.505 34.0113 18.893
0.506 31.3432 17.9519
0.507 23.4965 15.3778
0.508 12.9412 11.9983
0.509 2.71678 8.75015
0.51 -4.52606 6.36535
0.511 -7.30597 5.15519
0.512 -5.68349 4.96192
0.513 -1.12529 5.27745
0.514 4.07764 5.47143
0.515 7.62381 5.04059
0.516 7.95664 3.78966
0.517 4.7174 1.88214
0.518 -1.21237 -0.247968
0.519 -8.04658 -2.0776
0.52 -13.6833 -3.19134
0.521 -16.3697 -3.41866
0.522 -15.2481 -2.86809
0.523 -10.6173 -1.85773
0.524 -3.82109 -0.776766
0.525 3.19498 0.0663291
0.526 8.50285 0.549218
0.527 10.7844 0.756606
0.528 9.72591 0.919263
0.529 6.10913 1.30916
0.53 1.57369 2.13826
0.531 -1.8904 3.49515
0.532 -2.57849 5.33135
0.533 0.36085 7.49084
0.534 6.61765 9.76496
0.535 14.7831 11.9478
0.536 22.7663 13.8665
0.537 28.433 15.3774
0.538 30.2668 16.3456
0.539 27.8413 16.6377
0.54 21.9477 16.1429
0.541 14.3339 14.8159
0.542 7.13083 12.7176
0.543 2.15416 10.031
0.544 0.314605 7.04164
0.545 1.34245 4.08152
0.546 3.92422 1.44804
0.547 6.20974 -0.676189
0.548 6.51393 -2.26441
0.549 3.96021 -3.42268
0.55 -1.16796 -4.30864
0.551 -7.4909 -5.02725
0.552 -12.9853 -5.55061
0.553 -15.6681 -5.69892
0.554 -14.2818 -5.19502
0.555 -8.7505 -3.77769
0.556 -0.248151 -1.33634
0.557 9.15959 1.98715
0.558 17.1807 5.77907
0.559 22.0295 9.4363
0.56 22.9609 12.327
0.561 20.4304 13.9746
0.562 15.8538 14.2
0.563 11.0735 13.1697
0.564 7.71968 11.3318
0.565 6.67405 9.2577
0.566 7.81282 7.44502
0.567 10.1193 6.15575
0.568 12.1233 5.35224
0.569 12.4921 4.75308
0.57 10.5397 3.9834
0.571 6.47332 2.75984
0.572 1.31718 1.03937
0.573 -3.43604 -0.92585
0.574 -6.31753 -2.65238
0.575 -6.36131 -3.59011
0.576 -3.41691 -3.32898
0.577 1.80899 -1.76653
0.578 7.9934 0.830734
0.579 13.6231 3.89513
0.58 17.4448 6.72894
0.581 18.7939 8.71873
0.582 17.7167 9.51904
0.583 14.8781 9.14297
0.584 11.3008 7.92906
0.585 8.02762 6.39714
0.586 5.81266 5.0481
0.587 4.93435 4.18631
0.588 5.17387 3.83088
0.589 5.9439 3.74193
0.59 6.51319 3.54458
0.591 6.25997 2.90052
0.592 4.88425 1.66134
0.593 2.51741 -0.0532556
0.594 -0.303131 -1.88041
0.595 -2.78179 -3.33306
0.596 -4.08755 -3.96781
0.597 -3.59134 -3.53749
0.598 -1.06333 -2.07303
0.599 3.21932 0.130992
0.6 8.49985 2.6175
0.601 13.7222 4.91508
0.602 17.823 6.67834
0.603 20.0397 7.77366
0.604 20.1299 8.28708
0.605 18.4374 8.45794
0.606 15.7895 8.56657
0.607 13.2472 8.81959
0.608 11.7661 9.2743
0.609 11.8641 9.82635
0.61 13.4202 10.2601
0.611 15.6999 10.3359
0.612 17.6119 9.8783
0.613 18.1009 8.83522
0.614 16.5295 7.29438
0.615 12.9221 5.45557
0.616 7.99456 3.56902
0.617 2.95124 1.86282
0.618 -0.901105 0.485565
0.619 -2.60379 -0.516404
0.62 -1.89478 -1.18477
0.621 0.688057 -1.61192
0.622 3.99681 -1.89884
0.623 6.68383 -2.11898
0.624 7.67984 -2.29439
0.625 6.57421 -2.39007
0.626 3.7708 -2.32881
0.627 0.36112 -2.02014
0.628 -2.25328 -1.39091
0.629 -2.86287 -0.406692
0.63 -0.893393 0.917769
0.631 3.37619 2.51455
0.632 8.90045 4.2636
0.633 14.2219 6.0043
0.634 17.9631 7.56004
0.635 19.2857 8.76969
0.636 18.1553 9.51602
0.637 15.3218 9.7448
0.638 12.0187 9.47266
0.639 9.5007 8.78241
0.64 8.59065 7.80244
0.641 9.39998 6.67037
0.642 11.3133 5.49213
0.643 13.2347 4.31526
0.644 14.0058 3.12908
0.645 12.8471 1.88977
0.646 9.66047 0.559189
0.647 5.07713 -0.85579
0.648 0.239024 -2.276
0.649 -3.59335 -3.54609
0.65 -5.45627 -4.46211
0.651 -4.98072 -4.82787
0.652 -2.48563 -4.52061
0.653 1.15539 -3.53881
0.654 4.82703 -2.01309
0.655 7.55468 -0.177775
0.656 8.81539 1.68737
0.657 8.66438 3.32836
0.658 7.64527 4.58052
0.659 6.5418 5.40344
0.66 6.07732 5.8735
0.661 6.66322 6.13537
0.662 8.26739 6.33255
0.663 10.4387 6.54522
0.664 12.4785 6.75841
0.665 13.6963 6.86956
0.666 13.6534 6.73169
0.667 12.3008 6.21723
0.668 9.97559 5.27981
0.669 7.27687 3.99084
0.67 4.87881 2.53522
0.671 3.33723 1.16563
0.672 2.93995 0.130997
0.673 3.64291 -0.395441
0.674 5.11065 -0.364281
0.675 6.84237 0.140895
0.676 8.33255 0.935427
0.677 9.2094 1.79451
0.678 9.31634 2.52206
0.679 8.7299 3.00554
0.68 7.71881 3.24003
0.681 6.6522 3.31403
0.682 5.87986 3.36226
0.683 5.62371 3.50378
0.684 5.91561 3.78985
0.685 6.59554 4.1813
0.686 7.36167 4.56141
0.687 7.85572 4.77561
0.688 7.76823 4.68335
0.689 6.94246 4.20769
0.69 5.44193 3.36785
0.691 3.5482 2.28135
0.692 1.6852 1.13132
0.693 0.298167 0.110706
0.694 -0.274095 -0.632918
0.695 0.0987073 -1.03139
0.696 1.28752 -1.10221
0.697 2.92718 -0.931775
0.698 4.52304 -0.642348
0.699 5.61518 -0.349052
0.7 5.93727 -0.118873
0.701 5.50526 0.0511289
0.702 4.60695 0.224949
0.703 3.70386 0.493381
0.704 3.27784 0.933209
0.705 3.66337 1.57711
0.706 4.91509 2.39947
0.707 6.76498 3.31643
0.708 8.70029 4.20086
0.709 10.1401 4.91337
0.71 10.6383 5.34189
0.711 10.0332 5.43292
0.712 8.49697 5.20031
0.713 6.47612 4.71146
0.714 4.54504 4.0629
0.715 3.21188 3.35533
0.716 2.73885 2.67085
0.717 3.0482 2.05424
0.718 3.75902 1.5059
0.719 4.34103 0.993049
0.72 4.31908 0.4753
0.721 3.44916 -0.0691922
0.722 1.80858 -0.629258
0.723 -0.222426 -1.1594
0.724 -2.08129 -1.58697
0.725 -3.21119 -1.82639
0.726 -3.25429 -1.80183
0.727 -2.17557 -1.47349
0.728 -0.268125 -0.854901
0.729 1.95699 -0.0120504
0.73 3.94744 0.953494
0.731 5.28762 1.9272
0.732 5.821 2.80293
0.733 5.6813 3.50221
0.734 5.22312 3.98976
0.735 4.87537 4.27735
0.736 4.9719 4.41034
0.737 5.62627 4.44248
0.738 6.69585 4.41317
0.739 7.84006 4.33651
0.74 8.64436 4.20119
0.741 8.76576 3.97618
0.742 8.05265 3.62194
0.743 6.59894 3.10945
0.744 4.71232 2.44191
0.745 2.80859 1.66678
0.746 1.27508 0.868856
0.747 0.356172 0.148309
0.748 0.0962592 -0.404215
0.749 0.349504 -0.727139
0.75 0.845818 -0.800953
0.751 1.29054 -0.654214
0.752 1.46572 -0.357918
0.753 1.29797 -0.00472187
0.754 0.868284 0.321151
0.755 0.365016 0.569344
0.756 0.0057282 0.732989
0.757 -0.038873 0.841944
0.758 0.303458 0.946264
0.759 0.988503 1.09583
0.76 1.87203 1.31964
0.761 2.75522 1.61007
0.762 3.44528 1.91967
0.763 3.81067 2.17503
0.764 3.81191 2.30284
0.765 3.50177 2.25664
0.766 3.0015 2.03347
0.767 2.46452 1.67599
0.768 2.03669 1.26124
0.769 1.81999 0.878955
0.77 1.8472 0.605012
0.771 2.0744 0.478417
0.772 2.39478 0.491068
0.773 2.67012 0.594511
0.774 2.77097 0.720283
0.775 2.61514 0.805394
0.776 2.19461 0.814027
0.777 1.58281 0.749167
0.778 0.917971 0.650643
0.779 0.365146 0.579371
0.78 0.0667001 0.592915
0.781 0.0960549 0.722254
0.782 0.430267 0.959339
0.783 0.952224 1.25926
0.784 1.48439 1.55453
0.785 1.84528 1.77567
0.786 1.91031 1.87172
0.787 1.65544 1.82519
0.788 1.16722 1.65616
0.789 0.614782 1.41325
0.79 0.192915 1.15456
0.791 0.0547214 0.927366
0.792 0.256047 0.754992
0.793 0.731381 0.634409
0.794 1.31229 0.543028
0.795 1.78482 0.450848
0.796 1.96655 0.334039
0.797 1.7745 0.186371
0.798 1.2582 0.0244269
0.799 0.585656 -0.116435
0.8 -0.0119311 -0.194206
0.801 -0.317586 -0.174892
0.802 -0.2029 -0.0433093
0.803 0.325918 0.193559
0.804 1.12788 0.510011
0.805 1.97508 0.868725
0.806 2.63202 1.22885
0.807 2.93677 1.55378
0.808 2.85319 1.81719
0.809 2.47649 2.00551
0.81 1.99257 2.11608
0.811 1.60706 2.15267
0.812 1.46881 2.12113
0.813 1.61475 2.02782
0.814 1.9568 1.88022
0.815 2.31587 1.68731
0.816 2.49012 1.4585
0.817 2.33107 1.20202
0.818 1.79919 0.924554
0.819 0.979573 0.632559
0.82 0.0540982 0.334395
0.821 -0.759433 0.0419661
0.822 -1.27977 -0.228402
0.823 -1.4201 -0.455853
0.824 -1.21058 -0.616588
0.825 -0.779312 -0.688417
0.826 -0.301181 -0.657812
0.827 0.0648417 -0.526655
0.828 0.227686 -0.315143
0.829 0.189041 -0.0587393
0.83 0.0343516 0.200303
0.831 -0.106187 0.424042
0.832 -0.111596 0.588955
0.833 0.0826173 0.691685
0.834 0.461963 0.748102
0.835 0.941247 0.785587
0.836 1.39696 0.831222
0.837 1.70996 0.900209
0.838 1.80407 0.988844
0.839 1.66951 1.07493
0.84 1.36365 1.12605
0.841 0.988257 1.11291
0.842 0.652077 1.02259
0.843 0.434493 0.865798
0.844 0.364226 0.674869
0.845 0.418108 0.493174
0.846 0.536064 0.360446
0.847 0.64455 0.299513
0.848 0.681298 0.308708
0.849 0.61497 0.362456
0.85 0.453148 0.420348
0.851 0.235401 0.442208
0.852 0.0154787 0.403575
0.853 -0.158172 0.305056
0.854 -0.255715 0.171481
0.855 -0.270475 0.0416761
0.856 -0.216524 -0.0462328
0.857 -0.121816 -0.0681489
0.858 -0.0183798 -0.0217441
0.859 0.0681094 0.0734919
0.86 0.125266 0.183943
0.861 0.154822 0.274886
0.862 0.168969 0.323963
0.863 0.185657 0.329396
0.864 0.224393 0.30936
0.865 0.301851 0.293121
0.866 0.426749 0.308265
0.867 0.595437 0.369361
0.868 0.79063 0.472037
0.869 0.984085 0.594217
0.87 1.14197 0.703936
0.871 1.23183 0.770871
0.872 1.23092 0.777225
0.873 1.13425 0.723686
0.874 0.958734 0.628236
0.875 0.74015 0.518655
0.876 0.522956 0.422071
0.877 0.346936 0.355723
0.878 0.235811 0.322278
0.879 0.191239 0.311235
0.88 0.193561 0.305442
0.881 0.20942 0.289596
0.882 0.204741 0.256973
0.883 0.158827 0.211748
0.884 0.0735965 0.166446
0.885 -0.026552 0.136048
0.886 -0.104331 0.131308
0.887 -0.124332 0.153825
0.888 -0.0670801 0.194836
0.889 0.0624149 0.238409
0.89 0.234271 0.267762
0.891 0.401989 0.27179
0.892 0.517131 0.248793
0.893 0.545577 0.20601
0.894 0.47922 0.155746
0.895 0.338474 0.110201
0.896 0.164723 0.0771567
0.897 0.00600284 0.0578674
0.898 -0.0986447 0.0477351
0.899 -0.130806 0.0395483
0.9 -0.0967646 0.0279583
0.901 -0.0230435 0.0129929
0.902 0.0547285 0.000671743
0.903 0.105575 0.000319863
0.904 0.114561 0.0200251
0.905 0.0875982 0.0625826
0.906 0.0480007 0.123704
0.907 0.0264436 0.192973
0.908 0.0484552 0.257004
0.909 0.12422 0.303719
0.91 0.24429 0.326286
0.911 0.382374 0.325163
0.912 0.503866 0.307248
0.913 0.57709 0.282412
0.914 0.583511 0.259036
0.915 0.523373 0.240672
0.916 0.414753 0.225193
0.917 0.286618 0.20652
0.918 0.168832 0.177955
0.919 0.0829481 0.135778
0.92 0.0368448 0.0816943
0.921 0.0244451 0.0231274
0.922 0.0299658 -0.0289436
0.923 0.034974 -0.0638264
0.924 0.0257927 -0.0750028
0.925 -0.00147126 -0.0623935
0.926 -0.0401544 -0.0321768
0.927 -0.076463 0.0055813
0.928 -0.0952437 0.040479
0.929 -0.0856626 0.0652275
0.93 -0.0449444 0.07778
0.931 0.0206831 0.0813504
0.932 0.0979091 0.0823426
0.933 0.170552 0.0871508
0.934 0.224687 0.0993008
0.935 0.252701 0.118091
0.936 0.254736 0.139067
0.937 0.237403 0.155916
0.938 0.210864 0.163021
0.939 0.185541 0.15775
0.94 0.169189 0.141602
0.941 0.164875 0.11966
0.942 0.170468 0.0985437
0.943 0.179989 0.0838331
0.944 0.186309 0.0781377
0.945 0.183857 0.0805135
0.946 0.170208 0.0871941
0.947 0.146354 0.0931666
0.948 0.116119 0.0940294
0.949 0.0850273 0.0875503
0.95 0.0586634 0.0743535
0.951 0.0408312 0.0574185
0.952 0.0322946 0.0406357
0.953 0.0308007 0.0271747
0.954 0.0323008 0.0184428
0.955 0.0325881 0.0139479
0.956 0.0286172 0.0118811
0.957 0.0192996 0.0100425
0.958 0.00581862 0.0067869
0.959 -0.00866845 0.00170984
0.96 -0.0200825 -0.00420642
0.961 -0.0249426 -0.00909413
0.962 -0.0216429 -0.0111053
0.963 -0.0108868 -0.00922913
0.964 0.00475653 -0.00363357
0.965 0.0217659 0.00450715
0.966 0.0366637 0.0134828
0.967 0.0469148 0.0215855
0.968 0.0515668 0.0275785
0.969 0.051366 0.0309854
0.97 0.048224 0.0320811
0.971 0.0442895 0.0315841
0.972 0.0411179 0.0302292
0.973 0.0392779 0.0284698
0.974 0.0384049 0.0264268
0.975 0.0375239 0.0240139
0.976 0.0355119 0.0211046
0.977 0.0316032 0.0176665
0.978 0.0257657 0.0138444
0.979 0.0187434 0.0099706
0.98 0.0117329 0.00647475
0.981 0.00589704 0.00372236
0.982 0.00198311 0.00188187
0.983 0.000171714 0.000899998
0.984 0.000126712 0.00057572
0.985 0.00116661 0.000660997
0.986 0.00250864 0.000932995
0.987 0.00352724 0.00123071
0.988 0.00392476 0.00146752
0.989 0.00373557 0.00162037
0.99 0.00318956 0.00169663
0.991 0.00254352 0.00169929
0.992 0.00197221 0.001617
0.993 0.00153913 0.00144034
0.994 0.00122 0.00118129
0.995 0.000951655 0.000876278
0.996 0.000685339 0.000573564
0.997 0.000419143 0.000316797
0.998 0.000191503 0.000133471
0.999 4.61671e-05 3.08395e-05
0.12 5.47249 0.788852
0.24 5.47519 0.787115
0.36 5.47971 0.78423
0.48 5.48603 0.780212
0.6 5.49417 0.775083
0.72 5.50412 0.768869
0.84 5.51591 0.761604
0.96 5.52953 0.753324
1.08 5.545 0.744075
1.2 5.56232 0.733904
1.32 5.58149 0.722865
1.44 5.60253 0.711015
1.56 5.62543 0.698416
1.68 5.6502 0.685133
1.8 5.67684 0.671237
1.92 5.70534 0.656798
2.04 5.7357 0.641891
2.16 5.76789 0.626593
2.28 5.80191 0.610983
2.4 5.83773 0.595139
2.52 5.87532 0.579144
2.64 5.91465 0.563076
2.76 5.95566 0.547018
2.88 5.99832 0.53105
3 6.04257 0.515251
3.12 6.08833 0.499698
3.24 6.13554 0.484468
3.36 6.18412 0.469635
3.48 6.23397 0.455269
3.6 6.285 0.441439
3.72 6.33711 0.428208
3.84 6.39017 0.415638
3.96 6.44408 0.403785
4.08 6.49869 0.392701
4.2 6.55387 0.382434
4.32 6.60949 0.373025
4.44 6.66539 0.364512
4.56 6.72141 0.356928
4.68 6.77741 0.350298
4.8 6.8332 0.344643
4.92 6.88864 0.339978
5.04 6.94354 0.336312
5.16 6.99774 0.33365
5.28 7.05106 0.331989
5.4 7.10333 0.331321
5.52 7.15438 0.331632
5.64 7.20403 0.332903
5.76 7.25213 0.335111
5.88 7.29849 0.338226
6 7.34297 0.342213
6.12 7.38541 0.347034
6.24 7.42565 0.352644
6.36 7.46356 0.358996
6.48 7.499 0.366039
6.6 7.53184 0.373718
6.72 7.56197 0.381974
6.84 7.58927 0.390748
6.96 7.61366 0.399974
7.08 7.63504 0.40959
7.2 7.65333 0.419527
7.32 7.66847 0.429718
7.44 7.68041 0.440093
7.56 7.6891 0.450585
7.68 7.69452 0.461124
7.8 7.69664 0.471642
7.92 7.69546 0.482071
8.04 7.69098 0.492344
8.16 7.68323 0.502397
8.28 7.67222 0.512167
8.4 7.658 0.521595
8.52 7.64061 0.530621
8.64 7.62011 0.539192
8.76 7.59657 0.547255
8.88 7.57006 0.554764
9 7.54067 0.561673
9.12 7.50848 0.567943
9.24 7.47359 0.573538
9.36 7.43611 0.578424
9.48 7.39614 0.582576
9.6 7.35378 0.585971
9.72 7.30916 0.588588
9.84 7.2624 0.590416
9.96 7.2136 0.591445
10.08 7.16288 0.591669
10.2 7.11038 0.591089
10.32 7.05619 0.589709
10.44 7.00045 0.587537
10.56 6.94326 0.584586
10.68 6.88473 0.580873
10.8 6.82498 0.576417
10.92 6.76411 0.571244
11.04 6.70222 0.565379
11.16 6.63941 0.558853
11.28 6.57576 0.551701
11.4 6.51137 0.543957
11.52 6.44632 0.535659
11.64 6.38067 0.526848
11.76 6.3145 0.517565
11.88 6.24788 0.507853
12 6.18086 0.497758
12.12 6.1135 0.487323
12.24 6.04584 0.476593
12.36 5.97792 0.465616
12.48 5.9098 0.454435
12.6 5.84148 0.443096
12.72 5.77302 0.431642
12.84 5.70442 0.420118
12.96 5.63572 0.408565
13.08 5.56693 0.397024
13.2 5.49806 0.385533
13.32 5.42913 0.374129
13.44 5.36015 0.362847
13.56 5.29114 0.35172
13.68 5.22209 0.340778
13.8 5.15302 0.330047
13.92 5.08393 0.319554
14.04 5.01484 0.309321
14.16 4.94574 0.299367
14.28 4.87666 0.289708
14.4 4.8076 0.280359
14.52 4.73857 0.271331
14.64 4.66959 0.262632
14.76 4.60066 0.254267
14.88 4.53182 0.24624
15 4.46307 0.23855
15.12 4.39444 0.231196
15.24 4.32595 0.224173
15.36 4.25763 0.217473
15.48 4.18949 0.211088
15.6 4.12158 0.205007
15.72 4.05391 0.199217
15.84 3.98653 0.193703
15.96 3.91946 0.18845
16.08 3.85274 0.183439
16.2 3.7864 0.178653
16.32 3.72047 0.174072
16.44 3.655 0.169676
16.56 3.59001 0.165444
16.68 3.52553 0.161354
16.8 3.46161 0.157386
16.92 3.39827 0.153518
17.04 3.33554 0.149728
17.16 3.27344 0.145995
17.28 3.21201 0.142299
17.4 3.15127 0.138618
17.52 3.09123 0.134934
17.64 3.03192 0.131228
17.76 2.97334 0.12748
17.88 2.9155 0.123676
18 2.85842 0.119798
18.12 2.80209 0.115831
18.24 2.74651 0.111763
18.36 2.69169 0.107581
18.48 2.6376 0.103273
18.6 2.58424 0.0988299
18.72 2.53158 0.0942434
18.84 2.47962 0.0895063
18.96 2.42833 0.0846128
19.08 2.37768 0.0795585
19.2 2.32765 0.0743402
19.32 2.27819 0.0689561
19.44 2.22929 0.0634056
19.56 2.1809 0.0576893
19.68 2.13299 0.051809
19.8 2.08552 0.0457675
19.92 2.03845 0.0395687
20.04 1.99175 0.0332177
20.16 1.94537 0.0267203
20.28 1.89929 0.0200832
20.4 1.85346 0.0133141
20.52 1.80785 0.00642122
20.64 1.76244 -0.000586301
20.76 1.71718 -0.0076988
20.88 1.67206 -0.014906
21 1.62704 -0.0221971
21.12 1.58212 -0.0295609
21.24 1.53728 -0.0369856
21.36 1.4925 -0.0444592
21.48 1.44778 -0.0519692
21.6 1.40312 -0.0595031
21.72 1.35852 -0.0670478
21.84 1.31398 -0.0745902
21.96 1.26953 -0.0821169
22.08 1.22517 -0.0896146
22.2 1.18094 -0.0970696
22.32 1.13686 -0.104468
22.44 1.09296 -0.111797
22.56 1.04928 -0.119041
22.68 1.00586 -0.126188
22.8 0.962749 -0.133223
22.92 0.919997 -0.140133
23.04 0.877658 -0.146903
23.16 0.835787 -0.15352
23.28 0.794444 -0.15997
23.4 0.75369 -0.166241
23.52 0.713589 -0.172317
23.64 0.674207 -0.178186
23.76 0.635607 -0.183834
23.88 0.597858 -0.189249
24 0.561023 -0.194417
24.12 0.525168 -0.199327
24.24 0.490357 -0.203966
24.36 0.456652 -0.208321
24.48 0.424111 -0.212382
24.6 0.392792 -0.216137
24.72 0.362748 -0.219576
24.84 0.334028 -0.222687
24.96 0.306678 -0.225463
25.08 0.280738 -0.227892
25.2 0.256244 -0.229968
25.32 0.233228 -0.231683
25.44 0.211712 -0.233029
25.56 0.191717 -0.234001
25.68 0.173255 -0.234593
25.8 0.156334 -0.234801
25.92 0.140954 -0.234622
26.04 0.127108 -0.234053
26.16 0.114785 -0.233094
26.28 0.103966 -0.231745
26.4 0.0946271 -0.230006
26.52 0.0867365 -0.227881
26.64 0.0802576 -0.225372
26.76 0.0751478 -0.222485
26.88 0.0713593 -0.219226
27 0.0688389 -0.215602
27.12 0.0675285 -0.211623
27.24 0.0673658 -0.207297
27.36 0.0682841 -0.202637
27.48 0.0702134 -0.197656
27.6 0.0730803 -0.192367
27.72 0.0768088 -0.186785
27.84 0.0813204 -0.180927
27.96 0.0865351 -0.174809
28.08 0.0923714 -0.168452
28.2 0.0987473 -0.161873
28.32 0.10558 -0.155093
28.44 0.112788 -0.148135
28.56 0.120289 -0.141018
28.68 0.128003 -0.133767
28.8 0.135852 -0.126405
28.92 0.143758 -0.118954
29.04 0.151647 -0.111439
29.16 0.159449 -0.103885
29.28 0.167095 -0.0963143
29.4 0.17452 -0.0887526
29.52 0.181664 -0.0812237
29.64 0.18847 -0.0737513
29.76 0.194887 -0.066359
29.88 0.200866 -0.0590697
30 0.206364 -0.0519058
30.12 0.211345 -0.0448887
30.24 0.215773 -0.0380392
30.36 0.219622 -0.0313772
30.48 0.222869 -0.0249213
30.6 0.225494 -0.018689
30.72 0.227485 -0.0126967
30.84 0.228833 -0.00695931
30.96 0.229535 -0.00149044
31.08 0.229592 0.0036978
31.2 0.229009 0.00859482
31.32 0.227795 0.0131916
31.44 0.225964 0.0174807
31.56 0.223533 0.0214562
31.68 0.220522 0.025114
31.8 0.216957 0.0284516
31.92 0.212863 0.0314679
32.04 0.208269 0.0341638
32.16 0.203209 0.0365414
32.28 0.197715 0.0386045
32.4 0.191823 0.0403585
32.52 0.18557 0.0418101
32.64 0.178993 0.0429673
32.76 0.172132 0.0438396
32.88 0.165025 0.0444376
33 0.157712 0.044773
33.12 0.150232 0.0448586
33.24 0.142624 0.0447081
33.36 0.134927 0.044336
33.48 0.127177 0.0437576
33.6 0.119412 0.0429886
33.72 0.111666 0.0420454
33.84 0.103973 0.0409447
33.96 0.096365 0.0397035
34.08 0.0888728 0.0383389
34.2 0.0815247 0.0368679
34.32 0.0743473 0.0353077
34.44 0.0673651 0.0336752
34.56 0.0606004 0.0319869
34.68 0.0540733 0.0302589
34.8 0.047802 0.0285071
34.92 0.0418022 0.0267465
35.04 0.0360874 0.0249916
35.16 0.0306691 0.0232562
35.28 0.0255566 0.0215532
35.4 0.0207568 0.0198947
35.52 0.016275 0.0182919
35.64 0.0121142 0.0167549
35.76 0.00827569 0.0152931
35.88 0.00475887 0.0139147
36 0.00156147 0.0126268
36.12 -0.0013204 0.0114355
36.24 -0.00389211 0.0103461
36.36 -0.00616042 0.00936237
36.48 -0.00813332 0.00848748
36.6 -0.00981999 0.00772338
36.72 -0.0112306 0.00707109
36.84 -0.0123763 0.00653066
36.96 -0.0132689 0.00610126
37.08 -0.0139209 0.00578115
37.2 -0.0143457 0.00556782
37.32 -0.0145567 0.00545798
37.44 -0.0145678 0.00544764
37.56 -0.0143934 0.00553217
37.68 -0.0140478 0.00570636
37.8 -0.0135454 0.00596451
37.92 -0.0129007 0.00630048
38.04 -0.012128 0.00670772
38.16 -0.0112415 0.00717943
38.28 -0.0102552 0.00770855
38.4 -0.00918269 0.00828785
38.52 -0.00803742 0.00891002
38.64 -0.00683231 0.00956768
38.76 -0.00557986 0.0102535
38.88 -0.00429214 0.0109602
39 -0.00298071 0.0116808
39.12 -0.00165658 0.0124082
39.24 -0.000330252 0.0131358
39.36 0.000988377 0.0138571
39.48 0.00228997 0.0145662
39.6 0.0035658 0.0152572
39.72 0.00480771 0.0159249
39.84 0.00600817 0.0165642
39.96 0.00716025 0.0171707
40.08 0.00825762 0.0177403
40.2 0.00929453 0.0182695
40.32 0.0102659 0.0187551
40.44 0.011167 0.0191943
40.56 0.0119941 0.0195851
40.68 0.0127436 0.0199257
40.8 0.0134127 0.0202147
40.92 0.013999 0.0204514
41.04 0.0145008 0.0206353
41.16 0.0149167 0.0207664
41.28 0.0152461 0.020845
41.4 0.0154884 0.0208718
41.52 0.015644 0.020848
41.64 0.0157133 0.0207748
41.76 0.0156975 0.0206539
41.88 0.0155978 0.0204873
42 0.0154162 0.0202769
42.12 0.0151547 0.0200252
42.24 0.0148159 0.0197345
42.36 0.0144027 0.0194076
42.48 0.0139182 0.0190471
42.6 0.0133658 0.0186559
42.72 0.0127493 0.0182368
42.84 0.0120724 0.0177927
42.96 0.0113395 0.0173265
43.08 0.0105547 0.016841
43.2 0.00972255 0.0163392
43.32 0.00884769 0.0158239
43.44 0.00793483 0.0152977
43.56 0.00698877 0.0147633
43.68 0.00601437 0.0142234
43.8 0.00501652 0.0136802
43.92 0.00400013 0.0131362
44.04 0.00297006 0.0125936
44.16 0.00193116 0.0120544
44.28 0.00088816 0.0115207
44.4 -0.000154262 0.0109942
44.52 -0.00119157 0.0104767
44.64 -0.00221938 0.00996968
44.76 -0.00323344 0.00947463
44.88 -0.00422973 0.00899284
45 -0.00520439 0.00852551
45.12 -0.00615381 0.0080737
45.24 -0.00707462 0.00763839
45.36 -0.00796368 0.00722042
45.48 -0.00881814 0.00682055
45.6 -0.00963542 0.00643945
45.72 -0.0104132 0.00607769
45.84 -0.0111495 0.00573577
45.96 -0.0118426 0.00541412
46.08 -0.012491 0.00511308
46.2 -0.0130937 0.00483295
46.32 -0.0136498 0.00457397
46.44 -0.0141588 0.00433631
46.56 -0.0146204 0.00412012
46.68 -0.0150346 0.00392547
46.8 -0.0154018 0.00375242
46.92 -0.0157224 0.00360096
47.04 -0.0159973 0.00347107
47.16 -0.0162275 0.00336267
47.28 -0.0164141 0.00327567
47.4 -0.0165585 0.00320991
47.52 -0.0166624 0.00316521
47.64 -0.0167275 0.00314135
47.76 -0.0167556 0.00313808
47.88 -0.0167487 0.0031551
48 -0.0167089 0.00319206
48.12 -0.0166383 0.00324858
48.24 -0.0165392 0.00332421
48.36 -0.0164137 0.00341849
48.48 -0.0162642 0.00353088
48.6 -0.0160928 0.00366078
48.72 -0.0159017 0.00380756
48.84 -0.0156933 0.00397053
48.96 -0.0154696 0.00414894
49.08 -0.0152326 0.00434197
49.2 -0.0149845 0.00454877
49.32 -0.014727 0.0047684
49.44 -0.0144621 0.0049999
49.56 -0.0141914 0.00524225
49.68 -0.0139165 0.00549435
49.8 -0.0136388 0.00575508
49.92 -0.0133599 0.00602327
50.04 -0.0130808 0.0062977
50.16 -0.0128027 0.00657712
50.28 -0.0125267 0.00686026
50.4 -0.0122535 0.00714579
50.52 -0.011984 0.0074324
50.64 -0.0117188 0.00771875
50.76 -0.0114585 0.00800347
50.88 -0.0112036 0.00828524
51 -0.0109543 0.0085627
51.12 -0.0107111 0.00883454
51.24 -0.0104742 0.00909944
51.36 -0.0102436 0.00935615
51.48 -0.0100196 0.00960341
51.6 -0.00980206 0.00984005
51.72 -0.00959117 0.0100649
51.84 -0.00938686 0.010277
51.96 -0.00918911 0.0104751
52.08 -0.00899788 0.0106585
52.2 -0.00881312 0.0108262
52.32 -0.00863478 0.0109775
52.44 -0.00846281 0.0111116
52.56 -0.00829718 0.0112279
52.68 -0.00813785 0.011326
52.8 -0.00798483 0.0114054
52.92 -0.00783811 0.0114658
53.04 -0.00769772 0.011507
53.16 -0.00756369 0.0115289
53.28 -0.00743607 0.0115313
53.4 -0.00731493 0.0115145
53.52 -0.00720036 0.0114786
53.64 -0.00709243 0.0114239
53.76 -0.00699124 0.0113507
53.88 -0.00689686 0.0112594
54 -0.0068094 0.0111507
54.12 -0.00672892 0.0110251
54.24 -0.00665548 0.0108833
54.36 -0.00658912 0.0107261
54.48 -0.00652984 0.0105543
54.6 -0.00647763 0.0103688
54.72 -0.00643242 0.0101705
54.84 -0.00639413 0.00996043
54.96 -0.00636261 0.00973955
55.08 -0.00633766 0.00950894
55.2 -0.00631904 0.00926968
55.32 -0.00630646 0.00902286
55.44 -0.00629955 0.00876961
55.56 -0.00629793 0.00851102
55.68 -0.00630111 0.00824824
55.8 -0.00630858 0.00798238
55.92 -0.00631977 0.00771454
56.04 -0.00633407 0.00744582
56.16 -0.00635079 0.0071773
56.28 -0.00636924 0.00691003
56.4 -0.00638868 0.00664504
56.52 -0.00640833 0.00638333
56.64 -0.00642739 0.00612585
56.76 -0.00644507 0.00587355
56.88 -0.00646053 0.00562731
57 -0.00647297 0.00538798
57.12 -0.00648157 0.00515637
57.24 -0.00648556 0.00493325
57.36 -0.00648417 0.00471934
57.48 -0.00647668 0.00451533
57.6 -0.0064624 0.00432184
57.72 -0.00644073 0.00413947
57.84 -0.00641108 0.00396877
57.96 -0.00637297 0.00381024
58.08 -0.00632598 0.00366434
58.2 -0.00626977 0.00353149
58.32 -0.00620408 0.00341205
58.44 -0.00612876 0.00330636
58.56 -0.00604373 0.00321471
58.68 -0.00594904 0.00313735
58.8 -0.00584479 0.00307448
58.92 -0.00573122 0.00302628
59.04 -0.00560865 0.00299287
59.16 -0.00547749 0.00297434
59.28 -0.00533823 0.00297074
59.4 -0.00519147 0.00298207
59.52 -0.00503786 0.00300831
59.64 -0.00487816 0.00304938
59.76 -0.00471315 0.00310517
59.88 -0.0045437 0.00317553
60 -0.00437071 0.00326026
60.12 -0.00419512 0.00335911
60.24 -0.00401789 0.00347181
60.36 -0.00383999 0.00359804
60.48 -0.00366241 0.0037374
60.6 -0.00348612 0.00388949
60.72 -0.00331207 0.00405384
60.84 -0.00314116 0.00422992
60.96 -0.00297427 0.00441718
61.08 -0.00281221 0.00461501
61.2 -0.00265573 0.00482273
61.32 -0.00250549 0.00503964
61.44 -0.00236209 0.00526497
61.56 -0.00222601 0.00549791
61.68 -0.00209765 0.0057376
61.8 -0.00197729 0.00598314
61.92 -0.00186511 0.00623356
62.04 -0.00176115 0.00648788
62.16 -0.00166537 0.00674506
62.28 -0.00157758 0.00700401
62.4 -0.00149749 0.00726363
62.52 -0.00142469 0.00752277
62.64 -0.00135867 0.00778027
62.76 -0.00129878 0.00803491
62.88 -0.00124432 0.00828549
63 -0.00119445 0.00853078
63.12 -0.00114828 0.00876954
63.24 -0.00110482 0.00900054
63.36 -0.00106304 0.00922254
63.48 -0.00102185 0.00943431
63.6 -0.000980122 0.00963466
63.72 -0.000936704 0.00982239
63.84 -0.000890437 0.00999637
63.96 -0.000840165 0.0101555
64.08 -0.00078475 0.0102987
64.2 -0.00072309 0.0104249
64.32 -0.000654131 0.0105333
64.44 -0.00057688 0.0106229
64.56 -0.000490425 0.0106929
64.68 -0.000393939 0.0107427
64.8 -0.000286701 0.0107715
64.92 -0.000168103 0.0107789
65.04 -3.76586e-05 0.0107644
65.16 0.000104981 0.0107277
65.28 0.000260026 0.0106685
65.4 0.000427537 0.0105867
65.52 0.000607423 0.0104824
65.64 0.000799437 0.0103557
65.76 0.00100317 0.0102068
65.88 0.00121807 0.0100361
66 0.00144341 0.00984402
66.12 0.00167831 0.00963127
66.24 0.00192177 0.00939853
66.36 0.00217262 0.00914667
66.48 0.00242958 0.00887666
66.6 0.00269122 0.00858957
66.72 0.00295604 0.00828658
66.84 0.00322241 0.00796898
66.96 0.00348863 0.00763816
67.08 0.00375294 0.00729557
67.2 0.00401352 0.00694278
67.32 0.00426851 0.00658139
67.44 0.00451605 0.00621309
67.56 0.00475427 0.00583962
67.68 0.00498134 0.00546275
67.8 0.00519544 0.00508429
67.92 0.00539484 0.00470606
68.04 0.00557786 0.00432992
68.16 0.00574294 0.00395768
68.28 0.0058886 0.00359118
68.4 0.00601351 0.00323221
68.52 0.00611649 0.00288254
68.64 0.0061965 0.00254386
68.76 0.00625267 0.00221783
68.88 0.00628431 0.00190604
69 0.00629094 0.00160997
69.12 0.00627224 0.00133102
69.24 0.00622814 0.00107051
69.36 0.00615873 0.000829617
69.48 0.00606434 0.00060941
69.6 0.0059455 0.000410832
69.72 0.00580294 0.000234688
69.84 0.0056376 8.16438e-05
69.96 0.00545061 -4.77826e-05
70.08 0.00524329 -0.000153223
70.2 0.00501714 -0.000234462
70.32 0.00477382 -0.000291442
70.44 0.00451514 -0.00032426
70.56 0.00424305 -0.00033317
70.68 0.00395962 -0.000318585
70.8 0.00366701 -0.000281066
70.92 0.00336748 -0.000221329
71.04 0.00306334 -0.000140234
71.16 0.00275695 -3.87798e-05
71.28 0.00245066 8.1898e-05
71.4 0.00214687 0.000220539
71.52 0.0018479 0.000375764
71.64 0.00155608 0.000546086
71.76 0.00127361 0.000729918
71.88 0.00100267 0.000925584
72 0.00074528 0.00113133
72.12 0.000503361 0.00134535
72.24 0.000278683 0.00156577
72.36 7.28565e-05 0.00179068
72.48 -0.000112682 0.00201815
72.6 -0.000276684 0.00224623
72.72 -0.000418098 0.00247298
72.84 -0.000536082 0.00269647
72.96 -0.000630007 0.0029148
73.08 -0.000699462 0.0031261
73.2 -0.000744259 0.00332859
73.32 -0.00076443 0.0035205
73.44 -0.000760228 0.00370019
73.56 -0.000732117 0.00386609
73.68 -0.000680773 0.00401674
73.8 -0.000607067 0.00415077
73.92 -0.000512059 0.00426695
74.04 -0.000396982 0.00436418
74.16 -0.000263229 0.00444149
74.28 -0.000112334 0.00449805
74.4 5.40475e-05 0.00453319
74.52 0.000234154 0.00454638
74.64 0.000426146 0.00453725
74.76 0.00062812 0.00450558
74.88 0.000838139 0.00445132
75 0.00105425 0.00437457
75.12 0.00127452 0.00427557
75.24 0.00149704 0.00415474
75.36 0.00171996 0.00401262
75.48 0.00194153 0.00384992
75.6 0.00216006 0.00366746
75.72 0.00237404 0.00346619
75.84 0.00258207 0.00324721
75.96 0.00278293 0.0030117
76.08 0.00297556 0.00276096
76.2 0.00315912 0.00249636
76.32 0.00333297 0.00221939
76.44 0.00349668 0.00193156
76.56 0.00365007 0.00163448
76.68 0.00379317 0.00132979
76.8 0.00392627 0.00101915
76.92 0.00404988 0.000704265
77.04 0.00416475 0.000386841
77.16 0.00427187 6.85819e-05
77.28 0.00437245 -0.000248821
77.4 0.00446791 -0.000563697
77.52 0.00455987 -0.000874411
77.64 0.00465016 -0.00117937
77.76 0.00474074 -0.00147703
77.88 0.00483376 -0.00176591
78 0.00493148 -0.00204459
78.12 0.00503626 -0.00231173
78.24 0.00515057 -0.00256606
78.36 0.00527691 -0.00280639
78.48 0.00541782 -0.00303162
78.6 0.00557585 -0.00324074
78.72 0.00575353 -0.00343281
78.84 0.00595333 -0.00360699
78.96 0.00617765 -0.0037625
79.08 0.00642878 -0.00389869
79.2 0.0067089 -0.00401493
79.32 0.00702002 -0.0041107
79.44 0.00736398 -0.00418553
79.56 0.00774242 -0.00423903
79.68 0.00815679 -0.00427086
79.8 0.00860828 -0.00428071
79.92 0.00909785 -0.00426832
80.04 0.00962622 -0.00423349
80.16 0.0101938 -0.004176
80.28 0.0108009 -0.00409568
80.4 0.0114472 -0.00399236
80.52 0.0121326 -0.00386588
80.64 0.0128563 -0.00371606
80.76 0.0136174 -0.00354274
80.88 0.014415 -0.00334571
81 0.0152477 -0.00312478
81.12 0.0161139 -0.00287971
81.24 0.0170118 -0.00261026
81.36 0.0179397 -0.00231614
81.48 0.0188955 -0.00199708
81.6 0.019877 -0.00165275
81.72 0.020882 -0.00128285
81.84 0.0219084 -0.000887037
81.96 0.0229538 -0.000464989
82.08 0.024016 -1.63922e-05
82.2 0.0250928 0.000459042
82.32 0.0261821 0.000961567
82.44 0.0272819 0.00149138
82.56 0.0283905 0.00204861
82.68 0.0295062 0.00263331
82.8 0.0306276 0.0032454
82.92 0.0317536 0.00388469
83.04 0.0328834 0.00455083
83.16 0.0340163 0.00524331
83.28 0.0351521 0.0059614
83.4 0.0362909 0.00670418
83.52 0.0374332 0.00747044
83.64 0.0385798 0.00825873
83.76 0.0397318 0.00906731
83.88 0.0408907 0.0098941
84 0.0420585 0.0107367
84.12 0.0432372 0.0115923
84.24 0.0444296 0.0124579
84.36 0.0456383 0.0133298
84.48 0.0468667 0.0142041
84.6 0.0481179 0.0150764
84.72 0.0493956 0.0159419
84.84 0.0507036 0.0167954
84.96 0.0520458 0.0176312
85.08 0.053426 0.0184431
85.2 0.0548484 0.0192247
85.32 0.0563168 0.0199689
85.44 0.0578351 0.0206683
85.56 0.0594072 0.0213152
85.68 0.0610365 0.0219014
85.8 0.0627262 0.0224184
85.92 0.0644794 0.0228575
86.04 0.0662986 0.0232096
86.16 0.0681859 0.0234654
86.28 0.0701428 0.0236156
86.4 0.0721704 0.0236504
86.52 0.0742691 0.0235604
86.64 0.0764386 0.0233357
86.76 0.078678 0.022967
86.88 0.0809856 0.0224446
87 0.0833587 0.0217595
87.12 0.0857941 0.0209025
87.24 0.0882876 0.0198651
87.36 0.0908342 0.018639
87.48 0.0934279 0.0172166
87.6 0.0960621 0.0155908
87.72 0.098729 0.0137551
87.84 0.10142 0.0117039
87.96 0.104127 0.00943217
88.08 0.106838 0.00693609
88.2 0.109544 0.00421262
88.32 0.112232 0.00125982
88.44 0.114892 -0.00192316
88.56 0.117509 -0.00533598
88.68 0.120071 -0.00897709
88.8 0.122565 -0.0128436
88.92 0.124976 -0.0169315
89.04 0.127291 -0.0212351
89.16 0.129495 -0.0257477
89.28 0.131574 -0.0304608
89.4 0.133514 -0.0353648
89.52 0.1353 -0.0404486
89.64 0.13692 -0.0456996
89.76 0.13836 -0.051104
89.88 0.139606 -0.0566464
90 0.140648 -0.0623102
90.12 0.141474 -0.0680775
90.24 0.142073 -0.0739293
90.36 0.142436 -0.0798453
90.48 0.142553 -0.0858041
90.6 0.142419 -0.0917836
90.72 0.142027 -0.0977605
90.84 0.141371 -0.103711
90.96 0.140449 -0.10961
91.08 0.139259 -0.115433
91.2 0.1378 -0.121154
91.32 0.136073 -0.126748
91.44 0.13408 -0.132188
91.56 0.131827 -0.137448
91.68 0.129319 -0.142504
91.8 0.126562 -0.147328
91.92 0.123567 -0.151898
92.04 0.120343 -0.156187
92.16 0.116903 -0.160173
92.28 0.113259 -0.163834
92.4 0.109427 -0.167147
92.52 0.105422 -0.170093
92.64 0.101262 -0.172653
92.76 0.0969641 -0.17481
92.88 0.0925487 -0.176548
93 0.0880354 -0.177854
93.12 0.0834452 -0.178716
93.24 0.0787994 -0.179124
93.36 0.0741199 -0.179071
93.48 0.069429 -0.17855
93.6 0.064749 -0.17756
93.72 0.0601023 -0.176098
93.84 0.0555112 -0.174166
93.96 0.0509977 -0.171769
94.08 0.0465832 -0.168913
94.2 0.0422888 -0.165605
94.32 0.0381346 -0.161858
94.44 0.0341399 -0.157685
94.56 0.0303232 -0.1531
94.68 0.0267015 -0.148123
94.8 0.0232909 -0.142773
94.92 0.0201058 -0.137071
95.04 0.0171595 -0.131043
95.16 0.0144635 -0.124713
95.28 0.0120277 -0.11811
95.4 0.00986034 -0.111262
95.52 0.00796802 -0.104199
95.64 0.00635545 -0.0969532
95.76 0.0050256 -0.0895568
95.88 0.00397962 -0.0820432
96 0.00321686 -0.0744463
96.12 0.00273492 -0.0668006
96.24 0.00252964 -0.0591406
96.36 0.00259519 -0.0515011
96.48 0.0029241 -0.0439165
96.6 0.00350734 -0.0364208
96.72 0.00433443 -0.0290477
96.84 0.00539352 -0.0218298
96.96 0.00667151 -0.0147989
97.08 0.00815414 -0.00798567
97.2 0.00982617 -0.00141925
97.32 0.0116715 0.00487256
97.44 0.0136732 0.0108637
97.56 0.0158138 0.0165298
97.68 0.0180755 0.0218487
97.8 0.0204402 0.0268001
97.92 0.0228894 0.0313658
98.04 0.0254049 0.0355302
98.16 0.0279686 0.0392796
98.28 0.0305627 0.0426032
98.4 0.0331699 0.0454922
98.52 0.0357734 0.0479405
98.64 0.0383574 0.0499443
98.76 0.0409065 0.0515026
98.88 0.0434068 0.0526164
99 0.045845 0.0532894
99.12 0.0482094 0.0535275
99.24 0.0504892 0.0533388
99.36 0.0526751 0.0527337
99.48 0.0547592 0.0517245
99.6 0.0567349 0.0503255
99.72 0.0585971 0.0485528
99.84 0.0603422 0.0464241
99.96 0.0619681 0.0439586
100.08 0.063474 0.041177
100.2 0.0648606 0.0381009
100.32 0.0661302 0.0347529
100.44 0.067286 0.0311567
100.56 0.0683329 0.0273364
100.68 0.0692767 0.0233164
100.8 0.0701244 0.0191217
100.92 0.070884 0.014777
101.04 0.0715644 0.0103072
101.16 0.0721752 0.00573674
101.28 0.0727269 0.00108961
101.4 0.0732301 -0.00361078
101.52 0.0736963 -0.00834178
101.64 0.0741368 -0.0130817
101.76 0.0745633 -0.0178097
101.88 0.0749874 -0.0225065
102 0.0754205 -0.0271537
102.12 0.0758738 -0.0317344
102.24 0.0763579 -0.0362331
102.36 0.0768831 -0.0406359
102.48 0.0774589 -0.0449303
102.6 0.0780939 -0.0491055
102.72 0.078796 -0.0531522
102.84 0.0795719 -0.0570627
102.96 0.0804274 -0.0608309
103.08 0.081367 -0.0644522
103.2 0.0823941 -0.0679236
103.32 0.0835108 -0.0712434
103.44 0.0847177 -0.0744114
103.56 0.0860144 -0.0774285
103.68 0.0873988 -0.0802969
103.8 0.0888677 -0.0830199
103.92 0.0904164 -0.0856016
104.04 0.0920389 -0.0880472
104.16 0.0937281 -0.0903624
104.28 0.0954754 -0.0925535
104.4 0.0972714 -0.0946273
104.52 0.0991052 -0.0965909
104.64 0.100965 -0.0984513
104.76 0.102839 -0.100216
104.88 0.104713 -0.101892
105 0.106574 -0.103486
105.12 0.108406 -0.105004
105.24 0.110196 -0.106453
105.36 0.111928 -0.107837
105.48 0.113586 -0.109161
105.6 0.115155 -0.11043
105.72 0.116621 -0.111645
105.84 0.117968 -0.112809
105.96 0.119183 -0.113922
106.08 0.120251 -0.114984
106.2 0.12116 -0.115993
106.32 0.121897 -0.116948
106.44 0.122452 -0.117843
106.56 0.122815 -0.118675
106.68 0.122976 -0.119437
106.8 0.12293 -0.120123
106.92 0.122669 -0.120723
107.04 0.122189 -0.12123
107.16 0.121489 -0.121633
107.28 0.120566 -0.121922
107.4 0.119422 -0.122085
107.52 0.118059 -0.122111
107.64 0.116481 -0.121987
107.76 0.114694 -0.121701
107.88 0.112706 -0.12124
108 0.110527 -0.120591
108.12 0.108167 -0.119742
108.24 0.10564 -0.118681
108.36 0.102961 -0.117395
108.48 0.100144 -0.115874
108.6 0.0972085 -0.114107
108.72 0.0941727 -0.112085
108.84 0.0910569 -0.109799
108.96 0.0878824 -0.107242
109.08 0.0846715 -0.104407
109.2 0.0814473 -0.101291
109.32 0.0782339 -0.0978906
109.44 0.0750558 -0.0942037
109.56 0.0719378 -0.090231
109.68 0.0689053 -0.0859746
109.8 0.0659834 -0.0814384
109.92 0.0631975 -0.0766283
110.04 0.0605726 -0.0715521
110.16 0.0581333 -0.0662192
110.28 0.0559038 -0.0606415
110.4 0.0539074 -0.0548322
110.52 0.0521665 -0.0488066
110.64 0.0507028 -0.0425819
110.76 0.0495364 -0.0361769
110.88 0.0486864 -0.0296119
111 0.0481704 -0.022909
111.12 0.0480042 -0.0160914
111.24 0.0482022 -0.00918389
111.36 0.0487769 -0.00221214
111.48 0.0497388 0.00479707
111.6 0.0510965 0.0118162
111.72 0.0528567 0.0188169
111.84 0.0550237 0.0257707
111.96 0.0575998 0.0326484
112.08 0.0605852 0.0394211
112.2 0.0639776 0.0460597
112.32 0.0677728 0.0525356
112.44 0.071964 0.0588206
112.56 0.0765425 0.0648871
112.68 0.0814973 0.0707085
112.8 0.0868151 0.0762591
112.92 0.0924807 0.0815145
113.04 0.0984768 0.0864516
113.16 0.104784 0.0910489
113.28 0.111382 0.0952866
113.4 0.118246 0.0991466
113.52 0.125353 0.102613
113.64 0.132677 0.105671
113.76 0.14019 0.10831
113.88 0.147862 0.11052
114 0.155665 0.112292
114.12 0.163566 0.113623
114.24 0.171534 0.114508
114.36 0.179537 0.114949
114.48 0.187541 0.114946
114.6 0.195513 0.114505
114.72 0.203418 0.113631
114.84 0.211224 0.112333
114.96 0.218896 0.110622
115.08 0.226401 0.108511
115.2 0.233707 0.106016
115.32 0.24078 0.103152
115.44 0.247589 0.0999392
115.56 0.254104 0.0963968
115.68 0.260295 0.0925465
115.8 0.266133 0.0884113
115.92 0.271592 0.0840152
116.04 0.276646 0.0793831
116.16 0.281272 0.074541
116.28 0.285447 0.0695151
116.4 0.28915 0.0643323
116.52 0.292364 0.0590198
116.64 0.295073 0.0536047
116.76 0.297261 0.0481143
116.88 0.298918 0.0425753
117 0.300033 0.0370144
117.12 0.300599 0.0314573
117.24 0.300611 0.0259294
117.36 0.300066 0.020455
117.48 0.298963 0.0150575
117.6 0.297306 0.00975912
117.72 0.295097 0.00458101
117.84 0.292344 -0.000457067
117.96 0.289056 -0.00533673
118.08 0.285243 -0.0100411
118.2 0.280919 -0.0145546
118.32 0.2761 -0.0188636
118.44 0.270803 -0.0229556
118.56 0.265048 -0.0268201
118.68 0.258855 -0.030448
118.8 0.252249 -0.0338319
118.92 0.245252 -0.0369659
119.04 0.237893 -0.0398457
119.16 0.230198 -0.0424685
119.28 0.222196 -0.044833
119.4 0.213916 -0.0469392
119.52 0.20539 -0.0487885
119.64 0.196649 -0.0503835
119.76 0.187725 -0.0517279
119.88 0.17865 -0.0528267
120 0.169457 -0.0536855
