-0.999 -4.9577e-05 -4.18708e-05
-0.998 -0.000217902 -0.000174425
-0.997 -0.000501201 -0.000393459
-0.996 -0.000866908 -0.000669459
-0.995 -0.00128471 -0.000952889
-0.994 -0.00174973 -0.00119508
-0.993 -0.00228182 -0.00137476
-0.992 -0.00289883 -0.00151297
-0.991 -0.00357476 -0.00166507
-0.99 -0.00420431 -0.00189219
-0.989 -0.00460054 -0.00222622
-0.988 -0.00454271 -0.00264699
-0.987 -0.00386604 -0.0030897
-0.986 -0.00255886 -0.00349232
-0.985 -0.000829917 -0.00387001
-0.984 0.000876227 -0.00437601
-0.983 0.00192759 -0.00530321
-0.982 0.00162073 -0.00700966
-0.981 -0.000652702 -0.00978997
-0.98 -0.00522576 -0.013735
-0.979 -0.0120123 -0.0186288
-0.978 -0.020456 -0.0239325
-0.977 -0.029612 -0.0288931
-0.976 -0.0383622 -0.0327618
-0.975 -0.0457129 -0.0350379
-0.974 -0.0510782 -0.0356198
-0.973 -0.0544235 -0.0347937
-0.972 -0.0561996 -0.0330836
-0.971 -0.0570853 -0.0310284
-0.97 -0.0576054 -0.0289591
-0.969 -0.0577261 -0.0268454
-0.968 -0.0566005 -0.0243005
-0.967 -0.0526591 -0.0207944
-0.966 -0.0441313 -0.0160142
-0.965 -0.0298773 -0.0101885
-0.964 -0.0101875 -0.00419372
-0.963 0.0128423 0.0006123
-0.962 0.035546 0.00274226
-0.961 0.0534786 0.000999653
-0.96 0.0625869 -0.00512855
-0.959 0.0604805 -0.0152185
-0.958 0.0473716 -0.0279327
-0.957 0.0262299 -0.0413797
-0.956 0.00191538 -0.0536897
-0.955 -0.0205065 -0.0635556
-0.954 -0.0376194 -0.0705284
-0.953 -0.048913 -0.0750156
-0.952 -0.0569769 -0.0780433
-0.951 -0.0665613 -0.0808586
-0.95 -0.0827328 -0.0844706
-0.949 -0.108679 -0.0893019
-0.948 -0.143972 -0.095118
-0.947 -0.184078 -0.101264
-0.946 -0.221459 -0.107065
-0.945 -0.248005 -0.112201
-0.944 -0.257926 -0.116936
-0.943 -0.249987 -0.122154
-0.942 -0.228279 -0.129135
-0.941 -0.201083 -0.139086
-0.94 -0.178051 -0.152558
-0.939 -0.166637 -0.169029
-0.938 -0.169162 -0.186833
-0.937 -0.181637 -0.203396
-0.936 -0.194854 -0.215673
-0.935 -0.197417 -0.220723
-0.934 -0.179787 -0.216378
-0.933 -0.138049 -0.201847
-0.932 -0.0760309 -0.177976
-0.931 -0.00474019 -0.147037
-0.93 0.0609244 -0.112203
-0.929 0.10694 -0.0770003
-0.928 0.124512 -0.0448589
-0.927 0.11249 -0.0186793
-0.926 0.0771954 -0.000489069
-0.925 0.0298719 0.00862167
-0.924 -0.0174462 0.00821152
-0.923 -0.0563922 -0.00193602
-0.922 -0.0854093 -0.0220444
-0.921 -0.110122 -0.0522814
-0.92 -0.140638 -0.0925668
-0.919 -0.186977 -0.142356
-0.918 -0.254506 -0.200278
-0.917 -0.340963 -0.263597
-0.916 -0.435882 -0.327858
-0.915 -0.522591 -0.387146
-0.914 -0.582384 -0.434981
-0.913 -0.599825 -0.46547
-0.912 -0.567494 -0.474348
-0.911 -0.488401 -0.45984
-0.91 -0.375318 -0.423347
-0.909 -0.247468 -0.369599
-0.908 -0.125686 -0.305777
-0.907 -0.0273515 -0.239714
-0.906 0.0376072 -0.178077
-0.905 0.06855 -0.125377
-0.904 0.0732146 -0.0838946
-0.903 0.0642354 -0.0540403
-0.902 0.0542143 -0.0349597
-0.901 0.0509606 -0.0255372
-0.9 0.0543749 -0.0256959
-0.899 0.0560913 -0.0371219
-0.898 0.0423651 -0.0625067
-0.897 -0.000455013 -0.103563
-0.896 -0.0796718 -0.159184
-0.895 -0.191406 -0.224859
-0.894 -0.319052 -0.293285
-0.893 -0.436004 -0.355514
-0.892 -0.512346 -0.402451
-0.891 -0.523879 -0.426972
-0.89 -0.460741 -0.426375
-0.889 -0.332376 -0.403815
-0.888 -0.166542 -0.367469
-0.887 -0.00228579 -0.327793
-0.886 0.120939 -0.294545
-0.885 0.174742 -0.274869
-0.884 0.15026 -0.272381
-0.883 0.0606442 -0.286777
-0.882 -0.0638045 -0.314195
-0.881 -0.186784 -0.34897
-0.88 -0.279674 -0.386416
-0.879 -0.332467 -0.424944
-0.878 -0.357507 -0.466066
-0.877 -0.384574 -0.51257
-0.876 -0.448987 -0.566435
-0.875 -0.576669 -0.627428
-0.874 -0.771275 -0.692191
-0.873 -1.00828 -0.753649
-0.872 -1.23903 -0.801517
-0.871 -1.40456 -0.824824
-0.87 -1.45474 -0.815825
-0.869 -1.36606 -0.773113
-0.868 -1.15118 -0.702202
-0.867 -0.856598 -0.613815
-0.866 -0.548803 -0.521334
-0.865 -0.293504 -0.438118
-0.864 -0.134608 -0.374502
-0.863 -0.0802223 -0.334836
-0.862 -0.100883 -0.316189
-0.861 -0.141324 -0.310129
-0.86 -0.142116 -0.306903
-0.859 -0.0634749 -0.29953
-0.858 0.0978574 -0.285766
-0.857 0.30546 -0.268028
-0.856 0.495254 -0.252335
-0.855 0.598107 -0.246582
-0.854 0.564664 -0.257752
-0.853 0.383681 -0.288595
-0.852 0.0876086 -0.335684
-0.851 -0.256739 -0.390573
-0.85 -0.569966 -0.443675
-0.849 -0.787416 -0.488525
-0.848 -0.881977 -0.524283
-0.847 -0.872939 -0.556069
-0.846 -0.817242 -0.593823
-0.845 -0.787142 -0.649934
-0.844 -0.843378 -0.735377
-0.843 -1.01318 -0.854987
-0.842 -1.27944 -1.00387
-0.841 -1.58386 -1.16698
-0.84 -1.84374 -1.32237
-0.839 -1.9784 -1.44631
-0.838 -1.9359 -1.51857
-0.837 -1.70938 -1.52628
-0.836 -1.33691 -1.46612
-0.835 -0.88704 -1.34436
-0.834 -0.437295 -1.17424
-0.833 -0.0529352 -0.971461
-0.832 0.229074 -0.749465
-0.831 0.407658 -0.516719
-0.83 0.513797 -0.277057
-0.829 0.595025 -0.0325838
-0.828 0.693917 0.212227
-0.827 0.829704 0.446764
-0.826 0.989565 0.652246
-0.825 1.13079 0.802645
-0.824 1.19164 0.8691
-0.823 1.10815 0.826894
-0.822 0.833709 0.66257
-0.821 0.356662 0.378688
-0.82 -0.290443 -0.00511028
-0.819 -1.03418 -0.454985
-0.818 -1.77524 -0.929247
-0.817 -2.41054 -1.3867
-0.816 -2.85719 -1.79442
-0.815 -3.07319 -2.13231
-0.814 -3.06841 -2.3929
-0.813 -2.90096 -2.57737
-0.812 -2.65853 -2.69001
-0.811 -2.43069 -2.73345
-0.81 -2.28124 -2.70576
-0.809 -2.22857 -2.60007
-0.808 -2.23932 -2.40786
-0.807 -2.23884 -2.12499
-0.806 -2.13841 -1.75849
-0.805 -1.87227 -1.33049
-0.804 -1.43 -0.877451
-0.803 -0.869976 -0.444649
-0.802 -0.307807 -0.0779112
-0.801 0.115648 0.185186
-0.8 0.276897 0.322938
-0.799 0.111966 0.333727
-0.798 -0.35412 0.234889
-0.797 -1.00364 0.0562373
-0.796 -1.65586 -0.169447
-0.795 -2.12409 -0.415451
-0.794 -2.27943 -0.666596
-0.793 -2.09578 -0.919788
-0.792 -1.65995 -1.18011
-0.791 -1.14447 -1.45375
-0.79 -0.751864 -1.73994
-0.789 -0.645407 -2.02538
-0.788 -0.887887 -2.28385
-0.787 -1.41189 -2.48157
-0.786 -2.03729 -2.5861
-0.785 -2.53365 -2.57573
-0.784 -2.70517 -2.44655
-0.783 -2.46555 -2.21516
-0.782 -1.87502 -1.91586
-0.781 -1.12687 -1.59236
-0.78 -0.486192 -1.28634
-0.779 -0.199606 -1.02748
-0.778 -0.406349 -0.829032
-0.777 -1.08298 -0.689208
-0.776 -2.04377 -0.596451
-0.775 -2.99952 -0.536391
-0.774 -3.65601 -0.499245
-0.773 -3.81771 -0.485981
-0.772 -3.45967 -0.510334
-0.771 -2.74035 -0.594169
-0.77 -1.94821 -0.757558
-0.769 -1.39991 -1.00876
-0.768 -1.32739 -1.33867
-0.767 -1.79382 -1.72026
-0.766 -2.66654 -2.11126
-0.765 -3.65618 -2.45983
-0.764 -4.41098 -2.71406
-0.763 -4.63735 -2.83407
-0.762 -4.20566 -2.80205
-0.761 -3.20078 -2.62487
-0.76 -1.89516 -2.32886
-0.759 -0.65442 -1.95116
-0.758 0.186751 -1.53171
-0.757 0.433588 -1.10646
-0.756 0.0909857 -0.70135
-0.755 -0.642569 -0.329328
-0.754 -1.4457 0.006192
-0.753 -1.99026 0.301549
-0.752 -2.06537 0.542244
-0.751 -1.66215 0.698239
-0.75 -0.982553 0.727225
-0.749 -0.369211 0.583229
-0.748 -0.185887 0.227558
-0.747 -0.692927 -0.359048
-0.746 -1.95681 -1.1648
-0.745 -3.81927 -2.14045
-0.744 -5.93592 -3.20337
-0.743 -7.87664 -4.25238
-0.742 -9.25866 -5.18776
-0.741 -9.8652 -5.92906
-0.74 -9.70457 -6.42666
-0.739 -8.98987 -6.66597
-0.738 -8.05203 -6.66341
-0.737 -7.22089 -6.45444
-0.736 -6.71475 -6.07696
-0.735 -6.57215 -5.55721
-0.734 -6.64574 -4.90467
-0.733 -6.66122 -4.1176
-0.732 -6.32348 -3.19566
-0.731 -5.43314 -2.15481
-0.73 -3.97071 -1.04003
-0.729 -2.11873 0.069193
-0.728 -0.214943 1.06553
-0.727 1.34586 1.83345
-0.726 2.22799 2.27598
-0.725 2.25255 2.33879
-0.724 1.44758 2.0234
-0.723 0.03576 1.38644
-0.722 -1.6361 0.525954
-0.721 -3.20246 -0.442374
-0.72 -4.38622 -1.41397
-0.719 -5.07441 -2.31911
-0.718 -5.33899 -3.13176
-0.717 -5.3968 -3.86079
-0.716 -5.52328 -4.52902
-0.715 -5.94993 -5.15005
-0.714 -6.78031 -5.71143
-0.713 -7.95127 -6.16844
-0.712 -9.24832 -6.45092
-0.711 -10.3672 -6.48296
-0.71 -11.0037 -6.2105
-0.709 -10.948 -5.62577
-0.708 -10.1549 -4.77771
-0.707 -8.76543 -3.76481
-0.706 -7.07048 -2.71307
-0.705 -5.42508 -1.74668
-0.704 -4.14596 -0.959621
-0.703 -3.42534 -0.396323
-0.702 -3.28376 -0.047305
-0.701 -3.56996 0.137934
-0.7 -4.0084 0.225734
-0.699 -4.28621 0.270894
-0.698 -4.15964 0.295813
-0.697 -3.54586 0.281376
-0.696 -2.5637 0.172739
-0.695 -1.50444 -0.100129
-0.694 -0.743952 -0.593096
-0.693 -0.627903 -1.32078
-0.692 -1.36323 -2.24308
-0.691 -2.94275 -3.27011
-0.69 -5.12447 -4.28129
-0.689 -7.48016 -5.15176
-0.688 -9.51111 -5.78144
-0.687 -10.8002 -6.121
-0.686 -11.1463 -6.18434
-0.685 -10.6285 -6.03934
-0.684 -9.57759 -5.77895
-0.683 -8.46692 -5.48646
-0.682 -7.75847 -5.21053
-0.681 -7.74852 -4.95668
-0.68 -8.45918 -4.69228
-0.679 -9.61579 -4.36235
-0.678 -10.7305 -3.91644
-0.677 -11.2751 -3.3412
-0.676 -10.8844 -2.68384
-0.675 -9.51353 -2.05197
-0.674 -7.48576 -1.58709
-0.673 -5.41164 -1.42469
-0.672 -4.00368 -1.65711
-0.671 -3.84495 -2.30773
-0.67 -5.18317 -3.31844
-0.669 -7.81952 -4.55474
-0.668 -11.1389 -5.83376
-0.667 -14.2853 -6.97046
-0.666 -16.4319 -7.82462
-0.665 -17.052 -8.32907
-0.664 -16.0907 -8.49099
-0.663 -13.9741 -8.37132
-0.662 -11.453 -8.0526
-0.661 -9.33656 -7.60329
-0.66 -8.20514 -7.04744
-0.659 -8.20054 -6.35306
-0.658 -8.96962 -5.44872
-0.657 -9.79115 -4.2645
-0.656 -9.85039 -2.77922
-0.655 -8.56477 -1.054
-0.654 -5.83766 0.759996
-0.653 -2.14214 2.44152
-0.652 1.59965 3.74338
-0.651 4.30352 4.45186
-0.65 5.08133 4.44458
-0.649 3.54891 3.72423
-0.648 -0.0266049 2.41393
-0.647 -4.79894 0.717418
-0.646 -9.61415 -1.1387
-0.645 -13.3857 -2.9608
-0.644 -15.4409 -4.62798
-0.643 -15.7205 -6.10588
-0.642 -14.764 -7.42924
-0.641 -13.486 -8.65683
-0.64 -12.8173 -9.81666
-0.639 -13.3431 -10.8674
-0.638 -15.0743 -11.6936
-0.637 -17.4407 -12.135
-0.636 -19.5 -12.0351
-0.635 -20.279 -11.294
-0.634 -19.1257 -9.9107
-0.633 -15.9594 -8.00318
-0.632 -11.3341 -5.79484
-0.631 -6.28378 -3.56544
-0.63 -1.99007 -1.58172
-0.629 0.609713 -0.0340841
-0.628 1.12136 0.998242
-0.627 -0.209088 1.54687
-0.626 -2.61659 1.72463
-0.625 -5.09307 1.67709
-0.624 -6.72241 1.52743
-0.623 -6.97901 1.33008
-0.622 -5.90088 1.05098
-0.621 -4.07021 0.58449
-0.62 -2.39457 -0.19851
-0.619 -1.77075 -1.39154
-0.618 -2.76896 -3.00551
-0.617 -5.45397 -4.94875
-0.616 -9.38316 -7.03836
-0.615 -13.7537 -9.039
-0.614 -17.6454 -10.7197
-0.613 -20.2991 -11.913
-0.612 -21.3517 -12.5567
-0.611 -20.9412 -12.7023
-0.61 -19.6322 -12.4867
-0.609 -18.1921 -12.0773
-0.608 -17.3171 -11.612
-0.607 -17.4064 -11.1543
-0.606 -18.4409 -10.676
-0.605 -19.9848 -10.0724
-0.604 -21.307 -9.20465
-0.603 -21.6076 -7.95911
-0.602 -20.2851 -6.30421
-0.601 -17.1518 -4.32473
-0.6 -12.5163 -2.21925
-0.599 -7.11589 -0.260515
-0.598 -1.92888 1.26882
-0.597 2.07419 2.14611
-0.596 4.18683 2.26474
-0.595 4.16401 1.66056
-0.594 2.29117 0.499648
-0.593 -0.713237 -0.970555
-0.592 -3.93148 -2.49202
-0.591 -6.53297 -3.86555
-0.59 -8.02319 -4.99582
-0.589 -8.38794 -5.89886
-0.588 -8.08994 -6.67052
-0.587 -7.90155 -7.42559
-0.586 -8.60548 -8.2278
-0.585 -10.6631 -9.03787
-0.584 -13.9857 -9.70295
-0.583 -17.9047 -9.99521
-0.582 -21.3478 -9.68754
-0.581 -23.1592 -8.64022
-0.58 -22.4743 -6.86995
-0.579 -19.0477 -4.57871
-0.578 -13.4173 -2.12925
-0.577 -6.81474 0.0337932
-0.576 -0.816944 1.49768
-0.575 3.14507 1.99178
-0.574 4.23013 1.45402
-0.573 2.42835 0.0325559
-0.572 -1.46164 -1.97241
-0.571 -6.10055 -4.20281
-0.57 -10.0495 -6.34372
-0.569 -12.2597 -8.20331
-0.568 -12.4401 -9.74543
-0.567 -11.1478 -11.0588
-0.566 -9.54646 -12.2729
-0.565 -8.9286 -13.458
-0.564 -10.1972 -14.5555
-0.563 -13.4937 -15.3656
-0.562 -18.087 -15.5948
-0.561 -22.5617 -14.9453
-0.56 -25.2608 -13.2212
-0.559 -24.8572 -10.4204
-0.558 -20.8518 -6.77756
-0.557 -13.8055 -2.73685
-0.556 -5.20761 1.14452
-0.555 2.96933 4.32692
-0.554 8.86606 6.41058
-0.553 11.2909 7.21447
-0.552 10.0631 6.7939
-0.551 6.03282 5.39577
-0.55 0.762871 3.36584
-0.549 -4.0231 1.03848
-0.548 -7.02754 -1.35221
-0.547 -7.79318 -3.71048
-0.546 -6.81166 -6.05966
-0.545 -5.3081 -8.48024
-0.544 -4.77987 -11.0292
-0.543 -6.43455 -13.667
-0.542 -10.7135 -16.2203
-0.541 -17.0776 -18.398
-0.54 -24.1418 -19.8619
-0.539 -30.1061 -20.3235
-0.538 -33.3215 -19.632
-0.537 -32.8059 -17.827
-0.536 -28.562 -15.1468
-0.535 -21.6108 -11.991
-0.534 -13.714 -8.83924
-0.533 -6.84512 -6.13958
-0.532 -2.57428 -4.20085
-0.531 -1.58508 -3.12836
-0.53 -3.492 -2.82073
-0.529 -6.99793 -3.0178
-0.528 -10.3162 -3.37913
-0.527 -11.729 -3.57817
-0.526 -10.1406 -3.39766
-0.525 -5.46665 -2.79958
-0.524 1.28705 -1.93692
-0.523 8.32064 -1.0944
-0.522 13.6231 -0.581581
-0.521 15.6314 -0.622309
-0.52 13.7384 -1.27547
-0.519 8.49854 -2.40502
-0.518 1.48116 -3.7099
-0.517 -5.20019 -4.81849
-0.516 -9.57162 -5.4289
-0.515 -10.4889 -5.44385
-0.514 -8.07789 -5.03675
-0.513 -3.73715 -4.61514
-0.512 0.317787 -4.69424
-0.511 1.81017 -5.72275
-0.51 -0.794857 -7.91041
-0.509 -7.69494 -11.1103
-0.508 -17.5626 -14.8078
-0.507 -27.862 -18.2407
-0.506 -35.6119 -20.6221
-0.505 -38.3569 -21.3846
-0.504 -35.0074 -20.3532
-0.503 -26.2399 -17.7922
-0.502 -14.3135 -14.3173
-0.501 -2.36163 -10.6994
-0.5 6.61657 -7.6123
-0.499 10.7395 -5.41094
-0.498 9.86349 -4.03201
-0.497 5.60181 -3.0659
-0.496 0.711094 -1.96951
-0.495 -1.94201 -0.324907
-0.494 -0.461279 1.95828
-0.493 5.33775 4.56039
-0.492 13.785 6.81391
-0.491 21.8738 7.90496
-0.49 26.2874 7.16387
-0.489 24.598 4.34062
-0.488 16.2061 -0.254701
-0.487 2.66311 -5.81353
-0.486 -12.7584 -11.2645
-0.485 -26.0948 -15.5847
-0.484 -33.9609 -18.0823
-0.483 -34.6313 -18.5758
-0.482 -28.5809 -17.4217
-0.481 -18.3025 -15.3685
-0.48 -7.44154 -13.274
-0.479 0.462713 -11.7939
-0.478 3.18065 -11.1719
-0.477 0.498764 -11.2125
-0.476 -5.8104 -11.4221
-0.475 -12.7086 -11.2418
-0.474 -17.0197 -10.2855
-0.473 -16.5735 -8.51711
-0.472 -10.9906 -6.30469
-0.471 -1.84424 -4.31706
-0.47 7.86839 -3.2872
-0.469 14.7708 -3.73903
-0.468 16.2859 -5.79352
-0.467 11.5187 -9.12297
-0.466 1.54542 -13.048
-0.465 -10.9467 -16.7265
-0.464 -22.5096 -19.3776
-0.463 -29.9892 -20.4852
-0.462 -31.4645 -19.9181
-0.461 -26.7883 -17.924
-0.46 -17.5596 -15.0061
-0.459 -6.54558 -11.7469
-0.458 3.23098 -8.65288
-0.457 9.41133 -6.06065
-0.456 10.9401 -4.10496
-0.455 8.2727 -2.73609
-0.454 3.13942 -1.78188
-0.453 -2.04087 -1.04004
-0.452 -4.9343 -0.36717
-0.451 -4.03594 0.269444
-0.45 0.84409 0.784722
-0.449 8.50964 0.996907
-0.448 16.7334 0.66347
-0.447 22.9104 -0.461687
-0.446 24.82 -2.54096
-0.445 21.3047 -5.55474
-0.444 12.6898 -9.23794
-0.443 0.803243 -13.0901
-0.442 -11.4607 -16.4647
-0.441 -20.952 -18.716
-0.44 -25.213 -19.3703
-0.439 -23.2624 -18.283
-0.438 -15.9643 -15.7293
-0.437 -5.85668 -12.3761
-0.436 3.55085 -9.11352
-0.435 8.84936 -6.78725
-0.434 7.86955 -5.92562
-0.433 0.504713 -6.56335
-0.432 -11.1097 -8.22867
-0.431 -23.18 -10.1019
-0.43 -31.4412 -11.2982
-0.429 -32.5711 -11.1876
-0.428 -25.3725 -9.64263
-0.427 -11.3196 -7.11402
-0.426 5.77168 -4.48864
-0.425 20.9168 -2.76607
-0.424 29.63 -2.66982
-0.423 29.5076 -4.34363
-0.422 21.1362 -7.25487
-0.421 7.97056 -10.3483
-0.42 -4.80094 -12.4006
-0.419 -12.0424 -12.4577
-0.418 -10.5266 -10.2043
-0.417 -0.219238 -6.13076
-0.416 15.5136 -1.42361
-0.415 30.9335 2.40132
-0.414 39.8868 4.00304
-0.413 37.9926 2.67482
-0.412 24.2652 -1.4134
-0.411 1.59013 -7.27589
-0.41 -24.1145 -13.4474
-0.409 -45.7915 -18.4749
-0.408 -57.5878 -21.3974
-0.407 -56.8517 -22.0502
-0.406 -45.0489 -21.081
-0.405 -27.2149 -19.6689
-0.404 -10.1285 -19.0456
-0.403 0.109265 -20.0065
-0.402 0.205145 -22.5947
-0.401 -9.21154 -26.0681
-0.4 -23.8387 -29.147
-0.399 -37.2301 -30.4556
-0.398 -43.1051 -29.0063
-0.397 -37.6456 -24.5636
-0.396 -20.9407 -17.7534
-0.395 2.97421 -9.87698
-0.394 27.4814 -2.50227
-0.393 45.6117 3.01224
-0.392 52.335 5.89493
-0.391 46.1612 6.13365
-0.39 29.5635 4.41092
-0.389 8.10505 1.83232
-0.388 -11.4452 -0.466276
-0.387 -23.3711 -1.70135
-0.386 -24.8508 -1.67923
-0.385 -16.7421 -0.810863
-0.384 -3.09538 0.0800676
-0.383 10.3515 0.0640831
-0.382 18.1396 -1.57958
-0.381 16.8762 -5.11998
-0.38 6.30548 -10.2551
-0.379 -10.6523 -16.155
-0.378 -28.8904 -21.6722
-0.377 -42.7966 -25.664
-0.376 -48.0564 -27.3161
-0.375 -42.9874 -26.3611
-0.374 -29.0104 -23.1368
-0.373 -10.1635 -18.49
-0.372 8.15514 -13.5575
-0.371 20.8213 -9.4624
-0.37 24.5111 -6.98869
-0.369 18.6699 -6.34005
-0.368 5.64217 -7.08326
-0.367 -10.0675 -8.31255
-0.366 -23.1815 -8.97697
-0.365 -29.2804 -8.25653
-0.364 -26.202 -5.87095
-0.363 -14.7747 -2.23204
-0.362 1.36882 1.61875
-0.361 16.8649 4.30086
-0.36 26.2699 4.54738
-0.359 25.7958 1.66975
-0.358 14.6058 -4.14266
-0.357 -4.74205 -11.8078
-0.356 -26.9084 -19.6337
-0.355 -45.3406 -25.8123
-0.354 -54.3549 -28.9734
-0.353 -51.0493 -28.6206
-0.352 -36.3662 -25.2949
-0.351 -14.9074 -20.3847
-0.35 6.47423 -15.6376
-0.349 20.876 -12.5442
-0.348 23.6499 -11.8203
-0.347 14.0528 -13.1679
-0.346 -4.36789 -15.3995
-0.345 -24.8851 -16.894
-0.344 -39.8972 -16.237
-0.343 -43.6411 -12.8154
-0.342 -34.3353 -7.13304
-0.341 -14.9625 -0.709685
-0.34 7.61601 4.40378
-0.339 24.9383 6.31127
-0.338 29.8549 3.9144
-0.337 19.0817 -2.69859
-0.336 -5.51403 -12.2449
-0.335 -37.3938 -22.6361
-0.334 -67.471 -31.6454
-0.333 -87.1547 -37.6177
-0.332 -91.2424 -39.95
-0.331 -79.6293 -39.167
-0.33 -57.2296 -36.594
-0.329 -32.1534 -33.7904
-0.328 -12.8208 -31.9615
-0.327 -5.05057 -31.54
-0.326 -10.1382 -32.0631
-0.325 -24.548 -32.3838
-0.324 -41.2841 -31.1455
-0.323 -52.4436 -27.3347
-0.322 -52.0608 -20.6907
-0.321 -38.2395 -11.8219
-0.32 -13.8149 -2.01505
-0.319 14.6599 7.15089
-0.318 39.1715 14.2429
-0.317 52.8804 18.3307
-0.316 52.2298 19.1717
-0.315 37.9118 17.1839
-0.314 14.4844 13.2392
-0.313 -11.1824 8.36608
-0.312 -32.1258 3.4733
-0.311 -43.4501 -0.832638
-0.31 -43.6991 -4.31647
-0.309 -35.0151 -7.08706
-0.308 -22.1456 -9.50263
-0.307 -10.7773 -12.0406
-0.306 -5.7846 -15.1625
-0.305 -9.85068 -19.187
-0.304 -22.7384 -24.1705
-0.303 -41.3699 -29.8097
-0.302 -60.7212 -35.4127
-0.301 -75.3035 -39.9959
-0.3 -80.7696 -42.5166
-0.299 -75.1483 -42.1832
-0.298 -59.3914 -38.7388
-0.297 -37.1705 -32.6232
-0.296 -14.0026 -24.9512
-0.295 4.15825 -17.2743
-0.294 12.6066 -11.1416
-0.293 9.40099 -7.57579
-0.292 -3.8296 -6.66605
-0.291 -22.1711 -7.48591
-0.29 -38.8156 -8.41629
-0.289 -47.187 -7.77044
-0.288 -43.1756 -4.48816
-0.287 -26.7837 1.34878
-0.286 -2.57538 8.36625
-0.285 21.3933 14.2071
-0.284 36.0069 16.2627
-0.283 34.1814 12.6155
-0.282 13.5588 2.84326
-0.281 -22.22 -11.6639
-0.28 -64.2645 -28.0419
-0.279 -101.118 -42.8427
-0.278 -122.56 -53.1516
-0.277 -123.217 -57.5348
-0.276 -104.631 -56.485
-0.275 -74.9205 -52.1864
-0.274 -46.0159 -47.6464
-0.273 -29.4002 -45.4893
-0.272 -31.8232 -46.8679
-0.271 -52.5612 -50.9385
-0.27 -83.3293 -55.1307
-0.269 -111.066 -56.1282
-0.268 -122.714 -51.1991
-0.267 -110.267 -39.376
-0.266 -74.1034 -22.0323
-0.265 -23.2835 -2.60594
-0.264 27.3706 14.457
-0.263 62.3349 25.1619
-0.262 70.794 27.2902
-0.261 50.5066 21.1087
-0.26 8.71433 9.21594
-0.259 -40.3405 -4.41142
-0.258 -80.4919 -15.8297
-0.257 -99.463 -22.4825
-0.256 -93.1799 -23.9872
-0.255 -66.933 -22.0536
-0.254 -33.0389 -19.5939
-0.253 -6.01634 -19.4127
-0.252 2.88119 -23.0096
-0.251 -10.1765 -29.9367
-0.25 -40.2004 -37.9172
-0.249 -75.2544 -43.6661
-0.248 -100.947 -44.1241
-0.247 -105.876 -37.6583
-0.246 -85.9287 -24.7635
-0.245 -45.7816 -7.97148
-0.244 2.88375 8.98849
-0.243 45.6149 22.4167
-0.242 70.1928 29.7669
-0.241 70.5929 30.2818
-0.24 48.6031 24.9868
-0.239 12.6797 16.1165
-0.238 -25.4206 6.20485
-0.237 -54.9409 -2.82879
-0.236 -69.744 -10.2564
-0.235 -69.9384 -16.5631
-0.234 -61.035 -22.9423
-0.233 -51.1748 -30.5367
-0.232 -47.6999 -39.7953
-0.231 -54.4609 -50.2054
-0.23 -70.7667 -60.4535
-0.229 -92.1092 -68.8865
-0.228 -112.132 -74.0663
-0.227 -124.975 -75.2113
-0.226 -127.154 -72.3763
-0.225 -118.37 -66.3194
-0.224 -101.119 -58.1387
-0.223 -79.4007 -48.8672
-0.222 -57.2376 -39.2296
-0.221 -37.694 -29.6558
-0.22 -22.6958 -20.4894
-0.219 -13.3947 -12.2157
-0.218 -10.5209 -5.533
-0.217 -14.3199 -1.19873
-0.216 -24.1112 0.280275
-0.215 -37.8518 -1.04613
-0.214 -52.1137 -4.43893
-0.213 -62.6806 -8.61564
-0.212 -65.7291 -12.1643
-0.211 -59.3286 -14.0932
-0.21 -44.7343 -14.2957
-0.209 -26.757 -13.7016
-0.208 -12.6482 -13.9797
-0.207 -9.56441 -16.8512
-0.206 -21.5116 -23.2751
-0.205 -47.1494 -32.8635
-0.204 -79.5758 -43.8153
-0.203 -108.363 -53.441
-0.202 -123.179 -59.0975
-0.201 -117.726 -59.1791
-0.2 -92.5467 -53.7812
-0.199 -55.5457 -44.7651
-0.198 -19.6858 -35.1493
-0.197 1.59586 -28.0011
-0.196 -0.332229 -25.2199
-0.195 -25.4654 -26.7038
-0.194 -64.5103 -30.2831
-0.193 -101.883 -32.5073
-0.192 -121.324 -30
-0.191 -112.039 -20.8486
-0.19 -73.0779 -5.48978
-0.189 -14.2699 13.2393
-0.188 46.7702 30.911
-0.187 90.6566 42.9184
-0.186 103.187 46.0185
-0.185 80.6594 39.4574
-0.184 31.424 25.2259
-0.183 -27.0923 7.30324
-0.182 -74.861 -9.83302
-0.181 -96.7532 -22.8289
-0.18 -88.1606 -30.5684
-0.179 -56.599 -34.3825
-0.178 -18.7522 -37.3297
-0.177 5.88712 -42.8401
-0.176 2.45054 -53.2081
-0.175 -33.4664 -68.4722
-0.174 -93.7246 -86.1259
-0.173 -160.224 -101.832
-0.172 -211.333 -110.904
-0.171 -229.756 -109.983
-0.17 -208.784 -98.2453
-0.169 -154.525 -77.7024
-0.168 -83.4541 -52.5604
-0.167 -16.4604 -27.9067
-0.166 28.2957 -8.19808
-0.165 41.2499 3.96696
-0.164 24.1345 8.39874
-0.163 -11.3243 7.02164
-0.162 -48.2228 2.8751
-0.161 -71.0047 -1.17225
-0.16 -71.152 -3.48451
-0.159 -49.8618 -4.12248
-0.158 -16.8981 -4.60804
-0.157 13.5635 -7.14959
-0.156 28.2638 -13.6501
-0.155 19.4406 -24.8557
-0.154 -12.6964 -39.9264
-0.153 -60.1789 -56.5454
-0.152 -109.987 -71.5046
-0.151 -148.304 -81.56
-0.15 -164.84 -84.2965
-0.149 -155.72 -78.7561
-0.148 -124.064 -65.6562
-0.147 -78.37 -47.1534
-0.146 -29.622 -26.2642
-0.145 11.7641 -6.15671
-0.144 38.3354 10.4851
-0.143 46.988 21.9228
-0.142 39.2772 27.6176
-0.141 20.6774 28.2342
-0.14 -1.09103 25.3354
-0.139 -18.3218 20.7983
-0.138 -25.5458 16.1409
-0.137 -21.0567 12.0243
-0.136 -7.37435 8.09954
-0.135 9.34824 3.19018
-0.134 20.812 -4.27786
-0.133 18.8205 -15.6717
-0.132 -1.96554 -31.4642
-0.131 -41.4888 -50.684
-0.13 -93.1428 -70.8153
-0.129 -144.97 -88.3339
-0.128 -183.155 -99.7443
-0.127 -196.578 -102.71
-0.126 -180.75 -96.8507
-0.125 -139.769 -83.9684
-0.124 -85.6797 -67.6423
-0.123 -35.2078 -52.2611
-0.122 -4.49457 -41.6939
-0.121 -3.31298 -38.0021
-0.12 -30.9805 -40.7088
-0.119 -75.9955 -46.9947
-0.118 -119.959 -52.7973
-0.117 -144.359 -54.3776
-0.116 -137.525 -49.743
-0.115 -99.084 -39.4094
-0.114 -40.3572 -26.2402
-0.113 19.4357 -14.4117
-0.112 59.9404 -7.85969
-0.111 67.1418 -8.76569
-0.11 38.826 -16.6552
-0.109 -14.2219 -28.4778
-0.108 -72.019 -39.6795
-0.107 -112.878 -45.892
-0.106 -121.653 -44.5925
-0.105 -95.4127 -36.0672
-0.104 -44.2953 -23.271
-0.103 12.5945 -10.6642
-0.102 54.4055 -2.54816
-0.101 66.0407 -1.57002
-0.1 43.3274 -7.89011
-0.099 -5.75491 -19.2181
-0.098 -64.1312 -31.6672
-0.097 -111.957 -41.1503
-0.096 -133.926 -44.8254
-0.095 -124.615 -42.0006
-0.094 -89.6269 -34.1103
-0.093 -42.3283 -23.8511
-0.092 1.90717 -13.9935
-0.091 31.2132 -6.43676
-0.09 40.5595 -1.79635
-0.089 32.2988 0.485682
-0.088 14.2899 1.65943
-0.087 -3.60831 3.00248
-0.086 -13.478 5.20718
-0.085 -12.1488 8.08511
-0.084 -1.6232 10.7328
-0.083 12.8594 12.0289
-0.082 25.7083 11.1315
-0.081 33.0548 7.68915
-0.08 33.136 1.71124
-0.079 25.3765 -6.74056
-0.078 9.25228 -17.7861
-0.077 -16.0997 -31.682
-0.076 -51.1669 -48.4571
-0.075 -94.5709 -67.4016
-0.074 -141.682 -86.7253
-0.073 -184.364 -103.663
-0.072 -212.468 -115.084
-0.071 -216.938 -118.425
-0.07 -193.672 -112.672
-0.069 -146.722 -99.0748
-0.068 -89.0509 -81.2061
-0.067 -39.4506 -64.0753
-0.066 -15.7648 -52.3736
-0.065 -27.0054 -48.5426
-0.064 -68.3307 -51.6521
-0.063 -121.734 -57.7092
-0.062 -162.316 -61.248
-0.061 -167.55 -57.5029
-0.06 -126.283 -44.4101
-0.059 -44.6435 -23.8364
-0.058 53.6794 -1.49196
-0.057 134.354 14.8133
-0.056 165.369 18.234
-0.055 130.955 6.01664
-0.054 39.6872 -18.878
-0.053 -77.4257 -48.498
-0.052 -177.959 -72.6136
-0.051 -223.505 -82.283
-0.05 -193.972 -73.0436
-0.049 -96.0694 -46.7237
-0.048 37.453 -11.12
-0.047 158.892 22.6732
-0.046 223.802 44.4827
-0.045 208.922 49.0592
-0.044 121.822 38.0857
-0.043 -1.74504 19.4023
-0.042 -111.333 3.88429
-0.041 -160.858 1.18342
-0.04 -126.458 15.8119
-0.039 -16.6099 45.0253
-0.038 130.12 79.5342
-0.037 259.713 106.993
-0.036 323.819 116.816
-0.035 298.18 104.202
-0.034 191.223 71.8303
-0.033 40.5718 28.864
-0.032 -100.635 -12.24
-0.031 -183.281 -40.1473
-0.03 -181.272 -48.8735
-0.029 -102.224 -40.0813
-0.028 15.9011 -22.1748
-0.027 121.276 -6.48824
-0.026 169.53 -2.52409
-0.025 139.971 -14.4665
-0.024 41.4324 -40.0371
-0.023 -92.0929 -71.5656
-0.022 -213.751 -98.7471
-0.021 -281.072 -112.458
-0.02 -272.964 -108.479
-0.019 -198.658 -89.3787
-0.018 -92.7989 -63.2701
-0.017 1.16401 -40.0212
-0.016 49.6375 -27.1264
-0.015 40.4111 -27.247
-0.014 -15.6833 -37.9307
-0.013 -90.7414 -52.9624
-0.012 -150.606 -64.7497
-0.011 -168.219 -67.27
-0.01 -135.354 -58.6684
-0.009 -66.3694 -42.0833
-0.008 9.54552 -23.9051
-0.007 63.3828 -10.4452
-0.006 79.2656 -5.09295
-0.005 59.1084 -7.32277
-0.004 19.2409 -13.4615
-0.003 -17.6015 -18.4612
-0.002 -31.998 -18.0485
-0.001 -16.6833 -10.6967
0 19.3802 1.45087
0.001 55.4397 13.5763
0.002 70.7389 20.8641
0.003 56.3069 21.1743
0.004 19.3985 16.0419
0.005 -20.5748 9.75311
0.006 -40.8837 7.37162
0.007 -25.1979 12.5849
0.008 28.4063 25.928
0.009 104.071 44.0127
0.01 172.811 60.5195
0.011 205.463 69.0433
0.012 187.675 66.4327
0.013 127.673 54.5389
0.014 52.4922 39.3946
0.015 -3.73531 28.6131
0.016 -13.1311 28.4351
0.017 35.1201 41.3341
0.018 128.81 64.6584
0.019 234.371 90.9065
0.02 308.397 110.186
0.021 316.291 114.35
0.022 248.851 100.797
0.023 127.166 73.7265
0.024 -6.32483 42.2623
0.025 -104.818 16.7228
0.026 -134.373 4.79985
0.027 -86.1981 8.79259
0.028 18.9994 24.5277
0.029 136.871 42.4981
0.03 215.642 51.3506
0.031 217.408 42.6569
0.032 134.593 14.7356
0.033 -6.69715 -26.4348
0.034 -157.371 -69.5115
0.035 -264.329 -102.017
0.036 -289.995 -114.761
0.037 -225.979 -105.041
0.038 -96.554 -77.6474
0.039 49.9403 -43.1739
0.04 159.522 -13.9868
0.041 193.668 0.605847
0.042 143.939 -2.14646
0.043 34.2142 -17.7235
0.044 -89.4196 -36.4562
0.045 -176.533 -47.4485
0.046 -191.402 -42.8437
0.047 -126.496 -20.9572
0.048 -5.11553 12.941
0.049 128.262 48.6399
0.05 225.923 75.0121
0.051 255.13 84.2541
0.052 209.211 74.5629
0.053 108.309 50.4422
0.054 -9.11225 20.8706
0.055 -100.589 -3.90587
0.056 -135.102 -15.9477
0.057 -104.106 -12.3376
0.058 -23.4323 4.1067
0.059 74.8332 26.4807
0.06 156.305 46.9541
0.061 197.279 59.8536
0.062 191.658 63.3942
0.063 150.654 59.729
0.064 96.8638 53.682
0.065 55.2379 50.7236
0.066 43.7964 54.7949
0.067 67.3438 66.7319
0.068 116.79 83.9878
0.069 174.204 101.798
0.07 220.731 115.149
0.071 243.398 120.541
0.072 238.2 116.856
0.073 209.318 105.231
0.074 165.902 88.3044
0.075 118.181 69.2023
0.076 74.3352 50.6061
0.077 38.9921 34.1725
0.078 13.4782 20.472
0.079 -2.77435 9.38183
0.08 -10.7033 0.640469
0.081 -10.8696 -5.7788
0.082 -3.83823 -9.65805
0.083 8.67306 -10.8338
0.084 22.8525 -9.56662
0.085 33.1584 -6.70152
0.086 34.3781 -3.45217
0.087 24.5003 -0.873225
0.088 6.64103 0.687359
0.089 -11.3716 1.81445
0.09 -19.7713 3.7807
0.091 -10.7525 7.94446
0.092 18.0455 15.0426
0.093 61.6534 24.6348
0.094 108.292 34.9264
0.095 142.674 43.1486
0.096 151.497 46.5062
0.097 129.182 43.3969
0.098 81.1263 34.3275
0.099 22.5673 22.0067
0.1 -26.7265 10.4981
0.101 -49.7204 3.78652
0.102 -38.4178 4.33645
0.103 3.07176 12.16
0.104 59.7241 24.7148
0.105 110.736 37.7067
0.106 137.004 46.5897
0.107 128.34 48.2596
0.108 87.5887 42.2682
0.109 29.7918 31.0278
0.11 -23.4353 18.9016
0.111 -52.1184 10.5479
0.112 -45.4131 9.18253
0.113 -5.43582 15.4329
0.114 53.8885 27.202
0.115 112.252 40.5512
0.116 150.422 51.2248
0.117 157.013 56.2322
0.118 132.306 54.9252
0.119 87.8998 49.2111
0.12 42.2978 42.827
0.121 13.9754 39.914
0.122 14.5661 43.4042
0.123 44.882 53.8675
0.124 95.2232 69.2812
0.125 149.438 85.7578
0.126 190.707 98.848
0.127 206.833 104.892
0.128 193.549 102.019
0.129 155.225 90.5797
0.13 102.969 72.938
0.131 50.7056 52.6572
0.132 10.5649 33.3317
0.133 -10.6892 17.518
0.134 -12.921 6.18664
0.135 -1.49358 -1.16996
0.136 15.2809 -5.97223
0.137 28.929 -9.84633
0.138 33.1255 -13.9955
0.139 25.2586 -18.7538
0.14 7.08224 -23.4096
0.141 -15.7506 -26.3896
0.142 -35.2852 -25.7896
0.143 -43.5865 -20.0618
0.144 -35.0749 -8.5903
0.145 -8.23188 8.02435
0.146 33.6704 27.9908
0.147 82.9271 48.6054
0.148 128.872 66.7336
0.149 160.371 79.4462
0.15 168.94 84.6956
0.151 151.629 81.8445
0.152 112.568 71.8661
0.153 62.2891 57.1234
0.154 14.7492 40.7676
0.155 -17.0436 25.9079
0.156 -25.2906 14.7874
0.157 -10.0558 8.22734
0.158 20.6243 5.5346
0.159 53.3269 4.91776
0.16 73.8897 4.28893
0.161 72.7311 2.1945
0.162 48.9374 -1.44614
0.163 11.3142 -5.09702
0.164 -24.3865 -6.03073
0.165 -41.2301 -1.34394
0.166 -27.645 10.8001
0.167 17.8125 30.2078
0.168 85.265 54.3731
0.169 156.334 79.0007
0.17 210.08 99.1709
0.171 230.148 110.784
0.172 210.673 111.834
0.173 158.651 103.059
0.174 91.6069 87.6753
0.175 31.2672 70.2206
0.176 -4.35252 54.93
0.177 -7.33735 44.2981
0.178 17.6383 38.3768
0.179 55.4962 35.0295
0.18 86.6654 30.9842
0.181 94.5371 23.2756
0.182 71.7991 10.5711
0.183 23.328 -6.10233
0.184 -35.5064 -23.5374
0.185 -84.5536 -37.4162
0.186 -106.432 -43.8775
0.187 -92.987 -40.9566
0.188 -48.1929 -29.3288
0.189 13.4875 -12.0897
0.19 72.4977 6.30437
0.191 111.19 21.524
0.192 119.845 30.7538
0.193 99.6287 33.5056
0.194 61.5744 31.5837
0.195 22.1175 28.232
0.196 -3.10597 26.7961
0.197 -4.88267 29.418
0.198 16.6158 36.2631
0.199 52.5505 45.5498
0.2 89.3236 54.3252
0.201 113.924 59.6394
0.202 118.54 59.6437
0.203 102.835 54.2049
0.204 73.3575 44.8505
0.205 40.6464 34.1271
0.206 15.2293 24.65
0.207 3.96306 18.2034
0.208 8.00587 15.2162
0.209 23.0893 14.792
0.21 41.8057 15.255
0.211 56.7522 14.9518
0.212 63.1102 12.9474
0.213 59.744 9.33189
0.214 48.7728 5.07211
0.215 34.2076 1.55692
0.216 20.382 0.0685125
0.217 10.7234 1.3782
0.218 7.14917 5.58071
0.219 10.1415 12.1909
0.22 19.2757 20.4344
0.221 33.7451 29.5767
0.222 52.4537 39.107
0.223 73.6368 48.6778
0.224 94.4435 57.8741
0.225 111.057 66.0057
0.226 119.612 72.0962
0.227 117.635 75.1091
0.228 105.315 74.3096
0.229 85.9489 69.5938
0.23 65.2128 61.6337
0.231 49.351 51.7504
0.232 42.8498 41.5218
0.233 46.4483 32.2439
0.234 56.3802 24.4651
0.235 65.3889 17.8213
0.236 65.3816 11.2902
0.237 50.8267 3.79035
0.238 21.5265 -5.12573
0.239 -16.4985 -14.7996
0.24 -52.5765 -23.4557
0.241 -74.967 -28.7029
0.242 -75.1609 -28.3878
0.243 -51.2719 -21.4843
0.244 -9.2084 -8.67155
0.245 38.9148 7.65049
0.246 78.7075 23.965
0.247 98.4902 36.6925
0.248 93.5397 43.3394
0.249 67.9096 43.3117
0.25 32.9667 38.055
0.251 3.10269 30.4397
0.252 -9.72258 23.626
0.253 -0.490475 19.8565
0.254 26.9858 19.6409
0.255 61.4388 21.6301
0.256 88.2905 23.215
0.257 95.1295 21.6395
0.258 76.5727 15.2308
0.259 36.6479 4.27323
0.26 -12.3514 -8.85576
0.261 -54.1957 -20.392
0.262 -74.5645 -26.4803
0.263 -66.1513 -24.5557
0.264 -31.1677 -14.2811
0.265 19.5494 2.29018
0.266 70.4033 21.3671
0.267 106.482 38.6517
0.268 118.678 50.7284
0.269 106.644 56.1209
0.27 78.4988 55.6286
0.271 47.4347 51.8193
0.272 26.6184 47.8926
0.273 24.3657 46.3777
0.274 41.3408 48.1714
0.275 70.6534 52.2579
0.276 100.644 56.1736
0.277 119.239 57.0125
0.278 118.285 52.5891
0.279 96.3328 42.3297
0.28 58.94 27.5656
0.281 16.5224 11.1346
0.282 -19.3346 -3.54927
0.283 -39.7264 -13.6035
0.284 -41.1174 -17.5611
0.285 -26.0501 -15.7303
0.286 -1.79461 -9.93292
0.287 22.4302 -2.75658
0.288 38.595 3.37917
0.289 42.2768 6.99787
0.29 33.6633 7.93258
0.291 17.0257 7.20568
0.292 -0.989656 6.51281
0.293 -13.6288 7.51753
0.294 -16.147 11.2099
0.295 -7.14125 17.5519
0.296 11.2578 25.5197
0.297 34.2725 33.4933
0.298 56.0141 39.8079
0.299 71.1235 43.2508
0.3 76.1087 43.3517
0.301 70.1623 40.4197
0.302 55.3289 35.3606
0.303 35.9393 29.355
0.304 17.3845 23.4991
0.305 4.55651 18.5253
0.306 0.443072 14.6832
0.307 5.28623 11.7862
0.308 16.4957 9.36659
0.309 29.3195 6.86241
0.31 38.1627 3.78992
0.311 38.3089 -0.117174
0.312 27.5853 -4.81133
0.313 7.36213 -9.8951
0.314 -17.5876 -14.6622
0.315 -40.4229 -18.2172
0.316 -54.3433 -19.6615
0.317 -54.7814 -18.3215
0.318 -40.9787 -13.9663
0.319 -16.4232 -6.9424
0.32 12.0714 1.83821
0.321 36.4663 11.0769
0.322 50.1541 19.4008
0.323 50.2487 25.7261
0.324 38.6293 29.5647
0.325 21.3029 31.1623
0.326 6.27866 31.3885
0.327 0.696182 31.3859
0.328 8.21633 32.1024
0.329 27.5935 33.8932
0.33 52.9587 36.3497
0.331 75.7625 38.4148
0.332 87.7396 38.7451
0.333 83.8599 36.2119
0.334 64.2027 30.3847
0.335 34.0526 21.821
0.336 2.15449 12.0111
0.337 -22.2568 2.9615
0.338 -32.5839 -3.43306
0.339 -27.0338 -5.98342
0.34 -9.08056 -4.55507
0.341 13.8865 -0.0752972
0.342 33.2054 5.78538
0.343 41.9382 11.1604
0.344 37.1991 14.6028
0.345 21.0271 15.5567
0.346 -0.484635 14.4927
0.347 -19.4637 12.6492
0.348 -29.0844 11.4981
0.349 -25.9065 12.1601
0.35 -10.9328 14.978
0.351 10.8884 19.3753
0.352 32.4325 24.0285
0.353 46.7913 27.3056
0.354 49.5067 27.8368
0.355 39.9343 25.0126
0.356 21.309 19.2128
0.357 -0.467134 11.6875
0.358 -18.845 4.15678
0.359 -28.7208 -1.71318
0.36 -27.9143 -4.79164
0.361 -17.6373 -4.78439
0.362 -1.91462 -2.26956
0.363 13.7957 1.54827
0.364 24.343 5.28163
0.365 26.4586 7.83095
0.366 19.6904 8.71125
0.367 6.43976 8.14663
0.368 -8.86325 6.93648
0.369 -21.1537 6.15172
0.37 -26.2662 6.74968
0.371 -22.1794 9.22232
0.372 -9.62853 13.3993
0.373 8.09282 18.4829
0.374 26.0888 23.2955
0.375 39.2964 26.6309
0.376 43.9829 27.5906
0.377 38.8779 25.8259
0.378 25.6029 21.6385
0.379 8.22886 15.9079
0.38 -7.95857 9.84384
0.381 -18.1376 4.63061
0.382 -19.5266 1.08557
0.383 -12.3236 -0.545648
0.384 0.309085 -0.6035
0.385 13.2189 0.139273
0.386 20.9218 0.746304
0.387 19.4678 0.441057
0.388 7.92052 -1.09764
0.389 -11.1038 -3.57426
0.39 -32.1252 -6.13208
0.391 -48.545 -7.62532
0.392 -54.8408 -7.01094
0.393 -48.4377 -3.7169
0.394 -30.6249 2.13222
0.395 -6.22522 9.69436
0.396 17.9024 17.6065
0.397 35.0959 24.3592
0.398 41.1404 28.7458
0.399 35.7175 30.2304
0.4 22.467 29.0952
0.401 7.61126 26.3058
0.402 -2.32916 23.1514
0.403 -2.88187 20.7928
0.404 6.78009 19.8724
0.405 23.5077 20.3103
0.406 41.2281 21.3551
0.407 53.0643 21.8792
0.408 53.8099 20.8254
0.409 41.8545 17.6376
0.41 19.8146 12.5145
0.411 -6.35693 6.38674
0.412 -29.4143 0.631325
0.413 -43.2449 -3.37296
0.414 -44.8451 -4.69664
0.415 -35.2107 -3.16746
0.416 -18.8679 0.568599
0.417 -2.2058 5.25859
0.418 8.80016 9.45616
0.419 10.6415 11.9909
0.42 3.36322 12.3277
0.421 -9.65768 10.6955
0.422 -23.074 7.95481
0.423 -31.5239 5.26316
0.424 -31.4918 3.66188
0.425 -22.4667 3.72326
0.426 -7.03033 5.3751
0.427 10.1269 7.96052
0.428 23.8805 10.5073
0.429 30.4114 12.1018
0.43 28.3954 12.2238
0.431 19.2812 10.9224
0.432 6.64709 8.78074
0.433 -5.08105 6.69815
0.434 -12.1024 5.57377
0.435 -12.4265 5.99597
0.436 -6.39831 8.03765
0.437 3.57356 11.2268
0.438 13.9309 14.7022
0.439 21.1587 17.4939
0.44 22.8499 18.8204
0.441 18.3398 18.3014
0.442 8.78369 16.0314
0.443 -3.28887 12.5163
0.444 -14.7867 8.50784
0.445 -22.9796 4.78424
0.446 -26.2418 1.93946
0.447 -24.4071 0.247927
0.448 -18.6784 -0.353606
0.449 -11.1796 -0.175146
0.45 -4.30917 0.374538
0.451 -0.062224 0.933108
0.452 0.528123 1.29149
0.453 -2.31223 1.45002
0.454 -7.16964 1.61324
0.455 -11.8811 2.11445
0.456 -14.2077 3.28541
0.457 -12.5367 5.31814
0.458 -6.41895 8.17172
0.459 3.20174 11.5516
0.46 14.1428 14.9573
0.461 23.5308 17.782
0.462 28.6394 19.4523
0.463 27.7749 19.5883
0.464 20.8949 18.1335
0.465 9.7151 15.3994
0.466 -2.74775 11.996
0.467 -13.0583 8.67236
0.468 -18.4043 6.1246
0.469 -17.4889 4.82317
0.47 -10.9797 4.89922
0.471 -1.32143 6.12073
0.472 8.08355 7.97872
0.473 14.0651 9.86928
0.474 14.8094 11.3076
0.475 10.4983 12.0861
0.476 3.23593 12.3163
0.477 -3.70121 12.35
0.478 -7.04268 12.6191
0.479 -4.74408 13.4459
0.48 3.1765 14.8814
0.481 14.5177 16.6292
0.482 25.5785 18.0992
0.483 32.4194 18.5903
0.484 32.24 17.5369
0.485 24.3688 14.722
0.486 10.5295 10.3778
0.487 -5.69282 5.14866
0.488 -20.007 -0.0673272
0.489 -28.8148 -4.35398
0.49 -30.3736 -7.02745
0.491 -25.3054 -7.82017
0.492 -16.2676 -6.92802
0.493 -6.92272 -4.90131
0.494 -0.605102 -2.42749
0.495 0.833304 -0.0949192
0.496 -2.38631 1.78083
0.497 -8.12193 3.2219
0.498 -13.146 4.53244
0.499 -14.3711 6.13877
0.5 -10.0209 8.37697
0.501 -0.311255 11.3102
0.502 12.5967 14.6544
0.503 25.3259 17.8439
0.504 34.4109 20.2061
0.505 37.4322 21.1751
0.506 33.788 20.4735
0.507 24.8568 18.2115
0.508 13.4911 14.8718
0.509 3.02719 11.1748
0.51 -3.82344 7.86435
0.511 -5.80036 5.4914
0.512 -3.3788 4.27415
0.513 1.53053 4.07664
0.514 6.32295 4.49549
0.515 8.6289 5.01487
0.516 7.12843 5.18135
0.517 1.97431 4.74985
0.518 -5.32328 3.75316
0.519 -12.4856 2.46782
0.52 -17.2784 1.29179
0.521 -18.245 0.588993
0.522 -15.1351 0.5622
0.523 -8.93698 1.19238
0.524 -1.52394 2.25294
0.525 4.9744 3.38971
0.526 8.87704 4.2458
0.527 9.48185 4.59419
0.528 7.23472 4.4285
0.529 3.5083 3.97377
0.53 0.112398 3.61452
0.531 -1.28291 3.77183
0.532 0.347211 4.77153
0.533 5.07027 6.73811
0.534 11.9694 9.5403
0.535 19.4266 12.8066
0.536 25.6277 16.014
0.537 29.1056 18.625
0.538 29.1389 20.2258
0.539 25.9062 20.6185
0.54 20.3889 19.8461
0.541 14.0645 18.1533
0.542 8.4612 15.8972
0.543 4.69196 13.434
0.544 3.12767 11.0156
0.545 3.33188 8.7336
0.546 4.27264 6.53128
0.547 4.71765 4.27718
0.548 3.67526 1.86484
0.549 0.757218 -0.699216
0.55 -3.63834 -3.24782
0.551 -8.39938 -5.46281
0.552 -12.0359 -6.94549
0.553 -13.1765 -7.33107
0.554 -11.0408 -6.40879
0.555 -5.72115 -4.20287
0.556 1.80936 -0.985283
0.557 9.94905 2.78126
0.558 16.9095 6.54941
0.559 21.2342 9.8129
0.56 22.2346 12.2185
0.561 20.1781 13.631
0.562 16.1477 14.1291
0.563 11.6375 13.9364
0.564 8.04928 13.3199
0.565 6.26108 12.4955
0.566 6.38285 11.571
0.567 7.75986 10.5364
0.568 9.2364 9.30022
0.569 9.61539 7.76104
0.57 8.14822 5.88932
0.571 4.84894 3.78543
0.572 0.507697 1.68533
0.573 -3.57554 -0.0898018
0.574 -6.01616 -1.21877
0.575 -5.79238 -1.46946
0.576 -2.59796 -0.766735
0.577 3.00551 0.777083
0.578 9.71706 2.88016
0.579 15.8938 5.15771
0.58 20.0728 7.21896
0.581 21.4083 8.76149
0.582 19.8731 9.63129
0.583 16.1999 9.83378
0.584 11.6147 9.5009
0.585 7.44433 8.83045
0.586 4.69591 8.01559
0.587 3.73972 7.18456
0.588 4.22547 6.37075
0.589 5.27439 5.52393
0.59 5.85525 4.55572
0.591 5.17953 3.39909
0.592 2.98135 2.05819
0.593 -0.379534 0.632192
0.594 -4.00661 -0.693033
0.595 -6.7342 -1.6837
0.596 -7.51087 -2.11865
0.597 -5.76919 -1.85357
0.598 -1.63381 -0.86667
0.599 4.11055 0.729916
0.6 10.2589 2.71489
0.601 15.5347 4.81024
0.602 18.9461 6.74692
0.603 20.0632 8.32698
0.604 19.1329 9.46514
0.605 16.9777 10.1956
0.606 14.6963 10.6401
0.607 13.2769 10.9491
0.608 13.2728 11.2391
0.609 14.6424 11.5464
0.61 16.7823 11.8115
0.611 18.7306 11.8955
0.612 19.4906 11.6267
0.613 18.3852 10.8643
0.614 15.3184 9.55767
0.615 10.8306 7.77893
0.616 5.92142 5.71303
0.617 1.71865 3.60955
0.618 -0.878707 1.71538
0.619 -1.47391 0.21132
0.62 -0.293016 -0.829145
0.621 1.88533 -1.44772
0.622 3.99036 -1.77255
0.623 5.03969 -1.96005
0.624 4.49962 -2.12645
0.625 2.47788 -2.296
0.626 -0.321185 -2.38726
0.627 -2.84347 -2.24243
0.628 -4.03441 -1.68659
0.629 -3.18443 -0.595468
0.63 -0.176331 1.04964
0.631 4.44665 3.13673
0.632 9.6364 5.43729
0.633 14.1817 7.65813
0.634 17.1089 9.51528
0.635 17.9836 10.8045
0.636 17.0087 11.444
0.637 14.9076 11.4772
0.638 12.6511 11.0388
0.639 11.1176 10.2973
0.64 10.785 9.39451
0.641 11.5609 8.40247
0.642 12.8206 7.31273
0.643 13.6522 6.06145
0.644 13.2139 4.57909
0.645 11.0597 2.84437
0.646 7.31717 0.921832
0.647 2.66616 -1.02975
0.648 -1.86287 -2.78229
0.649 -5.20577 -4.09107
0.65 -6.59874 -4.75977
0.651 -5.81907 -4.69477
0.652 -3.24453 -3.92926
0.653 0.291275 -2.61019
0.654 3.79007 -0.956416
0.655 6.41489 0.796095
0.656 7.73802 2.44684
0.657 7.83685 3.86921
0.658 7.21693 5.02439
0.659 6.59473 5.94509
0.66 6.61709 6.69516
0.661 7.61687 7.32406
0.662 9.49206 7.83664
0.663 11.7479 8.18816
0.664 13.6787 8.3007
0.665 14.6178 8.09159
0.666 14.1688 7.50671
0.667 12.3451 6.55152
0.668 9.5725 5.30875
0.669 6.55623 3.93138
0.67 4.05675 2.60969
0.671 2.65465 1.52529
0.672 2.58557 0.810188
0.673 3.69481 0.522273
0.674 5.51414 0.639243
0.675 7.42564 1.06953
0.676 8.85888 1.67944
0.677 9.4627 2.3317
0.678 9.19835 2.92309
0.679 8.323 3.40634
0.68 7.27248 3.78936
0.681 6.49175 4.11582
0.682 6.2794 4.43691
0.683 6.6973 4.78333
0.684 7.56265 5.145
0.685 8.51345 5.46531
0.686 9.12649 5.65425
0.687 9.05651 5.6169
0.688 8.15375 5.28617
0.689 6.51638 4.6472
0.69 4.45706 3.74698
0.691 2.4004 2.68747
0.692 0.756693 1.60356
0.693 -0.185192 0.630087
0.694 -0.32389 -0.132282
0.695 0.236954 -0.639405
0.696 1.22478 -0.905424
0.697 2.28494 -0.985833
0.698 3.09588 -0.951531
0.699 3.47128 -0.862664
0.7 3.40978 -0.747326
0.701 3.07923 -0.59025
0.702 2.75281 -0.337822
0.703 2.72242 0.0788707
0.704 3.20915 0.711114
0.705 4.28803 1.56494
0.706 5.84982 2.59055
0.707 7.61984 3.68986
0.708 9.23508 4.73603
0.709 10.3529 5.59961
0.71 10.7502 6.17757
0.711 10.3818 6.41786
0.712 9.38702 6.32954
0.713 8.04729 5.97248
0.714 6.70179 5.43097
0.715 5.64239 4.78411
0.716 5.01943 4.08518
0.717 4.7943 3.35434
0.718 4.75957 2.58368
0.719 4.61943 1.75264
0.72 4.10038 0.850274
0.721 3.05598 -0.103525
0.722 1.53398 -1.04745
0.723 -0.217763 -1.88488
0.724 -1.8136 -2.50457
0.725 -2.84493 -2.8079
0.726 -3.01015 -2.73384
0.727 -2.21414 -2.27527
0.728 -0.603033 -1.48255
0.729 1.47582 -0.452063
0.73 3.57587 0.696953
0.731 5.28565 1.84885
0.732 6.35354 2.91265
0.733 6.75876 3.83279
0.734 6.70091 4.58894
0.735 6.51126 5.18624
0.736 6.52048 5.63892
0.737 6.93198 5.95289
0.738 7.74334 6.11497
0.739 8.73891 6.09485
0.74 9.55741 5.85776
0.741 9.81743 5.38115
0.742 9.26018 4.66851
0.743 7.85566 3.75715
0.744 5.82832 2.71875
0.745 3.59096 1.6512
0.746 1.61444 0.661286
0.747 0.281941 -0.157839
0.748 -0.224488 -0.745829
0.749 0.0268078 -1.08356
0.75 0.747601 -1.18947
0.751 1.53407 -1.10797
0.752 2.01222 -0.895089
0.753 1.97102 -0.604404
0.754 1.43118 -0.275522
0.755 0.62474 0.0718086
0.756 -0.100767 0.435205
0.757 -0.412639 0.81955
0.758 -0.112426 1.2245
0.759 0.792065 1.63574
0.76 2.08474 2.0231
0.761 3.41213 2.3453
0.762 4.40503 2.55904
0.763 4.80688 2.62982
0.764 4.5598 2.54201
0.765 3.81674 2.30531
0.766 2.87966 1.95495
0.767 2.09087 1.54479
0.768 1.7164 1.13524
0.769 1.85976 0.779536
0.77 2.43358 0.512569
0.771 3.19756 0.345769
0.772 3.84852 0.269046
0.773 4.12952 0.258394
0.774 3.91853 0.286348
0.775 3.26565 0.332168
0.776 2.36878 0.388958
0.777 1.49961 0.46561
0.778 0.90787 0.582313
0.779 0.738325 0.760419
0.78 0.989429 1.01047
0.781 1.52491 1.32369
0.782 2.12955 1.67043
0.783 2.58658 2.00578
0.784 2.74966 2.2799
0.785 2.58643 2.4499
0.786 2.18111 2.49051
0.787 1.69643 2.40032
0.788 1.30932 2.20123
0.789 1.14606 1.93035
0.79 1.24194 1.62756
0.791 1.53747 1.3239
0.792 1.90626 1.03519
0.793 2.20058 0.76211
0.794 2.29931 0.49599
0.795 2.14516 0.22796
0.796 1.76139 -0.0416577
0.797 1.2419 -0.297461
0.798 0.717953 -0.509301
0.799 0.315418 -0.639154
0.8 0.120331 -0.651884
0.801 0.162793 -0.525928
0.802 0.418643 -0.260652
0.803 0.823167 0.121618
0.804 1.29138 0.57984
0.805 1.74084 1.0638
0.806 2.11196 1.52553
0.807 2.37953 1.9282
0.808 2.55167 2.24993
0.809 2.65875 2.48254
0.81 2.73849 2.62718
0.811 2.82209 2.68898
0.812 2.9233 2.67164
0.813 3.0314 2.57386
0.814 3.11046 2.38995
0.815 3.10658 2.11497
0.816 2.96284 1.7515
0.817 2.63806 1.31411
0.818 2.12347 0.829334
0.819 1.45213 0.332294
0.82 0.697294 -0.138024
0.821 -0.0412189 -0.543914
0.822 -0.660037 -0.854733
0.823 -1.0779 -1.05217
0.824 -1.25631 -1.13234
0.825 -1.20897 -1.10355
0.826 -0.996729 -0.981537
0.827 -0.708143 -0.7854
0.828 -0.430615 -0.535514
0.829 -0.22143 -0.252452
0.83 -0.0901362 0.0445596
0.831 0.000405698 0.33934
0.832 0.115203 0.61905
0.833 0.318439 0.872879
0.834 0.645276 1.09084
0.835 1.08329 1.264
0.836 1.56994 1.3856
0.837 2.00856 1.45167
0.838 2.29948 1.46075
0.839 2.37506 1.41388
0.84 2.22462 1.31561
0.841 1.89894 1.17556
0.842 1.49342 1.00851
0.843 1.11653 0.832503
0.844 0.85478 0.665741
0.845 0.74558 0.523513
0.846 0.766977 0.415541
0.847 0.848377 0.34406
0.848 0.898948 0.303322
0.849 0.842862 0.281463
0.85 0.647718 0.264708
0.851 0.336063 0.242316
0.852 -0.0232166 0.210167
0.853 -0.339936 0.171774
0.854 -0.534858 0.13661
0.855 -0.567295 0.116328
0.856 -0.447872 0.120007
0.857 -0.23209 0.150094
0.858 0.00192352 0.200842
0.859 0.18208 0.260221
0.86 0.266982 0.314567
0.861 0.258787 0.353879
0.862 0.200308 0.375633
0.863 0.156988 0.385755
0.864 0.190154 0.396356
0.865 0.332374 0.420822
0.866 0.575009 0.467925
0.867 0.872004 0.537279
0.868 1.15648 0.61822
0.869 1.3626 0.692845
0.87 1.44555 0.742006
0.871 1.39454 0.75185
0.872 1.23464 0.718503
0.873 1.01626 0.649327
0.874 0.795712 0.560341
0.875 0.6155 0.470769
0.876 0.492967 0.396721
0.877 0.420325 0.346346
0.878 0.373353 0.318222
0.879 0.323595 0.303489
0.88 0.250132 0.290692
0.881 0.148197 0.271264
0.882 0.0317457 0.243404
0.883 -0.0719381 0.212743
0.884 -0.133752 0.189594
0.885 -0.134668 0.184164
0.886 -0.0723525 0.201824
0.887 0.0391516 0.240209
0.888 0.174536 0.289102
0.889 0.304284 0.333192
0.89 0.402003 0.356899
0.891 0.450763 0.349635
0.892 0.446482 0.309385
0.893 0.396826 0.243033
0.894 0.316442 0.163446
0.895 0.221541 0.0849112
0.896 0.126254 0.0189175
0.897 0.0410007 -0.0284417
0.898 -0.0280298 -0.0569625
0.899 -0.0786414 -0.0707754
0.9 -0.111475 -0.0752885
0.901 -0.128268 -0.073854
0.902 -0.130497 -0.0657855
0.903 -0.119014 -0.0467924
0.904 -0.0941882 -0.0115052
0.905 -0.0558037 0.0433772
0.906 -0.00294428 0.116805
0.907 0.0652809 0.202689
0.908 0.148136 0.290883
0.909 0.241804 0.369567
0.91 0.338957 0.428374
0.911 0.42938 0.461118
0.912 0.501303 0.466951
0.913 0.543438 0.449534
0.914 0.54781 0.414884
0.915 0.512661 0.369074
0.916 0.443819 0.316675
0.917 0.35341 0.260237
0.918 0.256434 0.200832
0.919 0.166815 0.139394
0.92 0.0941888 0.0781776
0.921 0.0420754 0.0213961
0.922 0.00777385 -0.0254688
0.923 -0.0157543 -0.0573091
0.924 -0.0363549 -0.0710402
0.925 -0.0588593 -0.0665072
0.926 -0.0828099 -0.0464894
0.927 -0.102762 -0.0159504
0.928 -0.110754 0.0193274
0.929 -0.0997305 0.0544038
0.93 -0.0666478 0.0864118
0.931 -0.0142909 0.114665
0.932 0.0488974 0.139659
0.933 0.111112 0.161739
0.934 0.160903 0.180291
0.935 0.190865 0.193719
0.936 0.199795 0.199976
0.937 0.19261 0.197341
0.938 0.178226 0.185345
0.939 0.166211 0.165504
0.94 0.163371 0.141331
0.941 0.171488 0.117343
0.942 0.187052 0.097518
0.943 0.202994 0.0840333
0.944 0.211596 0.0768522
0.945 0.207353 0.074122
0.946 0.188796 0.0730278
0.947 0.158828 0.0708279
0.948 0.123539 0.0658657
0.949 0.0898899 0.0581807
0.95 0.0631828 0.0493198
0.951 0.0453622 0.0413896
0.952 0.0348206 0.0359196
0.953 0.0276054 0.0331758
0.954 0.0193266 0.0321585
0.955 0.00694837 0.0310951
0.956 -0.010073 0.0281477
0.957 -0.0295673 0.022163
0.958 -0.0474387 0.0132718
0.959 -0.0592254 0.00301429
0.96 -0.0617727 -0.00620691
0.961 -0.054298 -0.012103
0.962 -0.0384898 -0.0133654
0.963 -0.0177693 -0.0100198
0.964 0.00385487 -0.00324822
0.965 0.0229007 0.00509681
0.966 0.0372163 0.0130886
0.967 0.0462887 0.0193117
0.968 0.0509736 0.0232682
0.969 0.0527951 0.0253881
0.97 0.0531811 0.0266055
0.971 0.0529564 0.0277596
0.972 0.052218 0.0291775
0.973 0.0505315 0.0306109
0.974 0.0472986 0.0314483
0.975 0.0421342 0.0310281
0.976 0.0351305 0.0289327
0.977 0.0269115 0.0251954
0.978 0.0184593 0.0203442
0.979 0.0108151 0.0152274
0.98 0.00480376 0.0106901
0.981 0.000861561 0.00727879
0.982 -0.00101213 0.00512218
0.983 -0.00118784 0.00400286
0.984 -0.000254391 0.00352895
0.985 0.00116317 0.00330909
0.986 0.002554 0.00307648
0.987 0.00359619 0.00273969
0.988 0.00415637 0.0023517
0.989 0.00424922 0.00201829
0.99 0.00398317 0.00180385
0.991 0.00350074 0.00169101
0.992 0.00292647 0.0016045
0.993 0.00234053 0.00146551
0.994 0.00178218 0.00123573
0.995 0.0012699 0.000931258
0.996 0.000819898 0.000607474
0.997 0.000452914 0.000327667
0.998 0.000190156 0.000132821
0.999 4.26522e-05 2.94359e-05
0.12 3.86783 0.470501
0.24 3.87953 0.472664
0.36 3.89897 0.476249
0.48 3.92609 0.481228
0.6 3.96077 0.487563
0.72 4.00288 0.495203
0.84 4.05224 0.50409
0.96 4.10868 0.514153
1.08 4.17197 0.525313
1.2 4.24185 0.537483
1.32 4.31806 0.550568
1.44 4.40029 0.564466
1.56 4.48824 0.579069
1.68 4.58155 0.594261
1.8 4.67986 0.609926
1.92 4.7828 0.62594
2.04 4.88996 0.64218
2.16 5.00093 0.65852
2.28 5.1153 0.674832
2.4 5.23261 0.690991
2.52 5.35243 0.706871
2.64 5.4743 0.72235
2.76 5.59776 0.737308
2.88 5.72236 0.751631
3 5.84761 0.765208
3.12 5.97307 0.777935
3.24 6.09826 0.789714
3.36 6.22273 0.800455
3.48 6.34604 0.810077
3.6 6.46773 0.818504
3.72 6.58737 0.825674
3.84 6.70455 0.831531
3.96 6.81885 0.836029
4.08 6.92989 0.839134
4.2 7.03728 0.840821
4.32 7.14068 0.841077
4.44 7.23973 0.839896
4.56 7.33414 0.837286
4.68 7.4236 0.833264
4.8 7.50784 0.827855
4.92 7.58662 0.821097
5.04 7.65971 0.813034
5.16 7.72693 0.803722
5.28 7.7881 0.793222
5.4 7.84308 0.781605
5.52 7.89176 0.768948
5.64 7.93405 0.755334
5.76 7.96989 0.740853
5.88 7.99925 0.725598
6 8.02213 0.709667
6.12 8.03854 0.693161
6.24 8.04855 0.676184
6.36 8.05223 0.65884
6.48 8.04967 0.641234
6.6 8.04101 0.623473
6.72 8.02639 0.605659
6.84 8.00598 0.587894
6.96 7.97998 0.57028
7.08 7.94859 0.552911
7.2 7.91206 0.535879
7.32 7.87063 0.519272
7.44 7.82457 0.503172
7.56 7.77415 0.487654
7.68 7.71967 0.472787
7.8 7.66142 0.458634
7.92 7.59973 0.445249
8.04 7.5349 0.432681
8.16 7.46727 0.420967
8.28 7.39716 0.41014
8.4 7.3249 0.400223
8.52 7.25082 0.39123
8.64 7.17525 0.383168
8.76 7.09852 0.376035
8.88 7.02095 0.369821
9 6.94285 0.364509
9.12 6.86452 0.360075
9.24 6.78627 0.356485
9.36 6.70838 0.353701
9.48 6.63111 0.351677
9.6 6.55473 0.350362
9.72 6.47948 0.3497
9.84 6.40559 0.349629
9.96 6.33325 0.350083
10.08 6.26268 0.350992
10.2 6.19403 0.352283
10.32 6.12745 0.353883
10.44 6.06309 0.355714
10.56 6.00105 0.357697
10.68 5.94142 0.359755
10.8 5.88427 0.36181
10.92 5.82965 0.363782
11.04 5.77759 0.365597
11.16 5.72809 0.367179
11.28 5.68113 0.368456
11.4 5.63669 0.369361
11.52 5.59471 0.369826
11.64 5.55513 0.36979
11.76 5.51784 0.369196
11.88 5.48275 0.367992
12 5.44972 0.366128
12.12 5.41864 0.363564
12.24 5.38934 0.360263
12.36 5.36166 0.356192
12.48 5.33542 0.351327
12.6 5.31046 0.345648
12.72 5.28656 0.339143
12.84 5.26355 0.331804
12.96 5.2412 0.323628
13.08 5.21932 0.314622
13.2 5.19769 0.304795
13.32 5.17611 0.294163
13.44 5.15437 0.282748
13.56 5.13226 0.270575
13.68 5.10957 0.257676
13.8 5.08611 0.244088
13.92 5.06169 0.22985
14.04 5.03613 0.215007
14.16 5.00925 0.199607
14.28 4.98088 0.1837
14.4 4.95087 0.167341
14.52 4.91909 0.150587
14.64 4.88541 0.133496
14.76 4.8497 0.116128
14.88 4.81188 0.0985446
15 4.77186 0.0808088
15.12 4.72958 0.0629834
15.24 4.68497 0.0451315
15.36 4.63801 0.027316
15.48 4.58868 0.00959935
15.6 4.53697 -0.00795717
15.72 4.48291 -0.0252934
15.84 4.42651 -0.0423507
15.96 4.36784 -0.0590725
16.08 4.30693 -0.075404
16.2 4.24389 -0.091293
16.32 4.17879 -0.10669
16.44 4.11174 -0.121548
16.56 4.04286 -0.135823
16.68 3.97227 -0.149474
16.8 3.90012 -0.162464
16.92 3.82655 -0.174758
17.04 3.75173 -0.186327
17.16 3.67581 -0.197142
17.28 3.59898 -0.207179
17.4 3.5214 -0.21642
17.52 3.44326 -0.224847
17.64 3.36474 -0.232447
17.76 3.28603 -0.239212
17.88 3.20732 -0.245134
18 3.12878 -0.250212
18.12 3.05059 -0.254447
18.24 2.97295 -0.257843
18.36 2.89601 -0.260407
18.48 2.81996 -0.26215
18.6 2.74494 -0.263084
18.72 2.67111 -0.263227
18.84 2.59862 -0.262597
18.96 2.5276 -0.261214
19.08 2.45818 -0.259104
19.2 2.39046 -0.256292
19.32 2.32456 -0.252805
19.44 2.26056 -0.248674
19.56 2.19853 -0.243931
19.68 2.13856 -0.238607
19.8 2.08067 -0.232739
19.92 2.02492 -0.226361
20.04 1.97133 -0.21951
20.16 1.91992 -0.212225
20.28 1.87067 -0.204543
20.4 1.82359 -0.196503
20.52 1.77864 -0.188145
20.64 1.73579 -0.179509
20.76 1.69499 -0.170633
20.88 1.65618 -0.161558
21 1.61929 -0.152322
21.12 1.58425 -0.142965
21.24 1.55097 -0.133525
21.36 1.51935 -0.12404
21.48 1.4893 -0.114546
21.6 1.46071 -0.10508
21.72 1.43346 -0.095677
21.84 1.40745 -0.0863697
21.96 1.38255 -0.077191
22.08 1.35865 -0.0681719
22.2 1.33562 -0.0593418
22.32 1.31334 -0.0507288
22.44 1.2917 -0.0423589
22.56 1.27057 -0.0342565
22.68 1.24983 -0.0264443
22.8 1.22939 -0.0189429
22.92 1.20912 -0.0117709
23.04 1.18893 -0.00494517
23.16 1.16871 0.00151975
23.28 1.14839 0.00761127
23.4 1.12787 0.0133189
23.52 1.10708 0.0186343
23.64 1.08595 0.0235512
23.76 1.06442 0.0280653
23.88 1.04244 0.0321745
24 1.01997 0.0358787
24.12 0.99698 0.0391799
24.24 0.973437 0.0420817
24.36 0.949328 0.0445899
24.48 0.924649 0.046712
24.6 0.899401 0.0484571
24.72 0.873595 0.0498361
24.84 0.84725 0.0508613
24.96 0.820394 0.0515466
25.08 0.79306 0.051907
25.2 0.765292 0.0519588
25.32 0.737135 0.0517194
25.44 0.708646 0.0512071
25.56 0.679883 0.050441
25.68 0.650911 0.0494408
25.8 0.621798 0.048227
25.92 0.592616 0.0468202
26.04 0.56344 0.0452414
26.16 0.534348 0.0435116
26.28 0.505417 0.041652
26.4 0.476726 0.0396835
26.52 0.448355 0.0376265
26.64 0.420383 0.0355014
26.76 0.392886 0.0333278
26.88 0.36594 0.0311247
27 0.339619 0.0289103
27.12 0.313992 0.026702
27.24 0.289126 0.0245162
27.36 0.265083 0.0223683
27.48 0.241922 0.0202725
27.6 0.219695 0.0182419
27.72 0.19845 0.0162883
27.84 0.178231 0.0144224
27.96 0.159074 0.0126534
28.08 0.141009 0.0109892
28.2 0.124061 0.00943635
28.32 0.10825 0.00800021
28.44 0.0935868 0.00668468
28.56 0.0800783 0.00549238
28.68 0.0677244 0.00442468
28.8 0.0565193 0.0034817
28.92 0.0464512 0.00266242
29.04 0.0375026 0.00196465
29.16 0.0296506 0.00138518
29.28 0.0228673 0.00091983
29.4 0.0171199 0.000563494
29.52 0.0123709 0.000310274
29.64 0.00857891 0.000153544
29.76 0.0056987 8.60517e-05
29.88 0.00368172 0.000100011
30 0.00247649 0.000187203
30.12 0.00202906 0.000339071
30.24 0.00228343 0.000546823
30.36 0.00318201 0.000801526
30.48 0.00466604 0.0010942
30.6 0.00667605 0.00141592
30.72 0.00915227 0.00175789
30.84 0.0120351 0.00211152
30.96 0.0152654 0.00246856
31.08 0.018785 0.0028211
31.2 0.022537 0.00316166
31.32 0.0264662 0.0034833
31.44 0.0305192 0.00377959
31.56 0.0346451 0.00404473
31.68 0.0387951 0.00427354
31.8 0.0429236 0.00446151
31.92 0.0469877 0.0046048
32.04 0.0509475 0.0047003
32.16 0.0547668 0.00474558
32.28 0.0584123 0.00473892
32.4 0.0618544 0.0046793
32.52 0.0650669 0.00456637
32.64 0.0680274 0.00440044
32.76 0.0707167 0.00418242
32.88 0.073119 0.00391384
33 0.0752224 0.00359676
33.12 0.0770178 0.00323373
33.24 0.0784996 0.00282777
33.36 0.0796651 0.00238227
33.48 0.0805148 0.001901
33.6 0.0810517 0.00138798
33.72 0.0812814 0.000847462
33.84 0.0812119 0.000283881
33.96 0.0808536 -0.000298238
34.08 0.0802184 -0.000894317
34.2 0.0793204 -0.00149979
34.32 0.078175 -0.00211014
34.44 0.0767987 -0.00272099
34.56 0.0752095 -0.0033281
34.68 0.0734259 -0.00392747
34.8 0.0714671 -0.00451532
34.92 0.069353 -0.00508818
35.04 0.0671033 -0.00564288
35.16 0.064738 -0.00617661
35.28 0.0622769 -0.00668693
35.4 0.0597396 -0.00717177
35.52 0.0571449 -0.00762947
35.64 0.0545114 -0.00805875
35.76 0.0518568 -0.00845875
35.88 0.0491978 -0.008829
36 0.0465504 -0.00916941
36.12 0.0439295 -0.00948028
36.24 0.0413489 -0.00976224
36.36 0.0388212 -0.0100163
36.48 0.0363579 -0.0102436
36.6 0.0339693 -0.0104459
36.72 0.0316644 -0.0106249
36.84 0.0294513 -0.0107825
36.96 0.0273365 -0.010921
37.08 0.0253255 -0.0110427
37.2 0.0234229 -0.0111499
37.32 0.0216318 -0.0112451
37.44 0.0199546 -0.0113309
37.56 0.0183927 -0.0114096
37.68 0.0169463 -0.0114836
37.8 0.0156152 -0.0115553
37.92 0.0143981 -0.0116268
38.04 0.0132932 -0.0117002
38.16 0.0122979 -0.0117772
38.28 0.0114094 -0.0118595
38.4 0.0106241 -0.0119485
38.52 0.00993813 -0.0120453
38.64 0.00934744 -0.0121507
38.76 0.00884761 -0.0122655
38.88 0.00843407 -0.0123898
39 0.00810215 -0.0125238
39.12 0.00784712 -0.0126671
39.24 0.00766425 -0.0128191
39.36 0.00754886 -0.0129791
39.48 0.00749634 -0.013146
39.6 0.00750221 -0.0133184
39.72 0.00756212 -0.0134947
39.84 0.00767191 -0.0136732
39.96 0.00782761 -0.0138519
40.08 0.00802544 -0.0140286
40.2 0.00826182 -0.014201
40.32 0.00853341 -0.0143669
40.44 0.00883705 -0.0145237
40.56 0.0091698 -0.0146688
40.68 0.00952892 -0.0147999
40.8 0.00991183 -0.0149144
40.92 0.0103161 -0.0150098
41.04 0.0107396 -0.0150838
41.16 0.01118 -0.015134
41.28 0.0116355 -0.0151583
41.4 0.0121041 -0.0151547
41.52 0.0125839 -0.0151215
41.64 0.0130731 -0.015057
41.76 0.01357 -0.0149599
41.88 0.0140728 -0.0148289
42 0.0145798 -0.0146633
42.12 0.0150892 -0.0144624
42.24 0.0155992 -0.0142259
42.36 0.0161079 -0.0139537
42.48 0.0166134 -0.0136461
42.6 0.0171139 -0.0133036
42.72 0.0176073 -0.0129269
42.84 0.0180916 -0.0125171
42.96 0.0185646 -0.0120755
43.08 0.0190244 -0.0116038
43.2 0.0194686 -0.0111037
43.32 0.0198951 -0.0105773
43.44 0.0203017 -0.0100268
43.56 0.0206863 -0.00945468
43.68 0.0210466 -0.0088635
43.8 0.0213805 -0.00825599
43.92 0.0216861 -0.00763501
44.04 0.0219612 -0.00700349
44.16 0.0222041 -0.00636444
44.28 0.0224129 -0.00572091
44.4 0.0225862 -0.00507596
44.52 0.0227224 -0.00443264
44.64 0.0228202 -0.00379398
44.76 0.0228788 -0.00316294
44.88 0.0228971 -0.0025424
45 0.0228746 -0.00193516
45.12 0.0228109 -0.00134388
45.24 0.022706 -0.000771078
45.36 0.02256 -0.000219138
45.48 0.0223732 0.000309744
45.6 0.0221465 0.000813547
45.72 0.0218807 0.00129045
45.84 0.0215771 0.00173882
45.96 0.0212372 0.00215726
46.08 0.0208627 0.00254456
46.2 0.0204556 0.00289975
46.32 0.0200181 0.00322206
46.44 0.0195525 0.00351095
46.56 0.0190616 0.00376609
46.68 0.018548 0.00398737
46.8 0.0180147 0.00417486
46.92 0.0174647 0.00432884
47.04 0.0169012 0.00444979
47.16 0.0163273 0.00453834
47.28 0.0157463 0.00459531
47.4 0.0151614 0.00462166
47.52 0.0145759 0.00461849
47.64 0.0139929 0.00458702
47.76 0.0134156 0.00452861
47.88 0.0128471 0.00444469
48 0.0122901 0.00433677
48.12 0.0117475 0.00420646
48.24 0.0112218 0.00405541
48.36 0.0107155 0.00388529
48.48 0.0102307 0.00369782
48.6 0.0097693 0.00349474
48.72 0.00933308 0.00327778
48.84 0.00892348 0.00304867
48.96 0.00854167 0.00280911
49.08 0.00818859 0.00256077
49.2 0.00786486 0.00230529
49.32 0.00757086 0.00204426
49.44 0.00730669 0.00177921
49.56 0.00707216 0.00151163
49.68 0.00686684 0.00124291
49.8 0.00669004 0.000974401
49.92 0.00654083 0.000707362
50.04 0.00641804 0.000442982
50.16 0.00632031 0.000182371
50.28 0.00624608 -7.34409e-05
50.4 0.0061936 -0.000323503
50.52 0.00616098 -0.000566943
50.64 0.00614621 -0.000802971
50.76 0.00614714 -0.00103087
50.88 0.00616157 -0.00125
51 0.00618723 -0.0014598
51.12 0.00622179 -0.00165977
51.24 0.00626293 -0.00184948
51.36 0.00630834 -0.00202858
51.48 0.00635574 -0.00219676
51.6 0.0064029 -0.00235379
51.72 0.00644767 -0.00249948
51.84 0.00648801 -0.00263371
51.96 0.00652197 -0.00275638
52.08 0.00654776 -0.00286748
52.2 0.0065637 -0.00296702
52.32 0.00656832 -0.00305505
52.44 0.00656027 -0.00313166
52.56 0.00653842 -0.003197
52.68 0.0065018 -0.00325123
52.8 0.00644966 -0.00329455
52.92 0.00638141 -0.00332721
53.04 0.0062967 -0.00334948
53.16 0.00619534 -0.00336164
53.28 0.00607734 -0.00336403
53.4 0.00594291 -0.003357
53.52 0.00579243 -0.00334093
53.64 0.00562646 -0.00331624
53.76 0.00544571 -0.00328334
53.88 0.00525105 -0.0032427
54 0.00504348 -0.0031948
54.12 0.00482414 -0.00314013
54.24 0.00459426 -0.00307921
54.36 0.00435517 -0.00301258
54.48 0.00410828 -0.0029408
54.6 0.00385506 -0.00286443
54.72 0.00359703 -0.00278406
54.84 0.00333574 -0.00270029
54.96 0.00307273 -0.00261372
55.08 0.00280957 -0.00252496
55.2 0.00254778 -0.00243463
55.32 0.00228887 -0.00234334
55.44 0.00203428 -0.00225171
55.56 0.00178541 -0.00216034
55.68 0.00154355 -0.00206984
55.8 0.00130995 -0.0019808
55.92 0.00108574 -0.00189379
56.04 0.000871942 -0.00180935
56.16 0.000669474 -0.00172801
56.28 0.000479136 -0.00165028
56.4 0.000301605 -0.00157662
56.52 0.000137431 -0.00150747
56.64 -1.29635e-05 -0.00144321
56.76 -0.000149284 -0.00138421
56.88 -0.000271365 -0.00133078
57 -0.000379166 -0.00128315
57.12 -0.00047277 -0.00124156
57.24 -0.000552381 -0.00120614
57.36 -0.000618314 -0.001177
57.48 -0.000670993 -0.00115417
57.6 -0.000710942 -0.00113765
57.72 -0.000738778 -0.00112734
57.84 -0.000755204 -0.00112311
57.96 -0.000760995 -0.00112476
58.08 -0.000756997 -0.00113204
58.2 -0.000744107 -0.00114462
58.32 -0.000723273 -0.00116214
58.44 -0.000695477 -0.00118416
58.56 -0.000661727 -0.0012102
58.68 -0.000623049 -0.00123974
58.8 -0.000580475 -0.00127219
58.92 -0.000535034 -0.00130694
59.04 -0.000487744 -0.00134334
59.16 -0.000439602 -0.00138069
59.28 -0.000391577 -0.00141829
59.4 -0.000344602 -0.00145539
59.52 -0.000299566 -0.00149124
59.64 -0.000257311 -0.00152509
59.76 -0.000218623 -0.00155616
59.88 -0.000184229 -0.00158369
60 -0.000154795 -0.00160694
60.12 -0.000130917 -0.00162516
60.24 -0.000113126 -0.00163764
60.36 -0.000101881 -0.0016437
60.48 -9.75693e-05 -0.0016427
60.6 -0.000100509 -0.00163402
60.72 -0.000110946 -0.00161712
60.84 -0.000129058 -0.00159149
60.96 -0.000154954 -0.0015567
61.08 -0.000188679 -0.00151238
61.2 -0.000230216 -0.00145821
61.32 -0.000279489 -0.00139398
61.44 -0.000336369 -0.00131954
61.56 -0.000400675 -0.00123483
61.68 -0.000472183 -0.00113987
61.8 -0.000550626 -0.00103476
61.92 -0.000635703 -0.00091971
62.04 -0.000727083 -0.000795012
62.16 -0.000824408 -0.000661047
62.28 -0.000927304 -0.000518288
62.4 -0.00103538 -0.000367298
62.52 -0.00114824 -0.000208729
62.64 -0.00126547 -4.33186e-05
62.76 -0.00138668 0.000128113
62.88 -0.00151146 0.000304668
63 -0.00163944 0.000485371
63.12 -0.00177023 0.000669181
63.24 -0.00190349 0.000854991
63.36 -0.00203887 0.00104164
63.48 -0.00217606 0.00122791
63.6 -0.00231479 0.00141254
63.72 -0.00245479 0.00159426
63.84 -0.00259584 0.00177172
63.96 -0.00273774 0.00194361
64.08 -0.00288034 0.00210858
64.2 -0.0030235 0.00226527
64.32 -0.00316713 0.00241236
64.44 -0.00331116 0.00254853
64.56 -0.00345557 0.00267248
64.68 -0.00360035 0.00278299
64.8 -0.00374553 0.00287883
64.92 -0.00389117 0.00295887
65.04 -0.00403735 0.00302203
65.16 -0.00418418 0.0030673
65.28 -0.00433178 0.00309377
65.4 -0.00448029 0.00310061
65.52 -0.00462988 0.00308708
65.64 -0.00478073 0.00305256
65.76 -0.00493301 0.00299654
65.88 -0.00508691 0.00291861
66 -0.00524263 0.0028185
66.12 -0.00540036 0.00269604
66.24 -0.0055603 0.00255122
66.36 -0.00572264 0.00238414
66.48 -0.00588755 0.00219501
66.6 -0.00605522 0.00198421
66.72 -0.0062258 0.00175221
66.84 -0.00639944 0.00149963
66.96 -0.00657627 0.00122721
67.08 -0.0067564 0.000935804
67.2 -0.00693995 0.000626372
67.32 -0.00712698 0.000299993
67.44 -0.00731755 -4.21588e-05
67.56 -0.00751171 -0.000398815
67.68 -0.00770947 -0.000768623
67.8 -0.00791084 -0.00115016
67.92 -0.00811578 -0.00154192
68.04 -0.00832428 -0.00194238
68.16 -0.00853626 -0.00234993
68.28 -0.00875167 -0.00276295
68.4 -0.0089704 -0.00317982
68.52 -0.00919237 -0.00359886
68.64 -0.00941746 -0.00401844
68.76 -0.00964555 -0.00443692
68.88 -0.0098765 -0.0048527
69 -0.0101102 -0.00526421
69.12 -0.0103465 -0.00566994
69.24 -0.0105852 -0.00606841
69.36 -0.0108263 -0.00645826
69.48 -0.0110695 -0.00683815
69.6 -0.0113148 -0.00720688
69.72 -0.011562 -0.00756331
69.84 -0.0118109 -0.00790642
69.96 -0.0120616 -0.00823529
70.08 -0.0123137 -0.0085491
70.2 -0.0125674 -0.00884716
70.32 -0.0128224 -0.00912889
70.44 -0.0130787 -0.00939384
70.56 -0.0133362 -0.00964165
70.68 -0.0135948 -0.00987209
70.8 -0.0138545 -0.010085
70.92 -0.0141152 -0.0102805
71.04 -0.0143769 -0.0104586
71.16 -0.0146395 -0.0106194
71.28 -0.014903 -0.0107633
71.4 -0.0151672 -0.0108907
71.52 -0.0154323 -0.0110018
71.64 -0.0156979 -0.0110974
71.76 -0.0159642 -0.0111778
71.88 -0.016231 -0.0112437
72 -0.0164981 -0.0112956
72.12 -0.0167655 -0.0113343
72.24 -0.0170329 -0.0113604
72.36 -0.0173002 -0.0113745
72.48 -0.0175671 -0.0113772
72.6 -0.0178333 -0.0113691
72.72 -0.0180987 -0.0113508
72.84 -0.0183627 -0.0113227
72.96 -0.0186251 -0.0112855
73.08 -0.0188854 -0.0112394
73.2 -0.0191432 -0.0111848
73.32 -0.019398 -0.011122
73.44 -0.0196491 -0.0110511
73.56 -0.0198961 -0.0109724
73.68 -0.0201383 -0.0108857
73.8 -0.020375 -0.0107911
73.92 -0.0206056 -0.0106884
74.04 -0.0208292 -0.0105775
74.16 -0.0210453 -0.010458
74.28 -0.0212529 -0.0103298
74.4 -0.0214514 -0.0101923
74.52 -0.02164 -0.0100452
74.64 -0.0218179 -0.00988798
74.76 -0.0219843 -0.00972023
74.88 -0.0221384 -0.00954143
75 -0.0222797 -0.0093511
75.12 -0.0224073 -0.00914878
75.24 -0.0225207 -0.00893404
75.36 -0.0226193 -0.00870647
75.48 -0.0227025 -0.00846577
75.6 -0.02277 -0.00821167
75.72 -0.0228214 -0.00794401
75.84 -0.0228563 -0.00766272
75.96 -0.0228748 -0.00736786
76.08 -0.0228766 -0.00705961
76.2 -0.0228619 -0.00673827
76.32 -0.0228307 -0.00640431
76.44 -0.0227835 -0.00605833
76.56 -0.0227206 -0.00570111
76.68 -0.0226425 -0.00533357
76.8 -0.0225499 -0.00495679
76.92 -0.0224437 -0.00457203
77.04 -0.0223246 -0.00418069
77.16 -0.0221937 -0.00378433
77.28 -0.0220522 -0.00338463
77.4 -0.0219012 -0.00298344
77.52 -0.021742 -0.0025827
77.64 -0.0215762 -0.00218446
77.76 -0.021405 -0.00179085
77.88 -0.02123 -0.00140409
78 -0.0210528 -0.00102641
78.12 -0.0208749 -0.000660084
78.24 -0.0206978 -0.000307379
78.36 -0.020523 2.94721e-05
78.48 -0.020352 0.000348294
78.6 -0.0201861 0.000646994
78.72 -0.0200267 0.000923594
78.84 -0.019875 0.00117626
78.96 -0.0197318 0.00140332
79.08 -0.0195982 0.0016033
79.2 -0.0194747 0.00177497
79.32 -0.0193618 0.00191732
79.44 -0.0192597 0.00202962
79.56 -0.0191683 0.00211144
79.68 -0.0190873 0.00216266
79.8 -0.0190161 0.00218348
79.92 -0.0189537 0.00217444
80.04 -0.0188988 0.00213643
80.16 -0.0188499 0.00207069
80.28 -0.0188049 0.00197884
80.4 -0.0187617 0.00186283
80.52 -0.0187174 0.00172495
80.64 -0.0186693 0.00156786
80.76 -0.0186138 0.00139451
80.88 -0.0185474 0.00120816
81 -0.018466 0.00101237
81.12 -0.0183654 0.000810924
81.24 -0.018241 0.000607835
81.36 -0.018088 0.000407299
81.48 -0.0179014 0.000213655
81.6 -0.017676 3.13443e-05
81.72 -0.0174063 -0.000135141
81.84 -0.017087 -0.000281299
81.96 -0.0167124 -0.000402675
82.08 -0.016277 -0.000494908
82.2 -0.0157753 -0.000553789
82.32 -0.0152019 -0.000575313
82.44 -0.0145514 -0.000555731
82.56 -0.0138188 -0.000491606
82.68 -0.0129991 -0.000379866
82.8 -0.012088 -0.000217852
82.92 -0.0110811 -3.36803e-06
83.04 -0.00997476 0.000265273
83.16 -0.00876572 0.000589211
83.28 -0.00745125 0.000968995
83.4 -0.00602922 0.00140456
83.52 -0.00449812 0.00189519
83.64 -0.00285714 0.00243949
83.76 -0.00110621 0.0030354
83.88 0.000753985 0.00368015
84 0.00272197 0.00437028
84.12 0.00479542 0.00510163
84.24 0.00697119 0.00586937
84.36 0.00924524 0.006668
84.48 0.0116127 0.0074914
84.6 0.0140677 0.00833283
84.72 0.0166037 0.00918501
84.84 0.0192132 0.0100402
84.96 0.0218878 0.01089
85.08 0.0246183 0.0117259
85.2 0.0273949 0.012539
85.32 0.0302069 0.0133199
85.44 0.033043 0.0140595
85.56 0.0358913 0.0147481
85.68 0.0387393 0.0153764
85.8 0.0415739 0.015935
85.92 0.044382 0.0164148
86.04 0.0471498 0.0168069
86.16 0.0498635 0.0171028
86.28 0.0525091 0.0172945
86.4 0.0550727 0.0173747
86.52 0.0575402 0.0173365
86.64 0.059898 0.0171739
86.76 0.0621328 0.0168818
86.88 0.0642315 0.0164559
87 0.0661817 0.0158929
87.12 0.0679717 0.0151906
87.24 0.0695903 0.014348
87.36 0.0710275 0.0133651
87.48 0.072274 0.0122433
87.6 0.0733216 0.0109849
87.72 0.0741633 0.00959395
87.84 0.0747935 0.00807538
87.96 0.0752076 0.00643556
88.08 0.0754027 0.0046821
88.2 0.0753771 0.00282385
88.32 0.0751308 0.000870865
88.44 0.0746653 -0.00116566
88.56 0.0739837 -0.00327341
88.68 0.0730907 -0.00543905
88.8 0.0719925 -0.0076483
88.92 0.0706972 -0.00988602
89.04 0.0692142 -0.0121363
89.16 0.0675547 -0.0143826
89.28 0.0657312 -0.0166078
89.4 0.0637579 -0.0187945
89.52 0.0616504 -0.0209248
89.64 0.0594254 -0.022981
89.76 0.0571012 -0.0249451
89.88 0.054697 -0.0267995
90 0.052233 -0.0285266
90.12 0.0497305 -0.0301096
90.24 0.0472115 -0.031532
90.36 0.0446986 -0.0327783
90.48 0.0422149 -0.0338337
90.6 0.0397838 -0.0346845
90.72 0.0374291 -0.0353181
90.84 0.0351742 -0.0357234
90.96 0.0330428 -0.0358905
91.08 0.031058 -0.035811
91.2 0.0292423 -0.0354782
91.32 0.0276179 -0.0348871
91.44 0.0262057 -0.0340345
91.56 0.0250261 -0.032919
91.68 0.0240979 -0.031541
91.8 0.0234388 -0.0299031
91.92 0.0230651 -0.0280095
92.04 0.0229912 -0.0258665
92.16 0.0232299 -0.0234824
92.28 0.0237924 -0.0208673
92.4 0.0246876 -0.0180332
92.52 0.0259224 -0.0149939
92.64 0.0275017 -0.0117649
92.76 0.029428 -0.00836339
92.88 0.0317016 -0.00480809
93 0.0343207 -0.00111911
93.12 0.0372808 0.00268213
93.24 0.0405754 0.00657307
93.36 0.0441955 0.0105301
93.48 0.0481298 0.014529
93.6 0.052365 0.0185444
93.72 0.0568853 0.0225511
93.84 0.061673 0.0265229
93.96 0.0667084 0.0304341
94.08 0.0719697 0.0342587
94.2 0.0774335 0.037971
94.32 0.0830747 0.0415459
94.44 0.0888667 0.0449589
94.56 0.0947817 0.0481863
94.68 0.100791 0.0512055
94.8 0.106863 0.0539949
94.92 0.112969 0.0565345
95.04 0.119076 0.0588057
95.16 0.125153 0.0607917
95.28 0.131168 0.0624775
95.4 0.137088 0.0638499
95.52 0.142883 0.0648978
95.64 0.148521 0.0656126
95.76 0.15397 0.0659875
95.88 0.159203 0.0660182
96 0.164188 0.0657029
96.12 0.1689 0.065042
96.24 0.173313 0.0640386
96.36 0.177401 0.0626979
96.48 0.181141 0.0610277
96.6 0.184515 0.0590382
96.72 0.187501 0.0567419
96.84 0.190085 0.0541535
96.96 0.192251 0.0512901
97.08 0.193988 0.0481705
97.2 0.195286 0.0448158
97.32 0.196139 0.0412488
97.44 0.196541 0.0374941
97.56 0.196492 0.0335777
97.68 0.195992 0.0295272
97.8 0.195043 0.025371
97.92 0.193653 0.0211391
98.04 0.191829 0.0168619
98.16 0.189583 0.0125705
98.28 0.186926 0.00829662
98.4 0.183876 0.00407209
98.52 0.180448 -7.12215e-05
98.64 0.176663 -0.0041016
98.76 0.172542 -0.00798773
98.88 0.168108 -0.0116988
99 0.163385 -0.015205
99.12 0.1584 -0.0184772
99.24 0.153179 -0.0214876
99.36 0.147751 -0.0242097
99.48 0.142145 -0.0266186
99.6 0.136389 -0.0286909
99.72 0.130515 -0.0304052
99.84 0.124552 -0.0317419
99.96 0.11853 -0.0326837
100.08 0.112479 -0.0332153
100.2 0.106429 -0.0333239
100.32 0.100408 -0.0329988
100.44 0.0944445 -0.0322321
100.56 0.0885655 -0.0310183
100.68 0.0827968 -0.0293543
100.8 0.0771632 -0.0272399
100.92 0.0716878 -0.0246772
101.04 0.0663922 -0.0216712
101.16 0.0612964 -0.0182291
101.28 0.0564183 -0.0143611
101.4 0.0517742 -0.0100795
101.52 0.0473783 -0.0053994
101.64 0.0432426 -0.000337952
101.76 0.0393772 0.00508522
101.88 0.03579 0.0108484
102 0.0324867 0.0169276
102.12 0.0294711 0.0232973
102.24 0.0267445 0.0299297
102.36 0.0243065 0.0367955
102.48 0.0221545 0.043864
102.6 0.0202839 0.051103
102.72 0.0186883 0.058479
102.84 0.0173596 0.0659576
102.96 0.0162877 0.0735035
103.08 0.0154613 0.0810807
103.2 0.0148675 0.0886526
103.32 0.0144922 0.0961825
103.44 0.0143201 0.103633
103.56 0.0143348 0.110968
103.68 0.0145194 0.11815
103.8 0.0148559 0.125142
103.92 0.0153262 0.13191
104.04 0.0159117 0.138417
104.16 0.0165935 0.144631
104.28 0.0173531 0.150517
104.4 0.0181718 0.156045
104.52 0.0190315 0.161184
104.64 0.0199144 0.165904
104.76 0.0208034 0.17018
104.88 0.0216824 0.173985
105 0.022536 0.177297
105.12 0.02335 0.180094
105.24 0.0241111 0.182358
105.36 0.0248076 0.184071
105.48 0.0254291 0.18522
105.6 0.0259665 0.185793
105.72 0.0264123 0.185779
105.84 0.0267606 0.185173
105.96 0.027007 0.183971
106.08 0.0271488 0.18217
106.2 0.027185 0.179773
106.32 0.0271161 0.176782
106.44 0.0269444 0.173205
106.56 0.0266735 0.169051
106.68 0.0263088 0.164332
106.8 0.025857 0.159062
106.92 0.0253264 0.153258
107.04 0.0247265 0.14694
107.16 0.0240681 0.140129
107.28 0.0233631 0.132851
107.4 0.0226244 0.125131
107.52 0.0218659 0.116997
107.64 0.0211021 0.108481
107.76 0.0203485 0.0996155
107.88 0.0196207 0.0904336
108 0.018935 0.0809715
108.12 0.0183077 0.0712663
108.24 0.0177553 0.0613564
108.36 0.0172943 0.0512812
108.48 0.0169409 0.041081
108.6 0.016711 0.030797
108.72 0.01662 0.0204706
108.84 0.0166827 0.0101437
108.96 0.0169132 -0.000141581
109.08 0.0173248 -0.0103434
109.2 0.0179295 -0.0204202
109.32 0.0187388 -0.0303307
109.44 0.0197625 -0.0400344
109.56 0.0210094 -0.0494919
109.68 0.0224869 -0.0586645
109.8 0.0242011 -0.0675152
109.92 0.0261565 -0.076008
110.04 0.0283562 -0.0841089
110.16 0.0308019 -0.0917857
110.28 0.0334934 -0.099008
110.4 0.0364294 -0.105748
110.52 0.0396067 -0.111979
110.64 0.0430207 -0.117678
110.76 0.0466654 -0.122825
110.88 0.0505333 -0.1274
111 0.0546153 -0.131389
111.12 0.0589013 -0.13478
111.24 0.0633796 -0.137561
111.36 0.0680375 -0.139727
111.48 0.0728611 -0.141274
111.6 0.0778356 -0.142201
111.72 0.082945 -0.142511
111.84 0.0881729 -0.142209
111.96 0.0935019 -0.141303
112.08 0.098914 -0.139804
112.2 0.104391 -0.137727
112.32 0.109914 -0.135088
112.44 0.115464 -0.131908
112.56 0.121022 -0.128208
112.68 0.126569 -0.124013
112.8 0.132086 -0.11935
112.92 0.137554 -0.114247
113.04 0.142954 -0.108737
113.16 0.14827 -0.102852
113.28 0.153483 -0.096626
113.4 0.158576 -0.0900955
113.52 0.163534 -0.0832975
113.64 0.168342 -0.0762702
113.76 0.172983 -0.0690523
113.88 0.177446 -0.0616834
114 0.181718 -0.0542033
114.12 0.185787 -0.0466518
114.24 0.189643 -0.0390687
114.36 0.193275 -0.0314935
114.48 0.196677 -0.0239649
114.6 0.199841 -0.016521
114.72 0.202761 -0.00919897
114.84 0.205431 -0.00203461
114.96 0.207849 0.00493759
115.08 0.210011 0.0116847
115.2 0.211915 0.0181755
115.32 0.213561 0.0243808
115.44 0.214948 0.0302734
115.56 0.216079 0.0358281
115.68 0.216954 0.0410222
115.8 0.217577 0.0458355
115.92 0.21795 0.0502498
116.04 0.218078 0.05425
116.16 0.217966 0.0578233
116.28 0.217618 0.0609595
116.4 0.21704 0.0636512
116.52 0.216238 0.0658935
116.64 0.215218 0.0676842
116.76 0.213986 0.0690236
116.88 0.212549 0.0699146
117 0.210914 0.0703626
117.12 0.209088 0.0703753
117.24 0.207076 0.0699626
117.36 0.204887 0.0691368
117.48 0.202525 0.0679121
117.6 0.199997 0.0663046
117.72 0.197311 0.0643321
117.84 0.19447 0.0620144
117.96 0.191481 0.0593722
118.08 0.18835 0.0564279
118.2 0.185081 0.0532049
118.32 0.181679 0.0497275
118.44 0.178149 0.0460207
118.56 0.174494 0.0421102
118.68 0.170719 0.0380222
118.8 0.166827 0.033783
118.92 0.162822 0.0294188
119.04 0.158707 0.024956
119.16 0.154485 0.0204206
119.28 0.150159 0.015838
119.4 0.145732 0.0112334
119.52 0.141206 0.00663084
119.64 0.136584 0.00205384
119.76 0.13187 -0.0024752
119.88 0.127066 -0.00693493
120 0.122174 -0.0113052
