-0.999 0.000138189 -1.39937e-05
-0.998 0.00050851 -3.98488e-05
-0.997 0.00103954 -8.77219e-05
-0.996 0.00171076 -0.00019389
-0.995 0.00259098 -0.000376984
-0.994 0.00382975 -0.000592034
-0.993 0.00559624 -0.000716519
-0.992 0.00800473 -0.000604143
-0.991 0.0110834 -0.000171261
-0.99 0.0147775 0.000527487
-0.989 0.0190385 0.00124865
-0.988 0.0238622 0.00163227
-0.987 0.0293365 0.00136691
-0.986 0.0356481 0.000336915
-0.985 0.0428265 -0.00123145
-0.984 0.0505838 -0.00276272
-0.983 0.0583636 -0.0035241
-0.982 0.0655385 -0.00292901
-0.981 0.0716532 -0.000722987
-0.98 0.0766869 0.00278173
-0.979 0.081237 0.00662222
-0.978 0.0861736 0.00953581
-0.977 0.0922075 0.0103611
-0.976 0.0993634 0.00850179
-0.975 0.106779 0.00411713
-0.974 0.112988 -0.00180013
-0.973 0.116262 -0.00780018
-0.972 0.115735 -0.012785
-0.971 0.112004 -0.0160607
-0.97 0.107427 -0.0178792
-0.969 0.106476 -0.0196638
-0.968 0.113216 -0.0230615
-0.967 0.129333 -0.0293638
-0.966 0.153624 -0.0389058
-0.965 0.181842 -0.0507691
-0.964 0.208146 -0.0624732
-0.963 0.226835 -0.0705604
-0.962 0.235158 -0.0721118
-0.961 0.23537 -0.0654877
-0.96 0.233955 -0.0511597
-0.959 0.23948 -0.0314881
-0.958 0.259348 -0.00995369
-0.957 0.296097 0.0095343
-0.956 0.345742 0.0239903
-0.955 0.397661 0.0318331
-0.954 0.438096 0.0338049
-0.953 0.456588 0.0323243
-0.952 0.448564 0.0299247
-0.951 0.4184 0.0284763
-0.95 0.380322 0.027979
-0.949 0.351842 0.026674
-0.948 0.347353 0.0211657
-0.947 0.372729 0.00828838
-0.946 0.421611 -0.0137691
-0.945 0.477321 -0.0453092
-0.944 0.51847 -0.0832877
-0.943 0.528328 -0.123126
-0.942 0.501972 -0.159729
-0.941 0.448946 -0.187719
-0.94 0.391736 -0.203581
-0.939 0.356887 -0.207283
-0.938 0.364977 -0.200759
-0.937 0.425518 -0.187285
-0.936 0.528113 -0.171388
-0.935 0.646849 -0.154755
-0.934 0.752236 -0.138082
-0.933 0.818189 -0.121128
-0.932 0.835363 -0.100801
-0.931 0.814788 -0.0751378
-0.93 0.782257 -0.0442027
-0.929 0.770407 -0.00810445
-0.928 0.804454 0.0314247
-0.927 0.889509 0.0710606
-0.926 1.00944 0.107067
-0.925 1.1331 0.13554
-0.924 1.22317 0.152971
-0.923 1.25198 0.156475
-0.922 1.21287 0.14562
-0.921 1.12104 0.121099
-0.92 1.01064 0.0844291
-0.919 0.921798 0.0390567
-0.918 0.884409 -0.0104115
-0.917 0.90524 -0.0599075
-0.916 0.969787 -0.106722
-0.915 1.05021 -0.149937
-0.914 1.11432 -0.188844
-0.913 1.14144 -0.224257
-0.912 1.13241 -0.259331
-0.911 1.10842 -0.296102
-0.91 1.09941 -0.332136
-0.909 1.13472 -0.362117
-0.908 1.23275 -0.37993
-0.907 1.38799 -0.376406
-0.906 1.57156 -0.345421
-0.905 1.74568 -0.286103
-0.904 1.87833 -0.204089
-0.903 1.95248 -0.111438
-0.902 1.97236 -0.0230545
-0.901 1.95774 0.0455189
-0.9 1.93196 0.0834107
-0.899 1.9173 0.0886676
-0.898 1.91891 0.0693433
-0.897 1.92129 0.0379033
-0.896 1.90447 0.00874361
-0.895 1.84749 -0.00689495
-0.894 1.74771 -0.00585897
-0.893 1.62616 0.00554862
-0.892 1.51256 0.0116167
-0.891 1.44654 -0.00491999
-0.89 1.45739 -0.0554224
-0.889 1.55154 -0.140348
-0.888 1.71143 -0.246097
-0.887 1.8935 -0.349475
-0.886 2.05733 -0.424875
-0.885 2.18319 -0.45257
-0.884 2.27165 -0.4247
-0.883 2.34496 -0.349629
-0.882 2.43589 -0.252819
-0.881 2.57161 -0.167031
-0.88 2.75608 -0.119447
-0.879 2.95939 -0.123637
-0.878 3.12593 -0.177608
-0.877 3.19482 -0.263022
-0.876 3.12763 -0.347077
-0.875 2.91765 -0.397639
-0.874 2.60305 -0.398044
-0.873 2.26439 -0.348615
-0.872 1.98574 -0.271631
-0.871 1.82316 -0.202652
-0.87 1.79284 -0.175772
-0.869 1.86699 -0.213682
-0.868 1.98535 -0.315697
-0.867 2.08495 -0.460208
-0.866 2.12226 -0.608917
-0.865 2.09778 -0.717912
-0.864 2.06352 -0.754731
-0.863 2.09857 -0.710361
-0.862 2.26731 -0.599092
-0.861 2.59958 -0.455813
-0.86 3.07704 -0.326957
-0.859 3.61796 -0.246826
-0.858 4.1152 -0.228118
-0.857 4.47201 -0.260042
-0.856 4.63183 -0.309377
-0.855 4.60435 -0.328969
-0.854 4.45676 -0.277129
-0.853 4.28505 -0.137106
-0.852 4.17163 0.0821999
-0.851 4.15939 0.341734
-0.85 4.22959 0.581101
-0.849 4.32719 0.744589
-0.848 4.37938 0.78936
-0.847 4.30959 0.704729
-0.846 4.10206 0.513179
-0.845 3.80682 0.2611
-0.844 3.5058 0.00190968
-0.843 3.28688 -0.222209
-0.842 3.22101 -0.391497
-0.841 3.32979 -0.516754
-0.84 3.57232 -0.629848
-0.839 3.86076 -0.773857
-0.838 4.10775 -0.979602
-0.837 4.26257 -1.24639
-0.836 4.32044 -1.54025
-0.835 4.32483 -1.79659
-0.834 4.34657 -1.94101
-0.833 4.45416 -1.91063
-0.832 4.67458 -1.6716
-0.831 4.97979 -1.23163
-0.83 5.3055 -0.652391
-0.829 5.57711 -0.0210545
-0.828 5.72559 0.576269
-0.827 5.73655 1.06069
-0.826 5.65873 1.39361
-0.825 5.54122 1.57062
-0.824 5.44179 1.62297
-0.823 5.40839 1.60002
-0.822 5.43767 1.53412
-0.821 5.46815 1.43173
-0.82 5.42336 1.26657
-0.819 5.24183 0.989509
-0.818 4.9092 0.550264
-0.817 4.48062 -0.0839258
-0.816 4.04554 -0.891363
-0.815 3.71572 -1.79078
-0.814 3.56579 -2.67118
-0.813 3.60551 -3.41014
-0.812 3.79616 -3.89487
-0.811 4.06104 -4.06491
-0.81 4.3142 -3.91958
-0.809 4.50936 -3.51562
-0.808 4.66186 -2.94378
-0.807 4.83109 -2.29268
-0.806 5.09852 -1.64194
-0.805 5.52986 -1.02747
-0.804 6.134 -0.444726
-0.803 6.84865 0.13387
-0.802 7.54395 0.733189
-0.801 8.08317 1.34826
-0.8 8.3766 1.93638
-0.799 8.38167 2.41782
-0.798 8.14656 2.69866
-0.797 7.7902 2.7029
-0.796 7.42528 2.40116
-0.795 7.1486 1.81987
-0.794 6.98424 1.04058
-0.793 6.87671 0.191298
-0.792 6.75087 -0.60054
-0.791 6.54404 -1.25111
-0.79 6.24013 -1.71581
-0.789 5.89564 -1.99699
-0.788 5.62114 -2.13708
-0.787 5.52921 -2.18656
-0.786 5.69931 -2.18171
-0.785 6.13652 -2.12799
-0.784 6.74825 -2.00887
-0.783 7.41001 -1.7972
-0.782 7.99706 -1.46627
-0.781 8.40408 -1.02131
-0.78 8.62714 -0.493794
-0.779 8.74217 0.0543679
-0.778 8.844 0.535688
-0.777 9.0003 0.894381
-0.776 9.2111 1.09781
-0.775 9.41197 1.14942
-0.774 9.47255 1.07242
-0.773 9.27273 0.904558
-0.772 8.77659 0.697603
-0.771 8.04402 0.470177
-0.77 7.22375 0.229992
-0.769 6.53289 -0.0342676
-0.768 6.15056 -0.333891
-0.767 6.14352 -0.653862
-0.766 6.4506 -0.968648
-0.765 6.89193 -1.25269
-0.764 7.26423 -1.47218
-0.763 7.42172 -1.61209
-0.762 7.32931 -1.68702
-0.761 7.10669 -1.72266
-0.76 6.99887 -1.75885
-0.759 7.22704 -1.81368
-0.758 7.92057 -1.8719
-0.757 9.04441 -1.90281
-0.756 10.3677 -1.83958
-0.755 11.5607 -1.62912
-0.754 12.3 -1.25334
-0.753 12.4316 -0.735754
-0.752 11.995 -0.159604
-0.751 11.2155 0.371774
-0.75 10.4527 0.752341
-0.749 10.0245 0.924654
-0.748 10.0798 0.900548
-0.747 10.5423 0.745296
-0.746 11.1213 0.545804
-0.745 11.4372 0.381665
-0.744 11.2048 0.278736
-0.743 10.3096 0.199447
-0.742 8.90839 0.0436787
-0.741 7.37607 -0.317644
-0.74 6.17353 -0.958902
-0.739 5.68072 -1.87815
-0.738 6.00075 -2.96726
-0.737 6.97208 -4.04684
-0.736 8.23872 -4.89642
-0.735 9.35877 -5.31233
-0.734 9.99213 -5.21161
-0.733 10.0719 -4.63212
-0.732 9.80174 -3.7114
-0.731 9.53977 -2.65673
-0.73 9.64342 -1.66601
-0.729 10.355 -0.851537
-0.728 11.6641 -0.219045
-0.727 13.2772 0.3129
-0.726 14.7393 0.888666
-0.725 15.6064 1.6195
-0.724 15.6405 2.50309
-0.723 14.8741 3.43609
-0.722 13.6168 4.20234
-0.721 12.297 4.53622
-0.72 11.2937 4.24626
-0.719 10.7833 3.24647
-0.718 10.6958 1.62536
-0.717 10.7717 -0.352395
-0.716 10.6706 -2.34317
-0.715 10.184 -4.02571
-0.714 9.30983 -5.18815
-0.713 8.2994 -5.78548
-0.712 7.54704 -5.9194
-0.711 7.43797 -5.77537
-0.71 8.17406 -5.56083
-0.709 9.61612 -5.37852
-0.708 11.4201 -5.23424
-0.707 13.1276 -5.00703
-0.706 14.3362 -4.46859
-0.705 14.9015 -3.45884
-0.704 14.9613 -1.93972
-0.703 14.8792 -0.012057
-0.702 15.0722 2.0737
-0.701 15.7949 3.97931
-0.7 16.9992 5.37871
-0.699 18.3174 6.04829
-0.698 19.1969 5.93423
-0.697 19.1659 5.15114
-0.696 18.0296 3.92829
-0.695 15.9879 2.56277
-0.694 13.6068 1.28875
-0.693 11.63 0.221178
-0.692 10.6599 -0.656796
-0.691 10.8928 -1.47748
-0.69 12.0774 -2.37913
-0.689 13.5679 -3.45783
-0.688 14.6037 -4.73076
-0.687 14.5965 -6.07615
-0.686 13.3991 -7.2646
-0.685 11.431 -8.05512
-0.684 9.48873 -8.2559
-0.683 8.43934 -7.77196
-0.682 8.85136 -6.66347
-0.681 10.7796 -5.13436
-0.68 13.6674 -3.44657
-0.679 16.5145 -1.89199
-0.678 18.2822 -0.661035
-0.677 18.3029 0.173987
-0.676 16.5638 0.63319
-0.675 13.7264 0.864444
-0.674 10.9446 1.03128
-0.673 9.31865 1.24945
-0.672 9.51635 1.5473
-0.671 11.5204 1.86178
-0.67 14.5559 2.06477
-0.669 17.4377 1.97371
-0.668 18.9827 1.43061
-0.667 18.5409 0.370567
-0.666 16.2433 -1.11755
-0.665 12.9317 -2.82336
-0.664 9.88891 -4.48883
-0.663 8.37234 -5.83922
-0.662 9.05918 -6.66596
-0.661 11.7783 -6.88488
-0.66 15.6052 -6.56396
-0.659 19.212 -5.86491
-0.658 21.3739 -4.99034
-0.657 21.4571 -4.122
-0.656 19.6584 -3.3457
-0.655 16.8947 -2.64039
-0.654 14.4703 -1.89957
-0.653 13.5345 -0.978826
-0.652 14.6486 0.218448
-0.651 17.5381 1.70325
-0.65 21.2007 3.35866
-0.649 24.3297 4.92927
-0.648 25.7879 6.12429
-0.647 25.066 6.70555
-0.646 22.4598 6.51776
-0.645 18.9357 5.56886
-0.644 15.7014 4.02127
-0.643 13.7711 2.12835
-0.642 13.5905 0.189181
-0.641 14.9006 -1.55475
-0.64 16.8469 -2.97656
-0.639 18.409 -4.07935
-0.638 18.8408 -4.9492
-0.637 17.8916 -5.68775
-0.636 15.9606 -6.33549
-0.635 13.9048 -6.88387
-0.634 12.6155 -7.25726
-0.633 12.6655 -7.27455
-0.632 14.1648 -6.79499
-0.631 16.6613 -5.76568
-0.63 19.3897 -4.21965
-0.629 21.5989 -2.3245
-0.628 22.7638 -0.311866
-0.627 22.8801 1.57115
-0.626 22.3615 3.10033
-0.625 21.7545 4.11904
-0.624 21.4797 4.58659
-0.623 21.6941 4.55017
-0.622 22.1609 4.09036
-0.621 22.3989 3.28711
-0.62 22.012 2.22244
-0.619 20.8196 0.968068
-0.618 19.0101 -0.423167
-0.617 17.0666 -1.88887
-0.616 15.5341 -3.37266
-0.615 14.8236 -4.78225
-0.614 14.9764 -6.03249
-0.613 15.6252 -7.09021
-0.612 16.1977 -7.90548
-0.611 16.1774 -8.46322
-0.61 15.4042 -8.76138
-0.609 14.1306 -8.7481
-0.608 13.0056 -8.3558
-0.607 12.8097 -7.5134
-0.606 14.0779 -6.19848
-0.605 16.8354 -4.44466
-0.604 20.5024 -2.37809
-0.603 24.1009 -0.254538
-0.602 26.6445 1.6466
-0.601 27.4815 3.0961
-0.6 26.6384 3.9424
-0.599 24.7854 4.18322
-0.598 22.9651 4.00043
-0.597 22.242 3.65496
-0.596 23.16 3.40772
-0.595 25.6318 3.40466
-0.594 28.8357 3.55664
-0.593 31.4117 3.634
-0.592 32.147 3.3177
-0.591 30.4517 2.3149
-0.59 26.5571 0.525418
-0.589 21.4956 -1.89854
-0.588 16.7326 -4.55141
-0.587 13.6217 -6.86354
-0.586 12.9448 -8.32063
-0.585 14.6203 -8.63991
-0.584 17.74 -7.86675
-0.583 20.8736 -6.34987
-0.582 22.733 -4.64314
-0.581 22.6764 -3.29308
-0.58 20.8699 -2.60751
-0.579 18.3214 -2.58566
-0.578 16.4141 -2.8879
-0.577 16.335 -2.99261
-0.576 18.697 -2.40397
-0.575 23.1934 -0.835507
-0.574 28.7133 1.54536
-0.573 33.7901 4.19279
-0.572 37.147 6.38307
-0.571 38.0204 7.4114
-0.57 36.4816 6.88327
-0.569 33.3043 4.84496
-0.568 29.7065 1.81623
-0.567 26.849 -1.37598
-0.566 25.3601 -3.93547
-0.565 25.3408 -5.36336
-0.564 26.259 -5.55499
-0.563 27.2953 -4.89033
-0.562 27.701 -4.0381
-0.561 27.0615 -3.65284
-0.56 25.4473 -4.14853
-0.559 23.2995 -5.48552
-0.558 21.3135 -7.19253
-0.557 20.1792 -8.52594
-0.556 20.2237 -8.79191
-0.555 21.4964 -7.62273
-0.554 23.7574 -5.13223
-0.553 26.5213 -1.90153
-0.552 29.3385 1.24895
-0.551 31.7609 3.47773
-0.55 33.4072 4.23093
-0.549 34.1282 3.47075
-0.548 33.8239 1.62116
-0.547 32.5022 -0.585083
-0.546 30.3865 -2.39339
-0.545 27.8699 -3.31141
-0.544 25.4689 -3.27782
-0.543 23.7631 -2.63679
-0.542 23.1938 -1.97111
-0.541 23.8212 -1.84861
-0.54 25.3295 -2.55695
-0.539 27.0972 -4.05948
-0.538 28.3569 -5.96515
-0.537 28.4664 -7.69305
-0.536 27.2034 -8.66362
-0.535 24.969 -8.57293
-0.534 22.7688 -7.49776
-0.533 21.7678 -5.7581
-0.532 22.8418 -3.89491
-0.531 26.1909 -2.45832
-0.53 31.1791 -1.74176
-0.529 36.442 -1.72661
-0.528 40.3368 -2.19014
-0.527 41.5724 -2.76099
-0.526 39.6135 -3.0862
-0.525 35.104 -2.97791
-0.524 29.6527 -2.43038
-0.523 25.2559 -1.58825
-0.522 23.6298 -0.70417
-0.521 25.4499 0.0176802
-0.52 30.1455 0.509878
-0.519 36.112 0.789956
-0.518 41.1309 0.937603
-0.517 43.4156 1.03611
-0.516 42.2531 1.07931
-0.515 38.0991 1.00971
-0.514 32.6837 0.68912
-0.513 28.2803 0.0201369
-0.512 26.7571 -0.920904
-0.511 28.8319 -2.03312
-0.51 33.854 -3.14118
-0.509 39.949 -4.05232
-0.508 44.7157 -4.66096
-0.507 46.2525 -5.00525
-0.506 43.8383 -5.28011
-0.505 38.2096 -5.65712
-0.504 31.3208 -6.21814
-0.503 25.696 -6.87064
-0.502 23.3321 -7.2634
-0.501 25.051 -6.98196
-0.5 30.2556 -5.694
-0.499 37.1342 -3.28424
-0.498 43.4512 -0.00421294
-0.497 47.3201 3.59772
-0.496 47.8505 6.76447
-0.495 45.5246 8.76499
-0.494 41.817 9.18983
-0.493 38.4833 8.03744
-0.492 36.9933 5.75745
-0.491 37.8046 3.09255
-0.49 40.1712 0.737069
-0.489 42.6649 -0.920127
-0.488 43.6841 -1.8874
-0.487 42.1735 -2.5983
-0.486 37.9762 -3.70673
-0.485 31.845 -5.76904
-0.484 25.2325 -8.97806
-0.483 19.7457 -12.9883
-0.482 16.4572 -16.9454
-0.481 15.6081 -19.7576
-0.48 16.8162 -20.5165
-0.479 19.2682 -18.8226
-0.478 22.176 -14.9331
-0.477 25.0177 -9.71443
-0.476 27.7842 -4.41082
-0.475 30.8123 -0.190335
-0.474 34.3877 2.20263
-0.473 38.6031 2.67625
-0.472 43.0387 1.80543
-0.471 46.9526 0.545029
-0.47 49.6467 -0.161054
-0.469 50.7581 0.216005
-0.468 50.3885 1.63182
-0.467 49.0967 3.51181
-0.466 47.6857 4.85976
-0.465 46.698 4.74343
-0.464 46.1954 2.78441
-0.463 45.695 -0.767529
-0.462 44.3743 -5.12733
-0.461 41.5434 -9.07685
-0.46 37.0142 -11.4619
-0.459 31.4367 -11.6073
-0.458 26.1735 -9.49292
-0.457 22.9233 -5.84699
-0.456 22.9258 -1.77181
-0.455 26.4478 1.56324
-0.454 32.6679 3.27866
-0.453 39.7252 3.14337
-0.452 45.3389 1.61686
-0.451 47.8708 -0.488553
-0.45 46.9254 -2.2607
-0.449 43.3936 -3.00623
-0.448 39.2577 -2.51742
-0.447 36.7715 -1.07291
-0.446 37.5032 0.591904
-0.445 41.605 1.72615
-0.444 47.7944 1.84673
-0.443 53.8176 0.86918
-0.442 57.1269 -0.838804
-0.441 55.9712 -2.65204
-0.44 50.3185 -3.83205
-0.439 41.7567 -3.83799
-0.438 33.1097 -2.55
-0.437 27.2744 -0.221642
-0.436 26.0625 2.55215
-0.435 29.7055 5.00752
-0.434 36.4615 6.47696
-0.433 43.4431 6.59683
-0.432 47.7847 5.28884
-0.431 47.5244 2.71797
-0.43 42.5347 -0.671558
-0.429 34.5421 -4.34007
-0.428 26.4368 -7.81167
-0.427 21.2633 -10.7297
-0.426 20.8833 -12.9152
-0.425 25.3465 -14.2766
-0.424 32.9557 -14.8421
-0.423 40.8362 -14.8244
-0.422 46.1446 -14.387
-0.421 47.1138 -13.6651
-0.42 43.6745 -12.7704
-0.419 37.4852 -11.6537
-0.418 31.2912 -10.1453
-0.417 27.7011 -8.03187
-0.416 28.198 -5.17695
-0.415 32.7936 -1.5882
-0.414 39.8268 2.47349
-0.413 46.6133 6.48068
-0.412 50.66 9.7194
-0.411 50.5458 11.4487
-0.41 46.3401 11.1685
-0.409 39.5522 8.7227
-0.408 32.5319 4.42273
-0.407 27.4998 -0.927743
-0.406 25.8526 -6.28015
-0.405 27.7634 -10.6674
-0.404 32.1427 -13.4047
-0.403 37.0845 -14.351
-0.402 40.8325 -13.9053
-0.401 42.4457 -12.7613
-0.4 42.0344 -11.7092
-0.399 40.5054 -11.2463
-0.398 39.1012 -11.3251
-0.397 39.0779 -11.4497
-0.396 40.9823 -10.8796
-0.395 44.4955 -8.79689
-0.394 48.7598 -4.79987
-0.393 52.6671 0.780414
-0.392 55.2674 7.06814
-0.391 56.0643 12.7909
-0.39 55.1008 16.6377
-0.389 52.7442 17.7012
-0.388 49.5535 15.7217
-0.387 46.0909 11.2538
-0.386 42.5771 5.40492
-0.385 39.1779 -0.483562
-0.384 36.0836 -5.24707
-0.383 33.5091 -8.2772
-0.382 31.8389 -9.61816
-0.381 31.3207 -9.95746
-0.38 32.0484 -10.2493
-0.379 33.826 -11.2325
-0.378 36.0684 -13.1975
-0.377 38.0357 -15.8635
-0.376 39.1769 -18.4297
-0.375 39.4486 -19.8617
-0.374 39.3172 -19.2589
-0.373 39.5893 -16.2379
-0.372 41.2171 -11.1064
-0.371 44.7515 -4.77216
-0.37 49.9576 1.55425
-0.369 55.8391 6.6447
-0.368 60.8254 9.66362
-0.367 63.302 10.4336
-0.366 62.3475 9.27304
-0.365 58.1977 6.8976
-0.364 52.0528 4.19708
-0.363 45.7347 1.91453
-0.362 41.1217 0.432462
-0.361 39.4237 -0.302062
-0.36 40.584 -0.714431
-0.359 43.3726 -1.38781
-0.358 45.9279 -2.86766
-0.357 46.4018 -5.45845
-0.356 43.6723 -9.05567
-0.355 37.9936 -13.222
-0.354 30.963 -17.2773
-0.353 24.7306 -20.4312
-0.352 21.3976 -22.0258
-0.351 22.3324 -21.6978
-0.35 27.4702 -19.4003
-0.349 35.3295 -15.53
-0.348 43.63 -10.8026
-0.347 50.2528 -6.01474
-0.346 53.8054 -1.93772
-0.345 54.0249 0.863413
-0.344 52.0846 2.29964
-0.343 49.8486 2.71464
-0.342 49.099 2.76113
-0.341 51.0058 3.19333
-0.34 55.5635 4.51313
-0.339 61.5848 6.85022
-0.338 67.1524 9.77737
-0.337 70.3644 12.3885
-0.336 69.9629 13.5549
-0.335 65.8573 12.3063
-0.334 58.8847 8.22021
-0.333 50.4888 1.54204
-0.332 42.485 -6.65899
-0.331 36.3608 -14.753
-0.33 33.0225 -21.1511
-0.329 32.5216 -24.691
-0.328 34.1514 -25.0624
-0.327 36.9209 -22.9305
-0.326 39.7734 -19.637
-0.325 41.8301 -16.7599
-0.324 42.6471 -15.486
-0.323 42.3082 -16.1634
-0.322 41.4233 -18.1254
-0.321 40.8653 -19.909
-0.32 41.6078 -19.7488
-0.319 44.5748 -16.3603
-0.318 49.9614 -9.47287
-0.317 57.0955 0.0479179
-0.316 64.7627 10.2552
-0.315 71.1642 18.8105
-0.314 74.4139 23.7536
-0.313 73.3072 24.0958
-0.312 67.7416 20.2483
-0.311 59.0303 13.8554
-0.31 49.5637 7.15811
-0.309 42.0754 2.23626
-0.308 38.7764 0.264135
-0.307 40.4533 1.1169
-0.306 46.1748 3.42037
-0.305 53.5226 5.08509
-0.304 59.2166 4.25826
-0.303 60.5356 0.00320496
-0.302 56.4829 -7.27572
-0.301 48.2734 -15.8912
-0.3 39.0725 -23.4791
-0.299 32.6687 -27.7505
-0.298 32.2516 -27.4295
-0.297 39.022 -22.6017
-0.296 51.3655 -14.5766
-0.295 65.4195 -5.64397
-0.294 76.3937 1.83
-0.293 80.3475 6.28669
-0.292 75.6663 7.42669
-0.291 63.9039 6.15152
-0.29 49.2123 4.11835
-0.289 36.9026 3.10584
-0.288 31.4706 4.22862
-0.287 34.7762 7.52562
-0.286 45.144 11.9753
-0.285 58.0122 15.8647
-0.284 67.7977 17.3765
-0.283 69.9403 15.377
-0.282 62.8443 9.73113
-0.281 48.3165 1.24172
-0.28 31.186 -8.44589
-0.279 17.5741 -17.5229
-0.278 12.2842 -24.596
-0.277 17.1558 -28.9024
-0.276 30.068 -30.5883
-0.275 45.9212 -30.4309
-0.274 58.634 -29.3043
-0.273 63.339 -27.9479
-0.272 58.47 -26.6556
-0.271 46.2666 -25.2088
-0.27 32.0433 -23.1275
-0.269 22.015 -19.926
-0.268 20.7229 -15.3698
-0.267 29.3006 -9.59267
-0.266 45.0131 -3.07197
-0.265 62.2382 3.46263
-0.264 74.6834 9.33748
-0.263 77.9263 14.0544
-0.262 71.0457 17.294
-0.261 56.9725 18.8193
-0.26 41.2458 18.4476
-0.259 29.633 16.1507
-0.258 25.9272 11.9271
-0.257 30.4127 5.89116
-0.256 39.9556 -1.44708
-0.255 49.4222 -9.14671
-0.254 53.9084 -16.1096
-0.253 50.7691 -21.1473
-0.252 40.8106 -23.4194
-0.251 28.1316 -22.7716
-0.25 18.1879 -19.7029
-0.249 15.5728 -15.2609
-0.248 22.0626 -10.6879
-0.247 35.9152 -6.99648
-0.246 52.6828 -4.43587
-0.245 66.9443 -2.4834
-0.244 74.6421 -0.0912727
-0.243 74.7685 3.92352
-0.242 69.4999 10.2809
-0.241 63.0609 18.617
-0.24 59.9547 27.4554
-0.239 62.8308 34.7065
-0.238 71.016 38.0617
-0.237 80.6819 35.9367
-0.236 86.639 28.1869
-0.235 84.7345 16.2477
-0.234 73.5276 2.65828
-0.233 55.3192 -9.70436
-0.232 35.4173 -18.4393
-0.231 20.052 -22.5353
-0.23 13.7185 -22.668
-0.229 17.2452 -20.8557
-0.228 27.4643 -19.6252
-0.227 38.4009 -21.1011
-0.226 43.8112 -25.9899
-0.225 39.8149 -33.1823
-0.224 26.9648 -40.2853
-0.223 10.0034 -44.4262
-0.222 -3.97991 -43.3093
-0.221 -8.44031 -36.1245
-0.22 -0.140891 -24.0012
-0.219 19.0953 -9.79589
-0.218 42.7742 2.79067
-0.217 62.1976 10.6626
-0.216 69.8239 12.3111
-0.215 62.4804 8.13705
-0.214 42.9088 0.428387
-0.213 18.8846 -7.45478
-0.212 0.222118 -12.3649
-0.211 -5.00873 -12.5477
-0.21 6.14292 -8.23432
-0.209 30.1741 -1.40756
-0.208 58.2656 4.8081
-0.207 79.5756 7.34857
-0.206 85.57 4.49861
-0.205 73.5224 -3.55504
-0.204 47.8757 -14.769
-0.203 18.6072 -25.8613
-0.202 -2.70282 -33.4744
-0.201 -7.15297 -35.4748
-0.2 7.76927 -31.467
-0.199 36.9848 -22.9845
-0.198 69.7661 -12.9344
-0.197 93.7629 -4.40496
-0.196 99.8398 0.336119
-0.195 85.7116 0.594119
-0.194 56.9096 -2.47584
-0.193 24.8371 -6.40971
-0.192 2.2927 -8.47374
-0.191 -1.26359 -6.51527
-0.19 16.5648 0.127415
-0.189 50.0378 10.3931
-0.188 87.6187 21.9333
-0.187 116.112 31.7541
-0.186 125.671 37.2393
-0.185 113.605 37.0461
-0.184 85.0938 31.3133
-0.183 51.0235 21.5486
-0.182 24.0636 10.1951
-0.181 13.7518 -0.386633
-0.18 22.9317 -8.50691
-0.179 46.6589 -13.6491
-0.178 74.3326 -16.5
-0.177 94.0281 -18.4505
-0.176 96.6732 -21.0433
-0.175 79.7449 -25.3088
-0.174 48.0594 -31.3709
-0.173 11.86 -38.371
-0.172 -16.7251 -44.7395
-0.171 -28.3837 -48.5592
-0.17 -19.7879 -48.2453
-0.169 5.42396 -43.1697
-0.168 37.9781 -33.7707
-0.167 66.608 -21.5082
-0.166 82.29 -8.44327
-0.165 81.1776 3.21372
-0.164 65.416 11.5953
-0.163 42.3462 15.6727
-0.162 21.6238 15.4854
-0.161 11.231 11.9848
-0.16 14.6897 6.64001
-0.159 30.09 1.00575
-0.158 50.9783 -3.82312
-0.157 69.1655 -7.40634
-0.156 77.6021 -9.97152
-0.155 72.7633 -12.2777
-0.154 56.1941 -15.2526
-0.153 33.6121 -19.5851
-0.152 12.6543 -25.3534
-0.151 0.279645 -31.7481
-0.15 0.479557 -37.35
-0.149 12.9544 -40.4676
-0.148 33.6971 -39.6215
-0.147 56.648 -34.1516
-0.146 75.7897 -24.4479
-0.145 87.0924 -11.9457
-0.144 89.7746 1.26836
-0.143 86.0769 12.9646
-0.142 79.8665 21.2958
-0.141 75.2747 25.3607
-0.14 75.1564 25.3828
-0.139 79.8865 22.4248
-0.138 87.7042 18.18
-0.137 95.5477 14.2015
-0.136 99.9754 11.3644
-0.135 98.8196 9.84281
-0.134 91.7872 8.96699
-0.133 80.2723 7.53871
-0.132 66.8722 4.42637
-0.131 54.3357 -0.974637
-0.13 44.6424 -8.50675
-0.129 38.6145 -17.0809
-0.128 35.8016 -25.0533
-0.127 35.0836 -30.7888
-0.126 35.181 -33.0333
-0.125 35.1856 -31.4373
-0.124 34.9894 -26.6195
-0.123 34.9006 -19.9727
-0.122 35.3142 -13.2937
-0.121 36.377 -8.30059
-0.12 37.5864 -6.11475
-0.119 38.053 -7.02929
-0.118 36.9239 -10.3515
-0.117 33.9523 -14.6609
-0.116 29.7722 -18.4499
-0.115 25.7999 -20.4543
-0.114 23.9892 -20.0296
-0.113 25.9927 -17.348
-0.112 32.3368 -13.3328
-0.111 41.9976 -9.25268
-0.11 52.5207 -6.385
-0.109 60.732 -5.65037
-0.108 63.8907 -7.25449
-0.107 61.0075 -10.5572
-0.106 53.3651 -14.4076
-0.105 43.9668 -17.3562
-0.104 36.9232 -18.155
-0.103 36.0488 -16.3984
-0.102 42.8968 -12.3946
-0.101 56.1933 -7.19591
-0.1 72.0621 -2.46239
-0.099 84.7788 0.137615
-0.098 89.1368 -0.470856
-0.097 82.2549 -4.37656
-0.096 65.2103 -10.5664
-0.095 43.1986 -17.1802
-0.094 23.5762 -21.9864
-0.093 13.7986 -23.0882
-0.092 18.5967 -19.5754
-0.091 38.0551 -11.8516
-0.09 67.1754 -1.63397
-0.089 97.0261 8.68025
-0.088 117.871 16.638
-0.087 122.71 20.4206
-0.086 110.085 19.6274
-0.085 84.8498 15.3141
-0.084 56.4863 9.6676
-0.083 35.9432 5.15197
-0.082 31.5819 3.55595
-0.081 45.644 5.31846
-0.08 73.1061 9.25844
-0.079 103.185 12.9498
-0.078 122.841 13.5312
-0.077 121.81 8.86603
-0.076 96.7084 -1.51151
-0.075 52.6914 -16.1379
-0.074 2.22132 -31.9466
-0.073 -39.2062 -45.0857
-0.072 -58.5054 -52.2819
-0.071 -49.8211 -51.93
-0.07 -17.0142 -44.5963
-0.069 27.3854 -32.8739
-0.068 66.7112 -20.5431
-0.067 86.1961 -11.2995
-0.066 78.2749 -7.34847
-0.065 45.7893 -8.77829
-0.064 1.27579 -13.7001
-0.063 -37.7426 -18.7731
-0.062 -55.3088 -20.6512
-0.061 -43.0868 -17.3536
-0.06 -3.52305 -9.03826
-0.059 50.5378 1.93209
-0.058 100.332 11.7377
-0.057 128.184 16.5941
-0.056 124.017 14.2683
-0.055 89.4062 4.62338
-0.054 37.0377 -10.0105
-0.053 -13.579 -25.4343
-0.052 -43.3166 -37.0845
-0.051 -40.5994 -41.7129
-0.05 -5.53434 -38.3928
-0.049 49.8846 -28.6642
-0.048 106.3 -16.0109
-0.047 144.224 -4.44807
-0.046 151.374 2.71921
-0.045 126.954 4.13755
-0.044 82.0571 0.93221
-0.043 35.3831 -4.04893
-0.042 5.96847 -7.23021
-0.041 6.36256 -5.75405
-0.04 37.7309 1.24977
-0.039 89.076 12.4694
-0.038 141.873 24.6464
-0.037 177.188 33.9569
-0.036 182.507 37.3229
-0.035 156.235 33.3812
-0.034 108.134 23.1442
-0.033 55.4575 9.47576
-0.032 16.3746 -3.95102
-0.031 3.22247 -13.7496
-0.03 18.0228 -18.1126
-0.029 52.2063 -17.3425
-0.028 89.7766 -13.4544
-0.027 113.968 -9.34046
-0.026 114.11 -7.58162
-0.025 88.7965 -9.62575
-0.024 46.1988 -15.3168
-0.023 0.792883 -22.9506
-0.022 -32.5381 -30.0533
-0.021 -43.5177 -34.2426
-0.02 -30.6965 -34.2542
-0.019 -1.75595 -30.4239
-0.018 30.3987 -24.1985
-0.017 52.7996 -17.685
-0.016 57.6773 -12.885
-0.015 44.8098 -10.9548
-0.014 21.2184 -11.9406
-0.013 -2.02915 -14.9278
-0.012 -14.4802 -18.3594
-0.011 -10.1134 -20.72
-0.01 9.95015 -21.1654
-0.009 38.2664 -19.5886
-0.008 64.4569 -16.6
-0.007 79.6077 -13.1712
-0.006 80.1388 -10.1613
-0.005 68.5802 -8.06288
-0.004 52.0831 -6.95706
-0.003 39.483 -6.52372
-0.002 37.1613 -6.29183
-0.001 46.6857 -5.8794
0 63.9252 -5.28219
0.001 81.0687 -4.76952
0.002 90.5914 -4.38292
0.003 88.2884 -4.04689
0.004 75.6051 -3.52627
0.005 59.1372 -2.42017
0.006 47.5897 -0.374207
0.007 48.156 2.64341
0.008 63.3493 6.10578
0.009 89.4865 9.12448
0.01 117.77 10.7595
0.011 137.865 10.3742
0.012 142.319 8.02761
0.013 129.891 4.60538
0.014 106.522 1.62637
0.015 82.9063 0.627672
0.016 70.07 2.57673
0.017 74.9424 7.36571
0.018 97.3263 13.8634
0.019 129.402 20.1466
0.02 158.259 24.005
0.021 170.951 23.9589
0.022 159.998 19.8083
0.023 126.753 12.7602
0.024 81.2617 5.156
0.025 38.7787 -0.579315
0.026 13.5915 -2.74298
0.027 13.7034 -1.05014
0.028 37.846 3.08345
0.029 75.3051 6.96982
0.03 109.427 7.73921
0.031 124.268 3.37565
0.032 111.01 -6.3953
0.033 71.7855 -19.7516
0.034 19.0307 -33.4303
0.035 -29.0916 -43.6741
0.036 -55.3719 -47.5635
0.037 -50.1014 -44.1502
0.038 -14.7571 -34.8088
0.039 38.1198 -22.6401
0.04 89.4475 -11.4341
0.041 120.71 -4.36436
0.042 121.081 -2.86921
0.043 91.6927 -6.05224
0.044 44.8862 -11.039
0.045 -0.144158 -14.2506
0.046 -24.6538 -12.8088
0.047 -17.6109 -5.62584
0.048 20.268 5.97944
0.049 76.5734 18.6776
0.05 131.904 28.3954
0.051 166.846 31.6606
0.052 169.425 26.8982
0.053 139.515 15.1555
0.054 88.7687 -0.231955
0.055 36.3128 -14.8007
0.056 1.64223 -24.4581
0.057 -2.58697 -26.7655
0.058 25.1501 -21.8109
0.059 74.8429 -11.9805
0.06 128.764 -1.0311
0.061 168.246 7.28141
0.062 180.303 10.678
0.063 162.547 8.91263
0.064 123.501 3.88476
0.065 79.0621 -1.0213
0.066 46.6574 -2.4696
0.067 38.7001 1.50179
0.068 58.0976 10.7696
0.069 97.4151 23.1315
0.07 141.758 34.9076
0.071 174.37 42.287
0.072 182.88 42.6067
0.073 163.451 35.3189
0.074 121.936 22.1649
0.075 71.3675 6.35048
0.076 27.1948 -8.28724
0.077 1.86959 -18.5736
0.078 0.587517 -23.1515
0.079 20.0041 -22.5823
0.08 49.892 -18.9487
0.081 77.2161 -15.022
0.082 91.154 -13.2267
0.083 86.7441 -14.7346
0.084 66.1636 -19.2143
0.085 37.7832 -24.8743
0.086 12.5121 -29.2325
0.087 -0.150265 -30.0932
0.088 4.61753 -26.3124
0.089 25.4036 -18.3622
0.09 55.1363 -7.98668
0.091 84.0817 2.33028
0.092 103.546 10.0794
0.093 108.362 13.6417
0.094 98.4353 12.5764
0.095 78.529 7.81859
0.096 56.2208 1.25999
0.097 39.1022 -4.91661
0.098 32.0856 -8.81186
0.099 36.197 -9.41549
0.1 48.8049 -6.84479
0.101 64.6232 -2.1755
0.102 77.9463 2.98452
0.103 84.7362 7.0029
0.104 83.7463 8.74754
0.105 76.6852 7.88724
0.106 67.1687 4.99188
0.107 59.3412 1.17673
0.108 56.4067 -2.1689
0.109 59.5236 -3.79806
0.11 67.5925 -3.09438
0.111 77.9045 -0.237429
0.112 87.4715 3.83407
0.113 93.8288 7.8209
0.114 95.859 10.4577
0.115 94.0885 10.87
0.116 90.0769 8.8547
0.117 85.7671 5.05176
0.118 82.7035 0.741373
0.119 81.5343 -2.52454
0.12 81.9604 -3.41427
0.121 83.0136 -1.27502
0.122 83.9243 3.74904
0.123 84.2258 10.4954
0.124 83.9897 17.2376
0.125 83.6699 22.1687
0.126 83.5204 23.8189
0.127 83.3773 21.6021
0.128 82.426 15.8453
0.129 79.3779 7.78165
0.13 73.0725 -0.84244
0.131 63.2502 -8.39609
0.132 50.6193 -13.8196
0.133 37.1117 -16.9576
0.134 25.5203 -18.3914
0.135 18.4405 -19.2268
0.136 17.2474 -20.6922
0.137 21.5852 -23.5038
0.138 29.3413 -27.5231
0.139 37.1697 -31.7413
0.14 41.8647 -34.6603
0.141 41.6478 -34.6651
0.142 36.9129 -30.5687
0.143 30.4426 -22.1911
0.144 26.4602 -10.4835
0.145 28.9861 2.73492
0.146 40.188 15.2555
0.147 59.1237 24.9805
0.148 81.7782 30.4918
0.149 102.314 31.4054
0.15 114.645 28.3436
0.151 114.652 22.775
0.152 102.06 16.3859
0.153 80.8991 10.5856
0.154 58.1863 6.19944
0.155 41.5509 3.21502
0.156 36.6341 0.982962
0.157 44.7921 -1.51936
0.158 62.783 -5.06889
0.159 83.5871 -9.91708
0.16 98.8315 -15.6279
0.161 102.109 -20.9975
0.162 91.5673 -24.4672
0.163 70.7569 -24.5674
0.164 47.6972 -20.4145
0.165 31.8564 -12.0172
0.166 30.5031 -0.356421
0.167 46.0396 12.6917
0.168 74.5606 24.9684
0.169 107.016 34.336
0.17 132.187 39.3646
0.171 140.749 39.6972
0.172 129.054 35.9035
0.173 100.484 29.5522
0.174 64.2914 22.582
0.175 32.5098 16.5424
0.176 15.4644 12.24
0.177 18.0492 9.62453
0.178 37.6817 7.64973
0.179 65.395 4.74514
0.18 89.0253 -0.469533
0.181 98.0316 -8.61714
0.182 87.6279 -19.1753
0.183 60.5058 -30.494
0.184 26.1847 -40.1511
0.185 -2.56994 -45.7961
0.186 -14.7981 -45.9412
0.187 -5.43666 -40.4044
0.188 22.8377 -30.5464
0.189 60.2832 -18.9772
0.19 93.665 -8.67877
0.191 111.303 -2.01611
0.192 107.548 -0.0218914
0.193 84.8461 -2.05292
0.194 52.7434 -5.97715
0.195 24.019 -8.97358
0.196 9.85993 -8.638
0.197 15.8537 -3.91351
0.198 39.6851 4.60059
0.199 72.2669 14.657
0.2 101.192 23.0851
0.201 115.745 27.0625
0.202 110.991 25.1055
0.203 89.4786 17.5054
0.204 60.0578 6.4662
0.205 34.3586 -4.69179
0.206 22.2623 -12.7718
0.207 28.1321 -15.6396
0.208 49.32 -13.0452
0.209 77.2209 -6.81066
0.21 101.028 0.00336176
0.211 111.989 4.30851
0.212 106.602 4.14692
0.213 87.7533 -0.750103
0.214 63.5114 -8.63701
0.215 43.795 -16.3366
0.216 36.3703 -20.5238
0.217 43.9478 -18.8966
0.218 63.2884 -11.0206
0.219 86.8756 1.56941
0.22 105.966 15.723
0.221 114.043 27.8469
0.222 109.452 35.1096
0.223 95.371 36.3128
0.224 78.2959 32.2042
0.225 65.3703 25.125
0.226 61.3746 17.983
0.227 66.6869 13.1116
0.228 77.4246 11.5848
0.229 87.4043 12.7709
0.23 90.6856 14.535
0.231 84.1028 14.329
0.232 68.572 10.1796
0.233 48.5702 1.39989
0.234 30.276 -10.9591
0.235 18.9933 -24.5729
0.236 16.9765 -36.5502
0.237 22.8384 -44.2913
0.238 32.3351 -46.4204
0.239 40.3572 -43.09
0.24 43.1753 -35.7962
0.241 39.9697 -26.8542
0.242 33.2874 -18.4659
0.243 27.7304 -12.0537
0.244 27.7284 -7.97334
0.245 35.4064 -5.54897
0.246 49.577 -3.63676
0.247 66.1466 -1.0882
0.248 79.8359 2.64514
0.249 86.1689 7.20818
0.25 83.3401 11.6266
0.251 73.2252 14.6804
0.252 60.3707 15.254
0.253 50.3156 12.8604
0.254 47.0953 7.78253
0.255 51.5142 0.857711
0.256 60.9841 -6.852
0.257 70.4281 -14.177
0.258 74.7101 -20.164
0.259 70.8772 -24.3649
0.26 59.1478 -26.6396
0.261 43.2976 -26.9674
0.262 29.2102 -25.4829
0.263 22.2392 -22.3428
0.264 25.2767 -17.6253
0.265 37.6242 -11.6909
0.266 54.8209 -5.12302
0.267 70.4424 1.39558
0.268 78.9227 7.16952
0.269 77.476 11.6791
0.27 67.3016 14.8264
0.271 52.9848 16.8767
0.272 40.6682 18.2938
0.273 35.6409 19.5722
0.274 40.2158 20.8985
0.275 52.8236 21.9883
0.276 68.5549 22.1148
0.277 81.2604 20.3974
0.278 85.8859 16.0843
0.279 80.4301 9.06006
0.28 66.7616 0.0113562
0.281 49.5839 -9.67522
0.282 34.8654 -18.1867
0.283 27.6386 -23.8502
0.284 29.7876 -25.8078
0.285 39.5979 -24.2553
0.286 52.388 -20.3338
0.287 62.4224 -15.8424
0.288 65.4449 -12.5192
0.289 59.9048 -11.416
0.29 47.531 -12.4331
0.291 32.7454 -14.4268
0.292 20.8538 -15.7008
0.293 16.0096 -14.5577
0.294 19.7889 -10.082
0.295 30.4915 -2.62863
0.296 44.2759 6.25197
0.297 56.3937 14.2781
0.298 62.9256 19.1662
0.299 62.4706 19.4999
0.3 56.0743 15.2174
0.301 46.7859 7.63619
0.302 38.441 -0.980172
0.303 34.2784 -8.25182
0.304 35.5349 -12.4892
0.305 41.1371 -13.2791
0.306 48.4184 -11.5966
0.307 54.1239 -9.30435
0.308 55.7436 -8.41898
0.309 52.3526 -10.3275
0.31 44.7687 -15.2679
0.311 35.1598 -22.0232
0.312 26.3854 -28.4557
0.313 20.7819 -32.3393
0.314 19.5393 -32.0215
0.315 22.6766 -27.1113
0.316 28.9641 -18.5647
0.317 36.5804 -8.30167
0.318 43.5746 1.27325
0.319 48.6995 8.22217
0.32 51.5465 11.6355
0.321 52.2905 11.8168
0.322 51.6311 10.0703
0.323 50.5302 8.11254
0.324 50.0071 7.44808
0.325 50.6353 8.76907
0.326 52.4749 11.6642
0.327 55.0952 14.9194
0.328 57.6928 17.0139
0.329 59.1703 16.6065
0.33 58.4688 13.0583
0.331 54.9673 6.65174
0.332 48.784 -1.47085
0.333 40.7194 -9.68012
0.334 32.2003 -16.38
0.335 25.0946 -20.4981
0.336 20.9292 -21.7758
0.337 20.5195 -20.6223
0.338 23.6463 -18.0108
0.339 29.0575 -15.0943
0.34 34.8337 -12.7509
0.341 39.1265 -11.434
0.342 40.8821 -11.044
0.343 40.0345 -11.009
0.344 37.6654 -10.5671
0.345 35.5827 -9.07087
0.346 35.6602 -6.24136
0.347 39.0644 -2.17834
0.348 45.562 2.6184
0.349 53.7087 7.36433
0.35 61.3364 11.2304
0.351 66.2518 13.5319
0.352 67.001 13.8735
0.353 63.5176 12.2728
0.354 57.1825 9.11995
0.355 50.1056 5.07877
0.356 44.3433 0.960316
0.357 41.4545 -2.5727
0.358 41.7804 -5.11012
0.359 44.2469 -6.53748
0.36 46.9252 -7.16313
0.361 47.8976 -7.52572
0.362 46.0049 -8.21048
0.363 41.2675 -9.64206
0.364 34.8149 -11.8704
0.365 28.4934 -14.5322
0.366 24.1908 -16.8657
0.367 23.1873 -18.0014
0.368 25.5224 -17.229
0.369 30.1945 -14.1644
0.37 35.809 -9.07083
0.371 40.8278 -2.77236
0.372 44.2513 3.55038
0.373 45.886 8.65884
0.374 46.1298 11.6723
0.375 45.8543 12.3246
0.376 45.9476 10.9523
0.377 46.9072 8.40116
0.378 48.7206 5.70178
0.379 50.7418 3.69231
0.38 52.3178 2.7175
0.381 52.9778 2.45638
0.382 52.3353 2.12011
0.383 50.4436 0.814462
0.384 47.7016 -2.14006
0.385 44.4166 -6.86046
0.386 40.8437 -12.7294
0.387 37.1235 -18.5988
0.388 33.4162 -23.0949
0.389 30.1052 -25.1026
0.39 27.6674 -24.0584
0.391 26.58 -20.1527
0.392 27.2366 -14.379
0.393 29.715 -8.02974
0.394 33.5112 -2.39335
0.395 37.6375 1.61605
0.396 41.0064 3.74493
0.397 42.7249 4.37748
0.398 42.5222 4.24824
0.399 40.9034 4.15298
0.4 39.1576 4.61302
0.401 38.5759 5.62771
0.402 40.0588 6.73204
0.403 43.7423 7.20044
0.404 48.5465 6.33601
0.405 52.7253 3.69868
0.406 54.5066 -0.624193
0.407 52.7412 -5.97621
0.408 47.4935 -11.3625
0.409 40.2288 -15.6855
0.41 33.2876 -18.1723
0.411 28.9594 -18.4568
0.412 28.7523 -16.6634
0.413 32.7244 -13.37
0.414 39.3857 -9.3118
0.415 46.2156 -5.2055
0.416 50.6189 -1.58721
0.417 50.898 1.28259
0.418 46.9997 3.38061
0.419 40.5251 4.88053
0.42 34.1334 6.02409
0.421 30.4895 6.94387
0.422 31.2455 7.6835
0.423 36.3608 8.14043
0.424 43.997 8.19492
0.425 51.3268 7.65142
0.426 55.5557 6.30387
0.427 54.9883 4.14404
0.428 49.6755 1.20895
0.429 41.5006 -2.2861
0.43 33.4128 -5.91179
0.431 28.2866 -9.20957
0.432 27.9319 -11.7307
0.433 32.1458 -13.0293
0.434 38.9798 -12.8721
0.435 45.4822 -11.3688
0.436 48.8228 -8.94515
0.437 47.3677 -6.20037
0.438 41.3077 -3.86923
0.439 32.4955 -2.57845
0.44 23.7497 -2.59886
0.441 17.9206 -3.76116
0.442 16.5721 -5.54221
0.443 19.6273 -7.25087
0.444 25.4772 -8.21855
0.445 31.5174 -8.07563
0.446 35.3669 -6.89324
0.447 35.8117 -5.21081
0.448 33.1019 -3.80151
0.449 28.7812 -3.2851
0.45 25.1227 -3.97266
0.451 24.0776 -5.71056
0.452 26.5371 -7.81123
0.453 32.0085 -9.31851
0.454 38.813 -9.41583
0.455 44.7861 -7.71925
0.456 48.1014 -4.43156
0.457 47.9174 -0.377289
0.458 44.4717 3.2422
0.459 39.0528 5.34575
0.46 33.2813 5.24927
0.461 28.5151 2.90205
0.462 25.4757 -1.00428
0.463 23.9943 -5.32502
0.464 23.3265 -8.87565
0.465 22.638 -10.8202
0.466 21.4428 -10.9105
0.467 19.8012 -9.5543
0.468 18.2991 -7.67365
0.469 17.7089 -6.23181
0.47 18.6288 -5.83286
0.471 21.1303 -6.51948
0.472 24.8448 -7.74494
0.473 29.0877 -8.5831
0.474 33.1057 -8.06976
0.475 36.5332 -5.62972
0.476 39.3583 -1.3667
0.477 41.8948 3.99709
0.478 44.5261 9.27536
0.479 47.1861 13.2174
0.48 49.4457 14.955
0.481 50.4956 14.216
0.482 49.4282 11.4148
0.483 45.8902 7.49481
0.484 40.214 3.50219
0.485 33.465 0.294551
0.486 27.19 -1.7451
0.487 22.8664 -2.81687
0.488 21.2399 -3.51071
0.489 22.1412 -4.4689
0.49 24.4782 -6.09587
0.491 26.6263 -8.42642
0.492 27.1691 -11.0423
0.493 25.447 -13.2761
0.494 21.9329 -14.4218
0.495 18.0395 -13.9893
0.496 15.5294 -11.9634
0.497 15.8748 -8.76508
0.498 19.5366 -5.12895
0.499 25.6232 -1.7996
0.5 32.2438 0.651728
0.501 37.1513 1.95588
0.502 38.6165 2.23871
0.503 36.035 1.84905
0.504 30.1761 1.21416
0.505 23.1041 0.662293
0.506 17.2877 0.314071
0.507 14.6815 0.0617274
0.508 16.0537 -0.282452
0.509 20.6737 -0.860643
0.51 26.5327 -1.74493
0.511 31.2889 -2.83359
0.512 33.1592 -3.96301
0.513 31.389 -4.9546
0.514 26.8018 -5.6131
0.515 21.2633 -5.91303
0.516 16.9543 -5.98637
0.517 15.5758 -5.91997
0.518 17.678 -5.79025
0.519 22.4957 -5.6202
0.52 28.1973 -5.31512
0.521 32.6725 -4.79369
0.522 34.2817 -4.04111
0.523 32.4328 -3.14304
0.524 27.8373 -2.27806
0.525 22.2374 -1.68097
0.526 17.6174 -1.52616
0.527 15.5253 -1.81696
0.528 16.565 -2.35278
0.529 20.2415 -2.7927
0.53 25.2543 -2.76857
0.531 29.9956 -2.04192
0.532 33.1217 -0.61969
0.533 33.9805 1.1966
0.534 32.8183 2.90262
0.535 30.5086 3.97305
0.536 28.1757 4.06401
0.537 26.7748 3.0954
0.538 26.7221 1.39112
0.539 27.7559 -0.489408
0.54 29.3109 -1.98558
0.541 30.5865 -2.67466
0.542 30.9455 -2.51308
0.543 30.1505 -1.83083
0.544 28.2704 -1.17542
0.545 25.7485 -1.11701
0.546 23.0789 -1.99425
0.547 20.797 -3.75551
0.548 19.2803 -5.90792
0.549 18.7387 -7.69885
0.55 19.2703 -8.40943
0.551 20.7502 -7.62683
0.552 22.9902 -5.39689
0.553 25.6327 -2.23954
0.554 28.2352 1.04021
0.555 30.3192 3.58767
0.556 31.4004 4.78735
0.557 31.2589 4.53606
0.558 29.9479 3.2136
0.559 27.7764 1.51558
0.56 25.4125 0.188827
0.561 23.6117 -0.294787
0.562 22.8117 0.0841095
0.563 23.0548 0.930766
0.564 23.9745 1.59956
0.565 24.7658 1.42391
0.566 24.554 0.0327718
0.567 22.9058 -2.50594
0.568 19.8502 -5.6799
0.569 16.0156 -8.69693
0.57 12.6294 -10.7321
0.571 10.8906 -11.2665
0.572 11.5503 -10.2532
0.573 14.7111 -8.06988
0.574 19.6241 -5.41002
0.575 24.9199 -3.02687
0.576 29.1893 -1.4492
0.577 31.3477 -0.855982
0.578 31.0612 -0.988647
0.579 28.9677 -1.32393
0.58 26.2382 -1.32106
0.581 24.2133 -0.631543
0.582 23.9304 0.745607
0.583 25.6067 2.46227
0.584 28.5145 3.99541
0.585 31.4102 4.80062
0.586 32.9612 4.50207
0.587 32.1716 3.06217
0.588 28.9374 0.777852
0.589 24.0211 -1.84565
0.59 18.7618 -4.25638
0.591 14.6626 -6.04791
0.592 12.7575 -7.03854
0.593 13.2894 -7.303
0.594 15.6586 -7.18197
0.595 18.641 -7.01582
0.596 20.9483 -7.01843
0.597 21.7122 -7.25451
0.598 20.7966 -7.59466
0.599 18.7852 -7.77883
0.6 16.7319 -7.53783
0.601 15.7617 -6.7007
0.602 16.4971 -5.23103
0.603 18.9008 -3.28285
0.604 22.3524 -1.13662
0.605 25.8138 0.944957
0.606 28.3362 2.71307
0.607 29.4199 4.02935
0.608 29.0979 4.8697
0.609 27.8368 5.24173
0.61 26.3782 5.23505
0.611 25.406 4.94009
0.612 25.2003 4.38336
0.613 25.5512 3.58693
0.614 25.961 2.57314
0.615 25.8784 1.35992
0.616 24.9556 -0.0153981
0.617 23.2176 -1.48006
0.618 21.0482 -2.96196
0.619 19.0457 -4.37394
0.62 17.6728 -5.64312
0.621 17.1086 -6.71175
0.622 17.1534 -7.49228
0.623 17.3872 -7.90645
0.624 17.4015 -7.9011
0.625 16.945 -7.38083
0.626 16.149 -6.31505
0.627 15.47 -4.76343
0.628 15.4568 -2.86877
0.629 16.4716 -0.835377
0.63 18.4936 1.08535
0.631 21.0387 2.65713
0.632 23.3331 3.73098
0.633 24.6189 4.24303
0.634 24.453 4.24615
0.635 22.931 3.89918
0.636 20.6398 3.35383
0.637 18.5132 2.71517
0.638 17.3745 1.9828
0.639 17.5944 1.09568
0.64 18.9694 -0.00942214
0.641 20.7213 -1.41858
0.642 21.8344 -3.13979
0.643 21.471 -5.0612
0.644 19.3686 -6.93777
0.645 15.976 -8.46425
0.646 12.2873 -9.38552
0.647 9.51829 -9.54927
0.648 8.64793 -8.94376
0.649 9.93819 -7.70489
0.65 12.8603 -6.09599
0.651 16.3089 -4.42639
0.652 18.9835 -2.9154
0.653 19.932 -1.68844
0.654 18.8485 -0.751374
0.655 16.2288 0.0122972
0.656 13.2815 0.730192
0.657 11.3309 1.51626
0.658 11.2802 2.38914
0.659 13.2749 3.26943
0.66 16.6925 3.99152
0.661 20.3411 4.33445
0.662 22.8795 4.12435
0.663 23.4029 3.30715
0.664 21.7629 1.97255
0.665 18.6053 0.319996
0.666 15.1275 -1.37555
0.667 12.6651 -2.8403
0.668 12.0702 -3.88114
0.669 13.4518 -4.41832
0.67 16.1525 -4.50072
0.671 18.9748 -4.27165
0.672 20.7531 -3.91329
0.673 20.7529 -3.5908
0.674 18.9307 -3.36985
0.675 15.9898 -3.21415
0.676 13.0233 -2.98314
0.677 11.1353 -2.5206
0.678 10.9988 -1.68037
0.679 12.5978 -0.423871
0.68 15.2727 1.15646
0.681 17.9936 2.8676
0.682 19.7729 4.4251
0.683 20.0421 5.53852
0.684 18.8541 6.0201
0.685 16.7707 5.81745
0.686 14.665 5.01782
0.687 13.326 3.82748
0.688 13.1395 2.4911
0.689 13.9908 1.23847
0.69 15.3098 0.185762
0.691 16.3263 -0.679838
0.692 16.3696 -1.46012
0.693 15.1964 -2.3209
0.694 13.0583 -3.3786
0.695 10.533 -4.6497
0.696 8.3518 -6.00619
0.697 7.06405 -7.21756
0.698 6.85783 -7.99746
0.699 7.5476 -8.10091
0.7 8.66684 -7.41415
0.701 9.70322 -6.00166
0.702 10.2944 -4.07914
0.703 10.3429 -1.96127
0.704 10.1154 -0.0106943
0.705 10.0372 1.51237
0.706 10.4556 2.51847
0.707 11.5165 3.06989
0.708 13.0654 3.32826
0.709 14.718 3.48829
0.71 15.9927 3.68031
0.711 16.5244 3.91254
0.712 16.2392 4.06132
0.713 15.3195 3.92762
0.714 14.1415 3.34011
0.715 13.1055 2.19634
0.716 12.4686 0.524755
0.717 12.2187 -1.44902
0.718 12.1311 -3.41107
0.719 11.8954 -5.01962
0.72 11.2219 -6.02153
0.721 10.0494 -6.31165
0.722 8.55923 -5.95348
0.723 7.15035 -5.16531
0.724 6.27634 -4.20525
0.725 6.19467 -3.29294
0.726 6.92099 -2.5464
0.727 8.22253 -1.96353
0.728 9.66503 -1.4288
0.729 10.7963 -0.804157
0.73 11.3491 0.00131282
0.731 11.2986 0.992741
0.732 10.8681 2.05226
0.733 10.4396 2.98935
0.734 10.3779 3.5869
0.735 10.8809 3.69302
0.736 11.8682 3.27982
0.737 12.9935 2.44103
0.738 13.8153 1.37292
0.739 13.9867 0.28349
0.74 13.3423 -0.634675
0.741 11.9986 -1.26408
0.742 10.3315 -1.61201
0.743 8.7982 -1.75661
0.744 7.77838 -1.81726
0.745 7.4136 -1.89838
0.746 7.59264 -2.04447
0.747 8.0383 -2.22889
0.748 8.37358 -2.3744
0.749 8.30295 -2.38795
0.75 7.74794 -2.20623
0.751 6.86054 -1.82398
0.752 5.96268 -1.28987
0.753 5.38502 -0.699279
0.754 5.37663 -0.161179
0.755 5.99808 0.238057
0.756 7.0647 0.461562
0.757 8.25607 0.530687
0.758 9.24698 0.500799
0.759 9.82272 0.431096
0.76 9.92934 0.381901
0.761 9.69223 0.36475
0.762 9.33807 0.345261
0.763 9.10346 0.292926
0.764 9.12483 0.183417
0.765 9.35775 -0.0127503
0.766 9.64889 -0.283419
0.767 9.80459 -0.597861
0.768 9.64823 -0.923839
0.769 9.11811 -1.22845
0.77 8.28523 -1.49132
0.771 7.33057 -1.71949
0.772 6.45981 -1.92727
0.773 5.83165 -2.10964
0.774 5.51567 -2.25202
0.775 5.4536 -2.31874
0.776 5.52149 -2.26064
0.777 5.60553 -2.04983
0.778 5.62324 -1.6868
0.779 5.57874 -1.19622
0.78 5.56468 -0.639327
0.781 5.67611 -0.098389
0.782 5.96042 0.364213
0.783 6.41 0.714045
0.784 6.95463 0.942788
0.785 7.44349 1.06972
0.786 7.74701 1.12702
0.787 7.78485 1.13879
0.788 7.55762 1.09553
0.789 7.15202 0.958784
0.79 6.69177 0.682494
0.791 6.27786 0.232393
0.792 5.95539 -0.403532
0.793 5.7137 -1.185
0.794 5.48679 -2.02477
0.795 5.19387 -2.79439
0.796 4.79127 -3.37466
0.797 4.30606 -3.67995
0.798 3.83619 -3.67795
0.799 3.50035 -3.39527
0.8 3.39627 -2.9064
0.801 3.58226 -2.30411
0.802 4.01801 -1.67005
0.803 4.60092 -1.05329
0.804 5.19995 -0.45604
0.805 5.68701 0.138756
0.806 6.0022 0.761582
0.807 6.16013 1.41749
0.808 6.21759 2.06908
0.809 6.26476 2.64933
0.81 6.35968 3.06724
0.811 6.51171 3.23125
0.812 6.67894 3.07647
0.813 6.77303 2.60028
0.814 6.7148 1.8655
0.815 6.4619 0.981893
0.816 6.01946 0.0806534
0.817 5.47433 -0.719823
0.818 4.94344 -1.34447
0.819 4.51548 -1.77654
0.82 4.23292 -2.04076
0.821 4.08955 -2.18987
0.822 4.02316 -2.27649
0.823 3.95461 -2.33081
0.824 3.82899 -2.34647
0.825 3.63112 -2.28648
0.826 3.39819 -2.10534
0.827 3.21123 -1.76786
0.828 3.13028 -1.27789
0.829 3.18141 -0.671638
0.83 3.35525 -0.0234842
0.831 3.58623 0.567841
0.832 3.79451 1.01651
0.833 3.91503 1.26594
0.834 3.92294 1.30198
0.835 3.84606 1.16087
0.836 3.75941 0.909375
0.837 3.73003 0.619761
0.838 3.79774 0.359019
0.839 3.96253 0.162354
0.84 4.16319 0.0233374
0.841 4.31349 -0.0841557
0.842 4.33428 -0.199655
0.843 4.1835 -0.361152
0.844 3.87877 -0.57877
0.845 3.48307 -0.831014
0.846 3.0943 -1.07532
0.847 2.79557 -1.25786
0.848 2.63117 -1.33434
0.849 2.58494 -1.28174
0.85 2.59151 -1.1078
0.851 2.57623 -0.857013
0.852 2.47492 -0.588796
0.853 2.27005 -0.36074
0.854 2.00702 -0.211844
0.855 1.7707 -0.153477
0.856 1.65377 -0.165526
0.857 1.72962 -0.207464
0.858 2.00716 -0.235104
0.859 2.42271 -0.210152
0.86 2.88326 -0.120376
0.861 3.28028 0.018367
0.862 3.53381 0.167029
0.863 3.61861 0.28195
0.864 3.56619 0.329736
0.865 3.45053 0.295898
0.866 3.3462 0.190019
0.867 3.30499 0.0436924
0.868 3.32545 -0.0986139
0.869 3.36612 -0.19705
0.87 3.364 -0.227438
0.871 3.25355 -0.194228
0.872 3.01199 -0.120908
0.873 2.65256 -0.0415336
0.874 2.23368 0.00956245
0.875 1.84277 0.0139837
0.876 1.55553 -0.0298787
0.877 1.41486 -0.105812
0.878 1.41261 -0.18153
0.879 1.50687 -0.228044
0.88 1.63662 -0.225824
0.881 1.74823 -0.169891
0.882 1.81529 -0.0755473
0.883 1.83781 0.0278833
0.884 1.83996 0.109
0.885 1.85774 0.14418
0.886 1.91748 0.123096
0.887 2.0175 0.0541485
0.888 2.13048 -0.0428478
0.889 2.21552 -0.142053
0.89 2.23863 -0.220653
0.891 2.18324 -0.264653
0.892 2.05417 -0.274761
0.893 1.87792 -0.263309
0.894 1.69103 -0.248042
0.895 1.52938 -0.243996
0.896 1.40925 -0.256122
0.897 1.32676 -0.280473
0.898 1.26384 -0.307785
0.899 1.19749 -0.323366
0.9 1.11938 -0.311773
0.901 1.03528 -0.267573
0.902 0.961237 -0.194243
0.903 0.923761 -0.101028
0.904 0.942614 -0.0040676
0.905 1.01917 0.0816493
0.906 1.13795 0.144867
0.907 1.26458 0.179263
0.908 1.3615 0.186278
0.909 1.40219 0.172484
0.91 1.38135 0.145522
0.911 1.31778 0.112694
0.912 1.24041 0.0803866
0.913 1.18176 0.0499025
0.914 1.16145 0.0188525
0.915 1.17752 -0.0158925
0.916 1.20782 -0.0559345
0.917 1.22014 -0.100206
0.918 1.1877 -0.146578
0.919 1.09661 -0.192341
0.92 0.955517 -0.234585
0.921 0.795497 -0.26835
0.922 0.65683 -0.289017
0.923 0.572035 -0.295608
0.924 0.554216 -0.288089
0.925 0.598177 -0.267183
0.926 0.677043 -0.235688
0.927 0.751013 -0.197004
0.928 0.788423 -0.155037
0.929 0.776342 -0.113351
0.93 0.721919 -0.0746854
0.931 0.649176 -0.0407848
0.932 0.588447 -0.0123664
0.933 0.56614 0.011826
0.934 0.59221 0.0332395
0.935 0.656717 0.0532031
0.936 0.735392 0.0724792
0.937 0.797616 0.0905818
0.938 0.81858 0.105709
0.939 0.788724 0.114512
0.94 0.716557 0.113601
0.941 0.622708 0.100846
0.942 0.534436 0.0764305
0.943 0.474249 0.0430616
0.944 0.450697 0.00603547
0.945 0.458354 -0.0292011
0.946 0.479927 -0.0584115
0.947 0.49481 -0.0783634
0.948 0.486673 -0.0887822
0.949 0.449134 -0.0918911
0.95 0.388828 -0.0908347
0.951 0.320636 -0.0887004
0.952 0.261759 -0.0873779
0.953 0.225297 -0.0867921
0.954 0.215607 -0.0854837
0.955 0.228795 -0.0810206
0.956 0.252962 -0.0709561
0.957 0.274898 -0.0544896
0.958 0.284907 -0.0330609
0.959 0.278919 -0.00953548
0.96 0.259368 0.0124303
0.961 0.233571 0.0289728
0.962 0.210634 0.0376305
0.963 0.196437 0.0381908
0.964 0.192936 0.0320794
0.965 0.197293 0.0222017
0.966 0.203818 0.0117706
0.967 0.206701 0.00340758
0.968 0.201833 -0.00159603
0.969 0.188745 -0.00365682
0.97 0.169184 -0.00403841
0.971 0.146829 -0.00445358
0.972 0.125795 -0.00616591
0.973 0.108336 -0.00958333
0.974 0.0952142 -0.0142409
0.975 0.0855228 -0.0188129
0.976 0.0775587 -0.0220156
0.977 0.0699624 -0.0228842
0.978 0.0619315 -0.0210401
0.979 0.0535212 -0.0171129
0.98 0.0454486 -0.0123086
0.981 0.0386002 -0.00788032
0.982 0.0334825 -0.00474433
0.983 0.0299909 -0.00327108
0.984 0.0276496 -0.00326181
0.985 0.0258666 -0.00408287
0.986 0.024109 -0.0049864
0.987 0.0221109 -0.00541305
0.988 0.0199698 -0.00511163
0.989 0.0177878 -0.0041747
0.99 0.0156453 -0.00293686
0.991 0.0135833 -0.00176867
0.992 0.011525 -0.000917428
0.993 0.00939119 -0.000441791
0.994 0.00718831 -0.000258174
0.995 0.005057 -0.00021657
0.996 0.00317748 -0.000188908
0.997 0.00170809 -0.000130492
0.998 0.00071344 -5.77419e-05
0.999 0.000167662 -1.02994e-05
0.12 123.282 -10.1095
0.24 122.933 -10.0807
0.36 122.352 -10.0328
0.48 121.544 -9.966
0.6 120.51 -9.88064
0.72 119.256 -9.7771
0.84 117.788 -9.65582
0.96 116.112 -9.51735
1.08 114.236 -9.36229
1.2 112.168 -9.19132
1.32 109.916 -9.00518
1.44 107.492 -8.80469
1.56 104.906 -8.5907
1.68 102.168 -8.36412
1.8 99.2909 -8.12591
1.92 96.2866 -7.87707
2.04 93.1679 -7.61863
2.16 89.9476 -7.35165
2.28 86.6391 -7.07722
2.4 83.2558 -6.79641
2.52 79.8112 -6.51035
2.64 76.3188 -6.22014
2.76 72.7923 -5.92689
2.88 69.2449 -5.6317
3 65.6898 -5.33563
3.12 62.14 -5.03977
3.24 58.6081 -4.74514
3.36 55.1062 -4.45274
3.48 51.646 -4.16354
3.6 48.2387 -3.87848
3.72 44.8951 -3.59842
3.84 41.625 -3.3242
3.96 38.4378 -3.05661
4.08 35.3422 -2.79635
4.2 32.3461 -2.54411
4.32 29.4567 -2.30048
4.44 26.6803 -2.06601
4.56 24.0225 -1.84118
4.68 21.4881 -1.62639
4.8 19.0811 -1.422
4.92 16.8047 -1.22829
5.04 14.6613 -1.04549
5.16 12.6524 -0.873742
5.28 10.7788 -0.713146
5.4 9.04061 -0.563734
5.52 7.43721 -0.425479
5.64 5.96722 -0.298298
5.76 4.62864 -0.182055
5.88 3.41885 -0.0765627
6 2.33463 0.0184153
6.12 1.37225 0.103159
6.24 0.52747 0.177988
6.36 -0.204381 0.24326
6.48 -0.828375 0.299368
6.6 -1.34993 0.34673
6.72 -1.77474 0.385792
6.84 -2.10876 0.417021
6.96 -2.35814 0.4409
7.08 -2.52915 0.457926
7.2 -2.62815 0.468604
7.32 -2.66157 0.473446
7.44 -2.63582 0.472964
7.56 -2.55725 0.467669
7.68 -2.43214 0.458066
7.8 -2.26662 0.444651
7.92 -2.06668 0.427909
8.04 -1.83807 0.40831
8.16 -1.58634 0.386308
8.28 -1.31676 0.362335
8.4 -1.03432 0.336805
8.52 -0.743696 0.310106
8.64 -0.449256 0.282603
8.76 -0.155014 0.254634
8.88 0.135363 0.226511
9 0.418564 0.198518
9.12 0.691639 0.170911
9.24 0.952002 0.143918
9.36 1.19743 0.117738
9.48 1.42604 0.0925441
9.6 1.63632 0.0684802
9.72 1.82707 0.0456646
9.84 1.99744 0.0241899
9.96 2.14686 0.00412433
10.08 2.27507 -0.0144874
10.2 2.38208 -0.0316223
10.32 2.46815 -0.0472775
10.44 2.53376 -0.0614691
10.56 2.57962 -0.07423
10.68 2.60662 -0.0856084
10.8 2.61579 -0.095666
10.92 2.60834 -0.104476
11.04 2.58556 -0.112122
11.16 2.54885 -0.118694
11.28 2.49968 -0.124289
11.4 2.43955 -0.129011
11.52 2.37 -0.132963
11.64 2.29258 -0.136251
11.76 2.20882 -0.138981
11.88 2.12022 -0.141256
12 2.02824 -0.143179
12.12 1.93426 -0.144845
12.24 1.8396 -0.146347
12.36 1.74549 -0.14777
12.48 1.65307 -0.149193
12.6 1.56337 -0.150688
12.72 1.4773 -0.152317
12.84 1.39568 -0.154135
12.96 1.31918 -0.156189
13.08 1.24838 -0.158514
13.2 1.18371 -0.161141
13.32 1.12552 -0.164087
13.44 1.074 -0.167364
13.56 1.02927 -0.170973
13.68 0.991324 -0.17491
13.8 0.960052 -0.179161
13.92 0.935263 -0.183706
14.04 0.916677 -0.188519
14.16 0.903939 -0.193567
14.28 0.896626 -0.198815
14.4 0.894261 -0.20422
14.52 0.896316 -0.209737
14.64 0.902228 -0.21532
14.76 0.911406 -0.220918
14.88 0.923239 -0.22648
15 0.937109 -0.231957
15.12 0.952398 -0.237295
15.24 0.968496 -0.242446
15.36 0.984812 -0.24736
15.48 1.00078 -0.251991
15.6 1.01585 -0.256294
15.72 1.02954 -0.26023
15.84 1.04138 -0.26376
15.96 1.05097 -0.266852
16.08 1.05794 -0.269476
16.2 1.06199 -0.271608
16.32 1.06287 -0.273227
16.44 1.06037 -0.274318
16.56 1.05438 -0.274871
16.68 1.04479 -0.274879
16.8 1.03159 -0.274343
16.92 1.0148 -0.273264
17.04 0.994495 -0.271651
17.16 0.970809 -0.269516
17.28 0.943908 -0.266875
17.4 0.914002 -0.263746
17.52 0.881335 -0.260153
17.64 0.846186 -0.256121
17.76 0.808856 -0.251678
17.88 0.76967 -0.246853
18 0.728967 -0.241679
18.12 0.687099 -0.236188
18.24 0.644422 -0.230414
18.36 0.601292 -0.224391
18.48 0.558062 -0.218154
18.6 0.515077 -0.211736
18.72 0.472666 -0.205171
18.84 0.431144 -0.198492
18.96 0.390805 -0.191728
19.08 0.351916 -0.184909
19.2 0.314722 -0.178064
19.32 0.279436 -0.171217
19.44 0.246242 -0.164393
19.56 0.215292 -0.157613
19.68 0.186704 -0.150894
19.8 0.160564 -0.144255
19.92 0.136924 -0.137707
20.04 0.115806 -0.131264
20.16 0.0971967 -0.124934
20.28 0.0810555 -0.118724
20.4 0.067312 -0.112639
20.52 0.0558696 -0.10668
20.64 0.0466078 -0.100848
20.76 0.0393842 -0.0951418
20.88 0.0340379 -0.089559
21 0.0303922 -0.0840951
21.12 0.0282575 -0.0787448
21.24 0.0274346 -0.0735018
21.36 0.0277181 -0.0683592
21.48 0.028899 -0.0633096
21.6 0.0307683 -0.0583454
21.72 0.0331195 -0.053459
21.84 0.0357519 -0.0486429
21.96 0.0384732 -0.0438901
22.08 0.0411016 -0.0391941
22.2 0.0434685 -0.0345493
22.32 0.0454202 -0.0299507
22.44 0.0468198 -0.0253946
22.56 0.0475486 -0.0208783
22.68 0.047507 -0.0164003
22.8 0.0466158 -0.0119606
22.92 0.0448162 -0.00756009
23.04 0.0420703 -0.00320139
23.16 0.0383612 0.00111175
23.28 0.0336921 0.00537425
23.4 0.0280861 0.0095798
23.52 0.021585 0.0137209
23.64 0.0142484 0.017789
23.76 0.00615207 0.0217745
23.88 -0.00261336 0.025667
24 -0.0119444 0.0294555
24.12 -0.0217264 0.0331282
24.24 -0.0318356 0.0366731
24.36 -0.0421412 0.0400777
24.48 -0.0525075 0.0433298
24.6 -0.0627959 0.0464169
24.72 -0.0728672 0.049327
24.84 -0.0825836 0.0520484
24.96 -0.0918107 0.05457
25.08 -0.100419 0.0568815
25.2 -0.108288 0.0589733
25.32 -0.115303 0.0608372
25.44 -0.121362 0.0624657
25.56 -0.126374 0.0638528
25.68 -0.130261 0.0649937
25.8 -0.132959 0.0658852
25.92 -0.134417 0.0665254
26.04 -0.134601 0.0669141
26.16 -0.133492 0.0670524
26.28 -0.131085 0.0669433
26.4 -0.127393 0.066591
26.52 -0.122441 0.0660014
26.64 -0.11627 0.065182
26.76 -0.108937 0.0641415
26.88 -0.100507 0.0628902
27 -0.0910625 0.0614393
27.12 -0.0806926 0.0598015
27.24 -0.0694978 0.0579905
27.36 -0.0575863 0.0560208
27.48 -0.0450731 0.0539077
27.6 -0.0320783 0.0516674
27.72 -0.0187255 0.0493164
27.84 -0.0051403 0.0468717
27.96 0.00855116 0.0443504
28.08 0.0222239 0.0417697
28.2 0.0357556 0.039147
28.32 0.0490278 0.0364992
28.44 0.0619275 0.033843
28.56 0.0743484 0.0311946
28.68 0.0861919 0.0285696
28.8 0.097368 0.0259829
28.92 0.107797 0.0234486
29.04 0.117408 0.0209799
29.16 0.126143 0.0185889
29.28 0.133954 0.0162867
29.4 0.140806 0.0140833
29.52 0.146673 0.0119875
29.64 0.151545 0.0100068
29.76 0.155419 0.0081476
29.88 0.158307 0.00641495
30 0.160229 0.00481267
30.12 0.161216 0.00334332
30.24 0.161309 0.00200825
30.36 0.160557 0.000807649
30.48 0.159017 -0.000259475
30.6 0.156751 -0.00119519
30.72 0.153831 -0.00200258
30.84 0.150328 -0.00268573
30.96 0.146321 -0.00324959
31.08 0.141889 -0.00369994
31.2 0.137113 -0.00404328
31.32 0.132073 -0.00428677
31.44 0.12685 -0.00443815
31.56 0.121522 -0.0045056
31.68 0.116162 -0.00449773
31.8 0.110843 -0.00442344
31.92 0.105631 -0.00429186
32.04 0.100586 -0.00411223
32.16 0.0957638 -0.0038939
32.28 0.0912123 -0.00364617
32.4 0.0869727 -0.0033783
32.52 0.0830789 -0.00309937
32.64 0.0795572 -0.00281827
32.76 0.0764263 -0.00254364
32.88 0.0736973 -0.00228382
33 0.0713739 -0.00204679
33.12 0.0694524 -0.00184016
33.24 0.0679223 -0.00167112
33.36 0.0667666 -0.00154642
33.48 0.0659624 -0.00147236
33.6 0.0654812 -0.00145478
33.72 0.0652899 -0.00149902
33.84 0.0653513 -0.00160994
33.96 0.0656249 -0.0017919
34.08 0.0660675 -0.0020488
34.2 0.0666343 -0.00238404
34.32 0.0672793 -0.00280054
34.44 0.0679565 -0.00330077
34.56 0.0686203 -0.00388672
34.68 0.0692265 -0.00455997
34.8 0.0697329 -0.00532163
34.92 0.0701 -0.00617243
35.04 0.0702914 -0.00711267
35.16 0.0702748 -0.00814225
35.28 0.070022 -0.0092607
35.4 0.0695096 -0.0104672
35.52 0.0687193 -0.0117605
35.64 0.0676379 -0.013139
35.76 0.0662578 -0.0146009
35.88 0.0645768 -0.0161439
36 0.0625982 -0.0177654
36.12 0.0603307 -0.0194624
36.24 0.0577885 -0.0212318
36.36 0.0549904 -0.0230698
36.48 0.0519601 -0.0249726
36.6 0.0487254 -0.026936
36.72 0.0453183 -0.0289553
36.84 0.0417738 -0.0310256
36.96 0.0381298 -0.0331417
37.08 0.0344266 -0.0352981
37.2 0.0307058 -0.0374889
37.32 0.0270104 -0.0397078
37.44 0.0233835 -0.0419484
37.56 0.0198681 -0.0442039
37.68 0.0165062 -0.0464672
37.8 0.0133385 -0.048731
37.92 0.0104035 -0.0509876
38.04 0.00773721 -0.0532294
38.16 0.00537244 -0.0554481
38.28 0.0033385 -0.0576357
38.4 0.00166069 -0.0597838
38.52 0.000360013 -0.0618839
38.64 -0.000547145 -0.0639275
38.76 -0.00104924 -0.065906
38.88 -0.0011397 -0.067811
39 -0.000817071 -0.0696338
39.12 -8.49696e-05 -0.0713662
39.24 0.00104792 -0.0729999
39.36 0.00256797 -0.0745268
39.48 0.00445679 -0.0759393
39.6 0.00669147 -0.0772299
39.72 0.00924486 -0.0783914
39.84 0.0120859 -0.0794174
39.96 0.0151802 -0.0803015
40.08 0.0184901 -0.0810382
40.2 0.0219754 -0.0816223
40.32 0.025594 -0.0820494
40.44 0.029302 -0.0823158
40.56 0.0330548 -0.0824183
40.68 0.0368069 -0.0823546
40.8 0.0405133 -0.0821231
40.92 0.0441292 -0.081723
41.04 0.0476113 -0.0811544
41.16 0.0509175 -0.0804182
41.28 0.0540083 -0.079516
41.4 0.0568463 -0.0784504
41.52 0.0593973 -0.0772248
41.64 0.0616303 -0.0758435
41.76 0.0635181 -0.0743114
41.88 0.0650371 -0.0726345
42 0.0661681 -0.0708194
42.12 0.066896 -0.0688733
42.24 0.0672102 -0.0668044
42.36 0.0671045 -0.0646214
42.48 0.0665771 -0.0623334
42.6 0.0656307 -0.0599504
42.72 0.064272 -0.0574827
42.84 0.0625122 -0.054941
42.96 0.0603661 -0.0523364
43.08 0.0578524 -0.0496803
43.2 0.0549929 -0.0469842
43.32 0.0518129 -0.04426
43.44 0.04834 -0.0415193
43.56 0.0446044 -0.038774
43.68 0.040638 -0.0360359
43.8 0.0364746 -0.0333164
43.92 0.0321487 -0.030627
44.04 0.0276959 -0.0279787
44.16 0.0231518 -0.0253821
44.28 0.018552 -0.0228476
44.4 0.0139317 -0.0203849
44.52 0.00932512 -0.0180034
44.64 0.00476513 -0.0157117
44.76 0.000283165 -0.0135179
44.88 -0.00409124 -0.0114293
45 -0.00833068 -0.00945276
45.12 -0.0124101 -0.00759411
45.24 -0.0163071 -0.0058586
45.36 -0.0200019 -0.00425067
45.48 -0.0234776 -0.00277398
45.6 -0.0267201 -0.0014314
45.72 -0.0297184 -0.000225011
45.84 -0.0324644 0.000843877
45.96 -0.0349529 0.00177473
46.08 -0.0371814 0.00256778
46.2 -0.0391503 0.00322397
46.32 -0.0408624 0.00374496
46.44 -0.0423232 0.0041331
46.56 -0.0435402 0.00439136
46.68 -0.0445227 0.00452335
46.8 -0.0452823 0.00453321
46.92 -0.0458316 0.00442563
47.04 -0.0461849 0.00420579
47.16 -0.0463571 0.00387929
47.28 -0.0463641 0.00345213
47.4 -0.0462223 0.00293063
47.52 -0.0459481 0.00232144
47.64 -0.0455581 0.00163143
47.76 -0.0450685 0.000867686
47.88 -0.0444952 3.74277e-05
48 -0.0438532 -0.000852002
48.12 -0.0431567 -0.0017932
48.24 -0.042419 -0.00277875
48.36 -0.0416522 -0.00380123
48.48 -0.0408671 -0.00485331
48.6 -0.0400731 -0.00592773
48.72 -0.0392784 -0.00701734
48.84 -0.0384896 -0.00811519
48.96 -0.0377119 -0.00921446
49.08 -0.0369491 -0.0103086
49.2 -0.0362036 -0.0113912
49.32 -0.0354767 -0.0124562
49.44 -0.0347683 -0.0134978
49.56 -0.0340772 -0.0145105
49.68 -0.0334012 -0.0154888
49.8 -0.0327375 -0.0164281
49.92 -0.0320822 -0.0173235
50.04 -0.0314313 -0.0181708
50.16 -0.03078 -0.018966
50.28 -0.0301236 -0.0197055
50.4 -0.0294572 -0.020386
50.52 -0.028776 -0.0210044
50.64 -0.0280755 -0.0215582
50.76 -0.0273515 -0.0220449
50.88 -0.0266005 -0.0224626
51 -0.0258194 -0.0228097
51.12 -0.025006 -0.0230847
51.24 -0.024159 -0.0232866
51.36 -0.0232779 -0.0234146
51.48 -0.0223632 -0.0234684
51.6 -0.0214164 -0.0234478
51.72 -0.0204399 -0.023353
51.84 -0.0194372 -0.0231843
51.96 -0.0184128 -0.0229425
52.08 -0.0173721 -0.0226286
52.2 -0.0163211 -0.0222438
52.32 -0.015267 -0.0217897
52.44 -0.0142173 -0.0212679
52.56 -0.0131804 -0.0206806
52.68 -0.0121648 -0.02003
52.8 -0.0111795 -0.0193185
52.92 -0.0102338 -0.0185487
53.04 -0.00933663 -0.0177237
53.16 -0.00849716 -0.0168464
53.28 -0.00772411 -0.0159201
53.4 -0.0070258 -0.0149483
53.52 -0.00641001 -0.0139345
53.64 -0.00588377 -0.0128825
53.76 -0.00545332 -0.0117961
53.88 -0.00512393 -0.0106794
54 -0.0048998 -0.00953639
54.12 -0.00478403 -0.00837118
54.24 -0.00477844 -0.00718802
54.36 -0.00488363 -0.00599113
54.48 -0.00509883 -0.00478478
54.6 -0.00542197 -0.00357322
54.72 -0.00584961 -0.00236069
54.84 -0.00637701 -0.00115137
54.96 -0.00699812 5.06408e-05
55.08 -0.00770566 0.0012413
55.2 -0.00849119 0.00241672
55.32 -0.00934519 0.00357311
55.44 -0.0102572 0.00470686
55.56 -0.0112158 0.00581454
55.68 -0.0122089 0.00689291
55.8 -0.013224 0.00793894
55.92 -0.0142479 0.00894985
56.04 -0.0152672 0.00992311
56.16 -0.0162685 0.0108564
56.28 -0.0172384 0.0117479
56.4 -0.0181636 0.0125957
56.52 -0.0190312 0.0133984
56.64 -0.019829 0.0141551
56.76 -0.0205453 0.0148649
56.88 -0.0211693 0.0155272
57 -0.0216911 0.0161421
57.12 -0.0221019 0.0167095
57.24 -0.0223941 0.0172299
57.36 -0.0225612 0.0177042
57.48 -0.0225982 0.0181331
57.6 -0.0225016 0.0185182
57.72 -0.022269 0.0188608
57.84 -0.0218997 0.0191629
57.96 -0.0213945 0.0194263
58.08 -0.0207554 0.0196532
58.2 -0.0199859 0.019846
58.32 -0.019091 0.0200073
58.44 -0.0180768 0.0201395
58.56 -0.0169507 0.0202455
58.68 -0.0157212 0.020328
58.8 -0.0143978 0.0203899
58.92 -0.0129908 0.0204338
59.04 -0.0115114 0.0204628
59.16 -0.00997126 0.0204794
59.28 -0.00838257 0.0204864
59.4 -0.00675787 0.0204864
59.52 -0.00510986 0.0204818
59.64 -0.00345124 0.0204749
59.76 -0.00179465 0.0204679
59.88 -0.000152427 0.0204626
60 0.00146345 0.0204608
60.12 0.00304152 0.0204639
60.24 0.00457097 0.0204733
60.36 0.00604168 0.0204899
60.48 0.0074444 0.0205144
60.6 0.00877075 0.0205474
60.72 0.0100133 0.0205889
60.84 0.0111658 0.020639
60.96 0.0122228 0.0206973
61.08 0.0131802 0.0207632
61.2 0.0140346 0.0208358
61.32 0.0147842 0.020914
61.44 0.0154277 0.0209965
61.56 0.0159652 0.0210818
61.68 0.0163975 0.021168
61.8 0.0167265 0.0212533
61.92 0.0169547 0.0213356
62.04 0.0170855 0.0214125
62.16 0.0171227 0.0214819
62.28 0.017071 0.0215413
62.4 0.0169352 0.0215881
62.52 0.0167205 0.0216198
62.64 0.0164324 0.0216339
62.76 0.0160765 0.0216278
62.88 0.0156582 0.021599
63 0.015183 0.021545
63.12 0.0146562 0.0214636
63.24 0.0140827 0.0213524
63.36 0.013467 0.0212094
63.48 0.0128134 0.0210324
63.6 0.0121253 0.0208198
63.72 0.011406 0.0205699
63.84 0.0106578 0.0202812
63.96 0.00988266 0.0199525
64.08 0.00908175 0.0195828
64.2 0.00825566 0.0191714
64.32 0.00740439 0.0187176
64.44 0.00652731 0.0182213
64.56 0.00562327 0.0176822
64.68 0.00469061 0.0171007
64.8 0.00372723 0.0164771
64.92 0.00273067 0.0158121
65.04 0.00169816 0.0151066
65.16 0.000626771 0.0143617
65.28 -0.000486573 0.0135787
65.4 -0.00164494 0.0127592
65.52 -0.00285132 0.0119049
65.64 -0.0041085 0.0110177
65.76 -0.00541901 0.0100996
65.88 -0.00678497 0.00915306
66 -0.00820802 0.00818028
66.12 -0.00968926 0.0071838
66.24 -0.0112291 0.00616626
66.36 -0.0128273 0.00513035
66.48 -0.0144828 0.00407886
66.6 -0.0161938 0.00301467
66.72 -0.0179573 0.00194067
66.84 -0.0197699 0.000859818
66.96 -0.0216268 -0.000224911
67.08 -0.0235227 -0.00131053
67.2 -0.0254512 -0.00239405
67.32 -0.027405 -0.00347248
67.44 -0.029376 -0.00454287
67.56 -0.0313554 -0.00560227
67.68 -0.0333336 -0.00664779
67.8 -0.0353005 -0.00767657
67.92 -0.0372454 -0.0086858
68.04 -0.0391572 -0.00967273
68.16 -0.0410244 -0.0106347
68.28 -0.0428354 -0.011569
68.4 -0.0445786 -0.0124731
68.52 -0.0462423 -0.0133446
68.64 -0.0478151 -0.0141809
68.76 -0.0492859 -0.0149798
68.88 -0.0506442 -0.015739
69 -0.0518799 -0.0164563
69.12 -0.0529838 -0.0171296
69.24 -0.0539474 -0.0177568
69.36 -0.0547634 -0.0183362
69.48 -0.0554254 -0.0188656
69.6 -0.0559282 -0.0193436
69.72 -0.0562679 -0.0197683
69.84 -0.056442 -0.0201381
69.96 -0.0564491 -0.0204518
70.08 -0.0562897 -0.0207078
70.2 -0.0559653 -0.0209049
70.32 -0.0554792 -0.0210421
70.44 -0.054836 -0.0211183
70.56 -0.0540418 -0.0211326
70.68 -0.0531039 -0.0210843
70.8 -0.0520314 -0.0209728
70.92 -0.0508342 -0.0207977
71.04 -0.0495237 -0.0205587
71.16 -0.0481122 -0.0202557
71.28 -0.0466131 -0.0198888
71.4 -0.0450406 -0.0194582
71.52 -0.0434097 -0.0189644
71.64 -0.0417358 -0.0184081
71.76 -0.0400349 -0.01779
71.88 -0.0383231 -0.0171114
72 -0.0366169 -0.0163734
72.12 -0.0349324 -0.0155777
72.24 -0.0332857 -0.0147259
72.36 -0.0316925 -0.0138201
72.48 -0.0301678 -0.0128624
72.6 -0.0287262 -0.0118552
72.72 -0.0273813 -0.0108013
72.84 -0.0261458 -0.00970359
72.96 -0.0250312 -0.00856509
73.08 -0.0240479 -0.00738917
73.2 -0.023205 -0.00617934
73.32 -0.0225103 -0.00493934
73.44 -0.02197 -0.00367306
73.56 -0.0215888 -0.00238456
73.68 -0.0213699 -0.00107809
73.8 -0.021315 0.000242021
73.92 -0.0214241 0.00157128
74.04 -0.0216956 0.00290513
74.16 -0.0221265 0.0042389
74.28 -0.0227123 0.00556792
74.4 -0.023447 0.00688743
74.52 -0.0243232 0.00819271
74.64 -0.0253323 0.00947904
74.76 -0.0264644 0.0107417
74.88 -0.0277089 0.0119762
75 -0.0290537 0.0131779
75.12 -0.0304864 0.0143424
75.24 -0.0319937 0.0154656
75.36 -0.0335618 0.0165433
75.48 -0.0351765 0.0175716
75.6 -0.0368235 0.018547
75.72 -0.0384882 0.0194658
75.84 -0.0401564 0.020325
75.96 -0.0418137 0.0211217
76.08 -0.0434465 0.0218532
76.2 -0.0450415 0.0225174
76.32 -0.0465859 0.023112
76.44 -0.0480678 0.0236357
76.56 -0.0494764 0.024087
76.68 -0.0508014 0.024465
76.8 -0.0520338 0.0247691
76.92 -0.0531658 0.0249991
77.04 -0.0541907 0.025155
77.16 -0.055103 0.0252374
77.28 -0.0558985 0.0252471
77.4 -0.0565745 0.0251853
77.52 -0.0571293 0.0250534
77.64 -0.0575627 0.0248533
77.76 -0.0578758 0.024587
77.88 -0.0580707 0.0242572
78 -0.0581509 0.0238664
78.12 -0.0581211 0.0234176
78.24 -0.057987 0.0229141
78.36 -0.0577551 0.0223593
78.48 -0.0574331 0.0217568
78.6 -0.0570293 0.0211105
78.72 -0.0565529 0.0204242
78.84 -0.0560136 0.0197022
78.96 -0.0554213 0.0189487
79.08 -0.0547868 0.0181679
79.2 -0.0541208 0.0173641
79.32 -0.0534342 0.0165418
79.44 -0.0527379 0.0157054
79.56 -0.0520427 0.0148592
79.68 -0.0513594 0.0140075
79.8 -0.0506982 0.0131548
79.92 -0.050069 0.0123051
80.04 -0.0494812 0.0114627
80.16 -0.0489436 0.0106314
80.28 -0.0484644 0.00981514
80.4 -0.0480509 0.00901766
80.52 -0.0477096 0.00824247
80.64 -0.0474464 0.00749295
80.76 -0.047266 0.00677226
80.88 -0.0471722 0.00608335
81 -0.047168 0.005429
81.12 -0.0472552 0.00481171
81.24 -0.0474349 0.0042338
81.36 -0.047707 0.00369732
81.48 -0.0480704 0.00320411
81.6 -0.0485233 0.00275574
81.72 -0.0490628 0.00235354
81.84 -0.0496851 0.00199861
81.96 -0.0503857 0.00169178
82.08 -0.0511592 0.00143365
82.2 -0.0519995 0.00122457
82.32 -0.0528998 0.00106465
82.44 -0.0538528 0.000953739
82.56 -0.0548506 0.000891481
82.68 -0.0558848 0.00087727
82.8 -0.0569466 0.000910276
82.92 -0.0580269 0.00098945
83.04 -0.0591162 0.00111352
83.16 -0.0602051 0.00128102
83.28 -0.0612838 0.00149027
83.4 -0.0623427 0.00173938
83.52 -0.0633719 0.0020263
83.64 -0.0643618 0.00234879
83.76 -0.065303 0.00270443
83.88 -0.0661862 0.00309064
84 -0.0670022 0.00350468
84.12 -0.0677425 0.00394368
84.24 -0.0683985 0.00440461
84.36 -0.0689623 0.00488435
84.48 -0.0694265 0.00537963
84.6 -0.0697839 0.00588708
84.72 -0.0700279 0.00640327
84.84 -0.0701527 0.00692465
84.96 -0.0701528 0.00744762
85.08 -0.0700233 0.00796852
85.2 -0.06976 0.00848366
85.32 -0.0693593 0.00898932
85.44 -0.0688181 0.00948175
85.56 -0.0681343 0.00995722
85.68 -0.0673061 0.010412
85.8 -0.0663325 0.0108425
85.92 -0.0652131 0.0112449
86.04 -0.0639483 0.0116159
86.16 -0.062539 0.0119518
86.28 -0.060987 0.0122494
86.4 -0.0592943 0.0125053
86.52 -0.0574641 0.0127166
86.64 -0.0554998 0.0128801
86.76 -0.0534056 0.0129933
86.88 -0.0511864 0.0130535
87 -0.0488475 0.0130584
87.12 -0.0463949 0.0130058
87.24 -0.0438352 0.0128938
87.36 -0.0411753 0.0127209
87.48 -0.038423 0.0124857
87.6 -0.0355862 0.0121871
87.72 -0.0326735 0.0118244
87.84 -0.0296939 0.0113972
87.96 -0.0266567 0.0109053
88.08 -0.0235717 0.010349
88.2 -0.0204489 0.00972871
88.32 -0.0172987 0.00904547
88.44 -0.0141316 0.00830046
88.56 -0.0109583 0.00749526
88.68 -0.00778983 0.00663179
88.8 -0.00463712 0.00571231
88.92 -0.00151121 0.00473941
89.04 0.00157691 0.003716
89.16 0.00461631 0.00264532
89.28 0.0075962 0.00153088
89.4 0.010506 0.000376504
89.52 0.0133354 -0.000813733
89.64 0.0160743 -0.0020355
89.76 0.0187132 -0.00328425
89.88 0.0212429 -0.00455521
90 0.0236547 -0.00584344
90.12 0.0259406 -0.00714386
90.24 0.028093 -0.00845124
90.36 0.0301052 -0.00976027
90.48 0.0319711 -0.0110656
90.6 0.0336855 -0.0123617
90.72 0.0352438 -0.0136432
90.84 0.0366426 -0.0149048
90.96 0.0378791 -0.0161411
91.08 0.0389515 -0.0173467
91.2 0.039859 -0.0185167
91.32 0.0406019 -0.0196461
91.44 0.041181 -0.0207299
91.56 0.0415987 -0.0217637
91.68 0.0418579 -0.0227432
91.8 0.0419625 -0.0236641
91.92 0.0419177 -0.0245228
92.04 0.0417291 -0.0253158
92.16 0.0414034 -0.0260399
92.28 0.0409483 -0.0266923
92.4 0.040372 -0.0272706
92.52 0.0396836 -0.0277727
92.64 0.0388926 -0.0281969
92.76 0.0380094 -0.0285421
92.88 0.0370447 -0.0288072
93 0.0360097 -0.0289919
93.12 0.0349159 -0.0290961
93.24 0.0337751 -0.02912
93.36 0.0325993 -0.0290645
93.48 0.0314004 -0.0289305
93.6 0.0301906 -0.0287197
93.72 0.0289816 -0.0284337
93.84 0.0277853 -0.0280749
93.96 0.0266129 -0.0276456
94.08 0.0254756 -0.0271486
94.2 0.0243838 -0.0265871
94.32 0.0233475 -0.0259643
94.44 0.0223762 -0.0252839
94.56 0.0214785 -0.0245495
94.68 0.0206622 -0.0237651
94.8 0.0199345 -0.0229348
94.92 0.0193017 -0.0220628
95.04 0.0187689 -0.0211533
95.16 0.0183406 -0.0202108
95.28 0.01802 -0.0192396
95.4 0.0178097 -0.018244
95.52 0.017711 -0.0172285
95.64 0.0177242 -0.0161974
95.76 0.0178488 -0.0151549
95.88 0.0180831 -0.0141052
96 0.0184247 -0.0130523
96.12 0.0188701 -0.012
96.24 0.019415 -0.0109523
96.36 0.0200543 -0.0099125
96.48 0.0207821 -0.00888411
96.6 0.0215919 -0.00787029
96.72 0.0224763 -0.00687402
96.84 0.0234278 -0.00589805
96.96 0.0244381 -0.00494492
97.08 0.0254985 -0.00401696
97.2 0.0266001 -0.00311624
97.32 0.0277338 -0.00224464
97.44 0.0288903 -0.00140381
97.56 0.0300602 -0.00059518
97.68 0.0312342 0.000180014
97.8 0.0324031 0.000920745
97.92 0.0335579 0.00162617
98.04 0.0346898 0.00229562
98.16 0.0357904 0.00292858
98.28 0.0368517 0.00352471
98.4 0.037866 0.00408378
98.52 0.0388264 0.00460568
98.64 0.0397264 0.0050904
98.76 0.0405601 0.00553804
98.88 0.0413222 0.00594875
99 0.0420083 0.00632273
99.12 0.0426143 0.00666023
99.24 0.0431372 0.00696152
99.36 0.0435745 0.00722687
99.48 0.0439243 0.00745657
99.6 0.0441857 0.00765088
99.72 0.0443582 0.00781002
99.84 0.044442 0.00793419
99.96 0.0444381 0.00802356
100.08 0.0443479 0.00807821
100.2 0.0441734 0.00809819
100.32 0.0439173 0.00808348
100.44 0.0435824 0.00803402
100.56 0.0431722 0.00794965
100.68 0.0426905 0.00783018
100.8 0.0421413 0.00767536
100.92 0.041529 0.00748487
101.04 0.0408582 0.00725836
101.16 0.0401335 0.00699545
101.28 0.0393597 0.0066957
101.4 0.0385416 0.00635869
101.52 0.037684 0.00598395
101.64 0.0367916 0.00557107
101.76 0.0358691 0.0051196
101.88 0.034921 0.00462918
102 0.0339515 0.00409945
102.12 0.0329648 0.00353014
102.24 0.0319647 0.00292104
102.36 0.0309547 0.00227206
102.48 0.0299382 0.00158318
102.6 0.0289182 0.000854527
102.72 0.0278973 8.63538e-05
102.84 0.026878 -0.000720938
102.96 0.0258623 -0.00156679
103.08 0.024852 -0.00245046
103.2 0.0238485 -0.00337105
103.32 0.0228531 -0.00432745
103.44 0.0218667 -0.00531836
103.56 0.0208899 -0.00634229
103.68 0.0199233 -0.00739752
103.8 0.018967 -0.00848216
103.92 0.0180212 -0.00959406
104.04 0.0170859 -0.0107309
104.16 0.0161608 -0.0118902
104.28 0.0152458 -0.0130692
104.4 0.0143405 -0.0142649
104.52 0.0134446 -0.0154743
104.64 0.0125579 -0.0166941
104.76 0.01168 -0.0179208
104.88 0.0108107 -0.0191509
105 0.00994996 -0.0203806
105.12 0.00909762 -0.0216062
105.24 0.0082538 -0.0228236
105.36 0.00741871 -0.024029
105.48 0.00659271 -0.0252182
105.6 0.0057763 -0.0263871
105.72 0.00497016 -0.0275316
105.84 0.00417511 -0.0286475
105.96 0.00339214 -0.029731
106.08 0.0026224 -0.0307777
106.2 0.00186717 -0.031784
106.32 0.00112789 -0.0327457
106.44 0.000406109 -0.0336593
106.56 -0.00029652 -0.0345212
106.68 -0.000978248 -0.0353278
106.8 -0.00163726 -0.036076
106.92 -0.00227169 -0.0367626
107.04 -0.00287967 -0.0373849
107.16 -0.00345929 -0.0379402
107.28 -0.00400872 -0.0384262
107.4 -0.00452614 -0.0388409
107.52 -0.00500982 -0.0391823
107.64 -0.00545814 -0.039449
107.76 -0.00586959 -0.0396399
107.88 -0.00624283 -0.0397539
108 -0.00657668 -0.0397904
108.12 -0.00687013 -0.0397493
108.24 -0.00712242 -0.0396305
108.36 -0.00733297 -0.0394344
108.48 -0.00750147 -0.0391616
108.6 -0.00762786 -0.0388131
108.72 -0.0077123 -0.0383901
108.84 -0.00775526 -0.0378944
108.96 -0.00775745 -0.0373276
109.08 -0.00771984 -0.036692
109.2 -0.00764369 -0.03599
109.32 -0.00753051 -0.0352241
109.44 -0.00738204 -0.0343973
109.56 -0.00720029 -0.0335128
109.68 -0.00698749 -0.0325737
109.8 -0.00674608 -0.0315836
109.92 -0.0064787 -0.0305461
110.04 -0.00618817 -0.0294651
110.16 -0.00587748 -0.0283444
110.28 -0.00554974 -0.0271881
110.4 -0.00520821 -0.0260002
110.52 -0.0048562 -0.024785
110.64 -0.00449715 -0.0235466
110.76 -0.0041345 -0.0222892
110.88 -0.00377173 -0.0210171
111 -0.00341235 -0.0197343
111.12 -0.00305981 -0.0184452
111.24 -0.00271754 -0.0171536
111.36 -0.00238892 -0.0158637
111.48 -0.00207722 -0.0145793
111.6 -0.00178563 -0.0133042
111.72 -0.00151722 -0.0120419
111.84 -0.00127491 -0.0107961
111.96 -0.00106149 -0.00957002
112.08 -0.000879581 -0.00836678
112.2 -0.000731623 -0.00718936
112.32 -0.00061988 -0.00604053
112.44 -0.000546423 -0.00492286
112.56 -0.000513121 -0.00383867
112.68 -0.00052164 -0.00279011
112.8 -0.000573434 -0.00177908
112.92 -0.000669746 -0.000807247
113.04 -0.000811604 0.000123928
113.16 -0.000999822 0.00101322
113.28 -0.001235 0.00185965
113.4 -0.00151751 0.00266244
113.52 -0.00184754 0.00342104
113.64 -0.00222504 0.00413514
113.76 -0.00264977 0.00480461
113.88 -0.00312129 0.00542955
114 -0.00363893 0.00601026
114.12 -0.00420186 0.00654723
114.24 -0.00480903 0.00704113
114.36 -0.00545923 0.00749279
114.48 -0.00615104 0.00790323
114.6 -0.00688288 0.00827361
114.72 -0.00765297 0.00860523
114.84 -0.0084594 0.00889953
114.96 -0.00930004 0.00915804
115.08 -0.0101726 0.00938243
115.2 -0.0110748 0.00957445
115.32 -0.0120039 0.00973592
115.44 -0.0129573 0.00986875
115.56 -0.013932 0.00997488
115.68 -0.0149252 0.0100563
115.8 -0.0159336 0.0101151
115.92 -0.016954 0.0101533
116.04 -0.0179831 0.0101729
116.16 -0.0190175 0.010176
116.28 -0.0200534 0.0101646
116.4 -0.0210874 0.0101408
116.52 -0.0221157 0.0101064
116.64 -0.0231346 0.0100636
116.76 -0.0241402 0.0100141
116.88 -0.0251288 0.00995969
117 -0.0260964 0.00990221
117.12 -0.0270392 0.00984328
117.24 -0.0279536 0.00978449
117.36 -0.0288356 0.00972731
117.48 -0.0296816 0.00967316
117.6 -0.0304881 0.0096233
117.72 -0.0312515 0.00957892
117.84 -0.0319686 0.00954108
117.96 -0.0326362 0.00951075
118.08 -0.0332512 0.00948876
118.2 -0.0338111 0.00947582
118.32 -0.0343131 0.00947254
118.44 -0.0347551 0.00947937
118.56 -0.0351352 0.00949669
118.68 -0.0354516 0.00952471
118.8 -0.035703 0.00956354
118.92 -0.0358885 0.00961318
119.04 -0.0360074 0.0096735
119.16 -0.0360595 0.00974424
119.28 -0.0360449 0.00982506
119.4 -0.0359643 0.00991548
119.52 -0.0358185 0.0100149
119.64 -0.0356091 0.0101227
119.76 -0.0353377 0.0102381
119.88 -0.0350067 0.0103603
120 -0.0346187 0.0104882
