-0.999 0.000137931 -2.27746e-05
-0.998 0.000595831 -0.000155993
-0.997 0.00139026 -0.000492188
-0.996 0.00243713 -0.00105846
-0.995 0.00357933 -0.00176526
-0.994 0.00469823 -0.00242232
-0.993 0.00583751 -0.00282462
-0.992 0.00725255 -0.00286381
-0.991 0.00934472 -0.00260191
-0.99 0.0124533 -0.00224606
-0.989 0.0166102 -0.00200356
-0.988 0.0214134 -0.00191504
-0.987 0.0261571 -0.00175021
-0.986 0.0300967 -0.00104879
-0.985 0.0329074 0.00060096
-0.984 0.0350055 0.00329614
-0.983 0.0375254 0.00662943
-0.982 0.0420579 0.00960062
-0.981 0.0499167 0.0109246
-0.98 0.0613026 0.00951428
-0.979 0.0750035 0.00499155
-0.978 0.0884844 -0.00195091
-0.977 0.0987688 -0.0098028
-0.976 0.10367 -0.0167691
-0.975 0.102539 -0.0214143
-0.974 0.0969146 -0.023251
-0.973 0.0901087 -0.0230799
-0.972 0.0857934 -0.0226323
-0.971 0.0869163 -0.0237095
-0.97 0.0941509 -0.027108
-0.969 0.105351 -0.0320408
-0.968 0.11667 -0.0364888
-0.967 0.124344 -0.0377165
-0.966 0.126355 -0.033551
-0.965 0.123991 -0.0237221
-0.964 0.121673 -0.0102836
-0.963 0.125699 0.00282355
-0.962 0.141666 0.0111646
-0.961 0.172342 0.0113809
-0.96 0.215572 0.00284506
-0.959 0.264583 -0.0122087
-0.958 0.311135 -0.0294878
-0.957 0.346598 -0.0443413
-0.956 0.366354 -0.0536887
-0.955 0.371167 -0.0570565
-0.954 0.365704 -0.0574075
-0.953 0.358012 -0.0590411
-0.952 0.354775 -0.0657087
-0.951 0.358945 -0.0787246
-0.95 0.368333 -0.0955814
-0.949 0.376817 -0.110749
-0.948 0.377078 -0.117862
-0.947 0.363652 -0.112437
-0.946 0.337672 -0.0937374
-0.945 0.306144 -0.0651078
-0.944 0.281045 -0.0339219
-0.943 0.275411 -0.0084854
-0.942 0.297434 0.0060919
-0.941 0.348978 0.00891715
-0.94 0.424419 0.00350016
-0.939 0.511379 -0.00393709
-0.938 0.595358 -0.00657648
-0.937 0.666731 -0.00126865
-0.936 0.722423 0.00950944
-0.935 0.76529 0.0199666
-0.934 0.804266 0.0224064
-0.933 0.849087 0.0112245
-0.932 0.904359 -0.0144811
-0.931 0.965787 -0.0500875
-0.93 1.02176 -0.0861077
-0.929 1.05762 -0.113277
-0.928 1.05953 -0.125599
-0.927 1.02173 -0.123842
-0.926 0.949445 -0.114295
-0.925 0.85592 -0.106334
-0.924 0.761696 -0.108885
-0.923 0.685662 -0.124927
-0.922 0.641784 -0.151064
-0.921 0.633654 -0.178072
-0.92 0.653598 -0.194882
-0.919 0.687149 -0.193713
-0.918 0.716028 -0.173182
-0.917 0.730785 -0.140345
-0.916 0.735076 -0.106928
-0.915 0.740383 -0.0845656
-0.914 0.763782 -0.0800957
-0.913 0.822717 -0.091669
-0.912 0.926045 -0.108999
-0.911 1.06931 -0.11741
-0.91 1.23307 -0.1051
-0.909 1.39004 -0.0689725
-0.908 1.51072 -0.0164882
-0.907 1.57541 0.0358818
-0.906 1.57607 0.0676856
-0.905 1.52339 0.0645487
-0.904 1.44282 0.0235333
-0.903 1.3641 -0.0471893
-0.902 1.31512 -0.130167
-0.901 1.30755 -0.205159
-0.9 1.33749 -0.258188
-0.899 1.38479 -0.288341
-0.898 1.41973 -0.305989
-0.897 1.41799 -0.327838
-0.896 1.37225 -0.371057
-0.895 1.29359 -0.440584
-0.894 1.21154 -0.527103
-0.893 1.16719 -0.612185
-0.892 1.19984 -0.669484
-0.891 1.33012 -0.676147
-0.89 1.54721 -0.623247
-0.889 1.81621 -0.516944
-0.888 2.08458 -0.377783
-0.887 2.29592 -0.233059
-0.886 2.41145 -0.105237
-0.885 2.42126 -0.00488315
-0.884 2.35344 0.0697018
-0.883 2.25669 0.129058
-0.882 2.18696 0.187725
-0.881 2.19146 0.254028
-0.88 2.27808 0.322427
-0.879 2.41903 0.378698
-0.878 2.55948 0.40458
-0.877 2.63476 0.382016
-0.876 2.60139 0.300946
-0.875 2.45185 0.169006
-0.874 2.22864 0.00671608
-0.873 2.00655 -0.165757
-0.872 1.86566 -0.328698
-0.871 1.86661 -0.471393
-0.87 2.02372 -0.591409
-0.869 2.30026 -0.688211
-0.868 2.61631 -0.765105
-0.867 2.87836 -0.819022
-0.866 3.00943 -0.838295
-0.865 2.98125 -0.810483
-0.864 2.82983 -0.726946
-0.863 2.63419 -0.594507
-0.862 2.485 -0.43418
-0.861 2.45487 -0.274516
-0.86 2.5624 -0.145364
-0.859 2.76568 -0.0678736
-0.858 2.98426 -0.0405047
-0.857 3.126 -0.0445822
-0.856 3.12614 -0.0550128
-0.855 2.98263 -0.048577
-0.854 2.75339 -0.0228474
-0.853 2.52867 -0.00112125
-0.852 2.40655 -0.0228658
-0.851 2.45 -0.128243
-0.85 2.66014 -0.338568
-0.849 2.96793 -0.63687
-0.848 3.26823 -0.967235
-0.847 3.46542 -1.25108
-0.846 3.50688 -1.40841
-0.845 3.40062 -1.391
-0.844 3.21528 -1.20746
-0.843 3.05426 -0.916128
-0.842 2.99851 -0.606158
-0.841 3.08467 -0.363703
-0.84 3.28489 -0.243576
-0.839 3.51526 -0.244022
-0.838 3.67972 -0.302273
-0.837 3.7183 -0.323264
-0.836 3.6382 -0.225567
-0.835 3.51066 0.0197878
-0.834 3.44811 0.368953
-0.833 3.55312 0.71053
-0.832 3.871 0.914091
-0.831 4.35609 0.870553
-0.83 4.88323 0.538545
-0.829 5.29943 -0.0310638
-0.828 5.47068 -0.701122
-0.827 5.35025 -1.29758
-0.826 5.00255 -1.67633
-0.825 4.56504 -1.76909
-0.824 4.20451 -1.61682
-0.823 4.05286 -1.33881
-0.822 4.12825 -1.0859
-0.821 4.32492 -0.984455
-0.82 4.46514 -1.07699
-0.819 4.36891 -1.29936
-0.818 3.94733 -1.512
-0.817 3.24535 -1.55523
-0.816 2.45033 -1.31584
-0.815 1.84439 -0.785611
-0.814 1.68905 -0.0658892
-0.813 2.11601 0.659181
-0.812 3.07826 1.18285
-0.811 4.34187 1.36039
-0.81 5.56399 1.16285
-0.809 6.42902 0.680687
-0.808 6.7474 0.0879749
-0.807 6.55041 -0.421549
-0.806 6.07949 -0.711661
-0.805 5.66956 -0.761117
-0.804 5.61873 -0.655656
-0.803 6.06808 -0.551262
-0.802 6.92387 -0.608648
-0.801 7.87497 -0.904601
-0.8 8.50813 -1.40602
-0.799 8.48751 -1.98116
-0.798 7.68753 -2.45133
-0.797 6.25417 -2.65531
-0.796 4.58268 -2.52255
-0.795 3.18862 -2.10658
-0.794 2.50608 -1.55066
-0.793 2.72485 -1.03548
-0.792 3.74223 -0.71289
-0.791 5.17909 -0.636359
-0.79 6.50919 -0.749057
-0.789 7.28554 -0.911983
-0.788 7.30581 -0.964485
-0.787 6.67905 -0.811373
-0.786 5.77492 -0.459341
-0.785 5.09284 -0.0147294
-0.784 5.04856 0.361402
-0.783 5.78675 0.523328
-0.782 7.15054 0.410315
-0.781 8.69607 0.0781849
-0.78 9.87239 -0.322591
-0.779 10.2473 -0.616873
-0.778 9.65587 -0.678188
-0.777 8.27367 -0.489222
-0.776 6.54857 -0.165221
-0.775 5.04467 0.107558
-0.774 4.21932 0.146282
-0.773 4.27244 -0.14816
-0.772 5.08055 -0.744495
-0.771 6.2517 -1.47289
-0.77 7.27538 -2.09336
-0.769 7.73188 -2.40494
-0.768 7.47374 -2.31893
-0.767 6.63817 -1.90567
-0.766 5.58158 -1.3713
-0.765 4.75056 -0.976576
-0.764 4.49491 -0.920937
-0.763 4.91718 -1.24925
-0.762 5.87244 -1.82156
-0.761 7.01763 -2.37033
-0.76 7.95191 -2.60192
-0.759 8.38504 -2.32349
-0.758 8.24616 -1.53308
-0.757 7.70184 -0.439262
-0.756 7.04182 0.605698
-0.755 6.58193 1.24571
-0.754 6.56268 1.25698
-0.753 7.01054 0.642398
-0.752 7.77158 -0.372431
-0.751 8.60823 -1.41967
-0.75 9.28183 -2.12219
-0.749 9.67188 -2.25421
-0.748 9.80313 -1.82584
-0.747 9.80929 -1.08336
-0.746 9.8363 -0.401029
-0.745 10.0014 -0.131812
-0.744 10.2918 -0.454393
-0.743 10.5712 -1.29205
-0.742 10.6951 -2.34327
-0.741 10.5568 -3.1784
-0.74 10.1672 -3.41859
-0.739 9.6803 -2.89328
-0.738 9.31953 -1.7097
-0.737 9.28874 -0.210652
-0.736 9.67757 1.15077
-0.735 10.3781 1.96122
-0.734 11.14 2.01882
-0.733 11.6469 1.40777
-0.732 11.6699 0.420477
-0.731 11.1816 -0.548823
-0.73 10.3622 -1.14707
-0.729 9.58559 -1.22369
-0.728 9.24182 -0.863271
-0.727 9.55329 -0.345575
-0.726 10.4923 -0.0247857
-0.725 11.7312 -0.164008
-0.724 12.7363 -0.852156
-0.723 13.0059 -1.9362
-0.722 12.2707 -3.09215
-0.721 10.6052 -3.96986
-0.72 8.42207 -4.29849
-0.719 6.36709 -4.00184
-0.718 5.09401 -3.21035
-0.717 4.98332 -2.18322
-0.716 6.00825 -1.22004
-0.715 7.7218 -0.540132
-0.714 9.44222 -0.20669
-0.713 10.5061 -0.147444
-0.712 10.5059 -0.198012
-0.711 9.47068 -0.180461
-0.71 7.87444 -0.0142128
-0.709 6.46172 0.255696
-0.708 5.9365 0.528137
-0.707 6.71156 0.676112
-0.706 8.70703 0.605571
-0.705 11.372 0.309497
-0.704 13.9 -0.124179
-0.703 15.4862 -0.558992
-0.702 15.6587 -0.91484
-0.701 14.4273 -1.17883
-0.7 12.2926 -1.39595
-0.699 10.0799 -1.66755
-0.698 8.59765 -2.06462
-0.697 8.34468 -2.56053
-0.696 9.36102 -3.05164
-0.695 11.2503 -3.36577
-0.694 13.3017 -3.34178
-0.693 14.7309 -2.91856
-0.692 15.0196 -2.18644
-0.691 14.1238 -1.37467
-0.69 12.4147 -0.767466
-0.689 10.5404 -0.581347
-0.688 9.21914 -0.850292
-0.687 8.96183 -1.40958
-0.686 9.88515 -1.95143
-0.685 11.6824 -2.14709
-0.684 13.7774 -1.76199
-0.683 15.5358 -0.786536
-0.682 16.4581 0.527908
-0.681 16.3804 1.75199
-0.68 15.4841 2.43328
-0.679 14.1849 2.2982
-0.678 12.9914 1.34918
-0.677 12.2979 -0.102049
-0.676 12.2941 -1.56607
-0.675 12.9311 -2.55362
-0.674 13.9363 -2.76668
-0.673 14.9712 -2.24394
-0.672 15.6952 -1.33024
-0.671 15.8549 -0.561389
-0.67 15.3931 -0.429821
-0.669 14.3893 -1.16877
-0.668 13.0241 -2.65243
-0.667 11.5472 -4.44479
-0.666 10.2203 -5.92443
-0.665 9.30256 -6.5361
-0.664 8.94614 -6.02939
-0.663 9.19598 -4.53641
-0.662 9.98795 -2.54937
-0.661 11.0953 -0.715084
-0.66 12.2143 0.409427
-0.659 13.0359 0.571301
-0.658 13.3077 -0.0891936
-0.657 12.9795 -1.14127
-0.656 12.2211 -2.01842
-0.655 11.4127 -2.25604
-0.654 11.0195 -1.71963
-0.653 11.4111 -0.652113
-0.652 12.7586 0.477978
-0.651 14.8767 1.13598
-0.65 17.2435 0.943242
-0.649 19.1622 -0.121024
-0.648 19.9834 -1.73952
-0.647 19.3623 -3.37748
-0.646 17.4018 -4.49218
-0.645 14.6379 -4.74481
-0.644 11.9334 -4.12597
-0.643 10.1659 -2.95978
-0.642 9.87467 -1.73042
-0.641 11.1275 -0.852449
-0.64 13.4423 -0.532958
-0.639 15.9285 -0.68831
-0.638 17.6773 -1.0064
-0.637 18.0284 -1.11236
-0.636 16.8376 -0.749989
-0.635 14.6012 0.065317
-0.634 12.251 1.04033
-0.633 10.8257 1.74085
-0.632 11.0706 1.77167
-0.631 13.119 0.967869
-0.63 16.4823 -0.522492
-0.629 20.1577 -2.27507
-0.628 22.9355 -3.77184
-0.627 23.9188 -4.62631
-0.626 22.7905 -4.74703
-0.625 19.8953 -4.37703
-0.624 16.2004 -3.95616
-0.623 12.9084 -3.95663
-0.622 10.9836 -4.61764
-0.621 10.874 -5.80816
-0.62 12.368 -7.07658
-0.619 14.703 -7.80948
-0.618 16.8372 -7.52109
-0.617 17.8303 -6.08108
-0.616 17.1985 -3.79609
-0.615 15.1164 -1.33442
-0.614 12.301 0.518151
-0.613 9.73553 1.19089
-0.612 8.42101 0.557386
-0.611 8.92507 -0.997435
-0.61 11.2339 -2.72088
-0.609 14.8021 -3.78967
-0.608 18.7291 -3.66879
-0.607 22.0869 -2.32773
-0.606 24.1572 -0.263748
-0.605 24.7158 1.6509
-0.604 24.0541 2.56258
-0.603 22.7841 1.99381
-0.602 21.6419 0.0368312
-0.601 21.2155 -2.63781
-0.6 21.8204 -5.0418
-0.599 23.354 -6.2611
-0.598 25.3774 -5.82102
-0.597 27.2927 -3.9117
-0.596 28.4411 -1.30898
-0.595 28.3627 0.939067
-0.594 26.9081 1.92113
-0.593 24.3319 1.22703
-0.592 21.1277 -0.894602
-0.591 17.9289 -3.61688
-0.59 15.4121 -5.86244
-0.589 14.0534 -6.75554
-0.588 14.0662 -5.96275
-0.587 15.287 -3.8009
-0.586 17.228 -1.13773
-0.585 19.2388 0.983548
-0.584 20.6755 1.78544
-0.583 21.0918 1.04278
-0.582 20.4113 -0.804443
-0.581 19.0053 -2.88016
-0.58 17.5511 -4.2311
-0.579 16.8039 -4.23508
-0.578 17.403 -2.81413
-0.577 19.553 -0.483457
-0.576 22.856 1.82235
-0.575 26.4783 3.19557
-0.574 29.3032 3.10102
-0.573 30.369 1.57611
-0.572 29.1986 -0.821651
-0.571 25.9548 -3.25412
-0.57 21.5344 -4.96184
-0.569 17.1907 -5.57537
-0.568 14.1262 -5.23411
-0.567 13.1634 -4.50006
-0.566 14.4014 -4.05487
-0.565 17.1409 -4.41178
-0.564 20.1712 -5.67611
-0.563 22.1965 -7.48225
-0.562 22.3881 -9.14267
-0.561 20.6383 -9.994
-0.56 17.615 -9.66803
-0.559 14.6317 -8.2186
-0.558 13.0481 -6.14919
-0.557 13.7754 -4.14036
-0.556 16.9897 -2.76799
-0.555 21.9949 -2.21649
-0.554 27.4133 -2.2383
-0.553 31.7539 -2.28541
-0.552 33.8669 -1.78666
-0.551 33.3559 -0.443897
-0.55 30.8187 1.60301
-0.549 27.4768 3.77943
-0.548 24.7445 5.32165
-0.547 23.8041 5.62718
-0.546 25.094 4.54478
-0.545 28.2027 2.41844
-0.544 32.0691 0.00562155
-0.543 35.3434 -1.84019
-0.542 36.9363 -2.52831
-0.541 36.3917 -1.98698
-0.54 34.0664 -0.727441
-0.539 30.9394 0.374371
-0.538 28.1018 0.492228
-0.537 26.4674 -0.741555
-0.536 26.4619 -3.08779
-0.535 27.8516 -5.73682
-0.534 29.8868 -7.61663
-0.533 31.5907 -7.85188
-0.532 32.2401 -6.15911
-0.531 31.5087 -3.02293
-0.53 29.5724 0.462982
-0.529 27.0096 3.05636
-0.528 24.5464 3.82795
-0.527 22.7974 2.54743
-0.526 22.0148 -0.191339
-0.525 22.0805 -3.24924
-0.524 22.6818 -5.38041
-0.523 23.4839 -5.78343
-0.522 24.2374 -4.47132
-0.521 24.8604 -2.26277
-0.52 25.3137 -0.424293
-0.519 25.591 -0.138559
-0.518 25.6352 -2.00067
-0.517 25.3061 -5.68427
-0.516 24.4511 -10.0209
-0.515 23.0818 -13.4466
-0.514 21.4258 -14.6566
-0.513 19.9196 -13.1434
-0.512 19.0822 -9.37289
-0.511 19.3262 -4.67148
-0.51 20.8248 -0.637071
-0.509 23.1775 1.50407
-0.508 25.6608 1.34013
-0.507 27.521 -0.520422
-0.506 28.1176 -2.7404
-0.505 27.3835 -3.85876
-0.504 25.899 -2.93662
-0.503 24.6972 0.0122652
-0.502 24.9151 3.9293
-0.501 27.3384 7.17735
-0.5 31.9451 8.2116
-0.499 37.7212 6.2657
-0.498 43.113 1.72707
-0.497 46.3892 -4.05918
-0.496 46.3181 -9.21179
-0.495 42.751 -12.0811
-0.494 36.6633 -11.9222
-0.493 29.9188 -9.18828
-0.492 24.6341 -5.32708
-0.491 22.3716 -2.14824
-0.49 23.5296 -1.04969
-0.489 27.2471 -2.40012
-0.488 31.6564 -5.39035
-0.487 34.6188 -8.40012
-0.486 34.5927 -9.61666
-0.485 31.2833 -7.8917
-0.484 25.878 -3.3165
-0.483 20.6172 2.80493
-0.482 17.9522 8.39721
-0.481 19.6476 11.471
-0.48 26.0028 10.917
-0.479 35.5919 6.95549
-0.478 45.7349 1.12067
-0.477 53.4167 -4.39301
-0.476 56.4289 -7.60672
-0.475 54.0696 -7.52525
-0.474 47.49 -4.6025
-0.473 39.2557 -0.526613
-0.472 32.3249 2.50298
-0.471 29.0156 2.71
-0.47 30.0848 -0.456741
-0.469 34.4906 -6.1005
-0.468 39.7168 -12.2165
-0.467 42.8903 -16.473
-0.466 41.9019 -17.2406
-0.465 36.24 -14.2559
-0.464 27.3006 -8.73076
-0.463 17.8496 -2.92452
-0.462 11.0381 0.729684
-0.461 9.23137 0.671669
-0.46 13.0548 -3.11919
-0.459 21.1942 -9.12272
-0.458 30.9504 -14.9122
-0.457 39.2006 -18.1132
-0.456 43.4577 -17.3253
-0.455 42.8396 -12.7612
-0.454 38.3736 -6.13128
-0.453 32.4974 0.0946838
-0.452 28.091 3.69986
-0.451 27.359 3.63308
-0.45 30.9939 0.434822
-0.449 37.8986 -4.02482
-0.448 45.6581 -7.32369
-0.447 51.502 -7.5188
-0.446 53.3759 -3.98235
-0.445 50.725 2.23217
-0.444 44.6599 8.80184
-0.443 37.4751 13.089
-0.442 31.83 13.244
-0.441 29.6993 8.95824
-0.44 31.6219 1.50691
-0.439 36.563 -6.64954
-0.438 42.3711 -12.8721
-0.437 46.6529 -15.4203
-0.436 47.7339 -14.0324
-0.435 45.2703 -10.0767
-0.434 40.1732 -5.88644
-0.433 34.3718 -3.6842
-0.432 30.0223 -4.65808
-0.431 28.5892 -8.41264
-0.43 30.3993 -13.1129
-0.429 34.5243 -16.2992
-0.428 39.2954 -15.956
-0.427 42.9576 -11.3622
-0.426 44.2848 -3.49625
-0.425 43.0863 5.28516
-0.424 40.2556 12.1601
-0.423 37.3492 14.9353
-0.422 35.8388 12.882
-0.421 36.5773 7.03264
-0.42 39.4806 -0.296914
-0.419 43.5268 -6.47233
-0.418 47.3343 -9.54785
-0.417 49.6112 -9.11136
-0.416 49.6366 -6.39987
-0.415 47.7152 -3.64492
-0.414 44.8516 -3.09208
-0.413 42.3254 -6.00773
-0.412 41.1207 -12.0825
-0.411 41.5913 -19.3904
-0.41 43.3887 -25.2252
-0.409 45.5445 -27.1756
-0.408 47.0222 -24.0245
-0.407 47.1673 -16.3337
-0.406 45.991 -6.28081
-0.405 44.0809 3.13491
-0.404 42.485 9.30953
-0.403 42.218 10.9945
-0.402 43.5993 8.57811
-0.401 46.2534 3.93867
-0.4 49.262 -0.34535
-0.399 51.3697 -2.22715
-0.398 51.6219 -0.952615
-0.397 49.8314 2.63496
-0.396 46.5844 6.44602
-0.395 42.9911 8.10385
-0.394 40.3495 5.91196
-0.393 39.5278 -0.359519
-0.392 40.5933 -9.32554
-0.391 42.7834 -18.5364
-0.39 44.7667 -25.3489
-0.389 45.3218 -27.8731
-0.388 43.7599 -25.6795
-0.387 40.269 -19.8819
-0.386 36.0236 -12.6567
-0.385 32.6819 -6.35607
-0.384 31.7435 -2.59334
-0.383 33.9302 -1.70057
-0.382 38.812 -2.80153
-0.381 44.9456 -4.25683
-0.38 50.4095 -4.35915
-0.379 53.4253 -2.11863
-0.378 53.1203 2.29377
-0.377 49.931 7.67235
-0.376 45.3669 12.2545
-0.375 41.524 14.4642
-0.374 40.1379 13.5045
-0.373 42.0169 9.54812
-0.372 46.586 3.73406
-0.371 52.0456 -2.4134
-0.37 56.0856 -7.54683
-0.369 56.7112 -10.8751
-0.368 53.1548 -12.4047
-0.367 46.2216 -12.7523
-0.366 37.985 -12.7219
-0.365 31.0632 -12.9308
-0.364 27.7481 -13.6276
-0.363 29.0302 -14.5834
-0.362 34.2086 -15.3212
-0.361 41.1568 -15.4194
-0.36 47.0727 -14.6735
-0.359 49.6052 -13.1957
-0.358 47.7599 -11.3067
-0.357 42.3804 -9.33889
-0.356 35.8383 -7.38153
-0.355 31.0899 -5.30559
-0.354 30.6234 -2.91945
-0.353 35.4316 -0.103594
-0.352 44.5105 2.92634
-0.351 55.2167 5.55707
-0.35 64.1668 7.05069
-0.349 68.5197 6.86244
-0.348 67.0426 4.87282
-0.347 60.5598 1.58262
-0.346 51.6836 -1.96289
-0.345 43.7792 -4.60809
-0.344 39.8299 -5.50751
-0.343 41.0786 -4.58213
-0.342 46.542 -2.66522
-0.341 53.5393 -1.1372
-0.34 58.5975 -1.37418
-0.339 58.8247 -4.19278
-0.338 53.1182 -9.36017
-0.337 42.5981 -15.5332
-0.336 30.3472 -20.7596
-0.335 20.2801 -23.1545
-0.334 15.6778 -21.6495
-0.333 17.9396 -16.5468
-0.332 26.0554 -9.46216
-0.331 36.971 -2.7434
-0.33 46.7381 1.3831
-0.329 52.0346 1.74546
-0.328 51.4233 -1.2418
-0.327 45.7363 -5.80774
-0.326 37.81 -9.55366
-0.325 31.4166 -10.3694
-0.324 29.7007 -7.37375
-0.323 33.9485 -1.36246
-0.322 42.9948 5.44904
-0.321 53.7054 10.3311
-0.32 62.1154 11.108
-0.319 64.9817 7.05824
-0.318 61.017 -0.774981
-0.317 51.4077 -9.90583
-0.316 39.4051 -17.354
-0.315 29.1285 -20.8457
-0.314 23.9466 -19.6335
-0.313 25.2897 -14.8128
-0.312 32.199 -8.8193
-0.311 41.6969 -4.32745
-0.31 49.8957 -3.2456
-0.309 53.5575 -5.91135
-0.308 51.3707 -10.8752
-0.307 44.371 -15.5815
-0.306 35.5381 -17.4791
-0.305 28.5294 -15.1102
-0.304 26.2792 -8.70403
-0.303 29.8978 -0.18296
-0.302 38.1004 7.61151
-0.301 47.9059 12.092
-0.3 55.7106 11.9459
-0.299 58.5453 7.70973
-0.298 55.4651 1.44719
-0.297 47.6881 -4.22506
-0.296 38.1297 -7.1855
-0.295 30.2976 -6.72196
-0.294 26.856 -3.87336
-0.293 28.6858 -0.885077
-0.292 34.7153 -0.181866
-0.291 42.2746 -3.27385
-0.29 48.2518 -10.0199
-0.289 50.4056 -18.5072
-0.288 48.0706 -25.8959
-0.287 42.4003 -29.6043
-0.286 35.8224 -28.3004
-0.285 31.1981 -22.6508
-0.284 30.4727 -14.9947
-0.283 34.0079 -8.27629
-0.282 40.5697 -4.89936
-0.281 47.798 -5.6956
-0.28 53.1953 -9.40217
-0.279 55.0772 -13.2356
-0.278 53.4276 -14.1582
-0.277 49.5257 -10.2219
-0.276 45.3548 -1.56547
-0.275 43.0347 9.41006
-0.274 43.7728 18.9553
-0.273 47.3612 23.4354
-0.272 52.3882 20.887
-0.271 56.9098 11.8692
-0.27 59.2287 -0.704564
-0.269 58.4912 -12.5535
-0.268 55.1724 -19.8004
-0.267 50.8282 -20.5191
-0.266 47.1888 -15.5198
-0.265 45.4708 -8.13319
-0.264 46.0252 -2.75613
-0.263 48.1031 -2.99078
-0.262 50.1064 -10.0794
-0.261 50.5796 -22.179
-0.26 48.8007 -34.9823
-0.259 45.012 -43.3732
-0.258 40.4873 -43.4184
-0.257 37.0809 -34.0228
-0.256 36.3369 -17.6001
-0.255 38.7913 0.857708
-0.254 43.7037 15.6153
-0.253 49.3413 22.2985
-0.252 53.6592 19.708
-0.251 55.1951 10.1549
-0.25 53.5695 -1.48108
-0.249 49.6488 -9.65923
-0.248 45.4605 -10.5213
-0.247 43.0709 -3.44324
-0.246 43.7222 8.66181
-0.245 47.3964 20.4676
-0.244 52.6012 26.351
-0.243 57.0131 22.7747
-0.242 58.2351 9.68014
-0.241 54.8616 -9.36349
-0.24 47.1805 -28.4385
-0.239 37.1869 -41.5479
-0.238 27.9389 -44.775
-0.237 22.4129 -37.8443
-0.236 22.4078 -24.1795
-0.235 27.8021 -9.41776
-0.234 36.552 0.852188
-0.233 45.4213 3.13077
-0.232 51.1934 -2.64274
-0.231 51.9489 -13.1284
-0.23 47.8688 -23.0803
-0.229 41.0027 -27.4921
-0.228 34.6387 -23.6209
-0.227 32.1795 -12.1069
-0.226 35.6588 3.30391
-0.225 44.9872 17.2332
-0.224 57.8995 24.8119
-0.223 70.4663 23.5575
-0.222 78.6312 14.2173
-0.221 79.8978 0.365613
-0.22 73.9187 -13.0446
-0.219 62.9611 -21.4993
-0.218 51.2829 -22.7592
-0.217 43.2628 -17.5949
-0.216 42.1075 -9.19813
-0.215 48.5893 -1.82693
-0.214 60.564 1.03959
-0.213 73.7413 -1.965
-0.212 83.3567 -9.66423
-0.211 85.7332 -18.9104
-0.21 79.5962 -25.9218
-0.209 66.76 -27.8439
-0.208 51.4871 -23.8673
-0.207 39.0959 -15.4511
-0.206 33.8981 -5.62616
-0.205 37.6064 2.30484
-0.204 48.7417 6.0739
-0.203 62.8364 5.3296
-0.202 74.2559 1.50773
-0.201 78.2318 -2.96872
-0.2 72.5406 -5.66411
-0.199 58.4248 -5.25105
-0.198 40.3198 -2.03544
-0.197 24.3551 2.23882
-0.196 16.0616 5.23842
-0.195 18.3897 5.19959
-0.194 30.5409 1.64648
-0.193 48.2011 -4.46671
-0.192 64.9509 -11.2432
-0.191 74.6319 -16.5912
-0.19 73.4676 -19.1326
-0.189 61.5773 -18.8105
-0.188 43.1375 -16.8188
-0.187 24.7664 -14.9736
-0.186 13.1253 -14.7538
-0.185 12.4634 -16.5558
-0.184 23.1499 -19.5602
-0.183 41.3386 -22.0339
-0.182 60.2545 -22.0534
-0.181 72.972 -18.4795
-0.18 74.657 -11.5266
-0.179 64.5595 -2.67105
-0.178 46.4834 5.74422
-0.177 27.3771 11.5051
-0.176 14.8076 13.4189
-0.175 14.0083 11.7382
-0.174 26.0636 8.0137
-0.173 47.2533 4.31206
-0.172 70.4806 2.44071
-0.171 87.8023 3.02835
-0.17 93.3814 5.2681
-0.169 85.6393 7.32761
-0.168 67.8913 7.06435
-0.167 46.9888 3.03561
-0.166 30.8253 -4.74873
-0.165 25.5132 -14.8334
-0.164 32.8269 -24.7703
-0.163 49.6253 -31.9026
-0.162 69.2049 -34.5089
-0.161 83.6988 -32.3513
-0.16 87.1731 -26.597
-0.159 78.107 -19.4692
-0.158 59.7147 -13.2807
-0.157 38.9 -9.48708
-0.156 23.5977 -8.27578
-0.155 19.6079 -8.61407
-0.154 28.5671 -8.86437
-0.153 47.1784 -7.55488
-0.152 68.5924 -3.99144
-0.151 85.077 1.40316
-0.15 90.7135 7.19124
-0.149 83.9683 11.5689
-0.148 68.0382 13.101
-0.147 49.3712 11.2487
-0.146 35.219 6.51523
-0.145 30.6067 0.198784
-0.144 36.5518 -6.13083
-0.143 49.6831 -11.2671
-0.142 63.6871 -14.7098
-0.141 71.9793 -16.6552
-0.14 70.2807 -17.6241
-0.139 58.4987 -18.2394
-0.138 40.6799 -18.7528
-0.137 23.3218 -18.9831
-0.136 12.9158 -18.5791
-0.135 13.1132 -17.1426
-0.134 23.4418 -14.6782
-0.133 39.4527 -11.6602
-0.132 54.594 -8.85498
-0.131 63.0999 -6.96483
-0.13 62.3741 -6.24251
-0.129 53.9015 -6.33025
-0.128 42.4221 -6.24143
-0.127 34.1352 -4.99907
-0.126 33.9806 -2.23213
-0.125 43.4045 1.69327
-0.124 59.6205 5.67401
-0.123 76.773 8.13845
-0.122 88.2685 7.69367
-0.121 89.6432 4.06478
-0.12 80.6958 -1.76692
-0.119 65.4084 -7.84439
-0.118 50.4452 -11.8313
-0.117 42.4699 -12.0027
-0.116 45.2492 -8.03432
-0.115 58.0917 -1.36885
-0.114 75.8316 5.28933
-0.113 90.8007 9.00627
-0.112 96.0917 7.74732
-0.111 88.549 1.30647
-0.11 70.1495 -8.45224
-0.109 47.5819 -18.2044
-0.108 29.4787 -24.4006
-0.107 23.0248 -24.7715
-0.106 31.0229 -19.2718
-0.105 50.3982 -10.095
-0.104 73.2618 -0.935581
-0.103 89.9825 4.42511
-0.102 93.1338 3.69301
-0.101 80.3774 -2.96285
-0.1 55.8272 -12.8869
-0.099 28.4934 -21.9061
-0.098 8.93942 -26.0096
-0.097 5.24566 -22.9827
-0.096 19.4435 -13.4022
-0.095 46.5486 -0.608419
-0.094 76.3291 10.6918
-0.093 97.1537 16.0878
-0.092 100.658 13.1707
-0.091 85.1669 2.68844
-0.09 56.2308 -11.8778
-0.089 24.8865 -25.5796
-0.088 3.59081 -33.7971
-0.087 1.17117 -34.2007
-0.086 19.3522 -27.5188
-0.085 51.9208 -17.1533
-0.084 86.97 -7.8405
-0.083 111.477 -3.62814
-0.082 116.341 -6.21535
-0.081 99.815 -14.2872
-0.08 68.2928 -24.0869
-0.079 34.1616 -30.8535
-0.078 11.023 -30.7994
-0.077 8.36453 -22.6026
-0.076 27.9496 -8.03902
-0.075 63.0691 8.60694
-0.074 101 22.3034
-0.073 127.97 29.093
-0.072 134.244 27.5518
-0.071 117.809 19.312
-0.07 85.1553 8.1458
-0.069 48.997 -1.51153
-0.068 23.382 -6.27784
-0.067 18.3464 -5.26215
-0.066 36.0821 -0.242951
-0.065 70.0647 5.27377
-0.064 107.797 7.56812
-0.063 135.373 4.31613
-0.062 142.745 -4.3729
-0.061 127.438 -16.0579
-0.06 95.4277 -26.8715
-0.059 58.806 -33.0698
-0.058 31.0786 -32.5832
-0.057 22.1062 -25.8013
-0.056 34.4445 -15.3287
-0.055 62.556 -4.82055
-0.054 95.0901 2.4623
-0.053 119.156 4.89327
-0.052 125.137 2.91409
-0.051 110.193 -1.25627
-0.05 79.2954 -4.73804
-0.049 43.2808 -5.30343
-0.048 14.6156 -2.32549
-0.047 2.64291 2.87307
-0.046 10.2473 7.64778
-0.045 33.2595 9.35162
-0.044 62.1134 6.54147
-0.043 85.4014 -0.49731
-0.042 94.3509 -9.85987
-0.041 85.8432 -18.7271
-0.04 63.3495 -24.5058
-0.039 35.5996 -25.9307
-0.038 13.0364 -23.5162
-0.037 3.73713 -19.2467
-0.036 10.6026 -15.6444
-0.035 30.5975 -14.5534
-0.034 56.0847 -16.3155
-0.033 77.8624 -19.7184
-0.032 88.5414 -22.5421
-0.031 85.2972 -22.6279
-0.03 70.6395 -18.8935
-0.029 51.3192 -11.8165
-0.028 35.7591 -3.40508
-0.027 30.4411 3.63412
-0.026 37.8137 7.07418
-0.025 55.825 6.08229
-0.024 78.705 1.65307
-0.023 99.1245 -3.90279
-0.022 111.047 -7.90114
-0.021 111.902 -8.39572
-0.02 103.313 -5.05963
-0.019 90.1916 0.707339
-0.018 78.576 6.31098
-0.017 73.2573 9.07188
-0.016 75.9449 7.5496
-0.015 85.019 2.14043
-0.014 96.2379 -5.06249
-0.013 104.362 -11.1359
-0.012 105.413 -13.5821
-0.011 98.328 -11.2806
-0.01 85.1136 -5.10173
-0.009 69.8996 2.42201
-0.008 57.4825 8.1413
-0.007 51.3938 9.59749
-0.006 52.6433 6.13756
-0.005 59.416 -0.970823
-0.004 67.9582 -8.96704
-0.003 74.1627 -14.6881
-0.002 75.1607 -16.1062
-0.001 70.5681 -12.8795
0 62.5035 -6.67006
0.001 54.3668 -0.528797
0.002 49.7037 2.66638
0.003 50.6727 1.22453
0.004 56.7904 -4.54364
0.005 65.2712 -12.5034
0.006 72.069 -19.6278
0.007 73.3032 -23.1144
0.008 67.1268 -21.628
0.009 54.6248 -15.8821
0.01 39.3651 -8.3934
0.011 26.0619 -2.23231
0.012 19.0443 0.0801396
0.013 20.1623 -2.40092
0.014 28.2523 -8.52649
0.015 39.4874 -15.7403
0.016 48.648 -21.1327
0.017 51.352 -22.6355
0.018 45.9759 -19.8961
0.019 34.3479 -14.3552
0.02 21.1748 -8.61437
0.021 12.5183 -5.28001
0.022 13.3368 -5.75218
0.023 25.1617 -9.71964
0.024 45.4234 -15.2773
0.025 68.2158 -19.73
0.026 86.259 -20.7177
0.027 93.6558 -17.254
0.028 88.2392 -10.1875
0.029 72.5383 -1.73437
0.03 53.1701 5.33137
0.031 38.3523 9.01952
0.032 34.9643 8.90212
0.033 45.6266 6.05946
0.034 67.3722 2.65054
0.035 92.8449 0.873194
0.036 112.771 1.99142
0.037 119.588 5.61062
0.038 110.23 9.86663
0.039 87.625 12.2227
0.04 59.8969 10.7109
0.041 37.3291 4.90522
0.042 28.5898 -3.94124
0.043 37.4673 -13.2802
0.044 60.7816 -20.3222
0.045 89.6272 -23.1115
0.046 112.688 -21.3829
0.047 120.301 -16.643
0.048 108.223 -11.4683
0.049 79.3937 -8.47843
0.05 43.2091 -9.05635
0.051 12.2412 -12.5979
0.052 -2.77844 -16.7758
0.053 3.12783 -18.6958
0.054 27.1971 -16.2317
0.055 59.6748 -8.92641
0.056 87.6953 1.62254
0.057 99.9694 12.1473
0.058 90.9109 18.9559
0.059 63.068 19.4556
0.06 26.2584 13.2503
0.061 -5.8178 2.42815
0.062 -21.0508 -9.25453
0.063 -13.6159 -17.9384
0.064 13.9362 -21.1789
0.065 51.521 -18.8738
0.066 85.2943 -13.3724
0.067 102.855 -8.37198
0.068 97.7527 -7.36983
0.069 72.0153 -12.1736
0.07 35.7312 -21.8593
0.071 2.97943 -33.0614
0.072 -13.6017 -41.3369
0.073 -7.35384 -42.859
0.074 19.6453 -36.0489
0.075 57.4962 -22.3203
0.076 92.497 -5.63958
0.077 111.998 8.93052
0.078 109.172 17.1499
0.079 85.8304 17.1922
0.08 51.6155 10.3726
0.081 20.0465 0.561214
0.082 3.42493 -7.46491
0.083 8.30128 -9.96425
0.084 32.7803 -5.65165
0.085 67.7058 3.74669
0.086 100.116 14.136
0.087 118.116 20.7848
0.088 115.544 20.3026
0.089 94.1561 12.0371
0.09 62.821 -1.66958
0.091 33.8028 -16.3037
0.092 18.1834 -26.8045
0.093 21.6794 -29.6936
0.094 42.4887 -24.2992
0.095 72.1354 -12.9475
0.096 99.0986 -0.123533
0.097 113.198 9.42065
0.098 109.455 12.4146
0.099 89.8469 8.26644
0.1 62.3705 -0.77937
0.101 37.6489 -10.7129
0.102 24.736 -17.3707
0.103 27.7996 -18.0706
0.104 44.5184 -12.6611
0.105 67.3165 -3.46689
0.106 86.6178 5.73584
0.107 94.5131 11.194
0.108 87.8934 10.76
0.109 69.6005 4.55038
0.11 46.9191 -5.18544
0.111 28.4789 -14.9188
0.112 20.8586 -21.3409
0.113 26.0535 -22.6035
0.114 40.9084 -18.8923
0.115 58.4731 -12.2722
0.116 71.1552 -5.70699
0.117 73.731 -1.84186
0.118 65.4993 -2.04399
0.119 50.3401 -6.02789
0.12 34.8908 -12.09
0.121 25.8374 -17.8764
0.122 27.148 -21.3858
0.123 38.4762 -21.6897
0.124 55.4747 -19.1889
0.125 71.5286 -15.2265
0.126 80.7794 -11.3199
0.127 80.5552 -8.6047
0.128 72.2252 -7.45419
0.129 60.6424 -7.37751
0.13 52.0388 -7.42951
0.131 51.2668 -6.69409
0.132 59.7769 -4.7601
0.133 74.8824 -1.88643
0.134 90.7418 1.1895
0.135 100.868 3.67859
0.136 100.928 5.1206
0.137 90.4007 5.47466
0.138 73.0267 5.15313
0.139 55.1492 4.61276
0.14 43.2433 3.98213
0.141 41.4134 3.04599
0.142 49.5763 1.22531
0.143 63.5187 -2.14267
0.144 76.5415 -7.26798
0.145 82.3807 -13.5975
0.146 77.6436 -19.9048
0.147 63.2692 -24.6598
0.148 44.3983 -26.5355
0.149 28.2399 -25.0252
0.15 21.3005 -20.6518
0.151 26.7278 -14.817
0.152 42.981 -9.34093
0.153 64.3013 -5.67665
0.154 82.8144 -4.30616
0.155 91.555 -4.58086
0.156 87.3261 -4.95754
0.157 71.8361 -3.70791
0.158 50.9028 0.118348
0.159 32.349 6.28129
0.16 23.1364 13.3632
0.161 26.5115 19.1397
0.162 40.8927 21.3913
0.163 60.4247 18.8383
0.164 77.0919 11.7291
0.165 84.1752 1.81624
0.166 78.6894 -8.29811
0.167 62.4205 -16.0999
0.168 41.307 -20.1163
0.169 23.2793 -20.3891
0.17 15.308 -18.3022
0.171 20.7625 -15.9682
0.172 38.0365 -15.3414
0.173 61.1937 -17.2036
0.174 82.1969 -20.907
0.175 94.0713 -24.71
0.176 93.1792 -26.4203
0.177 80.5197 -24.5248
0.178 61.3752 -18.7812
0.179 43.1854 -10.3532
0.18 32.8945 -1.41841
0.181 34.4173 5.64668
0.182 47.0155 9.29649
0.183 65.8539 9.35708
0.184 83.908 6.93453
0.185 94.4944 3.92498
0.186 93.8257 2.07541
0.187 82.1425 2.25778
0.188 63.6938 4.08774
0.189 45.1868 6.06713
0.19 33.2099 6.38887
0.191 31.8713 3.86118
0.192 41.3255 -1.47461
0.193 57.9003 -8.2575
0.194 75.4473 -14.3718
0.195 87.4588 -17.9313
0.196 89.6364 -17.9695
0.197 81.2057 -14.9602
0.198 65.0834 -10.7179
0.199 46.8235 -7.50763
0.2 32.5481 -7.06656
0.201 26.7546 -9.72303
0.202 30.6471 -14.1727
0.203 41.9185 -18.0001
0.204 55.8083 -18.7172
0.205 66.6936 -14.9164
0.206 70.1691 -7.0033
0.207 64.8092 2.82188
0.208 52.3899 11.2641
0.209 37.0811 15.2847
0.21 24.1531 13.4167
0.211 17.9785 6.46899
0.212 20.2688 -2.72513
0.213 29.7523 -10.3993
0.214 42.822 -13.409
0.215 54.6758 -10.5732
0.216 60.999 -3.22818
0.217 59.7081 5.10641
0.218 51.5847 10.2328
0.219 39.7595 8.96422
0.22 28.7236 0.522404
0.221 22.6101 -12.8582
0.222 23.6452 -26.741
0.223 31.5282 -36.1232
0.224 43.8091 -37.388
0.225 56.5287 -29.8506
0.226 65.7488 -15.9647
0.227 69.0817 -0.520203
0.228 66.4307 11.051
0.229 59.9439 14.9601
0.23 52.9375 10.5694
0.231 48.7079 0.660038
0.232 49.4478 -9.78045
0.233 55.168 -15.5311
0.234 63.9235 -13.2899
0.235 72.5885 -3.06793
0.236 77.8507 11.7071
0.237 77.65 25.3682
0.238 71.9948 32.2841
0.239 62.7357 29.0688
0.24 52.7211 15.9738
0.241 44.9241 -3.09914
0.242 41.4114 -22.1253
0.243 42.4692 -35.2171
0.244 46.7478 -38.8051
0.245 51.8684 -32.9369
0.246 55.4065 -21.1357
0.247 55.8369 -9.01909
0.248 53.1637 -1.95164
0.249 48.7834 -2.84784
0.25 44.7041 -11.0475
0.251 42.8796 -22.6116
0.252 44.3095 -32.0674
0.253 48.5655 -34.5929
0.254 54.0895 -27.8816
0.255 58.9155 -13.1342
0.256 61.3039 5.32721
0.257 60.4525 21.7531
0.258 56.9355 31.146
0.259 52.3129 31.1316
0.26 48.3994 22.7751
0.261 46.4282 9.97488
0.262 46.7455 -2.12005
0.263 48.5899 -9.19064
0.264 50.4483 -9.44453
0.265 50.8405 -4.10133
0.266 48.9321 3.25712
0.267 45.0666 8.23704
0.268 40.5749 7.52664
0.269 37.1577 0.286318
0.27 36.245 -11.5617
0.271 38.3323 -24.1059
0.272 42.7005 -33.1167
0.273 47.573 -35.6294
0.274 51.0651 -31.0718
0.275 51.7608 -21.4579
0.276 49.3771 -10.4192
0.277 45.1139 -1.72133
0.278 41.0145 2.22831
0.279 39.2296 1.30778
0.28 41.0301 -2.49262
0.281 46.3051 -6.12697
0.282 53.3844 -6.88152
0.283 59.7868 -3.50393
0.284 63.2348 3.25348
0.285 62.3614 10.9624
0.286 57.5201 16.6432
0.287 50.7449 17.9678
0.288 44.8336 14.2567
0.289 42.2672 6.82357
0.29 44.2783 -1.68933
0.291 50.1437 -8.43406
0.292 57.5472 -11.5352
0.293 63.4908 -10.7866
0.294 65.251 -7.71873
0.295 61.7041 -4.82592
0.296 53.7726 -4.35841
0.297 44.0584 -7.32067
0.298 36.104 -12.9901
0.299 32.8825 -19.2452
0.3 35.5831 -23.4395
0.301 43.2225 -23.5336
0.302 52.8774 -19.0756
0.303 60.9495 -11.3414
0.304 64.4159 -2.84818
0.305 62.0406 3.57193
0.306 54.8966 5.96471
0.307 45.9298 4.05651
0.308 38.8183 -0.67662
0.309 36.5023 -5.64681
0.31 40.0171 -8.30844
0.311 48.0297 -7.21963
0.312 57.3501 -2.67281
0.313 64.1434 3.39549
0.314 65.3989 8.25953
0.315 60.1171 9.52434
0.316 49.7186 6.01901
0.317 37.5818 -1.4938
0.318 27.8534 -10.6423
0.319 23.7909 -18.5128
0.32 26.5773 -22.5736
0.321 34.8776 -21.7362
0.322 45.443 -16.8046
0.323 54.3373 -9.95185
0.324 58.4383 -3.92438
0.325 56.5895 -0.930849
0.326 50.0036 -1.72534
0.327 41.8392 -5.4485
0.328 35.9356 -10.035
0.329 35.1656 -13.0096
0.33 40.3201 -12.5793
0.331 49.9718 -8.4143
0.332 60.7568 -1.67334
0.333 68.6966 5.45548
0.334 70.7555 10.6112
0.335 65.945 12.1649
0.336 55.7052 9.81261
0.337 43.305 4.58055
0.338 32.6081 -1.62519
0.339 26.6556 -6.78578
0.34 26.6922 -9.57559
0.341 31.5851 -9.75369
0.342 38.4047 -8.09986
0.343 43.729 -6.08543
0.344 44.769 -5.14606
0.345 40.6254 -6.02883
0.346 32.558 -8.68593
0.347 23.3807 -12.2745
0.348 16.6549 -15.611
0.349 14.9571 -17.634
0.35 19.0565 -17.8038
0.351 27.8036 -16.2519
0.352 38.3588 -13.5517
0.353 47.309 -10.4439
0.354 51.9453 -7.55042
0.355 51.2569 -5.1002
0.356 46.2727 -3.01306
0.357 39.5239 -1.08795
0.358 33.9357 0.85926
0.359 31.8431 2.71635
0.36 34.1848 4.19999
0.361 39.9736 4.99194
0.362 46.7765 4.96325
0.363 51.7666 4.3066
0.364 52.8459 3.42018
0.365 49.3823 2.73792
0.366 42.3068 2.51454
0.367 33.8667 2.52028
0.368 26.7162 2.14992
0.369 22.9991 0.617848
0.37 23.4838 -2.6775
0.371 27.3758 -7.75468
0.372 32.7182 -13.8693
0.373 37.1369 -19.6374
0.374 38.9352 -23.5649
0.375 37.4664 -24.564
0.376 33.4414 -22.3989
0.377 28.6895 -17.834
0.378 25.3164 -12.4467
0.379 24.8411 -8.00863
0.38 27.6459 -5.71589
0.381 32.9337 -5.74032
0.382 38.9117 -7.14611
0.383 43.6263 -8.2508
0.384 45.6506 -7.38982
0.385 44.5541 -3.62424
0.386 41.0729 2.70389
0.387 36.6749 9.93967
0.388 32.9842 15.7772
0.389 31.2327 18.0488
0.39 31.6648 15.6005
0.391 33.5552 8.86474
0.392 35.624 -0.302817
0.393 36.5568 -9.27161
0.394 35.5481 -15.5442
0.395 32.6765 -17.7526
0.396 28.8775 -16.12
0.397 25.3979 -12.3394
0.398 23.4041 -8.75823
0.399 23.4875 -7.43037
0.4 25.3908 -9.25552
0.401 28.2117 -13.5007
0.402 30.6969 -18.0893
0.403 31.8759 -20.514
0.404 31.4033 -18.8851
0.405 29.6764 -12.7083
0.406 27.6255 -3.28914
0.407 26.2405 6.76922
0.408 26.1861 14.5357
0.409 27.4565 17.81
0.41 29.4234 15.9819
0.411 30.996 10.1972
0.412 31.2726 2.91428
0.413 29.849 -3.17644
0.414 27.0855 -6.17936
0.415 24.0556 -5.68017
0.416 22.0361 -2.92765
0.417 21.9575 -0.18211
0.418 24.0796 0.299853
0.419 27.7415 -2.68992
0.42 31.6384 -8.77741
0.421 34.3163 -16.0577
0.422 34.8746 -21.9134
0.423 33.2164 -24.0163
0.424 30.1463 -21.2964
0.425 27.167 -14.4264
0.426 25.7946 -5.60229
0.427 26.8842 2.31812
0.428 30.3423 6.97598
0.429 34.9948 7.39053
0.43 38.9771 4.26163
0.431 40.6193 -0.407908
0.432 39.0427 -4.1503
0.433 34.5461 -5.12941
0.434 28.6143 -2.94102
0.435 23.4018 1.25308
0.436 20.8276 5.21634
0.437 21.8341 6.65311
0.438 26.0497 4.19476
0.439 31.7545 -1.97927
0.44 36.5084 -10.11
0.441 38.2289 -17.5743
0.442 35.9131 -21.907
0.443 30.1156 -21.7605
0.444 22.8266 -17.4694
0.445 16.631 -10.896
0.446 13.8008 -4.63722
0.447 15.4871 -1.01474
0.448 21.1824 -1.12402
0.449 28.7758 -4.35767
0.45 35.4893 -8.7864
0.451 38.9584 -11.9954
0.452 38.0988 -12.0792
0.453 33.5679 -8.47277
0.454 27.5404 -2.22237
0.455 22.8725 4.46372
0.456 22.0365 9.09985
0.457 26.0808 9.92895
0.458 34.137 6.75084
0.459 43.7285 0.978384
0.46 51.6708 -5.02708
0.461 55.2785 -8.83344
0.462 53.2622 -8.90657
0.463 46.2799 -5.24837
0.464 36.697 0.606012
0.465 27.6306 6.22713
0.466 21.8311 9.32148
0.467 20.6942 8.61613
0.468 23.6866 4.38862
0.469 28.6809 -1.71448
0.47 32.8177 -7.36647
0.471 33.684 -10.5313
0.472 30.2112 -10.3009
0.473 23.1283 -7.2334
0.474 14.7176 -3.0946
0.475 7.93985 -0.0968982
0.476 5.38804 0.0656416
0.477 8.19569 -3.07295
0.478 15.6678 -8.57006
0.479 25.5773 -14.4361
0.48 34.9551 -18.4594
0.481 41.133 -19.0576
0.482 42.6673 -15.9658
0.483 39.8084 -10.3075
0.484 34.3421 -4.0785
0.485 28.7702 0.615156
0.486 25.2876 2.41312
0.487 25.093 1.23968
0.488 27.8827 -1.7576
0.489 32.0625 -4.77688
0.49 35.5739 -6.15948
0.491 36.569 -5.07599
0.492 34.0964 -1.885
0.493 28.5897 2.02231
0.494 21.6412 4.83201
0.495 15.344 5.08981
0.496 11.5907 2.33012
0.497 11.3323 -2.74357
0.498 14.3572 -8.51565
0.499 19.5229 -13.0895
0.5 25.1167 -15.0834
0.501 29.5056 -14.0852
0.502 31.7688 -10.8434
0.503 31.8742 -6.93052
0.504 30.5506 -3.95188
0.505 28.9275 -2.95629
0.506 28.0185 -4.01467
0.507 28.4245 -6.2004
0.508 30.0914 -8.08648
0.509 32.428 -8.31118
0.51 34.5991 -6.22848
0.511 35.9217 -2.21402
0.512 36.0769 2.51574
0.513 35.1044 6.33162
0.514 33.449 7.91731
0.515 31.6472 6.78388
0.516 30.1508 3.41407
0.517 29.1403 -0.88657
0.518 28.5841 -4.56557
0.519 28.4121 -6.47042
0.52 28.4969 -6.21283
0.521 28.7601 -4.36428
0.522 29.192 -2.13713
0.523 29.7541 -0.799491
0.524 30.3713 -1.15983
0.525 30.821 -3.25402
0.526 30.6726 -6.29836
0.527 29.6498 -9.04418
0.528 27.7251 -10.3361
0.529 25.1147 -9.5835
0.53 22.3977 -6.99472
0.531 20.2922 -3.49925
0.532 19.3749 -0.34568
0.533 19.8569 1.40821
0.534 21.3922 1.24776
0.535 23.2126 -0.576332
0.536 24.4221 -3.17954
0.537 24.25 -5.50659
0.538 22.4365 -6.74941
0.539 19.3689 -6.62275
0.54 16.0393 -5.50392
0.541 13.5697 -4.21672
0.542 12.8526 -3.63018
0.543 14.2751 -4.26801
0.544 17.3506 -6.05229
0.545 21.0013 -8.41581
0.546 23.9437 -10.5332
0.547 25.0441 -11.6221
0.548 23.9015 -11.3004
0.549 20.9704 -9.75476
0.55 17.4025 -7.57181
0.551 14.6298 -5.50345
0.552 13.9198 -4.11405
0.553 15.8376 -3.552
0.554 19.9807 -3.5529
0.555 25.2097 -3.56116
0.556 29.9962 -3.00242
0.557 32.9955 -1.61743
0.558 33.5266 0.381605
0.559 31.7436 2.44369
0.56 28.5867 3.91656
0.561 25.4219 4.30422
0.562 23.5233 3.50487
0.563 23.5847 1.88777
0.564 25.491 0.118033
0.565 28.3612 -1.14117
0.566 30.9228 -1.49934
0.567 31.9772 -1.04856
0.568 30.8632 -0.319497
0.569 27.6337 0.0219992
0.57 23.0694 -0.563557
0.571 18.4628 -2.23834
0.572 15.0552 -4.62749
0.573 13.6903 -6.97922
0.574 14.5792 -8.48221
0.575 17.2128 -8.56267
0.576 20.6392 -7.17435
0.577 23.7968 -4.86905
0.578 25.7685 -2.54503
0.579 26.205 -1.11261
0.58 25.3045 -1.09083
0.581 23.6761 -2.40937
0.582 22.094 -4.43498
0.583 21.1946 -6.2283
0.584 21.3746 -6.91469
0.585 22.6002 -6.07739
0.586 24.4227 -3.94323
0.587 26.1898 -1.30205
0.588 27.2585 0.832945
0.589 27.149 1.62363
0.59 25.6574 0.741311
0.591 22.9717 -1.47449
0.592 19.5906 -4.16211
0.593 16.1879 -6.24799
0.594 13.4459 -6.91909
0.595 11.839 -5.9248
0.596 11.5953 -3.67272
0.597 12.5764 -1.08453
0.598 14.3251 0.824625
0.599 16.2187 1.28142
0.6 17.6115 0.0877883
0.601 18.048 -2.27791
0.602 17.4396 -4.91467
0.603 16.0977 -6.84435
0.604 14.6245 -7.38492
0.605 13.7739 -6.45504
0.606 14.1741 -4.54698
0.607 16.0718 -2.48218
0.608 19.209 -1.12973
0.609 22.9233 -1.00627
0.61 26.2822 -2.05811
0.611 28.411 -3.74948
0.612 28.7395 -5.27075
0.613 27.2682 -5.8678
0.614 24.5747 -5.16621
0.615 21.5917 -3.29959
0.616 19.3329 -0.831404
0.617 18.5312 1.46561
0.618 19.3554 2.91965
0.619 21.33 3.22325
0.62 23.5232 2.5191
0.621 24.8747 1.29842
0.622 24.6228 0.147892
0.623 22.5506 -0.483438
0.624 19.0838 -0.467658
0.625 15.2236 -0.0284994
0.626 12.1734 0.37077
0.627 10.8765 0.268285
0.628 11.6838 -0.565803
0.629 14.2834 -2.03116
0.63 17.7612 -3.75366
0.631 20.9466 -5.22234
0.632 22.8404 -6.00169
0.633 22.9274 -5.95185
0.634 21.3449 -5.24267
0.635 18.8357 -4.26955
0.636 16.4113 -3.46889
0.637 15.0112 -3.11074
0.638 15.1634 -3.21386
0.639 16.7322 -3.53694
0.64 19.061 -3.69392
0.641 21.2274 -3.37749
0.642 22.3474 -2.49451
0.643 21.8962 -1.23618
0.644 19.9867 -0.0469269
0.645 17.1612 0.586999
0.646 14.2446 0.356682
0.647 12.1085 -0.724047
0.648 11.3147 -2.329
0.649 11.959 -3.92265
0.65 13.6801 -4.9492
0.651 15.8634 -5.09858
0.652 17.8193 -4.42034
0.653 19.0242 -3.27091
0.654 19.2785 -2.19101
0.655 18.7303 -1.66418
0.656 17.7804 -1.9142
0.657 16.8696 -2.78856
0.658 16.3831 -3.82107
0.659 16.4903 -4.45652
0.66 17.1224 -4.26992
0.661 18.0644 -3.11637
0.662 18.9993 -1.24974
0.663 19.637 0.752063
0.664 19.7468 2.24906
0.665 19.2504 2.77153
0.666 18.2102 2.17749
0.667 16.7694 0.723923
0.668 15.1621 -1.03434
0.669 13.6385 -2.48936
0.67 12.4638 -3.19239
0.671 11.8431 -3.01521
0.672 11.8585 -2.21834
0.673 12.4355 -1.29265
0.674 13.3431 -0.749633
0.675 14.2122 -0.944884
0.676 14.6957 -1.91653
0.677 14.54 -3.37338
0.678 13.6766 -4.80849
0.679 12.287 -5.72108
0.68 10.7914 -5.82025
0.681 9.72394 -5.10312
0.682 9.48707 -3.8511
0.683 10.248 -2.51324
0.684 11.841 -1.51719
0.685 13.77 -1.1093
0.686 15.3934 -1.27933
0.687 16.1536 -1.80485
0.688 15.7696 -2.34218
0.689 14.3265 -2.57815
0.69 12.3251 -2.35484
0.691 10.4643 -1.72305
0.692 9.40672 -0.900443
0.693 9.55752 -0.156976
0.694 10.8271 0.284135
0.695 12.7018 0.318824
0.696 14.4333 0.0142563
0.697 15.2921 -0.469069
0.698 14.8689 -0.95583
0.699 13.2132 -1.32593
0.7 10.8507 -1.57274
0.701 8.58373 -1.7668
0.702 7.21495 -2.00456
0.703 7.25087 -2.34614
0.704 8.7018 -2.77713
0.705 11.0895 -3.20745
0.706 13.6175 -3.49932
0.707 15.4635 -3.56186
0.708 16.0909 -3.40167
0.709 15.4334 -3.10521
0.71 13.8867 -2.81378
0.711 12.1536 -2.63779
0.712 10.9835 -2.6042
0.713 10.8379 -2.63409
0.714 11.7605 -2.56035
0.715 13.358 -2.22093
0.716 14.9395 -1.53255
0.717 15.8204 -0.555177
0.718 15.5605 0.493519
0.719 14.1415 1.31523
0.72 11.9549 1.63788
0.721 9.63487 1.33421
0.722 7.82365 0.477154
0.723 6.94313 -0.664125
0.724 7.07552 -1.7257
0.725 7.94784 -2.40047
0.726 9.04203 -2.52997
0.727 9.83468 -2.18242
0.728 10.0174 -1.63958
0.729 9.54958 -1.25221
0.73 8.65413 -1.30933
0.731 7.72346 -1.90035
0.732 7.11476 -2.85949
0.733 7.01949 -3.84619
0.734 7.41567 -4.45721
0.735 8.06306 -4.38597
0.736 8.62952 -3.56156
0.737 8.87287 -2.18758
0.738 8.70201 -0.671712
0.739 8.20096 0.52623
0.74 7.58237 1.06003
0.741 7.0681 0.831542
0.742 6.81202 0.0202397
0.743 6.83007 -1.01365
0.744 7.00046 -1.84376
0.745 7.16165 -2.15333
0.746 7.19485 -1.86402
0.747 7.09293 -1.16135
0.748 6.97285 -0.397409
0.749 6.98302 0.0549491
0.75 7.26298 -0.0507697
0.751 7.82918 -0.727328
0.752 8.54234 -1.7556
0.753 9.18864 -2.75877
0.754 9.51896 -3.36226
0.755 9.37453 -3.33654
0.756 8.80384 -2.68285
0.757 8.01539 -1.62614
0.758 7.33829 -0.51947
0.759 7.06891 0.284673
0.76 7.36679 0.573951
0.761 8.15944 0.353234
0.762 9.16204 -0.184349
0.763 9.98458 -0.746719
0.764 10.2706 -1.06217
0.765 9.87715 -0.992967
0.766 8.9204 -0.582552
0.767 7.73885 -0.033117
0.768 6.77658 0.394876
0.769 6.40958 0.497945
0.77 6.7681 0.20272
0.771 7.67803 -0.404678
0.772 8.7285 -1.11956
0.773 9.43171 -1.70138
0.774 9.38256 -1.98664
0.775 8.44482 -1.93346
0.776 6.82163 -1.63753
0.777 4.98402 -1.29296
0.778 3.49353 -1.09547
0.779 2.80639 -1.14605
0.78 3.08412 -1.423
0.781 4.15444 -1.8073
0.782 5.5854 -2.1216
0.783 6.83732 -2.21545
0.784 7.4695 -2.03301
0.785 7.31118 -1.64206
0.786 6.52221 -1.18439
0.787 5.5065 -0.818638
0.788 4.76035 -0.651409
0.789 4.6656 -0.682793
0.79 5.33492 -0.822521
0.791 6.56042 -0.916349
0.792 7.88938 -0.825229
0.793 8.80231 -0.489543
0.794 8.91369 0.0442186
0.795 8.1169 0.617899
0.796 6.61357 1.04845
0.797 4.8355 1.19603
0.798 3.29603 1.00807
0.799 2.39181 0.552299
0.8 2.26893 -0.00867022
0.801 2.79126 -0.494066
0.802 3.62758 -0.774306
0.803 4.38204 -0.814253
0.804 4.72923 -0.698151
0.805 4.57071 -0.585301
0.806 4.05615 -0.630191
0.807 3.48511 -0.91564
0.808 3.18776 -1.41423
0.809 3.39724 -1.99536
0.81 4.14614 -2.46777
0.811 5.25947 -2.65381
0.812 6.41779 -2.46142
0.813 7.27871 -1.92428
0.814 7.61124 -1.18685
0.815 7.36318 -0.45707
0.816 6.66538 0.0792908
0.817 5.77836 0.323412
0.818 4.97901 0.288451
0.819 4.45767 0.0874129
0.82 4.26033 -0.117067
0.821 4.29868 -0.185566
0.822 4.40403 -0.0615902
0.823 4.38872 0.209849
0.824 4.14845 0.50475
0.825 3.7021 0.667523
0.826 3.17306 0.579157
0.827 2.72998 0.208463
0.828 2.51528 -0.375813
0.829 2.58859 -1.02909
0.83 2.91059 -1.58091
0.831 3.34569 -1.89764
0.832 3.73456 -1.92706
0.833 3.96211 -1.71029
0.834 3.9761 -1.3571
0.835 3.82504 -0.999838
0.836 3.61062 -0.747053
0.837 3.44527 -0.643705
0.838 3.40095 -0.655772
0.839 3.48486 -0.700381
0.84 3.63283 -0.687038
0.841 3.74646 -0.554239
0.842 3.7484 -0.297121
0.843 3.61318 0.0292443
0.844 3.36962 0.332606
0.845 3.09815 0.524075
0.846 2.90826 0.545637
0.847 2.86656 0.395278
0.848 2.98159 0.123
0.849 3.19972 -0.193995
0.85 3.42143 -0.477035
0.851 3.55026 -0.672964
0.852 3.52017 -0.766939
0.853 3.32475 -0.777255
0.854 3.02448 -0.746349
0.855 2.71651 -0.713872
0.856 2.49911 -0.699915
0.857 2.42625 -0.701266
0.858 2.48998 -0.693869
0.859 2.63291 -0.651896
0.86 2.76371 -0.560594
0.861 2.79644 -0.418824
0.862 2.69418 -0.246121
0.863 2.47656 -0.075541
0.864 2.20762 0.0628489
0.865 1.9787 0.151356
0.866 1.87324 0.18782
0.867 1.92513 0.178497
0.868 2.10916 0.136399
0.869 2.35529 0.0724384
0.87 2.56594 -0.0110495
0.871 2.65799 -0.115384
0.872 2.59148 -0.245602
0.873 2.38122 -0.399984
0.874 2.08984 -0.566866
0.875 1.801 -0.72548
0.876 1.58616 -0.851254
0.877 1.48286 -0.925278
0.878 1.4905 -0.940827
0.879 1.56632 -0.904877
0.88 1.64417 -0.835909
0.881 1.66716 -0.755459
0.882 1.60621 -0.679858
0.883 1.47258 -0.614717
0.884 1.30883 -0.550946
0.885 1.17342 -0.471212
0.886 1.12073 -0.364138
0.887 1.17414 -0.228942
0.888 1.32439 -0.0749039
0.889 1.53347 0.0742347
0.89 1.74194 0.190326
0.891 1.89879 0.252302
0.892 1.9682 0.253021
0.893 1.94016 0.202124
0.894 1.83527 0.122335
0.895 1.69336 0.0403308
0.896 1.55705 -0.0226032
0.897 1.45609 -0.0573219
0.898 1.40079 -0.0702447
0.899 1.38291 -0.0780436
0.9 1.37681 -0.0999979
0.901 1.35453 -0.146469
0.902 1.29727 -0.214292
0.903 1.19845 -0.29089
0.904 1.06841 -0.357003
0.905 0.935462 -0.393538
0.906 0.831226 -0.390866
0.907 0.778552 -0.352716
0.908 0.789639 -0.294159
0.909 0.858964 -0.234822
0.91 0.965396 -0.19189
0.911 1.07982 -0.172698
0.912 1.17528 -0.174426
0.913 1.23099 -0.186321
0.914 1.24172 -0.192637
0.915 1.21713 -0.182915
0.916 1.17435 -0.154541
0.917 1.13128 -0.113864
0.918 1.10144 -0.0733224
0.919 1.08549 -0.0450008
0.92 1.07391 -0.0368208
0.921 1.05224 -0.0479204
0.922 1.00504 -0.0699252
0.923 0.922797 -0.0915469
0.924 0.808129 -0.10276
0.925 0.673743 -0.100015
0.926 0.539873 -0.0865727
0.927 0.427854 -0.0707395
0.928 0.351459 -0.0633201
0.929 0.314461 -0.0705379
0.93 0.3126 -0.0921894
0.931 0.33134 -0.123203
0.932 0.354996 -0.15439
0.933 0.373702 -0.175875
0.934 0.383246 -0.18277
0.935 0.386744 -0.175844
0.936 0.393813 -0.160284
0.937 0.413858 -0.144407
0.938 0.450375 -0.134563
0.939 0.500287 -0.132476
0.94 0.553251 -0.135238
0.941 0.595846 -0.136876
0.942 0.616133 -0.130706
0.943 0.607725 -0.112484
0.944 0.572357 -0.083139
0.945 0.517547 -0.0479993
0.946 0.456311 -0.0149589
0.947 0.4014 0.00827896
0.948 0.359824 0.017964
0.949 0.331999 0.01505
0.95 0.313098 0.00389483
0.951 0.295971 -0.00902569
0.952 0.274294 -0.0183865
0.953 0.245657 -0.0218084
0.954 0.212962 -0.0200265
0.955 0.182933 -0.0170373
0.956 0.16298 -0.0171698
0.957 0.158601 -0.0232811
0.958 0.17056 -0.0352798
0.959 0.194058 -0.0496493
0.96 0.220869 -0.0617245
0.961 0.242202 -0.0673519
0.962 0.251633 -0.0645182
0.963 0.246925 -0.0537857
0.964 0.230946 -0.0382057
0.965 0.209264 -0.022296
0.966 0.187982 -0.00998725
0.967 0.171621 -0.00331579
0.968 0.161437 -0.00207111
0.969 0.155615 -0.00426578
0.97 0.150038 -0.00705974
0.971 0.141141 -0.00820277
0.972 0.127091 -0.00712374
0.973 0.108044 -0.00464516
0.974 0.0869078 -0.00244511
0.975 0.0675197 -0.00229967
0.976 0.0531115 -0.00499328
0.977 0.0453096 -0.0101282
0.978 0.0434036 -0.0163073
0.979 0.0451251 -0.021638
0.98 0.0475811 -0.0245843
0.981 0.0483645 -0.0245505
0.982 0.0462623 -0.0218708
0.983 0.0413832 -0.0175954
0.984 0.0349765 -0.0129875
0.985 0.0286302 -0.00910112
0.986 0.0234899 -0.00637778
0.987 0.020025 -0.00465741
0.988 0.0179241 -0.00353155
0.989 0.0164306 -0.00256806
0.99 0.0148556 -0.00151906
0.991 0.0127876 -0.000436599
0.992 0.0102433 0.00046445
0.993 0.00756569 0.000990356
0.994 0.00514889 0.00107844
0.995 0.0032572 0.000832476
0.996 0.00193659 0.000460441
0.997 0.00106791 0.000155892
0.998 0.000496023 6.78919e-06
0.999 0.000135036 -1.44507e-05
0.12 116.873 -14.232
0.24 116.552 -14.1912
0.36 116.018 -14.1235
0.48 115.274 -14.029
0.6 114.322 -13.9083
0.72 113.168 -13.7619
0.84 111.817 -13.5905
0.96 110.274 -13.3948
1.08 108.546 -13.1757
1.2 106.641 -12.9341
1.32 104.567 -12.6713
1.44 102.334 -12.3882
1.56 99.9505 -12.0862
1.68 97.4271 -11.7666
1.8 94.7744 -11.4306
1.92 92.0038 -11.0799
2.04 89.1266 -10.7158
2.16 86.1548 -10.3398
2.28 83.1004 -9.95356
2.4 79.9757 -9.55858
2.52 76.7929 -9.15645
2.64 73.5646 -8.74875
2.76 70.303 -8.33706
2.88 67.0204 -7.92294
3 63.7287 -7.50792
3.12 60.4399 -7.0935
3.24 57.1653 -6.68116
3.36 53.9162 -6.2723
3.48 50.7032 -5.8683
3.6 47.5367 -5.47044
3.72 44.4263 -5.07996
3.84 41.3813 -4.69803
3.96 38.4103 -4.32573
4.08 35.5212 -3.96405
4.2 32.7213 -3.61392
4.32 30.0172 -3.27616
4.44 27.4148 -2.9515
4.56 24.9194 -2.64059
4.68 22.5354 -2.34398
4.8 20.2665 -2.06211
4.92 18.1156 -1.79536
5.04 16.0852 -1.54398
5.16 14.1767 -1.30816
5.28 12.3911 -1.08797
5.4 10.7284 -0.883421
5.52 9.1882 -0.694424
5.64 7.76941 -0.520814
5.76 6.4703 -0.36235
5.88 5.28861 -0.218718
6 4.22152 -0.0895388
6.12 3.26573 0.0256289
6.24 2.41751 0.127282
6.36 1.67271 0.215969
6.48 1.02681 0.292283
6.6 0.474979 0.356854
6.72 0.0121261 0.410348
6.84 -0.367076 0.453454
6.96 -0.668129 0.486884
7.08 -0.896668 0.511365
7.2 -1.05841 0.527633
7.32 -1.15914 0.536426
7.44 -1.2046 0.538482
7.56 -1.20054 0.53453
7.68 -1.15261 0.525287
7.8 -1.06635 0.511455
7.92 -0.947146 0.493713
8.04 -0.800221 0.472716
8.16 -0.630581 0.449091
8.28 -0.443002 0.423432
8.4 -0.242005 0.396299
8.52 -0.031837 0.368215
8.64 0.183546 0.339665
8.76 0.400491 0.311092
8.88 0.615659 0.282899
9 0.826033 0.255446
9.12 1.02892 0.229051
9.24 1.22195 0.203989
9.36 1.40309 0.180494
9.48 1.5706 0.158756
9.6 1.72308 0.138928
9.72 1.85943 0.121122
9.84 1.97882 0.105414
9.96 2.08073 0.0918434
10.08 2.16487 0.0804185
10.2 2.23123 0.0711154
10.32 2.28 0.0638822
10.44 2.3116 0.0586414
10.56 2.32663 0.0552928
10.68 2.32586 0.0537158
10.8 2.31021 0.0537727
10.92 2.28072 0.0553115
11.04 2.23854 0.0581684
11.16 2.18491 0.0621711
11.28 2.12113 0.0671411
11.4 2.04853 0.0728964
11.52 1.9685 0.0792544
11.64 1.88239 0.0860339
11.76 1.79157 0.0930574
11.88 1.69737 0.100153
12 1.6011 0.107157
12.12 1.50399 0.113915
12.24 1.4072 0.120284
12.36 1.31184 0.12613
12.48 1.2189 0.131338
12.6 1.12931 0.135802
12.72 1.04387 0.139433
12.84 0.963295 0.142157
12.96 0.888186 0.143916
13.08 0.819036 0.144666
13.2 0.75623 0.14438
13.32 0.700045 0.143045
13.44 0.650655 0.140663
13.56 0.608131 0.137251
13.68 0.57245 0.132836
13.8 0.543498 0.127461
13.92 0.521076 0.121178
14.04 0.50491 0.114051
14.16 0.494654 0.10615
14.28 0.489905 0.097556
14.4 0.490205 0.0883546
14.52 0.495054 0.0786372
14.64 0.503918 0.0684993
14.76 0.516236 0.0580389
14.88 0.531432 0.0473551
15 0.548921 0.0365477
15.12 0.568117 0.0257148
15.24 0.588445 0.0149529
15.36 0.609342 0.00435501
15.48 0.63027 -0.00599012
15.6 0.650718 -0.0159987
15.72 0.67021 -0.0255928
15.84 0.688308 -0.0347011
15.96 0.704617 -0.0432593
16.08 0.71879 -0.0512109
16.2 0.730528 -0.0585073
16.32 0.739583 -0.0651079
16.44 0.745759 -0.0709808
16.56 0.748913 -0.0761022
16.68 0.748953 -0.0804571
16.8 0.74584 -0.0840381
16.92 0.739584 -0.0868463
17.04 0.730241 -0.0888901
17.16 0.717913 -0.0901853
17.28 0.702743 -0.0907543
17.4 0.684912 -0.0906257
17.52 0.664634 -0.089834
17.64 0.642152 -0.0884183
17.76 0.617736 -0.0864223
17.88 0.591674 -0.0838933
18 0.564271 -0.0808814
18.12 0.535842 -0.0774392
18.24 0.506707 -0.0736205
18.36 0.477188 -0.0694803
18.48 0.447605 -0.0650735
18.6 0.418269 -0.0604546
18.72 0.389481 -0.0556772
18.84 0.361524 -0.050793
18.96 0.334664 -0.0458517
19.08 0.309146 -0.0409003
19.2 0.285191 -0.0359828
19.32 0.26299 -0.0311396
19.44 0.24271 -0.0264077
19.56 0.224486 -0.0218199
19.68 0.208422 -0.0174048
19.8 0.194592 -0.0131869
19.92 0.18304 -0.00918636
20.04 0.173777 -0.00541897
20.16 0.166785 -0.00189626
20.28 0.162018 0.00137442
20.4 0.159401 0.00438968
20.52 0.158834 0.00714996
20.64 0.160196 0.00965925
20.76 0.163341 0.0119248
20.88 0.168106 0.0139569
21 0.174315 0.0157685
21.12 0.181774 0.0173745
21.24 0.190281 0.0187922
21.36 0.199629 0.0200402
21.48 0.209603 0.0211381
21.6 0.219989 0.0221065
21.72 0.230573 0.0229662
21.84 0.241148 0.0237384
21.96 0.251509 0.0244435
22.08 0.261466 0.0251015
22.2 0.270836 0.0257316
22.32 0.279451 0.0263515
22.44 0.287159 0.0269776
22.56 0.293823 0.0276246
22.68 0.299326 0.0283053
22.8 0.303569 0.0290306
22.92 0.306472 0.0298091
23.04 0.307976 0.0306476
23.16 0.308042 0.0315502
23.28 0.306651 0.0325191
23.4 0.303804 0.0335543
23.52 0.299521 0.0346535
23.64 0.293839 0.0358126
23.76 0.286813 0.0370255
23.88 0.278516 0.0382843
24 0.26903 0.0395796
24.12 0.258456 0.0409007
24.24 0.246901 0.0422355
24.36 0.234485 0.0435711
24.48 0.221332 0.044894
24.6 0.207575 0.0461898
24.72 0.193349 0.0474443
24.84 0.178789 0.0486431
24.96 0.164033 0.049772
25.08 0.149215 0.0508172
25.2 0.134466 0.0517657
25.32 0.119911 0.0526052
25.44 0.105669 0.0533246
25.56 0.091851 0.053914
25.68 0.0785576 0.0543647
25.8 0.0658798 0.0546697
25.92 0.0538973 0.0548234
26.04 0.0426777 0.054822
26.16 0.0322761 0.0546635
26.28 0.0227352 0.0543473
26.4 0.0140845 0.0538751
26.52 0.00634079 0.0532498
26.64 -0.000491667 0.0524765
26.76 -0.00642086 0.0515616
26.88 -0.0114664 0.0505133
27 -0.0156589 0.049341
27.12 -0.0190389 0.0480558
27.24 -0.0216566 0.0466696
27.36 -0.0235698 0.0451958
27.48 -0.0248436 0.0436483
27.6 -0.0255491 0.0420419
27.72 -0.0257618 0.0403922
27.84 -0.0255607 0.0387146
27.96 -0.0250267 0.0370253
28.08 -0.0242418 0.0353402
28.2 -0.0232874 0.033675
28.32 -0.0222436 0.0320452
28.44 -0.0211874 0.0304658
28.56 -0.0201923 0.028951
28.68 -0.0193269 0.0275143
28.8 -0.0186542 0.0261683
28.92 -0.0182307 0.0249244
29.04 -0.0181058 0.023793
29.16 -0.0183213 0.0227831
29.28 -0.018911 0.0219024
29.4 -0.0199 0.0211574
29.52 -0.0213051 0.0205529
29.64 -0.0231345 0.0200925
29.76 -0.0253878 0.0197781
29.88 -0.0280562 0.0196105
30 -0.031123 0.0195888
30.12 -0.0345638 0.0197109
30.24 -0.0383472 0.0199733
30.36 -0.0424353 0.0203713
30.48 -0.0467844 0.0208992
30.6 -0.0513457 0.0215501
30.72 -0.0560661 0.022316
30.84 -0.0608892 0.0231885
30.96 -0.0657562 0.0241579
31.08 -0.0706064 0.0252145
31.2 -0.0753785 0.0263476
31.32 -0.0800113 0.0275465
31.44 -0.0844447 0.0288
31.56 -0.0886203 0.030097
31.68 -0.0924825 0.0314261
31.8 -0.095979 0.0327764
31.92 -0.0990616 0.034137
32.04 -0.101687 0.0354972
32.16 -0.103816 0.036847
32.28 -0.105416 0.0381765
32.4 -0.106461 0.0394767
32.52 -0.106931 0.0407391
32.64 -0.10681 0.0419557
32.76 -0.106091 0.0431196
32.88 -0.104775 0.0442241
33 -0.102865 0.0452638
33.12 -0.100374 0.0462336
33.24 -0.0973189 0.0471295
33.36 -0.093724 0.0479481
33.48 -0.0896176 0.0486866
33.6 -0.0850332 0.0493432
33.72 -0.0800087 0.0499166
33.84 -0.0745855 0.050406
33.96 -0.0688084 0.0508114
34.08 -0.0627245 0.0511333
34.2 -0.0563829 0.0513725
34.32 -0.049834 0.0515303
34.44 -0.0431286 0.0516085
34.56 -0.0363174 0.051609
34.68 -0.0294507 0.0515341
34.8 -0.0225772 0.0513861
34.92 -0.0157439 0.0511675
35.04 -0.00899538 0.0508809
35.16 -0.00237339 0.0505291
35.28 0.0040836 0.0501145
35.4 0.0103407 0.0496397
35.52 0.0163671 0.0491072
35.64 0.0221359 0.0485194
35.76 0.0276249 0.0478785
35.88 0.032816 0.0471866
36 0.0376958 0.0464455
36.12 0.0422552 0.045657
36.24 0.0464898 0.0448227
36.36 0.050399 0.0439441
36.48 0.0539866 0.0430223
36.6 0.0572599 0.0420586
36.72 0.0602297 0.041054
36.84 0.0629102 0.0400095
36.96 0.0653179 0.038926
37.08 0.0674719 0.0378043
37.2 0.0693932 0.0366454
37.32 0.0711041 0.0354501
37.44 0.072628 0.0342194
37.56 0.0739887 0.0329544
37.68 0.0752104 0.0316563
37.8 0.0763166 0.0303263
37.92 0.0773301 0.0289659
38.04 0.0782728 0.0275768
38.16 0.0791646 0.0261609
38.28 0.080024 0.0247203
38.4 0.080867 0.0232573
38.52 0.0817075 0.0217743
38.64 0.0825564 0.0202743
38.76 0.0834223 0.0187601
38.88 0.0843106 0.017235
39 0.0852239 0.0157024
39.12 0.0861619 0.0141658
39.24 0.0871213 0.012629
39.36 0.0880962 0.0110958
39.48 0.0890779 0.00957011
39.6 0.0900554 0.00805604
39.72 0.0910152 0.00655755
39.84 0.091942 0.00507868
39.96 0.0928188 0.00362336
40.08 0.0936272 0.00219546
40.2 0.0943478 0.000798699
40.32 0.0949603 -0.000563398
40.44 0.0954443 -0.00188751
40.56 0.0957794 -0.00317057
40.68 0.0959455 -0.00440983
40.8 0.0959233 -0.00560283
40.92 0.0956947 -0.0067475
41.04 0.095243 -0.00784214
41.16 0.0945533 -0.00888545
41.28 0.0936125 -0.00987655
41.4 0.0924102 -0.010815
41.52 0.0909383 -0.0117007
41.64 0.0891914 -0.0125342
41.76 0.0871669 -0.0133162
41.88 0.0848654 -0.0140481
42 0.0822903 -0.0147315
42.12 0.0794482 -0.0153684
42.24 0.0763485 -0.0159612
42.36 0.0730038 -0.0165127
42.48 0.0694295 -0.0170259
42.6 0.0656434 -0.0175039
42.72 0.0616663 -0.0179503
42.84 0.057521 -0.0183685
42.96 0.0532324 -0.0187624
43.08 0.0488271 -0.0191356
43.2 0.0443334 -0.019492
43.32 0.0397805 -0.0198351
43.44 0.0351985 -0.0201685
43.56 0.0306179 -0.0204958
43.68 0.0260696 -0.0208201
43.8 0.0215839 -0.0211443
43.92 0.0171907 -0.0214712
44.04 0.0129189 -0.021803
44.16 0.00879617 -0.0221418
44.28 0.00484866 -0.022489
44.4 0.00110062 -0.0228458
44.52 -0.00242582 -0.0232128
44.64 -0.00571086 -0.0235902
44.76 -0.00873725 -0.0239777
44.88 -0.0114905 -0.0243746
45 -0.0139589 -0.0247795
45.12 -0.0161337 -0.0251907
45.24 -0.0180093 -0.025606
45.36 -0.0195829 -0.0260229
45.48 -0.0208549 -0.0264382
45.6 -0.0218286 -0.0268485
45.72 -0.0225101 -0.0272501
45.84 -0.0229083 -0.027639
45.96 -0.0230346 -0.0280109
46.08 -0.0229029 -0.0283612
46.2 -0.0225292 -0.0286853
46.32 -0.0219314 -0.0289786
46.44 -0.0211291 -0.0292362
46.56 -0.0201432 -0.0294535
46.68 -0.0189958 -0.0296257
46.8 -0.0177096 -0.0297486
46.92 -0.0163081 -0.0298177
47.04 -0.0148146 -0.029829
47.16 -0.0132524 -0.0297789
47.28 -0.0116445 -0.029664
47.4 -0.010013 -0.0294815
47.52 -0.00837908 -0.0292289
47.64 -0.00676257 -0.0289041
47.76 -0.0051819 -0.0285059
47.88 -0.0036538 -0.0280334
48 -0.00219307 -0.0274862
48.12 -0.000812525 -0.0268648
48.24 0.000477224 -0.0261701
48.36 0.0016678 -0.0254035
48.48 0.00275316 -0.0245673
48.6 0.0037296 -0.0236643
48.72 0.00459576 -0.0226978
48.84 0.0053526 -0.0216717
48.96 0.00600332 -0.0205905
49.08 0.00655327 -0.0194592
49.2 0.00700983 -0.0182832
49.32 0.00738228 -0.0170684
49.44 0.00768157 -0.0158211
49.56 0.0079202 -0.0145477
49.68 0.00811196 -0.0132553
49.8 0.00827173 -0.0119509
49.92 0.00841523 -0.0106417
50.04 0.00855878 -0.00933519
50.16 0.00871904 -0.00803866
50.28 0.00891279 -0.00675957
50.4 0.00915664 -0.00550521
50.52 0.00946681 -0.0042828
50.64 0.00985889 -0.00309932
50.76 0.0103476 -0.00196154
50.88 0.0109466 -0.000875913
51 0.0116684 0.000151447
51.12 0.0125237 0.00111482
51.24 0.0135222 0.00200891
51.36 0.0146713 0.00282891
51.48 0.0159769 0.0035705
51.6 0.0174429 0.00422991
51.72 0.0190712 0.00480391
51.84 0.0208618 0.00528985
51.96 0.0228125 0.00568567
52.08 0.0249194 0.00598992
52.2 0.0271765 0.00620172
52.32 0.0295757 0.0063208
52.44 0.0321076 0.00634751
52.56 0.0347608 0.00628273
52.68 0.0375224 0.00612796
52.8 0.0403783 0.00588521
52.92 0.043313 0.00555703
53.04 0.04631 0.00514647
53.16 0.049352 0.00465704
53.28 0.0524211 0.00409271
53.4 0.0554987 0.00345783
53.52 0.0585662 0.00275715
53.64 0.0616049 0.00199571
53.76 0.0645961 0.0011789
53.88 0.0675215 0.000312325
54 0.0703635 -0.000598173
54.12 0.0731049 -0.00154658
54.24 0.0757295 -0.00252672
54.36 0.0782222 -0.00353235
54.48 0.0805689 -0.00455711
54.6 0.0827567 -0.00559465
54.72 0.0847742 -0.00663859
54.84 0.0866114 -0.00768259
54.96 0.0882598 -0.00872039
55.08 0.0897122 -0.00974579
55.2 0.0909633 -0.0107527
55.32 0.0920092 -0.0117353
55.44 0.0928474 -0.0126876
55.56 0.0934772 -0.0136042
55.68 0.0938992 -0.0144797
55.8 0.0941152 -0.0153088
55.92 0.0941287 -0.0160867
56.04 0.0939442 -0.0168086
56.16 0.0935673 -0.0174702
56.28 0.0930047 -0.0180671
56.4 0.0922638 -0.0185955
56.52 0.091353 -0.0190518
56.64 0.0902812 -0.0194325
56.76 0.0890579 -0.0197347
56.88 0.0876927 -0.0199555
57 0.0861958 -0.0200926
57.12 0.0845773 -0.0201436
57.24 0.0828474 -0.0201067
57.36 0.0810162 -0.0199804
57.48 0.0790935 -0.0197634
57.6 0.0770889 -0.0194547
57.72 0.0750115 -0.0190536
57.84 0.0728702 -0.01856
57.96 0.0706731 -0.0179737
58.08 0.0684278 -0.0172951
58.2 0.0661416 -0.0165247
58.32 0.0638209 -0.0156637
58.44 0.0614715 -0.0147132
58.56 0.0590987 -0.0136748
58.68 0.0567071 -0.0125506
58.8 0.0543009 -0.0113427
58.92 0.0518837 -0.0100539
59.04 0.0494585 -0.00868693
59.16 0.0470279 -0.00724516
59.28 0.0445942 -0.00573216
59.4 0.0421594 -0.00415181
59.52 0.0397251 -0.00250832
59.64 0.0372929 -0.000806208
59.76 0.0348643 0.000949721
59.88 0.0324406 0.00275438
60 0.0300232 0.00460242
60.12 0.0276136 0.00648822
60.24 0.0252135 0.00840595
60.36 0.0228247 0.0103495
60.48 0.0204494 0.0123128
60.6 0.01809 0.0142892
60.72 0.0157493 0.0162722
60.84 0.0134303 0.0182552
60.96 0.0111365 0.0202314
61.08 0.0088717 0.0221941
61.2 0.00664009 0.0241362
61.32 0.0044462 0.0260512
61.44 0.00229488 0.0279321
61.56 0.00019124 0.0297723
61.68 -0.00185934 0.0315653
61.8 -0.00385129 0.0333046
61.92 -0.00577893 0.0349842
62.04 -0.00763648 0.0365979
62.16 -0.00941817 0.0381402
62.28 -0.0111183 0.0396057
62.4 -0.0127313 0.0409893
62.52 -0.0142519 0.0422863
62.64 -0.0156749 0.0434926
62.76 -0.0169958 0.0446043
62.88 -0.0182103 0.045618
63 -0.0193147 0.0465308
63.12 -0.0203058 0.0473405
63.24 -0.0211813 0.0480449
63.36 -0.0219392 0.048643
63.48 -0.0225786 0.0491337
63.6 -0.0230992 0.049517
63.72 -0.0235014 0.0497929
63.84 -0.0237866 0.0499625
63.96 -0.023957 0.0500269
64.08 -0.0240156 0.0499882
64.2 -0.0239661 0.0498486
64.32 -0.0238131 0.0496111
64.44 -0.0235619 0.049279
64.56 -0.0232186 0.048856
64.68 -0.0227897 0.0483464
64.8 -0.0222827 0.0477547
64.92 -0.0217052 0.0470859
65.04 -0.0210654 0.0463451
65.16 -0.020372 0.0455379
65.28 -0.0196337 0.0446699
65.4 -0.0188596 0.0437471
65.52 -0.0180587 0.0427755
65.64 -0.0172402 0.0417613
65.76 -0.0164128 0.0407106
65.88 -0.0155855 0.0396295
66 -0.0147666 0.0385244
66.12 -0.0139642 0.0374011
66.24 -0.0131859 0.0362657
66.36 -0.0124387 0.035124
66.48 -0.0117289 0.0339815
66.6 -0.0110624 0.0328436
66.72 -0.010444 0.0317153
66.84 -0.00987807 0.0306014
66.96 -0.00936786 0.0295064
67.08 -0.00891595 0.0284344
67.2 -0.00852403 0.0273891
67.32 -0.00819293 0.0263738
67.44 -0.00792263 0.0253914
67.56 -0.0077123 0.0244446
67.68 -0.0075603 0.0235355
67.8 -0.00746425 0.0226657
67.92 -0.00742104 0.0218366
68.04 -0.00742695 0.021049
68.16 -0.00747766 0.0203036
68.28 -0.00756835 0.0196004
68.4 -0.00769375 0.0189392
68.52 -0.00784829 0.0183195
68.64 -0.0080261 0.0177404
68.76 -0.00822117 0.0172006
68.88 -0.00842741 0.0166988
69 -0.00863874 0.0162333
69.12 -0.00884918 0.0158021
69.24 -0.00905295 0.0154032
69.36 -0.00924455 0.0150344
69.48 -0.00941879 0.0146934
69.6 -0.00957097 0.0143776
69.72 -0.00969681 0.0140847
69.84 -0.00979262 0.0138122
69.96 -0.00985529 0.0135575
70.08 -0.00988233 0.0133182
70.2 -0.00987194 0.013092
70.32 -0.00982298 0.0128765
70.44 -0.00973501 0.0126696
70.56 -0.00960829 0.0124692
70.68 -0.00944374 0.0122735
70.8 -0.00924297 0.0120806
70.92 -0.00900818 0.0118891
71.04 -0.0087422 0.0116976
71.16 -0.00844839 0.011505
71.28 -0.00813057 0.0113104
71.4 -0.00779302 0.011113
71.52 -0.00744035 0.0109123
71.64 -0.00707745 0.010708
71.76 -0.00670943 0.0105
71.88 -0.0063415 0.0102884
72 -0.0059789 0.0100734
72.12 -0.00562685 0.00985565
72.24 -0.00529042 0.0096356
72.36 -0.00497447 0.00941406
72.48 -0.00468358 0.0091919
72.6 -0.00442194 0.00897012
72.72 -0.00419334 0.00874981
72.84 -0.00400105 0.00853213
72.96 -0.00384779 0.00831828
73.08 -0.00373568 0.0081095
73.2 -0.00366617 0.00790705
73.32 -0.00364008 0.00771217
73.44 -0.00365749 0.00752606
73.56 -0.00371778 0.0073499
73.68 -0.00381962 0.00718479
73.8 -0.00396095 0.00703173
73.92 -0.00413903 0.00689166
74.04 -0.00435045 0.00676539
74.16 -0.00459114 0.00665358
74.28 -0.00485648 0.00655681
74.4 -0.00514127 0.00647547
74.52 -0.00543983 0.00640983
74.64 -0.00574609 0.00635998
74.76 -0.0060536 0.00632586
74.88 -0.00635566 0.00630726
75 -0.00664535 0.00630379
75.12 -0.00691567 0.00631493
75.24 -0.00715956 0.00633997
75.36 -0.00737006 0.00637808
75.48 -0.00754031 0.00642827
75.6 -0.0076637 0.00648944
75.72 -0.00773391 0.00656035
75.84 -0.00774502 0.00663966
75.96 -0.00769153 0.00672592
76.08 -0.0075685 0.0068176
76.2 -0.00737154 0.00691312
76.32 -0.00709692 0.00701082
76.44 -0.00674157 0.00710901
76.56 -0.00630314 0.00720599
76.68 -0.00578006 0.00730002
76.8 -0.00517149 0.0073894
76.92 -0.00447742 0.00747244
77.04 -0.00369858 0.00754749
77.16 -0.00283651 0.00761296
77.28 -0.00189353 0.00766733
77.4 -0.000872691 0.00770916
77.52 0.000222239 0.00773711
77.64 0.0013868 0.00774993
77.76 0.00261591 0.00774652
77.88 0.00390389 0.00772588
78 0.00524453 0.00768717
78.12 0.00663115 0.0076297
78.24 0.00805668 0.0075529
78.36 0.0095137 0.0074564
78.48 0.0109945 0.00733995
78.6 0.0124913 0.00720351
78.72 0.0139959 0.00704718
78.84 0.0155005 0.00687122
78.96 0.0169968 0.00667608
79.08 0.018477 0.00646235
79.2 0.0199333 0.00623082
79.32 0.021358 0.00598238
79.44 0.0227438 0.00571814
79.56 0.0240836 0.00543929
79.68 0.0253708 0.00514721
79.8 0.0265992 0.00484339
79.92 0.0277628 0.00452945
80.04 0.0288563 0.00420711
80.16 0.0298748 0.00387821
80.28 0.0308139 0.00354468
80.4 0.0316697 0.00320854
80.52 0.0324387 0.00287187
80.64 0.0331182 0.00253681
80.76 0.0337056 0.00220557
80.88 0.0341991 0.00188037
81 0.0345971 0.00156347
81.12 0.0348986 0.00125714
81.24 0.035103 0.000963652
81.36 0.03521 0.000685269
81.48 0.0352196 0.000424224
81.6 0.0351323 0.000182717
81.72 0.0349486 -3.70995e-05
81.84 0.0346695 -0.000233133
81.96 0.034296 -0.000403362
82.08 0.0338294 -0.000545846
82.2 0.0332709 -0.000658739
82.32 0.0326222 -0.000740296
82.44 0.0318848 -0.000788888
82.56 0.0310603 -0.000803009
82.68 0.0301504 -0.000781285
82.8 0.0291567 -0.000722485
82.92 0.0280809 -0.000625525
83.04 0.0269247 -0.000489483
83.16 0.0256899 -0.000313598
83.28 0.0243782 -9.72836e-05
83.4 0.0229912 0.000159871
83.52 0.0215308 0.000458093
83.64 0.0199987 0.000797422
83.76 0.0183969 0.00117771
83.88 0.0167273 0.0015986
84 0.0149919 0.00205956
84.12 0.0131931 0.00255984
84.24 0.0113332 0.0030985
84.36 0.00941489 0.00367441
84.48 0.007441 0.00428622
84.6 0.00541469 0.00493241
84.72 0.00333942 0.00561124
84.84 0.00121899 0.0063208
84.96 -0.000942446 0.007059
85.08 -0.00314031 0.00782354
85.2 -0.00536964 0.00861199
85.32 -0.007625 0.00942173
85.44 -0.00990056 0.01025
85.56 -0.01219 0.0110938
85.68 -0.0144865 0.0119503
85.8 -0.0167829 0.012816
85.92 -0.0190714 0.0136879
86.04 -0.0213441 0.0145625
86.16 -0.0235923 0.0154362
86.28 -0.0258073 0.0163057
86.4 -0.0279796 0.0171671
86.52 -0.0301 0.018017
86.64 -0.0321584 0.0188516
86.76 -0.0341451 0.0196673
86.88 -0.0360498 0.0204603
87 -0.0378624 0.0212269
87.12 -0.0395727 0.0219636
87.24 -0.0411705 0.0226668
87.36 -0.0426459 0.023333
87.48 -0.0439892 0.0239587
87.6 -0.0451907 0.0245407
87.72 -0.0462415 0.0250758
87.84 -0.047133 0.0255608
87.96 -0.0478569 0.025993
88.08 -0.0484059 0.0263695
88.2 -0.0487731 0.0266878
88.32 -0.0489524 0.0269455
88.44 -0.0489386 0.0271404
88.56 -0.0487273 0.0272706
88.68 -0.0483151 0.0273344
88.8 -0.0476995 0.0273302
88.92 -0.0468791 0.0272568
89.04 -0.0458534 0.0271131
89.16 -0.0446231 0.0268985
89.28 -0.0431899 0.0266123
89.4 -0.0415567 0.0262545
89.52 -0.0397274 0.025825
89.64 -0.037707 0.0253241
89.76 -0.0355015 0.0247523
89.88 -0.0331181 0.0241106
90 -0.0305648 0.0233999
90.12 -0.0278507 0.0226218
90.24 -0.0249856 0.0217777
90.36 -0.0219804 0.0208695
90.48 -0.0188465 0.0198994
90.6 -0.0155962 0.0188697
90.72 -0.0122422 0.017783
90.84 -0.00879804 0.016642
90.96 -0.00527737 0.0154498
91.08 -0.0016944 0.0142096
91.2 0.00193646 0.0129248
91.32 0.00560065 0.0115989
91.44 0.00928349 0.0102357
91.56 0.0129704 0.00883902
91.68 0.0166468 0.00741295
91.8 0.0202984 0.0059616
91.92 0.0239111 0.00448921
92.04 0.0274714 0.00300012
92.16 0.030966 0.00149875
92.28 0.0343823 -1.04377e-05
92.4 0.0377081 -0.00152291
92.52 0.0409321 -0.00303413
92.64 0.0440435 -0.00453953
92.76 0.0470325 -0.00603455
92.88 0.0498897 -0.00751464
93 0.0526071 -0.00897531
93.12 0.055177 -0.0104121
93.24 0.057593 -0.0118206
93.36 0.0598493 -0.0131965
93.48 0.0619412 -0.0145357
93.6 0.0638648 -0.0158339
93.72 0.0656171 -0.0170873
93.84 0.0671959 -0.0182921
93.96 0.0685999 -0.0194444
94.08 0.0698286 -0.020541
94.2 0.0708824 -0.0215784
94.32 0.0717621 -0.0225536
94.44 0.0724696 -0.0234636
94.56 0.073007 -0.0243058
94.68 0.0733775 -0.0250777
94.8 0.0735845 -0.0257772
94.92 0.0736319 -0.0264024
95.04 0.0735241 -0.0269514
95.16 0.073266 -0.0274231
95.28 0.0728626 -0.0278162
95.4 0.0723193 -0.0281299
95.52 0.0716417 -0.0283638
95.64 0.0708355 -0.0285175
95.76 0.0699066 -0.0285912
95.88 0.068861 -0.0285853
96 0.0677046 -0.0285004
96.12 0.0664434 -0.0283377
96.24 0.0650832 -0.0280982
96.36 0.0636299 -0.0277838
96.48 0.0620893 -0.0273963
96.6 0.0604668 -0.0269378
96.72 0.058768 -0.026411
96.84 0.0569981 -0.0258185
96.96 0.0551621 -0.0251635
97.08 0.0532651 -0.0244491
97.2 0.0513116 -0.0236789
97.32 0.0493061 -0.0228567
97.44 0.0472531 -0.0219864
97.56 0.0451566 -0.0210723
97.68 0.0430206 -0.0201186
97.8 0.0408488 -0.0191299
97.92 0.0386449 -0.0181107
98.04 0.0364123 -0.0170658
98.16 0.0341543 -0.0160001
98.28 0.0318743 -0.0149184
98.4 0.0295753 -0.0138257
98.52 0.0272603 -0.0127269
98.64 0.0249324 -0.011627
98.76 0.0225944 -0.0105307
98.88 0.0202492 -0.00944306
99 0.0178996 -0.00836871
99.12 0.0155485 -0.00731228
99.24 0.0131988 -0.00627826
99.36 0.0108531 -0.00527097
99.48 0.00851449 -0.00429452
99.6 0.00618571 -0.00335282
99.72 0.00386968 -0.00244955
99.84 0.00156931 -0.00158811
99.96 -0.000712452 -0.000771648
100.08 -0.00297264 -2.98969e-06
100.2 -0.00520825 0.000715331
100.32 -0.00741629 0.00138111
100.44 -0.00959372 0.00199249
100.56 -0.0117375 0.00254796
100.68 -0.0138447 0.00304634
100.8 -0.0159121 0.00348685
100.92 -0.0179369 0.00386905
101.04 -0.0199161 0.00419289
101.16 -0.0218468 0.00445864
101.28 -0.023726 0.00466698
101.4 -0.025551 0.00481891
101.52 -0.0273191 0.0049158
101.64 -0.0290276 0.00495933
101.76 -0.030674 0.00495152
101.88 -0.0322559 0.00489468
102 -0.0337709 0.00479141
102.12 -0.0352168 0.00464458
102.24 -0.0365916 0.0044573
102.36 -0.0378933 0.00423292
102.48 -0.0391202 0.00397495
102.6 -0.0402706 0.00368711
102.72 -0.041343 0.00337324
102.84 -0.0423361 0.0030373
102.96 -0.0432487 0.00268333
103.08 -0.0440797 0.00231544
103.2 -0.0448282 0.00193776
103.32 -0.0454935 0.00155441
103.44 -0.0460751 0.00116948
103.56 -0.0465725 0.000787012
103.68 -0.0469854 0.000410936
103.8 -0.0473137 4.50759e-05
103.92 -0.0475573 -0.000306893
104.04 -0.0477164 -0.000641467
104.16 -0.0477914 -0.000955335
104.28 -0.0477825 -0.0012454
104.4 -0.0476905 -0.00150882
104.52 -0.0475158 -0.00174299
104.64 -0.0472595 -0.00194558
104.76 -0.0469224 -0.00211455
104.88 -0.0465056 -0.00224818
105 -0.0460104 -0.00234502
105.12 -0.0454381 -0.00240397
105.24 -0.0447904 -0.00242424
105.36 -0.0440687 -0.00240536
105.48 -0.043275 -0.00234718
105.6 -0.0424112 -0.0022499
105.72 -0.0414795 -0.002114
105.84 -0.0404821 -0.00194029
105.96 -0.0394216 -0.00172987
106.08 -0.0383004 -0.00148414
106.2 -0.0371215 -0.00120477
106.32 -0.0358878 -0.000893686
106.44 -0.0346025 -0.000553052
106.56 -0.0332689 -0.000185263
106.68 -0.0318905 0.000207087
106.8 -0.0304711 0.000621224
106.92 -0.0290145 0.00105421
107.04 -0.0275248 0.00150299
107.16 -0.0260062 0.00196438
107.28 -0.0244631 0.00243512
107.4 -0.0229 0.00291188
107.52 -0.0213215 0.00339131
107.64 -0.0197325 0.00387005
107.76 -0.0181379 0.00434474
107.88 -0.0165427 0.00481207
108 -0.0149518 0.00526879
108.12 -0.0133704 0.00571174
108.24 -0.0118037 0.00613787
108.36 -0.0102567 0.00654425
108.48 -0.00873456 0.0069281
108.6 -0.0072423 0.00728681
108.72 -0.00578487 0.00761795
108.84 -0.00436709 0.0079193
108.96 -0.00299366 0.00818883
109.08 -0.00166908 0.00842475
109.2 -0.000397623 0.0086255
109.32 0.000816646 0.00878974
109.44 0.00196995 0.00891641
109.56 0.00305882 0.00900467
109.68 0.00408011 0.00905395
109.8 0.00503102 0.00906393
109.92 0.00590913 0.00903455
110.04 0.00671244 0.00896598
110.16 0.00743935 0.00885866
110.28 0.0080887 0.00871323
110.4 0.00865978 0.0085306
110.52 0.00915234 0.00831187
110.64 0.00956658 0.00805838
110.76 0.0099032 0.00777163
110.88 0.0101633 0.00745334
111 0.0103486 0.00710539
111.12 0.0104609 0.00672979
111.24 0.010503 0.00632873
111.36 0.0104776 0.0059045
111.48 0.0103881 0.0054595
111.6 0.0102381 0.00499621
111.72 0.0100317 0.0045172
111.84 0.00977318 0.00402508
111.96 0.00946721 0.0035225
112.08 0.00911862 0.00301214
112.2 0.0087325 0.00249664
112.32 0.00831405 0.00197868
112.44 0.00786864 0.00146086
112.56 0.00740168 0.000945756
112.68 0.00691862 0.000435872
112.8 0.00642489 -6.6367e-05
112.92 0.00592588 -0.000558632
113.04 0.00542685 -0.0010387
113.16 0.00493292 -0.00150446
113.28 0.00444902 -0.00195395
113.4 0.00397985 -0.00238532
113.52 0.00352983 -0.0027969
113.64 0.00310308 -0.00318716
113.76 0.00270339 -0.00355473
113.88 0.00233417 -0.00389843
114 0.00199844 -0.00421724
114.12 0.00169882 -0.00451031
114.24 0.00143748 -0.00477698
114.36 0.00121615 -0.00501679
114.48 0.00103611 -0.00522941
114.6 0.000898176 -0.00541475
114.72 0.000802707 -0.00557285
114.84 0.000749607 -0.00570394
114.96 0.000738335 -0.00580841
115.08 0.000767919 -0.00588683
115.2 0.000836969 -0.0059399
115.32 0.000943702 -0.00596849
115.44 0.00108597 -0.00597359
115.56 0.00126127 -0.00595633
115.68 0.00146681 -0.00591795
115.8 0.0016995 -0.0058598
115.92 0.00195603 -0.00578334
116.04 0.00223288 -0.0056901
116.16 0.00252636 -0.00558167
116.28 0.00283269 -0.00545972
116.4 0.00314798 -0.00532596
116.52 0.00346831 -0.00518212
116.64 0.00378977 -0.00502995
116.76 0.00410851 -0.00487122
116.88 0.00442075 -0.00470768
117 0.00472283 -0.00454105
117.12 0.00501128 -0.00437301
117.24 0.00528278 -0.0042052
117.36 0.00553429 -0.00403921
117.48 0.005763 -0.00387652
117.6 0.00596638 -0.00371856
117.72 0.00614224 -0.00356663
117.84 0.00628867 -0.00342195
117.96 0.00640415 -0.0032856
118.08 0.00648748 -0.00315855
118.2 0.00653784 -0.00304164
118.32 0.00655478 -0.00293554
118.44 0.00653821 -0.0028408
118.56 0.00648842 -0.00275782
118.68 0.00640605 -0.00268683
118.8 0.00629209 -0.00262793
118.92 0.00614787 -0.00258102
119.04 0.00597505 -0.00254589
119.16 0.00577556 -0.00252215
119.28 0.00555166 -0.00250925
119.4 0.00530582 -0.00250651
119.52 0.00504076 -0.00251311
119.64 0.00475941 -0.00252807
119.76 0.00446487 -0.00255029
119.88 0.00416036 -0.00257857
120 0.00384926 -0.00261157
