-0.999 -4.14409e-05 -2.93195e-05
-0.998 -0.000168683 -0.000133033
-0.997 -0.000378304 -0.000331669
-0.996 -0.000672618 -0.00062664
-0.995 -0.00107128 -0.000988505
-0.994 -0.00160168 -0.0013598
-0.993 -0.00227114 -0.00167347
-0.992 -0.00303516 -0.00188114
-0.991 -0.00377645 -0.00197837
-0.99 -0.00431013 -0.00201015
-0.989 -0.00443062 -0.00204828
-0.988 -0.00399671 -0.00215199
-0.987 -0.00301593 -0.00233768
-0.986 -0.00167936 -0.00257858
-0.985 -0.000333948 -0.00283561
-0.984 0.000582342 -0.00310495
-0.983 0.00062091 -0.00346262
-0.982 -0.000574923 -0.00408499
-0.981 -0.00315135 -0.00522525
-0.98 -0.00697283 -0.00713663
-0.979 -0.0116723 -0.00996213
-0.978 -0.0168045 -0.0136397
-0.977 -0.0219927 -0.0178721
-0.976 -0.0269922 -0.02218
-0.975 -0.0317033 -0.026023
-0.974 -0.03618 -0.0289462
-0.973 -0.0405908 -0.0307005
-0.972 -0.0450419 -0.0312855
-0.971 -0.0492938 -0.0308946
-0.97 -0.0525829 -0.0297903
-0.969 -0.0537385 -0.0281758
-0.968 -0.0515448 -0.0261263
-0.967 -0.0451353 -0.0235992
-0.966 -0.034304 -0.0205111
-0.965 -0.019746 -0.0168672
-0.964 -0.00318071 -0.0129059
-0.963 0.0128249 -0.00917261
-0.962 0.0254651 -0.00643041
-0.961 0.0325642 -0.00540441
-0.96 0.0332621 -0.00648669
-0.959 0.0281863 -0.00958015
-0.958 0.0191429 -0.014158
-0.957 0.00852845 -0.0194602
-0.956 -0.00142305 -0.0247153
-0.955 -0.00944554 -0.0293561
-0.954 -0.0158253 -0.0332285
-0.953 -0.0224118 -0.0366949
-0.952 -0.0319134 -0.0404889
-0.951 -0.0467551 -0.0453121
-0.95 -0.0680243 -0.0514073
-0.949 -0.0948477 -0.0584246
-0.948 -0.124282 -0.0656751
-0.947 -0.151812 -0.0725608
-0.946 -0.172556 -0.0789109
-0.945 -0.182925 -0.0851382
-0.944 -0.182063 -0.092243
-0.943 -0.172376 -0.101618
-0.942 -0.158863 -0.114541
-0.941 -0.147588 -0.131428
-0.94 -0.143788 -0.151191
-0.939 -0.149972 -0.171166
-0.938 -0.164435 -0.187739
-0.937 -0.180964 -0.197364
-0.936 -0.190397 -0.197557
-0.935 -0.183757 -0.187568
-0.934 -0.155681 -0.168608
-0.933 -0.106674 -0.143533
-0.932 -0.0434376 -0.115955
-0.931 0.0225889 -0.089045
-0.93 0.0780576 -0.0645161
-0.929 0.111537 -0.0423319
-0.928 0.117451 -0.0212654
-0.927 0.0984427 -6.00739e-05
-0.926 0.0645922 0.0212684
-0.925 0.0293963 0.0404711
-0.924 0.00427083 0.0529142
-0.923 -0.00598598 0.0525471
-0.922 -0.0051472 0.033832
-0.921 -0.00460073 -0.00607289
-0.92 -0.0197848 -0.0657839
-0.919 -0.0645605 -0.1394
-0.918 -0.144872 -0.217519
-0.917 -0.254175 -0.289323
-0.916 -0.373197 -0.345296
-0.915 -0.474884 -0.379869
-0.914 -0.532816 -0.392869
-0.913 -0.529795 -0.388947
-0.912 -0.463613 -0.375082
-0.911 -0.3484 -0.35742
-0.91 -0.211145 -0.338863
-0.909 -0.0839308 -0.318234
-0.908 0.00624779 -0.291017
-0.907 0.0466384 -0.251456
-0.906 0.0430298 -0.195641
-0.905 0.0169937 -0.124702
-0.904 -0.00303598 -0.0465
-0.903 0.00665398 0.0255553
-0.902 0.0551138 0.0764576
-0.901 0.13193 0.0945718
-0.9 0.20944 0.0754717
-0.899 0.251744 0.0233834
-0.898 0.227943 -0.0498897
-0.897 0.12505 -0.128172
-0.896 -0.0444681 -0.19566
-0.895 -0.243926 -0.241958
-0.894 -0.422561 -0.265347
-0.893 -0.531429 -0.272577
-0.892 -0.53972 -0.275161
-0.891 -0.445732 -0.283973
-0.89 -0.278227 -0.304587
-0.889 -0.0872844 -0.335043
-0.888 0.0723216 -0.366555
-0.887 0.159324 -0.386871
-0.886 0.15933 -0.385344
-0.885 0.0887416 -0.35796
-0.884 -0.012143 -0.310121
-0.883 -0.0946858 -0.255735
-0.882 -0.120944 -0.21286
-0.881 -0.0791834 -0.197593
-0.88 0.0103937 -0.218485
-0.879 0.102233 -0.273451
-0.878 0.141876 -0.350324
-0.877 0.0860636 -0.431103
-0.876 -0.0806672 -0.498404
-0.875 -0.338389 -0.54144
-0.874 -0.635679 -0.559002
-0.873 -0.904175 -0.558596
-0.872 -1.07964 -0.552608
-0.871 -1.12255 -0.553028
-0.87 -1.03067 -0.566421
-0.869 -0.838875 -0.590863
-0.868 -0.606514 -0.616452
-0.867 -0.397316 -0.629781
-0.866 -0.258963 -0.620406
-0.865 -0.208839 -0.585807
-0.864 -0.229967 -0.532297
-0.863 -0.278191 -0.472115
-0.862 -0.298536 -0.418663
-0.861 -0.245466 -0.381783
-0.86 -0.0999762 -0.364178
-0.859 0.122569 -0.360054
-0.858 0.376573 -0.357219
-0.857 0.600612 -0.342742
-0.856 0.736796 -0.309679
-0.855 0.748635 -0.260923
-0.854 0.632134 -0.207998
-0.853 0.416998 -0.165991
-0.852 0.157608 -0.147708
-0.851 -0.0835788 -0.159491
-0.85 -0.255176 -0.199632
-0.849 -0.332692 -0.259584
-0.848 -0.325857 -0.328099
-0.847 -0.274863 -0.397364
-0.846 -0.236819 -0.468087
-0.845 -0.2671 -0.550046
-0.844 -0.401403 -0.657111
-0.843 -0.643358 -0.799204
-0.842 -0.960646 -0.975203
-0.841 -1.29081 -1.16986
-0.84 -1.55639 -1.35572
-0.839 -1.68632 -1.49962
-0.838 -1.63743 -1.57217
-0.837 -1.40814 -1.55734
-0.836 -1.03972 -1.45802
-0.835 -0.604789 -1.29449
-0.834 -0.187263 -1.09624
-0.833 0.141094 -0.890765
-0.832 0.341746 -0.694304
-0.831 0.42184 -0.507679
-0.83 0.432157 -0.318737
-0.829 0.448579 -0.110838
-0.828 0.542263 0.12513
-0.827 0.749622 0.380038
-0.826 1.05357 0.622764
-0.825 1.3827 0.806214
-0.824 1.62891 0.88105
-0.823 1.67911 0.81157
-0.822 1.45291 0.588039
-0.821 0.934631 0.231893
-0.82 0.187735 -0.207945
-0.819 -0.656442 -0.667788
-0.818 -1.43437 -1.08801
-0.817 -1.9991 -1.43093
-0.816 -2.26507 -1.68962
-0.815 -2.23354 -1.88364
-0.814 -1.99037 -2.04473
-0.813 -1.67683 -2.19957
-0.812 -1.44176 -2.35605
-0.811 -1.3895 -2.49658
-0.81 -1.54063 -2.58058
-0.809 -1.82088 -2.55741
-0.808 -2.08563 -2.38711
-0.807 -2.17266 -2.06038
-0.806 -1.96401 -1.60779
-0.805 -1.43408 -1.09333
-0.804 -0.667141 -0.596164
-0.803 0.161578 -0.188998
-0.802 0.836401 0.0798654
-0.801 1.16923 0.197504
-0.8 1.06402 0.187707
-0.799 0.554448 0.100321
-0.798 -0.201877 -0.00964991
-0.797 -0.97284 -0.104801
-0.796 -1.52755 -0.179016
-0.795 -1.71195 -0.256062
-0.794 -1.49928 -0.375872
-0.793 -0.999189 -0.576381
-0.792 -0.421388 -0.877372
-0.791 -0.00424093 -1.26944
-0.79 0.0693332 -1.71084
-0.789 -0.261034 -2.13534
-0.788 -0.908251 -2.47072
-0.787 -1.66453 -2.66137
-0.786 -2.27044 -2.68471
-0.785 -2.50336 -2.55508
-0.784 -2.25613 -2.31562
-0.783 -1.57909 -2.02374
-0.782 -0.669288 -1.73518
-0.781 0.191222 -1.48959
-0.78 0.727688 -1.30075
-0.779 0.763822 -1.15574
-0.778 0.280868 -1.02475
-0.777 -0.574039 -0.877568
-0.776 -1.53308 -0.699093
-0.775 -2.29435 -0.49757
-0.774 -2.62364 -0.304118
-0.773 -2.43618 -0.165431
-0.772 -1.82793 -0.131499
-0.771 -1.04381 -0.240198
-0.77 -0.394855 -0.503031
-0.769 -0.153777 -0.898093
-0.768 -0.462383 -1.37371
-0.767 -1.278 -1.86086
-0.766 -2.37662 -2.28896
-0.765 -3.41748 -2.60059
-0.764 -4.05287 -2.76294
-0.763 -4.0462 -2.7737
-0.762 -3.35395 -2.65838
-0.761 -2.1417 -2.45807
-0.76 -0.731552 -2.21256
-0.759 0.49883 -1.94706
-0.758 1.23433 -1.66767
-0.757 1.32414 -1.36499
-0.756 0.834073 -1.02224
-0.755 0.0256501 -0.626184
-0.754 -0.736948 -0.180167
-0.753 -1.1202 0.284566
-0.752 -0.944583 0.706878
-0.751 -0.25366 1.00779
-0.75 0.692227 1.11213
-0.749 1.49448 0.969186
-0.748 1.74448 0.56458
-0.747 1.16377 -0.0767796
-0.746 -0.29008 -0.894175
-0.745 -2.39264 -1.80104
-0.744 -4.71221 -2.70337
-0.743 -6.74092 -3.52304
-0.742 -8.05207 -4.21467
-0.741 -8.43161 -4.76623
-0.74 -7.94112 -5.18518
-0.739 -6.89046 -5.48159
-0.738 -5.72672 -5.65752
-0.737 -4.87635 -5.70324
-0.736 -4.59515 -5.59683
-0.735 -4.87908 -5.30772
-0.734 -5.46729 -4.80856
-0.733 -5.93636 -4.09431
-0.732 -5.85494 -3.19716
-0.731 -4.94781 -2.18614
-0.73 -3.21132 -1.15196
-0.729 -0.935233 -0.188086
-0.728 1.37968 0.623079
-0.727 3.17846 1.21881
-0.726 4.02805 1.56312
-0.725 3.75356 1.65121
-0.724 2.49144 1.50557
-0.723 0.643454 1.16311
-0.722 -1.25558 0.662256
-0.721 -2.71493 0.0384562
-0.72 -3.44815 -0.673365
-0.719 -3.45717 -1.43726
-0.718 -3.01222 -2.21929
-0.717 -2.54007 -2.99099
-0.716 -2.46469 -3.72817
-0.715 -3.05609 -4.40624
-0.714 -4.33489 -4.99804
-0.713 -6.06023 -5.47486
-0.712 -7.80477 -5.80603
-0.711 -9.09349 -5.95611
-0.71 -9.5591 -5.88655
-0.709 -9.05921 -5.56745
-0.708 -7.71668 -4.99533
-0.707 -5.87364 -4.20507
-0.706 -3.98051 -3.26848
-0.705 -2.46058 -2.28235
-0.704 -1.59193 -1.35195
-0.703 -1.43732 -0.570971
-0.702 -1.83872 0.00264673
-0.701 -2.47708 0.366138
-0.7 -2.97936 0.570955
-0.699 -3.04025 0.69521
-0.698 -2.52078 0.802472
-0.697 -1.49288 0.909581
-0.696 -0.218888 0.977077
-0.695 0.922952 0.920246
-0.694 1.54325 0.634259
-0.693 1.35092 0.0317072
-0.692 0.242624 -0.912321
-0.691 -1.65134 -2.1262
-0.69 -3.98341 -3.44316
-0.689 -6.27227 -4.64612
-0.688 -8.03451 -5.53664
-0.687 -8.92398 -5.99522
-0.686 -8.83405 -6.01117
-0.685 -7.93281 -5.67955
-0.684 -6.62089 -5.1698
-0.683 -5.41852 -4.66986
-0.682 -4.80558 -4.3169
-0.681 -5.0565 -4.14192
-0.68 -6.12697 -4.05857
-0.679 -7.64389 -3.90715
-0.678 -9.01658 -3.53259
-0.677 -9.63812 -2.85966
-0.676 -9.10887 -1.93668
-0.675 -7.40511 -0.937645
-0.674 -4.93215 -0.12194
-0.673 -2.43408 0.241924
-0.672 -0.774626 -0.0310432
-0.671 -0.649183 -0.968186
-0.67 -2.32307 -2.41829
-0.669 -5.49641 -4.09586
-0.668 -9.35944 -5.67098
-0.667 -12.8337 -6.86824
-0.666 -14.9228 -7.54222
-0.665 -15.0524 -7.70893
-0.664 -13.2751 -7.52292
-0.663 -10.262 -7.20426
-0.662 -7.07474 -6.94026
-0.661 -4.79099 -6.80251
-0.66 -4.11192 -6.71602
-0.659 -5.09248 -6.49215
-0.658 -7.09974 -5.90797
-0.657 -9.02925 -4.8003
-0.656 -9.71425 -3.14402
-0.655 -8.38254 -1.08923
-0.654 -4.98622 1.06093
-0.653 -0.272455 2.93089
-0.652 4.43739 4.18532
-0.651 7.68288 4.62902
-0.65 8.36288 4.25513
-0.649 6.12656 3.22917
-0.648 1.51882 1.82361
-0.647 -4.18173 0.328776
-0.646 -9.38986 -1.03488
-0.645 -12.7599 -2.17757
-0.644 -13.6481 -3.15033
-0.643 -12.3143 -4.09672
-0.642 -9.79323 -5.16595
-0.641 -7.48967 -6.42804
-0.64 -6.65172 -7.82837
-0.639 -7.90652 -9.19445
-0.638 -11.0187 -10.2832
-0.637 -14.9585 -10.8506
-0.636 -18.264 -10.7255
-0.635 -19.5736 -9.87022
-0.634 -18.1327 -8.39959
-0.633 -14.0805 -6.54971
-0.632 -8.41455 -4.605
-0.631 -2.65213 -2.81762
-0.63 1.68282 -1.35056
-0.629 3.56344 -0.257238
-0.628 2.78442 0.507458
-0.627 0.00174024 1.05257
-0.626 -3.52223 1.49961
-0.625 -6.37708 1.92802
-0.624 -7.50144 2.33935
-0.623 -6.54143 2.65595
-0.622 -3.94833 2.75124
-0.621 -0.79089 2.49367
-0.62 1.63864 1.78681
-0.619 2.277 0.598908
-0.618 0.642506 -1.02025
-0.617 -3.02494 -2.94069
-0.616 -7.8693 -4.9773
-0.615 -12.718 -6.93181
-0.614 -16.4653 -8.63453
-0.613 -18.4106 -9.97246
-0.612 -18.4486 -10.9016
-0.611 -17.0548 -11.4465
-0.61 -15.0848 -11.6853
-0.609 -13.4639 -11.7163
-0.608 -12.8799 -11.615
-0.607 -13.577 -11.4004
-0.606 -15.3026 -11.0271
-0.605 -17.4016 -10.4035
-0.604 -19.0172 -9.42483
-0.603 -19.342 -8.01338
-0.602 -17.8583 -6.1618
-0.601 -14.5028 -3.96822
-0.6 -9.70923 -1.64252
-0.599 -4.31068 0.529745
-0.598 0.667538 2.25583
-0.597 4.26519 3.30862
-0.596 5.82762 3.57885
-0.595 5.1758 3.09703
-0.594 2.66451 2.02411
-0.593 -0.899844 0.609031
-0.592 -4.48138 -0.882916
-0.591 -7.12777 -2.24921
-0.59 -8.27688 -3.40219
-0.589 -7.94579 -4.37064
-0.588 -6.72674 -5.25499
-0.587 -5.58389 -6.16047
-0.586 -5.51152 -7.13319
-0.585 -7.15798 -8.1166
-0.584 -10.5357 -8.94231
-0.583 -14.926 -9.36695
-0.582 -19.0401 -9.15195
-0.581 -21.4156 -8.15823
-0.58 -20.9279 -6.41592
-0.579 -17.2311 -4.14129
-0.578 -10.9571 -1.69763
-0.577 -3.58426 0.486248
-0.576 2.98942 2.01946
-0.575 7.03328 2.64799
-0.574 7.54072 2.31799
-0.573 4.56996 1.17769
-0.572 -0.759924 -0.483893
-0.571 -6.63934 -2.33471
-0.57 -11.1932 -4.09607
-0.569 -13.1419 -5.6091
-0.568 -12.2505 -6.85701
-0.567 -9.39544 -7.93731
-0.566 -6.22194 -8.98943
-0.565 -4.51893 -10.1026
-0.564 -5.53327 -11.2435
-0.563 -9.46307 -12.2375
-0.562 -15.3146 -12.8104
-0.561 -21.1901 -12.6699
-0.56 -24.9227 -11.5996
-0.559 -24.8431 -9.54305
-0.558 -20.3977 -6.65397
-0.557 -12.3892 -3.28918
-0.556 -2.75101 0.0636144
-0.555 6.06278 2.90323
-0.554 11.8596 4.83481
-0.553 13.3978 5.65342
-0.552 10.7544 5.37427
-0.551 5.24902 4.20959
-0.55 -1.04442 2.49797
-0.549 -6.02806 0.599745
-0.548 -8.29498 -1.21134
-0.547 -7.57998 -2.81951
-0.546 -4.79807 -4.27437
-0.545 -1.67266 -5.73746
-0.544 -0.0945865 -7.39396
-0.543 -1.43759 -9.35809
-0.542 -6.06293 -11.5965
-0.541 -13.1729 -13.8949
-0.54 -21.0506 -15.89
-0.539 -27.5992 -17.1668
-0.538 -31.0009 -17.3909
-0.537 -30.2855 -16.4249
-0.536 -25.6304 -14.3891
-0.535 -18.3063 -11.6499
-0.534 -10.2885 -8.73794
-0.533 -3.65989 -6.21051
-0.532 0.00704484 -4.49027
-0.531 0.103313 -3.73417
-0.53 -2.85436 -3.78593
-0.529 -7.3935 -4.23459
-0.528 -11.539 -4.55726
-0.527 -13.4218 -4.29528
-0.526 -11.8713 -3.20954
-0.525 -6.8122 -1.37193
-0.524 0.667301 0.839441
-0.523 8.61627 2.85341
-0.522 14.8067 4.09948
-0.521 17.4282 4.21139
-0.52 15.68 3.15973
-0.519 10.0723 1.26395
-0.518 2.32403 -0.916456
-0.517 -5.13948 -2.77212
-0.516 -9.96464 -3.85753
-0.515 -10.6851 -4.06238
-0.514 -7.28587 -3.67472
-0.513 -1.28877 -3.29512
-0.512 4.70327 -3.61934
-0.511 7.87016 -5.16874
-0.51 6.16861 -8.07199
-0.509 -0.87698 -11.9774
-0.508 -11.867 -16.125
-0.507 -23.8443 -19.5569
-0.506 -33.1872 -21.4074
-0.505 -36.8121 -21.1838
-0.504 -33.268 -18.9356
-0.503 -23.3094 -15.2404
-0.502 -9.71307 -11.0048
-0.501 3.6141 -7.15867
-0.5 12.9356 -4.35563
-0.499 15.9526 -2.78335
-0.498 12.6043 -2.14076
-0.497 5.10522 -1.78833
-0.496 -2.83625 -1.02502
-0.495 -7.38106 0.602559
-0.494 -6.01658 3.07916
-0.493 1.44344 5.88283
-0.492 12.7049 8.14867
-0.491 23.7542 8.97013
-0.49 30.2642 7.72528
-0.489 29.1533 4.31573
-0.488 19.7545 -0.759512
-0.487 4.17209 -6.52341
-0.486 -13.3363 -11.8039
-0.485 -27.7674 -15.5907
-0.484 -35.0756 -17.3379
-0.483 -33.551 -17.0995
-0.482 -24.3703 -15.456
-0.481 -11.1321 -13.2726
-0.48 1.43782 -11.3872
-0.479 9.14327 -10.3356
-0.478 9.75406 -10.1995
-0.477 3.72377 -10.6219
-0.476 -6.06196 -10.9851
-0.475 -15.4055 -10.6853
-0.474 -20.3661 -9.39509
-0.473 -18.6986 -7.2091
-0.472 -10.6456 -4.62121
-0.471 1.18004 -2.35499
-0.47 12.7499 -1.11956
-0.469 20.0483 -1.37739
-0.468 20.4611 -3.19409
-0.467 13.6417 -6.21363
-0.466 1.57378 -9.76572
-0.465 -12.1487 -13.0673
-0.464 -23.5359 -15.444
-0.463 -29.4745 -16.4949
-0.462 -28.6388 -16.1559
-0.461 -21.7713 -14.6611
-0.46 -11.2877 -12.436
-0.459 -0.384694 -9.96339
-0.458 8.01556 -7.66149
-0.457 12.1181 -5.80048
-0.456 11.6574 -4.47417
-0.455 7.79378 -3.6214
-0.454 2.61557 -3.07733
-0.453 -1.55825 -2.63568
-0.452 -2.87253 -2.11143
-0.451 -0.455899 -1.39904
-0.45 5.36091 -0.518225
-0.449 13.1737 0.366312
-0.448 20.9135 0.964593
-0.447 26.3913 0.92469
-0.446 27.8434 -0.0663894
-0.445 24.386 -2.16176
-0.444 16.3137 -5.2485
-0.443 5.15494 -8.90494
-0.442 -6.60337 -12.4604
-0.441 -16.1267 -15.1603
-0.44 -21.0364 -16.3921
-0.439 -20.1567 -15.8982
-0.438 -13.966 -13.8962
-0.437 -4.59439 -11.057
-0.436 4.68455 -8.32641
-0.435 10.4001 -6.63035
-0.434 10.041 -6.55262
-0.433 3.04847 -8.10495
-0.432 -8.76823 -10.6884
-0.431 -21.6401 -13.2787
-0.43 -31.0015 -14.7803
-0.429 -33.0345 -14.4282
-0.428 -26.0731 -12.0883
-0.427 -11.3663 -8.34351
-0.426 7.12091 -4.31859
-0.425 23.8919 -1.29357
-0.424 33.7542 -0.236535
-0.423 33.687 -1.42659
-0.422 24.0367 -4.31273
-0.421 8.54555 -7.6758
-0.42 -6.85768 -10.0526
-0.419 -16.1254 -10.2779
-0.418 -15.3115 -7.94455
-0.417 -4.13982 -3.60149
-0.416 13.6972 1.3937
-0.415 31.6933 5.31862
-0.414 42.7727 6.66941
-0.413 41.8322 4.68263
-0.412 27.6607 -0.382271
-0.411 3.53607 -7.306
-0.41 -23.7476 -14.3137
-0.409 -46.1318 -19.688
-0.408 -57.0746 -22.3627
-0.407 -53.8616 -22.2664
-0.406 -38.5663 -20.2902
-0.405 -17.2767 -17.9096
-0.404 2.11756 -16.6132
-0.403 12.7414 -17.3427
-0.402 11.142 -20.13
-0.401 -1.52312 -24.0575
-0.4 -19.907 -27.5696
-0.399 -36.3815 -29.036
-0.398 -43.8004 -27.3537
-0.397 -38.1254 -22.3545
-0.396 -19.9187 -14.8725
-0.395 5.85913 -6.46764
-0.394 31.6122 1.07434
-0.393 49.7194 6.28972
-0.392 55.0515 8.4607
-0.391 46.5935 7.78369
-0.39 27.6905 5.22802
-0.389 4.846 2.13949
-0.388 -14.5368 -0.256082
-0.387 -24.6765 -1.26203
-0.386 -23.279 -0.897801
-0.385 -12.0978 0.175053
-0.384 3.90812 0.936441
-0.383 18.4003 0.392931
-0.382 25.795 -2.06388
-0.381 23.0403 -6.44091
-0.38 10.5266 -12.1325
-0.379 -8.12156 -18.1007
-0.378 -27.2898 -23.1703
-0.377 -41.2202 -26.3432
-0.376 -45.8251 -27.0527
-0.375 -39.8815 -25.295
-0.374 -25.2917 -21.6068
-0.373 -6.41241 -16.8951
-0.372 11.2904 -12.1821
-0.371 22.8557 -8.34775
-0.37 25.254 -5.93591
-0.369 18.2297 -5.04874
-0.368 4.33495 -5.33797
-0.367 -11.8426 -6.11248
-0.366 -25.0428 -6.56442
-0.365 -30.9192 -6.05862
-0.364 -27.401 -4.3796
-0.363 -15.4101 -1.83892
-0.362 1.32538 0.790836
-0.361 17.3393 2.4852
-0.36 27.0746 2.26812
-0.359 26.6335 -0.453418
-0.358 15.127 -5.60965
-0.357 -4.80916 -12.3669
-0.356 -27.5904 -19.2932
-0.355 -46.3026 -24.7661
-0.354 -54.9238 -27.479
-0.353 -50.4029 -26.8587
-0.352 -33.825 -23.2541
-0.351 -10.2118 -17.8416
-0.35 13.0046 -12.2714
-0.349 28.3666 -8.13623
-0.348 30.8956 -6.42459
-0.347 19.8986 -7.16419
-0.346 -0.606069 -9.41577
-0.345 -23.1276 -11.641
-0.344 -39.286 -12.3095
-0.343 -42.851 -10.5131
-0.342 -32.0952 -6.36166
-0.341 -10.5653 -1.01963
-0.34 14.0253 3.63975
-0.339 32.4044 5.66329
-0.338 36.9682 3.71855
-0.337 24.528 -2.39033
-0.336 -2.39719 -11.5908
-0.335 -36.2608 -21.8517
-0.334 -66.9887 -30.8295
-0.333 -85.4462 -36.6215
-0.332 -86.6039 -38.3615
-0.331 -71.2219 -36.4479
-0.33 -45.4521 -32.3245
-0.329 -18.5502 -27.8993
-0.328 0.432082 -24.8255
-0.327 5.77915 -23.9151
-0.326 -3.00164 -24.886
-0.325 -21.1518 -26.514
-0.324 -40.4841 -27.1197
-0.323 -52.4088 -25.2177
-0.322 -51.0651 -20.0954
-0.321 -35.4048 -12.1124
-0.32 -9.4837 -2.60612
-0.319 19.0778 6.55353
-0.318 41.7995 13.5726
-0.317 52.1718 17.2697
-0.316 47.6546 17.3691
-0.315 30.272 14.4909
-0.314 5.71691 9.88087
-0.313 -18.6635 4.97739
-0.312 -36.2933 0.952321
-0.311 -43.3791 -1.62683
-0.31 -39.8457 -2.89965
-0.309 -28.962 -3.55845
-0.308 -15.9319 -4.52788
-0.307 -6.07862 -6.62702
-0.306 -3.26013 -10.327
-0.305 -8.92234 -15.6362
-0.304 -21.9084 -22.0957
-0.303 -38.94 -28.8655
-0.302 -55.5808 -34.8976
-0.301 -67.4366 -39.1732
-0.3 -71.2961 -40.943
-0.299 -65.9186 -39.895
-0.298 -52.3033 -36.2137
-0.297 -33.4504 -30.5454
-0.296 -13.7201 -23.8873
-0.295 2.11394 -17.3906
-0.294 10.0332 -12.0754
-0.293 7.99206 -8.51567
-0.292 -3.18199 -6.62407
-0.291 -19.6629 -5.66538
-0.29 -35.5422 -4.52935
-0.289 -44.6212 -2.17051
-0.288 -42.5244 1.93999
-0.287 -28.4279 7.49569
-0.286 -5.79552 13.283
-0.285 18.2381 17.4264
-0.284 34.8566 17.9373
-0.283 36.4823 13.4225
-0.282 19.7047 3.69445
-0.281 -12.9535 -9.987
-0.28 -53.3227 -25.1767
-0.279 -90.0322 -38.9402
-0.278 -112.328 -48.7509
-0.277 -113.903 -53.2843
-0.276 -95.3413 -52.8294
-0.275 -64.2112 -49.1453
-0.274 -32.635 -44.7785
-0.273 -13.0121 -42.0642
-0.272 -13.3528 -42.1829
-0.271 -33.9838 -44.6466
-0.27 -67.018 -47.4371
-0.269 -98.9787 -47.7688
-0.268 -115.727 -43.2156
-0.267 -107.885 -32.7852
-0.266 -74.6851 -17.5136
-0.265 -24.7132 -0.317668
-0.264 26.8106 14.8722
-0.263 63.2861 24.3903
-0.262 72.6449 26.0599
-0.261 51.775 19.9271
-0.26 7.81223 8.24485
-0.259 -44.2693 -5.29765
-0.258 -86.9962 -16.8484
-0.257 -106.735 -23.7138
-0.256 -98.6127 -25.2208
-0.255 -68.093 -22.7827
-0.254 -28.6421 -19.1628
-0.253 3.52801 -17.2621
-0.252 15.5766 -18.9195
-0.251 2.77281 -24.162
-0.25 -29.7913 -31.1525
-0.249 -69.1032 -36.8491
-0.248 -99.1107 -38.1581
-0.247 -106.821 -33.1634
-0.246 -87.2718 -21.947
-0.245 -45.3951 -6.66085
-0.244 5.91525 9.17504
-0.243 50.6101 21.8399
-0.242 75.1847 28.5844
-0.241 73.165 28.4024
-0.24 46.9291 22.1851
-0.239 6.39911 12.2523
-0.238 -34.8372 1.44375
-0.237 -64.5452 -7.89915
-0.236 -76.1064 -14.675
-0.235 -70.3869 -19.2113
-0.234 -54.6013 -22.8648
-0.233 -38.8705 -27.2554
-0.232 -32.0673 -33.4852
-0.231 -38.6128 -41.6496
-0.23 -57.2673 -50.785
-0.229 -82.0823 -59.2204
-0.228 -104.931 -65.1711
-0.227 -118.573 -67.3384
-0.226 -119.106 -65.3003
-0.225 -106.927 -59.5674
-0.224 -86.0204 -51.3201
-0.223 -62.0433 -41.9695
-0.222 -40.2001 -32.7432
-0.221 -23.811 -24.4537
-0.22 -14.0091 -17.4969
-0.219 -10.362 -12.0082
-0.218 -11.8031 -8.03321
-0.217 -17.2619 -5.59744
-0.216 -25.7206 -4.65494
-0.215 -35.8644 -4.98675
-0.214 -45.7353 -6.14894
-0.213 -52.7713 -7.53215
-0.212 -54.4095 -8.54053
-0.211 -49.1553 -8.84567
-0.21 -37.7225 -8.61989
-0.209 -23.6123 -8.6143
-0.208 -12.5274 -9.96713
-0.207 -10.4654 -13.7434
-0.206 -21.092 -20.3785
-0.205 -43.6013 -29.2995
-0.204 -72.23 -38.939
-0.203 -97.8594 -47.1706
-0.202 -111.197 -52.0119
-0.201 -106.367 -52.3417
-0.2 -83.5725 -48.3711
-0.199 -49.7409 -41.6657
-0.198 -16.6319 -34.6473
-0.197 3.24841 -29.6904
-0.196 1.58906 -28.1418
-0.195 -21.9398 -29.6839
-0.194 -58.8403 -32.3478
-0.193 -94.4913 -33.2173
-0.192 -113.473 -29.5652
-0.191 -105.464 -19.9943
-0.19 -69.4482 -5.14751
-0.189 -14.6452 12.2894
-0.188 42.2835 28.3298
-0.187 82.9162 38.9468
-0.186 93.7371 41.4221
-0.185 71.318 35.2864
-0.184 23.8851 22.475
-0.183 -31.5694 6.60929
-0.182 -75.6574 -8.33854
-0.181 -93.951 -19.4789
-0.18 -82.3987 -25.9723
-0.179 -48.7326 -29.1731
-0.178 -9.44362 -31.9285
-0.177 16.4646 -37.3197
-0.176 14.6788 -47.3107
-0.175 -18.819 -61.7863
-0.174 -75.8301 -78.3457
-0.173 -138.595 -92.9794
-0.172 -186.209 -101.425
-0.171 -202.358 -100.69
-0.17 -181.263 -90.1341
-0.169 -129.534 -71.7025
-0.168 -63.4497 -49.2796
-0.167 -2.99918 -27.4643
-0.166 34.9962 -10.2113
-0.165 42.3328 0.237891
-0.164 21.7256 3.82282
-0.163 -14.7746 2.38648
-0.162 -50.6941 -1.24414
-0.161 -71.5088 -4.45094
-0.16 -69.9331 -5.80253
-0.159 -48.0751 -5.45231
-0.158 -15.8917 -4.87873
-0.157 13.0442 -6.16002
-0.156 26.6005 -11.096
-0.155 18.1811 -20.4642
-0.154 -11.3063 -33.6189
-0.153 -54.0234 -48.5477
-0.152 -97.9813 -62.3706
-0.151 -131.009 -72.1157
-0.15 -144.488 -75.5112
-0.149 -135.592 -71.5532
-0.148 -107.447 -60.7073
-0.147 -67.5125 -44.7396
-0.146 -25.0748 -26.2692
-0.145 11.2104 -8.18312
-0.144 35.0967 6.95399
-0.143 43.6979 17.3868
-0.142 37.7288 22.4797
-0.141 21.1525 22.7843
-0.14 0.219434 19.8041
-0.139 -18.0981 15.4663
-0.138 -28.0003 11.4484
-0.137 -26.5476 8.59962
-0.136 -14.6444 6.65932
-0.135 2.90632 4.34849
-0.134 18.3203 -0.20742
-0.133 22.7707 -8.80736
-0.132 9.26584 -22.382
-0.131 -24.2087 -40.3179
-0.13 -72.6761 -60.2373
-0.129 -124.67 -78.4691
-0.128 -165.552 -91.1297
-0.127 -182.471 -95.4038
-0.126 -169.034 -90.5309
-0.125 -128.031 -78.1611
-0.124 -71.3113 -61.9771
-0.123 -16.6348 -46.6595
-0.122 17.987 -36.4235
-0.121 20.8716 -33.5633
-0.12 -8.36782 -37.5764
-0.119 -57.9145 -45.3155
-0.118 -107.739 -52.1921
-0.117 -137.048 -53.9639
-0.116 -132.201 -48.3901
-0.115 -92.0272 -36.1215
-0.114 -28.613 -20.5202
-0.113 36.7367 -6.47767
-0.112 81.0761 1.36506
-0.111 88.343 0.376943
-0.11 55.6845 -8.98086
-0.109 -5.00187 -23.2037
-0.108 -71.1988 -36.9719
-0.107 -118.205 -45.134
-0.106 -128.616 -44.6718
-0.105 -99.0043 -35.8429
-0.104 -41.0489 -22.0319
-0.103 23.1888 -8.40866
-0.102 69.7224 0.0171656
-0.101 81.4049 0.179226
-0.1 53.9007 -8.02313
-0.099 -2.97212 -21.7494
-0.098 -68.9058 -36.2644
-0.097 -120.659 -46.6741
-0.096 -140.836 -49.7161
-0.095 -124.282 -44.8611
-0.094 -79.2697 -34.2493
-0.093 -23.1661 -21.5706
-0.092 24.9517 -10.5052
-0.091 51.2466 -3.43644
-0.09 51.19 -0.845319
-0.089 30.0173 -1.44298
-0.088 -0.0600105 -2.89476
-0.087 -24.936 -2.88209
-0.086 -34.2763 -0.117966
-0.085 -25.3913 5.12593
-0.084 -3.46444 11.2299
-0.083 21.7575 16.0217
-0.082 40.6854 17.6878
-0.081 47.4651 15.3448
-0.08 41.0924 9.09468
-0.079 24.3086 -0.324349
-0.078 1.31586 -12.0384
-0.077 -24.5021 -25.4153
-0.076 -51.7597 -40.1105
-0.075 -80.5151 -55.7552
-0.074 -110.358 -71.5038
-0.073 -138.507 -85.7795
-0.072 -159.354 -96.4396
-0.071 -166.014 -101.348
-0.07 -153.372 -99.1801
-0.069 -121.468 -90.1886
-0.068 -77.6374 -76.5921
-0.067 -35.6689 -62.1888
-0.066 -11.132 -51.0695
-0.065 -14.3314 -45.8802
-0.064 -44.5349 -46.5521
-0.063 -88.9289 -50.2378
-0.062 -127.007 -52.4797
-0.061 -138.286 -49.0301
-0.06 -110.4 -37.6469
-0.059 -45.1512 -19.3535
-0.058 39.6604 1.3082
-0.057 114.672 17.4796
-0.056 149.762 22.587
-0.055 127.323 13.3453
-0.054 51.3177 -8.38986
-0.053 -52.8675 -35.938
-0.052 -147.588 -60.0926
-0.051 -196.789 -72.3412
-0.05 -179.305 -67.8447
-0.049 -97.4886 -47.2951
-0.048 21.8789 -16.9889
-0.047 136.097 13.2373
-0.046 202.676 33.7385
-0.045 196.745 38.9538
-0.044 121.655 29.6542
-0.043 7.97956 12.5584
-0.042 -98.2147 -2.39565
-0.041 -152.855 -5.97405
-0.04 -130.771 6.64774
-0.039 -36.0808 33.7066
-0.038 98.3086 67.1515
-0.037 222.902 95.5401
-0.036 290.944 108.432
-0.035 276.506 100.371
-0.034 183.957 72.8667
-0.033 45.9552 33.8011
-0.032 -88.5532 -5.3589
-0.031 -172.337 -33.6371
-0.03 -178.015 -44.5899
-0.029 -109.179 -38.7212
-0.028 1.23707 -23.041
-0.027 105.262 -7.84986
-0.026 159.769 -2.36477
-0.025 142.468 -11.2498
-0.024 58.4794 -33.2174
-0.023 -62.7548 -61.7335
-0.022 -178.194 -87.3901
-0.021 -246.949 -101.374
-0.02 -246.515 -99.0111
-0.019 -182.275 -81.7964
-0.018 -84.3335 -56.6426
-0.017 7.12636 -32.6541
-0.016 59.344 -17.3079
-0.015 58.4361 -13.946
-0.014 11.7671 -21.2211
-0.013 -56.828 -34.091
-0.012 -116.385 -45.8215
-0.011 -140.786 -50.5832
-0.01 -119.872 -45.8857
-0.009 -63.9045 -33.6036
-0.008 2.38104 -18.7802
-0.007 52.871 -6.87666
-0.006 72.0322 -1.21193
-0.005 59.7055 -1.89075
-0.004 28.6122 -6.2854
-0.003 -2.40784 -10.4548
-0.002 -16.7387 -10.9198
-0.001 -7.64582 -6.2948
0 18.0802 1.93663
0.001 43.7409 10.1881
0.002 52.6434 14.8721
0.003 38.0208 14.5054
0.004 6.64343 10.4704
0.005 -24.8316 6.23555
0.006 -37.527 5.72321
0.007 -18.6966 11.5388
0.008 31.5084 23.5595
0.009 97.545 38.4607
0.01 153.279 50.7906
0.011 173.953 55.5247
0.012 149.296 50.8068
0.013 89.4793 39.1356
0.014 20.6494 26.3325
0.015 -26.189 19.1088
0.016 -27.1668 22.4757
0.017 25.093 37.7546
0.018 116.691 61.5961
0.019 214.825 86.5419
0.02 279.251 103.528
0.021 279.811 105.688
0.022 211.09 91.5625
0.023 95.5891 65.8385
0.024 -25.7738 37.3125
0.025 -109.913 15.3533
0.026 -127.344 6.44778
0.027 -72.916 11.8498
0.028 31.0823 26.8929
0.029 141.502 42.3946
0.03 210.33 48.1101
0.031 204.59 37.0821
0.032 120.669 8.83481
0.033 -14.0428 -30.1946
0.034 -152.275 -69.0692
0.035 -245.029 -96.3826
0.036 -259.596 -104.313
0.037 -191.582 -91.3841
0.038 -66.9174 -63.0394
0.039 67.5952 -29.6677
0.04 162.389 -2.64771
0.041 184.488 10.0133
0.042 129.734 6.55818
0.043 23.3047 -8.21933
0.044 -90.6819 -25.143
0.045 -166.098 -34.3422
0.046 -172.313 -29.1482
0.047 -105.939 -8.79834
0.048 8.1522 21.1903
0.049 127.434 51.2488
0.05 209.143 71.6121
0.051 226.443 76.0217
0.052 176.964 63.7827
0.053 81.9 39.6993
0.054 -22.6337 12.2284
0.055 -98.9287 -9.48203
0.056 -121.547 -18.7889
0.057 -86.5018 -13.8299
0.058 -11.4111 2.16141
0.059 73.5546 22.6842
0.06 138.958 40.9365
0.061 166.928 52.3936
0.062 155.628 56.0053
0.063 117.431 53.953
0.064 72.8538 50.4031
0.065 42.4432 49.7368
0.066 39.0432 54.7623
0.067 63.404 65.5722
0.068 105.218 79.6034
0.069 148.887 92.8717
0.07 180.572 101.663
0.071 192.891 103.79
0.072 185.786 98.9755
0.073 164.39 88.4734
0.074 135.628 74.3279
0.075 105.155 58.6061
0.076 75.8037 42.864
0.077 48.0317 28.001
0.078 21.8095 14.4934
0.079 -1.48297 2.79426
0.08 -18.5014 -6.40818
0.081 -25.0942 -12.261
0.082 -18.5542 -14.1151
0.083 0.106582 -11.9967
0.084 25.0456 -6.91793
0.085 46.7004 -0.775096
0.086 55.3642 4.26044
0.087 45.8968 6.65855
0.088 21.0096 6.28561
0.089 -8.9862 4.54784
0.09 -30.0493 3.81061
0.091 -30.0426 6.37167
0.092 -3.78082 13.4258
0.093 44.1944 24.3823
0.094 100.066 36.7768
0.095 144.804 46.9153
0.096 161.107 51.1818
0.097 140.77 47.5801
0.098 88.9744 36.7963
0.099 23.0863 22.1924
0.1 -33.7356 8.66257
0.101 -61.2772 0.84799
0.102 -49.7842 1.444
0.103 -3.6083 10.2067
0.104 60.135 23.9768
0.105 117.53 37.7356
0.106 146.61 46.393
0.107 135.784 46.6989
0.108 88.5231 38.5222
0.109 22.2021 24.9378
0.11 -38.5695 11.0569
0.111 -71.3876 2.07856
0.112 -64.4418 1.3549
0.113 -20.6128 9.22056
0.114 44.0841 22.994
0.115 106.818 38.0859
0.116 146.433 49.7462
0.117 150.969 54.7916
0.118 121.644 52.7172
0.119 72.0409 45.8201
0.12 22.8044 38.2906
0.121 -6.21841 34.581
0.122 -3.36128 37.6696
0.123 30.9308 47.9224
0.124 85.0384 62.9966
0.125 141.115 78.7432
0.126 181.604 90.6418
0.127 194.801 95.1989
0.128 177.946 90.902
0.129 137.319 78.537
0.13 85.5659 60.8198
0.131 37.103 41.4468
0.132 3.25075 23.8823
0.133 -11.0162 10.3559
0.134 -7.5554 1.45133
0.135 6.90492 -3.65396
0.136 23.8023 -6.54799
0.137 35.5047 -8.87454
0.138 37.1826 -11.7597
0.139 27.7336 -15.4551
0.14 9.80674 -19.2508
0.141 -11.064 -21.698
0.142 -28.037 -21.0964
0.143 -34.7973 -16.0788
0.144 -27.1428 -6.08423
0.145 -4.04067 8.4096
0.146 31.8854 25.8995
0.147 74.4812 44.0701
0.148 114.966 60.1766
0.149 143.755 71.5703
0.15 153.028 76.2909
0.151 139.386 73.5891
0.152 105.592 64.2093
0.153 60.4399 50.2882
0.154 16.4614 34.8388
0.155 -13.9553 20.9406
0.156 -22.6918 10.8894
0.157 -8.79063 5.58879
0.158 20.9509 4.39048
0.159 54.023 5.43798
0.16 76.4424 6.42605
0.161 77.973 5.5678
0.162 56.4794 2.4471
0.163 19.4929 -1.61222
0.164 -18.043 -3.89997
0.165 -39.2357 -1.33352
0.166 -31.7904 8.25295
0.167 6.97895 25.0702
0.168 68.5736 46.9957
0.169 135.717 69.9924
0.17 187.972 89.2041
0.171 208.795 100.412
0.172 191.605 101.398
0.173 142.505 92.6983
0.174 78.3016 77.4153
0.175 20.3568 60.0862
0.176 -13.3287 45.0518
0.177 -14.6195 34.9713
0.178 12.1302 30.043
0.179 52.1322 28.1726
0.18 85.9562 25.9793
0.181 96.9071 20.2607
0.182 77.3636 9.39074
0.183 31.768 -5.87344
0.184 -24.9379 -22.5027
0.185 -72.9384 -36.2177
0.186 -95.0713 -43.0399
0.187 -83.2599 -40.7664
0.188 -41.3395 -29.7943
0.189 16.6659 -12.9942
0.19 71.9199 5.29242
0.191 107.598 20.7286
0.192 114.632 30.3812
0.193 94.4365 33.5587
0.194 57.8129 31.8296
0.195 20.5409 28.2495
0.196 -2.65565 26.0948
0.197 -3.46368 27.5808
0.198 17.3973 33.0543
0.199 51.1787 40.9643
0.2 85.0617 48.5826
0.201 107.223 53.128
0.202 110.948 52.8095
0.203 96.4295 47.4107
0.204 69.9598 38.2674
0.205 41.0976 27.7157
0.206 18.9814 18.2396
0.207 9.15566 11.6261
0.208 12.0649 8.43926
0.209 23.6847 8.00876
0.21 37.8005 8.90612
0.211 48.7165 9.65069
0.212 53.1515 9.30747
0.213 50.7238 7.7493
0.214 43.2245 5.5571
0.215 33.3535 3.6844
0.216 23.6025 3.06042
0.217 15.6945 4.2815
0.218 10.6505 7.48642
0.219 9.25948 12.4366
0.22 12.5233 18.7287
0.221 21.6263 25.9971
0.222 37.2526 33.9725
0.223 58.5439 42.3651
0.224 82.3599 50.6649
0.225 103.509 58.0187
0.226 116.18 63.3121
0.227 116.152 65.4697
0.228 102.804 63.8589
0.229 79.933 58.6068
0.23 54.8293 50.6641
0.231 35.7975 41.5576
0.232 29.0081 32.8998
0.233 35.8647 25.8269
0.234 51.9757 20.5771
0.235 68.3461 16.4026
0.236 74.6294 11.9105
0.237 63.377 5.75287
0.238 33.5793 -2.60783
0.239 -8.13653 -12.4155
0.24 -49.3803 -21.6772
0.241 -76.3269 -27.7692
0.242 -78.8342 -28.366
0.243 -54.4088 -22.3506
0.244 -9.55833 -10.3785
0.245 42.0459 5.12699
0.246 84.1283 20.6124
0.247 103.608 32.5017
0.248 95.4915 38.3903
0.249 64.8341 37.8453
0.25 24.8426 32.4728
0.251 -8.18568 25.2264
0.252 -21.0642 19.2432
0.253 -8.67025 16.6574
0.254 24.1384 17.8198
0.255 64.2841 21.1955
0.256 95.2987 23.9949
0.257 103.542 23.3313
0.258 83.5283 17.4786
0.259 40.2674 6.7239
0.26 -12.3693 -6.54754
0.261 -56.669 -18.5852
0.262 -77.5132 -25.5482
0.263 -67.7711 -24.842
0.264 -30.7038 -16.0333
0.265 21.3876 -1.02172
0.266 71.6802 16.5893
0.267 104.832 32.6949
0.268 112.288 44.0294
0.269 94.986 49.1643
0.27 62.5417 48.8135
0.271 29.3014 45.3617
0.272 8.83747 41.813
0.273 8.98432 40.5751
0.274 29.2349 42.5377
0.275 61.338 46.7817
0.276 92.6854 50.999
0.277 111.063 52.4267
0.278 108.962 48.923
0.279 85.9918 39.7949
0.28 48.696 26.105
0.281 8.02011 10.372
0.282 -24.5917 -4.22391
0.283 -41.0364 -14.8456
0.284 -38.9678 -19.8551
0.285 -22.0147 -19.2182
0.286 2.07125 -14.3426
0.287 24.4173 -7.46588
0.288 37.9766 -0.858927
0.289 39.4821 3.8743
0.29 29.9822 6.20252
0.291 14.0135 6.68819
0.292 -2.18747 6.64771
0.293 -12.8058 7.58104
0.294 -14.2034 10.5784
0.295 -5.76699 15.9205
0.296 10.2922 22.9995
0.297 29.8995 30.546
0.298 48.3558 37.0349
0.299 61.4771 41.1204
0.3 66.4691 41.979
0.301 62.4871 39.494
0.302 50.8191 34.2546
0.303 34.6059 27.3776
0.304 18.0839 20.1969
0.305 5.50166 13.9127
0.306 -0.0140528 9.30223
0.307 2.63404 6.56761
0.308 12.0571 5.3426
0.309 24.5498 4.83783
0.31 34.9769 4.085
0.311 38.2829 2.23618
0.312 31.2537 -1.13842
0.313 13.9085 -5.8422
0.314 -10.1028 -11.0293
0.315 -34.3851 -15.4089
0.316 -51.7426 -17.6253
0.317 -56.5464 -16.6874
0.318 -46.7228 -12.3056
0.319 -24.6649 -5.02942
0.32 3.30715 3.85548
0.321 28.8774 12.6595
0.322 44.511 19.7783
0.323 46.1335 24.1925
0.324 34.6793 25.7902
0.325 15.8429 25.3719
0.326 -1.94257 24.3215
0.327 -10.5765 24.065
0.328 -5.28477 25.5215
0.329 13.547 28.7409
0.33 40.3527 32.8477
0.331 66.2105 36.3142
0.332 81.9264 37.4886
0.333 81.3183 35.2057
0.334 63.5113 29.2605
0.335 33.3704 20.5582
0.336 -0.127127 10.8724
0.337 -26.9975 2.29619
0.338 -39.6812 -3.41159
0.339 -35.5521 -5.35672
0.34 -17.6466 -3.74169
0.341 6.57006 0.265804
0.342 27.9087 4.97245
0.343 38.665 8.74908
0.344 35.2294 10.5674
0.345 19.2183 10.3037
0.346 -3.25178 8.71033
0.347 -23.864 7.07647
0.348 -35.1079 6.70686
0.349 -32.8762 8.41486
0.35 -17.7508 12.2107
0.351 5.37441 17.287
0.352 29.0749 22.2867
0.353 45.8961 25.7442
0.354 50.7446 26.5467
0.355 42.4361 24.2765
0.356 23.9313 19.3358
0.357 1.21058 12.8188
0.358 -18.7877 6.17554
0.359 -30.4114 0.782022
0.36 -30.9562 -2.43538
0.361 -21.2735 -3.20349
0.362 -5.25993 -1.8943
0.363 11.5002 0.65854
0.364 23.498 3.44491
0.365 26.9653 5.5852
0.366 20.9666 6.5834
0.367 7.60334 6.45859
0.368 -8.71184 5.71303
0.369 -22.6529 5.14557
0.37 -29.6065 5.57287
0.371 -27.0495 7.54848
0.372 -15.305 11.1599
0.373 2.52073 15.954
0.374 21.409 21.0101
0.375 35.8787 25.1529
0.376 41.6155 27.2649
0.377 36.8102 26.6187
0.378 22.7924 23.1282
0.379 3.71622 17.422
0.38 -14.6739 10.6952
0.381 -26.8539 4.37489
0.382 -29.33 -0.298155
0.383 -21.8328 -2.64026
0.384 -7.48176 -2.72674
0.385 8.15848 -1.35404
0.386 18.8619 0.241781
0.387 19.8447 0.836124
0.388 9.52462 -0.307893
0.389 -9.71111 -3.11537
0.39 -32.1064 -6.6669
0.391 -50.3898 -9.48871
0.392 -58.2473 -10.0686
0.393 -52.5181 -7.41346
0.394 -34.3345 -1.45081
0.395 -8.82621 6.86882
0.396 16.5151 15.8152
0.397 34.3108 23.4024
0.398 39.8172 28.0274
0.399 32.6011 28.9954
0.4 16.6934 26.7354
0.401 -0.895049 22.6199
0.402 -12.7545 18.4551
0.403 -13.7736 15.8277
0.404 -2.96953 15.5435
0.405 16.1628 17.3569
0.406 36.8662 20.0848
0.407 51.4892 22.0675
0.408 54.2073 21.8078
0.409 43.1329 18.5551
0.41 21.024 12.6174
0.411 -5.68496 5.29055
0.412 -29.1567 -1.57054
0.413 -42.8625 -6.18721
0.414 -43.7436 -7.46966
0.415 -33.0975 -5.38247
0.416 -15.9387 -0.931182
0.417 0.892813 4.21555
0.418 11.184 8.31617
0.419 11.4848 10.1399
0.42 2.1825 9.34712
0.421 -12.8238 6.553
0.422 -27.6696 3.06016
0.423 -36.6821 0.356639
0.424 -36.3594 -0.436739
0.425 -26.4916 1.04353
0.426 -10.0811 4.31989
0.427 7.84386 8.30475
0.428 22.0284 11.7271
0.429 28.7366 13.5829
0.43 26.8562 13.4621
0.431 18.055 11.6593
0.432 6.01765 9.03858
0.433 -4.91406 6.69658
0.434 -11.2115 5.55294
0.435 -11.2406 6.03338
0.436 -5.61554 7.96282
0.437 3.22541 10.6796
0.438 11.9803 13.2903
0.439 17.5847 14.9585
0.44 18.0944 15.1441
0.441 13.1347 13.7353
0.442 3.86743 11.0404
0.443 -7.45367 7.64712
0.444 -18.1804 4.21505
0.445 -26.0032 1.29207
0.446 -29.5044 -0.784959
0.447 -28.4045 -1.90448
0.448 -23.5037 -2.14448
0.449 -16.4031 -1.71413
0.45 -9.09263 -0.882185
0.451 -3.47161 0.0958067
0.452 -0.867596 1.03128
0.453 -1.65758 1.82762
0.454 -5.11913 2.4879
0.455 -9.59229 3.11758
0.456 -12.9367 3.9116
0.457 -13.178 5.10099
0.458 -9.17463 6.85544
0.459 -1.10851 9.17784
0.46 9.38889 11.8423
0.461 19.5827 14.4057
0.462 26.4166 16.2956
0.463 27.514 16.9588
0.464 22.0583 16.0464
0.465 11.2181 13.5765
0.466 -2.07653 9.99999
0.467 -13.9869 6.11604
0.468 -20.992 2.85068
0.469 -21.0792 0.977943
0.47 -14.4681 0.882467
0.471 -3.58115 2.43926
0.472 7.764 5.04966
0.473 15.6758 7.83553
0.474 17.5667 9.94353
0.475 13.0975 10.854
0.476 4.33054 10.568
0.477 -4.99595 9.5885
0.478 -10.8386 8.70538
0.479 -10.3714 8.66917
0.48 -3.08959 9.87564
0.481 8.92497 12.1699
0.482 21.6778 14.8446
0.483 30.6287 16.8519
0.484 32.2731 17.1681
0.485 25.3937 15.1802
0.486 11.5409 10.9403
0.487 -5.45158 5.189
0.488 -20.765 -0.861288
0.489 -30.2394 -5.90173
0.49 -31.7559 -8.93294
0.491 -25.859 -9.56475
0.492 -15.434 -8.10685
0.493 -4.60265 -5.41613
0.494 2.75705 -2.55771
0.495 4.36143 -0.409847
0.496 0.282016 0.639047
0.497 -7.15321 0.794849
0.498 -14.2831 0.733915
0.499 -17.5099 1.304
0.5 -14.6325 3.16413
0.501 -5.63131 6.49815
0.502 7.34057 10.9084
0.503 20.7029 15.5262
0.504 30.6535 19.2933
0.505 34.4291 21.3096
0.506 31.199 21.1254
0.507 22.287 18.882
0.508 10.6498 15.252
0.509 -0.175963 11.2045
0.51 -7.25394 7.68389
0.511 -9.13924 5.32033
0.512 -6.21866 4.27149
0.513 -0.443818 4.2351
0.514 5.42088 4.60802
0.515 8.778 4.72707
0.516 8.07485 4.11141
0.517 3.28259 2.62815
0.518 -4.17166 0.525009
0.519 -11.9586 -1.67774
0.52 -17.6541 -3.38721
0.521 -19.515 -4.14673
0.522 -16.9967 -3.77764
0.523 -10.8833 -2.41771
0.524 -3.00133 -0.460415
0.525 4.38926 1.57799
0.526 9.32569 3.2249
0.527 10.7475 4.2003
0.528 8.78504 4.49638
0.529 4.66411 4.36048
0.53 0.289292 4.1945
0.531 -2.3573 4.41555
0.532 -1.83655 5.32674
0.533 2.28308 7.02923
0.534 9.26903 9.38866
0.535 17.438 12.0624
0.536 24.6705 14.5854
0.537 29.0542 16.4909
0.538 29.4523 17.4298
0.539 25.8339 17.2491
0.54 19.2748 16.0154
0.541 11.622 13.9826
0.542 4.90731 11.5187
0.543 0.691448 9.00581
0.544 -0.429136 6.73921
0.545 1.02193 4.85558
0.546 3.63018 3.31746
0.547 5.61606 1.95853
0.548 5.47989 0.572762
0.549 2.5593 -0.981979
0.55 -2.68691 -2.69832
0.551 -8.78294 -4.38194
0.552 -13.7166 -5.68226
0.553 -15.6347 -6.1909
0.554 -13.4968 -5.5787
0.555 -7.45312 -3.72188
0.556 1.17579 -0.771052
0.557 10.298 2.86116
0.558 17.6964 6.59179
0.559 21.7175 9.81449
0.56 21.7769 12.0602
0.561 18.5016 13.1198
0.562 13.4528 13.0838
0.563 8.53737 12.2797
0.564 5.33714 11.1346
0.565 4.59706 10.0188
0.566 6.03442 9.12747
0.567 8.50964 8.43774
0.568 10.4876 7.74887
0.569 10.6309 6.78941
0.57 8.31709 5.35634
0.571 3.89022 3.43518
0.572 -1.4469 1.24868
0.573 -6.05203 -0.792257
0.574 -8.40901 -2.2175
0.575 -7.63439 -2.65292
0.576 -3.75987 -1.94339
0.577 2.28772 -0.204729
0.578 8.98914 2.20562
0.579 14.7116 4.78736
0.58 18.2012 7.03772
0.581 18.9259 8.59017
0.582 17.1655 9.30184
0.583 13.8381 9.25819
0.584 10.1429 8.70058
0.585 7.15274 7.91374
0.586 5.49222 7.1202
0.587 5.19767 6.41572
0.588 5.78336 5.75918
0.589 6.47088 5.014
0.59 6.48938 4.02551
0.591 5.34692 2.70637
0.592 2.99723 1.09509
0.593 -0.138709 -0.635396
0.594 -3.29648 -2.21914
0.595 -5.59566 -3.36921
0.596 -6.29845 -3.85402
0.597 -5.0201 -3.55519
0.598 -1.83358 -2.49301
0.599 2.74773 -0.814526
0.6 7.89123 1.24979
0.601 12.6404 3.44314
0.602 16.1485 5.53413
0.603 17.8984 7.35246
0.604 17.843 8.80669
0.605 16.4134 9.8837
0.606 14.3811 10.6298
0.607 12.6185 11.1185
0.608 11.8287 11.416
0.609 12.3243 11.559
0.61 13.9119 11.5448
0.611 15.9289 11.3312
0.612 17.4408 10.843
0.613 17.5578 9.99128
0.614 15.7656 8.71108
0.615 12.1469 7.00315
0.616 7.39809 4.95976
0.617 2.62965 2.75944
0.618 -0.984594 0.633574
0.619 -2.5949 -1.18163
0.62 -1.97287 -2.49746
0.621 0.387797 -3.22101
0.622 3.41805 -3.38469
0.623 5.83497 -3.13697
0.624 6.60058 -2.68746
0.625 5.31125 -2.22471
0.626 2.36797 -1.84336
0.627 -1.14213 -1.51107
0.628 -3.81656 -1.08464
0.629 -4.43236 -0.366236
0.63 -2.39053 0.816207
0.631 2.04902 2.52637
0.632 7.82879 4.6642
0.633 13.4351 6.96566
0.634 17.4042 9.06583
0.635 18.8165 10.605
0.636 17.6016 11.3372
0.637 14.5429 11.2013
0.638 10.9749 10.3319
0.639 8.28351 9.00813
0.64 7.39634 7.55576
0.641 8.45133 6.2353
0.642 10.762 5.15925
0.643 13.0845 4.26944
0.644 14.0849 3.38277
0.645 12.8412 2.28611
0.646 9.20397 0.843978
0.647 3.88382 -0.92044
0.648 -1.77072 -2.80163
0.649 -6.23067 -4.45876
0.65 -8.30968 -5.52105
0.651 -7.55869 -5.71235
0.652 -4.39185 -4.94634
0.653 0.0879745 -3.35788
0.654 4.48662 -1.2631
0.655 7.59322 0.934786
0.656 8.77078 2.86308
0.657 8.13395 4.28424
0.658 6.45627 5.15247
0.659 4.84359 5.59956
0.66 4.2981 5.85497
0.661 5.33988 6.1352
0.662 7.82576 6.54979
0.663 11.0208 7.05898
0.664 13.8791 7.49256
0.665 15.4217 7.61778
0.666 15.0771 7.23173
0.667 12.8728 6.24829
0.668 9.41946 4.74862
0.669 5.69891 2.97318
0.67 2.73242 1.25477
0.671 1.24958 -0.082325
0.672 1.47479 -0.817947
0.673 3.09876 -0.892373
0.674 5.42943 -0.408028
0.675 7.65255 0.418032
0.676 9.10262 1.33115
0.677 9.4555 2.11988
0.678 8.79185 2.67521
0.679 7.52525 3.00931
0.68 6.22888 3.22848
0.681 5.42368 3.47223
0.682 5.4008 3.84381
0.683 6.13697 4.36023
0.684 7.32547 4.94021
0.685 8.49977 5.43148
0.686 9.19465 5.66346
0.687 9.08758 5.50469
0.688 8.08347 4.90634
0.689 6.3303 3.91981
0.69 4.17037 2.68397
0.691 2.04298 1.38624
0.692 0.363589 0.21002
0.693 -0.585661 -0.712879
0.694 -0.71989 -1.32776
0.695 -0.154389 -1.65388
0.696 0.845006 -1.75874
0.697 1.9423 -1.72385
0.698 2.82059 -1.61438
0.699 3.2636 -1.46039
0.7 3.21479 -1.2522
0.701 2.79651 -0.94975
0.702 2.27501 -0.503052
0.703 1.97549 0.123151
0.704 2.17401 0.929747
0.705 3.00312 1.87611
0.706 4.4013 2.88662
0.707 6.12007 3.86617
0.708 7.78531 4.71797
0.709 8.9987 5.35913
0.71 9.45625 5.73235
0.711 9.04917 5.81389
0.712 7.90786 5.61661
0.713 6.36556 5.18531
0.714 4.84977 4.58396
0.715 3.73993 3.87906
0.716 3.24319 3.1257
0.717 3.33018 2.36074
0.718 3.74862 1.60268
0.719 4.11043 0.855448
0.72 4.02918 0.11564
0.721 3.26586 -0.615671
0.722 1.83067 -1.31862
0.723 -0.000690918 -1.94543
0.724 -1.76766 -2.42408
0.725 -2.97423 -2.6748
0.726 -3.25204 -2.632
0.727 -2.48088 -2.26337
0.728 -0.829151 -1.58134
0.729 1.29821 -0.64586
0.73 3.38885 0.442934
0.731 4.98728 1.56347
0.732 5.8381 2.59958
0.733 5.95736 3.46614
0.734 5.60764 4.12336
0.735 5.18791 4.57544
0.736 5.07951 4.85626
0.737 5.50206 5.00816
0.738 6.42915 5.06083
0.739 7.5942 5.01735
0.74 8.58439 4.85208
0.741 8.98684 4.52232
0.742 8.53364 3.98941
0.743 7.19659 3.24138
0.744 5.20269 2.30913
0.745 2.96738 1.27078
0.746 0.966743 0.240966
0.747 -0.410919 -0.6541
0.748 -0.982564 -1.3085
0.749 -0.81401 -1.6634
0.75 -0.177079 -1.71862
0.751 0.556924 -1.52656
0.752 1.04471 -1.17324
0.753 1.07857 -0.753518
0.754 0.645996 -0.345461
0.755 -0.0734624 0.0100117
0.756 -0.775758 0.316242
0.757 -1.14517 0.609147
0.758 -0.971382 0.93128
0.759 -0.22471 1.30511
0.76 0.936536 1.71816
0.761 2.22143 2.12368
0.762 3.29852 2.45235
0.763 3.89547 2.63065
0.764 3.88119 2.60309
0.765 3.30744 2.35402
0.766 2.39217 1.91906
0.767 1.44554 1.37811
0.768 0.764983 0.831543
0.769 0.539571 0.371404
0.77 0.79697 0.0594415
0.771 1.40467 -0.0833797
0.772 2.11871 -0.0769238
0.773 2.66389 0.0275995
0.774 2.82436 0.166494
0.775 2.51671 0.28742
0.776 1.8191 0.368244
0.777 0.943868 0.421941
0.778 0.163876 0.486708
0.779 -0.279448 0.607887
0.78 -0.25425 0.819166
0.781 0.221089 1.12759
0.782 0.985362 1.50568
0.783 1.78789 1.89433
0.784 2.37176 2.21803
0.785 2.55892 2.4074
0.786 2.30726 2.4198
0.787 1.72077 2.25041
0.788 1.01048 1.9321
0.789 0.420614 1.52566
0.79 0.144863 1.10276
0.791 0.260237 0.725181
0.792 0.701163 0.42726
0.793 1.28424 0.209421
0.794 1.77488 0.0455348
0.795 1.97035 -0.100734
0.796 1.76953 -0.258718
0.797 1.20705 -0.437954
0.798 0.442199 -0.621563
0.799 -0.293063 -0.767692
0.8 -0.7707 -0.821148
0.801 -0.843061 -0.733197
0.802 -0.491583 -0.481267
0.803 0.171354 -0.0790501
0.804 0.946953 0.42669
0.805 1.6212 0.968764
0.806 2.03522 1.47544
0.807 2.13183 1.88617
0.808 1.96559 2.16512
0.809 1.67571 2.30854
0.81 1.43062 2.34089
0.811 1.36226 2.3003
0.812 1.51467 2.22052
0.813 1.82821 2.11829
0.814 2.1654 1.99023
0.815 2.36513 1.81779
0.816 2.30133 1.57654
0.817 1.92487 1.24818
0.818 1.27759 0.832721
0.819 0.478077 0.356047
0.82 -0.315597 -0.132351
0.821 -0.955548 -0.571502
0.822 -1.34935 -0.905658
0.823 -1.48275 -1.09846
0.824 -1.41139 -1.14028
0.825 -1.2286 -1.04807
0.826 -1.02674 -0.858876
0.827 -0.868029 -0.618272
0.828 -0.771368 -0.36673
0.829 -0.714164 -0.129115
0.83 -0.646731 0.0885072
0.831 -0.515781 0.294216
0.832 -0.289008 0.500875
0.833 0.0303742 0.716473
0.834 0.405814 0.937552
0.835 0.78293 1.14741
0.836 1.10798 1.31971
0.837 1.34073 1.42681
0.838 1.46025 1.44951
0.839 1.466 1.38414
0.84 1.37523 1.2441
0.841 1.21641 1.05605
0.842 1.02073 0.852697
0.843 0.81588 0.664439
0.844 0.624269 0.51214
0.845 0.463638 0.40297
0.846 0.345993 0.331081
0.847 0.273995 0.282881
0.848 0.237963 0.244065
0.849 0.216952 0.205
0.85 0.184247 0.162876
0.851 0.115466 0.121085
0.852 -0.00262366 0.0869481
0.853 -0.164728 0.0685147
0.854 -0.344375 0.070946
0.855 -0.499316 0.0937678
0.856 -0.585074 0.130782
0.857 -0.571658 0.172933
0.858 -0.455969 0.212175
0.859 -0.264719 0.243982
0.86 -0.047123 0.267655
0.861 0.140361 0.285307
0.862 0.25334 0.300747
0.863 0.276741 0.318473
0.864 0.232406 0.342247
0.865 0.171793 0.373466
0.866 0.155374 0.410564
0.867 0.227567 0.450062
0.868 0.398068 0.488296
0.869 0.636284 0.522309
0.87 0.879728 0.549384
0.871 1.05365 0.566271
0.872 1.09678 0.569431
0.873 0.984872 0.556368
0.874 0.74213 0.526811
0.875 0.433982 0.482954
0.876 0.143445 0.42913
0.877 -0.058468 0.371492
0.878 -0.135953 0.317484
0.879 -0.0976327 0.274415
0.88 0.00950692 0.247189
0.881 0.118722 0.236438
0.882 0.169098 0.23851
0.883 0.129453 0.247345
0.884 0.0107205 0.256911
0.885 -0.139185 0.263008
0.886 -0.255906 0.264118
0.887 -0.285105 0.261478
0.888 -0.203687 0.258273
0.889 -0.028515 0.257784
0.89 0.189224 0.261027
0.891 0.381574 0.265261
0.892 0.487513 0.264489
0.893 0.474417 0.2517
0.894 0.348976 0.221612
0.895 0.153297 0.172837
0.896 -0.0517097 0.109019
0.897 -0.2084 0.0386965
0.898 -0.281379 -0.0264068
0.899 -0.267138 -0.0745248
0.9 -0.191734 -0.0973397
0.901 -0.0979406 -0.0921856
0.902 -0.0271705 -0.0620814
0.903 -0.00354577 -0.0140643
0.904 -0.026159 0.0431387
0.905 -0.0716714 0.10145
0.906 -0.105152 0.155452
0.907 -0.0945113 0.203491
0.908 -0.0233828 0.247165
0.909 0.101994 0.289164
0.91 0.25462 0.330605
0.911 0.39676 0.369488
0.912 0.493755 0.40094
0.913 0.525526 0.418662
0.914 0.491477 0.416715
0.915 0.408215 0.391302
0.916 0.302293 0.342427
0.917 0.200962 0.274828
0.918 0.12359 0.197342
0.919 0.0763673 0.120555
0.92 0.0524217 0.053807
0.921 0.037376 0.0030517
0.922 0.0173932 -0.0297361
0.923 -0.0144933 -0.0460021
0.924 -0.0563672 -0.0495187
0.925 -0.0994253 -0.044958
0.926 -0.131981 -0.0362414
0.927 -0.143769 -0.0251903
0.928 -0.12962 -0.0112541
0.929 -0.0915073 0.00742746
0.93 -0.0379031 0.0323058
0.931 0.0195739 0.0631157
0.932 0.0705472 0.0975284
0.933 0.10899 0.131604
0.934 0.133831 0.16068
0.935 0.147598 0.180517
0.936 0.154434 0.188521
0.937 0.158308 0.184649
0.938 0.161729 0.171474
0.939 0.165218 0.153272
0.94 0.167767 0.134556
0.941 0.16799 0.118759
0.942 0.165221 0.107507
0.943 0.159841 0.100554
0.944 0.152802 0.0962266
0.945 0.144891 0.0922497
0.946 0.136244 0.0867057
0.947 0.126249 0.0787962
0.948 0.11384 0.0690606
0.949 0.0981323 0.0589746
0.95 0.0791514 0.0501903
0.951 0.0581741 0.0438169
0.952 0.0373768 0.0400113
0.953 0.0189665 0.0379544
0.954 0.00434245 0.0361806
0.955 -0.00624954 0.0331638
0.956 -0.0135598 0.027954
0.957 -0.0189007 0.0205943
0.958 -0.0235449 0.0121151
0.959 -0.0280468 0.00412446
0.96 -0.0317972 -0.00178377
0.961 -0.0331752 -0.00453903
0.962 -0.0303429 -0.00387151
0.963 -0.0222649 -0.000327113
0.964 -0.00933967 0.00495964
0.965 0.00666277 0.0106719
0.966 0.023165 0.0157525
0.967 0.037501 0.01969
0.968 0.0475967 0.0225252
0.969 0.0524992 0.0246146
0.97 0.0525809 0.0263202
0.971 0.0492766 0.027792
0.972 0.0444206 0.0289069
0.973 0.0395074 0.0293378
0.974 0.0352577 0.0287059
0.975 0.0316287 0.0267713
0.976 0.0281206 0.0235896
0.977 0.0241625 0.0195479
0.978 0.0194434 0.0152492
0.979 0.0141027 0.0112998
0.98 0.00871689 0.00811754
0.981 0.00408013 0.0058486
0.982 0.000876904 0.00440024
0.983 -0.000589053 0.00353884
0.984 -0.000478991 0.00300223
0.985 0.000688492 0.00259242
0.986 0.00224791 0.00222352
0.987 0.00360447 0.00191019
0.988 0.00439036 0.00170729
0.989 0.00451692 0.00164011
0.99 0.00411927 0.0016698
0.991 0.00343613 0.00170954
0.992 0.00269036 0.00167063
0.993 0.00202047 0.00150481
0.994 0.00147326 0.0012215
0.995 0.00103585 0.000876924
0.996 0.000678572 0.000544429
0.997 0.000386863 0.000281692
0.998 0.000168773 0.00011153
0.999 3.94736e-05 2.48501e-05
0.12 5.11288 0.2901
0.24 5.11869 0.293333
0.36 5.12835 0.298698
0.48 5.14184 0.30616
0.6 5.15913 0.31567
0.72 5.18017 0.327168
0.84 5.2049 0.340579
0.96 5.23326 0.355816
1.08 5.26519 0.372781
1.2 5.30058 0.391367
1.32 5.33936 0.411454
1.44 5.38143 0.432914
1.56 5.42666 0.455612
1.68 5.47494 0.479405
1.8 5.52614 0.504144
1.92 5.58013 0.529676
2.04 5.63676 0.555842
2.16 5.69589 0.582483
2.28 5.75734 0.609438
2.4 5.82095 0.636544
2.52 5.88656 0.663642
2.64 5.95397 0.690571
2.76 6.02301 0.717178
2.88 6.09348 0.74331
3 6.16518 0.768823
3.12 6.23792 0.793577
3.24 6.31148 0.817439
3.36 6.38566 0.840287
3.48 6.46025 0.862006
3.6 6.53502 0.882491
3.72 6.60976 0.901647
3.84 6.68426 0.919392
3.96 6.75828 0.935653
4.08 6.83161 0.95037
4.2 6.90403 0.963496
4.32 6.97532 0.974996
4.44 7.04526 0.984845
4.56 7.11363 0.993033
4.68 7.18023 0.999561
4.8 7.24483 1.00444
4.92 7.30724 1.00771
5.04 7.36725 1.00938
5.16 7.42467 1.00952
5.28 7.47932 1.00819
5.4 7.531 1.00544
5.52 7.57954 1.00135
5.64 7.62478 0.996011
5.76 7.66655 0.989512
5.88 7.70471 0.981952
6 7.73913 0.973433
6.12 7.76966 0.964063
6.24 7.7962 0.953953
6.36 7.81863 0.943218
6.48 7.83686 0.931973
6.6 7.85081 0.920334
6.72 7.8604 0.908416
6.84 7.86559 0.896334
6.96 7.86632 0.884199
7.08 7.86257 0.872119
7.2 7.85431 0.860199
7.32 7.84154 0.848538
7.44 7.82427 0.837228
7.56 7.80252 0.826357
7.68 7.77634 0.816005
7.8 7.74576 0.806242
7.92 7.71085 0.797132
8.04 7.67168 0.788731
8.16 7.62835 0.781084
8.28 7.58095 0.774227
8.4 7.5296 0.768189
8.52 7.47442 0.762985
8.64 7.41554 0.758625
8.76 7.3531 0.755107
8.88 7.28728 0.75242
9 7.21821 0.750545
9.12 7.14609 0.749451
9.24 7.07108 0.749104
9.36 6.99337 0.749457
9.48 6.91316 0.750459
9.6 6.83065 0.75205
9.72 6.74602 0.754165
9.84 6.6595 0.756733
9.96 6.57127 0.759679
10.08 6.48156 0.762924
10.2 6.39058 0.766385
10.32 6.29852 0.769976
10.44 6.20561 0.773611
10.56 6.11203 0.777202
10.68 6.01801 0.780663
10.8 5.92372 0.783905
10.92 5.82937 0.786846
11.04 5.73515 0.789401
11.16 5.64123 0.791493
11.28 5.54778 0.793044
11.4 5.45498 0.793986
11.52 5.36298 0.794251
11.64 5.27193 0.793781
11.76 5.18196 0.792522
11.88 5.09321 0.790427
12 5.00578 0.787456
12.12 4.91978 0.783577
12.24 4.83531 0.778766
12.36 4.75245 0.773007
12.48 4.67127 0.766291
12.6 4.59183 0.758617
12.72 4.51416 0.749995
12.84 4.43832 0.740439
12.96 4.36431 0.729974
13.08 4.29215 0.718631
13.2 4.22184 0.706449
13.32 4.15336 0.693475
13.44 4.08669 0.67976
13.56 4.02179 0.665364
13.68 3.95863 0.650352
13.8 3.89715 0.634792
13.92 3.83729 0.61876
14.04 3.77897 0.602335
14.16 3.72213 0.585597
14.28 3.66667 0.568632
14.4 3.61251 0.551526
14.52 3.55955 0.534366
14.64 3.5077 0.517243
14.76 3.45685 0.500243
14.88 3.40689 0.483456
15 3.35772 0.466966
15.12 3.30923 0.450859
15.24 3.26131 0.435216
15.36 3.21386 0.420116
15.48 3.16677 0.405633
15.6 3.11994 0.391837
15.72 3.07327 0.378792
15.84 3.02666 0.36656
15.96 2.98002 0.355193
16.08 2.93327 0.34474
16.2 2.88632 0.335241
16.32 2.83911 0.326731
16.44 2.79156 0.319239
16.56 2.74362 0.312783
16.68 2.69523 0.307379
16.8 2.64635 0.303031
16.92 2.59696 0.29974
17.04 2.54701 0.297496
17.16 2.4965 0.296284
17.28 2.44542 0.296083
17.4 2.39376 0.296864
17.52 2.34154 0.298593
17.64 2.28877 0.301227
17.76 2.23547 0.30472
17.88 2.1817 0.309021
18 2.12748 0.314072
18.12 2.07286 0.319813
18.24 2.01792 0.326177
18.36 1.96269 0.333098
18.48 1.90727 0.340502
18.6 1.85172 0.348316
18.72 1.79612 0.356464
18.84 1.74057 0.364868
18.96 1.68514 0.373452
19.08 1.62994 0.382136
19.2 1.57505 0.390842
19.32 1.52057 0.399494
19.44 1.46661 0.408015
19.56 1.41325 0.41633
19.68 1.3606 0.424369
19.8 1.30876 0.432062
19.92 1.25782 0.439342
20.04 1.20787 0.446146
20.16 1.159 0.452416
20.28 1.1113 0.458096
20.4 1.06485 0.463136
20.52 1.01973 0.46749
20.64 0.976014 0.471117
20.76 0.933766 0.47398
20.88 0.893047 0.476048
21 0.853912 0.477296
21.12 0.816408 0.477702
21.24 0.780577 0.477252
21.36 0.746451 0.475936
21.48 0.714056 0.473747
21.6 0.68341 0.470687
21.72 0.654524 0.46676
21.84 0.627402 0.461976
21.96 0.602037 0.456351
22.08 0.578419 0.449902
22.2 0.556527 0.442654
22.32 0.536335 0.434633
22.44 0.517808 0.42587
22.56 0.500908 0.416399
22.68 0.485585 0.406258
22.8 0.471788 0.395487
22.92 0.459458 0.384128
23.04 0.448531 0.372227
23.16 0.438938 0.359829
23.28 0.430606 0.346984
23.4 0.423459 0.333739
23.52 0.417416 0.320146
23.64 0.412394 0.306255
23.76 0.408307 0.292116
23.88 0.40507 0.277781
24 0.402592 0.2633
24.12 0.400786 0.248722
24.24 0.399561 0.234096
24.36 0.398829 0.21947
24.48 0.398502 0.20489
24.6 0.398493 0.190402
24.72 0.398717 0.176046
24.84 0.399091 0.161865
24.96 0.399535 0.147898
25.08 0.399972 0.13418
25.2 0.400328 0.120747
25.32 0.400533 0.107629
25.44 0.400522 0.0948563
25.56 0.400233 0.0824552
25.68 0.399608 0.0704497
25.8 0.398596 0.0588612
25.92 0.397148 0.0477085
26.04 0.395223 0.0370077
26.16 0.392784 0.0267723
26.28 0.389798 0.0170133
26.4 0.386238 0.00773919
26.52 0.382082 -0.00104387
26.64 0.377315 -0.00933214
26.76 0.371925 -0.0171241
26.88 0.365905 -0.0244203
27 0.359254 -0.0312235
27.12 0.351975 -0.0375382
27.24 0.344076 -0.0433708
27.36 0.335567 -0.0487291
27.48 0.326467 -0.053623
27.6 0.316793 -0.0580632
27.72 0.30657 -0.062062
27.84 0.295825 -0.065633
27.96 0.284586 -0.0687904
28.08 0.272888 -0.0715497
28.2 0.260764 -0.073927
28.32 0.248251 -0.075939
28.44 0.23539 -0.077603
28.56 0.222219 -0.0789369
28.68 0.208781 -0.0799585
28.8 0.195119 -0.0806861
28.92 0.181275 -0.0811382
29.04 0.167293 -0.0813331
29.16 0.153218 -0.0812891
29.28 0.139092 -0.0810245
29.4 0.124958 -0.0805572
29.52 0.11086 -0.0799048
29.64 0.0968383 -0.0790848
29.76 0.0829338 -0.0781141
29.88 0.0691856 -0.0770092
30 0.0556314 -0.075786
30.12 0.0423073 -0.0744602
30.24 0.0292475 -0.0730466
30.36 0.0164846 -0.0715596
30.48 0.00404886 -0.0700128
30.6 -0.00803134 -0.0684195
30.72 -0.0197299 -0.066792
30.84 -0.0310228 -0.0651421
30.96 -0.0418886 -0.063481
31.08 -0.0523078 -0.0618191
31.2 -0.0622635 -0.0601663
31.32 -0.0717409 -0.0585316
31.44 -0.0807275 -0.0569236
31.56 -0.0892134 -0.0553499
31.68 -0.0971905 -0.0538178
31.8 -0.104653 -0.0523337
31.92 -0.111598 -0.0509036
32.04 -0.118023 -0.0495325
32.16 -0.123928 -0.0482252
32.28 -0.129317 -0.0469856
32.4 -0.134193 -0.0458171
32.52 -0.138562 -0.0447226
32.64 -0.142432 -0.0437043
32.76 -0.145811 -0.042764
32.88 -0.148711 -0.0419029
33 -0.151141 -0.0411216
33.12 -0.153117 -0.0404202
33.24 -0.154651 -0.0397986
33.36 -0.155758 -0.0392558
33.48 -0.156454 -0.0387908
33.6 -0.156757 -0.0384017
33.72 -0.156682 -0.0380865
33.84 -0.156249 -0.0378429
33.96 -0.155476 -0.0376678
34.08 -0.15438 -0.0375582
34.2 -0.152982 -0.0375106
34.32 -0.1513 -0.0375211
34.44 -0.149354 -0.0375856
34.56 -0.147163 -0.0376998
34.68 -0.144747 -0.0378591
34.8 -0.142124 -0.0380587
34.92 -0.139315 -0.0382936
35.04 -0.136337 -0.0385588
35.16 -0.13321 -0.0388489
35.28 -0.129951 -0.0391587
35.4 -0.126579 -0.0394828
35.52 -0.12311 -0.0398158
35.64 -0.119562 -0.0401521
35.76 -0.11595 -0.0404864
35.88 -0.112292 -0.0408134
36 -0.108601 -0.0411278
36.12 -0.104893 -0.0414243
36.24 -0.10118 -0.0416981
36.36 -0.0974774 -0.0419443
36.48 -0.0937965 -0.0421582
36.6 -0.0901491 -0.0423354
36.72 -0.0865464 -0.0424717
36.84 -0.0829987 -0.0425633
36.96 -0.0795155 -0.0426065
37.08 -0.0761056 -0.0425981
37.2 -0.0727769 -0.042535
37.32 -0.0695368 -0.0424148
37.44 -0.0663917 -0.0422351
37.56 -0.0633473 -0.0419942
37.68 -0.0604087 -0.0416904
37.8 -0.05758 -0.0413229
37.92 -0.0548648 -0.0408908
38.04 -0.0522659 -0.0403938
38.16 -0.0497854 -0.0398322
38.28 -0.0474246 -0.0392064
38.4 -0.0451844 -0.0385174
38.52 -0.0430649 -0.0377664
38.64 -0.0410655 -0.0369551
38.76 -0.0391852 -0.0360856
38.88 -0.0374223 -0.0351602
39 -0.0357747 -0.0341816
39.12 -0.0342397 -0.0331529
39.24 -0.0328142 -0.0320774
39.36 -0.0314946 -0.0309586
39.48 -0.030277 -0.0298003
39.6 -0.0291571 -0.0286067
39.72 -0.0281302 -0.0273818
39.84 -0.0271915 -0.0261301
39.96 -0.0263358 -0.0248561
40.08 -0.0255579 -0.0235643
40.2 -0.0248521 -0.0222595
40.32 -0.024213 -0.0209463
40.44 -0.0236348 -0.0196295
40.56 -0.0231118 -0.0183137
40.68 -0.0226382 -0.0170036
40.8 -0.0222085 -0.0157038
40.92 -0.0218169 -0.0144187
41.04 -0.021458 -0.0131526
41.16 -0.0211263 -0.0119097
41.28 -0.0208167 -0.010694
41.4 -0.0205242 -0.00950924
41.52 -0.020244 -0.00835898
41.64 -0.0199716 -0.00724653
41.76 -0.0197026 -0.00617494
41.88 -0.0194333 -0.00514697
42 -0.0191599 -0.00416513
42.12 -0.018879 -0.00323159
42.24 -0.0185878 -0.00234827
42.36 -0.0182836 -0.00151673
42.48 -0.0179641 -0.000738269
42.6 -0.0176273 -1.3841e-05
42.72 -0.0172718 0.000655892
42.84 -0.0168962 0.00127057
42.96 -0.0164998 0.00183015
43.08 -0.0160819 0.00233485
43.2 -0.0156423 0.00278518
43.32 -0.0151812 0.00318193
43.44 -0.0146989 0.00352614
43.56 -0.0141961 0.00381907
43.68 -0.0136738 0.00406222
43.8 -0.0131332 0.00425731
43.92 -0.0125756 0.00440622
44.04 -0.0120026 0.00451101
44.16 -0.011416 0.0045739
44.28 -0.0108178 0.00459724
44.4 -0.0102098 0.00458346
44.52 -0.00959438 0.00453511
44.64 -0.00897355 0.00445479
44.76 -0.0083496 0.00434517
44.88 -0.00772475 0.00420891
45 -0.00710124 0.00404872
45.12 -0.00648127 0.00386727
45.24 -0.00586698 0.00366722
45.36 -0.00526042 0.00345117
45.48 -0.00466357 0.00322169
45.6 -0.00407827 0.00298124
45.72 -0.00350623 0.0027322
45.84 -0.00294903 0.00247688
45.96 -0.00240806 0.00221744
46.08 -0.00188455 0.00195594
46.2 -0.00137957 0.00169431
46.32 -0.00089398 0.00143435
46.44 -0.000428449 0.00117772
46.56 1.65369e-05 0.000925927
46.68 0.00044069 0.000680345
46.8 0.000843912 0.000442198
46.92 0.00122629 0.000212565
47.04 0.0015881 -7.61578e-06
47.16 0.00192979 -0.000217549
47.28 0.00225196 -0.000416574
47.4 0.00255537 -0.000604163
47.52 0.00284093 -0.000779912
47.64 0.00310967 -0.000943537
47.76 0.00336272 -0.00109487
47.88 0.00360133 -0.00123383
48 0.00382681 -0.00136045
48.12 0.00404055 -0.00147485
48.24 0.00424396 -0.00157721
48.36 0.00443852 -0.0016678
48.48 0.00462568 -0.00174692
48.6 0.0048069 -0.00181495
48.72 0.00498364 -0.0018723
48.84 0.00515728 -0.00191942
48.96 0.00532918 -0.00195675
49.08 0.00550062 -0.00198479
49.2 0.00567279 -0.00200403
49.32 0.00584679 -0.00201496
49.44 0.00602362 -0.00201805
49.56 0.00620417 -0.0020138
49.68 0.00638919 -0.00200266
49.8 0.00657931 -0.00198506
49.92 0.00677501 -0.00196143
50.04 0.00697665 -0.00193215
50.16 0.00718443 -0.00189758
50.28 0.00739842 -0.00185804
50.4 0.00761854 -0.00181384
50.52 0.00784456 -0.00176523
50.64 0.00807614 -0.00171245
50.76 0.00831277 -0.00165569
50.88 0.00855385 -0.00159513
51 0.00879864 -0.00153091
51.12 0.0090463 -0.00146314
51.24 0.00929589 -0.00139192
51.36 0.00954637 -0.00131732
51.48 0.00979665 -0.0012394
51.6 0.0100455 -0.00115821
51.72 0.0102918 -0.00107377
51.84 0.0105342 -0.000986129
51.96 0.0107714 -0.000895302
52.08 0.0110022 -0.000801321
52.2 0.0112251 -0.00070422
52.32 0.011439 -0.000604041
52.44 0.0116425 -0.000500837
52.56 0.0118344 -0.000394677
52.68 0.0120135 -0.000285646
52.8 0.0121788 -0.000173846
52.92 0.0123291 -5.94036e-05
53.04 0.0124634 5.75348e-05
53.16 0.012581 0.000176799
53.28 0.012681 0.000298193
53.4 0.0127628 0.0004215
53.52 0.0128257 0.000546475
53.64 0.0128694 0.000672851
53.76 0.0128934 0.000800341
53.88 0.0128977 0.000928633
54 0.012882 0.0010574
54.12 0.0128465 0.00118629
54.24 0.0127913 0.00131494
54.36 0.0127167 0.00144298
54.48 0.0126231 0.00157003
54.6 0.0125109 0.0016957
54.72 0.0123809 0.00181959
54.84 0.0122337 0.00194131
54.96 0.0120701 0.00206048
55.08 0.0118912 0.00217671
55.2 0.0116978 0.00228963
55.32 0.011491 0.0023989
55.44 0.011272 0.00250416
55.56 0.011042 0.00260511
55.68 0.0108022 0.00270145
55.8 0.0105538 0.00279292
55.92 0.0102983 0.00287928
56.04 0.0100369 0.00296032
56.16 0.00977099 0.00303588
56.28 0.00950187 0.00310581
56.4 0.00923087 0.00317001
56.52 0.00895933 0.00322843
56.64 0.00868852 0.00328103
56.76 0.0084197 0.00332783
56.88 0.00815409 0.00336888
57 0.00789284 0.00340426
57.12 0.00763707 0.00343411
57.24 0.00738783 0.00345858
57.36 0.0071461 0.00347786
57.48 0.00691279 0.00349219
57.6 0.00668875 0.00350181
57.72 0.00647474 0.00350701
57.84 0.00627143 0.00350809
57.96 0.00607942 0.00350538
58.08 0.00589924 0.00349924
58.2 0.0057313 0.00349002
58.32 0.00557596 0.0034781
58.44 0.00543346 0.00346386
58.56 0.00530399 0.00344768
58.68 0.00518763 0.00342997
58.8 0.00508439 0.00341111
58.92 0.00499421 0.00339147
59.04 0.00491694 0.00337144
59.16 0.00485235 0.00335138
59.28 0.00480017 0.00333164
59.4 0.00476004 0.00331253
59.52 0.00473152 0.00329438
59.64 0.00471416 0.00327747
59.76 0.0047074 0.00326206
59.88 0.00471068 0.00324838
60 0.00472335 0.00323663
60.12 0.00474476 0.00322698
60.24 0.00477417 0.00321958
60.36 0.00481087 0.00321452
60.48 0.00485406 0.00321188
60.6 0.00490296 0.0032117
60.72 0.00495674 0.00321397
60.84 0.00501458 0.00321865
60.96 0.00507564 0.00322569
61.08 0.00513906 0.00323498
61.2 0.00520398 0.00324638
61.32 0.00526955 0.00325972
61.44 0.00533493 0.0032748
61.56 0.00539926 0.00329139
61.68 0.00546172 0.00330923
61.8 0.00552149 0.00332805
61.92 0.00557777 0.00334753
62.04 0.00562978 0.00336734
62.16 0.00567676 0.00338714
62.28 0.00571799 0.00340655
62.4 0.00575277 0.00342521
62.52 0.00578044 0.00344271
62.64 0.00580036 0.00345865
62.76 0.00581193 0.00347262
62.88 0.00581461 0.00348421
63 0.00580788 0.00349301
63.12 0.00579128 0.0034986
63.24 0.00576437 0.00350057
63.36 0.00572678 0.00349851
63.48 0.00567818 0.00349205
63.6 0.0056183 0.00348078
63.72 0.0055469 0.00346435
63.84 0.00546381 0.00344241
63.96 0.00536891 0.00341462
64.08 0.00526213 0.00338068
64.2 0.00514345 0.0033403
64.32 0.0050129 0.00329323
64.44 0.00487059 0.00323922
64.56 0.00471665 0.00317808
64.68 0.00455128 0.00310964
64.8 0.00437472 0.00303377
64.92 0.00418726 0.00295035
65.04 0.00398925 0.00285933
65.16 0.00378108 0.00276068
65.28 0.00356317 0.0026544
65.4 0.003336 0.00254054
65.52 0.00310007 0.00241919
65.64 0.00285593 0.00229047
65.76 0.00260414 0.00215456
65.88 0.00234531 0.00201165
66 0.00208007 0.001862
66.12 0.00180904 0.00170588
66.24 0.00153288 0.00154362
66.36 0.00125227 0.00137559
66.48 0.000967871 0.00120217
66.6 0.00068035 0.00102379
66.72 0.000390376 0.000840933
66.84 9.86077e-05 0.00065408
66.96 -0.000194312 0.000463761
67.08 -0.000487757 0.000270526
67.2 -0.000781122 7.49537e-05
67.32 -0.00107383 -0.000122359
67.44 -0.00136534 -0.000320795
67.56 -0.00165512 -0.000519721
67.68 -0.00194272 -0.00071849
67.8 -0.00222768 -0.00091645
67.92 -0.00250961 -0.00111294
68.04 -0.00278816 -0.00130729
68.16 -0.00306302 -0.00149885
68.28 -0.00333393 -0.00168695
68.4 -0.00360068 -0.00187095
68.52 -0.00386308 -0.00205022
68.64 -0.00412101 -0.00222412
68.76 -0.00437439 -0.00239207
68.88 -0.00462318 -0.00255348
69 -0.00486735 -0.00270781
69.12 -0.00510693 -0.00285452
69.24 -0.00534198 -0.00299312
69.36 -0.00557258 -0.00312316
69.48 -0.00579882 -0.00324422
69.6 -0.00602082 -0.00335591
69.72 -0.00623869 -0.00345789
69.84 -0.00645255 -0.00354986
69.96 -0.00666252 -0.00363156
70.08 -0.00686871 -0.00370276
70.2 -0.0070712 -0.00376331
70.32 -0.00727005 -0.00381305
70.44 -0.00746531 -0.0038519
70.56 -0.00765695 -0.00387982
70.68 -0.00784493 -0.00389677
70.8 -0.00802916 -0.0039028
70.92 -0.00820948 -0.00389794
71.04 -0.00838567 -0.0038823
71.16 -0.00855747 -0.00385599
71.28 -0.00872452 -0.00381913
71.4 -0.00888643 -0.0037719
71.52 -0.00904272 -0.00371446
71.64 -0.00919283 -0.003647
71.76 -0.00933615 -0.00356971
71.88 -0.009472 -0.00348279
72 -0.00959963 -0.00338643
72.12 -0.00971823 -0.00328082
72.24 -0.00982694 -0.00316612
72.36 -0.00992486 -0.00304251
72.48 -0.010011 -0.00291011
72.6 -0.0100845 -0.00276905
72.72 -0.0101443 -0.0026194
72.84 -0.0101893 -0.00246124
72.96 -0.0102186 -0.00229458
73.08 -0.0102312 -0.0021194
73.2 -0.0102262 -0.00193567
73.32 -0.0102025 -0.00174329
73.44 -0.0101595 -0.00154214
73.56 -0.0100963 -0.00133206
73.68 -0.0100122 -0.00111284
73.8 -0.00990673 -0.000884249
73.92 -0.00977936 -0.000646019
74.04 -0.0096298 -0.00039785
74.16 -0.00945791 -0.00013942
74.28 -0.00926371 0.000129614
74.4 -0.00904739 0.000409613
74.52 -0.00880936 0.000700942
74.64 -0.00855021 0.00100397
74.76 -0.00827076 0.00131906
74.88 -0.00797205 0.00164657
75 -0.00765537 0.00198681
75.12 -0.00732221 0.00234009
75.24 -0.00697432 0.00270667
75.36 -0.00661369 0.00308674
75.48 -0.00624253 0.00348047
75.6 -0.0058633 0.00388792
75.72 -0.00547867 0.00430911
75.84 -0.00509151 0.00474395
75.96 -0.00470493 0.00519227
76.08 -0.0043222 0.00565379
76.2 -0.00394675 0.00612811
76.32 -0.00358218 0.00661475
76.44 -0.00323221 0.00711306
76.56 -0.00290066 0.0076223
76.68 -0.00259143 0.0081416
76.8 -0.00230844 0.00866992
76.92 -0.00205567 0.00920614
77.04 -0.00183704 0.00974897
77.16 -0.00165644 0.010297
77.28 -0.00151769 0.0108487
77.4 -0.00142445 0.0114024
77.52 -0.00138024 0.0119563
77.64 -0.00138841 0.0125086
77.76 -0.00145205 0.0130572
77.88 -0.00157399 0.0136002
78 -0.00175676 0.0141353
78.12 -0.00200256 0.0146603
78.24 -0.00231324 0.0151731
78.36 -0.00269021 0.0156712
78.48 -0.00313451 0.0161526
78.6 -0.00364668 0.0166148
78.72 -0.00422683 0.0170557
78.84 -0.00487455 0.017473
78.96 -0.00558894 0.0178647
79.08 -0.00636857 0.0182287
79.2 -0.00721149 0.0185631
79.32 -0.00811523 0.0188662
79.44 -0.00907678 0.0191363
79.56 -0.0100926 0.0193721
79.68 -0.0111586 0.0195724
79.8 -0.0122703 0.019736
79.92 -0.0134227 0.0198624
80.04 -0.0146102 0.0199511
80.16 -0.015827 0.0200017
80.28 -0.0170667 0.0200144
80.4 -0.0183226 0.0199896
80.52 -0.0195879 0.0199281
80.64 -0.0208552 0.0198307
80.76 -0.0221169 0.0196988
80.88 -0.0233656 0.0195342
81 -0.0245933 0.0193388
81.12 -0.0257923 0.0191149
81.24 -0.0269547 0.0188652
81.36 -0.0280726 0.0185925
81.48 -0.0291385 0.0183002
81.6 -0.0301448 0.0179916
81.72 -0.0310841 0.0176706
81.84 -0.0319496 0.0173412
81.96 -0.0327347 0.0170075
82.08 -0.033433 0.0166739
82.2 -0.0340389 0.016345
82.32 -0.0345472 0.0160254
82.44 -0.0349531 0.0157197
82.56 -0.0352527 0.0154329
82.68 -0.0354425 0.0151695
82.8 -0.0355198 0.0149344
82.92 -0.0354826 0.0147322
83.04 -0.0353297 0.0145674
83.16 -0.0350606 0.0144444
83.28 -0.0346755 0.0143673
83.4 -0.0341754 0.01434
83.52 -0.0335623 0.0143661
83.64 -0.0328386 0.0144489
83.76 -0.0320077 0.0145913
83.88 -0.0310736 0.0147956
84 -0.0300412 0.0150641
84.12 -0.0289157 0.0153981
84.24 -0.0277034 0.0157987
84.36 -0.0264108 0.0162664
84.48 -0.025045 0.0168012
84.6 -0.0236137 0.0174023
84.72 -0.0221249 0.0180686
84.84 -0.0205869 0.0187981
84.96 -0.0190084 0.0195884
85.08 -0.0173981 0.0204364
85.2 -0.0157649 0.0213385
85.32 -0.0141179 0.0222903
85.44 -0.0124659 0.023287
85.56 -0.0108176 0.0243232
85.68 -0.0091817 0.025393
85.8 -0.00756635 0.0264899
85.92 -0.00597951 0.027607
86.04 -0.00442861 0.028737
86.16 -0.00292063 0.0298722
86.28 -0.00146191 0.0310045
86.4 -5.81933e-05 0.0321258
86.52 0.0012855 0.0332273
86.64 0.0025649 0.0343007
86.76 0.00377651 0.035337
86.88 0.00491771 0.0363277
87 0.0059867 0.0372639
87.12 0.00698258 0.0381372
87.24 0.00790536 0.0389392
87.36 0.00875594 0.0396619
87.48 0.00953611 0.0402975
87.6 0.0102486 0.0408388
87.72 0.0108969 0.0412789
87.84 0.0114854 0.0416116
87.96 0.0120192 0.0418313
88.08 0.0125044 0.041933
88.2 0.0129476 0.0419127
88.32 0.0133559 0.0417669
88.44 0.0137371 0.0414931
88.56 0.0140996 0.0410897
88.68 0.0144519 0.0405561
88.8 0.0148032 0.0398925
88.92 0.0151624 0.0391002
89.04 0.0155391 0.0381815
89.16 0.0159423 0.0371398
89.28 0.0163815 0.0359793
89.4 0.0168655 0.0347055
89.52 0.0174032 0.0333247
89.64 0.0180028 0.0318444
89.76 0.0186723 0.0302727
89.88 0.0194189 0.028619
90 0.020249 0.0268933
90.12 0.0211685 0.0251067
90.24 0.0221823 0.0232706
90.36 0.0232944 0.0213977
90.48 0.0245077 0.0195007
90.6 0.025824 0.0175933
90.72 0.0272441 0.0156894
90.84 0.0287677 0.0138032
90.96 0.0303929 0.0119495
91.08 0.0321171 0.0101429
91.2 0.033936 0.00839808
91.32 0.0358444 0.00672984
91.44 0.0378355 0.00515265
91.56 0.0399017 0.00368077
91.68 0.0420338 0.00232803
91.8 0.0442219 0.00110775
91.92 0.0464545 3.26598e-05
92.04 0.0487195 -0.000885265
92.16 0.0510038 -0.00163487
92.28 0.0532931 -0.00220592
92.4 0.0555727 -0.00258923
92.52 0.0578272 -0.00277672
92.64 0.0600404 -0.00276151
92.76 0.0621959 -0.002538
92.88 0.0642769 -0.00210194
93 0.0662663 -0.00145049
93.12 0.0681472 -0.00058227
93.24 0.0699026 0.000502587
93.36 0.0715158 0.00180242
93.48 0.0729703 0.00331401
93.6 0.0742504 0.00503256
93.72 0.0753406 0.00695171
93.84 0.0762265 0.00906352
93.96 0.0768946 0.0113585
94.08 0.0773321 0.0138258
94.2 0.0775276 0.0164528
94.32 0.0774709 0.0192257
94.44 0.0771531 0.0221294
94.56 0.0765666 0.0251474
94.68 0.0757056 0.0282621
94.8 0.0745656 0.0314546
94.92 0.0731439 0.0347054
95.04 0.0714394 0.0379939
95.16 0.069453 0.0412987
95.28 0.0671869 0.0445979
95.4 0.0646455 0.0478691
95.52 0.0618347 0.0510896
95.64 0.0587622 0.0542363
95.76 0.0554374 0.0572863
95.88 0.0518715 0.0602166
96 0.0480771 0.0630046
96.12 0.0440686 0.0656281
96.24 0.0398617 0.0680652
96.36 0.0354735 0.0702951
96.48 0.0309225 0.0722974
96.6 0.0262282 0.0740531
96.72 0.0214113 0.0755442
96.84 0.0164935 0.0767537
96.96 0.011497 0.0776664
97.08 0.00644486 0.0782683
97.2 0.00136072 0.0785472
97.32 -0.00373154 0.0784924
97.44 -0.00880777 0.0780953
97.56 -0.0138438 0.077349
97.68 -0.0188154 0.0762486
97.8 -0.0236988 0.074791
97.92 -0.0284704 0.0729756
98.04 -0.0331072 0.0708035
98.16 -0.0375869 0.068278
98.28 -0.0418879 0.0654045
98.4 -0.0459896 0.0621906
98.52 -0.0498723 0.0586459
98.64 -0.0535177 0.054782
98.76 -0.0569084 0.0506125
98.88 -0.0600287 0.0461529
99 -0.0628639 0.0414207
99.12 -0.0654012 0.0364348
99.24 -0.0676291 0.0312162
99.36 -0.0695377 0.0257872
99.48 -0.0711188 0.0201715
99.6 -0.0723658 0.0143942
99.72 -0.0732736 0.0084815
99.84 -0.0738391 0.00246058
99.96 -0.0740604 -0.00364049
100.08 -0.0739375 -0.00979295
100.2 -0.0734719 -0.0159675
100.32 -0.0726666 -0.0221347
100.44 -0.071526 -0.0282646
100.56 -0.0700561 -0.0343274
100.68 -0.0682638 -0.0402936
100.8 -0.0661577 -0.046134
100.92 -0.0637474 -0.0518198
101.04 -0.0610433 -0.057323
101.16 -0.0580571 -0.0626166
101.28 -0.0548011 -0.0676743
101.4 -0.0512885 -0.0724714
101.52 -0.047533 -0.0769843
101.64 -0.0435489 -0.081191
101.76 -0.039351 -0.0850709
101.88 -0.0349541 -0.0886055
102 -0.0303735 -0.091778
102.12 -0.0256245 -0.0945734
102.24 -0.0207223 -0.0969791
102.36 -0.0156821 -0.0989843
102.48 -0.0105189 -0.100581
102.6 -0.00524729 -0.101762
102.72 0.000118253 -0.102524
102.84 0.00556384 -0.102866
102.96 0.011076 -0.102788
103.08 0.0166418 -0.102294
103.2 0.022249 -0.101388
103.32 0.0278856 -0.100078
103.44 0.0335408 -0.0983753
103.56 0.0392039 -0.0962907
103.68 0.0448653 -0.0938388
103.8 0.0505157 -0.0910357
103.92 0.0561468 -0.0878996
104.04 0.0617506 -0.0844506
104.16 0.06732 -0.0807101
104.28 0.0728484 -0.0767016
104.4 0.0783296 -0.0724498
104.52 0.083758 -0.0679805
104.64 0.0891287 -0.0633209
104.76 0.0944368 -0.0584991
104.88 0.0996779 -0.0535441
105 0.104848 -0.0484855
105.12 0.109944 -0.0433533
105.24 0.114961 -0.0381779
105.36 0.119895 -0.0329899
105.48 0.124745 -0.0278197
105.6 0.129505 -0.0226976
105.72 0.134173 -0.0176536
105.84 0.138745 -0.012717
105.96 0.143217 -0.00791638
106.08 0.147584 -0.00327967
106.2 0.151843 0.00116642
106.32 0.155989 0.00539626
106.44 0.160016 0.00938553
106.56 0.163921 0.0131114
106.68 0.167696 0.0165524
106.8 0.171336 0.0196889
106.92 0.174835 0.0225031
107.04 0.178186 0.0249788
107.16 0.181382 0.0271018
107.28 0.184415 0.0288599
107.4 0.187278 0.0302431
107.52 0.189962 0.0312433
107.64 0.19246 0.0318546
107.76 0.194764 0.032073
107.88 0.196864 0.0318971
108 0.198753 0.0313272
108.12 0.200422 0.0303658
108.24 0.201862 0.0290178
108.36 0.203066 0.0272896
108.48 0.204026 0.02519
108.6 0.204733 0.0227297
108.72 0.205182 0.0199209
108.84 0.205365 0.016778
108.96 0.205276 0.0133169
109.08 0.20491 0.00955497
109.2 0.204263 0.0055112
109.32 0.20333 0.0012059
109.44 0.202108 -0.00333937
109.56 0.200597 -0.00810194
109.68 0.198794 -0.0130582
109.8 0.196701 -0.0181835
109.92 0.194318 -0.0234526
110.04 0.191647 -0.0288398
110.16 0.188694 -0.0343186
110.28 0.185463 -0.0398625
110.4 0.18196 -0.0454445
110.52 0.178193 -0.051038
110.64 0.17417 -0.0566159
110.76 0.169902 -0.0621518
110.88 0.165401 -0.0676194
111 0.160679 -0.0729929
111.12 0.155749 -0.078247
111.24 0.150627 -0.0833573
111.36 0.145328 -0.0882998
111.48 0.139871 -0.0930519
111.6 0.134272 -0.0975915
111.72 0.12855 -0.101898
111.84 0.122726 -0.105951
111.96 0.11682 -0.109733
112.08 0.110852 -0.113227
112.2 0.104843 -0.116416
112.32 0.0988151 -0.119286
112.44 0.0927904 -0.121824
112.56 0.0867905 -0.124018
112.68 0.0808372 -0.125859
112.8 0.0749522 -0.127337
112.92 0.0691569 -0.128446
113.04 0.0634723 -0.12918
113.16 0.0579187 -0.129534
113.28 0.052516 -0.129507
113.4 0.0472832 -0.129097
113.52 0.0422382 -0.128303
113.64 0.0373981 -0.127129
113.76 0.032779 -0.125577
113.88 0.0283955 -0.123651
114 0.0242612 -0.121357
114.12 0.0203881 -0.118702
114.24 0.0167869 -0.115693
114.36 0.0134667 -0.112342
114.48 0.0104352 -0.108656
114.6 0.00769828 -0.104649
114.72 0.00526041 -0.100332
114.84 0.00312433 -0.0957176
114.96 0.00129113 -0.0908208
115.08 -0.000239707 -0.085656
115.2 -0.00147036 -0.0802385
115.32 -0.00240458 -0.0745843
115.44 -0.00304768 -0.06871
115.56 -0.00340651 -0.0626326
115.68 -0.00348935 -0.0563696
115.8 -0.00330586 -0.0499389
115.92 -0.00286703 -0.0433584
116.04 -0.00218506 -0.0366466
116.16 -0.00127327 -0.0298219
116.28 -0.00014602 -0.0229031
116.4 0.00118143 -0.0159087
116.52 0.002693 -0.00885755
116.64 0.00437195 -0.00176822
116.76 0.00620094 0.00534069
116.88 0.00816224 0.0124508
117 0.0102378 0.0195437
117.12 0.0124093 0.0266016
117.24 0.0146586 0.0336065
117.36 0.0169673 0.0405411
117.48 0.0193175 0.0473882
117.6 0.0216915 0.0541311
117.72 0.024072 0.0607534
117.84 0.0264423 0.0672392
117.96 0.0287866 0.0735731
118.08 0.0310893 0.0797401
118.2 0.0333363 0.0857257
118.32 0.0355141 0.0915162
118.44 0.0376102 0.097098
118.56 0.0396134 0.102459
118.68 0.0415136 0.107586
118.8 0.0433019 0.112468
118.92 0.0449705 0.117095
119.04 0.0465133 0.121456
119.16 0.047925 0.125542
119.28 0.049202 0.129344
119.4 0.0503419 0.132853
119.52 0.0513436 0.136064
119.64 0.0522073 0.138969
119.76 0.0529344 0.141563
119.88 0.0535276 0.143841
120 0.0539908 0.145799
