-0.999 -5.50934e-05 -4.47735e-05
-0.998 -0.00021311 -0.000183871
-0.997 -0.000427233 -0.0004137
-0.996 -0.000650476 -0.000717136
-0.995 -0.000900625 -0.00106989
-0.994 -0.00128582 -0.00144939
-0.993 -0.00195989 -0.00183963
-0.992 -0.00301651 -0.00222772
-0.991 -0.00437031 -0.00259393
-0.99 -0.00569696 -0.00290169
-0.989 -0.00649778 -0.00309702
-0.988 -0.00629884 -0.00312741
-0.987 -0.00490706 -0.00298311
-0.986 -0.00259103 -0.00274679
-0.985 -8.30631e-05 -0.00262342
-0.984 0.00161503 -0.00292257
-0.983 0.00156022 -0.00398498
-0.982 -0.000778182 -0.00607139
-0.981 -0.00527175 -0.00925115
-0.98 -0.0111243 -0.0133346
-0.979 -0.0171651 -0.0178878
-0.978 -0.0223512 -0.0223436
-0.977 -0.0262295 -0.0261797
-0.976 -0.0291176 -0.0290895
-0.975 -0.031929 -0.0310676
-0.974 -0.0357381 -0.0323632
-0.973 -0.0412471 -0.0333086
-0.972 -0.0483165 -0.0340852
-0.971 -0.0557391 -0.0345268
-0.97 -0.0614302 -0.0340688
-0.969 -0.0630587 -0.0319084
-0.968 -0.0588739 -0.0273477
-0.967 -0.0483248 -0.0201874
-0.966 -0.032236 -0.0109982
-0.965 -0.0126005 -0.00114817
-0.964 0.00784435 0.00745338
-0.963 0.0261828 0.0128436
-0.962 0.0399757 0.0135946
-0.961 0.0478022 0.00929697
-0.96 0.0494076 0.000728643
-0.959 0.0454073 -0.0104026
-0.958 0.0368561 -0.0220587
-0.957 0.0250202 -0.032559
-0.956 0.0112906 -0.0410815
-0.955 -0.00308087 -0.0478192
-0.954 -0.0174788 -0.0537705
-0.953 -0.032268 -0.0602364
-0.952 -0.0486231 -0.0681815
-0.951 -0.0679545 -0.0776959
-0.95 -0.0913396 -0.0878113
-0.949 -0.119096 -0.0968148
-0.948 -0.150273 -0.102956
-0.947 -0.182066 -0.10524
-0.946 -0.209792 -0.103959
-0.945 -0.228056 -0.100791
-0.944 -0.232882 -0.0984195
-0.943 -0.223653 -0.0998166
-0.942 -0.203772 -0.10736
-0.941 -0.179853 -0.122042
-0.94 -0.159918 -0.143021
-0.939 -0.150975 -0.167708
-0.938 -0.156256 -0.192355
-0.937 -0.172923 -0.212978
-0.936 -0.191702 -0.226268
-0.935 -0.199489 -0.230249
-0.934 -0.184258 -0.224519
-0.933 -0.14011 -0.210092
-0.932 -0.0702203 -0.188979
-0.931 0.0133104 -0.163627
-0.93 0.0925053 -0.136356
-0.929 0.148758 -0.108917
-0.928 0.169096 -0.0823051
-0.927 0.15136 -0.0569463
-0.926 0.105742 -0.0332179
-0.925 0.0512627 -0.0120513
-0.924 0.00823401 0.00464936
-0.923 -0.0100861 0.0139247
-0.922 -0.00319314 0.0120524
-0.921 0.0156655 -0.004765
-0.92 0.0236234 -0.0393253
-0.919 -0.00344756 -0.0921371
-0.918 -0.0807538 -0.160369
-0.917 -0.206369 -0.237593
-0.916 -0.358844 -0.314618
-0.915 -0.502428 -0.381273
-0.914 -0.598311 -0.428669
-0.913 -0.617661 -0.451316
-0.912 -0.551795 -0.448423
-0.911 -0.416051 -0.423862
-0.91 -0.245756 -0.38468
-0.909 -0.0849094 -0.3386
-0.908 0.0289048 -0.291458
-0.907 0.0776951 -0.245548
-0.906 0.0688609 -0.199471
-0.905 0.0311789 -0.149617
-0.904 0.00273913 -0.0929503
-0.903 0.0155389 -0.0300458
-0.902 0.0821161 0.0330969
-0.901 0.188848 0.085653
-0.9 0.298952 0.115033
-0.899 0.365165 0.111165
-0.898 0.347914 0.0702375
-0.897 0.231806 -0.00330727
-0.896 0.0336177 -0.0970493
-0.895 -0.201338 -0.193364
-0.894 -0.412902 -0.274416
-0.893 -0.544963 -0.327882
-0.892 -0.563584 -0.350883
-0.891 -0.468466 -0.350087
-0.89 -0.293318 -0.337971
-0.889 -0.0942937 -0.327347
-0.888 0.069521 -0.32668
-0.887 0.15611 -0.337522
-0.886 0.153387 -0.354355
-0.885 0.0806525 -0.367035
-0.884 -0.020927 -0.365674
-0.883 -0.104891 -0.346302
-0.882 -0.137474 -0.314352
-0.881 -0.110865 -0.283641
-0.88 -0.0467506 -0.271112
-0.879 0.0115135 -0.290227
-0.878 0.0153652 -0.34604
-0.877 -0.070202 -0.433285
-0.876 -0.252845 -0.537465
-0.875 -0.508767 -0.638787
-0.874 -0.788871 -0.718313
-0.873 -1.03263 -0.764272
-0.872 -1.18547 -0.77557
-0.871 -1.21434 -0.760584
-0.87 -1.11644 -0.732062
-0.869 -0.918482 -0.701154
-0.868 -0.666955 -0.673285
-0.867 -0.413474 -0.646849
-0.866 -0.200497 -0.614698
-0.865 -0.0514406 -0.568153
-0.864 0.0331626 -0.502288
-0.863 0.0729637 -0.419917
-0.862 0.0992079 -0.33178
-0.861 0.142998 -0.252514
-0.86 0.224412 -0.194754
-0.859 0.34584 -0.164559
-0.858 0.490991 -0.159752
-0.857 0.628891 -0.171089
-0.856 0.721376 -0.185875
-0.855 0.733163 -0.193541
-0.854 0.642976 -0.191111
-0.853 0.452039 -0.185208
-0.852 0.186128 -0.18868
-0.851 -0.109801 -0.213599
-0.85 -0.382495 -0.265055
-0.849 -0.584068 -0.339125
-0.848 -0.685823 -0.425015
-0.847 -0.689231 -0.50939
-0.846 -0.629581 -0.581638
-0.845 -0.567815 -0.639208
-0.844 -0.570805 -0.690749
-0.843 -0.687131 -0.753683
-0.842 -0.927776 -0.845379
-0.841 -1.2579 -0.972015
-0.84 -1.60179 -1.12179
-0.839 -1.86102 -1.26656
-0.838 -1.94326 -1.3704
-0.837 -1.79446 -1.40079
-0.836 -1.42216 -1.33877
-0.835 -0.897634 -1.18591
-0.834 -0.334182 -0.96555
-0.833 0.149774 -0.715827
-0.832 0.468544 -0.475495
-0.831 0.59646 -0.268637
-0.83 0.57682 -0.0965484
-0.829 0.507588 0.0588808
-0.828 0.504493 0.222692
-0.827 0.652138 0.411616
-0.826 0.962983 0.621864
-0.825 1.36358 0.82382
-0.824 1.71469 0.966323
-0.823 1.85649 0.991161
-0.822 1.66251 0.854015
-0.821 1.08657 0.543362
-0.82 0.188407 0.0883259
-0.819 -0.873774 -0.448353
-0.818 -1.88666 -0.988861
-0.817 -2.64855 -1.46303
-0.816 -3.03403 -1.82768
-0.815 -3.03119 -2.0764
-0.814 -2.73951 -2.23577
-0.813 -2.33218 -2.34863
-0.812 -1.99571 -2.451
-0.811 -1.86424 -2.55287
-0.81 -1.96998 -2.63149
-0.809 -2.23014 -2.63937
-0.808 -2.4784 -2.5227
-0.807 -2.52969 -2.24388
-0.806 -2.25245 -1.8007
-0.805 -1.62201 -1.23502
-0.804 -0.738046 -0.625835
-0.803 0.198746 -0.0675489
-0.802 0.945967 0.358196
-0.801 1.29823 0.605138
-0.8 1.15792 0.671256
-0.799 0.569995 0.593017
-0.798 -0.292132 0.429057
-0.797 -1.18244 0.238508
-0.796 -1.85913 0.0599397
-0.795 -2.15878 -0.101446
-0.794 -2.04649 -0.271825
-0.793 -1.62533 -0.491908
-0.792 -1.09849 -0.793669
-0.791 -0.69585 -1.18225
-0.79 -0.592837 -1.62992
-0.789 -0.852349 -2.08169
-0.788 -1.40672 -2.46892
-0.787 -2.08129 -2.72739
-0.786 -2.65106 -2.81578
-0.785 -2.9154 -2.72807
-0.784 -2.76839 -2.49362
-0.783 -2.23942 -2.16448
-0.782 -1.48713 -1.79718
-0.781 -0.749107 -1.43791
-0.78 -0.267114 -1.11543
-0.779 -0.212359 -0.840323
-0.778 -0.631274 -0.608717
-0.777 -1.42684 -0.409393
-0.776 -2.38412 -0.23315
-0.775 -3.23558 -0.0804499
-0.774 -3.74569 0.0368899
-0.773 -3.78555 0.100003
-0.772 -3.37337 0.0889403
-0.771 -2.67042 -0.0132228
-0.77 -1.93362 -0.217392
-0.769 -1.43511 -0.524279
-0.768 -1.3705 -0.919498
-0.767 -1.78772 -1.3711
-0.766 -2.56492 -1.83176
-0.765 -3.4462 -2.24462
-0.764 -4.12098 -2.55109
-0.763 -4.32075 -2.70068
-0.762 -3.90732 -2.66353
-0.761 -2.92763 -2.44152
-0.76 -1.61182 -2.07085
-0.759 -0.304996 -1.61251
-0.758 0.647482 -1.13399
-0.757 1.01606 -0.690539
-0.756 0.759772 -0.312057
-0.755 0.0345673 0.0013859
-0.754 -0.859316 0.273937
-0.753 -1.57554 0.536938
-0.752 -1.84274 0.804287
-0.751 -1.57202 1.05179
-0.75 -0.905081 1.21344
-0.749 -0.174461 1.1986
-0.748 0.21134 0.922624
-0.747 -0.0895203 0.338123
-0.746 -1.23365 -0.542802
-0.745 -3.13134 -1.6411
-0.744 -5.45736 -2.82235
-0.743 -7.73572 -3.92875
-0.742 -9.48204 -4.82314
-0.741 -10.359 -5.42694
-0.74 -10.2832 -5.73462
-0.739 -9.43974 -5.80044
-0.738 -8.20508 -5.70662
-0.737 -7.0131 -5.52712
-0.736 -6.21008 -5.29793
-0.735 -5.94005 -5.00219
-0.734 -6.09569 -4.57743
-0.733 -6.35856 -3.94694
-0.732 -6.3226 -3.06413
-0.731 -5.65538 -1.94877
-0.73 -4.23226 -0.697145
-0.729 -2.19505 0.537281
-0.728 0.077805 1.58243
-0.727 2.07605 2.29171
-0.726 3.30848 2.58187
-0.725 3.45744 2.4542
-0.724 2.48412 1.98962
-0.723 0.641509 1.31605
-0.722 -1.61164 0.561295
-0.721 -3.75863 -0.187198
-0.72 -5.37861 -0.899479
-0.719 -6.2612 -1.59481
-0.718 -6.45527 -2.31591
-0.717 -6.23856 -3.09638
-0.716 -6.01161 -3.93145
-0.715 -6.14735 -4.76335
-0.714 -6.85187 -5.49035
-0.713 -8.08958 -5.99763
-0.712 -9.59462 -6.19531
-0.711 -10.9549 -6.04555
-0.71 -11.7378 -5.56962
-0.709 -11.6252 -4.83697
-0.708 -10.5218 -3.94356
-0.707 -8.59991 -2.9858
-0.706 -6.25834 -2.03733
-0.705 -4.0072 -1.13836
-0.704 -2.31808 -0.3034
-0.703 -1.48873 0.458859
-0.702 -1.55961 1.12898
-0.701 -2.30398 1.67425
-0.7 -3.29803 2.05778
-0.699 -4.0572 2.24975
-0.698 -4.19858 2.23471
-0.697 -3.57451 2.01553
-0.696 -2.33121 1.61361
-0.695 -0.873767 1.06093
-0.694 0.253939 0.384238
-0.693 0.542695 -0.407552
-0.692 -0.305619 -1.31856
-0.691 -2.25933 -2.34317
-0.69 -4.94424 -3.44094
-0.689 -7.74746 -4.52716
-0.688 -10.0036 -5.48449
-0.687 -11.2017 -6.18864
-0.686 -11.1489 -6.53947
-0.685 -10.0404 -6.4918
-0.684 -8.40462 -6.07773
-0.683 -6.92928 -5.406
-0.682 -6.22127 -4.6295
-0.681 -6.58935 -3.89126
-0.68 -7.9312 -3.27516
-0.679 -9.76487 -2.78513
-0.678 -11.3911 -2.35969
-0.677 -12.1348 -1.91249
-0.676 -11.5922 -1.38338
-0.675 -9.80231 -0.783847
-0.674 -7.26995 -0.219195
-0.673 -4.81801 0.12829
-0.672 -3.3153 0.0568611
-0.671 -3.37922 -0.576908
-0.67 -5.15809 -1.79279
-0.669 -8.26502 -3.46093
-0.668 -11.8848 -5.32519
-0.667 -15.0249 -7.06873
-0.666 -16.8356 -8.4018
-0.665 -16.8913 -9.14338
-0.664 -15.325 -9.26702
-0.663 -12.7647 -8.89104
-0.662 -10.0979 -8.2167
-0.661 -8.15355 -7.4413
-0.66 -7.4116 -6.68077
-0.659 -7.83713 -5.92968
-0.658 -8.89718 -5.07241
-0.657 -9.76143 -3.94352
-0.656 -9.62134 -2.41751
-0.655 -8.01028 -0.492664
-0.654 -5.0025 1.6683
-0.653 -1.21919 3.76226
-0.652 2.35614 5.42611
-0.651 4.68819 6.34175
-0.65 5.02465 6.32908
-0.649 3.14479 5.39855
-0.648 -0.563826 3.74678
-0.647 -5.23053 1.69397
-0.646 -9.7853 -0.417542
-0.645 -13.2972 -2.32632
-0.644 -15.2488 -3.9156
-0.643 -15.66 -5.21459
-0.642 -15.03 -6.34401
-0.641 -14.1232 -7.43419
-0.64 -13.675 -8.54815
-0.639 -14.1193 -9.63564
-0.638 -15.4321 -10.5338
-0.637 -17.1439 -11.0163
-0.636 -18.5096 -10.8738
-0.635 -18.7734 -9.99684
-0.634 -17.4366 -8.42493
-0.633 -14.4414 -6.34528
-0.632 -10.2135 -4.04446
-0.631 -5.54789 -1.83311
-0.63 -1.38123 0.0307822
-0.629 1.47801 1.39675
-0.628 2.57616 2.24018
-0.627 1.93285 2.6416
-0.626 0.0173667 2.73768
-0.625 -2.41005 2.6634
-0.624 -4.54341 2.50517
-0.623 -5.78338 2.27747
-0.622 -5.91513 1.92668
-0.621 -5.16044 1.35919
-0.62 -4.09633 0.483173
-0.619 -3.46737 -0.751917
-0.618 -3.94253 -2.33124
-0.617 -5.88482 -4.17025
-0.616 -9.20987 -6.12687
-0.615 -13.3895 -8.02513
-0.614 -17.6034 -9.68702
-0.613 -20.9841 -10.9687
-0.612 -22.8735 -11.7919
-0.611 -23.0189 -12.1565
-0.61 -21.6557 -12.1311
-0.609 -19.4439 -11.8246
-0.608 -17.259 -11.3518
-0.607 -15.8908 -10.7982
-0.606 -15.7586 -10.1918
-0.605 -16.7528 -9.49022
-0.604 -18.2582 -8.5928
-0.603 -19.3452 -7.38311
-0.602 -19.0702 -5.78849
-0.601 -16.806 -3.83259
-0.6 -12.5052 -1.65872
-0.599 -6.79216 0.485541
-0.598 -0.822037 2.29862
-0.597 4.0622 3.4977
-0.596 6.74974 3.89493
-0.595 6.70812 3.45419
-0.594 4.14782 2.30648
-0.593 -0.0396578 0.712343
-0.592 -4.56008 -1.01905
-0.591 -8.14168 -2.62506
-0.59 -9.97186 -3.96292
-0.589 -9.97731 -5.03359
-0.588 -8.82604 -5.94828
-0.587 -7.64829 -6.85181
-0.586 -7.59123 -7.83328
-0.585 -9.36964 -8.85798
-0.584 -12.9577 -9.74805
-0.583 -17.5263 -10.2242
-0.582 -21.6717 -9.99951
-0.581 -23.8821 -8.89537
-0.58 -23.0872 -6.93312
-0.579 -19.0746 -4.36265
-0.578 -12.6112 -1.6114
-0.577 -5.22833 0.827841
-0.576 1.24081 2.52952
-0.575 5.22155 3.24387
-0.574 5.88552 2.94873
-0.573 3.40481 1.83068
-0.572 -1.13198 0.202544
-0.571 -6.12583 -1.61345
-0.57 -10.0433 -3.39167
-0.569 -11.9389 -5.05565
-0.568 -11.7365 -6.65856
-0.567 -10.1938 -8.30577
-0.566 -8.58391 -10.0572
-0.565 -8.19866 -11.8514
-0.564 -9.83262 -13.4819
-0.563 -13.4347 -14.6351
-0.562 -18.0733 -14.9791
-0.561 -22.2373 -14.271
-0.56 -24.3529 -12.4449
-0.559 -23.3196 -9.64783
-0.558 -18.8847 -6.2116
-0.557 -11.7537 -2.57333
-0.556 -3.41022 0.827158
-0.555 4.30945 3.63824
-0.554 9.76188 5.64772
-0.553 11.9748 6.78373
-0.552 10.889 7.07581
-0.551 7.29683 6.6029
-0.55 2.52899 5.45303
-0.549 -1.98929 3.70651
-0.548 -5.17772 1.4403
-0.547 -6.61472 -1.25464
-0.546 -6.62952 -4.25356
-0.545 -6.13614 -7.38771
-0.544 -6.26865 -10.4546
-0.543 -7.95689 -13.2494
-0.542 -11.5871 -15.602
-0.541 -16.8379 -17.3955
-0.54 -22.7268 -18.558
-0.539 -27.8613 -19.0401
-0.538 -30.8422 -18.8013
-0.537 -30.701 -17.8172
-0.536 -27.2232 -16.1046
-0.535 -21.0451 -13.7521
-0.534 -13.5031 -10.9455
-0.533 -6.29183 -7.97378
-0.532 -1.01089 -5.19813
-0.531 1.30103 -2.97586
-0.53 0.508575 -1.55517
-0.529 -2.5441 -0.985852
-0.528 -6.28647 -1.09166
-0.527 -8.9286 -1.5238
-0.526 -9.04414 -1.87902
-0.525 -6.04287 -1.8412
-0.524 -0.404143 -1.29931
-0.523 6.40187 -0.399082
-0.522 12.3276 0.499366
-0.521 15.4175 0.955282
-0.52 14.5138 0.627665
-0.519 9.71618 -0.571517
-0.518 2.39737 -2.41956
-0.517 -5.23128 -4.44987
-0.516 -10.8473 -6.12137
-0.515 -12.8048 -7.02874
-0.514 -10.7473 -7.07573
-0.513 -5.82805 -6.54137
-0.512 -0.397726 -6.00044
-0.511 2.80122 -6.11357
-0.51 1.65616 -7.36087
-0.509 -4.47711 -9.82382
-0.508 -14.443 -13.1045
-0.507 -25.5764 -16.4193
-0.506 -34.5164 -18.8393
-0.505 -38.2964 -19.5977
-0.504 -35.3776 -18.3586
-0.503 -26.2567 -15.3444
-0.502 -13.3731 -11.2666
-0.501 -0.299975 -7.07696
-0.5 9.48476 -3.63509
-0.499 13.7789 -1.42014
-0.498 12.3692 -0.39475
-0.497 7.05434 -0.0659474
-0.496 0.976091 0.282674
-0.495 -2.54375 1.27136
-0.494 -1.28202 3.13414
-0.493 4.97441 5.57399
-0.492 14.2748 7.83258
-0.491 23.188 8.95734
-0.49 28.046 8.16213
-0.489 26.2685 5.13947
-0.488 17.3159 0.208055
-0.487 2.9724 -5.75317
-0.486 -13.1468 -11.56
-0.485 -26.7468 -16.0838
-0.484 -34.295 -18.5979
-0.483 -34.2122 -18.9871
-0.482 -27.3441 -17.7366
-0.481 -16.559 -15.7084
-0.48 -5.68216 -13.8002
-0.479 1.81175 -12.6258
-0.478 3.92008 -12.3304
-0.477 0.715187 -12.5932
-0.476 -5.76434 -12.8019
-0.475 -12.3271 -12.3309
-0.474 -15.8677 -10.8241
-0.473 -14.5404 -8.37265
-0.472 -8.40636 -5.51212
-0.471 0.651039 -3.03898
-0.47 9.63007 -1.72693
-0.469 15.4365 -2.05817
-0.468 15.8996 -4.06394
-0.467 10.4855 -7.31761
-0.466 0.482293 -11.0701
-0.465 -11.4265 -14.4783
-0.464 -22.0481 -16.8516
-0.463 -28.6811 -17.8307
-0.462 -29.8667 -17.4378
-0.461 -25.6869 -15.9951
-0.46 -17.602 -13.9654
-0.459 -7.93894 -11.7871
-0.458 0.81291 -9.75935
-0.457 6.70898 -8.0001
-0.456 8.85214 -6.4746
-0.455 7.54357 -5.07054
-0.454 4.074 -3.68539
-0.453 0.274791 -2.28658
-0.452 -2.02218 -0.923871
-0.451 -1.50188 0.293592
-0.45 2.23504 1.22863
-0.449 8.50039 1.74023
-0.448 15.6548 1.70034
-0.447 21.5383 1.00893
-0.446 24.0752 -0.386612
-0.445 21.8902 -2.46423
-0.444 14.7864 -5.09293
-0.443 3.96032 -8.00211
-0.442 -8.16899 -10.7832
-0.441 -18.5612 -12.9545
-0.44 -24.4671 -14.0881
-0.439 -24.3501 -13.953
-0.438 -18.4714 -12.6184
-0.437 -8.91784 -10.4733
-0.436 0.957481 -8.14687
-0.435 7.54497 -6.33725
-0.434 8.17347 -5.58905
-0.433 2.12826 -6.08888
-0.432 -8.90581 -7.56992
-0.431 -21.2419 -9.38702
-0.43 -30.3748 -10.7468
-0.429 -32.5455 -11.0032
-0.428 -26.1131 -9.90529
-0.427 -12.24 -7.71122
-0.426 5.36052 -5.12284
-0.425 21.5623 -3.05118
-0.424 31.5218 -2.27857
-0.423 32.3886 -3.13657
-0.422 24.4069 -5.33646
-0.421 10.9389 -8.03818
-0.42 -2.66946 -10.1412
-0.419 -10.9984 -10.6874
-0.418 -10.5485 -9.23071
-0.417 -1.09029 -6.04145
-0.416 14.1283 -2.06798
-0.415 29.4114 1.34751
-0.414 38.555 2.91495
-0.413 37.0451 1.84824
-0.412 23.7438 -1.84913
-0.411 1.43572 -7.37485
-0.41 -23.9986 -13.3959
-0.409 -45.5241 -18.4951
-0.408 -57.3315 -21.643
-0.407 -56.8041 -22.5305
-0.406 -45.3596 -21.643
-0.405 -27.8736 -20.0413
-0.404 -10.9119 -18.9316
-0.403 -0.413796 -19.1882
-0.402 0.358169 -21.0128
-0.401 -8.09293 -23.8459
-0.4 -21.7311 -26.5508
-0.399 -34.46 -27.8052
-0.398 -40.3298 -26.5732
-0.397 -35.6941 -22.495
-0.396 -20.535 -16.0481
-0.395 1.51108 -8.41323
-0.394 24.4011 -1.10028
-0.393 41.7121 4.51752
-0.392 48.7238 7.59344
-0.391 43.8817 8.00867
-0.39 29.2124 6.34519
-0.389 9.5924 3.64863
-0.388 -8.88445 1.05326
-0.387 -20.8974 -0.607687
-0.386 -23.5724 -1.06598
-0.385 -17.2735 -0.661491
-0.384 -5.2891 -0.16572
-0.383 7.39946 -0.47477
-0.382 15.7902 -2.28833
-0.381 16.4334 -5.86413
-0.38 8.46645 -10.9019
-0.379 -6.1505 -16.5875
-0.378 -23.2497 -21.7966
-0.377 -37.7499 -25.409
-0.376 -45.2413 -26.6314
-0.375 -43.3553 -25.2206
-0.374 -32.4843 -21.5407
-0.373 -15.6476 -16.4541
-0.372 2.4126 -11.0876
-0.371 16.6118 -6.53434
-0.37 22.9995 -3.56065
-0.369 19.948 -2.39689
-0.368 8.71372 -2.68801
-0.367 -6.85198 -3.63597
-0.366 -21.4402 -4.29642
-0.365 -29.9647 -3.93051
-0.364 -29.2474 -2.29277
-0.363 -19.1362 0.24105
-0.362 -2.67348 2.75335
-0.361 14.7538 4.059
-0.36 27.0499 3.10175
-0.359 29.3797 -0.649524
-0.358 19.8799 -6.94377
-0.357 0.514775 -14.7342
-0.356 -23.3165 -22.4341
-0.355 -44.405 -28.3721
-0.354 -56.0985 -31.3035
-0.353 -54.5879 -30.8013
-0.352 -40.2928 -27.3856
-0.351 -17.8403 -22.3394
-0.35 5.3883 -17.2682
-0.349 21.6938 -13.5564
-0.348 25.6938 -11.9072
-0.347 16.2539 -12.1248
-0.346 -3.00393 -13.2207
-0.345 -24.8808 -13.8176
-0.344 -41.1305 -12.7166
-0.343 -45.4577 -9.41855
-0.342 -35.8834 -4.39372
-0.341 -15.5872 1.01418
-0.34 8.10454 5.01742
-0.339 26.2354 5.98905
-0.338 31.3496 3.02687
-0.337 20.1443 -3.71411
-0.336 -5.27452 -13.0311
-0.335 -37.99 -23.0285
-0.334 -68.5617 -31.7054
-0.333 -88.2315 -37.5719
-0.332 -91.9031 -40.068
-0.331 -79.7967 -39.6353
-0.33 -57.1773 -37.4331
-0.329 -32.3088 -34.8299
-0.328 -13.4616 -32.8783
-0.327 -6.08056 -31.9589
-0.326 -11.0551 -31.6971
-0.325 -24.6101 -31.1627
-0.324 -39.8025 -29.2662
-0.323 -49.0992 -25.207
-0.322 -47.1312 -18.8078
-0.321 -32.619 -10.6136
-0.32 -8.75859 -1.72753
-0.319 18.0057 6.53199
-0.318 40.2456 13.0035
-0.317 51.9563 16.954
-0.316 50.3169 18.1874
-0.315 36.3504 16.9985
-0.314 14.3946 14.0213
-0.313 -9.38753 10.0279
-0.312 -28.9746 5.73491
-0.311 -40.2731 1.6674
-0.31 -42.1271 -1.89736
-0.309 -36.2894 -4.91917
-0.308 -26.5336 -7.55717
-0.307 -17.3476 -10.1281
-0.306 -12.6409 -13.047
-0.305 -14.7475 -16.7199
-0.304 -23.871 -21.3827
-0.303 -38.0543 -26.9328
-0.302 -53.6921 -32.8315
-0.301 -66.4779 -38.1481
-0.3 -72.5435 -41.7608
-0.299 -69.5108 -42.6746
-0.298 -57.2207 -40.3689
-0.297 -37.9656 -35.0521
-0.296 -16.1144 -27.7114
-0.295 2.88931 -19.8911
-0.294 14.0094 -13.2317
-0.293 14.2184 -8.91277
-0.292 3.70057 -7.21183
-0.291 -13.8492 -7.37437
-0.29 -32.1078 -7.88116
-0.289 -44.0633 -7.04739
-0.288 -44.4533 -3.74779
-0.287 -31.8561 2.00639
-0.286 -9.61975 8.87893
-0.285 14.8292 14.5224
-0.284 32.2116 16.3274
-0.283 34.5187 12.3674
-0.282 18.0224 2.19444
-0.281 -14.9344 -12.8288
-0.28 -56.194 -29.8312
-0.279 -94.2353 -45.3014
-0.278 -118.09 -56.2284
-0.277 -121.298 -61.0927
-0.276 -104.367 -60.3281
-0.275 -74.7487 -56.0693
-0.274 -44.2795 -51.2697
-0.273 -24.9577 -48.5119
-0.272 -24.4869 -48.9558
-0.271 -43.1815 -51.8271
-0.27 -73.4892 -54.6712
-0.269 -102.531 -54.3146
-0.268 -116.878 -48.1864
-0.267 -107.772 -35.4875
-0.266 -74.716 -17.7252
-0.265 -26.012 1.61483
-0.264 23.9563 18.1508
-0.263 59.6672 28.0397
-0.262 69.8953 29.2489
-0.261 51.7386 22.2125
-0.26 11.7594 9.63646
-0.259 -36.2956 -4.48665
-0.258 -76.4576 -16.2955
-0.257 -96.3203 -23.3741
-0.256 -91.4001 -25.4574
-0.255 -66.4199 -24.272
-0.254 -33.1512 -22.6187
-0.253 -5.76599 -23.0934
-0.252 4.52767 -26.9548
-0.251 -6.36348 -33.5581
-0.25 -33.9587 -40.5548
-0.249 -66.9693 -44.7762
-0.248 -91.6349 -43.4692
-0.247 -96.9669 -35.411
-0.246 -78.8676 -21.4653
-0.245 -41.5815 -4.36545
-0.244 3.9586 12.1753
-0.243 44.1238 24.6631
-0.242 67.3481 30.8742
-0.241 67.9124 30.3919
-0.24 47.4623 24.4883
-0.239 13.8577 15.4522
-0.238 -22.0516 5.65725
-0.237 -50.4055 -3.27166
-0.236 -65.5728 -10.8858
-0.235 -67.5424 -17.8037
-0.234 -61.1243 -25.1551
-0.233 -53.4567 -33.8522
-0.232 -50.9361 -44.0193
-0.231 -56.8328 -54.8218
-0.23 -70.4476 -64.7376
-0.229 -87.9026 -72.1121
-0.228 -103.962 -75.7378
-0.227 -113.996 -75.2233
-0.226 -115.377 -71.0318
-0.225 -107.946 -64.2131
-0.224 -93.5889 -55.9683
-0.223 -75.2105 -47.2416
-0.222 -55.6697 -38.5232
-0.221 -37.1943 -29.9435
-0.22 -21.4742 -21.5827
-0.219 -10.0992 -13.7881
-0.218 -4.74486 -7.2818
-0.217 -6.73993 -2.9706
-0.216 -16.1978 -1.54846
-0.215 -31.2791 -3.1037
-0.214 -48.1126 -6.93574
-0.213 -61.5839 -11.6892
-0.212 -66.873 -15.7903
-0.211 -61.3389 -18.0524
-0.21 -46.0705 -18.2181
-0.209 -26.2786 -17.1709
-0.208 -9.97235 -16.65
-0.207 -5.10692 -18.5267
-0.206 -16.2544 -23.9335
-0.205 -42.2562 -32.64
-0.204 -75.9821 -42.966
-0.203 -106.465 -52.2902
-0.202 -122.746 -57.9756
-0.201 -118.094 -58.3743
-0.2 -92.9966 -53.5294
-0.199 -55.6218 -45.2611
-0.198 -19.2939 -36.5406
-0.197 2.31285 -30.3445
-0.196 0.522718 -28.4335
-0.195 -24.5705 -30.5664
-0.194 -63.5322 -34.4963
-0.193 -100.647 -36.7802
-0.192 -119.616 -34.1125
-0.191 -109.795 -24.687
-0.19 -70.5611 -9.06796
-0.189 -12.0611 9.7912
-0.188 48.0318 27.4222
-0.187 90.6394 39.3086
-0.186 102.098 42.4103
-0.185 79.201 36.1818
-0.184 30.5269 22.7065
-0.183 -26.6322 5.88515
-0.182 -72.7337 -10.0258
-0.181 -93.3712 -21.9707
-0.18 -84.6371 -29.1349
-0.179 -54.3674 -33.0629
-0.178 -18.9237 -36.8338
-0.177 3.12815 -43.65
-0.176 -1.9027 -55.3879
-0.175 -37.4737 -71.6405
-0.174 -95.1132 -89.604
-0.173 -157.179 -104.887
-0.172 -203.224 -112.985
-0.171 -217.532 -110.888
-0.17 -194.792 -98.1736
-0.169 -141.727 -77.1694
-0.168 -74.3389 -52.1707
-0.167 -12.1225 -28.0743
-0.166 28.5192 -8.9442
-0.165 39.4825 3.04034
-0.164 23.1415 7.95853
-0.163 -9.22357 7.75209
-0.162 -42.166 5.21438
-0.161 -62.0986 2.76782
-0.16 -62.1649 1.5346
-0.159 -44.1372 1.05706
-0.158 -16.9594 -0.302218
-0.157 7.09447 -4.53532
-0.156 17.0172 -13.093
-0.155 6.85064 -26.2131
-0.154 -22.4644 -42.6593
-0.153 -63.6226 -59.9384
-0.152 -105.541 -74.9278
-0.151 -136.972 -84.7016
-0.15 -149.825 -87.2734
-0.149 -141.163 -82.0323
-0.148 -113.459 -69.7939
-0.147 -73.3502 -52.523
-0.146 -29.5364 -32.8556
-0.145 9.42578 -13.5552
-0.144 36.8589 2.98111
-0.143 49.0416 15.0986
-0.142 45.6999 22.1044
-0.141 29.9744 24.3042
-0.14 7.73705 22.8159
-0.139 -13.8564 19.1624
-0.138 -28.3549 14.7396
-0.137 -31.9434 10.3417
-0.136 -24.701 5.91126
-0.135 -10.8643 0.582871
-0.134 2.00402 -6.99654
-0.133 5.01192 -18.1219
-0.132 -9.02961 -33.354
-0.131 -42.328 -51.927
-0.13 -90.067 -71.5543
-0.129 -140.961 -88.8553
-0.128 -180.596 -100.327
-0.127 -196.335 -103.491
-0.126 -181.908 -97.7725
-0.125 -140.117 -84.8224
-0.124 -82.7463 -68.1695
-0.123 -27.4251 -52.2673
-0.122 8.038 -41.1268
-0.121 12.158 -36.9561
-0.12 -15.4633 -39.3595
-0.119 -63.4123 -45.5062
-0.118 -112.398 -51.2541
-0.117 -142.36 -52.7728
-0.116 -139.967 -48.0201
-0.115 -103.698 -37.5277
-0.114 -44.6882 -24.2346
-0.113 17.0608 -12.4214
-0.112 59.9052 -6.09856
-0.111 68.669 -7.42826
-0.11 40.5507 -15.8023
-0.109 -13.5579 -27.9729
-0.108 -72.9926 -39.2197
-0.107 -115.086 -45.1196
-0.106 -123.822 -43.2306
-0.105 -95.9373 -34.018
-0.104 -42.0027 -20.6504
-0.103 17.8654 -7.76829
-0.102 61.7329 0.244751
-0.101 73.8438 0.79883
-0.1 50.0005 -6.08886
-0.099 -1.28451 -17.9152
-0.098 -62.0743 -30.6536
-0.097 -111.649 -40.2222
-0.096 -134.173 -43.9285
-0.095 -124.306 -41.3046
-0.094 -88.3077 -33.9823
-0.093 -40.4166 -24.7393
-0.092 3.38066 -16.2597
-0.091 31.1497 -10.2033
-0.09 38.3262 -6.87716
-0.089 28.0565 -5.46128
-0.088 9.02441 -4.58511
-0.087 -8.40211 -3.03205
-0.086 -16.4109 -0.32637
-0.085 -12.6004 3.05897
-0.084 -0.0825338 5.99245
-0.083 14.9812 7.29198
-0.082 26.6702 6.25581
-0.081 31.4596 2.79922
-0.08 28.4239 -2.82077
-0.079 18.0306 -10.4432
-0.078 0.666325 -20.287
-0.077 -24.124 -32.8754
-0.076 -57.1725 -48.5877
-0.075 -98.0915 -67.0217
-0.074 -143.402 -86.5113
-0.073 -185.715 -104.139
-0.072 -214.939 -116.377
-0.071 -221.461 -120.192
-0.07 -200.269 -114.247
-0.069 -154.446 -99.7519
-0.068 -96.2448 -80.5342
-0.067 -44.3246 -62.0404
-0.066 -17.1339 -49.4195
-0.065 -24.8128 -45.4078
-0.064 -63.6452 -49.056
-0.063 -116.259 -56.005
-0.062 -157.74 -60.2156
-0.061 -165.036 -56.4103
-0.06 -126.211 -42.3336
-0.059 -46.5746 -20.0864
-0.058 50.7969 4.04223
-0.057 131.747 21.533
-0.056 163.908 24.9642
-0.055 130.822 11.3794
-0.054 40.4205 -15.9609
-0.053 -76.5898 -48.3732
-0.052 -177.702 -74.7425
-0.051 -224.176 -85.4628
-0.05 -195.501 -75.9139
-0.049 -98.0047 -48.3285
-0.048 35.7818 -11.2886
-0.047 158.109 23.2635
-0.046 224.221 44.5798
-0.045 210.437 47.3629
-0.044 124.015 33.8428
-0.043 0.606917 12.8236
-0.042 -109.269 -3.82409
-0.041 -159.388 -5.86061
-0.04 -125.784 11.1292
-0.039 -16.8994 43.6422
-0.038 128.663 81.2673
-0.037 256.822 110.597
-0.036 319.224 120.433
-0.035 291.769 106.043
-0.034 183.208 70.8563
-0.033 31.5621 25.1982
-0.032 -109.727 -17.3574
-0.031 -191.483 -44.8786
-0.03 -187.859 -51.5709
-0.029 -106.967 -39.9941
-0.028 12.671 -19.7701
-0.027 118.844 -3.27264
-0.026 167.14 -0.454955
-0.025 137.2 -15.1758
-0.024 38.4426 -44.1523
-0.023 -94.5448 -78.3872
-0.022 -214.564 -106.435
-0.021 -279.268 -118.699
-0.02 -268.203 -111.391
-0.019 -191.573 -88.2572
-0.018 -84.9314 -58.8569
-0.017 7.8084 -34.1826
-0.016 53.2255 -22.1039
-0.015 39.8507 -24.7839
-0.014 -20.4169 -38.5986
-0.013 -98.6014 -55.9281
-0.012 -159.812 -68.0839
-0.011 -176.896 -68.7228
-0.01 -142.272 -56.6298
-0.009 -71.4462 -36.3087
-0.008 5.27215 -15.6609
-0.007 58.2953 -2.01128
-0.006 71.9288 1.13672
-0.005 48.9134 -4.89099
-0.004 6.73734 -15.0304
-0.003 -30.7369 -22.7654
-0.002 -43.3676 -22.8241
-0.001 -23.914 -13.5657
0 17.7602 2.00045
0.001 59.3925 17.5433
0.002 78.7304 26.7332
0.003 65.9326 26.5663
0.004 28.2771 18.6966
0.005 -14.052 8.41526
0.006 -37.1603 2.25914
0.007 -23.5482 5.30834
0.008 29.5137 18.8947
0.009 106.301 39.5055
0.01 177.183 59.7903
0.011 211.803 71.8134
0.012 194.62 71.0452
0.013 133.22 58.6981
0.014 54.7961 41.1394
0.015 -5.69798 27.0995
0.016 -19.225 24.2441
0.017 26.1511 36.2333
0.018 118.962 60.9171
0.019 225.745 90.4062
0.02 302.511 113.657
0.021 313.616 121.051
0.022 248.795 108.795
0.023 128.492 80.6734
0.024 -4.8909 46.3142
0.025 -104.067 17.2194
0.026 -134.355 2.44857
0.027 -86.2684 5.33199
0.028 19.8491 22.0224
0.029 139.54 42.5282
0.03 220.492 54.3959
0.031 224.074 47.9156
0.032 142.105 20.4719
0.033 0.438673 -22.1421
0.034 -151.668 -67.9455
0.035 -260.648 -103.286
0.036 -288.358 -117.759
0.037 -225.966 -107.882
0.038 -97.5746 -78.389
0.039 48.3635 -40.5424
0.04 157.599 -7.85122
0.041 191.357 9.1837
0.042 141.099 7.0244
0.043 30.8093 -9.88041
0.044 -93.1684 -31.2067
0.045 -180.14 -44.9804
0.046 -194.282 -42.3101
0.047 -128.238 -20.9285
0.048 -5.71192 13.8339
0.049 128.385 51.1331
0.05 226.076 78.9091
0.051 254.632 88.4964
0.052 207.645 77.6506
0.053 105.7 51.0529
0.054 -12.2669 18.4131
0.055 -103.499 -9.04797
0.056 -137.076 -22.5778
0.057 -104.974 -18.911
0.058 -23.7365 -1.06855
0.059 74.0297 23.4175
0.06 153.875 45.9198
0.061 192.5 60.0922
0.062 184.534 63.8507
0.063 142.03 59.5303
0.064 88.287 52.5108
0.065 48.5093 48.9125
0.066 40.2927 53.1208
0.067 67.4156 66.045
0.068 119.603 84.8554
0.069 178.131 104.289
0.07 224.047 118.809
0.071 244.914 124.559
0.072 237.641 120.373
0.073 207.41 107.689
0.074 164.123 89.6494
0.075 118.178 69.8595
0.076 77.166 51.2522
0.077 44.5719 35.4518
0.078 20.5741 22.7825
0.079 3.99978 12.7836
0.08 -5.93758 4.88171
0.081 -9.04594 -1.13367
0.082 -4.85167 -5.03035
0.083 5.91855 -6.44368
0.084 20.0599 -5.36031
0.085 31.9731 -2.43365
0.086 35.6842 1.13766
0.087 28.043 4.15107
0.088 11.1927 6.03384
0.089 -7.42369 7.16583
0.09 -17.7599 8.70515
0.091 -11.2745 12.0255
0.092 15.2737 18.0122
0.093 57.6247 26.4562
0.094 104.251 35.7809
0.095 139.52 43.3337
0.096 149.349 46.3064
0.097 127.361 42.9883
0.098 78.5572 33.7483
0.099 18.3489 21.1936
0.1 -32.8789 9.36756
0.101 -57.3028 2.32588
0.102 -46.2567 2.66104
0.103 -3.57605 10.5017
0.104 55.4048 23.3419
0.105 109.051 36.8224
0.106 137.288 46.2652
0.107 129.308 48.4195
0.108 87.9621 42.7209
0.109 28.8402 31.5267
0.11 -25.656 19.2226
0.111 -54.8585 10.5583
0.112 -47.5922 8.86832
0.113 -6.20114 14.8663
0.114 54.5811 26.469
0.115 113.348 39.6938
0.116 150.029 50.2379
0.117 153.155 55.1044
0.118 123.789 53.6859
0.119 74.8675 47.9555
0.12 26.2696 41.7074
0.121 -2.59883 39.1005
0.122 0.0476464 43.03
0.123 34.2891 53.9735
0.124 89.0184 69.7871
0.125 146.539 86.4864
0.126 189.028 99.6064
0.127 204.282 105.574
0.128 189.033 102.675
0.129 149.222 91.4092
0.13 97.4311 74.1987
0.131 48.3314 54.5294
0.132 13.6776 35.8099
0.133 -1.22967 20.383
0.134 1.69149 9.07195
0.135 15.2282 1.35519
0.136 30.168 -4.04783
0.137 38.4614 -8.49973
0.138 35.4053 -12.8967
0.139 20.6597 -17.3409
0.14 -1.89905 -21.0805
0.141 -25.4499 -22.7379
0.142 -42.3131 -20.7732
0.143 -46.1724 -14.026
0.144 -33.717 -2.14461
0.145 -5.38713 14.2107
0.146 34.6707 33.4015
0.147 79.2633 53.0338
0.148 119.425 70.3316
0.149 146.323 82.6301
0.15 153.538 87.9278
0.151 139.094 85.3837
0.152 106.503 75.6062
0.153 64.2567 60.5959
0.154 23.661 43.2951
0.155 -4.49695 26.8398
0.156 -13.4311 13.7405
0.157 -2.74104 5.25667
0.158 21.2582 1.16598
0.159 47.5295 0.0110124
0.16 64.1167 -0.228084
0.161 62.6148 -1.22128
0.162 41.7803 -3.4512
0.163 8.75959 -5.81464
0.164 -22.9266 -5.90544
0.165 -38.215 -0.934083
0.166 -26.3645 11.0626
0.167 14.5174 30.2057
0.168 76.0957 54.3515
0.169 142.086 79.4428
0.17 193.417 100.561
0.171 214.649 113.376
0.172 199.517 115.527
0.173 153.519 107.4
0.174 92.2242 91.9738
0.175 35.6725 73.7451
0.176 1.00323 57.1439
0.177 -3.71228 45.0427
0.178 17.9337 37.9115
0.179 52.4384 33.9043
0.18 81.6579 29.8196
0.181 89.6923 22.5641
0.182 69.0039 10.5651
0.183 23.5223 -5.41285
0.184 -32.5934 -22.3721
0.185 -80.2089 -36.0855
0.186 -102.444 -42.6264
0.187 -90.9726 -39.8439
0.188 -48.9875 -28.2125
0.189 10.1291 -10.7226
0.19 67.7187 8.14218
0.191 106.471 23.9307
0.192 116.388 33.6707
0.193 97.9802 36.7248
0.194 61.5888 34.7926
0.195 23.1483 31.0946
0.196 -1.9047 29.0506
0.197 -4.21674 30.9408
0.198 16.4649 37.0659
0.199 51.8031 45.7323
0.2 88.4905 54.0347
0.201 113.427 59.0555
0.202 118.431 58.9693
0.203 102.783 53.6481
0.204 72.8748 44.6087
0.205 39.3669 34.3796
0.206 13.0892 25.542
0.207 1.25914 19.8054
0.208 5.32398 17.4784
0.209 21.086 17.5395
0.21 40.8818 18.2422
0.211 56.7759 17.9401
0.212 63.3803 15.7594
0.213 59.2584 11.8749
0.214 46.6718 7.34501
0.215 30.1701 3.63369
0.216 14.8038 2.04084
0.217 4.61469 3.26869
0.218 1.78262 7.28241
0.219 6.55834 13.488
0.22 17.8335 21.0977
0.221 33.9106 29.4708
0.222 52.9565 38.2587
0.223 72.9333 47.3018
0.224 91.3041 56.3597
0.225 105.059 64.8485
0.226 111.362 71.766
0.227 108.617 75.8946
0.228 97.3894 76.2197
0.229 80.6835 72.3679
0.23 63.3074 64.8434
0.231 50.4143 54.9302
0.232 45.5903 44.2848
0.233 49.1666 34.3693
0.234 57.5656 25.937
0.235 64.2401 18.7922
0.236 62.097 11.9716
0.237 46.5439 4.32159
0.238 17.8915 -4.75824
0.239 -17.9837 -14.7569
0.24 -51.1511 -23.9738
0.241 -70.8964 -29.9938
0.242 -69.6286 -30.5399
0.243 -45.9785 -24.3866
0.244 -5.84322 -11.9963
0.245 39.1854 4.38359
0.246 75.6078 21.2632
0.247 92.7322 34.9608
0.248 86.5816 42.7984
0.249 61.4414 43.9726
0.25 28.3361 39.7366
0.251 0.917542 32.8205
0.252 -9.69516 26.3287
0.253 0.843224 22.5432
0.254 28.3899 22.0745
0.255 61.7704 23.6782
0.256 86.8951 24.8186
0.257 92.0783 22.7823
0.258 72.6355 15.9196
0.259 33.0019 4.51481
0.26 -14.5462 -9.08705
0.261 -54.1884 -21.1682
0.262 -72.2608 -27.8922
0.263 -62.1718 -26.6547
0.264 -26.7017 -17.0281
0.265 23.073 -0.950333
0.266 71.7385 17.9087
0.267 104.93 35.3648
0.268 114.259 48.0767
0.269 100.05 54.5553
0.27 70.8759 55.4687
0.271 40.068 53.1556
0.272 20.5633 50.5563
0.273 20.1233 49.9849
0.274 38.7141 52.2229
0.275 68.8737 56.2668
0.276 98.7101 59.7903
0.277 116.309 60.1069
0.278 113.97 55.2537
0.279 90.8495 44.7949
0.28 53.1134 30.0624
0.281 11.6121 13.7621
0.282 -22.0202 -0.899127
0.283 -39.3216 -11.2353
0.284 -37.5726 -15.8755
0.285 -20.196 -15.0625
0.286 4.91391 -10.3933
0.287 28.3455 -4.14433
0.288 42.3264 1.54795
0.289 43.0718 5.35634
0.29 31.6474 7.07133
0.291 13.1831 7.4836
0.292 -5.16835 7.93112
0.293 -16.7296 9.70925
0.294 -17.3785 13.5655
0.295 -6.5936 19.4401
0.296 12.7113 26.5082
0.297 35.3379 33.476
0.298 55.4603 39.0012
0.299 68.2576 42.0775
0.3 71.1016 42.261
0.301 64.0721 39.7023
0.302 49.7585 35.0246
0.303 32.4552 29.1214
0.304 16.9565 22.936
0.305 7.24084 17.2602
0.306 5.38756 12.5884
0.307 11.0227 9.05452
0.308 21.4254 6.46009
0.309 32.2444 4.36373
0.31 38.671 2.2066
0.311 36.8474 -0.532492
0.312 25.1897 -4.15293
0.313 5.19574 -8.55651
0.314 -18.6728 -13.1627
0.315 -40.1611 -16.9912
0.316 -53.1185 -18.9134
0.317 -53.4687 -17.9953
0.318 -40.5905 -13.8152
0.319 -17.6804 -6.66276
0.32 9.0506 2.4557
0.321 32.2038 12.0362
0.322 45.578 20.4897
0.323 46.3397 26.6252
0.324 36.1139 30.0221
0.325 20.463 31.1299
0.326 6.89015 31.0504
0.327 2.1193 31.0851
0.328 9.6415 32.2115
0.329 28.3599 34.6738
0.33 52.7869 37.8396
0.331 74.7797 40.391
0.332 86.3146 40.8031
0.333 82.3811 37.9412
0.334 62.9184 31.5494
0.335 33.0053 22.4388
0.336 1.1982 12.3008
0.337 -23.3621 3.20857
0.338 -34.0192 -3.02191
0.339 -28.7776 -5.39047
0.34 -10.8667 -3.99335
0.341 12.4688 0.0716635
0.342 32.5272 5.13157
0.343 42.1713 9.53221
0.344 38.256 12.1836
0.345 22.6089 12.8707
0.346 1.24622 12.2369
0.347 -17.8646 11.4615
0.348 -27.6685 11.7531
0.349 -24.4812 13.8493
0.35 -9.18971 17.7113
0.351 13.1618 22.5177
0.352 35.1731 26.9467
0.353 49.6003 29.6247
0.354 51.7254 29.5786
0.355 40.833 26.5395
0.356 20.352 21.0157
0.357 -3.36403 14.1258
0.358 -23.1944 7.25617
0.359 -33.579 1.66164
0.36 -32.2067 -1.86082
0.361 -20.5405 -3.1264
0.362 -3.11805 -2.51664
0.363 14.0326 -0.775474
0.364 25.3199 1.26394
0.365 27.2962 2.93031
0.366 19.6711 3.88319
0.367 5.32293 4.17321
0.368 -10.7032 4.18947
0.369 -22.8714 4.51124
0.37 -26.9264 5.70363
0.371 -21.1866 8.11609
0.372 -7.00284 11.7445
0.373 11.6837 16.1933
0.374 29.5165 20.7394
0.375 41.3093 24.4792
0.376 43.6131 26.5362
0.377 35.7975 26.2981
0.378 20.2765 23.6194
0.379 1.76958 18.9154
0.38 -14.1813 13.0878
0.381 -22.9646 7.2889
0.382 -22.3605 2.5966
0.383 -13.2579 -0.295556
0.384 0.596474 -1.27826
0.385 13.7615 -0.850302
0.386 20.8601 0.0588072
0.387 18.4038 0.432658
0.388 6.08393 -0.428338
0.389 -12.955 -2.59562
0.39 -33.0243 -5.42651
0.391 -47.7164 -7.75157
0.392 -52.0307 -8.27565
0.393 -44.0653 -6.05448
0.394 -25.7015 -0.880988
0.395 -2.05141 6.56122
0.396 20.1662 14.8494
0.397 34.8188 22.2442
0.398 38.4088 27.2418
0.399 31.257 29.0579
0.4 17.3606 27.8666
0.401 2.93823 24.7087
0.402 -5.82158 21.1016
0.403 -4.98552 18.4861
0.404 5.71772 17.7065
0.405 22.7828 18.7183
0.406 40.1269 20.6353
0.407 51.1976 22.0984
0.408 51.2751 21.8163
0.409 39.1697 19.0751
0.41 17.6979 14.0342
0.411 -7.25017 7.70892
0.412 -28.7171 1.6446
0.413 -41.0269 -2.60939
0.414 -41.6386 -4.03851
0.415 -31.8737 -2.51189
0.416 -16.3063 1.19325
0.417 -1.06958 5.69008
0.418 8.30134 9.47364
0.419 8.73228 11.4187
0.42 0.556761 11.1192
0.421 -12.7462 8.96994
0.422 -25.8956 5.97436
0.423 -33.7329 3.34988
0.424 -33.0359 2.0758
0.425 -23.5808 2.55665
0.426 -8.10537 4.525
0.427 8.74916 7.19992
0.428 22.0711 9.61301
0.429 28.2903 10.9675
0.43 26.2552 10.9074
0.431 17.4741 9.6153
0.432 5.48391 7.71567
0.433 -5.42026 6.02571
0.434 -11.6491 5.25148
0.435 -11.4538 5.74679
0.436 -5.34994 7.41809
0.437 4.24047 9.78763
0.438 13.9016 12.1676
0.439 20.3336 13.8766
0.44 21.3304 14.4297
0.441 16.377 13.6497
0.442 6.71713 11.6722
0.443 -5.11438 8.8624
0.444 -16.1244 5.6938
0.445 -23.7538 2.63802
0.446 -26.5381 0.090017
0.447 -24.3893 -1.67896
0.448 -18.5022 -2.54877
0.449 -10.9543 -2.55211
0.45 -4.09261 -1.84615
0.451 0.147763 -0.665791
0.452 0.797073 0.726142
0.453 -1.89492 2.091
0.454 -6.56606 3.27527
0.455 -11.1519 4.26941
0.456 -13.4863 5.2263
0.457 -11.9681 6.40273
0.458 -6.13131 8.03256
0.459 3.08029 10.1891
0.46 13.4874 12.6999
0.461 22.2804 15.1469
0.462 26.8603 16.9532
0.463 25.6489 17.5433
0.464 18.6397 16.543
0.465 7.52467 13.9588
0.466 -4.69782 10.2502
0.467 -14.5956 6.24017
0.468 -19.4084 2.88098
0.469 -17.9763 0.963958
0.47 -11.1199 0.880061
0.471 -1.34069 2.50934
0.472 8.02257 5.27034
0.473 13.8975 8.31742
0.474 14.5218 10.8306
0.475 10.0987 12.2999
0.476 2.78358 12.6914
0.477 -4.07683 12.4212
0.478 -7.21008 12.1501
0.479 -4.68122 12.4849
0.48 3.34873 13.7056
0.481 14.6217 15.6152
0.482 25.4923 17.5668
0.483 32.1115 18.6675
0.484 31.7378 18.0963
0.485 23.7525 15.4235
0.486 9.97376 10.8037
0.487 -5.91316 4.96358
0.488 -19.6133 -1.00719
0.489 -27.6634 -5.98273
0.49 -28.5184 -9.12955
0.491 -22.9488 -10.1333
0.492 -13.6796 -9.25326
0.493 -4.39991 -7.18572
0.494 1.55598 -4.78348
0.495 2.40826 -2.73902
0.496 -1.45518 -1.35713
0.497 -7.70457 -0.49837
0.498 -13.0179 0.30253
0.499 -14.3434 1.6051
0.5 -10.0055 3.80882
0.501 -0.311605 6.96274
0.502 12.5047 10.7039
0.503 24.9992 14.352
0.504 33.6795 17.1321
0.505 36.2042 18.4383
0.506 32.1539 18.0338
0.507 23.0933 16.1147
0.508 11.9572 13.228
0.509 2.04418 10.0897
0.51 -4.03307 7.3684
0.511 -5.13501 5.50194
0.512 -1.8888 4.59727
0.513 3.62101 4.44426
0.514 8.66964 4.63346
0.515 10.9019 4.72726
0.516 9.13421 4.41375
0.517 3.67547 3.5906
0.518 -3.87252 2.36484
0.519 -11.1988 0.9875
0.52 -16.0548 -0.244731
0.521 -16.9922 -1.08814
0.522 -13.8327 -1.42272
0.523 -7.69257 -1.27473
0.524 -0.546887 -0.787018
0.525 5.47624 -0.15384
0.526 8.78866 0.450904
0.527 8.79766 0.927682
0.528 6.03278 1.27726
0.529 1.94465 1.59885
0.53 -1.57014 2.06431
0.531 -2.79025 2.87332
0.532 -0.733769 4.19704
0.533 4.5368 6.12229
0.534 11.9623 8.60949
0.535 19.834 11.4754
0.536 26.2986 14.4071
0.537 29.8748 17.0087
0.538 29.8618 18.8775
0.539 26.5244 19.6928
0.54 20.9812 19.2938
0.541 14.8235 17.7225
0.542 9.60416 15.2143
0.543 6.37358 12.1361
0.544 5.39993 8.88956
0.545 6.13493 5.80795
0.546 7.42873 3.08191
0.547 7.94603 0.739871
0.548 6.66542 -1.30974
0.549 3.28308 -3.1907
0.55 -1.63763 -4.95917
0.551 -6.82132 -6.53112
0.552 -10.6738 -7.66946
0.553 -11.7843 -8.04345
0.554 -9.39385 -7.34329
0.555 -3.69026 -5.40898
0.556 4.18251 -2.32378
0.557 12.4352 1.56433
0.558 19.1733 5.70399
0.559 22.9711 9.46812
0.56 23.2799 12.3119
0.561 20.5493 13.9116
0.562 16.0436 14.2362
0.563 11.4106 13.5223
0.564 8.12819 12.166
0.565 7.00937 10.5754
0.566 7.94877 9.0429
0.567 10.0113 7.67623
0.568 11.8231 6.40524
0.569 12.107 5.05586
0.57 10.1692 3.46682
0.571 6.18296 1.6052
0.572 1.17654 -0.370953
0.573 -3.2842 -2.13594
0.574 -5.62684 -3.2974
0.575 -4.82934 -3.52972
0.576 -0.793517 -2.68636
0.577 5.60053 -0.856551
0.578 12.7648 1.64543
0.579 18.8928 4.35643
0.58 22.5102 6.78855
0.581 22.9196 8.56174
0.582 20.393 9.49451
0.583 16.0344 9.61919
0.584 11.36 9.12534
0.585 7.76003 8.26683
0.586 6.046 7.27141
0.587 6.23283 6.2767
0.588 7.60134 5.30538
0.589 8.99976 4.28752
0.59 9.28552 3.12378
0.591 7.76636 1.76102
0.592 4.48121 0.243859
0.593 0.207431 -1.28007
0.594 -3.8072 -2.59631
0.595 -6.27279 -3.47923
0.596 -6.28131 -3.74839
0.597 -3.59074 -3.3153
0.598 1.30171 -2.20918
0.599 7.30896 -0.569023
0.6 13.0856 1.39644
0.601 17.442 3.46241
0.602 19.6988 5.43277
0.603 19.8542 7.16544
0.604 18.518 8.58158
0.605 16.6589 9.66491
0.606 15.2666 10.4499
0.607 15.0352 10.9968
0.608 16.1526 11.3618
0.609 18.2534 11.5769
0.61 20.5546 11.6432
0.611 22.1303 11.5314
0.612 22.2285 11.1865
0.613 20.518 10.5405
0.614 17.1912 9.53678
0.615 12.9024 8.16187
0.616 8.57012 6.46878
0.617 5.10255 4.5778
0.618 3.12419 2.65679
0.619 2.79072 0.888858
0.62 3.75398 -0.566789
0.621 5.28917 -1.61383
0.622 6.53979 -2.24402
0.623 6.79937 -2.53362
0.624 5.74436 -2.60643
0.625 3.54989 -2.57695
0.626 0.850241 -2.49865
0.627 -1.4512 -2.33828
0.628 -2.46783 -1.98356
0.629 -1.61954 -1.28228
0.63 1.16899 -0.104634
0.631 5.42586 1.58912
0.632 10.2588 3.70337
0.633 14.6128 6.00723
0.634 17.5833 8.18491
0.635 18.6885 9.91859
0.636 18.0095 10.9734
0.637 16.1462 11.2564
0.638 13.9971 10.8322
0.639 12.4397 9.88993
0.64 12.0192 8.67122
0.641 12.7543 7.38251
0.642 14.1275 6.12869
0.643 15.2663 4.89421
0.644 15.2583 3.5779
0.645 13.4976 2.06477
0.646 9.93935 0.305221
0.647 5.16673 -1.62906
0.648 0.237432 -3.53415
0.649 -3.64434 -5.1158
0.65 -5.51792 -6.07263
0.651 -4.98023 -6.1914
0.652 -2.31517 -5.41779
0.653 1.6034 -3.87709
0.654 5.60168 -1.83874
0.655 8.59355 0.361373
0.656 9.93501 2.41466
0.657 9.6217 4.11818
0.658 8.25653 5.41117
0.659 6.79774 6.35825
0.66 6.18384 7.08911
0.661 6.97858 7.72193
0.662 9.16288 8.30211
0.663 12.1391 8.77785
0.664 14.9404 9.01905
0.665 16.574 8.87171
0.666 16.3805 8.22822
0.667 14.2822 7.08602
0.668 10.8236 5.56951
0.669 6.98864 3.90528
0.67 3.86622 2.36065
0.671 2.29337 1.17023
0.672 2.59679 0.476505
0.673 4.51019 0.301833
0.674 7.2861 0.557915
0.675 9.96262 1.08802
0.676 11.6951 1.72645
0.677 12.0345 2.35203
0.678 11.0517 2.91503
0.679 9.26869 3.43019
0.68 7.43778 3.94452
0.681 6.26229 4.49745
0.682 6.15431 5.08969
0.683 7.103 5.67113
0.684 8.69076 6.15084
0.685 10.2499 6.42538
0.686 11.1043 6.41376
0.687 10.805 6.08395
0.688 9.27391 5.45991
0.689 6.81266 4.60932
0.69 3.98907 3.62114
0.691 1.45256 2.58322
0.692 -0.262314 1.56673
0.693 -0.886091 0.620573
0.694 -0.473532 -0.224315
0.695 0.644348 -0.944319
0.696 1.99167 -1.51376
0.697 3.10904 -1.90388
0.698 3.689 -2.09108
0.699 3.65081 -2.06772
0.7 3.14369 -1.84705
0.701 2.48468 -1.45954
0.702 2.05031 -0.942868
0.703 2.15556 -0.330125
0.704 2.9584 0.359388
0.705 4.41609 1.12268
0.706 6.29804 1.96518
0.707 8.24454 2.88311
0.708 9.857 3.84374
0.709 10.8019 4.77569
0.71 10.9026 5.57695
0.711 10.1893 6.13872
0.712 8.88788 6.37578
0.713 7.35155 6.25283
0.714 5.95884 5.79755
0.715 5.004 5.09509
0.716 4.60716 4.26333
0.717 4.67192 3.41599
0.718 4.91294 2.62777
0.719 4.95421 1.91719
0.72 4.4669 1.25427
0.721 3.29651 0.588805
0.722 1.53431 -0.113193
0.723 -0.490288 -0.838655
0.724 -2.29616 -1.51446
0.725 -3.39455 -2.01909
0.726 -3.44899 -2.21775
0.727 -2.39527 -2.00925
0.728 -0.473267 -1.36639
0.729 1.84455 -0.352577
0.73 4.00283 0.891443
0.731 5.53905 2.18509
0.732 6.22751 3.35689
0.733 6.14422 4.28914
0.734 5.62809 4.94341
0.735 5.14744 5.35704
0.736 5.11894 5.61186
0.737 5.74767 5.78823
0.738 6.94736 5.92491
0.739 8.36618 6.00091
0.74 9.50555 5.94457
0.741 9.89307 5.66452
0.742 9.25379 5.09125
0.743 7.61908 4.21479
0.744 5.32804 3.10342
0.745 2.9168 1.89366
0.746 0.939489 0.753617
0.747 -0.209129 -0.165518
0.748 -0.409097 -0.770238
0.749 0.162152 -1.04367
0.75 1.10179 -1.03964
0.751 1.92658 -0.856433
0.752 2.24557 -0.599405
0.753 1.89787 -0.344792
0.754 1.00042 -0.118382
0.755 -0.110715 0.102286
0.756 -1.01424 0.364508
0.757 -1.35576 0.708595
0.758 -0.966433 1.14284
0.759 0.0832702 1.63407
0.76 1.50774 2.11444
0.761 2.90291 2.50073
0.762 3.88508 2.7201
0.763 4.21995 2.73381
0.764 3.89165 2.54935
0.765 3.09046 2.21557
0.766 2.13404 1.80372
0.767 1.35724 1.38435
0.768 1.00627 1.01029
0.769 1.16622 0.70951
0.77 1.7427 0.486713
0.771 2.50368 0.331389
0.772 3.16569 0.229215
0.773 3.49023 0.172545
0.774 3.35615 0.164926
0.775 2.78911 0.21731
0.776 1.94588 0.339139
0.777 1.06187 0.530974
0.778 0.377295 0.782868
0.779 0.0643095 1.07741
0.78 0.179142 1.39422
0.781 0.65331 1.7136
0.782 1.32181 2.01874
0.783 1.97465 2.29559
0.784 2.41676 2.53022
0.785 2.5231 2.70479
0.786 2.27492 2.79589
0.787 1.76357 2.77889
0.788 1.15818 2.63712
0.789 0.648635 2.37098
0.79 0.385198 2.00215
0.791 0.433263 1.57077
0.792 0.753402 1.12675
0.793 1.21082 0.717617
0.794 1.61481 0.376301
0.795 1.78113 0.11322
0.796 1.59782 -0.0828736
0.797 1.06908 -0.234377
0.798 0.31945 -0.359324
0.799 -0.442797 -0.458383
0.8 -0.989269 -0.510228
0.801 -1.14196 -0.47718
0.802 -0.830035 -0.319083
0.803 -0.115145 -0.0108012
0.804 0.825379 0.442632
0.805 1.75494 0.999617
0.806 2.45495 1.58863
0.807 2.79509 2.12661
0.808 2.77131 2.54213
0.809 2.49934 2.7942
0.81 2.16676 2.88028
0.811 1.96093 2.83126
0.812 1.99807 2.69587
0.813 2.27871 2.52051
0.814 2.68568 2.33138
0.815 3.02546 2.12642
0.816 3.09831 1.88045
0.817 2.77208 1.56155
0.818 2.03389 1.15112
0.819 1.00084 0.65903
0.82 -0.115085 0.127828
0.821 -1.07532 -0.375874
0.822 -1.69121 -0.779586
0.823 -1.88105 -1.02641
0.824 -1.68882 -1.09224
0.825 -1.26029 -0.992102
0.826 -0.786658 -0.773226
0.827 -0.436136 -0.497875
0.828 -0.29726 -0.222829
0.829 -0.353917 0.0168362
0.83 -0.500591 0.214225
0.831 -0.59056 0.38577
0.832 -0.497 0.557779
0.833 -0.163321 0.750199
0.834 0.375124 0.964358
0.835 1.00415 1.17969
0.836 1.57189 1.36049
0.837 1.94166 1.4694
0.838 2.03755 1.48193
0.839 1.86679 1.39637
0.84 1.51214 1.23534
0.841 1.09887 1.03847
0.842 0.749776 0.849016
0.843 0.544983 0.699957
0.844 0.500469 0.604786
0.845 0.571622 0.556368
0.846 0.677881 0.533291
0.847 0.736593 0.510426
0.848 0.692691 0.469351
0.849 0.534478 0.404883
0.85 0.292273 0.325611
0.851 0.0230281 0.248645
0.852 -0.212085 0.191187
0.853 -0.36888 0.162832
0.854 -0.432369 0.162004
0.855 -0.415834 0.177677
0.856 -0.349294 0.195063
0.857 -0.264653 0.202528
0.858 -0.184562 0.1968
0.859 -0.118169 0.184395
0.86 -0.062932 0.178706
0.861 -0.0095026 0.194032
0.862 0.0527573 0.239275
0.863 0.13127 0.314098
0.864 0.228512 0.409045
0.865 0.343686 0.509195
0.866 0.475523 0.599503
0.867 0.622833 0.669681
0.868 0.781619 0.716794
0.869 0.940716 0.744569
0.87 1.07967 0.75978
0.871 1.17153 0.767542
0.872 1.19014 0.768028
0.873 1.11925 0.756241
0.874 0.960617 0.72479
0.875 0.737806 0.668134
0.876 0.492751 0.586419
0.877 0.274574 0.487389
0.878 0.124077 0.385524
0.879 0.0599872 0.298292
0.88 0.0727762 0.240599
0.881 0.12878 0.219706
0.882 0.183158 0.232916
0.883 0.197172 0.269064
0.884 0.153766 0.312964
0.885 0.0651858 0.350733
0.886 -0.0312953 0.37393
0.887 -0.0885116 0.381286
0.888 -0.0692886 0.377671
0.889 0.0370143 0.370666
0.89 0.207832 0.366032
0.891 0.393162 0.364093
0.892 0.5319 0.358854
0.893 0.573318 0.340371
0.894 0.495998 0.299242
0.895 0.31664 0.231178
0.896 0.0847924 0.13977
0.897 -0.134485 0.0365627
0.898 -0.283161 -0.061572
0.899 -0.329445 -0.137043
0.9 -0.276937 -0.176635
0.901 -0.1609 -0.175221
0.902 -0.0333662 -0.136676
0.903 0.0573755 -0.0717791
0.904 0.0850887 0.00584406
0.905 0.0545475 0.084027
0.906 -0.00211752 0.155103
0.907 -0.0397068 0.216842
0.908 -0.0188948 0.2712
0.909 0.0775633 0.321507
0.91 0.237395 0.369415
0.911 0.422684 0.412943
0.912 0.583317 0.446418
0.913 0.674786 0.462185
0.914 0.673524 0.45335
0.915 0.584219 0.416494
0.916 0.436845 0.353443
0.917 0.27508 0.271451
0.918 0.140659 0.18166
0.919 0.0595253 0.096334
0.92 0.0347982 0.0259128
0.921 0.0487766 -0.0231184
0.922 0.0724684 -0.0490101
0.923 0.0783047 -0.0542065
0.924 0.0509149 -0.0438362
0.925 -0.00776193 -0.0237726
0.926 -0.0802615 0.00112947
0.927 -0.141123 0.0280653
0.928 -0.167194 0.0562757
0.929 -0.146686 0.0861644
0.93 -0.0833571 0.118079
0.931 0.00563801 0.151329
0.932 0.0967619 0.183785
0.933 0.168577 0.212123
0.934 0.208394 0.232605
0.935 0.215204 0.242133
0.936 0.198492 0.239236
0.937 0.173629 0.224649
0.938 0.155519 0.201249
0.939 0.153024 0.173353
0.94 0.166506 0.145647
0.941 0.189208 0.122088
0.942 0.211144 0.105096
0.943 0.223308 0.0952327
0.944 0.220611 0.0913736
0.945 0.203044 0.0912991
0.946 0.175061 0.0924753
0.947 0.143468 0.0927926
0.948 0.114555 0.0910417
0.949 0.0917786 0.0870209
0.95 0.0751533 0.0813002
0.951 0.0623523 0.0747769
0.952 0.0504814 0.0682
0.953 0.037429 0.0618466
0.954 0.0224706 0.0554607
0.955 0.00632159 0.0484496
0.956 -0.00922787 0.0402301
0.957 -0.0220727 0.0305741
0.958 -0.0306846 0.0198248
0.959 -0.0346002 0.00891372
0.96 -0.0341958 -0.000828395
0.961 -0.0300678 -0.00802169
0.962 -0.0226466 -0.0116414
0.963 -0.0122875 -0.0113204
0.964 0.000434744 -0.00743222
0.965 0.0145591 -0.000947169
0.966 0.0287507 0.00685191
0.967 0.0414164 0.0146846
0.968 0.0509397 0.0215313
0.969 0.0561017 0.0267849
0.97 0.0565663 0.0302697
0.971 0.05309 0.0321319
0.972 0.0472255 0.0326591
0.973 0.0406859 0.0321212
0.974 0.0347575 0.0307004
0.975 0.030007 0.0285068
0.976 0.0262884 0.0256372
0.977 0.02297 0.0222306
0.978 0.0193096 0.0184988
0.979 0.0148752 0.0147188
0.98 0.00982563 0.0111925
0.981 0.00487325 0.00818113
0.982 0.000938447 0.0058473
0.983 -0.00128384 0.0042307
0.984 -0.00160396 0.00326419
0.985 -0.000374108 0.00281159
0.986 0.00167334 0.00270758
0.987 0.00369657 0.00279008
0.988 0.00502836 0.0029221
0.989 0.00537362 0.00300245
0.99 0.00484176 0.00296733
0.991 0.00380808 0.00278786
0.992 0.00269356 0.00246791
0.993 0.0017871 0.0020412
0.994 0.00118162 0.00156276
0.995 0.00081634 0.00109383
0.996 0.000572631 0.000685784
0.997 0.000363805 0.000369904
0.998 0.000175283 0.000155713
0.999 4.34855e-05 3.677e-05
0.12 4.09493 0.767428
0.24 4.10158 0.767709
0.36 4.11266 0.768177
0.48 4.12811 0.768833
0.6 4.14789 0.769678
0.72 4.17194 0.770713
0.84 4.20018 0.77194
0.96 4.23252 0.773358
1.08 4.26886 0.774971
1.2 4.30908 0.776778
1.32 4.35305 0.77878
1.44 4.40065 0.780979
1.56 4.4517 0.783374
1.68 4.50607 0.785964
1.8 4.56357 0.78875
1.92 4.62403 0.791729
2.04 4.68725 0.794899
2.16 4.75304 0.798256
2.28 4.8212 0.801795
2.4 4.89152 0.805511
2.52 4.96377 0.809396
2.64 5.03774 0.813442
2.76 5.11321 0.817639
2.88 5.18994 0.821974
3 5.26771 0.826435
3.12 5.34627 0.831007
3.24 5.42541 0.835673
3.36 5.50488 0.840413
3.48 5.58445 0.845208
3.6 5.66389 0.850035
3.72 5.74297 0.85487
3.84 5.82147 0.859688
3.96 5.89917 0.86446
4.08 5.97585 0.869157
4.2 6.05129 0.873748
4.32 6.12531 0.878202
4.44 6.19769 0.882483
4.56 6.26824 0.886558
4.68 6.3368 0.890389
4.8 6.40317 0.893941
4.92 6.46721 0.897174
5.04 6.52874 0.900052
5.16 6.58764 0.902536
5.28 6.64377 0.904586
5.4 6.69699 0.906165
5.52 6.74721 0.907233
5.64 6.79431 0.907755
5.76 6.83822 0.907693
5.88 6.87885 0.907011
6 6.91613 0.905676
6.12 6.95 0.903655
6.24 6.98044 0.900919
6.36 7.00739 0.897438
6.48 7.03084 0.893187
6.6 7.05077 0.888144
6.72 7.0672 0.882287
6.84 7.08011 0.8756
6.96 7.08955 0.86807
7.08 7.09552 0.859686
7.2 7.09807 0.850442
7.32 7.09726 0.840335
7.44 7.09312 0.829368
7.56 7.08572 0.817546
7.68 7.07513 0.804878
7.8 7.06142 0.791379
7.92 7.04468 0.777068
8.04 7.02499 0.761966
8.16 7.00244 0.746102
8.28 6.97712 0.729506
8.4 6.94913 0.712214
8.52 6.91857 0.694266
8.64 6.88555 0.675704
8.76 6.85016 0.656576
8.88 6.8125 0.636933
9 6.7727 0.616829
9.12 6.73084 0.596322
9.24 6.68704 0.575471
9.36 6.64139 0.554339
9.48 6.594 0.532991
9.6 6.54498 0.511495
9.72 6.4944 0.489918
9.84 6.44238 0.46833
9.96 6.38901 0.446803
10.08 6.33437 0.425407
10.2 6.27854 0.404213
10.32 6.22163 0.383293
10.44 6.16369 0.362717
10.56 6.10482 0.342553
10.68 6.04508 0.32287
10.8 5.98454 0.303733
10.92 5.92327 0.285205
11.04 5.86133 0.267348
11.16 5.79878 0.250218
11.28 5.73568 0.233871
11.4 5.67207 0.218356
11.52 5.60803 0.203721
11.64 5.54358 0.190007
11.76 5.47878 0.177252
11.88 5.41367 0.16549
12 5.3483 0.154748
12.12 5.2827 0.145048
12.24 5.21692 0.136408
12.36 5.151 0.128839
12.48 5.08497 0.122349
12.6 5.01888 0.116937
12.72 4.95276 0.112598
12.84 4.88666 0.109322
12.96 4.82061 0.107093
13.08 4.75465 0.105889
13.2 4.68882 0.105684
13.32 4.62318 0.106445
13.44 4.55775 0.108135
13.56 4.49258 0.110713
13.68 4.42772 0.114132
13.8 4.36321 0.118342
13.92 4.29911 0.123288
14.04 4.23546 0.128912
14.16 4.17231 0.135153
14.28 4.10971 0.141947
14.4 4.04772 0.149228
14.52 3.98638 0.156926
14.64 3.92575 0.164971
14.76 3.86588 0.173292
14.88 3.80682 0.181815
15 3.74864 0.190469
15.12 3.69137 0.19918
15.24 3.63506 0.207877
15.36 3.57978 0.216487
15.48 3.52556 0.22494
15.6 3.47246 0.233168
15.72 3.4205 0.241105
15.84 3.36974 0.248686
15.96 3.32022 0.255851
16.08 3.27195 0.262541
16.2 3.22498 0.268703
16.32 3.17933 0.274285
16.44 3.13501 0.279241
16.56 3.09205 0.283528
16.68 3.05046 0.287109
16.8 3.01023 0.289949
16.92 2.97138 0.292021
17.04 2.93389 0.2933
17.16 2.89776 0.293768
17.28 2.86296 0.293411
17.4 2.82947 0.29222
17.52 2.79727 0.290191
17.64 2.76631 0.287325
17.76 2.73655 0.283629
17.88 2.70796 0.279113
18 2.68047 0.273791
18.12 2.65404 0.267685
18.24 2.62859 0.260817
18.36 2.60406 0.253217
18.48 2.58037 0.244914
18.6 2.55746 0.235946
18.72 2.53525 0.22635
18.84 2.51364 0.216168
18.96 2.49256 0.205443
19.08 2.47192 0.194224
19.2 2.45163 0.182557
19.32 2.43161 0.170494
19.44 2.41175 0.158085
19.56 2.39198 0.145384
19.68 2.3722 0.132443
19.8 2.35232 0.119316
19.92 2.33227 0.106058
20.04 2.31194 0.0927202
20.16 2.29128 0.0793565
20.28 2.27019 0.0660186
20.4 2.2486 0.0527571
20.52 2.22645 0.0396212
20.64 2.20366 0.0266584
20.76 2.18019 0.0139144
20.88 2.15598 0.00143244
21 2.13098 -0.0107463
21.12 2.10514 -0.0225832
21.24 2.07844 -0.0340425
21.36 2.05085 -0.045091
21.48 2.02235 -0.0556987
21.6 1.99292 -0.0658382
21.72 1.96256 -0.0754856
21.84 1.93126 -0.0846197
21.96 1.89904 -0.0932228
22.08 1.8659 -0.10128
22.2 1.83188 -0.10878
22.32 1.797 -0.115713
22.44 1.76128 -0.122075
22.56 1.72478 -0.127863
22.68 1.68754 -0.133076
22.8 1.64961 -0.137718
22.92 1.61105 -0.141794
23.04 1.57191 -0.145312
23.16 1.53227 -0.148282
23.28 1.49219 -0.150717
23.4 1.45174 -0.152631
23.52 1.411 -0.15404
23.64 1.37005 -0.154963
23.76 1.32897 -0.155418
23.88 1.28783 -0.155427
24 1.24671 -0.15501
24.12 1.2057 -0.154192
24.24 1.16487 -0.152995
24.36 1.1243 -0.151443
24.48 1.08407 -0.149561
24.6 1.04426 -0.147374
24.72 1.00493 -0.144907
24.84 0.966158 -0.142184
24.96 0.928008 -0.13923
25.08 0.890541 -0.13607
25.2 0.853816 -0.132728
25.32 0.817888 -0.129227
25.44 0.782806 -0.125589
25.56 0.748614 -0.121837
25.68 0.715352 -0.117992
25.8 0.683055 -0.114075
25.92 0.651753 -0.110104
26.04 0.62147 -0.106099
26.16 0.592225 -0.102076
26.28 0.564032 -0.098053
26.4 0.536901 -0.0940443
26.52 0.510834 -0.0900644
26.64 0.485831 -0.0861268
26.76 0.461886 -0.0822434
26.88 0.43899 -0.0784255
27 0.417128 -0.0746832
27.12 0.396282 -0.0710258
27.24 0.376429 -0.0674613
27.36 0.357546 -0.0639972
27.48 0.339602 -0.0606398
27.6 0.322568 -0.0573947
27.72 0.30641 -0.0542668
27.84 0.291092 -0.0512602
27.96 0.276578 -0.0483782
28.08 0.262828 -0.0456237
28.2 0.249805 -0.0429988
28.32 0.237467 -0.0405052
28.44 0.225776 -0.0381441
28.56 0.21469 -0.0359161
28.68 0.204169 -0.0338217
28.8 0.194176 -0.0318606
28.92 0.184671 -0.0300327
29.04 0.175618 -0.0283371
29.16 0.166982 -0.026773
29.28 0.158728 -0.0253392
29.4 0.150824 -0.0240344
29.52 0.14324 -0.0228569
29.64 0.135949 -0.021805
29.76 0.128924 -0.0208768
29.88 0.122142 -0.0200703
30 0.115582 -0.0193833
30.12 0.109224 -0.0188133
30.24 0.103054 -0.0183581
30.36 0.0970559 -0.0180148
30.48 0.0912186 -0.0177809
30.6 0.0855323 -0.0176533
30.72 0.0799895 -0.0176292
30.84 0.0745848 -0.0177052
30.96 0.0693146 -0.0178781
31.08 0.064177 -0.0181443
31.2 0.0591718 -0.0185002
31.32 0.0543001 -0.0189419
31.44 0.0495644 -0.0194655
31.56 0.044968 -0.0200666
31.68 0.0405154 -0.0207409
31.8 0.0362116 -0.0214839
31.92 0.0320623 -0.0222907
32.04 0.0280732 -0.0231564
32.16 0.0242505 -0.0240759
32.28 0.0206003 -0.0250439
32.4 0.0171283 -0.0260549
32.52 0.0138401 -0.0271034
32.64 0.0107407 -0.0281835
32.76 0.00783446 -0.0292895
32.88 0.00512512 -0.0304153
33 0.00261549 -0.0315549
33.12 0.000307465 -0.0327022
33.24 -0.00179808 -0.0338511
33.36 -0.00370129 -0.0349953
33.48 -0.00540347 -0.0361288
33.6 -0.00690699 -0.0372454
33.72 -0.00821541 -0.038339
33.84 -0.00933338 -0.0394039
33.96 -0.0102667 -0.0404341
34.08 -0.0110222 -0.0414241
34.2 -0.0116077 -0.0423683
34.32 -0.012032 -0.0432615
34.44 -0.0123049 -0.0440988
34.56 -0.0124368 -0.0448754
34.68 -0.0124389 -0.0455869
34.8 -0.0123231 -0.0462292
34.92 -0.0121015 -0.0467985
35.04 -0.0117868 -0.0472914
35.16 -0.0113918 -0.047705
35.28 -0.0109297 -0.0480366
35.4 -0.0104134 -0.048284
35.52 -0.00985586 -0.0484454
35.64 -0.00926975 -0.0485195
35.76 -0.00866742 -0.0485054
35.88 -0.00806076 -0.0484025
36 -0.0074611 -0.0482109
36.12 -0.00687912 -0.0479309
36.24 -0.00632475 -0.0475633
36.36 -0.00580711 -0.0471093
36.48 -0.00533442 -0.0465706
36.6 -0.00491392 -0.0459492
36.72 -0.0045519 -0.0452474
36.84 -0.00425356 -0.044468
36.96 -0.00402307 -0.0436141
37.08 -0.00386349 -0.042689
37.2 -0.00377682 -0.0416964
37.32 -0.00376398 -0.0406403
37.44 -0.00382483 -0.0395246
37.56 -0.00395819 -0.0383539
37.68 -0.00416192 -0.0371327
37.8 -0.00443293 -0.0358655
37.92 -0.00476726 -0.0345572
38.04 -0.00516014 -0.0332126
38.16 -0.00560605 -0.0318368
38.28 -0.00609884 -0.0304345
38.4 -0.00663176 -0.0290108
38.52 -0.0071976 -0.0275706
38.64 -0.00778876 -0.0261187
38.76 -0.00839734 -0.02466
38.88 -0.00901526 -0.0231991
39 -0.00963433 -0.0217406
39.12 -0.0102463 -0.0202889
39.24 -0.0108432 -0.0188483
39.36 -0.011417 -0.0174229
39.48 -0.01196 -0.0160165
39.6 -0.0124649 -0.0146328
39.72 -0.0129249 -0.0132753
39.84 -0.0133336 -0.0119472
39.96 -0.013685 -0.0106515
40.08 -0.013974 -0.00939107
40.2 -0.0141959 -0.00816835
40.32 -0.0143469 -0.00698565
40.44 -0.0144239 -0.00584502
40.56 -0.0144244 -0.00474827
40.68 -0.0143467 -0.00369697
40.8 -0.0141901 -0.00269245
40.92 -0.0139545 -0.00173584
41.04 -0.0136404 -0.00082803
41.16 -0.0132494 3.02964e-05
41.28 -0.0127834 0.000838656
41.4 -0.0122454 0.00159676
41.52 -0.0116386 0.0023045
41.64 -0.0109673 0.00296194
41.76 -0.0102358 0.00356932
41.88 -0.00944938 0.004127
42 -0.00861338 0.00463552
42.12 -0.00773369 0.00509553
42.24 -0.00681645 0.00550778
42.36 -0.00586805 0.00587318
42.48 -0.00489504 0.00619268
42.6 -0.00390407 0.00646738
42.72 -0.0029018 0.00669842
42.84 -0.0018949 0.00688702
42.96 -0.0008899 0.00703448
43.08 0.000106801 0.00714214
43.2 0.00108903 0.00721142
43.32 0.00205088 0.00724376
43.44 0.00298677 0.00724064
43.56 0.00389148 0.00720359
43.68 0.00476019 0.00713417
43.8 0.00558852 0.00703396
43.92 0.00637256 0.00690457
44.04 0.0071089 0.00674763
44.16 0.00779463 0.00656478
44.28 0.00842736 0.0063577
44.4 0.00900524 0.00612807
44.52 0.00952693 0.00587757
44.64 0.00999163 0.00560793
44.76 0.010399 0.00532085
44.88 0.0107493 0.00501806
45 0.0110433 0.00470129
45.12 0.0112819 0.00437229
45.24 0.0114668 0.00403279
45.36 0.0115999 0.00368454
45.48 0.0116836 0.00332928
45.6 0.0117205 0.00296874
45.72 0.0117134 0.00260467
45.84 0.0116655 0.00223877
45.96 0.0115802 0.00187275
46.08 0.011461 0.00150832
46.2 0.0113115 0.00114712
46.32 0.0111354 0.000790797
46.44 0.0109363 0.000440963
46.56 0.0107181 9.91846e-05
46.68 0.0104844 -0.000233013
46.8 0.0102387 -0.000554155
46.92 0.0099846 -0.000862818
47.04 0.00972529 -0.00115764
47.16 0.00946397 -0.00143734
47.28 0.00920356 -0.00170068
47.4 0.00894677 -0.00194654
47.52 0.00869609 -0.00217385
47.64 0.00845373 -0.00238166
47.76 0.00822163 -0.00256911
47.88 0.00800149 -0.00273542
48 0.0077947 -0.00287995
48.12 0.00760239 -0.00300215
48.24 0.00742541 -0.00310159
48.36 0.00726433 -0.00317797
48.48 0.00711947 -0.00323109
48.6 0.00699092 -0.0032609
48.72 0.0068785 -0.00326745
48.84 0.00678183 -0.00325093
48.96 0.00670032 -0.00321164
49.08 0.00663323 -0.00315002
49.2 0.00657961 -0.00306663
49.32 0.00653842 -0.00296215
49.44 0.00650847 -0.00283736
49.56 0.00648849 -0.00269316
49.68 0.00647715 -0.00253058
49.8 0.00647305 -0.00235072
49.92 0.0064748 -0.00215478
50.04 0.00648097 -0.00194407
50.16 0.00649016 -0.00171995
50.28 0.00650103 -0.00148388
50.4 0.00651225 -0.00123736
50.52 0.00652261 -0.00098196
50.64 0.00653095 -0.000719281
50.76 0.00653621 -0.000450968
50.88 0.00653746 -0.000178688
51 0.00653387 9.588e-05
51.12 0.00652475 0.000371052
51.24 0.00650951 0.00064515
51.36 0.00648772 0.000916515
51.48 0.00645906 0.00118351
51.6 0.00642337 0.00144455
51.72 0.0063806 0.00169807
51.84 0.00633081 0.00194259
51.96 0.0062742 0.00217667
52.08 0.00621108 0.00239896
52.2 0.00614185 0.00260818
52.32 0.006067 0.00280315
52.44 0.00598711 0.00298276
52.56 0.00590282 0.00314603
52.68 0.00581484 0.00329207
52.8 0.00572392 0.00342009
52.92 0.00563084 0.00352943
53.04 0.00553639 0.00361953
53.16 0.0054414 0.00368996
53.28 0.00534667 0.0037404
53.4 0.00525299 0.00377065
53.52 0.00516113 0.00378064
53.64 0.00507183 0.0037704
53.76 0.00498578 0.00374007
53.88 0.00490361 0.00368993
54 0.00482591 0.00362035
54.12 0.0047532 0.0035318
54.24 0.00468593 0.00342487
54.36 0.00462447 0.00330022
54.48 0.00456915 0.00315863
54.6 0.00452018 0.00300093
54.72 0.00447774 0.00282806
54.84 0.0044419 0.002641
54.96 0.00441268 0.00244082
55.08 0.00439005 0.00222862
55.2 0.00437387 0.00200557
55.32 0.004364 0.00177287
55.44 0.0043602 0.00153176
55.56 0.00436223 0.0012835
55.68 0.00436977 0.00102936
55.8 0.0043825 0.000770633
55.92 0.00440006 0.000508607
56.04 0.00442209 0.000244566
56.16 0.0044482 -2.02162e-05
56.28 0.00447803 -0.000284487
56.4 0.00451121 -0.00054702
56.52 0.00454737 -0.000806617
56.64 0.00458618 -0.00106212
56.76 0.00462734 -0.00131242
56.88 0.00467057 -0.00155645
57 0.00471563 -0.0017932
57.12 0.00476232 -0.00202171
57.24 0.00481048 -0.00224109
57.36 0.00486 -0.00245051
57.48 0.00491082 -0.00264923
57.6 0.00496292 -0.00283654
57.72 0.00501634 -0.00301184
57.84 0.00507115 -0.00317459
57.96 0.00512749 -0.00332432
58.08 0.00518551 -0.00346065
58.2 0.00524544 -0.00358328
58.32 0.00530751 -0.00369197
58.44 0.00537199 -0.00378658
58.56 0.0054392 -0.00386702
58.68 0.00550944 -0.0039333
58.8 0.00558306 -0.0039855
58.92 0.00566041 -0.00402376
59.04 0.00574183 -0.00404829
59.16 0.00582767 -0.0040594
59.28 0.00591826 -0.00405742
59.4 0.00601392 -0.00404277
59.52 0.00611495 -0.00401593
59.64 0.00622161 -0.00397742
59.76 0.00633413 -0.00392783
59.88 0.00645271 -0.00386778
60 0.00657749 -0.00379796
60.12 0.00670856 -0.00371906
60.24 0.00684596 -0.00363186
60.36 0.00698969 -0.00353712
60.48 0.00713965 -0.00343566
60.6 0.00729572 -0.0033283
60.72 0.00745768 -0.00321591
60.84 0.00762526 -0.00309933
60.96 0.00779814 -0.00297945
61.08 0.00797589 -0.00285714
61.2 0.00815807 -0.00273327
61.32 0.00834413 -0.00260871
61.44 0.00853348 -0.00248433
61.56 0.00872548 -0.00236096
61.68 0.0089194 -0.00223944
61.8 0.00911451 -0.00212057
61.92 0.00930998 -0.00200512
62.04 0.00950496 -0.00189385
62.16 0.00969857 -0.00178747
62.28 0.00988988 -0.00168665
62.4 0.0100779 -0.00159203
62.52 0.0102618 -0.00150421
62.64 0.0104404 -0.00142371
62.76 0.0106128 -0.00135106
62.88 0.0107779 -0.00128668
63 0.0109348 -0.00123098
63.12 0.0110825 -0.00118429
63.24 0.0112199 -0.00114691
63.36 0.0113461 -0.00111906
63.48 0.0114601 -0.00110092
63.6 0.011561 -0.00109261
63.72 0.0116479 -0.00109419
63.84 0.0117199 -0.00110567
63.96 0.0117763 -0.00112702
64.08 0.0118162 -0.00115813
64.2 0.011839 -0.00119886
64.32 0.011844 -0.00124902
64.44 0.0118305 -0.00130836
64.56 0.0117981 -0.00137661
64.68 0.0117463 -0.00145344
64.8 0.0116746 -0.0015385
64.92 0.0115827 -0.00163138
65.04 0.0114704 -0.00173166
65.16 0.0113374 -0.00183889
65.28 0.0111837 -0.00195259
65.4 0.0110092 -0.00207227
65.52 0.0108141 -0.00219743
65.64 0.0105983 -0.00232752
65.76 0.0103621 -0.00246203
65.88 0.0101059 -0.00260042
66 0.00983001 -0.00274215
66.12 0.0095349 -0.00288668
66.24 0.00922112 -0.00303348
66.36 0.00888934 -0.00318204
66.48 0.00854026 -0.00333184
66.6 0.0081747 -0.00348238
66.72 0.00779355 -0.00363318
66.84 0.0073978 -0.00378377
66.96 0.00698848 -0.00393372
67.08 0.00656674 -0.00408258
67.2 0.00613378 -0.00422996
67.32 0.00569088 -0.00437547
67.44 0.00523939 -0.00451874
67.56 0.00478072 -0.00465943
67.68 0.00431635 -0.00479721
67.8 0.0038478 -0.00493179
67.92 0.00337667 -0.00506285
68.04 0.00290457 -0.00519015
68.16 0.00243318 -0.00531341
68.28 0.00196419 -0.00543238
68.4 0.00149935 -0.00554683
68.52 0.00104038 -0.00565652
68.64 0.000589057 -0.00576123
68.76 0.000147137 -0.00586072
68.88 -0.000283623 -0.00595477
69 -0.000701477 -0.00604314
69.12 -0.00110471 -0.00612559
69.24 -0.00149162 -0.00620187
69.36 -0.00186057 -0.00627172
69.48 -0.00220995 -0.00633486
69.6 -0.00253823 -0.00639101
69.72 -0.00284394 -0.00643986
69.84 -0.00312568 -0.00648107
69.96 -0.00338214 -0.00651432
70.08 -0.00361212 -0.00653923
70.2 -0.00381451 -0.00655542
70.32 -0.0039883 -0.0065625
70.44 -0.00413263 -0.00656006
70.56 -0.00424673 -0.00654766
70.68 -0.00432999 -0.00652488
70.8 -0.00438192 -0.00649126
70.92 -0.00440217 -0.00644634
71.04 -0.00439054 -0.00638969
71.16 -0.00434697 -0.00632085
71.28 -0.00427156 -0.00623938
71.4 -0.00416454 -0.00614487
71.52 -0.00402631 -0.00603689
71.64 -0.0038574 -0.00591509
71.76 -0.0036585 -0.00577912
71.88 -0.00343041 -0.00562868
72 -0.0031741 -0.0054635
72.12 -0.00289065 -0.00528341
72.24 -0.00258127 -0.00508824
72.36 -0.00224729 -0.00487794
72.48 -0.00189014 -0.0046525
72.6 -0.00151135 -0.00441202
72.72 -0.00111253 -0.00415666
72.84 -0.00069539 -0.00388669
72.96 -0.00026168 -0.00360247
73.08 0.000186782 -0.00330445
73.2 0.000648138 -0.00299321
73.32 0.0011205 -0.00266941
73.44 0.00160196 -0.00233385
73.56 0.00209062 -0.0019874
73.68 0.00258456 -0.00163108
73.8 0.00308191 -0.00126598
73.92 0.0035808 -0.000893322
74.04 0.00407943 -0.000514414
74.16 0.00457603 -0.000130665
74.28 0.00506891 0.000256425
74.4 0.00555643 0.000645276
74.52 0.00603704 0.00103423
74.64 0.00650927 0.00142158
74.76 0.00697174 0.00180554
74.88 0.00742316 0.0021843
75 0.00786236 0.00255603
75.12 0.00828824 0.00291885
75.24 0.00869981 0.00327093
75.36 0.00909618 0.0036104
75.48 0.00947656 0.00393547
75.6 0.00984026 0.00424436
75.72 0.0101867 0.00453537
75.84 0.0105152 0.00480687
75.96 0.0108255 0.00505735
76.08 0.0111171 0.00528538
76.2 0.0113898 0.00548968
76.32 0.0116431 0.0056691
76.44 0.011877 0.00582267
76.56 0.0120911 0.00594956
76.68 0.0122854 0.00604915
76.8 0.0124595 0.00612102
76.92 0.0126133 0.00616493
77.04 0.0127466 0.0061809
77.16 0.0128592 0.00616913
77.28 0.0129506 0.00613007
77.4 0.0130207 0.00606441
77.52 0.0130689 0.00597306
77.64 0.0130947 0.00585718
77.76 0.0130977 0.00571814
77.88 0.0130772 0.00555755
78 0.0130323 0.00537724
78.12 0.0129623 0.00517926
78.24 0.0128662 0.00496585
78.36 0.012743 0.00473943
78.48 0.0125916 0.0045026
78.6 0.0124106 0.00425811
78.72 0.0121988 0.00400885
78.84 0.0119548 0.00375782
78.96 0.0116771 0.0035081
79.08 0.0113642 0.00326285
79.2 0.0110144 0.00302525
79.32 0.0106262 0.00279852
79.44 0.0101979 0.00258584
79.56 0.00972797 0.00239036
79.68 0.00921472 0.00221513
79.8 0.00865665 0.00206314
79.92 0.00805225 0.00193722
80.04 0.00740017 0.00184003
80.16 0.00669913 0.00177407
80.28 0.00594802 0.0017416
80.4 0.00514591 0.00174465
80.52 0.00429207 0.00178496
80.64 0.00338599 0.00186401
80.76 0.00242743 0.00198293
80.88 0.00141643 0.00214256
81 0.000353338 0.00234335
81.12 -0.000761172 0.0025854
81.24 -0.00192606 0.00286844
81.36 -0.00313991 0.00319182
81.48 -0.0044009 0.00355447
81.6 -0.00570682 0.00395495
81.72 -0.007055 0.00439143
81.84 -0.00844235 0.00486169
81.96 -0.00986531 0.0053631
82.08 -0.0113199 0.0058927
82.2 -0.0128016 0.00644714
82.32 -0.0143056 0.00702277
82.44 -0.0158264 0.00761558
82.56 -0.0173583 0.00822129
82.68 -0.018895 0.00883535
82.8 -0.0204298 0.00945297
82.92 -0.0219557 0.0100692
83.04 -0.0234654 0.0106787
83.16 -0.0249509 0.0112764
83.28 -0.0264044 0.0118568
83.4 -0.0278174 0.0124145
83.52 -0.0291814 0.012944
83.64 -0.0304876 0.0134399
83.76 -0.0317274 0.0138968
83.88 -0.0328915 0.0143096
84 -0.0339712 0.0146731
84.12 -0.0349575 0.0149824
84.24 -0.0358414 0.0152329
84.36 -0.0366144 0.0154204
84.48 -0.037268 0.0155408
84.6 -0.0377939 0.0155904
84.72 -0.0381842 0.0155659
84.84 -0.0384316 0.0154647
84.96 -0.0385292 0.0152842
85.08 -0.0384704 0.0150227
85.2 -0.0382494 0.0146787
85.32 -0.0378613 0.0142515
85.44 -0.0373014 0.0137406
85.56 -0.0365664 0.0131465
85.68 -0.0356534 0.0124698
85.8 -0.0345606 0.011712
85.92 -0.0332871 0.010875
86.04 -0.0318331 0.00996135
86.16 -0.0301997 0.00897406
86.28 -0.0283892 0.00791671
86.4 -0.0264049 0.00679338
86.52 -0.0242514 0.00560866
86.64 -0.0219343 0.00436759
86.76 -0.0194604 0.00307562
86.88 -0.0168376 0.00173863
87 -0.0140752 0.000362842
87.12 -0.0111834 -0.00104521
87.24 -0.00817374 -0.00247872
87.36 -0.00505867 -0.00393065
87.48 -0.00185185 -0.00539377
87.6 0.00143205 -0.00686074
87.72 0.00477736 -0.00832414
87.84 0.0081675 -0.00977652
87.96 0.011585 -0.0112104
88.08 0.0150116 -0.0126186
88.2 0.0184284 -0.0139937
88.32 0.0218156 -0.0153287
88.44 0.0251533 -0.0166169
88.56 0.0284208 -0.0178517
88.68 0.0315971 -0.0190268
88.8 0.0346613 -0.0201365
88.92 0.0375919 -0.0211753
89.04 0.0403677 -0.0221382
89.16 0.0429677 -0.0230207
89.28 0.0453711 -0.0238188
89.4 0.0475572 -0.0245289
89.52 0.0495063 -0.0251482
89.64 0.051199 -0.0256742
89.76 0.0526168 -0.0261053
89.88 0.053742 -0.0264401
90 0.0545582 -0.0266782
90.12 0.05505 -0.0268194
90.24 0.0552031 -0.0268644
90.36 0.055005 -0.0268142
90.48 0.0544443 -0.0266707
90.6 0.0535116 -0.0264359
90.72 0.0521989 -0.0261126
90.84 0.0505002 -0.0257041
90.96 0.0484114 -0.0252139
91.08 0.0459303 -0.0246462
91.2 0.0430568 -0.0240054
91.32 0.0397928 -0.0232961
91.44 0.0361424 -0.0225235
91.56 0.0321119 -0.0216928
91.68 0.0277097 -0.0208095
91.8 0.0229463 -0.0198791
91.92 0.0178348 -0.0189072
92.04 0.0123898 -0.0178996
92.16 0.0066287 -0.0168619
92.28 0.000570483 -0.0157997
92.4 -0.00576364 -0.0147184
92.52 -0.0123505 -0.0136232
92.64 -0.0191653 -0.0125192
92.76 -0.0261812 -0.0114112
92.88 -0.0333698 -0.0103036
93 -0.0407014 -0.00920038
93.12 -0.0481448 -0.00810532
93.24 -0.0556676 -0.00702164
93.36 -0.0632363 -0.00595212
93.48 -0.0708166 -0.00489904
93.6 -0.0783736 -0.0038642
93.72 -0.0858716 -0.00284883
93.84 -0.093275 -0.00185365
93.96 -0.100548 -0.000878826
94.08 -0.107654 7.60449e-05
94.2 -0.114559 0.0010119
94.32 -0.121226 0.00193024
94.44 -0.127623 0.00283308
94.56 -0.133715 0.00372296
94.68 -0.139471 0.00460292
94.8 -0.144859 0.00547646
94.92 -0.149851 0.00634754
95.04 -0.15442 0.00722051
95.16 -0.158539 0.00810009
95.28 -0.162186 0.00899134
95.4 -0.16534 0.0098996
95.52 -0.167981 0.0108304
95.64 -0.170095 0.0117896
95.76 -0.171667 0.012783
95.88 -0.172688 0.0138166
96 -0.17315 0.0148964
96.12 -0.173048 0.0160284
96.24 -0.172382 0.0172184
96.36 -0.171152 0.0184721
96.48 -0.169364 0.0197952
96.6 -0.167026 0.0211927
96.72 -0.164149 0.0226698
96.84 -0.160747 0.0242309
96.96 -0.156838 0.0258802
97.08 -0.152441 0.0276214
97.2 -0.14758 0.0294577
97.32 -0.142281 0.0313916
97.44 -0.136571 0.0334252
97.56 -0.130482 0.0355598
97.68 -0.124047 0.0377962
97.8 -0.117301 0.0401343
97.92 -0.11028 0.0425734
98.04 -0.103025 0.0451122
98.16 -0.0955742 0.0477482
98.28 -0.0879695 0.0504787
98.4 -0.0802533 0.0532998
98.52 -0.0724684 0.0562071
98.64 -0.0646581 0.0591952
98.76 -0.0568659 0.0622583
98.88 -0.0491353 0.0653894
99 -0.0415092 0.0685813
99.12 -0.0340299 0.0718257
99.24 -0.0267387 0.075114
99.36 -0.0196759 0.0784366
99.48 -0.0128803 0.0817836
99.6 -0.00638875 0.0851447
99.72 -0.000236554 0.0885087
99.84 0.00554334 0.0918643
99.96 0.0109203 0.0951998
100.08 0.0158661 0.0985031
100.2 0.0203555 0.101762
100.32 0.0243659 0.104964
100.44 0.0278777 0.108096
100.56 0.0308746 0.111146
100.68 0.0333432 0.114101
100.8 0.0352737 0.116949
100.92 0.0366593 0.119678
101.04 0.0374969 0.122275
101.16 0.0377864 0.124728
101.28 0.0375312 0.127027
101.4 0.036738 0.12916
101.52 0.0354165 0.131117
101.64 0.0335797 0.132888
101.76 0.0312436 0.134464
101.88 0.0284268 0.135837
102 0.0251511 0.136998
102.12 0.0214402 0.137942
102.24 0.0173207 0.138663
102.36 0.012821 0.139155
102.48 0.00797152 0.139414
102.6 0.00280443 0.139438
102.72 -0.00264675 0.139224
102.84 -0.00834723 0.138772
102.96 -0.0142613 0.138082
103.08 -0.0203526 0.137155
103.2 -0.0265843 0.135994
103.32 -0.0329194 0.134602
103.44 -0.039321 0.132984
103.56 -0.0457526 0.131146
103.68 -0.0521781 0.129094
103.8 -0.0585625 0.126837
103.92 -0.0648717 0.124384
104.04 -0.0710729 0.121745
104.16 -0.0771348 0.11893
104.28 -0.0830276 0.115952
104.4 -0.0887236 0.112824
104.52 -0.094197 0.109558
104.64 -0.099424 0.106171
104.76 -0.104383 0.102675
104.88 -0.109055 0.0990888
105 -0.113424 0.0954269
105.12 -0.117474 0.0917064
105.24 -0.121194 0.0879444
105.36 -0.124575 0.0841585
105.48 -0.127609 0.0803664
105.6 -0.130293 0.0765856
105.72 -0.132624 0.0728343
105.84 -0.134602 0.06913
105.96 -0.136229 0.0654904
106.08 -0.13751 0.0619329
106.2 -0.138452 0.0584746
106.32 -0.139062 0.0551321
106.44 -0.13935 0.0519215
106.56 -0.139327 0.0488584
106.68 -0.139007 0.0459575
106.8 -0.138402 0.043233
106.92 -0.137527 0.0406981
107.04 -0.136397 0.0383651
107.16 -0.135028 0.0362454
107.28 -0.133437 0.0343493
107.4 -0.131638 0.032686
107.52 -0.12965 0.0312636
107.64 -0.127486 0.0300889
107.76 -0.125163 0.0291677
107.88 -0.122696 0.0285043
108 -0.120097 0.0281018
108.12 -0.117382 0.0279621
108.24 -0.114561 0.0280857
108.36 -0.111646 0.0284718
108.48 -0.108646 0.0291184
108.6 -0.105569 0.0300222
108.72 -0.102423 0.0311785
108.84 -0.0992138 0.0325816
108.96 -0.0959445 0.0342245
109.08 -0.0926181 0.0360991
109.2 -0.089236 0.0381963
109.32 -0.085798 0.0405057
109.44 -0.0823025 0.0430164
109.56 -0.078747 0.0457163
109.68 -0.0751274 0.0485926
109.8 -0.0714389 0.0516316
109.92 -0.0676756 0.0548194
110.04 -0.0638307 0.0581412
110.16 -0.0598969 0.0615818
110.28 -0.0558664 0.0651258
110.4 -0.051731 0.0687574
110.52 -0.0474824 0.0724607
110.64 -0.0431124 0.0762199
110.76 -0.0386128 0.0800189
110.88 -0.0339759 0.0838421
111 -0.0291947 0.087674
111.12 -0.0242628 0.0914993
111.24 -0.0191748 0.0953034
111.36 -0.0139263 0.0990719
111.48 -0.00851428 0.102791
111.6 -0.00293698 0.106449
111.72 0.00280575 0.110032
111.84 0.00871242 0.113529
111.96 0.0147798 0.11693
112.08 0.0210029 0.120224
112.2 0.0273746 0.123405
112.32 0.0338862 0.126462
112.44 0.0405266 0.129391
112.56 0.0472832 0.132185
112.68 0.0541409 0.13484
112.8 0.061083 0.137352
112.92 0.068091 0.139719
113.04 0.0751443 0.141939
113.16 0.0822209 0.144012
113.28 0.0892969 0.145938
113.4 0.0963473 0.147719
113.52 0.103346 0.149357
113.64 0.110264 0.150856
113.76 0.117075 0.152219
113.88 0.123748 0.153451
114 0.130254 0.154557
114.12 0.136563 0.155543
114.24 0.142644 0.156415
114.36 0.148469 0.157181
114.48 0.154007 0.157847
114.6 0.15923 0.15842
114.72 0.16411 0.158908
114.84 0.16862 0.159318
114.96 0.172735 0.159658
115.08 0.176431 0.159933
115.2 0.179687 0.160153
115.32 0.182482 0.160322
115.44 0.184799 0.160447
115.56 0.186623 0.160535
115.68 0.187941 0.160589
115.8 0.188744 0.160614
115.92 0.189024 0.160615
116.04 0.188778 0.160593
116.16 0.188005 0.160553
116.28 0.186707 0.160493
116.4 0.184888 0.160417
116.52 0.182559 0.160322
116.64 0.179729 0.160208
116.76 0.176415 0.160073
116.88 0.172632 0.159913
117 0.168403 0.159724
117.12 0.163751 0.159503
117.24 0.158701 0.159243
117.36 0.153282 0.158938
117.48 0.147526 0.15858
117.6 0.141465 0.158163
117.72 0.135135 0.157677
117.84 0.128572 0.157113
117.96 0.121814 0.156462
118.08 0.114902 0.155715
118.2 0.107876 0.154861
118.32 0.100776 0.153889
118.44 0.0936441 0.15279
118.56 0.0865224 0.151553
118.68 0.0794522 0.150168
118.8 0.0724746 0.148624
118.92 0.0656298 0.146911
119.04 0.0589574 0.145022
119.16 0.0524955 0.142945
119.28 0.0462808 0.140674
119.4 0.0403481 0.138201
119.52 0.0347306 0.135518
119.64 0.029459 0.132621
119.76 0.0245618 0.129504
119.88 0.0200649 0.126163
120 0.0159918 0.122596
