-0.999 -3.25954e-05 -3.16012e-05
-0.998 -0.000142342 -0.000140167
-0.997 -0.0003078 -0.000328728
-0.996 -0.000479699 -0.000576336
-0.995 -0.000634645 -0.000851289
-0.994 -0.000819991 -0.00113289
-0.993 -0.00114946 -0.00142597
-0.992 -0.0017349 -0.00175476
-0.991 -0.00258074 -0.00213592
-0.99 -0.00350142 -0.00254557
-0.989 -0.00412507 -0.00290204
-0.988 -0.00400958 -0.00308153
-0.987 -0.00284122 -0.00297189
-0.986 -0.000640047 -0.00255103
-0.985 0.00212319 -0.00195572
-0.984 0.00457979 -0.00149627
-0.983 0.00571072 -0.00158973
-0.982 0.00472062 -0.00262681
-0.981 0.00138226 -0.00482642
-0.98 -0.00382071 -0.00813709
-0.979 -0.00983595 -0.0122232
-0.978 -0.0154162 -0.0165477
-0.977 -0.0195841 -0.0205384
-0.976 -0.0220279 -0.0237898
-0.975 -0.02327 -0.0262055
-0.974 -0.0244816 -0.0279898
-0.973 -0.0269377 -0.0294745
-0.972 -0.0312981 -0.03087
-0.971 -0.0370632 -0.0320733
-0.97 -0.0425111 -0.0326185
-0.969 -0.0451707 -0.0317862
-0.968 -0.042625 -0.0288488
-0.967 -0.0333719 -0.0234076
-0.966 -0.0175045 -0.0157083
-0.965 0.00301856 -0.00676196
-0.964 0.0247105 0.00185749
-0.963 0.0435186 0.00848086
-0.962 0.0561038 0.01186
-0.961 0.060882 0.0115103
-0.96 0.0583682 0.00778522
-0.959 0.0507754 0.00170314
-0.958 0.0411454 -0.0054259
-0.957 0.0322979 -0.0124912
-0.956 0.0258371 -0.0190045
-0.955 0.0215186 -0.0252154
-0.954 0.0172969 -0.0318272
-0.953 0.0101603 -0.0394893
-0.952 -0.00255732 -0.048364
-0.951 -0.0219988 -0.057955
-0.95 -0.0472211 -0.0672155
-0.949 -0.0753082 -0.0748751
-0.948 -0.102012 -0.079931
-0.947 -0.122825 -0.0821648
-0.946 -0.134322 -0.0824015
-0.945 -0.135326 -0.0822818
-0.944 -0.127408 -0.0836402
-0.943 -0.114436 -0.0878549
-0.942 -0.101394 -0.0954528
-0.941 -0.0929353 -0.105991
-0.94 -0.0920056 -0.118142
-0.939 -0.0987457 -0.130003
-0.938 -0.110028 -0.139668
-0.937 -0.120115 -0.145837
-0.936 -0.122424 -0.148054
-0.935 -0.111716 -0.146374
-0.934 -0.0858253 -0.140844
-0.933 -0.0464404 -0.131288
-0.932 0.00109151 -0.117504
-0.931 0.0488369 -0.0995506
-0.93 0.0882762 -0.0779199
-0.929 0.112941 -0.053716
-0.928 0.120615 -0.0289708
-0.927 0.11388 -0.00679555
-0.926 0.0987136 0.00909993
-0.925 0.0819899 0.0154802
-0.924 0.0689593 0.0105435
-0.923 0.0613565 -0.00587085
-0.922 0.0563967 -0.0327177
-0.921 0.0471104 -0.0682481
-0.92 0.0245704 -0.110298
-0.919 -0.0183136 -0.156564
-0.918 -0.0830506 -0.204959
-0.917 -0.163728 -0.253685
-0.916 -0.247815 -0.30067
-0.915 -0.319068 -0.342726
-0.914 -0.361544 -0.375315
-0.913 -0.363865 -0.393341
-0.912 -0.322837 -0.392556
-0.911 -0.245103 -0.370804
-0.91 -0.145662 -0.328801
-0.909 -0.0434515 -0.270439
-0.908 0.0442814 -0.202439
-0.907 0.106759 -0.133011
-0.906 0.142201 -0.0697739
-0.905 0.157504 -0.0178969
-0.904 0.165066 0.0205334
-0.903 0.17751 0.0458925
-0.902 0.202045 0.0598263
-0.901 0.236806 0.0640389
-0.9 0.270796 0.0591807
-0.899 0.287355 0.044127
-0.898 0.269904 0.0163582
-0.897 0.208392 -0.026231
-0.896 0.104637 -0.082978
-0.895 -0.0256239 -0.149147
-0.894 -0.155592 -0.216485
-0.893 -0.254775 -0.275067
-0.892 -0.298143 -0.315438
-0.891 -0.273602 -0.330801
-0.89 -0.185687 -0.319232
-0.889 -0.0549936 -0.285135
-0.888 0.0866009 -0.238547
-0.887 0.204592 -0.191956
-0.886 0.272357 -0.156186
-0.885 0.279534 -0.137577
-0.884 0.234455 -0.13737
-0.883 0.159692 -0.152544
-0.882 0.0832244 -0.17734
-0.881 0.0287362 -0.205491
-0.88 0.0073941 -0.233108
-0.879 0.0127831 -0.260936
-0.878 0.0213138 -0.29422
-0.877 -0.000203626 -0.339791
-0.876 -0.081448 -0.402026
-0.875 -0.235251 -0.479908
-0.874 -0.449879 -0.566193
-0.873 -0.689688 -0.648421
-0.872 -0.903313 -0.711498
-0.871 -1.03713 -0.741737
-0.87 -1.0513 -0.731485
-0.869 -0.934135 -0.682358
-0.868 -0.708616 -0.605274
-0.867 -0.426989 -0.517166
-0.866 -0.154526 -0.435842
-0.865 0.0512744 -0.374836
-0.864 0.158672 -0.339634
-0.863 0.17156 -0.326362
-0.862 0.128412 -0.323782
-0.861 0.0893237 -0.318246
-0.86 0.113575 -0.299544
-0.859 0.235293 -0.265014
-0.858 0.447573 -0.220455
-0.857 0.702069 -0.178096
-0.856 0.923989 -0.152501
-0.855 1.03667 -0.155266
-0.854 0.987988 -0.189894
-0.853 0.770742 -0.249249
-0.852 0.429756 -0.317568
-0.851 0.0504951 -0.376516
-0.85 -0.268998 -0.412273
-0.849 -0.452478 -0.420481
-0.848 -0.472169 -0.407851
-0.847 -0.357963 -0.390731
-0.846 -0.187232 -0.390826
-0.845 -0.0590852 -0.42823
-0.844 -0.0600804 -0.513441
-0.843 -0.231298 -0.641979
-0.842 -0.548988 -0.794639
-0.841 -0.928531 -0.943276
-0.84 -1.25208 -1.05914
-0.839 -1.40905 -1.12051
-0.838 -1.33352 -1.11783
-0.837 -1.02629 -1.05556
-0.836 -0.555951 -0.949731
-0.835 -0.0387341 -0.821378
-0.834 0.398363 -0.687811
-0.833 0.660406 -0.555987
-0.832 0.717546 -0.421119
-0.831 0.614101 -0.270879
-0.83 0.449664 -0.0930633
-0.829 0.34066 0.11624
-0.828 0.377256 0.346693
-0.827 0.589463 0.57229
-0.826 0.932275 0.75584
-0.825 1.29563 0.858465
-0.824 1.53867 0.850642
-0.823 1.53832 0.720534
-0.822 1.23453 0.477
-0.821 0.654287 0.146972
-0.82 -0.0943586 -0.23171
-0.819 -0.854633 -0.62005
-0.818 -1.46799 -0.987234
-0.817 -1.82155 -1.31595
-0.816 -1.88202 -1.60152
-0.815 -1.70423 -1.84605
-0.814 -1.40975 -2.05141
-0.813 -1.14241 -2.21449
-0.812 -1.01716 -2.32545
-0.811 -1.08118 -2.36891
-0.81 -1.29999 -2.32769
-0.809 -1.57124 -2.18917
-0.808 -1.76087 -1.95208
-0.807 -1.75063 -1.63044
-0.806 -1.48203 -1.25204
-0.805 -0.980831 -0.852707
-0.804 -0.352806 -0.469796
-0.803 0.248034 -0.137144
-0.802 0.667343 0.118629
-0.801 0.798216 0.281277
-0.8 0.614087 0.346854
-0.799 0.177634 0.322724
-0.798 -0.377131 0.223511
-0.797 -0.885273 0.06624
-0.796 -1.20153 -0.132937
-0.795 -1.24442 -0.360117
-0.794 -1.0197 -0.604325
-0.793 -0.61661 -0.8581
-0.792 -0.178754 -1.11711
-0.791 0.141048 -1.37772
-0.79 0.22896 -1.63315
-0.789 0.0476069 -1.87043
-0.788 -0.34959 -2.07015
-0.787 -0.833867 -2.20915
-0.786 -1.24242 -2.26514
-0.785 -1.43197 -2.2219
-0.784 -1.32696 -2.07417
-0.783 -0.947309 -1.83124
-0.782 -0.406923 -1.51817
-0.781 0.117175 -1.17295
-0.78 0.437884 -0.839009
-0.779 0.418732 -0.554994
-0.778 0.0223269 -0.345323
-0.777 -0.671974 -0.215435
-0.776 -1.48908 -0.153535
-0.775 -2.21133 -0.137728
-0.774 -2.64659 -0.145812
-0.773 -2.69 -0.165075
-0.772 -2.36094 -0.199416
-0.771 -1.80222 -0.270536
-0.77 -1.23795 -0.410844
-0.769 -0.899784 -0.649155
-0.768 -0.945372 -0.994574
-0.767 -1.39906 -1.42588
-0.766 -2.13665 -1.89115
-0.765 -2.91965 -2.31784
-0.764 -3.46831 -2.63005
-0.763 -3.55188 -2.76871
-0.762 -3.06889 -2.70903
-0.761 -2.09036 -2.46862
-0.76 -0.846752 -2.10195
-0.759 0.341394 -1.68228
-0.758 1.16671 -1.27801
-0.757 1.4358 -0.933076
-0.756 1.13324 -0.657765
-0.755 0.427601 -0.432085
-0.754 -0.38417 -0.220434
-0.753 -0.979552 0.00666797
-0.752 -1.12824 0.25157
-0.751 -0.782948 0.478639
-0.75 -0.107209 0.619537
-0.749 0.572854 0.593024
-0.748 0.876868 0.331272
-0.747 0.501978 -0.196386
-0.746 -0.664635 -0.968611
-0.745 -2.48996 -1.91019
-0.744 -4.61961 -2.90573
-0.743 -6.58089 -3.82729
-0.742 -7.93222 -4.56735
-0.741 -8.40529 -5.06399
-0.74 -7.989 -5.30883
-0.739 -6.92714 -5.33795
-0.738 -5.63297 -5.2122
-0.737 -4.54839 -4.99398
-0.736 -3.99132 -4.72508
-0.735 -4.04281 -4.41115
-0.734 -4.51813 -4.02068
-0.733 -5.03735 -3.50266
-0.732 -5.16966 -2.81671
-0.731 -4.59656 -1.96118
-0.73 -3.2359 -0.986692
-0.729 -1.28698 0.00809396
-0.728 0.817083 0.894432
-0.727 2.53835 1.5406
-0.726 3.40756 1.84453
-0.725 3.18289 1.76421
-0.724 1.93346 1.33302
-0.723 0.015707 0.650057
-0.722 -2.04531 -0.152176
-0.721 -3.72418 -0.948122
-0.72 -4.65814 -1.65197
-0.719 -4.75711 -2.2343
-0.718 -4.22641 -2.72108
-0.717 -3.48917 -3.17572
-0.716 -3.02989 -3.66698
-0.715 -3.21616 -4.23191
-0.714 -4.16649 -4.84899
-0.713 -5.70931 -5.43541
-0.712 -7.43961 -5.87034
-0.711 -8.84856 -6.03398
-0.71 -9.48685 -5.8473
-0.709 -9.1153 -5.30042
-0.708 -7.79258 -4.46171
-0.707 -5.86327 -3.46388
-0.706 -3.84657 -2.46871
-0.705 -2.26788 -1.62011
-0.704 -1.49519 -1.00285
-0.703 -1.63163 -0.622815
-0.702 -2.4907 -0.415356
-0.701 -3.65777 -0.277286
-0.7 -4.62383 -0.110547
-0.699 -4.95516 0.136472
-0.698 -4.44281 0.443659
-0.697 -3.17661 0.719917
-0.696 -1.51877 0.832014
-0.695 0.0101389 0.652439
-0.694 0.893454 0.108325
-0.693 0.780152 -0.787195
-0.692 -0.399623 -1.93193
-0.691 -2.40129 -3.15999
-0.69 -4.73174 -4.28692
-0.689 -6.79878 -5.16055
-0.688 -8.09533 -5.70121
-0.687 -8.35723 -5.91738
-0.686 -7.64512 -5.89057
-0.685 -6.32541 -5.73501
-0.684 -4.95396 -5.54932
-0.683 -4.09587 -5.38007
-0.682 -4.13656 -5.20992
-0.681 -5.14669 -4.97187
-0.68 -6.84952 -4.58211
-0.679 -8.70427 -3.98015
-0.678 -10.0796 -3.16362
-0.677 -10.4646 -2.20565
-0.676 -9.65292 -1.24636
-0.675 -7.8359 -0.458632
-0.674 -5.56594 -0.0010869
-0.673 -3.594 0.0228911
-0.672 -2.63048 -0.41308
-0.671 -3.10808 -1.25806
-0.67 -5.02644 -2.39954
-0.669 -7.93128 -3.68906
-0.668 -11.0386 -4.97317
-0.667 -13.4722 -6.12375
-0.666 -14.5442 -7.05777
-0.665 -13.9814 -7.73897
-0.664 -12.0182 -8.16441
-0.663 -9.31806 -8.34656
-0.662 -6.74744 -8.29959
-0.661 -5.07692 -8.03115
-0.66 -4.71176 -7.53738
-0.659 -5.54502 -6.80222
-0.658 -6.98815 -5.80578
-0.657 -8.17645 -4.54294
-0.656 -8.2833 -3.04473
-0.655 -6.8329 -1.39178
-0.654 -3.90152 0.285131
-0.653 -0.134247 1.81676
-0.652 3.43765 3.01756
-0.651 5.72532 3.71699
-0.65 5.94659 3.79662
-0.649 3.8975 3.22319
-0.648 0.0329689 2.06398
-0.647 -4.67369 0.475617
-0.646 -9.04186 -1.33111
-0.645 -12.0592 -3.13972
-0.644 -13.2003 -4.77668
-0.643 -12.5854 -6.1467
-0.642 -10.9182 -7.24274
-0.641 -9.21825 -8.12512
-0.64 -8.43902 -8.8753
-0.639 -9.11439 -9.54185
-0.638 -11.1621 -10.101
-0.637 -13.91 -10.448
-0.636 -16.3275 -10.4243
-0.635 -17.3793 -9.87245
-0.634 -16.388 -8.7034
-0.633 -13.2899 -6.95158
-0.632 -8.69006 -4.79457
-0.631 -3.68588 -2.52392
-0.63 0.483964 -0.47262
-0.629 2.83859 1.07644
-0.628 2.96077 1.96891
-0.627 1.11084 2.21771
-0.626 -1.87816 1.98863
-0.625 -4.88359 1.53578
-0.624 -6.86539 1.1064
-0.623 -7.21091 0.847688
-0.622 -5.93638 0.75093
-0.621 -3.67213 0.656272
-0.62 -1.43657 0.3179
-0.619 -0.282485 -0.495207
-0.618 -0.93929 -1.90059
-0.617 -3.56871 -3.84161
-0.616 -7.70784 -6.08753
-0.615 -12.4124 -8.29622
-0.614 -16.5524 -10.1181
-0.613 -19.1674 -11.3045
-0.612 -19.7653 -11.7823
-0.611 -18.4686 -11.6666
-0.61 -15.9594 -11.2092
-0.609 -13.2481 -10.6997
-0.608 -11.3375 -10.3547
-0.607 -10.8916 -10.2361
-0.606 -12.0142 -10.2307
-0.605 -14.2078 -10.0982
-0.604 -16.5276 -9.56655
-0.603 -17.883 -8.44002
-0.602 -17.3944 -6.68143
-0.601 -14.6925 -4.44417
-0.6 -10.069 -2.04366
-0.599 -4.42678 0.125274
-0.598 0.966065 1.70082
-0.597 4.84841 2.45714
-0.596 6.34957 2.35875
-0.595 5.26016 1.54958
-0.594 2.09982 0.289055
-0.593 -2.04606 -1.13584
-0.592 -5.87141 -2.49372
-0.591 -8.26832 -3.66557
-0.59 -8.68813 -4.66053
-0.589 -7.32543 -5.58411
-0.588 -5.05279 -6.56733
-0.587 -3.11491 -7.68547
-0.586 -2.67584 -8.9029
-0.585 -4.37316 -10.0655
-0.584 -8.04323 -10.9381
-0.583 -12.7259 -11.2688
-0.582 -16.9538 -10.8627
-0.581 -19.2316 -9.64551
-0.58 -18.5483 -7.7032
-0.579 -14.7562 -5.27923
-0.578 -8.68251 -2.72583
-0.577 -1.91723 -0.424195
-0.576 3.67285 1.29802
-0.575 6.54841 2.22872
-0.574 6.00206 2.30275
-0.573 2.37797 1.6005
-0.572 -3.06493 0.314688
-0.571 -8.58764 -1.30861
-0.57 -12.5538 -3.03842
-0.569 -13.9741 -4.71292
-0.568 -12.835 -6.2608
-0.567 -10.0887 -7.68797
-0.566 -7.28804 -9.03963
-0.565 -5.98734 -10.3497
-0.564 -7.13976 -11.5907
-0.563 -10.7194 -12.6405
-0.562 -15.6998 -13.2879
-0.561 -20.3818 -13.2816
-0.56 -22.9544 -12.4107
-0.559 -22.1132 -10.5859
-0.558 -17.5351 -7.89378
-0.557 -10.0404 -4.61081
-0.556 -1.3627 -1.17006
-0.555 6.39781 1.92001
-0.554 11.4396 4.19198
-0.553 12.8042 5.33696
-0.552 10.6261 5.27819
-0.551 6.0279 4.17221
-0.55 0.70992 2.34251
-0.549 -3.63074 0.174431
-0.548 -5.86227 -1.99597
-0.547 -5.76735 -3.97193
-0.546 -4.06091 -5.73852
-0.545 -2.08439 -7.4365
-0.544 -1.30123 -9.26852
-0.543 -2.77251 -11.3732
-0.542 -6.77885 -13.7241
-0.541 -12.7 -16.0963
-0.54 -19.1877 -18.1108
-0.539 -24.5762 -19.3363
-0.538 -27.3959 -19.4194
-0.537 -26.8182 -18.2091
-0.536 -22.8993 -15.8355
-0.535 -16.5667 -12.7047
-0.534 -9.36202 -9.3988
-0.533 -3.0107 -6.51097
-0.532 1.06921 -4.47642
-0.531 2.17775 -3.45734
-0.53 0.532039 -3.31251
-0.529 -2.811 -3.65631
-0.528 -6.27985 -3.99224
-0.527 -8.26221 -3.88508
-0.526 -7.60031 -3.11576
-0.525 -3.97728 -1.7598
-0.524 1.92541 -0.15704
-0.523 8.57773 1.21312
-0.522 14.0459 1.90125
-0.521 16.6063 1.64504
-0.52 15.3276 0.465992
-0.519 10.4207 -1.3273
-0.518 3.23194 -3.23856
-0.517 -4.13676 -4.75789
-0.516 -9.48712 -5.54765
-0.515 -11.2693 -5.56798
-0.514 -9.16352 -5.09604
-0.513 -4.27046 -4.63613
-0.512 1.19495 -4.75122
-0.511 4.63693 -5.86372
-0.51 4.00353 -8.08637
-0.509 -1.41781 -11.146
-0.508 -10.6281 -14.439
-0.507 -21.1274 -17.2047
-0.506 -29.6727 -18.7551
-0.505 -33.3492 -18.6786
-0.504 -30.5962 -16.957
-0.503 -21.8175 -13.9664
-0.502 -9.33582 -10.3619
-0.501 3.32941 -6.8717
-0.5 12.6371 -4.06826
-0.499 16.2469 -2.19788
-0.498 13.8422 -1.1378
-0.497 7.24067 -0.491803
-0.496 -0.263476 0.220163
-0.495 -5.10549 1.35117
-0.494 -4.78172 2.96371
-0.493 1.17184 4.76522
-0.492 10.9223 6.17282
-0.491 20.9297 6.49963
-0.49 27.2016 5.20399
-0.489 26.7657 2.10818
-0.488 18.8152 -2.49882
-0.487 5.09717 -7.91152
-0.486 -10.6056 -13.1899
-0.485 -23.7266 -17.4132
-0.484 -30.4665 -19.93
-0.483 -29.0962 -20.5302
-0.482 -20.5447 -19.481
-0.481 -8.04657 -17.4089
-0.48 4.02858 -15.0719
-0.479 11.7281 -13.1041
-0.478 12.8784 -11.8265
-0.477 7.77546 -11.1834
-0.476 -1.02037 -10.8172
-0.475 -9.69169 -10.2463
-0.474 -14.6007 -9.08184
-0.473 -13.634 -7.20737
-0.472 -6.96494 -4.85614
-0.471 3.04153 -2.55745
-0.47 12.7247 -0.970454
-0.469 18.4616 -0.663002
-0.468 17.9403 -1.91273
-0.467 10.9359 -4.59877
-0.466 -0.650564 -8.21851
-0.465 -13.4704 -12.0199
-0.464 -23.8648 -15.2036
-0.463 -29.0528 -17.1318
-0.462 -27.9553 -17.4839
-0.461 -21.3906 -16.3192
-0.46 -11.6372 -14.0317
-0.459 -1.58279 -11.2136
-0.458 6.21695 -8.47396
-0.457 10.2664 -6.27233
-0.456 10.4468 -4.81684
-0.455 7.86831 -4.04745
-0.454 4.35992 -3.69664
-0.453 1.80843 -3.40458
-0.452 1.58071 -2.85711
-0.451 4.18304 -1.90899
-0.45 9.19301 -0.652744
-0.449 15.4235 0.593692
-0.448 21.2519 1.37804
-0.447 25.0324 1.25296
-0.446 25.4967 -0.0770648
-0.445 22.0609 -2.6387
-0.444 14.9952 -6.13637
-0.443 5.4408 -9.98879
-0.442 -4.74577 -13.4597
-0.441 -13.3557 -15.8526
-0.44 -18.3867 -16.7103
-0.439 -18.6656 -15.9558
-0.438 -14.3118 -13.9301
-0.437 -6.83979 -11.3126
-0.436 1.17747 -8.93362
-0.435 6.82469 -7.52305
-0.434 7.77065 -7.47184
-0.433 3.14873 -8.69577
-0.432 -5.92926 -10.6571
-0.431 -16.5127 -12.5419
-0.43 -24.6806 -13.5345
-0.429 -26.8908 -13.1019
-0.428 -21.3148 -11.1975
-0.427 -8.64665 -8.30887
-0.426 7.93226 -5.316
-0.425 23.6643 -3.18927
-0.424 33.7598 -2.63423
-0.423 35.0998 -3.81942
-0.422 27.4848 -6.2916
-0.421 13.89 -9.10962
-0.42 -0.474549 -11.1532
-0.419 -10.012 -11.5114
-0.418 -10.8173 -9.82825
-0.417 -2.20845 -6.47981
-0.416 12.8605 -2.49752
-0.415 28.69 0.754449
-0.414 38.7774 2.03628
-0.413 38.1738 0.656027
-0.412 25.4055 -3.28876
-0.411 3.20127 -8.9293
-0.41 -22.306 -14.8974
-0.409 -43.6458 -19.7682
-0.408 -54.5986 -22.5301
-0.407 -52.3729 -22.9151
-0.406 -38.5926 -21.4606
-0.405 -18.7264 -19.2769
-0.404 -0.133326 -17.6146
-0.403 10.5932 -17.3938
-0.402 10.0028 -18.859
-0.401 -0.995523 -21.476
-0.4 -17.5148 -24.1046
-0.399 -32.5015 -25.3963
-0.398 -39.3059 -24.2803
-0.397 -34.1024 -20.3628
-0.396 -17.3112 -14.0939
-0.395 6.49419 -6.64927
-0.394 30.1785 0.425701
-0.393 46.5492 5.68406
-0.392 50.834 8.20678
-0.391 42.236 7.85545
-0.39 24.072 5.2675
-0.389 2.53295 1.60094
-0.388 -15.4549 -1.8754
-0.387 -24.5429 -4.20018
-0.386 -22.6821 -5.00974
-0.385 -11.6661 -4.61723
-0.384 3.68228 -3.86597
-0.383 17.3353 -3.80854
-0.382 24.1742 -5.31824
-0.381 21.632 -8.76263
-0.38 10.3813 -13.8465
-0.379 -6.03971 -19.6713
-0.378 -22.4627 -24.9847
-0.377 -33.7843 -28.5397
-0.376 -36.5943 -29.4582
-0.375 -30.203 -27.4938
-0.374 -16.739 -23.1121
-0.373 -0.348367 -17.3576
-0.372 14.1485 -11.5483
-0.371 22.6735 -6.89602
-0.37 22.9979 -4.16922
-0.369 15.3045 -3.49297
-0.368 2.09078 -4.34379
-0.367 -12.5779 -5.74541
-0.366 -24.2734 -6.61666
-0.365 -29.5131 -6.16659
-0.364 -26.779 -4.20051
-0.363 -16.9703 -1.2249
-0.362 -3.18579 1.68875
-0.361 10.1146 3.24061
-0.36 18.3923 2.33844
-0.359 18.4366 -1.50086
-0.358 9.47636 -7.91671
-0.357 -6.39675 -15.7314
-0.356 -24.6936 -23.2561
-0.355 -39.8017 -28.7904
-0.354 -46.7264 -31.1481
-0.353 -42.7779 -30.0245
-0.352 -28.6325 -26.0815
-0.351 -8.33253 -20.7196
-0.35 11.8798 -15.6096
-0.349 25.5639 -12.1317
-0.348 28.2559 -10.9133
-0.347 19.0727 -11.6297
-0.346 1.16875 -13.1564
-0.345 -19.1826 -14.0244
-0.344 -34.6787 -13.0127
-0.343 -39.5924 -9.65861
-0.342 -31.9538 -4.50016
-0.341 -14.4355 1.04523
-0.34 6.44986 5.1297
-0.339 22.5722 6.09962
-0.338 27.031 3.07795
-0.337 16.6423 -3.70343
-0.336 -6.78391 -12.9436
-0.335 -36.8626 -22.6717
-0.334 -64.7017 -30.8646
-0.333 -81.9596 -36.0695
-0.332 -83.7728 -37.8143
-0.331 -70.4236 -36.6609
-0.33 -47.1281 -33.8971
-0.329 -22.086 -30.999
-0.328 -3.56242 -29.0738
-0.327 2.9624 -28.4833
-0.326 -3.37266 -28.7685
-0.325 -18.6064 -28.8791
-0.324 -35.479 -27.6143
-0.323 -46.1553 -24.1131
-0.322 -45.1237 -18.2095
-0.321 -31.167 -10.5233
-0.32 -7.71118 -2.26389
-0.319 18.4714 5.15391
-0.318 39.6354 10.5262
-0.317 49.6404 13.1644
-0.316 45.8821 13.0121
-0.315 29.9774 10.5716
-0.314 7.02484 6.6874
-0.313 -16.2452 2.26843
-0.312 -33.7222 -1.95493
-0.311 -41.7666 -5.56427
-0.31 -40.0824 -8.46234
-0.309 -31.4359 -10.7961
-0.308 -20.4509 -12.8524
-0.307 -11.9788 -14.9685
-0.306 -9.60101 -17.4609
-0.305 -14.6991 -20.5565
-0.304 -26.2678 -24.3191
-0.303 -41.3865 -28.576
-0.302 -56.1077 -32.8739
-0.301 -66.5106 -36.5023
-0.3 -69.6889 -38.6205
-0.299 -64.4647 -38.4844
-0.298 -51.6751 -35.7127
-0.297 -33.9954 -30.4954
-0.296 -15.3704 -23.6484
-0.295 -0.166078 -16.4565
-0.294 7.86582 -10.3234
-0.293 6.67982 -6.31738
-0.292 -3.20606 -4.76832
-0.291 -18.5019 -5.09502
-0.29 -33.8776 -5.98176
-0.289 -43.5495 -5.88112
-0.288 -43.2386 -3.66708
-0.287 -31.8346 0.815625
-0.286 -12.1768 6.52959
-0.285 9.40727 11.4593
-0.284 24.8495 13.226
-0.283 27.0049 9.92849
-0.282 12.405 0.928914
-0.281 -16.988 -12.7352
-0.28 -53.8923 -28.5294
-0.279 -87.8583 -43.1791
-0.278 -108.785 -53.7369
-0.277 -110.543 -58.5553
-0.276 -93.3666 -57.8011
-0.275 -64.0713 -53.3259
-0.274 -33.8853 -47.9321
-0.273 -14.5077 -44.2804
-0.272 -13.7279 -43.8177
-0.271 -32.2427 -46.146
-0.27 -63.0047 -49.1219
-0.269 -93.5398 -49.6962
-0.268 -110.509 -45.1781
-0.267 -104.837 -34.4199
-0.266 -75.4182 -18.4511
-0.265 -29.9348 -0.316924
-0.264 17.6018 15.8264
-0.263 51.7113 26.0508
-0.262 60.9727 27.9707
-0.261 42.2292 21.5608
-0.26 1.9051 9.1532
-0.259 -46.1541 -5.40484
-0.258 -85.6443 -18.1192
-0.257 -103.76 -26.2132
-0.256 -95.8452 -28.9727
-0.255 -66.9032 -27.7807
-0.254 -29.4493 -25.3705
-0.253 1.37085 -24.6078
-0.252 13.4844 -27.2636
-0.251 2.34544 -33.2388
-0.25 -27.4199 -40.5392
-0.249 -63.7642 -46.0154
-0.248 -91.7778 -46.5838
-0.247 -99.3846 -40.4518
-0.246 -81.9567 -27.8721
-0.245 -44.0195 -11.1485
-0.244 2.55081 6.08855
-0.243 42.9771 20.0517
-0.242 64.8617 27.9771
-0.241 62.3457 28.8961
-0.24 37.7655 23.7457
-0.239 0.361049 14.8251
-0.238 -37.3943 4.84545
-0.237 -64.4366 -4.04871
-0.236 -74.9474 -10.925
-0.235 -69.9403 -16.1678
-0.234 -56.1214 -21.0505
-0.233 -42.6921 -26.9843
-0.232 -37.5386 -34.7725
-0.231 -44.3386 -44.1798
-0.23 -61.5786 -53.9755
-0.229 -83.6215 -62.3882
-0.228 -103.182 -67.7406
-0.227 -114.12 -68.9981
-0.226 -113.472 -66.0435
-0.225 -102.064 -59.6214
-0.224 -83.6558 -51.0133
-0.223 -63.145 -41.5885
-0.222 -44.6988 -32.4163
-0.221 -30.624 -24.1027
-0.22 -21.3575 -16.8929
-0.219 -16.3271 -10.9214
-0.218 -14.9668 -6.4089
-0.217 -17.189 -3.66964
-0.216 -23.0801 -2.94253
-0.215 -32.1496 -4.17869
-0.214 -42.7142 -6.92422
-0.213 -51.886 -10.37
-0.212 -56.3146 -13.5733
-0.211 -53.5203 -15.8022
-0.21 -43.3546 -16.8862
-0.209 -28.8736 -17.3937
-0.208 -15.9096 -18.4781
-0.207 -11.1078 -21.3862
-0.206 -19.0597 -26.825
-0.205 -39.8368 -34.4947
-0.204 -68.2052 -43.0259
-0.203 -95.0559 -50.3694
-0.202 -110.591 -54.4984
-0.201 -108.104 -54.1687
-0.2 -86.9472 -49.4569
-0.199 -53.4781 -41.8441
-0.198 -19.3379 -33.7511
-0.197 2.63642 -27.6438
-0.196 3.47036 -25.0401
-0.195 -17.9713 -25.8323
-0.194 -53.8976 -28.2379
-0.193 -90.0569 -29.4367
-0.192 -110.923 -26.6697
-0.191 -105.644 -18.3809
-0.19 -72.4798 -4.96419
-0.189 -19.9863 11.1802
-0.188 35.6195 26.3237
-0.187 76.0967 36.599
-0.186 87.8304 39.2924
-0.185 67.0152 33.7739
-0.184 21.3039 21.7047
-0.183 -32.8837 6.4099
-0.182 -76.4983 -8.36151
-0.181 -95.1062 -19.8006
-0.18 -84.3694 -26.9819
-0.179 -51.5995 -31.0307
-0.178 -12.8463 -34.4898
-0.177 13.2753 -40.16
-0.176 12.6892 -49.8442
-0.175 -18.6704 -63.439
-0.174 -73.0118 -78.7257
-0.173 -133.257 -91.9913
-0.172 -179.232 -99.2894
-0.171 -195.154 -97.8535
-0.17 -175.433 -87.0947
-0.169 -126.485 -68.8156
-0.168 -64.0391 -46.6227
-0.167 -7.28473 -24.8092
-0.166 27.8233 -7.10459
-0.165 33.76 4.3176
-0.164 13.49 9.26629
-0.163 -21.228 9.25923
-0.162 -54.6712 6.67857
-0.161 -73.2707 3.72358
-0.16 -70.5634 1.59187
-0.159 -49.0541 0.169973
-0.158 -18.5252 -1.73317
-0.157 8.14625 -5.7657
-0.156 19.8303 -13.2691
-0.155 10.9169 -24.6339
-0.154 -17.0653 -38.9974
-0.153 -56.3003 -54.3775
-0.152 -95.5596 -68.1672
-0.151 -123.985 -77.7878
-0.15 -134.374 -81.2973
-0.149 -124.886 -77.8216
-0.148 -98.8306 -67.7339
-0.147 -63.0009 -52.5467
-0.146 -25.398 -34.5459
-0.145 6.81398 -16.2917
-0.144 28.6352 -0.140491
-0.143 37.7709 12.1306
-0.142 34.6208 19.5946
-0.141 21.98 22.3243
-0.14 4.49811 21.3244
-0.139 -12.2509 18.1631
-0.138 -23.1165 14.3862
-0.137 -24.855 10.953
-0.136 -17.2869 7.92506
-0.135 -3.7609 4.4753
-0.134 9.28399 -0.823852
-0.133 13.8247 -9.47997
-0.132 2.83697 -22.3818
-0.131 -26.601 -39.1205
-0.13 -70.999 -57.6839
-0.129 -120.403 -74.8062
-0.128 -161.141 -86.9226
-0.127 -180.456 -91.3441
-0.126 -171.204 -87.1901
-0.125 -134.887 -75.7823
-0.124 -81.9719 -60.3931
-0.123 -29.1468 -45.3612
-0.122 6.03708 -34.7379
-0.121 11.6369 -30.8773
-0.12 -13.624 -33.5577
-0.119 -59.1628 -40.0778
-0.118 -106.126 -46.3305
-0.117 -134.454 -48.4102
-0.116 -130.578 -44.1183
-0.115 -92.766 -33.8322
-0.114 -32.1733 -20.4394
-0.113 30.8754 -8.32257
-0.112 74.2034 -1.71285
-0.111 82.1565 -3.02028
-0.11 51.8255 -11.8205
-0.109 -5.46687 -24.9264
-0.108 -68.2089 -37.5326
-0.107 -112.827 -44.998
-0.106 -122.735 -44.5942
-0.105 -94.7075 -36.5486
-0.104 -39.9898 -23.9544
-0.103 20.2312 -11.5647
-0.102 63.0591 -3.97133
-0.101 72.4597 -3.92088
-0.1 44.9674 -11.3925
-0.099 -9.33578 -23.7007
-0.098 -70.7511 -36.5229
-0.097 -117.412 -45.4832
-0.096 -133.554 -47.7297
-0.095 -115.292 -42.8908
-0.094 -71.4078 -32.9965
-0.093 -18.9436 -21.4354
-0.092 24.0776 -11.4994
-0.091 45.3969 -5.20199
-0.09 42.196 -2.77965
-0.089 20.9468 -2.91236
-0.088 -5.96726 -3.46984
-0.087 -25.5224 -2.50156
-0.086 -29.3339 0.881669
-0.085 -16.7696 6.1104
-0.084 5.56269 11.4493
-0.083 27.5792 14.8163
-0.082 40.5603 14.6621
-0.081 40.5247 10.4679
-0.08 28.8036 2.71068
-0.079 10.123 -7.56774
-0.078 -10.4788 -19.3203
-0.077 -30.3287 -31.908
-0.076 -50.0858 -45.1587
-0.075 -72.4569 -59.0257
-0.074 -99.34 -73.0416
-0.073 -129.099 -85.9334
-0.072 -155.68 -95.6901
-0.071 -170.295 -100.116
-0.07 -165.154 -97.6757
-0.069 -137.847 -88.328
-0.068 -94.3547 -73.9881
-0.067 -48.6385 -58.2465
-0.066 -17.8573 -45.2103
-0.065 -14.7755 -37.8448
-0.064 -41.1396 -36.6399
-0.063 -85.6891 -39.3432
-0.062 -127.875 -41.8946
-0.061 -145.57 -40.106
-0.06 -123.892 -31.4486
-0.059 -62.3293 -16.3898
-0.058 22.6082 1.23417
-0.057 101.564 15.2517
-0.056 143.303 19.5354
-0.055 128.33 10.8092
-0.054 58.4514 -9.5366
-0.053 -42.629 -35.5833
-0.052 -137.771 -58.8735
-0.051 -190.035 -71.3541
-0.05 -176.506 -68.2205
-0.049 -97.854 -49.7898
-0.048 20.114 -21.6945
-0.047 134.893 6.9788
-0.046 203.662 27.1562
-0.045 200.848 33.4225
-0.044 128.81 26.1621
-0.043 17.0914 11.2894
-0.042 -88.8614 -2.17581
-0.041 -144.865 -5.66862
-0.04 -125.067 5.47293
-0.039 -32.8524 29.8886
-0.038 99.2914 60.3558
-0.037 222.036 86.413
-0.036 288.812 98.4372
-0.035 273.98 91.365
-0.034 182.098 66.5299
-0.033 45.7103 31.1099
-0.032 -86.6682 -4.43355
-0.031 -168.381 -30.0701
-0.03 -172.629 -39.8901
-0.029 -103.557 -34.3451
-0.028 5.45322 -19.8899
-0.027 106.339 -6.04104
-0.026 156.487 -1.31592
-0.025 134.727 -9.99131
-0.024 47.594 -30.8076
-0.023 -74.3044 -57.6632
-0.022 -187.524 -81.8539
-0.021 -251.799 -95.284
-0.02 -246.149 -93.7015
-0.019 -177.891 -78.5306
-0.018 -78.7718 -56.1548
-0.017 10.3168 -34.9317
-0.016 57.1374 -21.6595
-0.015 49.4402 -19.2604
-0.014 -3.11909 -26.2907
-0.013 -74.4616 -37.916
-0.012 -132.276 -47.8439
-0.011 -150.696 -50.7868
-0.01 -121.544 -44.7096
-0.009 -58.1037 -31.7032
-0.008 12.0982 -16.7636
-0.007 61.5555 -5.14255
-0.006 75.1905 0.0694076
-0.005 54.8495 -1.07614
-0.004 16.1147 -5.88221
-0.003 -19.3005 -10.3952
-0.002 -32.8227 -11.1476
-0.001 -17.5346 -6.77291
0 17.8402 1.22434
0.001 53.1823 9.23457
0.002 68.3704 13.6411
0.003 54.6759 12.9266
0.004 19.0192 8.44683
0.005 -20.0073 3.66572
0.006 -40.6563 2.54183
0.007 -27.304 7.78314
0.008 21.9326 19.4535
0.009 91.9907 34.4669
0.01 155.348 47.5595
0.011 184.433 53.7063
0.012 165.913 50.7835
0.013 107.943 40.8077
0.014 36.3969 29.0719
0.015 -16.3713 21.8931
0.016 -24.2274 24.1406
0.017 22.531 37.2939
0.018 111.668 58.4559
0.019 210.909 80.8315
0.02 279.278 96.0386
0.021 284.927 97.6517
0.022 220.467 84.2116
0.023 106.873 59.9596
0.024 -15.524 33.0062
0.025 -103.169 12.0842
0.026 -125.328 3.3273
0.027 -75.3751 8.02191
0.028 25.5468 21.9046
0.029 134.759 36.4489
0.03 204.064 42.1065
0.031 199.937 32.3833
0.032 118.15 6.80155
0.033 -14.486 -28.7309
0.034 -151.214 -64.1668
0.035 -243.369 -89.0218
0.036 -258.264 -96.0957
0.037 -191.265 -84.0376
0.038 -68.0486 -57.9057
0.039 64.6563 -27.3361
0.04 157.296 -2.8213
0.041 177.187 8.3826
0.042 120.87 4.89851
0.043 14.269 -8.60468
0.044 -98.2458 -23.5398
0.045 -170.993 -30.8619
0.046 -174.232 -24.6367
0.047 -105.516 -4.46895
0.048 9.5123 24.2242
0.049 127.82 52.3507
0.05 206.641 70.7953
0.051 219.984 73.9037
0.052 167.153 61.361
0.053 71.201 38.0012
0.054 -30.6861 11.9204
0.055 -101.111 -8.38894
0.056 -116.203 -16.9967
0.057 -74.1434 -12.5296
0.058 5.39916 1.6961
0.059 90.8964 19.5011
0.06 152.699 34.6666
0.061 174.132 43.3339
0.062 155.734 45.0503
0.063 112.592 42.392
0.064 67.1266 39.6032
0.065 40.1624 40.7811
0.066 43.1083 48.1773
0.067 74.1765 61.2652
0.068 120.381 77.0259
0.069 164.247 91.3035
0.07 191.542 100.483
0.071 196.166 102.664
0.072 180.616 97.9374
0.073 152.929 87.9149
0.074 122.209 74.8586
0.075 94.7702 60.8106
0.076 72.3586 47.0283
0.077 52.9795 33.9289
0.078 33.6588 21.4962
0.079 13.4052 9.84801
0.08 -5.36999 -0.407726
0.081 -17.7158 -8.22165
0.082 -18.7883 -12.5175
0.083 -6.98291 -12.7688
0.084 14.0445 -9.45583
0.085 35.8305 -4.11713
0.086 48.3799 1.15102
0.087 44.9698 4.58891
0.088 25.9604 5.60469
0.089 -0.582632 5.06998
0.09 -21.8738 4.92406
0.091 -25.5903 7.2979
0.092 -5.12103 13.5266
0.093 36.999 23.3939
0.094 88.823 34.8974
0.095 132.542 44.7443
0.096 151.143 49.5465
0.097 135.673 47.2872
0.098 89.7206 38.3593
0.099 28.7398 25.6263
0.1 -25.608 13.4548
0.101 -53.6427 6.14102
0.102 -45.1063 6.33853
0.103 -3.16571 14.0353
0.104 56.4385 26.4544
0.105 110.972 38.9893
0.106 139.211 46.9061
0.107 129.702 47.1683
0.108 85.3853 39.6203
0.109 22.5949 27.0428
0.11 -35.2092 14.0863
0.111 -66.4467 5.52121
0.112 -59.5647 4.46694
0.113 -17.172 11.2652
0.114 45.3186 23.4319
0.115 105.808 36.7005
0.116 143.856 46.7149
0.117 148.055 50.6726
0.118 119.856 48.306
0.119 72.6306 41.9049
0.12 26.4016 35.4134
0.121 0.163021 32.9103
0.122 4.76616 37.0083
0.123 39.2228 47.805
0.124 91.7757 62.8326
0.125 144.878 77.9866
0.126 181.663 88.965
0.127 191.383 92.613
0.128 172.261 87.7642
0.129 131.278 75.4383
0.13 81.2143 58.3992
0.131 35.9441 40.1932
0.132 5.72652 23.9705
0.133 -5.6718 11.566
0.134 -1.04557 3.2147
0.135 12.5055 -2.07265
0.136 26.7124 -5.79377
0.137 34.8145 -9.26637
0.138 33.1814 -13.1533
0.139 21.8578 -17.2344
0.14 4.16073 -20.4528
0.141 -14.4951 -21.2664
0.142 -28.1819 -18.2171
0.143 -31.9543 -10.4787
0.144 -22.9002 1.84827
0.145 -0.720789 17.7421
0.146 32.0203 35.4494
0.147 69.9929 52.7482
0.148 105.763 67.2764
0.149 131.22 76.9426
0.15 139.678 80.3583
0.151 128.111 77.1587
0.152 98.7216 68.107
0.153 58.9937 54.9572
0.154 19.8815 40.0951
0.155 -7.51019 25.9985
0.156 -15.6525 14.6253
0.157 -3.35538 6.92
0.158 23.5039 2.64117
0.159 53.694 0.601905
0.16 74.4378 -0.75095
0.161 76.2111 -2.61162
0.162 56.8209 -5.19062
0.163 22.9717 -7.43907
0.164 -11.6848 -7.30045
0.165 -31.5228 -2.4791
0.166 -25.0164 8.54214
0.167 10.5227 25.6609
0.168 67.3545 46.8541
0.169 129.448 68.55
0.17 177.701 86.5609
0.171 196.582 97.2988
0.172 179.905 98.8999
0.173 133.43 91.8479
0.174 73.0079 78.8018
0.175 18.768 63.6287
0.176 -12.345 50.0115
0.177 -12.7111 40.1966
0.178 13.4604 34.3616
0.179 52.0346 30.7885
0.18 84.4394 26.7302
0.181 94.734 19.6439
0.182 75.7185 8.35894
0.183 31.8007 -6.26489
0.184 -22.5662 -21.481
0.185 -68.351 -33.5835
0.186 -89.1771 -39.2583
0.187 -77.4503 -36.8143
0.188 -37.0291 -26.8178
0.189 18.4501 -11.9129
0.19 70.7659 4.07842
0.191 103.738 17.4355
0.192 108.824 25.7362
0.193 87.7433 28.5512
0.194 51.3154 27.4001
0.195 15.0599 25.0167
0.196 -6.73414 24.2177
0.197 -6.20912 26.8088
0.198 15.5707 32.9333
0.199 49.6861 41.097
0.2 83.3224 48.8295
0.201 104.806 53.679
0.202 107.679 54.122
0.203 92.447 50.043
0.204 65.6898 42.6625
0.205 37.1544 34.0105
0.206 16.008 26.1749
0.207 7.6269 20.5881
0.208 12.1086 17.6067
0.209 24.9893 16.5417
0.21 39.6582 16.1147
0.211 50.2013 15.1073
0.212 53.383 12.8798
0.213 49.1353 9.55091
0.214 39.7688 5.84208
0.215 28.5868 2.74185
0.216 18.5825 1.15803
0.217 11.6646 1.66178
0.218 8.59298 4.38402
0.219 9.4979 9.09187
0.22 14.5521 15.3972
0.221 24.2417 22.9545
0.222 38.9266 31.4982
0.223 57.9098 40.6897
0.224 78.678 49.9057
0.225 96.9851 58.1519
0.226 108.001 64.2076
0.227 108.147 66.9541
0.228 96.8251 65.7531
0.229 77.186 60.7259
0.23 55.4468 52.808
0.231 38.8199 43.5103
0.232 32.7485 34.4258
0.233 38.5112 26.6563
0.234 52.245 20.4119
0.235 65.9861 14.9869
0.236 70.5692 9.15827
0.237 59.4121 1.85585
0.238 31.6734 -7.16703
0.239 -6.65418 -16.9541
0.24 -44.383 -25.4552
0.241 -69.0081 -30.1414
0.242 -71.3532 -28.9241
0.243 -49.2008 -21.0281
0.244 -8.52928 -7.46471
0.245 38.1784 9.1055
0.246 76.1004 25.1058
0.247 93.3523 37.1407
0.248 85.4403 43.0792
0.249 57.0647 42.7264
0.25 20.3992 37.8006
0.251 -9.55666 31.1974
0.252 -20.7037 25.8235
0.253 -8.41267 23.467
0.254 22.7308 24.143
0.255 60.5818 26.1548
0.256 89.8972 26.8315
0.257 98.0562 23.6727
0.258 79.9707 15.483
0.259 40.2729 3.05979
0.26 -8.17798 -10.8714
0.261 -48.9557 -22.4971
0.262 -68.064 -28.2248
0.263 -58.9491 -25.9511
0.264 -24.7007 -15.8082
0.265 23.2393 -0.125427
0.266 69.2787 17.3529
0.267 99.2255 32.7031
0.268 105.202 43.0811
0.269 88.1698 47.5668
0.27 57.1778 47.2882
0.271 25.6756 44.7848
0.272 6.3557 42.8753
0.273 6.51832 43.4893
0.274 25.6665 46.9208
0.275 56.0885 51.7661
0.276 86.011 55.5237
0.277 104 55.5978
0.278 102.969 50.3247
0.279 82.4441 39.6536
0.28 48.4382 25.2402
0.281 11.1074 9.92454
0.282 -18.8867 -3.20388
0.283 -33.9708 -11.7963
0.284 -31.923 -14.9258
0.285 -16.0873 -13.233
0.286 6.32834 -8.53219
0.287 27.0227 -3.07082
0.288 39.3477 1.26594
0.289 40.1683 3.53114
0.29 30.4274 3.89833
0.291 14.4245 3.42721
0.292 -1.85607 3.53722
0.293 -12.7732 5.40619
0.294 -14.7272 9.51947
0.295 -7.00352 15.5199
0.296 8.37079 22.3789
0.297 27.4918 28.7824
0.298 45.7425 33.5612
0.299 58.9309 36.0087
0.3 64.2265 36.0006
0.301 60.777 33.9191
0.302 49.8825 30.4517
0.303 34.6624 26.3553
0.304 19.2649 22.2621
0.305 7.79532 18.5752
0.306 3.20394 15.4575
0.307 6.38928 12.8825
0.308 15.773 10.6961
0.309 27.5601 8.65933
0.31 36.7354 6.47729
0.311 38.596 3.84929
0.312 30.3875 0.56819
0.313 12.4954 -3.3481
0.314 -11.2998 -7.55328
0.315 -34.7372 -11.3631
0.316 -50.9725 -13.8751
0.317 -54.8627 -14.2044
0.318 -44.8198 -11.7739
0.319 -23.5271 -6.56417
0.32 2.7783 0.776759
0.321 26.2602 9.03477
0.322 40.0791 16.7482
0.323 40.7859 22.6535
0.324 29.6389 26.0959
0.325 12.2585 27.2407
0.326 -3.37104 26.9869
0.327 -9.85042 26.6006
0.328 -3.13709 27.2003
0.329 15.9043 29.2813
0.33 41.704 32.4612
0.331 65.84 35.5545
0.332 79.9253 36.9768
0.333 78.5807 35.3441
0.334 61.4435 30.0521
0.335 33.4174 21.6044
0.336 2.99693 11.5503
0.337 -20.7165 2.03749
0.338 -31.1531 -4.86227
0.339 -26.4146 -7.81482
0.34 -9.72899 -6.64002
0.341 11.8379 -2.33625
0.342 29.9228 3.29629
0.343 37.7925 8.29878
0.344 32.6514 11.2336
0.345 16.4997 11.6574
0.346 -4.75025 10.2174
0.347 -23.5134 8.34102
0.348 -33.2377 7.6408
0.349 -30.5971 9.25957
0.35 -16.4772 13.4008
0.351 4.48264 19.215
0.352 25.5587 25.0758
0.353 40.2262 29.1356
0.354 44.2696 29.9596
0.355 37.0171 27.0191
0.356 21.3407 20.877
0.357 2.52512 13.0061
0.358 -13.5326 5.30433
0.359 -22.1801 -0.516785
0.36 -21.3573 -3.45055
0.361 -12.059 -3.44179
0.362 2.16982 -1.29764
0.363 16.4752 1.67437
0.364 26.2273 4.15612
0.365 28.3681 5.27008
0.366 22.2306 4.85057
0.367 9.66249 3.45404
0.368 -5.55273 2.11178
0.369 -18.8271 1.92053
0.37 -26.1355 3.62822
0.371 -25.2032 7.36728
0.372 -16.1603 12.6122
0.373 -1.50447 18.3448
0.374 14.5817 23.3521
0.375 27.3858 26.5634
0.376 33.0343 27.3375
0.377 29.7196 25.6209
0.378 18.3677 21.9289
0.379 2.44561 17.16
0.38 -13.0903 12.3183
0.381 -23.3671 8.24325
0.382 -25.1782 5.42062
0.383 -18.0878 3.90146
0.384 -4.70879 3.33492
0.385 10.003 3.10897
0.386 20.3216 2.57103
0.387 21.7352 1.26664
0.388 12.6388 -0.885005
0.389 -4.93139 -3.53893
0.39 -25.8312 -6.00605
0.391 -43.4384 -7.4404
0.392 -51.8372 -7.0884
0.393 -47.8423 -4.54157
0.394 -32.1833 0.0848545
0.395 -9.38624 6.12229
0.396 13.6907 12.4984
0.397 30.2036 18.027
0.398 35.7042 21.7438
0.399 29.6728 23.183
0.4 15.6505 22.5076
0.401 -0.061628 20.4492
0.402 -10.6786 18.0582
0.403 -11.3998 16.3384
0.404 -1.19338 15.892
0.405 16.7696 16.7101
0.406 36.2233 18.1843
0.407 50.0531 19.3343
0.408 52.8435 19.172
0.409 42.7991 17.083
0.41 22.3817 13.0944
0.411 -2.53684 7.92494
0.412 -24.7057 2.77783
0.413 -37.9938 -1.0553
0.414 -39.4567 -2.6335
0.415 -30.2182 -1.68575
0.416 -14.8778 1.29801
0.417 0.269855 5.22765
0.418 9.50203 8.7708
0.419 9.61443 10.7951
0.42 0.914762 10.7462
0.421 -13.0348 8.82185
0.422 -26.8111 5.87263
0.423 -35.1423 3.07219
0.424 -34.7805 1.48997
0.425 -25.5473 1.72451
0.426 -10.2272 3.71702
0.427 6.5429 6.79557
0.428 19.909 9.92951
0.429 26.3849 12.1084
0.43 24.8952 12.71
0.431 16.9686 11.7158
0.432 6.04507 9.69425
0.433 -3.82451 7.56945
0.434 -9.37728 6.27621
0.435 -9.12417 6.42928
0.436 -3.6386 8.11382
0.437 4.83117 10.8582
0.438 13.2004 13.795
0.439 18.5444 15.9548
0.44 18.9629 16.5865
0.441 14.0713 15.3851
0.442 4.99209 12.5589
0.443 -6.09926 8.7309
0.444 -16.6669 4.72795
0.445 -24.4971 1.3303
0.446 -28.2015 -0.940067
0.447 -27.4728 -1.93154
0.448 -23.0822 -1.84511
0.449 -16.6259 -1.10561
0.45 -10.0751 -0.183198
0.451 -5.24268 0.565553
0.452 -3.29753 0.993437
0.453 -4.44397 1.18164
0.454 -7.83952 1.38667
0.455 -11.7913 1.93339
0.456 -14.2254 3.08725
0.457 -13.34 4.94808
0.458 -8.2548 7.40076
0.459 0.570855 10.1311
0.46 11.322 12.6903
0.461 21.2626 14.5882
0.462 27.5282 15.4034
0.463 28.0532 14.8938
0.464 22.3348 13.0788
0.465 11.7389 10.2605
0.466 -0.815114 6.96705
0.467 -11.7339 3.83446
0.468 -17.9102 1.46096
0.469 -17.7624 0.267802
0.47 -11.7883 0.396426
0.471 -2.41835 1.67243
0.472 6.81086 3.66143
0.473 12.503 5.81309
0.474 12.6358 7.64729
0.475 7.32285 8.9109
0.476 -1.20172 9.64459
0.477 -9.38667 10.1387
0.478 -13.6681 10.798
0.479 -11.8051 11.9596
0.48 -3.76455 13.7199
0.481 8.17295 15.835
0.482 20.1431 17.7466
0.483 28.021 18.7435
0.484 28.8704 18.2068
0.485 21.9929 15.8438
0.486 9.19193 11.8225
0.487 -5.83797 6.75778
0.488 -18.7736 1.55492
0.489 -26.1243 -2.84116
0.49 -26.3748 -5.71747
0.491 -20.4136 -6.79553
0.492 -11.1107 -6.28845
0.493 -2.21524 -4.78611
0.494 3.01814 -3.01342
0.495 2.97725 -1.55956
0.496 -1.79068 -0.680114
0.497 -8.85689 -0.236645
0.498 -14.8605 0.215067
0.499 -16.7688 1.22252
0.5 -12.9853 3.18943
0.501 -3.92017 6.17471
0.502 8.15688 9.82035
0.503 19.9037 13.443
0.504 28.0428 16.2542
0.505 30.4468 17.6205
0.506 26.7986 17.2682
0.507 18.6124 15.3681
0.508 8.63892 12.4786
0.509 -0.104429 9.36635
0.51 -5.31738 6.75937
0.511 -6.09195 5.11942
0.512 -3.08848 4.51756
0.513 1.80842 4.65687
0.514 6.21615 5.02061
0.515 8.10309 5.07768
0.516 6.46206 4.47029
0.517 1.58382 3.12959
0.518 -5.12879 1.28939
0.519 -11.6901 -0.606839
0.52 -16.1915 -2.07534
0.521 -17.3841 -2.77127
0.522 -15.0306 -2.60327
0.523 -9.93573 -1.74324
0.524 -3.64911 -0.542866
0.525 2.05604 0.598363
0.526 5.74216 1.36902
0.527 6.71548 1.65094
0.528 5.17728 1.56271
0.529 2.11624 1.41871
0.53 -1.00105 1.61203
0.531 -2.66549 2.47027
0.532 -1.78456 4.14582
0.533 1.96854 6.57405
0.534 8.03664 9.49388
0.535 15.1307 12.5095
0.536 21.5935 15.1802
0.537 25.8582 17.1248
0.538 26.8841 18.1122
0.539 24.4632 18.1
0.54 19.3001 17.208
0.541 12.8127 15.6522
0.542 6.69246 13.6769
0.543 2.37136 11.5034
0.544 0.580067 9.29123
0.545 1.13847 7.11324
0.546 3.03718 4.96037
0.547 4.7911 2.78818
0.548 4.9737 0.584546
0.549 2.76591 -1.58039
0.55 -1.68681 -3.54537
0.551 -7.26331 -5.08213
0.552 -12.2155 -5.9355
0.553 -14.7475 -5.87684
0.554 -13.6268 -4.77339
0.555 -8.63263 -2.65569
0.556 -0.699816 0.254252
0.557 8.31534 3.57787
0.558 16.2003 6.8641
0.559 21.0994 9.6856
0.56 22.1091 11.7198
0.561 19.5316 12.8062
0.562 14.7152 12.9712
0.563 9.56037 12.403
0.564 5.86788 11.3733
0.565 4.73264 10.135
0.566 6.18107 8.84482
0.567 9.18889 7.5412
0.568 12.0913 6.17289
0.569 13.236 4.65529
0.57 11.623 2.93683
0.571 7.28893 1.06245
0.572 1.31278 -0.790001
0.573 -4.53997 -2.32965
0.574 -8.40714 -3.23344
0.575 -8.96167 -3.25345
0.576 -5.87494 -2.30162
0.577 0.0538595 -0.48325
0.578 7.15668 1.9204
0.579 13.4509 4.50973
0.58 17.2843 6.8569
0.581 17.842 8.61335
0.582 15.3551 9.59829
0.583 10.9578 9.82752
0.584 6.25834 9.47134
0.585 2.77804 8.76964
0.586 1.44953 7.94512
0.587 2.33914 7.14029
0.588 4.67856 6.38561
0.589 7.1843 5.60439
0.59 8.54445 4.66096
0.591 7.89926 3.44244
0.592 5.14874 1.93812
0.593 0.985689 0.275044
0.594 -3.34439 -1.30491
0.595 -6.45858 -2.50958
0.596 -7.28206 -3.07489
0.597 -5.38561 -2.83694
0.598 -1.11638 -1.78375
0.599 4.51476 -0.069604
0.6 10.153 2.02212
0.601 14.522 4.16004
0.602 16.8056 6.05739
0.603 16.8619 7.53965
0.604 15.2121 8.56964
0.605 12.83 9.23167
0.606 10.8108 9.68368
0.607 10.0174 10.0887
0.608 10.8073 10.5449
0.609 12.9257 11.0417
0.61 15.6017 11.4613
0.611 17.8156 11.6226
0.612 18.6441 11.3461
0.613 17.5636 10.5151
0.614 14.6193 9.12089
0.615 10.4164 7.27966
0.616 5.93616 5.21172
0.617 2.2315 3.18319
0.618 0.0972123 1.42978
0.619 -0.175964 0.0950558
0.62 1.11809 -0.794739
0.621 3.20976 -1.31791
0.622 5.11396 -1.61786
0.623 5.95863 -1.84701
0.624 5.28026 -2.10508
0.625 3.18949 -2.39165
0.626 0.343467 -2.59779
0.627 -2.27056 -2.54592
0.628 -3.66326 -2.0598
0.629 -3.16841 -1.03195
0.63 -0.662173 0.534266
0.631 3.38652 2.5136
0.632 8.04955 4.678
0.633 12.2231 6.74577
0.634 14.9761 8.45309
0.635 15.8434 9.62339
0.636 14.9531 10.2035
0.637 12.945 10.253
0.638 10.7236 9.89987
0.639 9.14175 9.28723
0.64 8.71396 8.52728
0.641 9.4461 7.6705
0.642 10.8345 6.69741
0.643 12.0468 5.54191
0.644 12.2295 4.14157
0.645 10.8305 2.49118
0.646 7.81287 0.671886
0.647 3.68408 -1.15464
0.648 -0.656565 -2.77746
0.649 -4.19149 -3.97933
0.65 -6.09367 -4.58396
0.651 -5.97918 -4.501
0.652 -4.02217 -3.75288
0.653 -0.888697 -2.46808
0.654 2.49043 -0.842027
0.655 5.22572 0.914141
0.656 6.74499 2.61539
0.657 6.94848 4.12816
0.658 6.20252 5.38264
0.659 5.18301 6.37173
0.66 4.6227 7.13101
0.661 5.04603 7.70193
0.662 6.58199 8.09714
0.663 8.91818 8.28865
0.664 11.4073 8.22177
0.665 13.287 7.84072
0.666 13.9375 7.11228
0.667 13.0923 6.04499
0.668 10.9335 4.70544
0.669 8.04007 3.22452
0.67 5.2054 1.78095
0.671 3.18918 0.56105
0.672 2.48584 -0.287098
0.673 3.18179 -0.683604
0.674 4.9406 -0.624478
0.675 7.11865 -0.174282
0.676 8.97605 0.549851
0.677 9.91502 1.40399
0.678 9.66692 2.25326
0.679 8.36538 3.00662
0.68 6.48402 3.63262
0.681 4.66599 4.14869
0.682 3.50582 4.59408
0.683 3.35271 5.00263
0.684 4.196 5.38301
0.685 5.66998 5.70696
0.686 7.17835 5.90767
0.687 8.09694 5.8941
0.688 7.98586 5.58275
0.689 6.73927 4.93499
0.69 4.62334 3.98101
0.691 2.19178 2.81949
0.692 0.107764 1.59613
0.693 -1.06947 0.470678
0.694 -1.06313 -0.419696
0.695 0.0369589 -0.993519
0.696 1.81081 -1.24414
0.697 3.65129 -1.23479
0.698 4.96597 -1.06854
0.699 5.37218 -0.845918
0.7 4.82054 -0.628773
0.701 3.60445 -0.422874
0.702 2.25225 -0.181531
0.703 1.34138 0.172749
0.704 1.30063 0.713854
0.705 2.26703 1.47483
0.706 4.0413 2.42247
0.707 6.15309 3.45631
0.708 8.01447 4.43375
0.709 9.11251 5.21015
0.71 9.17572 5.67757
0.711 8.25536 5.79039
0.712 6.69465 5.57288
0.713 5.00147 5.10744
0.714 3.67356 4.50565
0.715 3.03579 3.87055
0.716 3.14024 3.26457
0.717 3.75889 2.6967
0.718 4.47051 2.13299
0.719 4.81366 1.52336
0.72 4.45243 0.831868
0.721 3.29596 0.0600244
0.722 1.53209 -0.742644
0.723 -0.431934 -1.48372
0.724 -2.09783 -2.04868
0.725 -3.03092 -2.33238
0.726 -2.9924 -2.27054
0.727 -2.00825 -1.8593
0.728 -0.353341 -1.15563
0.729 1.54269 -0.259824
0.73 3.23415 0.711711
0.731 4.3951 1.65394
0.732 4.90909 2.49326
0.733 4.88705 3.19601
0.734 4.61055 3.76405
0.735 4.4211 4.21973
0.736 4.5939 4.58578
0.737 5.23849 4.86763
0.738 6.25856 5.04563
0.739 7.38198 5.08032
0.74 8.24934 4.92799
0.741 8.53157 4.55952
0.742 8.03999 3.9747
0.743 6.79246 3.20803
0.744 5.01308 2.32579
0.745 3.06563 1.41601
0.746 1.34486 0.573045
0.747 0.16182 -0.12106
0.748 -0.341783 -0.612887
0.749 -0.225939 -0.885484
0.75 0.277341 -0.954943
0.751 0.847502 -0.859094
0.752 1.18646 -0.64467
0.753 1.11873 -0.356967
0.754 0.645625 -0.0321842
0.755 -0.0627474 0.307758
0.756 -0.731138 0.655701
0.757 -1.07554 1.01288
0.758 -0.901931 1.37811
0.759 -0.176351 1.73882
0.76 0.957687 2.06895
0.761 2.22254 2.33305
0.762 3.29644 2.49329
0.763 3.91764 2.51752
0.764 3.96633 2.38813
0.765 3.49837 2.11015
0.766 2.72224 1.71408
0.767 1.92764 1.25058
0.768 1.38856 0.778882
0.769 1.27279 0.354242
0.77 1.58892 0.0182384
0.771 2.18902 -0.207386
0.772 2.82452 -0.322778
0.773 3.23414 -0.346321
0.774 3.23328 -0.304977
0.775 2.77548 -0.222559
0.776 1.96652 -0.111911
0.777 1.02693 0.026129
0.778 0.21668 0.199003
0.779 -0.250962 0.417013
0.78 -0.276842 0.686897
0.781 0.0965928 1.00431
0.782 0.704943 1.34802
0.783 1.32081 1.68074
0.784 1.73153 1.95806
0.785 1.80873 2.14091
0.786 1.5461 2.20454
0.787 1.05388 2.1416
0.788 0.515021 1.96203
0.789 0.12055 1.69174
0.79 0.0055911 1.3684
0.791 0.205632 1.03206
0.792 0.647018 0.713792
0.793 1.17508 0.429295
0.794 1.60899 0.181049
0.795 1.80243 -0.0343263
0.796 1.68933 -0.219808
0.797 1.30157 -0.374944
0.798 0.756514 -0.49365
0.799 0.219849 -0.561669
0.8 -0.14563 -0.556981
0.801 -0.230195 -0.456559
0.802 -0.008786 -0.247179
0.803 0.456642 0.0666891
0.804 1.04178 0.462373
0.805 1.6001 0.904004
0.806 2.00539 1.34855
0.807 2.18628 1.75147
0.808 2.14436 2.07373
0.809 1.94967 2.28982
0.81 1.71307 2.39274
0.811 1.54494 2.39216
0.812 1.51702 2.30696
0.813 1.6399 2.1573
0.814 1.86036 1.9596
0.815 2.07687 1.72419
0.816 2.17022 1.4546
0.817 2.04286 1.14921
0.818 1.65504 0.806773
0.819 1.04305 0.433712
0.82 0.311135 0.0487882
0.821 -0.399137 -0.317961
0.822 -0.949298 -0.630892
0.823 -1.24241 -0.856058
0.824 -1.25051 -0.96849
0.825 -1.02284 -0.958817
0.826 -0.669373 -0.837341
0.827 -0.322261 -0.632522
0.828 -0.0894117 -0.383008
0.829 -0.0191791 -0.126679
0.83 -0.0887157 0.108087
0.831 -0.216741 0.30639
0.832 -0.294124 0.466808
0.833 -0.223794 0.598579
0.834 0.0410731 0.715802
0.835 0.474929 0.82926
0.836 0.985083 0.939246
0.837 1.44367 1.03389
0.838 1.73245 1.09427
0.839 1.782 1.10283
0.84 1.59261 1.05038
0.841 1.23334 0.939644
0.842 0.819877 0.786006
0.843 0.476124 0.615373
0.844 0.291043 0.458328
0.845 0.288149 0.340925
0.846 0.420991 0.275935
0.847 0.595209 0.259372
0.848 0.705507 0.273928
0.849 0.672658 0.296548
0.85 0.469817 0.306264
0.851 0.13186 0.290215
0.852 -0.255975 0.247306
0.853 -0.588497 0.188569
0.854 -0.779151 0.133124
0.855 -0.790184 0.100477
0.856 -0.642144 0.10259
0.857 -0.401604 0.139682
0.858 -0.15497 0.201168
0.859 0.0216945 0.270295
0.86 0.0882113 0.330163
0.861 0.0533098 0.369408
0.862 -0.0307575 0.386053
0.863 -0.0910013 0.388007
0.864 -0.0638804 0.389552
0.865 0.0806439 0.405107
0.866 0.329777 0.44313
0.867 0.633787 0.502702
0.868 0.922911 0.573625
0.869 1.12999 0.63957
0.87 1.21229 0.68333
0.871 1.16445 0.692628
0.872 1.01676 0.664303
0.873 0.820212 0.605055
0.874 0.626634 0.52851
0.875 0.472841 0.450232
0.876 0.372922 0.382999
0.877 0.318291 0.333784
0.878 0.284419 0.302791
0.879 0.24284 0.284622
0.88 0.174385 0.271425
0.881 0.0772994 0.256952
0.882 -0.0337728 0.239528
0.883 -0.135893 0.222365
0.884 -0.207048 0.211323
0.885 -0.232306 0.211666
0.886 -0.206848 0.225501
0.887 -0.137072 0.250587
0.888 -0.0392021 0.280466
0.889 0.0654821 0.305964
0.89 0.157109 0.317975
0.891 0.221754 0.310562
0.892 0.252176 0.282883
0.893 0.246472 0.238988
0.894 0.207448 0.185886
0.895 0.14299 0.131111
0.896 0.0654454 0.0808499
0.897 -0.0110525 0.038954
0.898 -0.0739445 0.00684383
0.899 -0.114537 -0.0156433
0.9 -0.129114 -0.02879
0.901 -0.119628 -0.0318133
0.902 -0.0936126 -0.0227849
0.903 -0.0620471 0.00032326
0.904 -0.0350017 0.0382017
0.905 -0.0172205 0.0891974
0.906 -0.00624085 0.149081
0.907 0.00623209 0.21154
0.908 0.0308157 0.269366
0.909 0.0760808 0.316178
0.91 0.144231 0.348058
0.911 0.228196 0.364167
0.912 0.312026 0.366021
0.913 0.375436 0.356045
0.914 0.400872 0.336354
0.915 0.379774 0.308273
0.916 0.315515 0.272452
0.917 0.222506 0.229339
0.918 0.122169 0.179958
0.919 0.0366384 0.12685
0.92 -0.0183375 0.0745723
0.921 -0.0386571 0.0290733
0.922 -0.0326238 -0.00397584
0.923 -0.0165711 -0.021006
0.924 -0.00757111 -0.0215643
0.925 -0.0166846 -0.00820109
0.926 -0.0451555 0.0144453
0.927 -0.0842359 0.0409375
0.928 -0.118409 0.0664709
0.929 -0.131235 0.0881451
0.93 -0.112042 0.105523
0.931 -0.0606969 0.120073
0.932 0.0118914 0.13374
0.933 0.087818 0.147501
0.934 0.148727 0.16065
0.935 0.181991 0.171053
0.936 0.184468 0.176036
0.937 0.162942 0.173486
0.938 0.131232 0.162834
0.939 0.104898 0.145626
0.94 0.0954134 0.125318
0.941 0.106143 0.106223
0.942 0.13174 0.0920273
0.943 0.160923 0.084567
0.944 0.181126 0.0833946
0.945 0.183125 0.086196
0.946 0.164125 0.0897596
0.947 0.128395 0.0911106
0.948 0.0852985 0.0884812
0.949 0.0455581 0.0818024
0.95 0.0173119 0.0725085
0.951 0.00357785 0.0627292
0.952 0.00194466 0.0542767
0.953 0.00623663 0.0479229
0.954 0.00922877 0.0432474
0.955 0.00541284 0.0390128
0.956 -0.00704557 0.0338231
0.957 -0.025825 0.0267958
0.958 -0.0456149 0.0180257
0.959 -0.0603733 0.00865688
0.96 -0.0656295 0.000497219
0.961 -0.059886 -0.00467409
0.962 -0.0447625 -0.00578619
0.963 -0.0241317 -0.0028379
0.964 -0.00273801 0.00317437
0.965 0.0152722 0.0106622
0.966 0.0274952 0.0179782
0.967 0.0336997 0.0238843
0.968 0.0354037 0.0278233
0.969 0.0348785 0.0299225
0.97 0.0341075 0.0307456
0.971 0.0341463 0.0309179
0.972 0.0350096 0.0308069
0.973 0.0359398 0.0304022
0.974 0.0358629 0.0294152
0.975 0.0338891 0.0275054
0.976 0.0297065 0.0245036
0.977 0.0237127 0.0205375
0.978 0.0168398 0.0160271
0.979 0.0101924 0.0115636
0.98 0.00469143 0.00772267
0.981 0.000866793 0.00488729
0.982 -0.00118251 0.00315392
0.983 -0.0017154 0.00235453
0.984 -0.00121352 0.00216901
0.985 -0.000217961 0.00226337
0.986 0.000815852 0.00239265
0.987 0.00159934 0.00243965
0.988 0.00201773 0.00239439
0.989 0.00208931 0.00229958
0.99 0.00191111 0.00219414
0.991 0.00160802 0.00208136
0.992 0.00128897 0.00193158
0.993 0.00101696 0.00170979
0.994 0.000803177 0.00140549
0.995 0.00062546 0.00104525
0.996 0.000457134 0.000682452
0.997 0.000289629 0.00037343
0.998 0.000139045 0.000154988
0.999 3.52503e-05 3.51931e-05
0.12 4.4772 -0.47279
0.24 4.48209 -0.468048
0.36 4.49024 -0.460167
0.48 4.50163 -0.449182
0.6 4.51624 -0.43514
0.72 4.53406 -0.418102
0.84 4.55505 -0.398141
0.96 4.57919 -0.375343
1.08 4.60643 -0.349806
1.2 4.63673 -0.321638
1.32 4.67005 -0.290961
1.44 4.70632 -0.257903
1.56 4.74548 -0.222605
1.68 4.78748 -0.185213
1.8 4.83222 -0.145886
1.92 4.87963 -0.104785
2.04 4.92962 -0.0620788
2.16 4.98208 -0.0179429
2.28 5.03693 0.0274443
2.4 5.09403 0.0739008
2.52 5.15328 0.121242
2.64 5.21455 0.169282
2.76 5.27769 0.217834
2.88 5.34256 0.266712
3 5.40902 0.315731
3.12 5.47691 0.364709
3.24 5.54605 0.413466
3.36 5.61628 0.461828
3.48 5.68741 0.509623
3.6 5.75927 0.556687
3.72 5.83165 0.602862
3.84 5.90437 0.647996
3.96 5.97721 0.691946
4.08 6.04999 0.734577
4.2 6.12248 0.775763
4.32 6.19448 0.815387
4.44 6.26578 0.853342
4.56 6.33617 0.889531
4.68 6.40543 0.923868
4.8 6.47335 0.956277
4.92 6.53972 0.986693
5.04 6.60435 1.01506
5.16 6.66702 1.04134
5.28 6.72754 1.0655
5.4 6.78573 1.08751
5.52 6.84139 1.10737
5.64 6.89436 1.12507
5.76 6.94448 1.14063
5.88 6.99158 1.15406
6 7.03552 1.1654
6.12 7.07617 1.17467
6.24 7.11342 1.18193
6.36 7.14714 1.18723
6.48 7.17726 1.19062
6.6 7.20369 1.19219
6.72 7.22637 1.19199
6.84 7.24525 1.19012
6.96 7.26029 1.18664
7.08 7.27149 1.18166
7.2 7.27883 1.17526
7.32 7.28233 1.16753
7.44 7.28202 1.15858
7.56 7.27794 1.14849
7.68 7.27015 1.13737
7.8 7.25873 1.12531
7.92 7.24376 1.11241
8.04 7.22534 1.09877
8.16 7.20358 1.08447
8.28 7.17861 1.06961
8.4 7.15056 1.05428
8.52 7.11958 1.03857
8.64 7.08582 1.02255
8.76 7.04944 1.0063
8.88 7.0106 0.989894
9 6.96949 0.973401
9.12 6.92627 0.956881
9.24 6.88113 0.940394
9.36 6.83425 0.92399
9.48 6.7858 0.907715
9.6 6.73597 0.891612
9.72 6.68494 0.875713
9.84 6.63287 0.86005
9.96 6.57995 0.844646
10.08 6.52633 0.82952
10.2 6.47218 0.814685
10.32 6.41763 0.80015
10.44 6.36284 0.785918
10.56 6.30792 0.771988
10.68 6.25302 0.758355
10.8 6.19822 0.745011
10.92 6.14364 0.731942
11.04 6.08935 0.719133
11.16 6.03544 0.706565
11.28 5.98195 0.694217
11.4 5.92895 0.682066
11.52 5.87645 0.670087
11.64 5.82449 0.658254
11.76 5.77307 0.646541
11.88 5.72219 0.63492
12 5.67183 0.623364
12.12 5.62196 0.611845
12.24 5.57254 0.600338
12.36 5.52352 0.588818
12.48 5.47485 0.577258
12.6 5.42645 0.565639
12.72 5.37825 0.553938
12.84 5.33015 0.542137
12.96 5.28207 0.530221
13.08 5.23392 0.518174
13.2 5.18559 0.505986
13.32 5.13698 0.493649
13.44 5.08797 0.481156
13.56 5.03848 0.468505
13.68 4.98838 0.455696
13.8 4.93758 0.442731
13.92 4.88597 0.429617
14.04 4.83345 0.416361
14.16 4.77993 0.402975
14.28 4.72531 0.389472
14.4 4.66953 0.375868
14.52 4.61249 0.36218
14.64 4.55413 0.348429
14.76 4.4944 0.334636
14.88 4.43323 0.320825
15 4.37061 0.307019
15.12 4.30648 0.293245
15.24 4.24085 0.279527
15.36 4.17369 0.265893
15.48 4.10501 0.252369
15.6 4.03483 0.238983
15.72 3.96317 0.22576
15.84 3.89007 0.212727
15.96 3.81558 0.199907
16.08 3.73975 0.187326
16.2 3.66266 0.175005
16.32 3.58439 0.162965
16.44 3.50503 0.151226
16.56 3.42466 0.139805
16.68 3.3434 0.128718
16.8 3.26137 0.117977
16.92 3.17867 0.107594
17.04 3.09544 0.0975758
17.16 3.01181 0.0879298
17.28 2.92791 0.0786589
17.4 2.84388 0.0697642
17.52 2.75986 0.0612443
17.64 2.67598 0.053095
17.76 2.59241 0.0453101
17.88 2.50926 0.0378809
18 2.42669 0.0307965
18.12 2.34484 0.0240439
18.24 2.26383 0.0176081
18.36 2.18379 0.0114724
18.48 2.10487 0.00561845
18.6 2.02716 2.65037e-05
18.72 1.9508 -0.00532444
18.84 1.87588 -0.0104564
18.96 1.80252 -0.0153921
19.08 1.73079 -0.020155
19.2 1.66079 -0.0247686
19.32 1.59258 -0.0292568
19.44 1.52625 -0.0336433
19.56 1.46185 -0.0379513
19.68 1.39942 -0.0422035
19.8 1.33901 -0.0464219
19.92 1.28065 -0.0506273
20.04 1.22435 -0.0548395
20.16 1.17014 -0.0590767
20.28 1.11801 -0.0633559
20.4 1.06797 -0.0676921
20.52 1.01999 -0.0720985
20.64 0.974066 -0.0765865
20.76 0.930157 -0.0811652
20.88 0.888234 -0.0858419
21 0.848253 -0.0906215
21.12 0.810169 -0.0955066
21.24 0.773928 -0.100498
21.36 0.739472 -0.105593
21.48 0.706741 -0.110789
21.6 0.675668 -0.116079
21.72 0.646185 -0.121455
21.84 0.618223 -0.126906
21.96 0.591708 -0.132421
22.08 0.566568 -0.137986
22.2 0.542728 -0.143584
22.32 0.520115 -0.149198
22.44 0.498656 -0.15481
22.56 0.478277 -0.160401
22.68 0.458909 -0.165949
22.8 0.440483 -0.171432
22.92 0.422934 -0.176828
23.04 0.406196 -0.182116
23.16 0.390211 -0.18727
23.28 0.374921 -0.192269
23.4 0.360274 -0.19709
23.52 0.346219 -0.20171
23.64 0.332712 -0.206107
23.76 0.319712 -0.210259
23.88 0.30718 -0.214146
24 0.295085 -0.21775
24.12 0.283397 -0.221051
24.24 0.272091 -0.224033
24.36 0.261148 -0.226681
24.48 0.250549 -0.22898
24.6 0.240281 -0.23092
24.72 0.230335 -0.23249
24.84 0.220704 -0.233681
24.96 0.211385 -0.234488
25.08 0.202375 -0.234906
25.2 0.193677 -0.234933
25.32 0.185293 -0.234568
25.44 0.17723 -0.233814
25.56 0.169494 -0.232674
25.68 0.162092 -0.231153
25.8 0.155034 -0.22926
25.92 0.148327 -0.227003
26.04 0.141983 -0.224394
26.16 0.136009 -0.221445
26.28 0.130415 -0.218172
26.4 0.125209 -0.214589
26.52 0.120398 -0.210714
26.64 0.115987 -0.206566
26.76 0.111982 -0.202163
26.88 0.108386 -0.197525
27 0.105199 -0.192675
27.12 0.102423 -0.187633
27.24 0.100053 -0.182421
27.36 0.0980852 -0.177063
27.48 0.0965136 -0.17158
27.6 0.0953291 -0.165996
27.72 0.0945208 -0.160332
27.84 0.0940755 -0.154612
27.96 0.0939783 -0.148856
28.08 0.0942119 -0.143086
28.2 0.0947575 -0.137324
28.32 0.0955941 -0.131588
28.44 0.0966994 -0.125898
28.56 0.0980493 -0.120272
28.68 0.0996186 -0.114728
28.8 0.101381 -0.109281
28.92 0.103308 -0.103947
29.04 0.105374 -0.0987382
29.16 0.107547 -0.0936681
29.28 0.1098 -0.0887476
29.4 0.112104 -0.0839867
29.52 0.114429 -0.0793938
29.64 0.116746 -0.0749764
29.76 0.119028 -0.0707402
29.88 0.121247 -0.0666901
30 0.123375 -0.0628295
30.12 0.125389 -0.0591607
30.24 0.127262 -0.0556846
30.36 0.128974 -0.0524013
30.48 0.130501 -0.0493097
30.6 0.131826 -0.0464077
30.72 0.132931 -0.0436922
30.84 0.133799 -0.0411593
30.96 0.134417 -0.0388043
31.08 0.134774 -0.036622
31.2 0.13486 -0.0346061
31.32 0.134668 -0.0327501
31.44 0.134194 -0.0310471
31.56 0.133434 -0.0294893
31.68 0.132387 -0.0280692
31.8 0.131056 -0.0267786
31.92 0.129443 -0.0256093
32.04 0.127554 -0.024553
32.16 0.125397 -0.0236013
32.28 0.122981 -0.0227459
32.4 0.120317 -0.0219784
32.52 0.117417 -0.0212908
32.64 0.114296 -0.020675
32.76 0.110968 -0.0201234
32.88 0.10745 -0.0196285
33 0.103759 -0.0191831
33.12 0.0999145 -0.0187805
33.24 0.0959346 -0.0184142
33.36 0.0918391 -0.018078
33.48 0.0876478 -0.0177664
33.6 0.0833809 -0.017474
33.72 0.0790587 -0.017196
33.84 0.0747013 -0.0169279
33.96 0.0703287 -0.0166658
34.08 0.0659604 -0.016406
34.2 0.0616156 -0.0161454
34.32 0.0573126 -0.015881
34.44 0.0530693 -0.0156105
34.56 0.0489027 -0.0153319
34.68 0.0448286 -0.0150433
34.8 0.0408622 -0.0147435
34.92 0.0370172 -0.0144312
35.04 0.0333067 -0.0141058
35.16 0.029742 -0.0137666
35.28 0.0263336 -0.0134134
35.4 0.0230906 -0.0130462
35.52 0.0200208 -0.0126649
35.64 0.0171308 -0.0122699
35.76 0.0144258 -0.0118616
35.88 0.0119099 -0.0114407
36 0.00958577 -0.0110077
36.12 0.00745506 -0.0105634
36.24 0.00551812 -0.0101088
36.36 0.00377423 -0.00964464
36.48 0.0022216 -0.00917194
36.6 0.000857424 -0.00869166
36.72 -0.000322033 -0.00820481
36.84 -0.00132138 -0.00771239
36.96 -0.00214601 -0.0072154
37.08 -0.00280205 -0.00671486
37.2 -0.00329625 -0.00621174
37.32 -0.00363593 -0.00570701
37.44 -0.00382888 -0.00520161
37.56 -0.00388329 -0.00469646
37.68 -0.00380766 -0.00419245
37.8 -0.00361074 -0.00369043
37.92 -0.00330141 -0.00319124
38.04 -0.00288869 -0.00269568
38.16 -0.00238156 -0.00220451
38.28 -0.001789 -0.00171848
38.4 -0.00111984 -0.00123829
38.52 -0.000382773 -0.000764644
38.64 0.000413752 -0.000298195
38.76 0.00126155 0.000160417
38.88 0.00215274 0.000610575
39 0.0030798 0.00105169
39.12 0.00403559 0.00148318
39.24 0.00501337 0.00190449
39.36 0.00600683 0.0023151
39.48 0.00701011 0.0027145
39.6 0.00801779 0.00310219
39.72 0.00902493 0.00347771
39.84 0.010027 0.00384062
39.96 0.0110201 0.0041905
40.08 0.0120004 0.00452697
40.2 0.0129649 0.00484966
40.32 0.0139108 0.00515826
40.44 0.0148358 0.00545247
40.56 0.0157379 0.00573205
40.68 0.0166155 0.00599679
40.8 0.0174673 0.00624652
40.92 0.0182923 0.00648112
41.04 0.0190897 0.00670054
41.16 0.019859 0.00690474
41.28 0.0206 0.00709378
41.4 0.0213125 0.00726775
41.52 0.0219966 0.00742679
41.64 0.0226523 0.00757113
41.76 0.0232798 0.00770101
41.88 0.0238795 0.00781679
42 0.0244516 0.00791883
42.12 0.0249964 0.00800759
42.24 0.0255143 0.00808356
42.36 0.0260053 0.00814728
42.48 0.0264698 0.00819937
42.6 0.0269078 0.00824047
42.72 0.0273193 0.00827126
42.84 0.0277043 0.00829248
42.96 0.0280626 0.00830489
43.08 0.0283939 0.00830927
43.2 0.0286978 0.00830643
43.32 0.0289739 0.00829721
43.44 0.0292215 0.00828243
43.56 0.0294399 0.00826294
43.68 0.0296284 0.00823958
43.8 0.029786 0.00821316
43.92 0.0299119 0.00818451
44.04 0.030005 0.0081544
44.16 0.0300642 0.0081236
44.28 0.0300886 0.00809283
44.4 0.0300771 0.00806277
44.52 0.0300285 0.00803406
44.64 0.029942 0.00800728
44.76 0.0298165 0.00798296
44.88 0.0296511 0.00796158
45 0.029445 0.00794353
45.12 0.0291975 0.00792917
45.24 0.0289081 0.00791877
45.36 0.0285764 0.00791254
45.48 0.028202 0.00791061
45.6 0.0277849 0.00791307
45.72 0.0273252 0.0079199
45.84 0.0268232 0.00793105
45.96 0.0262795 0.00794639
46.08 0.0256948 0.00796573
46.2 0.02507 0.00798882
46.32 0.0244065 0.00801535
46.44 0.0237055 0.00804498
46.56 0.0229689 0.0080773
46.68 0.0221985 0.00811188
46.8 0.0213964 0.00814824
46.92 0.0205651 0.00818587
47.04 0.019707 0.00822426
47.16 0.018825 0.00826285
47.28 0.017922 0.0083011
47.4 0.0170011 0.00833845
47.52 0.0160656 0.00837434
47.64 0.015119 0.00840821
47.76 0.0141646 0.00843953
47.88 0.0132063 0.00846779
48 0.0122476 0.00849249
48.12 0.0112922 0.00851316
48.24 0.0103441 0.00852937
48.36 0.00940677 0.00854073
48.48 0.00848412 0.00854688
48.6 0.00757977 0.0085475
48.72 0.00669732 0.00854233
48.84 0.00584025 0.00853115
48.96 0.00501194 0.00851379
49.08 0.00421559 0.00849014
49.2 0.00345425 0.00846012
49.32 0.00273076 0.0084237
49.44 0.00204775 0.00838093
49.56 0.00140761 0.00833187
49.68 0.000812495 0.00827665
49.8 0.000264283 0.00821542
49.92 -0.000235419 0.0081484
50.04 -0.000685296 0.00807582
50.16 -0.00108433 0.00799797
50.28 -0.00143179 0.00791514
50.4 -0.00172728 0.00782768
50.52 -0.00197069 0.00773592
50.64 -0.00216222 0.00764026
50.76 -0.00230239 0.00754106
50.88 -0.002392 0.00743873
51 -0.00243216 0.00733367
51.12 -0.00242424 0.00722627
51.24 -0.00236989 0.00711694
51.36 -0.00227102 0.00700606
51.48 -0.00212979 0.00689402
51.6 -0.00194855 0.00678116
51.72 -0.00172989 0.00666785
51.84 -0.00147656 0.00655439
51.96 -0.00119149 0.0064411
52.08 -0.000877718 0.00632824
52.2 -0.000538433 0.00621607
52.32 -0.000176897 0.00610479
52.44 0.000203558 0.00599459
52.56 0.000599556 0.00588563
52.68 0.0010077 0.00577803
52.8 0.00142462 0.00567187
52.92 0.00184695 0.00556722
53.04 0.00227139 0.0054641
53.16 0.00269472 0.00536251
53.28 0.00311382 0.00526241
53.4 0.00352568 0.00516375
53.52 0.00392746 0.00506645
53.64 0.00431643 0.00497039
53.76 0.00469007 0.00487545
53.88 0.00504604 0.0047815
54 0.00538219 0.00468835
54.12 0.0056966 0.00459586
54.24 0.00598756 0.00450382
54.36 0.00625359 0.00441206
54.48 0.00649345 0.00432039
54.6 0.00670612 0.0042286
54.72 0.00689083 0.00413651
54.84 0.00704706 0.00404394
54.96 0.0071745 0.0039507
55.08 0.00727308 0.00385662
55.2 0.00734294 0.00376156
55.32 0.00738446 0.00366536
55.44 0.00739821 0.0035679
55.56 0.00738495 0.00346908
55.68 0.00734561 0.00336881
55.8 0.00728132 0.00326701
55.92 0.00719334 0.00316364
56.04 0.00708305 0.00305868
56.16 0.00695199 0.00295213
56.28 0.00680176 0.00284401
56.4 0.00663408 0.00273437
56.52 0.00645071 0.00262326
56.64 0.00625348 0.00251079
56.76 0.00604424 0.00239706
56.88 0.00582486 0.00228221
57 0.0055972 0.00216639
57.12 0.00536312 0.00204975
57.24 0.00512442 0.0019325
57.36 0.00488287 0.00181482
57.48 0.00464018 0.00169693
57.6 0.00439796 0.00157906
57.72 0.00415776 0.00146142
57.84 0.00392101 0.00134426
57.96 0.00368907 0.00122783
58.08 0.00346314 0.00111236
58.2 0.00324433 0.000998099
58.32 0.00303361 0.000885292
58.44 0.00283183 0.000774176
58.56 0.00263971 0.000664986
58.68 0.00245783 0.000557945
58.8 0.00228664 0.000453269
58.92 0.00212647 0.000351161
59.04 0.00197751 0.000251813
59.16 0.00183983 0.000155401
59.28 0.0017134 6.20857e-05
59.4 0.00159806 -2.79891e-05
59.52 0.00149355 -0.000114697
59.64 0.00139952 -0.000197932
59.76 0.00131553 -0.000277604
59.88 0.00124104 -0.000353647
60 0.00117548 -0.00042601
60.12 0.00111819 -0.000494667
60.24 0.00106847 -0.000559609
60.36 0.00102557 -0.000620847
60.48 0.000988722 -0.000678412
60.6 0.000957131 -0.000732355
60.72 0.000929988 -0.000782742
60.84 0.000906482 -0.000829659
60.96 0.000885804 -0.000873208
61.08 0.000867162 -0.000913506
61.2 0.000849779 -0.000950682
61.32 0.000832909 -0.000984883
61.44 0.000815833 -0.00101626
61.56 0.000797872 -0.00104499
61.68 0.000778388 -0.00107123
61.8 0.000756786 -0.00109518
61.92 0.000732518 -0.00111702
62.04 0.000705085 -0.00113695
62.16 0.000674038 -0.00115517
62.28 0.000638975 -0.00117187
62.4 0.000599546 -0.00118726
62.52 0.000555445 -0.00120153
62.64 0.000506414 -0.0012149
62.76 0.000452236 -0.00122756
62.88 0.000392735 -0.00123971
63 0.000327771 -0.00125154
63.12 0.000257236 -0.00126324
63.24 0.000181049 -0.001275
63.36 9.91545e-05 -0.001287
63.48 1.15147e-05 -0.00129941
63.6 -8.18925e-05 -0.00131241
63.72 -0.000181079 -0.00132617
63.84 -0.000286051 -0.00134085
63.96 -0.000396812 -0.0013566
64.08 -0.000513367 -0.00137358
64.2 -0.000635727 -0.00139195
64.32 -0.000763911 -0.00141185
64.44 -0.000897946 -0.00143343
64.56 -0.00103787 -0.00145684
64.68 -0.00118375 -0.00148221
64.8 -0.00133564 -0.0015097
64.92 -0.00149362 -0.00153945
65.04 -0.0016578 -0.0015716
65.16 -0.00182828 -0.00160631
65.28 -0.00200518 -0.00164372
65.4 -0.00218863 -0.001684
65.52 -0.00237875 -0.00172729
65.64 -0.00257568 -0.00177377
65.76 -0.00277955 -0.00182359
65.88 -0.00299048 -0.00187693
66 -0.00320858 -0.00193396
66.12 -0.00343394 -0.00199485
66.24 -0.00366663 -0.00205979
66.36 -0.00390668 -0.00212894
66.48 -0.0041541 -0.0022025
66.6 -0.00440885 -0.00228065
66.72 -0.00467086 -0.00236355
66.84 -0.00493998 -0.00245139
66.96 -0.00521602 -0.00254433
67.08 -0.00549874 -0.00264253
67.2 -0.00578781 -0.00274615
67.32 -0.00608285 -0.00285531
67.44 -0.0063834 -0.00297015
67.56 -0.00668892 -0.00309076
67.68 -0.00699881 -0.00321724
67.8 -0.00731236 -0.00334963
67.92 -0.00762883 -0.00348798
68.04 -0.00794736 -0.0036323
68.16 -0.00826703 -0.00378255
68.28 -0.00858687 -0.00393868
68.4 -0.0089058 -0.00410059
68.52 -0.00922272 -0.00426814
68.64 -0.00953644 -0.00444117
68.76 -0.00984573 -0.00461944
68.88 -0.0101493 -0.0048027
69 -0.0104459 -0.00499064
69.12 -0.0107341 -0.00518289
69.24 -0.0110126 -0.00537907
69.36 -0.01128 -0.00557873
69.48 -0.0115351 -0.00578136
69.6 -0.0117763 -0.00598644
69.72 -0.0120024 -0.00619338
69.84 -0.0122121 -0.00640156
69.96 -0.0124042 -0.00661033
70.08 -0.0125775 -0.006819
70.2 -0.0127309 -0.00702684
70.32 -0.0128634 -0.0072331
70.44 -0.0129739 -0.00743703
70.56 -0.0130618 -0.00763783
70.68 -0.0131262 -0.00783472
70.8 -0.0131666 -0.00802691
70.92 -0.0131825 -0.00821361
71.04 -0.0131736 -0.00839403
71.16 -0.0131397 -0.00856743
71.28 -0.0130806 -0.00873308
71.4 -0.0129966 -0.00889028
71.52 -0.0128878 -0.00903839
71.64 -0.0127548 -0.00917679
71.76 -0.0125979 -0.00930496
71.88 -0.012418 -0.00942241
72 -0.0122158 -0.00952875
72.12 -0.0119924 -0.00962365
72.24 -0.0117489 -0.00970689
72.36 -0.0114866 -0.00977833
72.48 -0.0112069 -0.00983791
72.6 -0.0109111 -0.00988572
72.72 -0.010601 -0.0099219
72.84 -0.0102783 -0.00994676
72.96 -0.00994459 -0.00996067
73.08 -0.00960182 -0.00996415
73.2 -0.00925184 -0.00995781
73.32 -0.00889657 -0.00994237
73.44 -0.00853794 -0.00991869
73.56 -0.00817789 -0.0098877
73.68 -0.00781835 -0.00985046
73.8 -0.00746122 -0.0098081
73.92 -0.00710838 -0.00976186
74.04 -0.00676163 -0.00971305
74.16 -0.00642271 -0.00966305
74.28 -0.00609329 -0.00961332
74.4 -0.00577493 -0.00956534
74.52 -0.00546908 -0.00952066
74.64 -0.00517707 -0.00948084
74.76 -0.00490013 -0.00944744
74.88 -0.00463932 -0.00942205
75 -0.00439557 -0.00940622
75.12 -0.00416965 -0.00940148
75.24 -0.00396221 -0.0094093
75.36 -0.0037737 -0.00943112
75.48 -0.00360444 -0.00946827
75.6 -0.00345459 -0.00952202
75.72 -0.00332415 -0.0095935
75.84 -0.00321298 -0.00968376
75.96 -0.0031208 -0.0097937
76.08 -0.00304717 -0.00992408
76.2 -0.00299156 -0.0100755
76.32 -0.00295328 -0.0102484
76.44 -0.00293158 -0.0104431
76.56 -0.00292559 -0.0106596
76.68 -0.00293436 -0.0108979
76.8 -0.0029569 -0.0111577
76.92 -0.00299215 -0.0114384
77.04 -0.00303903 -0.0117396
77.16 -0.00309645 -0.0120602
77.28 -0.00316332 -0.0123992
77.4 -0.00323856 -0.0127555
77.52 -0.00332116 -0.0131275
77.64 -0.00341012 -0.0135139
77.76 -0.00350455 -0.0139127
77.88 -0.00360364 -0.0143222
78 -0.00370667 -0.0147402
78.12 -0.00381304 -0.0151648
78.24 -0.00392229 -0.0155937
78.36 -0.0040341 -0.0160245
78.48 -0.00414828 -0.0164549
78.6 -0.00426482 -0.0168825
78.72 -0.00438386 -0.0173047
78.84 -0.00450572 -0.0177192
78.96 -0.00463088 -0.0181235
79.08 -0.00475999 -0.0185151
79.2 -0.00489387 -0.0188917
79.32 -0.00503351 -0.019251
79.44 -0.00518002 -0.0195908
79.56 -0.0053347 -0.0199091
79.68 -0.00549895 -0.0202039
79.8 -0.0056743 -0.0204733
79.92 -0.00586238 -0.0207157
80.04 -0.00606491 -0.0209298
80.16 -0.00628365 -0.0211141
80.28 -0.00652043 -0.0212676
80.4 -0.00677707 -0.0213895
80.52 -0.0070554 -0.021479
80.64 -0.00735719 -0.0215357
80.76 -0.00768417 -0.0215593
80.88 -0.00803795 -0.0215499
81 -0.00842004 -0.0215077
81.12 -0.00883177 -0.0214329
81.24 -0.00927432 -0.0213262
81.36 -0.00974861 -0.0211885
81.48 -0.0102554 -0.0210205
81.6 -0.010795 -0.0208235
81.72 -0.0113676 -0.0205987
81.84 -0.0119731 -0.0203474
81.96 -0.0126108 -0.0200712
82.08 -0.0132798 -0.0197717
82.2 -0.0139789 -0.0194505
82.32 -0.0147062 -0.0191092
82.44 -0.0154596 -0.0187496
82.56 -0.0162366 -0.0183734
82.68 -0.017034 -0.0179823
82.8 -0.0178484 -0.017578
82.92 -0.0186758 -0.017162
83.04 -0.0195117 -0.0167358
83.16 -0.0203513 -0.0163009
83.28 -0.0211894 -0.0158584
83.4 -0.02202 -0.0154096
83.52 -0.0228372 -0.0149553
83.64 -0.0236342 -0.0144966
83.76 -0.0244044 -0.0140338
83.88 -0.0251403 -0.0135677
84 -0.0258344 -0.0130984
84.12 -0.026479 -0.012626
84.24 -0.027066 -0.0121505
84.36 -0.0275872 -0.0116717
84.48 -0.0280342 -0.0111891
84.6 -0.0283987 -0.0107021
84.72 -0.0286721 -0.0102101
84.84 -0.0288461 -0.00971225
84.96 -0.0289122 -0.00920757
85.08 -0.0288624 -0.00869506
85.2 -0.0286885 -0.00817367
85.32 -0.0283829 -0.00764229
85.44 -0.0279381 -0.00709981
85.56 -0.0273471 -0.00654517
85.68 -0.0266034 -0.00597735
85.8 -0.0257009 -0.00539544
85.92 -0.0246342 -0.00479863
86.04 -0.0233983 -0.0041863
86.16 -0.0219891 -0.00355797
86.28 -0.0204032 -0.00291343
86.4 -0.018638 -0.00225268
86.52 -0.0166917 -0.00157603
86.64 -0.0145634 -0.000884064
86.76 -0.012253 -0.000177709
86.88 -0.00976171 0.000541764
87 -0.00709134 0.00127272
87.12 -0.00424493 0.00201315
87.24 -0.0012265 0.00276064
87.36 0.00195886 0.00351241
87.48 0.00530501 0.00426526
87.6 0.00880476 0.00501562
87.72 0.0124498 0.00575951
87.84 0.016231 0.00649261
87.96 0.0201378 0.00721023
88.08 0.0241589 0.00790737
88.2 0.0282821 0.0085787
88.32 0.032494 0.00921866
88.44 0.0367805 0.00982144
88.56 0.0411265 0.0103811
88.68 0.0455163 0.0108914
88.8 0.0499333 0.0113462
88.92 0.0543602 0.0117392
89.04 0.0587793 0.0120643
89.16 0.0631722 0.0123153
89.28 0.0675201 0.0124862
89.4 0.0718038 0.0125713
89.52 0.076004 0.012565
89.64 0.0801011 0.0124621
89.76 0.0840753 0.0122581
89.88 0.0879072 0.0119485
90 0.091577 0.0115297
90.12 0.0950655 0.0109986
90.24 0.0983538 0.0103527
90.36 0.101423 0.00959027
90.48 0.104256 0.00871032
90.6 0.106834 0.00771271
90.72 0.109141 0.00659815
90.84 0.111161 0.00536823
90.96 0.11288 0.00402549
91.08 0.114282 0.0025734
91.2 0.115356 0.0010164
91.32 0.11609 -0.000640105
91.44 0.116473 -0.00238971
91.56 0.116496 -0.00422507
91.68 0.116151 -0.00613787
91.8 0.115432 -0.00811886
91.92 0.114335 -0.0101579
92.04 0.112856 -0.012244
92.16 0.110994 -0.0143654
92.28 0.108749 -0.0165094
92.4 0.106121 -0.0186629
92.52 0.103116 -0.0208119
92.64 0.0997376 -0.0229421
92.76 0.0959927 -0.0250386
92.88 0.09189 -0.0270861
93 0.0874394 -0.0290692
93.12 0.0826528 -0.030972
93.24 0.0775434 -0.032779
93.36 0.0721262 -0.0344744
93.48 0.0664177 -0.0360425
93.6 0.0604358 -0.0374682
93.72 0.0541997 -0.0387364
93.84 0.0477301 -0.0398328
93.96 0.0410488 -0.0407433
94.08 0.034179 -0.0414549
94.2 0.0271448 -0.0419552
94.32 0.0199712 -0.0422327
94.44 0.0126842 -0.0422768
94.56 0.00531071 -0.0420783
94.68 -0.00212196 -0.0416288
94.8 -0.00958583 -0.0409214
94.92 -0.0170525 -0.0399504
95.04 -0.0244932 -0.0387115
95.16 -0.0318791 -0.0372019
95.28 -0.0391813 -0.0354202
95.4 -0.0463707 -0.0333663
95.52 -0.0534188 -0.0310421
95.64 -0.060297 -0.0284506
95.76 -0.0669774 -0.0255965
95.88 -0.0734326 -0.022486
96 -0.0796357 -0.019127
96.12 -0.0855609 -0.0155285
96.24 -0.0911831 -0.0117012
96.36 -0.0964781 -0.00765712
96.48 -0.101423 -0.00340964
96.6 -0.105996 0.00102667
96.72 -0.110177 0.00563603
96.84 -0.113946 0.0104016
96.96 -0.117287 0.0153055
97.08 -0.120183 0.0203291
97.2 -0.122619 0.0254528
97.32 -0.124583 0.0306564
97.44 -0.126064 0.0359192
97.56 -0.127052 0.04122
97.68 -0.127541 0.0465375
97.8 -0.127524 0.0518498
97.92 -0.126997 0.0571354
98.04 -0.12596 0.0623727
98.16 -0.124411 0.0675401
98.28 -0.122354 0.0726166
98.4 -0.11979 0.0775816
98.52 -0.116727 0.0824149
98.64 -0.113171 0.0870971
98.76 -0.109131 0.0916096
98.88 -0.104619 0.0959345
99 -0.0996461 0.100055
99.12 -0.0942276 0.103956
99.24 -0.0883788 0.107621
99.36 -0.0821169 0.111039
99.48 -0.0754607 0.114196
99.6 -0.06843 0.117082
99.72 -0.0610461 0.119687
99.84 -0.0533314 0.122003
99.96 -0.0453093 0.124024
100.08 -0.0370043 0.125744
100.2 -0.0284416 0.127159
100.32 -0.0196475 0.128266
100.44 -0.0106485 0.129066
100.56 -0.00147217 0.129557
100.68 0.00785383 0.129741
100.8 0.0173013 0.129623
100.92 0.0268418 0.129204
101.04 0.0364469 0.128492
101.16 0.0460878 0.127492
101.28 0.0557361 0.126212
101.4 0.0653633 0.124661
101.52 0.0749413 0.122848
101.64 0.0844423 0.120783
101.76 0.0938389 0.118477
101.88 0.103104 0.115943
102 0.112212 0.113192
102.12 0.121137 0.110237
102.24 0.129854 0.107091
102.36 0.13834 0.103768
102.48 0.14657 0.100282
102.6 0.154524 0.0966465
102.72 0.16218 0.0928753
102.84 0.169518 0.0889827
102.96 0.176519 0.0849825
103.08 0.183166 0.0808886
103.2 0.189442 0.0767145
103.32 0.195332 0.0724737
103.44 0.200822 0.0681792
103.56 0.205899 0.0638438
103.68 0.210552 0.0594798
103.8 0.214771 0.0550992
103.92 0.218548 0.0507134
104.04 0.221874 0.0463335
104.16 0.224744 0.0419701
104.28 0.227153 0.0376332
104.4 0.229098 0.0333325
104.52 0.230576 0.0290771
104.64 0.231588 0.0248756
104.76 0.232134 0.0207362
104.88 0.232215 0.0166665
105 0.231835 0.0126739
105.12 0.230999 0.00876529
105.24 0.229711 0.00494704
105.36 0.227979 0.00122531
105.48 0.225811 -0.00239411
105.6 0.223216 -0.00590574
105.72 0.220204 -0.00930439
105.84 0.216787 -0.0125851
105.96 0.212977 -0.0157431
106.08 0.208786 -0.0187738
106.2 0.204231 -0.0216729
106.32 0.199325 -0.024436
106.44 0.194085 -0.027059
106.56 0.188529 -0.0295378
106.68 0.182673 -0.0318684
106.8 0.176536 -0.0340468
106.92 0.170139 -0.0360691
107.04 0.1635 -0.0379315
107.16 0.15664 -0.0396299
107.28 0.149581 -0.0411608
107.4 0.142345 -0.0425201
107.52 0.134953 -0.0437042
107.64 0.127429 -0.0447093
107.76 0.119795 -0.0455319
107.88 0.112075 -0.0461683
108 0.104293 -0.0466151
108.12 0.0964723 -0.0468691
108.24 0.0886379 -0.0469269
108.36 0.0808137 -0.0467857
108.48 0.073024 -0.0464428
108.6 0.0652933 -0.0458956
108.72 0.0576457 -0.0451419
108.84 0.0501053 -0.04418
108.96 0.0426963 -0.0430083
109.08 0.0354421 -0.0416258
109.2 0.0283661 -0.0400318
109.32 0.0214913 -0.0382263
109.44 0.01484 -0.0362096
109.56 0.00843413 -0.0339827
109.68 0.0022949 -0.0315472
109.8 -0.00355716 -0.0289051
109.92 -0.00910232 -0.0260594
110.04 -0.0143217 -0.0230135
110.16 -0.0191974 -0.0197717
110.28 -0.0237124 -0.0163387
110.4 -0.0278509 -0.0127204
110.52 -0.0315982 -0.00892294
110.64 -0.0349408 -0.00495355
110.76 -0.0378665 -0.00082005
110.88 -0.0403646 0.00346897
111 -0.0424255 0.00790422
111.12 -0.0440414 0.0124757
111.24 -0.0452059 0.0171726
111.36 -0.0459141 0.0219837
111.48 -0.0461628 0.026897
111.6 -0.0459505 0.0318998
111.72 -0.0452774 0.0369789
111.84 -0.0441453 0.0421208
111.96 -0.0425579 0.0473113
112.08 -0.0405206 0.0525358
112.2 -0.0380405 0.0577794
112.32 -0.0351266 0.063027
112.44 -0.0317896 0.0682629
112.56 -0.0280419 0.0734717
112.68 -0.0238976 0.0786375
112.8 -0.0193725 0.0837445
112.92 -0.0144842 0.0887771
113.04 -0.00925163 0.0937195
113.16 -0.00369539 0.0985561
113.28 0.00216249 0.103272
113.4 0.00829858 0.107851
113.52 0.0146882 0.112281
113.64 0.0213054 0.116545
113.76 0.0281231 0.120631
113.88 0.0351134 0.124525
114 0.0422474 0.128216
114.12 0.0494953 0.131691
114.24 0.0568269 0.134938
114.36 0.0642115 0.137949
114.48 0.0716178 0.140713
114.6 0.0790144 0.143222
114.72 0.0863701 0.145469
114.84 0.0936532 0.147446
114.96 0.100833 0.149148
115.08 0.107878 0.15057
115.2 0.114758 0.151709
115.32 0.121445 0.152561
115.44 0.127908 0.153126
115.56 0.13412 0.153403
115.68 0.140055 0.153393
115.8 0.145687 0.153096
115.92 0.150992 0.152516
116.04 0.155947 0.151656
116.16 0.160532 0.150521
116.28 0.164726 0.149116
116.4 0.168514 0.147449
116.52 0.171879 0.145526
116.64 0.174808 0.143356
116.76 0.17729 0.140948
116.88 0.179316 0.138312
117 0.180878 0.135458
117.12 0.181972 0.132398
117.24 0.182596 0.129145
117.36 0.182749 0.125709
117.48 0.182435 0.122106
117.6 0.181657 0.118347
117.72 0.180422 0.114447
117.84 0.17874 0.11042
117.96 0.176621 0.10628
118.08 0.174079 0.102043
118.2 0.171129 0.0977217
118.32 0.16779 0.093332
118.44 0.16408 0.0888883
118.56 0.160021 0.0844053
118.68 0.155634 0.0798973
118.8 0.150945 0.0753787
118.92 0.14598 0.0708633
119.04 0.140765 0.0663647
119.16 0.135328 0.0618962
119.28 0.129698 0.0574704
119.4 0.123906 0.0530996
119.52 0.117982 0.0487955
119.64 0.111956 0.044569
119.76 0.10586 0.0404306
119.88 0.0997252 0.0363901
120 0.0935829 0.0324563
