-0.999 -5.06028e-05 -4.09034e-05
-0.998 -0.000225911 -0.000162535
-0.997 -0.000527986 -0.000354062
-0.996 -0.000918281 -0.000601459
-0.995 -0.00134731 -0.000896673
-0.994 -0.00179769 -0.0012388
-0.993 -0.00230785 -0.00162347
-0.992 -0.0029504 -0.00202437
-0.991 -0.00377012 -0.00238255
-0.99 -0.00471447 -0.00262085
-0.989 -0.00559523 -0.0026826
-0.988 -0.00611177 -0.00257445
-0.987 -0.0059529 -0.00239152
-0.986 -0.00496373 -0.0023165
-0.985 -0.00331131 -0.00259231
-0.984 -0.00154845 -0.00346686
-0.983 -0.000509405 -0.00511548
-0.982 -0.00106333 -0.00757112
-0.981 -0.00382209 -0.0107048
-0.98 -0.00889917 -0.014272
-0.979 -0.0157936 -0.0179939
-0.978 -0.0234672 -0.0216301
-0.977 -0.0306487 -0.0250177
-0.976 -0.0362893 -0.0280753
-0.975 -0.0399669 -0.0307726
-0.974 -0.0420201 -0.0330667
-0.973 -0.0433369 -0.0348223
-0.972 -0.0449111 -0.0357672
-0.971 -0.04735 -0.0355275
-0.97 -0.0504719 -0.0337424
-0.969 -0.053125 -0.0302139
-0.968 -0.0533783 -0.0250401
-0.967 -0.0491425 -0.0186929
-0.966 -0.0390472 -0.0120035
-0.965 -0.0231969 -0.00603735
-0.964 -0.00344482 -0.00187365
-0.963 0.0169402 -0.000346357
-0.962 0.034073 -0.00183541
-0.961 0.0444865 -0.0061819
-0.96 0.0461525 -0.0127518
-0.959 0.0391698 -0.0206294
-0.958 0.0257864 -0.0288891
-0.957 0.00964299 -0.0368547
-0.956 -0.00553033 -0.0442436
-0.955 -0.0172733 -0.0511406
-0.954 -0.0252927 -0.0578139
-0.953 -0.0315773 -0.0644555
-0.952 -0.0396879 -0.0709627
-0.951 -0.0534053 -0.0768671
-0.95 -0.0751531 -0.0814543
-0.949 -0.104788 -0.08406
-0.948 -0.139265 -0.0844486
-0.947 -0.173334 -0.0831139
-0.946 -0.201056 -0.0813441
-0.945 -0.217682 -0.0809891
-0.944 -0.221293 -0.0839807
-0.943 -0.213604 -0.0917455
-0.942 -0.199514 -0.104705
-0.941 -0.185441 -0.122041
-0.94 -0.177033 -0.141832
-0.939 -0.177141 -0.161521
-0.938 -0.184728 -0.178568
-0.937 -0.19499 -0.190994
-0.936 -0.200642 -0.197665
-0.935 -0.194175 -0.19827
-0.934 -0.17052 -0.193074
-0.933 -0.129251 -0.182556
-0.932 -0.075326 -0.167078
-0.931 -0.0179775 -0.146773
-0.93 0.0318017 -0.121764
-0.929 0.0642402 -0.0926566
-0.928 0.0734151 -0.0610434
-0.927 0.0588969 -0.0296908
-0.926 0.0258994 -0.00228363
-0.925 -0.016379 0.0171411
-0.924 -0.0579687 0.0249103
-0.923 -0.0917908 0.018447
-0.922 -0.116214 -0.00314766
-0.921 -0.135489 -0.0388559
-0.92 -0.157987 -0.0859957
-0.919 -0.192791 -0.140906
-0.918 -0.24562 -0.199706
-0.917 -0.315377 -0.258746
-0.916 -0.392701 -0.314662
-0.915 -0.461448 -0.364263
-0.914 -0.503036 -0.40444
-0.913 -0.5022 -0.432172
-0.912 -0.452128 -0.444676
-0.911 -0.357415 -0.43978
-0.91 -0.233831 -0.416528
-0.909 -0.104509 -0.375894
-0.908 0.00659495 -0.321165
-0.907 0.0818008 -0.257624
-0.906 0.114739 -0.191591
-0.905 0.111402 -0.129247
-0.904 0.0869815 -0.0756089
-0.903 0.0599848 -0.0339133
-0.902 0.0454979 -0.00549608
-0.901 0.0492362 0.00979995
-0.9 0.064479 0.0127979
-0.899 0.0739012 0.00407452
-0.898 0.056367 -0.0164747
-0.897 -0.00387082 -0.0492115
-0.896 -0.109506 -0.0936683
-0.895 -0.247247 -0.147431
-0.894 -0.390327 -0.205612
-0.893 -0.50513 -0.261256
-0.892 -0.560501 -0.306668
-0.891 -0.53808 -0.335361
-0.89 -0.440248 -0.344103
-0.889 -0.291518 -0.33434
-0.888 -0.131608 -0.312188
-0.887 -0.00269307 -0.286677
-0.886 0.0637729 -0.266853
-0.885 0.0557147 -0.258945
-0.884 -0.017212 -0.264731
-0.883 -0.127243 -0.281608
-0.882 -0.237712 -0.304212
-0.881 -0.316441 -0.326979
-0.88 -0.348806 -0.346777
-0.879 -0.34423 -0.364579
-0.878 -0.33237 -0.38525
-0.877 -0.350635 -0.415245
-0.876 -0.428988 -0.45914
-0.875 -0.577931 -0.51661
-0.874 -0.782629 -0.581258
-0.873 -1.0043 -0.641814
-0.872 -1.18967 -0.685237
-0.871 -1.28735 -0.700718
-0.87 -1.26566 -0.683399
-0.869 -1.12445 -0.636518
-0.868 -0.895479 -0.570886
-0.867 -0.631723 -0.501547
-0.866 -0.390831 -0.442744
-0.865 -0.218242 -0.403254
-0.864 -0.134088 -0.383935
-0.863 -0.127322 -0.378207
-0.862 -0.160122 -0.375029
-0.861 -0.182394 -0.363255
-0.86 -0.151195 -0.336058
-0.859 -0.0471205 -0.293913
-0.858 0.118483 -0.244831
-0.857 0.306822 -0.201494
-0.856 0.463307 -0.176337
-0.855 0.534448 -0.176687
-0.854 0.485925 -0.202004
-0.853 0.315742 -0.244172
-0.852 0.0564386 -0.29051
-0.851 -0.23524 -0.328503
-0.85 -0.496798 -0.350798
-0.849 -0.67921 -0.358743
-0.848 -0.761199 -0.362878
-0.847 -0.755799 -0.37977
-0.846 -0.707266 -0.426174
-0.845 -0.677107 -0.512774
-0.844 -0.722012 -0.639903
-0.843 -0.871845 -0.796576
-0.842 -1.11708 -0.9629
-0.841 -1.41017 -1.11499
-0.84 -1.67849 -1.23101
-0.839 -1.84385 -1.29638
-0.838 -1.84438 -1.30655
-0.837 -1.65474 -1.26615
-0.836 -1.29792 -1.18518
-0.835 -0.841627 -1.07409
-0.834 -0.378161 -0.939958
-0.833 0.00460203 -0.784905
-0.832 0.24935 -0.606981
-0.831 0.34397 -0.403135
-0.83 0.322405 -0.17342
-0.829 0.252536 0.0749803
-0.828 0.212568 0.325772
-0.827 0.260654 0.55486
-0.826 0.408125 0.734593
-0.825 0.608743 0.839173
-0.824 0.770772 0.849522
-0.823 0.787972 0.756817
-0.822 0.577249 0.564399
-0.821 0.11004 0.287441
-0.82 -0.571432 -0.0500988
-0.819 -1.35823 -0.42047
-0.818 -2.1006 -0.797014
-0.817 -2.65054 -1.15718
-0.816 -2.90827 -1.48351
-0.815 -2.85535 -1.76373
-0.814 -2.56067 -1.99031
-0.813 -2.15637 -2.15895
-0.812 -1.79286 -2.26589
-0.811 -1.58834 -2.30554
-0.81 -1.58901 -2.27072
-0.809 -1.75312 -2.15538
-0.808 -1.96566 -1.95805
-0.807 -2.08022 -1.684
-0.806 -1.97504 -1.34632
-0.805 -1.6032 -0.966833
-0.804 -1.01752 -0.576057
-0.803 -0.360067 -0.210253
-0.802 0.181216 0.0950711
-0.801 0.435086 0.312655
-0.8 0.307673 0.428377
-0.799 -0.180947 0.442207
-0.798 -0.898241 0.366401
-0.797 -1.63921 0.222081
-0.796 -2.19192 0.033893
-0.795 -2.40657 -0.177055
-0.794 -2.24513 -0.399212
-0.793 -1.79501 -0.631735
-0.792 -1.24058 -0.879734
-0.791 -0.799246 -1.14681
-0.79 -0.64394 -1.42908
-0.789 -0.841284 -1.71239
-0.788 -1.32877 -1.97215
-0.787 -1.93807 -2.17633
-0.786 -2.45402 -2.29263
-0.785 -2.68837 -2.29882
-0.784 -2.54531 -2.1913
-0.783 -2.05898 -1.98708
-0.782 -1.38766 -1.71858
-0.781 -0.762196 -1.42501
-0.78 -0.405477 -1.144
-0.779 -0.454365 -0.90405
-0.778 -0.914005 -0.71838
-0.777 -1.6587 -0.583267
-0.776 -2.47453 -0.483812
-0.775 -3.12743 -0.405049
-0.774 -3.43745 -0.341736
-0.773 -3.3384 -0.301319
-0.772 -2.90174 -0.300532
-0.771 -2.31253 -0.359964
-0.77 -1.80485 -0.498541
-0.769 -1.58137 -0.726277
-0.768 -1.74649 -1.03569
-0.767 -2.27346 -1.3972
-0.766 -3.01171 -1.76355
-0.765 -3.7304 -2.0816
-0.764 -4.18789 -2.30449
-0.763 -4.20833 -2.39902
-0.762 -3.73978 -2.34914
-0.761 -2.87246 -2.15878
-0.76 -1.81124 -1.85289
-0.759 -0.813133 -1.47189
-0.758 -0.110123 -1.05978
-0.757 0.160146 -0.652393
-0.756 -0.00416639 -0.272579
-0.755 -0.470097 0.0675589
-0.754 -1.01663 0.362146
-0.753 -1.41319 0.607706
-0.752 -1.50209 0.798312
-0.751 -1.25738 0.918424
-0.75 -0.802347 0.937784
-0.749 -0.379567 0.814826
-0.748 -0.278162 0.509102
-0.747 -0.736371 -0.00348382
-0.746 -1.85112 -0.719268
-0.745 -3.52985 -1.60157
-0.744 -5.5056 -2.58113
-0.743 -7.40962 -3.56318
-0.742 -8.87488 -4.44334
-0.741 -9.63935 -5.13028
-0.74 -9.62258 -5.5667
-0.739 -8.9517 -5.7393
-0.738 -7.92084 -5.67495
-0.737 -6.88941 -5.42664
-0.736 -6.15414 -5.05404
-0.735 -5.84596 -4.6036
-0.734 -5.89135 -4.0935
-0.733 -6.04679 -3.51069
-0.732 -5.98845 -2.82439
-0.731 -5.42993 -2.01173
-0.73 -4.23737 -1.08358
-0.729 -2.50413 -0.0987811
-0.728 -0.549176 0.838662
-0.727 1.17164 1.59876
-0.726 2.21268 2.05708
-0.725 2.28637 2.13089
-0.724 1.35721 1.80767
-0.723 -0.344768 1.15302
-0.722 -2.38988 0.291726
-0.721 -4.27605 -0.631101
-0.72 -5.58469 -1.49308
-0.719 -6.11583 -2.22633
-0.718 -5.9499 -2.82899
-0.717 -5.40867 -3.35346
-0.716 -4.92968 -3.87421
-0.715 -4.90389 -4.44511
-0.714 -5.53523 -5.06334
-0.713 -6.76563 -5.65683
-0.712 -8.28716 -6.10288
-0.711 -9.6399 -6.26987
-0.71 -10.3666 -6.06468
-0.709 -10.1718 -5.46831
-0.708 -9.02746 -4.54844
-0.707 -7.18828 -3.44458
-0.706 -5.11391 -2.32902
-0.705 -3.32565 -1.35537
-0.704 -2.24408 -0.614064
-0.703 -2.05828 -0.112917
-0.702 -2.67007 0.209958
-0.701 -3.7336 0.448133
-0.7 -4.7756 0.680858
-0.699 -5.35257 0.936676
-0.698 -5.19353 1.17861
-0.697 -4.28833 1.31551
-0.696 -2.89831 1.2359
-0.695 -1.48283 0.852358
-0.694 -0.557117 0.139001
-0.693 -0.523886 -0.852602
-0.692 -1.53759 -2.00483
-0.691 -3.44928 -3.16716
-0.69 -5.84628 -4.19772
-0.689 -8.16827 -4.99824
-0.688 -9.8664 -5.53114
-0.687 -10.5668 -5.81454
-0.686 -10.1935 -5.89978
-0.685 -9.00396 -5.84269
-0.684 -7.51208 -5.68115
-0.683 -6.31805 -5.42618
-0.682 -5.90524 -5.06743
-0.681 -6.47615 -4.58938
-0.68 -7.87873 -3.99141
-0.679 -9.64384 -3.30253
-0.678 -11.128 -2.58371
-0.677 -11.7284 -1.91588
-0.676 -11.1056 -1.38037
-0.675 -9.3337 -1.04284
-0.674 -6.91069 -0.947024
-0.673 -4.61669 -1.11652
-0.672 -3.26494 -1.55795
-0.671 -3.42885 -2.26168
-0.67 -5.23479 -3.19986
-0.669 -8.29179 -4.32251
-0.668 -11.7904 -5.55234
-0.667 -14.7482 -6.78072
-0.666 -16.3267 -7.87209
-0.665 -16.1096 -8.68394
-0.664 -14.245 -9.10014
-0.663 -11.397 -9.06398
-0.662 -8.51728 -8.59397
-0.661 -6.50966 -7.77457
-0.66 -5.90353 -6.72626
-0.659 -6.65803 -5.56706
-0.658 -8.17287 -4.37845
-0.657 -9.50483 -3.18696
-0.656 -9.71413 -1.97036
-0.655 -8.22173 -0.690843
-0.654 -5.05547 0.655704
-0.653 -0.894661 1.99742
-0.652 3.11855 3.17469
-0.651 5.75159 3.96973
-0.65 6.10722 4.16923
-0.649 3.94072 3.63772
-0.648 -0.249368 2.3744
-0.647 -5.38309 0.531398
-0.646 -10.1511 -1.61734
-0.645 -13.4386 -3.75002
-0.644 -14.6856 -5.58951
-0.643 -14.061 -6.97993
-0.642 -12.3766 -7.91828
-0.641 -10.7627 -8.52929
-0.64 -10.2283 -8.99313
-0.639 -11.2797 -9.45393
-0.638 -13.7357 -9.94447
-0.637 -16.794 -10.3583
-0.636 -19.3131 -10.4845
-0.635 -20.2148 -10.0938
-0.634 -18.8733 -9.0408
-0.633 -15.3567 -7.33912
-0.632 -10.4238 -5.18186
-0.631 -5.2736 -2.89827
-0.63 -1.14808 -0.86197
-0.629 1.06303 0.620352
-0.628 1.08442 1.40266
-0.627 -0.689507 1.53934
-0.626 -3.35528 1.25061
-0.625 -5.82225 0.825104
-0.624 -7.18761 0.502092
-0.623 -7.03293 0.382194
-0.622 -5.53867 0.397799
-0.621 -3.3911 0.347595
-0.62 -1.53445 -0.0217821
-0.619 -0.858229 -0.914607
-0.618 -1.91125 -2.39762
-0.617 -4.72477 -4.35812
-0.616 -8.80303 -6.531
-0.615 -13.2858 -8.58671
-0.614 -17.2215 -10.2412
-0.613 -19.8489 -11.3404
-0.612 -20.7977 -11.89
-0.611 -20.1662 -12.0266
-0.61 -18.4732 -11.9493
-0.609 -16.4938 -11.8368
-0.608 -15.0134 -11.776
-0.607 -14.5668 -11.7275
-0.606 -15.259 -11.5448
-0.605 -16.7304 -11.0399
-0.604 -18.27 -10.0664
-0.603 -19.0284 -8.58428
-0.602 -18.2709 -6.68391
-0.601 -15.6189 -4.56475
-0.6 -11.2183 -2.48343
-0.599 -5.76607 -0.690906
-0.598 -0.353789 0.622359
-0.597 3.8348 1.35711
-0.596 5.87203 1.50552
-0.595 5.36358 1.12823
-0.594 2.57377 0.323051
-0.593 -1.63599 -0.80246
-0.592 -6.04932 -2.14738
-0.591 -9.46632 -3.62103
-0.59 -11.0976 -5.13753
-0.589 -10.838 -6.60927
-0.588 -9.30529 -7.94715
-0.587 -7.6142 -9.07052
-0.586 -6.96276 -9.91903
-0.585 -8.17241 -10.4539
-0.584 -11.3411 -10.6459
-0.583 -15.7358 -10.462
-0.582 -19.9803 -9.86405
-0.581 -22.4986 -8.82313
-0.58 -22.0723 -7.34416
-0.579 -18.3158 -5.49271
-0.578 -11.8898 -3.41737
-0.577 -4.35976 -1.35813
-0.576 2.26915 0.374927
-0.575 6.19166 1.46222
-0.574 6.39729 1.66096
-0.573 3.00838 0.882379
-0.572 -2.76542 -0.774338
-0.571 -9.04544 -3.04498
-0.57 -13.9296 -5.56995
-0.569 -16.1412 -7.98784
-0.568 -15.4552 -10.0271
-0.567 -12.7499 -11.5678
-0.566 -9.65659 -12.6473
-0.565 -7.92608 -13.4016
-0.564 -8.74384 -13.9653
-0.563 -12.2489 -14.3759
-0.562 -17.438 -14.5268
-0.561 -22.4891 -14.1889
-0.56 -25.3865 -13.095
-0.559 -24.63 -11.0577
-0.558 -19.7831 -8.08073
-0.557 -11.6723 -4.41886
-0.556 -2.16193 -0.553943
-0.555 6.42282 2.91253
-0.554 12.0289 5.41576
-0.553 13.5117 6.57828
-0.552 10.9585 6.30536
-0.551 5.59702 4.79529
-0.55 -0.666845 2.46054
-0.549 -5.9075 -0.21464
-0.548 -8.80684 -2.82981
-0.547 -9.04611 -5.17823
-0.546 -7.34975 -7.27107
-0.545 -5.18171 -9.27363
-0.544 -4.19909 -11.3863
-0.543 -5.64439 -13.718
-0.542 -9.88406 -16.197
-0.541 -16.2556 -18.5517
-0.54 -23.271 -20.3749
-0.539 -29.0887 -21.2519
-0.538 -32.0822 -20.9056
-0.537 -31.3323 -19.3013
-0.536 -26.9123 -16.6746
-0.535 -19.8927 -13.475
-0.534 -12.049 -10.2481
-0.533 -5.34125 -7.49211
-0.532 -1.32458 -5.53103
-0.531 -0.688646 -4.44297
-0.53 -3.07319 -4.06724
-0.529 -7.19576 -4.08307
-0.528 -11.2363 -4.12783
-0.527 -13.3788 -3.91524
-0.526 -12.3791 -3.31947
-0.525 -7.99529 -2.40322
-0.524 -1.12278 -1.38407
-0.523 6.44401 -0.551455
-0.522 12.5612 -0.163918
-0.521 15.4157 -0.36379
-0.52 14.1166 -1.13494
-0.519 9.01836 -2.30904
-0.518 1.66774 -3.61522
-0.517 -5.648 -4.76416
-0.516 -10.645 -5.5468
-0.515 -11.844 -5.91455
-0.514 -9.13731 -6.00736
-0.513 -3.89662 -6.11515
-0.512 1.44201 -6.58667
-0.511 4.1911 -7.71633
-0.51 2.36629 -9.63636
-0.509 -4.52921 -12.2385
-0.508 -15.1791 -15.1559
-0.507 -26.7533 -17.8319
-0.506 -35.7763 -19.6673
-0.505 -39.2815 -20.197
-0.504 -35.8434 -19.2311
-0.503 -26.1179 -16.9108
-0.502 -12.6904 -13.6708
-0.501 0.733894 -10.1197
-0.5 10.5479 -6.86545
-0.499 14.4692 -4.32962
-0.498 12.3307 -2.62269
-0.497 6.12159 -1.53986
-0.496 -0.762736 -0.685079
-0.495 -4.79365 0.331086
-0.494 -3.64047 1.70305
-0.493 2.92127 3.31885
-0.492 12.8502 4.75918
-0.491 22.4977 5.41354
-0.49 27.8812 4.69314
-0.489 26.1439 2.27412
-0.488 16.6693 -1.72947
-0.487 1.42122 -6.74475
-0.486 -15.6373 -11.884
-0.485 -29.8439 -16.1971
-0.484 -37.3899 -18.9422
-0.483 -36.5744 -19.7937
-0.482 -28.3343 -18.9249
-0.481 -15.8758 -16.9321
-0.48 -3.54003 -14.6132
-0.479 4.70496 -12.681
-0.478 6.61097 -11.5293
-0.477 2.35544 -11.1394
-0.476 -5.63667 -11.1468
-0.475 -13.6703 -11.0273
-0.474 -18.1781 -10.3306
-0.473 -17.0196 -8.88462
-0.472 -10.2289 -6.89804
-0.471 0.0229916 -4.90875
-0.47 10.2087 -3.59149
-0.469 16.6825 -3.50481
-0.468 16.9398 -4.8846
-0.467 10.4671 -7.55486
-0.466 -1.10053 -10.9704
-0.465 -14.5488 -14.3676
-0.464 -26.1445 -16.9784
-0.463 -32.7973 -18.2478
-0.462 -32.9424 -17.9794
-0.461 -26.9011 -16.3543
-0.46 -16.6562 -13.8254
-0.459 -5.15234 -10.9495
-0.458 4.63944 -8.22843
-0.457 10.5893 -6.00121
-0.456 11.9442 -4.39789
-0.455 9.39936 -3.35378
-0.454 4.74865 -2.67994
-0.453 0.272467 -2.16582
-0.452 -1.95555 -1.6712
-0.451 -0.67809 -1.17007
-0.45 4.16735 -0.744027
-0.449 11.409 -0.550389
-0.448 18.9605 -0.785236
-0.447 24.4062 -1.63889
-0.446 25.6801 -3.23704
-0.445 21.6712 -5.57841
-0.444 12.6252 -8.49358
-0.443 0.231334 -11.6439
-0.442 -12.7005 -14.5638
-0.441 -22.9658 -16.7443
-0.44 -27.9185 -17.752
-0.439 -26.3381 -17.3639
-0.438 -18.9027 -15.6738
-0.437 -8.09575 -13.1144
-0.436 2.45089 -10.3681
-0.435 9.03173 -8.18144
-0.434 9.09206 -7.13823
-0.433 2.21465 -7.46127
-0.432 -9.53841 -8.91362
-0.431 -22.1571 -10.8512
-0.43 -30.9743 -12.431
-0.429 -32.2772 -12.9131
-0.428 -24.666 -11.9433
-0.427 -9.68406 -9.70348
-0.426 8.522 -6.86788
-0.425 24.4653 -4.37653
-0.424 33.1546 -3.09589
-0.423 31.8977 -3.47973
-0.422 21.3904 -5.35738
-0.421 5.61695 -7.94823
-0.42 -9.46993 -10.121
-0.419 -18.0433 -10.8117
-0.418 -16.5273 -9.44096
-0.417 -4.99328 -6.17134
-0.416 12.692 -1.90618
-0.415 30.0766 1.97416
-0.414 40.3232 4.05883
-0.413 38.6511 3.3911
-0.412 24.1406 -0.180232
-0.411 0.216095 -5.92113
-0.41 -26.4082 -12.4471
-0.409 -47.9784 -18.1921
-0.408 -58.3604 -21.9384
-0.407 -55.1586 -23.2129
-0.406 -40.5247 -22.4098
-0.405 -20.3534 -20.6026
-0.404 -2.162 -19.1148
-0.403 7.58468 -19.0053
-0.402 5.75352 -20.6506
-0.401 -6.3685 -23.5799
-0.4 -23.558 -26.6254
-0.399 -38.5466 -28.3388
-0.398 -44.6531 -27.5218
-0.397 -38.2095 -23.6773
-0.396 -19.8959 -17.2154
-0.395 5.4819 -9.34522
-0.394 30.6489 -1.69992
-0.393 48.3224 4.1694
-0.392 53.6139 7.25798
-0.391 45.5748 7.38164
-0.39 27.4017 5.17748
-0.389 5.26259 1.83614
-0.388 -13.833 -1.33749
-0.387 -24.37 -3.37442
-0.386 -24.0597 -3.94161
-0.385 -14.404 -3.39862
-0.384 0.028403 -2.61404
-0.383 13.2867 -2.62381
-0.382 20.0693 -4.25066
-0.381 17.4322 -7.80186
-0.38 5.66075 -12.936
-0.379 -11.9162 -18.7411
-0.378 -30.0568 -23.9986
-0.377 -43.2893 -27.5396
-0.376 -47.612 -28.5769
-0.375 -41.6921 -26.9156
-0.374 -27.214 -22.9928
-0.373 -8.30294 -17.7458
-0.372 9.75474 -12.3481
-0.371 22.0717 -7.88434
-0.37 25.5379 -5.05931
-0.369 19.6601 -4.02534
-0.368 6.6761 -4.37835
-0.367 -9.08439 -5.31626
-0.366 -22.4636 -5.9159
-0.365 -29.0509 -5.45618
-0.364 -26.5916 -3.69232
-0.363 -15.754 -0.984243
-0.362 0.0145543 1.77959
-0.361 15.4927 3.45117
-0.36 25.2429 2.99999
-0.359 25.3013 -0.122287
-0.358 14.5505 -5.7405
-0.357 -4.66296 -12.9186
-0.356 -26.9969 -20.1655
-0.355 -45.672 -25.8514
-0.354 -54.6742 -28.7129
-0.353 -50.8258 -28.2614
-0.352 -34.9635 -24.9376
-0.351 -11.8049 -19.9534
-0.35 11.4562 -14.8857
-0.349 27.4142 -11.1599
-0.348 30.914 -9.58292
-0.347 20.9209 -10.0728
-0.346 1.06868 -11.6978
-0.345 -21.4559 -13.0447
-0.344 -38.4043 -12.796
-0.343 -43.4455 -10.2896
-0.342 -34.5182 -5.83237
-0.341 -14.6877 -0.64932
-0.34 8.79413 3.49985
-0.339 26.9143 4.89929
-0.338 32.0196 2.46675
-0.337 20.5869 -3.836
-0.336 -5.34793 -12.9274
-0.335 -38.6932 -22.9187
-0.334 -69.6381 -31.7159
-0.333 -89.0121 -37.6847
-0.332 -91.4367 -40.1259
-0.331 -77.1166 -39.4003
-0.33 -51.6476 -36.6901
-0.329 -23.9541 -33.5061
-0.328 -3.1309 -31.1193
-0.327 4.68692 -30.1105
-0.326 -1.64989 -30.1941
-0.325 -18.0571 -30.3764
-0.324 -36.8096 -29.3808
-0.323 -49.3956 -26.1676
-0.322 -49.6041 -20.3486
-0.321 -35.7314 -12.3516
-0.32 -11.1202 -3.2994
-0.319 17.1035 5.33436
-0.318 40.5433 12.1602
-0.317 52.3324 16.2475
-0.316 49.2652 17.3221
-0.315 32.6362 15.7491
-0.314 7.62444 12.3385
-0.313 -18.4982 8.06554
-0.312 -38.7289 3.79552
-0.311 -48.4844 0.0876296
-0.31 -46.8284 -2.8839
-0.309 -36.4175 -5.28809
-0.308 -22.3187 -7.51361
-0.307 -10.2392 -10.0234
-0.306 -4.80176 -13.2309
-0.305 -8.32266 -17.4001
-0.304 -20.3013 -22.5493
-0.303 -37.6524 -28.3684
-0.302 -55.6047 -34.1951
-0.301 -69.049 -39.1028
-0.3 -73.9713 -42.1015
-0.299 -68.5618 -42.4012
-0.298 -53.7081 -39.6618
-0.297 -32.7971 -34.1617
-0.296 -10.9195 -26.821
-0.295 6.36436 -19.0264
-0.294 14.5025 -12.2541
-0.293 11.3697 -7.58565
-0.292 -1.81849 -5.30957
-0.291 -20.5413 -4.79555
-0.29 -38.1477 -4.72654
-0.289 -47.9214 -3.6207
-0.288 -45.3912 -0.461293
-0.287 -30.0933 4.78772
-0.286 -6.15044 10.9785
-0.285 18.6324 16.009
-0.284 35.0317 17.468
-0.283 35.4595 13.5033
-0.282 16.8497 3.59562
-0.281 -17.732 -11.0808
-0.28 -59.5679 -27.8852
-0.279 -96.932 -43.4802
-0.278 -119.056 -54.8845
-0.277 -119.971 -60.4373
-0.276 -100.787 -60.3143
-0.275 -69.5052 -56.3863
-0.274 -38.3834 -51.4525
-0.273 -19.6209 -48.1216
-0.272 -20.8179 -47.7612
-0.271 -41.8505 -49.9168
-0.27 -74.4915 -52.4445
-0.269 -105.165 -52.3429
-0.268 -119.959 -46.9974
-0.267 -110.001 -35.3598
-0.266 -75.0911 -18.5792
-0.265 -24.1698 0.191298
-0.264 27.5489 16.7542
-0.263 63.775 27.2302
-0.262 72.8633 29.3317
-0.261 52.0487 23.1091
-0.26 8.60552 10.9147
-0.259 -42.639 -3.42433
-0.258 -84.6411 -15.9482
-0.257 -104.327 -23.9262
-0.256 -97.2243 -26.6981
-0.255 -68.7843 -25.67
-0.254 -32.0001 -23.514
-0.253 -2.33793 -22.9469
-0.252 8.09083 -25.5783
-0.251 -4.98209 -31.2311
-0.25 -36.4256 -37.9531
-0.249 -73.6586 -42.7237
-0.248 -101.421 -42.6233
-0.247 -107.573 -36.0234
-0.246 -87.6796 -23.3085
-0.245 -46.6203 -6.82668
-0.244 3.30423 9.88076
-0.243 46.9026 23.2253
-0.242 71.4408 30.6478
-0.241 70.8323 31.2766
-0.24 47.2732 25.9972
-0.239 9.9139 16.9484
-0.238 -28.8018 6.64419
-0.237 -57.7104 -2.93695
-0.236 -70.713 -10.9358
-0.235 -68.4023 -17.6612
-0.234 -57.0343 -24.1481
-0.233 -45.442 -31.4731
-0.232 -41.3034 -40.1432
-0.231 -48.3126 -49.7911
-0.23 -65.2309 -59.2643
-0.229 -86.8887 -67.0358
-0.228 -106.458 -71.7463
-0.227 -117.996 -72.6427
-0.226 -118.353 -69.7483
-0.225 -107.863 -63.74
-0.224 -89.6996 -55.6329
-0.223 -68.2971 -46.4339
-0.222 -47.656 -36.913
-0.221 -30.341 -27.5732
-0.22 -17.5008 -18.8001
-0.219 -9.56809 -11.0662
-0.218 -6.92028 -5.01689
-0.217 -9.95803 -1.33309
-0.216 -18.5928 -0.42366
-0.215 -31.5651 -2.13528
-0.214 -46.0972 -5.66527
-0.213 -58.2122 -9.75028
-0.212 -63.7995 -13.0754
-0.211 -60.2063 -14.7691
-0.21 -47.7961 -14.8094
-0.209 -30.6606 -14.1514
-0.208 -15.7919 -14.4386
-0.207 -10.6605 -17.3294
-0.206 -20.042 -23.6939
-0.205 -43.5018 -33.0609
-0.204 -74.791 -43.604
-0.203 -103.615 -52.7004
-0.202 -119.239 -57.8479
-0.201 -114.639 -57.5981
-0.2 -89.6345 -52.1622
-0.199 -51.688 -43.4408
-0.198 -13.8019 -34.3992
-0.197 10.0418 -27.9588
-0.196 10.3244 -25.8157
-0.195 -13.8365 -27.6832
-0.194 -53.6461 -31.3108
-0.193 -93.406 -33.3058
-0.192 -116.209 -30.4568
-0.191 -110.397 -21.057
-0.19 -74.2886 -5.7235
-0.189 -17.3261 12.6114
-0.188 42.8624 29.5656
-0.187 86.551 40.7378
-0.186 99.0327 43.1948
-0.185 76.1783 36.4684
-0.184 26.2394 22.6839
-0.183 -33.0253 5.75421
-0.182 -80.9835 -10.0741
-0.181 -101.969 -21.767
-0.18 -91.1961 -28.5329
-0.179 -56.4294 -31.9339
-0.178 -14.8821 -35.0692
-0.177 13.3632 -41.1799
-0.176 12.963 -52.215
-0.175 -20.7345 -67.8733
-0.174 -79.5512 -85.4679
-0.173 -145.107 -100.7
-0.172 -195.439 -109.109
-0.171 -213.135 -107.666
-0.17 -191.719 -95.8694
-0.169 -137.77 -75.9323
-0.168 -68.1726 -52.023
-0.167 -3.89238 -28.9302
-0.166 37.2584 -10.6484
-0.165 46.3877 0.66908
-0.164 26.0212 5.09473
-0.163 -11.4488 4.55265
-0.162 -48.8301 1.83098
-0.161 -70.8164 -0.625565
-0.16 -69.6188 -1.64854
-0.159 -47.3238 -1.65129
-0.158 -14.3179 -2.26253
-0.157 15.1607 -5.52131
-0.156 28.3657 -12.978
-0.155 18.3848 -25.0047
-0.154 -13.7484 -40.5105
-0.153 -59.6281 -57.1358
-0.152 -106.431 -71.8502
-0.151 -141.204 -81.7508
-0.15 -154.91 -84.7957
-0.149 -144.815 -80.2611
-0.148 -114.555 -68.8312
-0.147 -72.2897 -52.3515
-0.146 -27.9312 -33.3595
-0.145 9.50635 -14.5411
-0.144 33.8074 1.76123
-0.143 42.5028 13.9152
-0.142 36.9263 21.2169
-0.141 21.5199 23.9361
-0.14 2.5637 23.1434
-0.139 -13.4508 20.3077
-0.138 -21.4989 16.7647
-0.137 -19.3826 13.243
-0.136 -8.44991 9.62206
-0.135 6.49332 4.98264
-0.134 18.1425 -2.07329
-0.133 18.5556 -12.8871
-0.132 1.75978 -28.0792
-0.131 -33.5351 -46.9571
-0.13 -82.2708 -67.2998
-0.129 -133.559 -85.7482
-0.128 -173.673 -98.7422
-0.127 -190.582 -103.659
-0.126 -178.307 -99.7164
-0.125 -139.518 -88.3258
-0.124 -85.4299 -72.7984
-0.123 -32.8106 -57.4347
-0.122 1.31984 -46.2039
-0.121 5.80531 -41.4057
-0.12 -20.0044 -42.8419
-0.119 -65.2931 -47.9069
-0.118 -111.361 -52.6247
-0.117 -138.553 -53.2298
-0.116 -133.782 -47.6593
-0.115 -95.6637 -36.3895
-0.114 -35.3636 -22.3207
-0.113 27.1587 -9.75291
-0.112 70.2398 -2.80432
-0.111 78.5127 -3.83623
-0.11 48.9209 -12.4756
-0.109 -7.67012 -25.6366
-0.108 -70.1962 -38.5852
-0.107 -115.281 -46.6805
-0.106 -126.223 -47.1238
-0.105 -99.3827 -39.9986
-0.104 -45.3472 -28.1698
-0.103 15.4131 -16.1185
-0.102 60.3832 -8.24535
-0.101 73.1826 -7.32151
-0.1 49.235 -13.5967
-0.099 -2.80221 -24.79
-0.098 -64.2952 -36.9404
-0.097 -113.603 -45.8582
-0.096 -134.254 -48.656
-0.095 -120.937 -44.7127
-0.094 -80.6798 -35.6446
-0.093 -28.9982 -24.3836
-0.092 16.7521 -13.9175
-0.091 43.6614 -6.28979
-0.09 47.0126 -2.14538
-0.089 30.8168 -0.806219
-0.088 5.44228 -0.754483
-0.087 -16.8313 -0.374272
-0.086 -26.7876 1.30244
-0.085 -21.6644 4.19351
-0.084 -5.36775 7.32166
-0.083 14.3296 9.38756
-0.082 29.7192 9.35566
-0.081 36.019 6.71693
-0.08 32.1038 1.39079
-0.079 19.4394 -6.54185
-0.078 0.244514 -17.0537
-0.077 -24.0481 -30.1938
-0.076 -53.1883 -45.8655
-0.075 -87.0622 -63.4286
-0.074 -123.816 -81.3501
-0.073 -158.494 -97.1972
-0.072 -183.377 -108.124
-0.071 -190.288 -111.74
-0.07 -174.133 -107.048
-0.069 -136.333 -95.1125
-0.068 -86.4724 -79.1218
-0.067 -40.5827 -63.6093
-0.066 -15.5727 -52.8918
-0.065 -21.6912 -49.2809
-0.064 -56.8369 -51.9661
-0.063 -106.048 -57.2241
-0.062 -146.648 -59.8972
-0.061 -156.754 -55.4842
-0.06 -123.976 -42.0685
-0.059 -51.5983 -21.4744
-0.058 40.1302 0.818936
-0.057 119.44 17.296
-0.056 154.838 21.285
-0.055 128.867 9.97957
-0.054 47.0278 -13.9117
-0.053 -62.9273 -42.7905
-0.052 -160.956 -66.784
-0.051 -209.424 -77.2244
-0.05 -187.068 -69.7363
-0.049 -97.7607 -45.9564
-0.048 29.1624 -13.2268
-0.047 148.482 17.91
-0.046 216.245 37.7129
-0.045 207.669 41.1239
-0.044 127.618 29.7841
-0.043 9.0214 11.3277
-0.042 -99.7212 -3.66657
-0.041 -153.11 -5.84726
-0.04 -126.075 9.11569
-0.039 -24.3982 38.5195
-0.038 116.434 73.3269
-0.037 244.478 101.496
-0.036 311.614 112.611
-0.035 292.13 101.818
-0.034 192.068 71.557
-0.033 46.5893 30.6439
-0.032 -92.9729 -8.83983
-0.031 -178.042 -35.8679
-0.03 -181.453 -44.5835
-0.029 -108.451 -36.5161
-0.028 5.63546 -19.7131
-0.027 110.665 -5.08676
-0.026 162.4 -1.82201
-0.025 138.939 -13.9719
-0.024 47.1794 -39.3084
-0.023 -80.9407 -70.3449
-0.022 -200.161 -97.0243
-0.021 -268.564 -110.437
-0.02 -264.206 -106.436
-0.019 -194.331 -87.4692
-0.018 -91.4312 -61.4035
-0.017 2.29869 -37.8772
-0.016 53.2141 -24.2828
-0.015 48.0286 -23.3348
-0.014 -4.01112 -32.7638
-0.013 -76.6455 -46.6246
-0.012 -136.972 -57.6123
-0.011 -158.264 -59.9041
-0.01 -131.328 -51.6526
-0.009 -68.5236 -35.7985
-0.008 3.0366 -18.4472
-0.007 55.4961 -5.69329
-0.006 72.8924 -0.852129
-0.005 56.1465 -3.44575
-0.004 20.1614 -9.92612
-0.003 -13.8256 -15.4123
-0.002 -27.5913 -15.7901
-0.001 -14.2595 -9.59658
0 18.018 1.13734
0.001 50.2584 11.8575
0.002 63.4844 18.0133
0.003 49.5619 17.5764
0.004 15.3944 12.0166
0.005 -20.7636 5.45958
0.006 -37.6483 2.80016
0.007 -20.3433 7.59857
0.008 32.065 20.3391
0.009 103.583 37.7029
0.01 166.304 53.5805
0.011 193.066 61.8443
0.012 171.486 59.5336
0.013 110.775 48.4888
0.014 37.7162 34.5441
0.015 -14.7097 25.0299
0.016 -20.1691 25.9227
0.017 30.6285 39.5168
0.018 124.389 63.1076
0.019 227.404 89.2885
0.02 297.372 108.382
0.021 301.705 112.468
0.022 233.116 99.0537
0.023 113.587 72.2706
0.024 -14.8679 41.0497
0.025 -106.866 15.4979
0.026 -130.367 3.16109
0.027 -78.4312 6.3165
0.028 26.9919 20.9322
0.029 141.534 37.804
0.03 214.882 45.9607
0.031 211.57 37.2789
0.032 126.314 10.1731
0.033 -13.6538 -29.5054
0.034 -159.61 -70.6823
0.035 -260.06 -101.193
0.036 -279.721 -112.136
0.037 -212.524 -101.01
0.038 -84.2655 -72.6545
0.039 56.7617 -37.5335
0.04 158.421 -7.78665
0.041 185.11 7.43688
0.042 131.065 5.35925
0.043 21.4974 -9.69494
0.044 -97.8846 -28.3131
0.045 -178.483 -39.8191
0.046 -187.256 -36.4834
0.047 -119.351 -16.6049
0.048 0.299444 14.7576
0.049 127.511 47.7921
0.05 216.855 71.8356
0.051 238.909 79.4279
0.052 189.865 68.8755
0.053 91.1779 44.5833
0.054 -19.2903 15.318
0.055 -101.319 -8.92324
0.056 -127.098 -20.4352
0.057 -91.2135 -16.4548
0.058 -11.3408 0.191967
0.059 80.7638 22.7392
0.06 153.14 43.5363
0.061 185.504 56.9913
0.062 174.711 61.245
0.063 133.388 58.2689
0.064 83.6524 52.6771
0.065 48.3245 49.7489
0.066 42.361 53.2947
0.067 67.7061 64.1507
0.068 113.858 79.9549
0.069 163.659 96.2728
0.07 200.949 108.43
0.071 216.19 113.138
0.072 208.169 109.322
0.073 182.257 98.0567
0.074 146.864 81.8593
0.075 109.817 63.6989
0.076 76.0106 46.09
0.077 47.0975 30.5793
0.078 22.9292 17.742
0.079 3.54298 7.54671
0.08 -9.69691 -0.195715
0.081 -14.4611 -5.54645
0.082 -9.0378 -8.42167
0.083 5.72625 -8.81467
0.084 25.243 -7.10325
0.085 41.8325 -4.19584
0.086 47.5688 -1.30969
0.087 38.2674 0.584085
0.088 16.3936 1.32084
0.089 -9.03348 1.72022
0.09 -25.7515 3.24415
0.091 -23.2219 7.31907
0.092 2.85321 14.6303
0.093 48.0388 24.6294
0.094 99.5862 35.4183
0.095 140.113 44.1568
0.096 153.905 48.0152
0.097 133.637 45.3931
0.098 84.3551 36.8236
0.099 22.4021 25.0306
0.1 -30.5114 14.0357
0.101 -55.5039 7.70297
0.102 -43.5896 8.32413
0.103 0.93269 15.7562
0.104 61.7951 27.3878
0.105 116.385 38.9786
0.106 143.964 46.154
0.107 133.603 46.0557
0.108 88.6613 38.492
0.109 25.7174 26.0751
0.11 -31.7676 13.2615
0.111 -62.4761 4.68225
0.112 -55.2232 3.43753
0.113 -12.8079 10.0154
0.114 49.5002 22.2209
0.115 109.944 36.095
0.116 148.325 47.4351
0.117 153.194 53.3373
0.118 125.717 53.2147
0.119 78.9169 48.9538
0.12 32.5594 44.1513
0.121 5.58976 42.6908
0.122 9.11255 47.1935
0.123 42.7037 57.9643
0.124 95.2898 72.8552
0.125 149.765 88.0392
0.126 189.145 99.3003
0.127 201.955 103.326
0.128 185.317 98.6211
0.129 145.123 85.8385
0.13 93.4545 67.4818
0.131 44.1878 47.0494
0.132 8.39721 27.9159
0.133 -8.71201 12.3813
0.134 -8.37616 1.24775
0.135 3.37472 -6.00539
0.136 18.4587 -10.6629
0.137 29.4106 -14.1261
0.138 31.3105 -17.3692
0.139 22.7841 -20.592
0.14 6.09134 -23.138
0.141 -13.6252 -23.7173
0.142 -29.7443 -20.8756
0.143 -35.8871 -13.5314
0.144 -27.573 -1.38631
0.145 -3.49551 14.8895
0.146 33.8065 33.6879
0.147 78.0449 52.6713
0.148 120.166 69.1462
0.149 150.262 80.5712
0.15 160.211 85.1092
0.151 146.42 82.0873
0.152 111.655 72.227
0.153 64.9513 57.5485
0.154 19.2301 40.9244
0.155 -12.7387 25.3613
0.156 -22.5965 13.2085
0.157 -9.32861 5.56109
0.158 20.1668 2.07314
0.159 53.1753 1.24922
0.16 75.4876 1.12508
0.161 76.7298 0.133399
0.162 54.806 -2.13063
0.163 17.4709 -4.55806
0.164 -20.0234 -4.80971
0.165 -40.5379 -0.207151
0.166 -31.702 11.0965
0.167 9.03518 29.1519
0.168 72.8413 51.8517
0.169 141.97 75.3136
0.17 195.507 94.8988
0.171 216.595 106.57
0.172 198.657 108.168
0.173 148.139 100.135
0.174 82.393 85.3622
0.175 23.3169 68.1397
0.176 -10.7413 52.634
0.177 -11.5857 41.4834
0.178 16.1879 35.0446
0.179 57.3051 31.5153
0.18 91.7469 27.8426
0.181 102.351 21.0832
0.182 81.3734 9.7311
0.183 33.5737 -5.49234
0.184 -25.4673 -21.7272
0.185 -75.229 -34.9422
0.186 -98.0472 -41.4039
0.187 -85.7165 -39.0643
0.188 -42.3575 -28.3357
0.189 17.3797 -11.9829
0.19 73.865 5.80534
0.191 109.583 20.82
0.192 115.18 30.202
0.193 92.3561 33.2907
0.194 52.7087 31.6549
0.195 13.0308 28.3246
0.196 -11.0972 26.5357
0.197 -10.9603 28.4719
0.198 12.5425 34.4754
0.199 49.9543 43.0054
0.2 87.4262 51.3244
0.201 112.123 56.6039
0.202 116.712 56.9911
0.203 101.413 52.2318
0.204 73.1724 43.6648
0.205 42.5664 33.6508
0.206 19.7022 24.6844
0.207 10.6666 18.5221
0.208 15.8058 15.648
0.209 30.3674 15.2711
0.21 47.0182 15.8281
0.211 58.9688 15.7395
0.212 62.3117 14.066
0.213 56.7724 10.8073
0.214 44.9683 6.79424
0.215 30.8691 3.30088
0.216 18.252 1.56383
0.217 9.70085 2.38238
0.218 6.36056 5.92859
0.219 8.34502 11.819
0.22 15.4279 19.3853
0.221 27.4944 27.9747
0.222 44.3595 37.1008
0.223 65.0124 46.3771
0.224 86.8726 55.3255
0.225 105.776 63.2286
0.226 117.031 69.1456
0.227 117.196 72.1147
0.228 105.763 71.4666
0.229 85.8832 67.1203
0.23 63.6747 59.7152
0.231 46.2419 50.4838
0.232 39.0118 40.8662
0.233 43.3584 32.004
0.234 55.5489 24.334
0.235 67.7015 17.4824
0.236 70.6784 10.5286
0.237 57.9292 2.56033
0.238 28.7005 -6.70427
0.239 -10.8595 -16.5034
0.24 -49.3447 -25.0512
0.241 -73.9777 -30.0392
0.242 -75.317 -29.4589
0.243 -51.0225 -22.4316
0.244 -7.22916 -9.71213
0.245 43.1097 6.34645
0.246 84.4991 22.3904
0.247 104.377 35.0611
0.248 97.7663 42.0612
0.249 69.2132 42.8893
0.25 31.1308 38.928
0.251 -0.904557 32.8248
0.252 -14.0803 27.4098
0.253 -3.20507 24.5892
0.254 27.3195 24.6467
0.255 65.1025 26.1915
0.256 94.357 26.7641
0.257 101.86 23.8934
0.258 82.1176 16.2322
0.259 39.7577 4.32678
0.26 -11.8741 -9.3333
0.261 -55.4711 -21.0557
0.262 -76.0607 -27.2054
0.263 -66.3966 -25.4841
0.264 -29.4371 -15.7425
0.265 22.8873 -0.04944
0.266 74.0262 17.9803
0.267 108.65 34.3624
0.268 117.906 46.0247
0.269 102.255 51.7421
0.27 70.8856 52.3742
0.271 37.9519 50.3144
0.272 17.1098 48.3879
0.273 16.4805 48.6596
0.274 35.9386 51.6254
0.275 67.5885 56.067
0.276 99.0107 59.5763
0.277 117.907 59.523
0.278 116.437 54.1037
0.279 93.7914 43.094
0.28 56.2366 28.0278
0.281 14.7071 11.7359
0.282 -19.1091 -2.57512
0.283 -36.7269 -12.3483
0.284 -35.4225 -16.4234
0.285 -18.586 -15.2573
0.286 6.01869 -10.5898
0.287 29.219 -4.72264
0.288 43.4783 0.303467
0.289 45.0562 3.34751
0.29 34.7584 4.42256
0.291 17.2215 4.51494
0.292 -0.914485 5.07122
0.293 -13.2837 7.36514
0.294 -15.7435 11.985
0.295 -7.39318 18.6194
0.296 9.52367 26.1889
0.297 30.5859 33.2364
0.298 50.5625 38.4037
0.299 64.7572 40.8182
0.3 70.0832 40.2786
0.301 65.7374 37.2173
0.302 53.3578 32.4909
0.303 36.5884 27.0894
0.304 20.1128 21.8617
0.305 8.39315 17.3374
0.306 4.44768 13.68
0.307 8.97488 10.7532
0.308 20.0305 8.24509
0.309 33.3822 5.79244
0.31 43.5797 3.07681
0.311 45.5904 -0.101864
0.312 36.5637 -3.75926
0.313 17.0923 -7.67297
0.314 -8.59478 -11.3672
0.315 -33.7096 -14.1662
0.316 -50.9624 -15.3277
0.317 -54.9325 -14.2376
0.318 -43.9678 -10.6142
0.319 -20.9541 -4.65566
0.32 7.39719 2.92949
0.321 32.6318 11.0457
0.322 47.3879 18.4757
0.323 48.0058 24.2219
0.324 35.9136 27.8104
0.325 17.1944 29.4343
0.326 0.427077 29.8579
0.327 -6.43567 30.0998
0.328 0.976412 31.0087
0.329 21.7341 32.9003
0.33 49.7662 35.3912
0.331 75.8683 37.4956
0.332 90.8892 37.959
0.333 88.9899 35.7272
0.334 69.8068 30.3963
0.335 38.7016 22.4707
0.336 4.96327 13.3027
0.337 -21.4022 4.71031
0.338 -33.1151 -1.59092
0.339 -28.0349 -4.52272
0.34 -9.70656 -3.95437
0.341 14.0766 -0.69611
0.342 34.1071 3.80294
0.343 42.9782 7.94995
0.344 37.5869 10.5434
0.345 20.0893 11.1671
0.346 -3.00854 10.2888
0.347 -23.2853 9.01506
0.348 -33.4502 8.6084
0.349 -29.8628 9.9682
0.35 -13.6438 13.2747
0.351 9.90815 17.9038
0.352 33.2465 22.6173
0.353 49.1093 25.9585
0.354 52.8246 26.7367
0.355 43.6961 24.4383
0.356 25.0623 19.4128
0.357 3.03263 12.7606
0.358 -15.6296 5.97384
0.359 -25.7041 0.477654
0.36 -25.0252 -2.77011
0.361 -14.8842 -3.50659
0.362 0.651108 -2.17282
0.363 16.1513 0.287724
0.364 26.5143 2.77774
0.365 28.477 4.42424
0.366 21.5417 4.85296
0.367 8.0479 4.27234
0.368 -7.6268 3.35938
0.369 -20.4568 3.00317
0.37 -26.2809 3.99124
0.371 -22.9861 6.7281
0.372 -11.085 11.0685
0.373 6.41084 16.3228
0.374 24.7895 21.4391
0.375 38.9449 25.2964
0.376 44.8684 27.0138
0.377 40.8878 26.1894
0.378 28.2403 23.0134
0.379 10.7563 18.2239
0.38 -6.27796 12.9023
0.381 -17.7464 8.15559
0.382 -20.3379 4.78807
0.383 -13.6818 3.07837
0.384 -0.589911 2.73601
0.385 13.7441 3.03798
0.386 23.4079 3.09515
0.387 23.7996 2.17687
0.388 13.3402 0.00453409
0.389 -5.76565 -3.08976
0.39 -28.0581 -6.2209
0.391 -46.5267 -8.22784
0.392 -54.9394 -8.07419
0.393 -49.9974 -5.22209
0.394 -32.5592 0.151162
0.395 -7.48333 7.15877
0.396 17.9072 14.4321
0.397 36.2592 20.514
0.398 42.702 24.3033
0.399 36.5401 25.397
0.4 21.4798 24.1949
0.401 4.2718 21.721
0.402 -7.75146 19.232
0.403 -9.34572 17.761
0.404 0.72957 17.7582
0.405 19.2312 18.9451
0.406 39.5584 20.4329
0.407 54.0932 21.0688
0.408 56.9296 19.8896
0.409 46.0158 16.5157
0.41 23.9296 11.3337
0.411 -2.99935 5.40046
0.412 -26.8918 0.10373
0.413 -41.0389 -3.29817
0.414 -42.1593 -4.09678
0.415 -31.3992 -2.36544
0.416 -13.7576 1.07958
0.417 3.80711 4.97181
0.418 14.8717 8.02982
0.419 15.748 9.37613
0.42 6.63565 8.79835
0.421 -8.62732 6.77299
0.422 -24.0758 4.25331
0.423 -33.8173 2.30085
0.424 -34.1175 1.69654
0.425 -24.6225 2.67564
0.426 -8.319 4.87974
0.427 9.66996 7.52891
0.428 23.9368 9.73284
0.429 30.5995 10.8192
0.43 28.4756 10.5653
0.431 19.2933 9.26102
0.432 6.93039 7.5864
0.433 -4.02375 6.35235
0.434 -9.85984 6.2034
0.435 -8.91986 7.39371
0.436 -1.96267 9.71205
0.437 8.3113 12.5675
0.438 18.2968 15.1895
0.439 24.6657 16.8669
0.44 25.3283 17.1483
0.441 19.9422 15.9462
0.442 9.87493 13.5213
0.443 -2.33247 10.3677
0.444 -13.7946 7.051
0.445 -22.1056 4.0602
0.446 -25.9019 1.71074
0.447 -25.0577 0.113754
0.448 -20.5544 -0.794095
0.449 -14.1314 -1.17848
0.45 -7.80749 -1.22289
0.451 -3.35522 -1.06298
0.452 -1.83369 -0.756754
0.453 -3.30602 -0.284886
0.454 -6.8209 0.433397
0.455 -10.6656 1.5133
0.456 -12.8385 3.06088
0.457 -11.6446 5.11698
0.458 -6.27952 7.60872
0.459 2.77116 10.329
0.46 13.6913 12.9507
0.461 23.7382 15.0721
0.462 30.0201 16.2898
0.463 30.4206 16.2996
0.464 24.3709 15.0034
0.465 13.1847 12.5799
0.466 -0.205443 9.47334
0.467 -12.0821 6.29585
0.468 -19.1066 3.67554
0.469 -19.4307 2.09937
0.47 -13.3486 1.79003
0.471 -3.23056 2.64975
0.472 7.27355 4.29834
0.473 14.5054 6.21014
0.474 16.1067 7.90709
0.475 11.8891 9.12557
0.476 3.92981 9.88548
0.477 -4.16698 10.4433
0.478 -8.60018 11.1587
0.479 -6.81976 12.3221
0.48 1.44289 13.9952
0.481 13.9564 15.9224
0.482 26.6848 17.5634
0.483 35.1641 18.256
0.484 36.0726 17.4522
0.485 28.4267 14.9268
0.486 13.9736 10.8788
0.487 -3.36066 5.89937
0.488 -18.7823 0.826476
0.489 -28.2406 -3.47691
0.49 -29.7635 -6.36044
0.491 -24.0414 -7.56317
0.492 -14.0581 -7.25661
0.493 -3.92522 -5.9334
0.494 2.63299 -4.19543
0.495 3.58844 -2.53543
0.496 -0.735235 -1.18834
0.497 -7.86484 -0.0866905
0.498 -14.1497 1.0753
0.499 -16.1496 2.68666
0.5 -11.9312 5.02215
0.501 -1.79833 8.081
0.502 11.8039 11.5367
0.503 25.1487 14.8212
0.504 34.5055 17.3006
0.505 37.3709 18.4683
0.506 33.2504 18.0978
0.507 23.7534 16.316
0.508 11.9887 13.5748
0.509 1.47978 10.5179
0.51 -5.00931 7.78249
0.511 -6.32032 5.81106
0.512 -3.13727 4.7461
0.513 2.41557 4.43469
0.514 7.61188 4.51902
0.515 10.0843 4.57166
0.516 8.60069 4.24084
0.517 3.42057 3.36906
0.518 -3.86716 2.04257
0.519 -10.9516 0.546395
0.52 -15.6167 -0.755534
0.521 -16.4655 -1.55693
0.522 -13.3159 -1.70574
0.523 -7.18262 -1.23896
0.524 0.0963224 -0.362254
0.525 6.4564 0.617702
0.526 10.2492 1.39974
0.527 10.7376 1.80448
0.528 8.28581 1.85049
0.529 4.19315 1.75266
0.53 0.249853 1.84723
0.531 -1.81909 2.48126
0.532 -0.857412 3.90534
0.533 3.38862 6.18982
0.534 10.1815 9.17918
0.535 17.9869 12.5054
0.536 24.9143 15.6713
0.537 29.2744 18.1807
0.538 30.0685 19.6646
0.539 27.2595 19.9593
0.54 21.7551 19.1216
0.541 15.1245 17.3887
0.542 9.12521 15.0981
0.543 5.1608 12.5836
0.544 3.83334 10.0768
0.545 4.75523 7.65702
0.546 6.70541 5.27001
0.547 8.0843 2.80609
0.548 7.50685 0.196715
0.549 4.32798 -2.50777
0.55 -1.07471 -5.10275
0.551 -7.35783 -7.24902
0.552 -12.6082 -8.54989
0.553 -14.9683 -8.66886
0.554 -13.2853 -7.44731
0.555 -7.55199 -4.97366
0.556 1.03069 -1.57667
0.557 10.4016 2.24998
0.558 18.2806 5.96284
0.559 22.8828 9.09143
0.56 23.4669 11.3375
0.561 20.5336 12.6217
0.562 15.6063 13.0594
0.563 10.6698 12.8768
0.564 7.46409 12.3047
0.565 6.88515 11.4948
0.566 8.70305 10.4877
0.567 11.6967 9.23167
0.568 14.149 7.63978
0.569 14.5165 5.66658
0.57 12.0298 3.3774
0.571 7.00944 0.978962
0.572 0.785386 -1.20903
0.573 -4.74861 -2.83352
0.574 -7.7844 -3.60624
0.575 -7.22315 -3.38286
0.576 -3.05448 -2.20109
0.577 3.63879 -0.272555
0.578 11.043 2.06816
0.579 17.2075 4.44598
0.58 20.6623 6.53501
0.581 20.8497 8.12361
0.582 18.2308 9.13384
0.583 14.0484 9.59752
0.584 9.84554 9.60918
0.585 6.92077 9.27739
0.586 5.91233 8.68701
0.587 6.64343 7.87892
0.588 8.25941 6.85316
0.589 9.5887 5.59486
0.59 9.59378 4.11044
0.591 7.75506 2.45489
0.592 4.25793 0.738935
0.593 -0.072818 -0.882208
0.594 -4.05385 -2.23064
0.595 -6.52757 -3.13302
0.596 -6.71534 -3.4516
0.597 -4.43601 -3.11463
0.598 -0.141243 -2.13637
0.599 5.23034 -0.618915
0.6 10.5331 1.26412
0.601 14.7421 3.29682
0.602 17.224 5.2584
0.603 17.8717 6.96411
0.604 17.0756 8.30081
0.605 15.5615 9.24552
0.606 14.1559 9.85742
0.607 13.5374 10.2435
0.608 14.0335 10.5099
0.609 15.5207 10.716
0.61 17.4651 10.8452
0.611 19.0963 10.8038
0.612 19.6561 10.4531
0.613 18.6411 9.66465
0.614 15.9709 8.38007
0.615 12.038 6.65115
0.616 7.62411 4.64353
0.617 3.68695 2.6004
0.618 1.07123 0.777766
0.619 0.236534 -0.628395
0.62 1.10208 -1.53869
0.621 3.06801 -2.00798
0.622 5.20775 -2.1943
0.623 6.57007 -2.2898
0.624 6.49938 -2.4404
0.625 4.87606 -2.68337
0.626 2.18956 -2.92576
0.627 -0.600207 -2.97265
0.628 -2.37941 -2.59767
0.629 -2.26598 -1.63254
0.63 0.073092 -0.0429683
0.631 4.28344 2.03964
0.632 9.41194 4.34402
0.633 14.1969 6.53237
0.634 17.471 8.29498
0.635 18.5461 9.43511
0.636 17.4387 9.91574
0.637 14.8477 9.85071
0.638 11.889 9.44303
0.639 9.68934 8.89515
0.64 8.98494 8.32816
0.641 9.86124 7.74213
0.642 11.7243 7.02972
0.643 13.5178 6.0341
0.644 14.116 4.62972
0.645 12.7553 2.79797
0.646 9.33928 0.667894
0.647 4.50033 -1.49913
0.648 -0.59798 -3.37851
0.649 -4.64022 -4.67779
0.65 -6.5879 -5.21957
0.651 -6.01633 -4.98315
0.652 -3.24722 -4.09676
0.653 0.770971 -2.78895
0.654 4.79629 -1.31497
0.655 7.71952 0.11936
0.656 8.92449 1.40856
0.657 8.45668 2.55241
0.658 6.9562 3.61523
0.659 5.39412 4.66376
0.66 4.70849 5.71517
0.661 5.46333 6.71477
0.662 7.64639 7.5448
0.663 10.6763 8.05784
0.664 13.6153 8.12544
0.665 15.5055 7.68773
0.666 15.7026 6.78336
0.667 14.0917 5.54404
0.668 11.1205 4.15618
0.669 7.64904 2.81007
0.67 4.66888 1.65898
0.671 2.98558 0.797652
0.672 2.97066 0.258211
0.673 4.46419 0.0204737
0.674 6.85442 0.0343612
0.675 9.29785 0.24659
0.676 10.9994 0.618538
0.677 11.4609 1.12658
0.678 10.6223 1.74919
0.679 8.85462 2.45446
0.68 6.8114 3.19763
0.681 5.19591 3.92599
0.682 4.52431 4.58486
0.683 4.96319 5.12352
0.684 6.2871 5.50249
0.685 7.96174 5.69873
0.686 9.32398 5.70346
0.687 9.80203 5.5124
0.688 9.10448 5.11769
0.689 7.31404 4.51115
0.69 4.85616 3.69871
0.691 2.35877 2.71467
0.692 0.455067 1.62678
0.693 -0.408306 0.531182
0.694 -0.103364 -0.460938
0.695 1.14461 -1.24489
0.696 2.83409 -1.74945
0.697 4.35535 -1.95894
0.698 5.19348 -1.91704
0.699 5.09496 -1.70617
0.7 4.14251 -1.41181
0.701 2.71956 -1.08901
0.702 1.38163 -0.743697
0.703 0.675329 -0.332784
0.704 0.958094 0.21615
0.705 2.27551 0.968629
0.706 4.34055 1.94186
0.707 6.62572 3.07691
0.708 8.53575 4.24064
0.709 9.59885 5.25926
0.71 9.61143 5.96925
0.711 8.69209 6.26517
0.712 7.23084 6.12966
0.713 5.75073 5.63686
0.714 4.72628 4.92644
0.715 4.42029 4.15431
0.716 4.79749 3.43754
0.717 5.54554 2.81692
0.718 6.19285 2.25359
0.719 6.27984 1.65973
0.72 5.52468 0.94813
0.721 3.92814 0.0807663
0.722 1.78312 -0.900387
0.723 -0.414596 -1.8715
0.724 -2.12349 -2.65703
0.725 -2.92617 -3.08354
0.726 -2.65385 -3.03783
0.727 -1.42718 -2.50623
0.728 0.394311 -1.57973
0.729 2.33451 -0.424494
0.73 3.95387 0.769352
0.731 4.98212 1.84235
0.732 5.38649 2.70595
0.733 5.35449 3.35544
0.734 5.20263 3.85194
0.735 5.2488 4.28129
0.736 5.69476 4.70692
0.737 6.55409 5.13569
0.738 7.64476 5.50972
0.739 8.64774 5.72575
0.74 9.21365 5.674
0.741 9.08104 5.28201
0.742 8.16499 4.54714
0.743 6.58571 3.5453
0.744 4.6311 2.41305
0.745 2.67178 1.31031
0.746 1.05826 0.377679
0.747 0.0289894 -0.296981
0.748 -0.34724 -0.693314
0.749 -0.177874 -0.851924
0.75 0.299794 -0.849997
0.751 0.802265 -0.76835
0.752 1.09208 -0.662686
0.753 1.04797 -0.549534
0.754 0.692601 -0.410306
0.755 0.174679 -0.209095
0.756 -0.285222 0.0850724
0.757 -0.469172 0.480258
0.758 -0.235799 0.952759
0.759 0.428909 1.4492
0.76 1.40085 1.89912
0.761 2.45202 2.23409
0.762 3.31979 2.40626
0.763 3.78819 2.39973
0.764 3.75449 2.2313
0.765 3.26122 1.94241
0.766 2.48458 1.58694
0.767 1.68179 1.21924
0.768 1.11193 0.884442
0.769 0.953777 0.611999
0.77 1.24739 0.413708
0.771 1.87968 0.286026
0.772 2.62119 0.215737
0.773 3.20218 0.187071
0.774 3.40229 0.187769
0.775 3.12444 0.212628
0.776 2.42855 0.26473
0.777 1.51344 0.354497
0.778 0.652022 0.496149
0.779 0.100919 0.701679
0.78 0.0146488 0.973563
0.781 0.393757 1.29859
0.782 1.08534 1.64602
0.783 1.83598 1.97193
0.784 2.37912 2.22844
0.785 2.52702 2.37497
0.786 2.23543 2.3884
0.787 1.61733 2.26902
0.788 0.901221 2.04037
0.789 0.349177 1.74242
0.79 0.16392 1.41989
0.791 0.417318 1.10929
0.792 1.02436 0.8297
0.793 1.771 0.58056
0.794 2.38706 0.347266
0.795 2.64011 0.11235
0.796 2.41715 -0.131964
0.797 1.76407 -0.375006
0.798 0.869153 -0.586422
0.799 -0.00224625 -0.723116
0.8 -0.596823 -0.741999
0.801 -0.7549 -0.614131
0.802 -0.458203 -0.33551
0.803 0.170042 0.0690392
0.804 0.912163 0.55048
0.805 1.5343 1.04775
0.806 1.86785 1.50343
0.807 1.86444 1.87706
0.808 1.605 2.15117
0.809 1.26161 2.32903
0.81 1.02884 2.42621
0.811 1.05079 2.46021
0.812 1.36886 2.44168
0.813 1.90654 2.36971
0.814 2.49559 2.2329
0.815 2.93374 2.01618
0.816 3.05365 1.71067
0.817 2.77922 1.32223
0.818 2.14984 0.874565
0.819 1.30484 0.40581
0.82 0.43564 -0.0394145
0.821 -0.276169 -0.419196
0.822 -0.712715 -0.70207
0.823 -0.84842 -0.871858
0.824 -0.746433 -0.928715
0.825 -0.527657 -0.886257
0.826 -0.324554 -0.765903
0.827 -0.234725 -0.590672
0.828 -0.289251 -0.380737
0.829 -0.446503 -0.151764
0.83 -0.612963 0.0846088
0.831 -0.681871 0.3195
0.832 -0.573617 0.545567
0.833 -0.263056 0.756006
0.834 0.213046 0.943844
0.835 0.767277 1.10171
0.836 1.28701 1.22217
0.837 1.6676 1.29868
0.838 1.84365 1.32664
0.839 1.80721 1.30456
0.84 1.60588 1.23505
0.841 1.32283 1.1255
0.842 1.04859 0.988246
0.843 0.854724 0.839495
0.844 0.77562 0.696843
0.845 0.801053 0.575672
0.846 0.881777 0.48543
0.847 0.947985 0.427168
0.848 0.934915 0.393407
0.849 0.805507 0.370677
0.85 0.561578 0.344105
0.851 0.241573 0.302636
0.852 -0.0915971 0.243117
0.853 -0.368436 0.171709
0.854 -0.532909 0.101924
0.855 -0.559579 0.0498872
0.856 -0.461183 0.0286158
0.857 -0.282793 0.0434073
0.858 -0.0850351 0.0899517
0.859 0.0761054 0.155807
0.86 0.165754 0.224819
0.861 0.179485 0.283028
0.862 0.144221 0.323811
0.863 0.109415 0.350042
0.864 0.129307 0.372235
0.865 0.24188 0.403605
0.866 0.45334 0.454262
0.867 0.734573 0.526701
0.868 1.02989 0.613821
0.869 1.27338 0.700083
0.87 1.40771 0.765821
0.871 1.40127 0.793687
0.872 1.259 0.774823
0.873 1.02177 0.712007
0.874 0.752896 0.618448
0.875 0.516659 0.513273
0.876 0.357884 0.415949
0.877 0.290165 0.341311
0.878 0.295346 0.296072
0.879 0.332611 0.277633
0.88 0.354246 0.276084
0.881 0.323992 0.27905
0.882 0.231706 0.27719
0.883 0.0978623 0.26759
0.884 -0.0345238 0.253767
0.885 -0.116926 0.24314
0.886 -0.113754 0.243618
0.887 -0.0153195 0.260231
0.888 0.158101 0.29232
0.889 0.361675 0.332365
0.89 0.539639 0.367621
0.891 0.643223 0.384329
0.892 0.646354 0.372507
0.893 0.552988 0.32905
0.894 0.393648 0.258274
0.895 0.213474 0.170535
0.896 0.0570724 0.0798002
0.897 -0.0447179 0.000401745
0.898 -0.0826891 -0.0566024
0.899 -0.0696592 -0.0861338
0.9 -0.03313 -0.0894557
0.901 -0.0030454 -0.0721869
0.902 0.000217652 -0.0413979
0.903 -0.0270254 -0.00328093
0.904 -0.0716197 0.0381428
0.905 -0.109525 0.0815437
0.906 -0.11509 0.12802
0.907 -0.0705707 0.179662
0.908 0.0269199 0.23723
0.909 0.163562 0.298275
0.91 0.313027 0.356926
0.911 0.444922 0.405306
0.912 0.533981 0.435565
0.913 0.566811 0.441709
0.914 0.54444 0.421065
0.915 0.480539 0.375349
0.916 0.39628 0.310806
0.917 0.313422 0.236836
0.918 0.247804 0.16345
0.919 0.205594 0.0987939
0.92 0.183428 0.0477731
0.921 0.171653 0.0118419
0.922 0.158916 -0.0104502
0.923 0.13652 -0.0224084
0.924 0.101413 -0.0276825
0.925 0.0571445 -0.028653
0.926 0.0124843 -0.0255363
0.927 -0.0218449 -0.0168027
0.928 -0.0369785 -0.000560121
0.929 -0.0286857 0.024029
0.93 0.00162815 0.0559218
0.931 0.0474937 0.0920296
0.932 0.0991032 0.12764
0.933 0.145865 0.157443
0.934 0.179271 0.177034
0.935 0.195179 0.184347
0.936 0.194614 0.180252
0.937 0.182892 0.168017
0.938 0.167693 0.152034
0.939 0.1568 0.136466
0.94 0.155952 0.124212
0.941 0.167114 0.116319
0.942 0.187745 0.111992
0.943 0.21155 0.109235
0.944 0.230612 0.105929
0.945 0.237988 0.100797
0.946 0.229774 0.0937948
0.947 0.206105 0.0858263
0.948 0.171026 0.0781374
0.949 0.131267 0.0717163
0.95 0.0941356 0.0668725
0.951 0.0651165 0.0630815
0.952 0.0461812 0.0591804
0.953 0.0355377 0.0538818
0.954 0.0288299 0.0463707
0.955 0.021101 0.0366737
0.956 0.00873891 0.0256266
0.957 -0.00912171 0.0145315
0.958 -0.0301323 0.00473031
0.959 -0.0494649 -0.00274564
0.96 -0.0615933 -0.00739168
0.961 -0.062409 -0.00926291
0.962 -0.0507497 -0.00880503
0.963 -0.0287533 -0.00657164
0.964 -0.00108212 -0.00299833
0.965 0.02653 0.00164442
0.966 0.0489269 0.00713884
0.967 0.0629427 0.0131766
0.968 0.0681198 0.0192931
0.969 0.0664307 0.0248908
0.97 0.0611463 0.0293274
0.971 0.0554254 0.0320601
0.972 0.0512524 0.0328169
0.973 0.0490456 0.0317045
0.974 0.0478858 0.0291695
0.975 0.0461497 0.0258211
0.976 0.0423223 0.022218
0.977 0.0357238 0.0187308
0.978 0.026843 0.0155146
0.979 0.0171256 0.01256
0.98 0.00836194 0.00978327
0.981 0.00201517 0.00713303
0.982 -0.00121718 0.00467072
0.983 -0.00150726 0.00257583
0.984 0.000279104 0.00106391
0.985 0.00293657 0.000268864
0.986 0.00533747 0.000164382
0.987 0.00676626 0.000565334
0.988 0.0070421 0.00119468
0.989 0.00641081 0.00177495
0.99 0.00531042 0.00210929
0.991 0.00414822 0.00212756
0.992 0.00317148 0.00188185
0.993 0.00244332 0.00149486
0.994 0.00189726 0.00109073
0.995 0.00142993 0.000746084
0.996 0.000982119 0.000481092
0.997 0.000567286 0.000282308
0.998 0.000242283 0.000133746
0.999 5.36471e-05 3.53578e-05
0.12 5.4844 -0.73146
0.24 5.49108 -0.725254
0.36 5.50218 -0.714944
0.48 5.51764 -0.700578
0.6 5.53739 -0.682226
0.72 5.56133 -0.659974
0.84 5.58934 -0.633929
0.96 5.62128 -0.604215
1.08 5.657 -0.570973
1.2 5.69633 -0.53436
1.32 5.73906 -0.49455
1.44 5.785 -0.45173
1.56 5.83391 -0.406102
1.68 5.88556 -0.35788
1.8 5.9397 -0.307291
1.92 5.99606 -0.254569
2.04 6.05438 -0.199961
2.16 6.11438 -0.143719
2.28 6.17575 -0.0861014
2.4 6.23822 -0.0273737
2.52 6.30149 0.0321963
2.64 6.36525 0.0923384
2.76 6.4292 0.152781
2.88 6.49305 0.213253
3 6.55649 0.273486
3.12 6.61924 0.333213
3.24 6.68099 0.392173
3.36 6.74147 0.450109
3.48 6.8004 0.506773
3.6 6.85752 0.561925
3.72 6.91257 0.615331
3.84 6.9653 0.666772
3.96 7.01549 0.716038
4.08 7.06291 0.76293
4.2 7.10736 0.807265
4.32 7.14866 0.848872
4.44 7.18663 0.887595
4.56 7.22112 0.923295
4.68 7.25199 0.955845
4.8 7.27912 0.985138
4.92 7.30242 1.01108
5.04 7.32178 1.0336
5.16 7.33717 1.05264
5.28 7.34851 1.06815
5.4 7.3558 1.08011
5.52 7.35902 1.08852
5.64 7.35817 1.09339
5.76 7.35329 1.09473
5.88 7.34442 1.0926
6 7.33161 1.08704
6.12 7.31495 1.07814
6.24 7.29451 1.06597
6.36 7.27042 1.05064
6.48 7.24277 1.03227
6.6 7.21171 1.01098
6.72 7.17738 0.9869
6.84 7.13992 0.960188
6.96 7.09949 0.930999
7.08 7.05627 0.8995
7.2 7.01043 0.865865
7.32 6.96214 0.830275
7.44 6.91161 0.792917
7.56 6.859 0.753983
7.68 6.80452 0.713668
7.8 6.74835 0.672169
7.92 6.69069 0.629686
8.04 6.63173 0.58642
8.16 6.57166 0.542569
8.28 6.51065 0.498333
8.4 6.4489 0.453906
8.52 6.38657 0.409482
8.64 6.32384 0.365249
8.76 6.26086 0.321391
8.88 6.1978 0.278085
9 6.13479 0.235502
9.12 6.07198 0.193806
9.24 6.00949 0.153154
9.36 5.94745 0.113692
9.48 5.88596 0.0755596
9.6 5.82511 0.0388845
9.72 5.765 0.00378603
9.84 5.70571 -0.0296273
9.96 5.64729 -0.0612578
10.08 5.5898 -0.0910183
10.2 5.53329 -0.118833
10.32 5.4778 -0.144637
10.44 5.42333 -0.168377
10.56 5.36992 -0.190011
10.68 5.31755 -0.209507
10.8 5.26624 -0.226847
10.92 5.21595 -0.24202
11.04 5.16668 -0.255028
11.16 5.1184 -0.265883
11.28 5.07106 -0.274608
11.4 5.02462 -0.281234
11.52 4.97905 -0.285803
11.64 4.93427 -0.288364
11.76 4.89025 -0.288976
11.88 4.8469 -0.287705
12 4.80419 -0.284625
12.12 4.76203 -0.279817
12.24 4.72035 -0.273366
12.36 4.6791 -0.265365
12.48 4.6382 -0.255911
12.6 4.59759 -0.245106
12.72 4.55719 -0.233054
12.84 4.51695 -0.219863
12.96 4.47679 -0.205644
13.08 4.43666 -0.190509
13.2 4.3965 -0.174571
13.32 4.35626 -0.157943
13.44 4.31588 -0.140739
13.56 4.27532 -0.123071
13.68 4.23453 -0.10505
13.8 4.19348 -0.0867859
13.92 4.15214 -0.0683845
14.04 4.11047 -0.0499497
14.16 4.06845 -0.0315816
14.28 4.02606 -0.0133762
14.4 3.9833 0.00457453
14.52 3.94014 0.0221838
14.64 3.89658 0.0393697
14.76 3.85263 0.0560559
14.88 3.80828 0.0721717
15 3.76355 0.0876525
15.12 3.71845 0.10244
15.24 3.67298 0.116481
15.36 3.62718 0.129731
15.48 3.58105 0.14215
15.6 3.53463 0.153705
15.72 3.48793 0.16437
15.84 3.44099 0.174127
15.96 3.39383 0.18296
16.08 3.34649 0.190864
16.2 3.29899 0.197838
16.32 3.25136 0.203887
16.44 3.20364 0.209022
16.56 3.15585 0.21326
16.68 3.10802 0.216622
16.8 3.06019 0.219135
16.92 3.01238 0.220831
17.04 2.96462 0.221745
17.16 2.91692 0.221916
17.28 2.86933 0.221389
17.4 2.82184 0.220209
17.52 2.7745 0.218424
17.64 2.7273 0.216088
17.76 2.68027 0.213252
17.88 2.63342 0.209971
18 2.58675 0.206302
18.12 2.54029 0.202301
18.24 2.49402 0.198024
18.36 2.44797 0.193528
18.48 2.40212 0.18887
18.6 2.35648 0.184104
18.72 2.31105 0.179284
18.84 2.26583 0.174463
18.96 2.22081 0.169691
19.08 2.17599 0.165016
19.2 2.13135 0.160483
19.32 2.08691 0.156136
19.44 2.04264 0.152014
19.56 1.99855 0.148155
19.68 1.95462 0.14459
19.8 1.91085 0.141351
19.92 1.86724 0.138462
20.04 1.82378 0.135947
20.16 1.78047 0.133825
20.28 1.7373 0.132109
20.4 1.69428 0.130811
20.52 1.65141 0.129939
20.64 1.60868 0.129495
20.76 1.56611 0.12948
20.88 1.5237 0.12989
21 1.48146 0.130718
21.12 1.4394 0.131954
21.24 1.39753 0.133584
21.36 1.35588 0.135593
21.48 1.31445 0.13796
21.6 1.27327 0.140665
21.72 1.23236 0.143684
21.84 1.19175 0.146991
21.96 1.15145 0.150559
22.08 1.11151 0.154359
22.2 1.07194 0.158362
22.32 1.03278 0.162535
22.44 0.994058 0.166847
22.56 0.955812 0.171266
22.68 0.918073 0.175761
22.8 0.880877 0.180297
22.92 0.844259 0.184844
23.04 0.808253 0.189371
23.16 0.772894 0.193845
23.28 0.738218 0.198239
23.4 0.704258 0.202524
23.52 0.671048 0.206672
23.64 0.638619 0.210658
23.76 0.607001 0.214458
23.88 0.576225 0.21805
24 0.546316 0.221413
24.12 0.5173 0.22453
24.24 0.489201 0.227384
24.36 0.462038 0.229961
24.48 0.43583 0.23225
24.6 0.410592 0.234239
24.72 0.386336 0.235921
24.84 0.363072 0.237292
24.96 0.340807 0.238346
25.08 0.319544 0.239083
25.2 0.299284 0.239503
25.32 0.280025 0.239608
25.44 0.261762 0.239401
25.56 0.244485 0.238889
25.68 0.228184 0.238078
25.8 0.212845 0.236977
25.92 0.19845 0.235596
26.04 0.184982 0.233945
26.16 0.172416 0.232036
26.28 0.16073 0.229882
26.4 0.149898 0.227496
26.52 0.139891 0.224892
26.64 0.130678 0.222084
26.76 0.122229 0.219087
26.88 0.114512 0.215915
27 0.10749 0.212583
27.12 0.101131 0.209105
27.24 0.0953989 0.205496
27.36 0.090257 0.201769
27.48 0.0856695 0.197939
27.6 0.0816001 0.194018
27.72 0.0780129 0.190018
27.84 0.0748722 0.185951
27.96 0.072143 0.181829
28.08 0.069791 0.177661
28.2 0.0677829 0.173457
28.32 0.0660863 0.169226
28.44 0.0646704 0.164975
28.56 0.0635054 0.160712
28.68 0.0625631 0.156443
28.8 0.0618171 0.152173
28.92 0.0612423 0.147907
29.04 0.0608155 0.14365
29.16 0.0605153 0.139404
29.28 0.0603221 0.135173
29.4 0.0602179 0.130959
29.52 0.0601869 0.126763
29.64 0.0602146 0.122587
29.76 0.0602887 0.118432
29.88 0.0603984 0.114298
30 0.0605347 0.110187
30.12 0.0606898 0.106099
30.24 0.0608579 0.102033
30.36 0.0610344 0.0979901
30.48 0.0612158 0.0939709
30.6 0.0614002 0.0899758
30.72 0.0615864 0.0860053
30.84 0.0617744 0.0820602
30.96 0.061965 0.0781418
31.08 0.0621597 0.0742513
31.2 0.0623605 0.0703907
31.32 0.0625699 0.066562
31.44 0.062791 0.0627677
31.56 0.0630268 0.0590107
31.68 0.0632804 0.0552942
31.8 0.0635553 0.051622
31.92 0.0638543 0.047998
32.04 0.0641805 0.0444266
32.16 0.0645365 0.0409125
32.28 0.0649245 0.0374608
32.4 0.0653464 0.0340768
32.52 0.0658033 0.0307658
32.64 0.0662961 0.0275337
32.76 0.0668249 0.0243861
32.88 0.0673892 0.0213291
33 0.0679878 0.0183684
33.12 0.0686189 0.01551
33.24 0.0692801 0.0127595
33.36 0.0699681 0.0101226
33.48 0.0706792 0.00760476
33.6 0.0714091 0.00521096
33.72 0.0721527 0.00294601
33.84 0.0729045 0.000814312
33.96 0.0736585 -0.00118019
34.08 0.0744083 -0.00303401
34.2 0.0751472 -0.00474423
34.32 0.0758679 -0.00630845
34.44 0.0765631 -0.00772492
34.56 0.0772254 -0.00899247
34.68 0.0778471 -0.0101106
34.8 0.0784206 -0.0110796
34.92 0.0789384 -0.0119001
35.04 0.079393 -0.0125739
35.16 0.0797772 -0.013103
35.28 0.0800842 -0.0134904
35.4 0.0803072 -0.0137397
35.52 0.0804401 -0.013855
35.64 0.0804773 -0.0138412
35.76 0.0804136 -0.0137037
35.88 0.0802442 -0.0134484
36 0.0799654 -0.0130819
36.12 0.0795737 -0.0126109
36.24 0.0790665 -0.0120429
36.36 0.078442 -0.0113856
36.48 0.0776989 -0.010647
36.6 0.0768368 -0.00983531
36.72 0.0758561 -0.00895908
36.84 0.0747579 -0.00802687
36.96 0.0735439 -0.00704736
37.08 0.0722167 -0.00602924
37.2 0.0707796 -0.00498117
37.32 0.0692365 -0.00391168
37.44 0.0675919 -0.00282918
37.56 0.0658512 -0.00174184
37.68 0.0640199 -0.000657572
37.8 0.0621044 0.000416002
37.92 0.0601113 0.00147163
38.04 0.058048 0.00250246
38.16 0.0559218 0.00350205
38.28 0.0537405 0.00446444
38.4 0.0515123 0.00538415
38.52 0.0492453 0.00625623
38.64 0.0469479 0.00707626
38.76 0.0446285 0.00784034
38.88 0.0422955 0.00854515
39 0.0399573 0.00918793
39.12 0.0376221 0.00976646
39.24 0.0352979 0.0102791
39.36 0.0329927 0.0107247
39.48 0.0307139 0.0111027
39.6 0.028469 0.011413
39.72 0.0262648 0.0116561
39.84 0.0241078 0.0118328
39.96 0.0220042 0.0119444
40.08 0.0199596 0.0119927
40.2 0.0179791 0.0119798
40.32 0.0160676 0.0119081
40.44 0.0142291 0.0117804
40.56 0.0124673 0.0115998
40.68 0.0107853 0.0113695
40.8 0.00918574 0.0110929
40.92 0.00767067 0.0107738
41.04 0.00624163 0.0104158
41.16 0.00489966 0.0100229
41.28 0.00364528 0.009599
41.4 0.00247857 0.00914795
41.52 0.00139911 0.00867371
41.64 0.000406066 0.00818019
41.76 -0.000501811 0.0076712
41.88 -0.00132616 0.0071505
42 -0.00206896 0.00662169
42.12 -0.00273252 0.00608828
42.24 -0.00331945 0.00555361
42.36 -0.0038326 0.00502083
42.48 -0.00427505 0.00449295
42.6 -0.00465006 0.00397276
42.72 -0.00496106 0.00346286
42.84 -0.00521159 0.00296563
42.96 -0.0054053 0.00248327
43.08 -0.00554585 0.00201774
43.2 -0.00563699 0.0015708
43.32 -0.0056824 0.001144
43.44 -0.00568579 0.000738686
43.56 -0.00565076 0.000356008
43.68 -0.00558087 -3.08246e-06
43.8 -0.00547955 -0.000337814
43.92 -0.00535012 -0.00064759
44.04 -0.00519574 -0.000931983
44.16 -0.00501943 -0.00119072
44.28 -0.00482404 -0.00142366
44.4 -0.00461222 -0.00163082
44.52 -0.00438644 -0.00181233
44.64 -0.00414896 -0.00196841
44.76 -0.00390185 -0.00209941
44.88 -0.00364698 -0.00220576
45 -0.00338598 -0.00228797
45.12 -0.00312031 -0.00234662
45.24 -0.0028512 -0.00238236
45.36 -0.00257971 -0.00239589
45.48 -0.00230668 -0.00238795
45.6 -0.00203278 -0.00235934
45.72 -0.00175852 -0.00231088
45.84 -0.0014842 -0.00224342
45.96 -0.00121002 -0.00215784
46.08 -0.000936004 -0.00205506
46.2 -0.000662052 -0.00193598
46.32 -0.000387953 -0.00180156
46.44 -0.00011339 -0.00165274
46.56 0.000162043 -0.0014905
46.68 0.000438829 -0.00131581
46.8 0.000717509 -0.00112969
46.92 0.000998677 -0.00093312
47.04 0.00128296 -0.000727136
47.16 0.001571 -0.000512765
47.28 0.00186346 -0.000291047
47.4 0.002161 -6.30359e-05
47.52 0.00246424 0.000170206
47.64 0.0027738 0.000407606
47.76 0.00309027 0.000648086
47.88 0.00341417 0.000890557
48 0.00374597 0.00113393
48.12 0.00408611 0.00137711
48.24 0.00443491 0.001619
48.36 0.00479266 0.00185852
48.48 0.00515955 0.00209458
48.6 0.00553569 0.00232612
48.72 0.00592111 0.00255207
48.84 0.00631572 0.0027714
48.96 0.00671939 0.00298311
49.08 0.00713185 0.00318621
49.2 0.00755277 0.00337977
49.32 0.00798172 0.00356288
49.44 0.00841817 0.0037347
49.56 0.00886152 0.00389443
49.68 0.00931108 0.00404134
49.8 0.00976608 0.00417474
49.92 0.0102257 0.00429404
50.04 0.0106889 0.00439871
50.16 0.0111549 0.0044883
50.28 0.0116225 0.00456244
50.4 0.0120907 0.00462086
50.52 0.0125583 0.00466337
50.64 0.0130242 0.00468986
50.76 0.013487 0.00470033
50.88 0.0139457 0.00469486
51 0.0143989 0.00467362
51.12 0.0148453 0.00463689
51.24 0.0152838 0.00458503
51.36 0.015713 0.00451846
51.48 0.0161316 0.00443773
51.6 0.0165385 0.00434342
51.72 0.0169324 0.00423622
51.84 0.0173122 0.00411686
51.96 0.0176767 0.00398616
52.08 0.0180248 0.00384495
52.2 0.0183555 0.00369415
52.32 0.0186678 0.0035347
52.44 0.0189609 0.00336755
52.56 0.0192338 0.0031937
52.68 0.0194858 0.00301414
52.8 0.0197162 0.00282989
52.92 0.0199243 0.00264193
53.04 0.0201098 0.00245125
53.16 0.020272 0.00225881
53.28 0.0204108 0.00206554
53.4 0.0205257 0.00187232
53.52 0.0206167 0.00168001
53.64 0.0206837 0.00148941
53.76 0.0207266 0.00130123
53.88 0.0207457 0.00111618
54 0.020741 0.000934838
54.12 0.0207129 0.00075776
54.24 0.0206617 0.000585407
54.36 0.0205879 0.000418172
54.48 0.0204921 0.000256372
54.6 0.0203747 0.000100252
54.72 0.0202366 -5.00205e-05
54.84 0.0200784 -0.000194346
54.96 0.019901 -0.000332694
55.08 0.0197052 -0.0004651
55.2 0.0194919 -0.00059166
55.32 0.0192622 -0.000712525
55.44 0.0190169 -0.000827896
55.56 0.0187572 -0.000938018
55.68 0.0184842 -0.00104317
55.8 0.0181989 -0.00114367
55.92 0.0179025 -0.00123986
56.04 0.017596 -0.00133207
56.16 0.0172807 -0.00142068
56.28 0.0169577 -0.00150604
56.4 0.0166282 -0.00158851
56.52 0.0162932 -0.00166843
56.64 0.0159539 -0.00174612
56.76 0.0156115 -0.00182188
56.88 0.0152671 -0.00189596
57 0.0149216 -0.00196861
57.12 0.0145762 -0.00204
57.24 0.014232 -0.00211027
57.36 0.0138899 -0.00217951
57.48 0.0135509 -0.00224778
57.6 0.0132159 -0.00231504
57.72 0.0128859 -0.00238125
57.84 0.0125618 -0.00244629
57.96 0.0122443 -0.00250998
58.08 0.0119343 -0.00257211
58.2 0.0116326 -0.00263242
58.32 0.0113399 -0.00269059
58.44 0.0110568 -0.00274628
58.56 0.0107842 -0.00279911
58.68 0.0105226 -0.00284865
58.8 0.0102727 -0.00289449
58.92 0.0100349 -0.00293615
59.04 0.0098099 -0.00297318
59.16 0.00959817 -0.0030051
59.28 0.00940018 -0.00303145
59.4 0.00921641 -0.00305178
59.52 0.00904727 -0.00306564
59.64 0.00889315 -0.00307261
59.76 0.00875443 -0.00307233
59.88 0.00863144 -0.00306443
60 0.00852448 -0.00304862
60.12 0.00843383 -0.00302464
60.24 0.00835971 -0.00299229
60.36 0.00830234 -0.00295144
60.48 0.00826187 -0.00290201
60.6 0.00823844 -0.00284399
60.72 0.00823211 -0.00277744
60.84 0.00824293 -0.00270249
60.96 0.00827089 -0.00261934
61.08 0.00831593 -0.00252827
61.2 0.00837792 -0.00242961
61.32 0.0084567 -0.00232378
61.44 0.00855203 -0.00221125
61.56 0.00866362 -0.00209258
61.68 0.00879109 -0.00196837
61.8 0.00893403 -0.00183927
61.92 0.00909191 -0.00170598
62.04 0.00926418 -0.00156928
62.16 0.00945016 -0.00142993
62.28 0.00964912 -0.00128878
62.4 0.00986026 -0.00114665
62.52 0.0100827 -0.00100443
62.64 0.0103154 -0.000862972
62.76 0.0105575 -0.000723161
62.88 0.0108076 -0.000585866
63 0.0110648 -0.000451944
63.12 0.0113276 -0.000322231
63.24 0.0115948 -0.000197536
63.36 0.011865 -7.86347e-05
63.48 0.0121366 3.3738e-05
63.6 0.0124084 0.000138894
63.72 0.0126786 0.000236196
63.84 0.0129457 0.000325065
63.96 0.0132081 0.000404981
64.08 0.0134642 0.000475489
64.2 0.0137125 0.0005362
64.32 0.0139511 0.000586795
64.44 0.0141787 0.000627024
64.56 0.0143936 0.00065671
64.68 0.0145942 0.000675746
64.8 0.0147792 0.000684095
64.92 0.014947 0.000681788
65.04 0.0150964 0.000668923
65.16 0.015226 0.000645663
65.28 0.0153349 0.000612229
65.4 0.0154218 0.000568902
65.52 0.0154859 0.000516011
65.64 0.0155265 0.000453938
65.76 0.0155428 0.000383103
65.88 0.0155345 0.000303968
66 0.0155011 0.000217024
66.12 0.0154425 0.00012279
66.24 0.0153587 2.18075e-05
66.36 0.01525 -8.53676e-05
66.48 0.0151166 -0.000198168
66.6 0.0149591 -0.000316022
66.72 0.0147782 -0.000438356
66.84 0.0145749 -0.000564602
66.96 0.0143502 -0.000694199
67.08 0.0141053 -0.000826601
67.2 0.0138417 -0.000961274
67.32 0.013561 -0.00109771
67.44 0.0132648 -0.00123541
67.56 0.012955 -0.00137392
67.68 0.0126336 -0.00151278
67.8 0.0123027 -0.00165159
67.92 0.0119644 -0.00178995
68.04 0.0116211 -0.00192751
68.16 0.0112751 -0.00206394
68.28 0.0109288 -0.00219891
68.4 0.0105845 -0.00233216
68.52 0.0102448 -0.00246342
68.64 0.00991196 -0.00259245
68.76 0.00958847 -0.00271905
68.88 0.00927665 -0.002843
69 0.00897878 -0.00296414
69.12 0.00869707 -0.00308229
69.24 0.00843361 -0.00319729
69.36 0.00819038 -0.00330901
69.48 0.00796923 -0.00341729
69.6 0.00777183 -0.00352201
69.72 0.00759973 -0.00362303
69.84 0.00745425 -0.00372023
69.96 0.00733655 -0.00381349
70.08 0.00724759 -0.00390267
70.2 0.0071881 -0.00398765
70.32 0.00715861 -0.00406832
70.44 0.00715941 -0.00414454
70.56 0.00719059 -0.0042162
70.68 0.00725198 -0.00428318
70.8 0.00734322 -0.00434537
70.92 0.0074637 -0.00440266
71.04 0.0076126 -0.00445497
71.16 0.00778889 -0.00450222
71.28 0.00799134 -0.00454433
71.4 0.00821851 -0.00458127
71.52 0.0084688 -0.00461302
71.64 0.00874042 -0.00463958
71.76 0.00903144 -0.004661
71.88 0.00933979 -0.00467733
72 0.00966327 -0.00468869
72.12 0.0099996 -0.00469524
72.24 0.0103464 -0.00469716
72.36 0.0107012 -0.0046947
72.48 0.0110615 -0.00468815
72.6 0.0114249 -0.00467785
72.72 0.0117887 -0.00466418
72.84 0.0121506 -0.00464761
72.96 0.012508 -0.00462862
73.08 0.0128586 -0.00460776
73.2 0.0132 -0.00458564
73.32 0.0135299 -0.00456287
73.44 0.0138463 -0.00454017
73.56 0.0141471 -0.00451823
73.68 0.0144305 -0.00449782
73.8 0.0146948 -0.00447972
73.92 0.0149384 -0.0044647
74.04 0.0151599 -0.00445359
74.16 0.0153582 -0.00444718
74.28 0.0155322 -0.00444625
74.4 0.0156812 -0.0044516
74.52 0.0158044 -0.00446394
74.64 0.0159016 -0.00448399
74.76 0.0159725 -0.00451237
74.88 0.016017 -0.00454966
75 0.0160354 -0.00459634
75.12 0.016028 -0.00465282
75.24 0.0159954 -0.00471939
75.36 0.0159383 -0.00479621
75.48 0.0158575 -0.00488334
75.6 0.0157542 -0.00498067
75.72 0.0156294 -0.00508797
75.84 0.0154847 -0.00520483
75.96 0.0153214 -0.00533066
76.08 0.0151411 -0.00546474
76.2 0.0149455 -0.00560613
76.32 0.0147364 -0.00575372
76.44 0.0145156 -0.00590622
76.56 0.0142851 -0.00606215
76.68 0.0140469 -0.00621984
76.8 0.0138029 -0.00637743
76.92 0.0135554 -0.00653291
77.04 0.0133063 -0.00668409
77.16 0.0130579 -0.0068286
77.28 0.0128123 -0.00696395
77.4 0.0125717 -0.00708749
77.52 0.0123382 -0.00719646
77.64 0.012114 -0.00728801
77.76 0.0119013 -0.00735919
77.88 0.0117023 -0.00740699
78 0.0115192 -0.00742835
78.12 0.011354 -0.00742021
78.24 0.0112091 -0.0073795
78.36 0.0110865 -0.00730321
78.48 0.0109885 -0.00718836
78.6 0.0109172 -0.00703208
78.72 0.0108747 -0.00683161
78.84 0.0108634 -0.00658433
78.96 0.0108853 -0.00628778
79.08 0.0109427 -0.00593974
79.2 0.0110378 -0.00553819
79.32 0.0111728 -0.00508135
79.44 0.01135 -0.00456774
79.56 0.0115716 -0.00399619
79.68 0.01184 -0.00336583
79.8 0.0121574 -0.00267615
79.92 0.012526 -0.001927
80.04 0.0129482 -0.00111859
80.16 0.0134262 -0.000251542
80.28 0.0139623 0.000673129
80.4 0.0145586 0.001654
80.52 0.0152174 0.00268926
80.64 0.0159406 0.00377664
80.76 0.0167304 0.00491351
80.88 0.0175886 0.00609681
81 0.018517 0.0073231
81.12 0.0195173 0.00858855
81.24 0.0205909 0.00988897
81.36 0.0217392 0.0112198
81.48 0.022963 0.0125763
81.6 0.0242634 0.0139532
81.72 0.0256408 0.0153451
81.84 0.0270954 0.0167464
81.96 0.0286271 0.0181513
82.08 0.0302356 0.0195536
82.2 0.0319199 0.0209473
82.32 0.0336787 0.0223261
82.44 0.0355104 0.0236838
82.56 0.0374129 0.025014
82.68 0.0393834 0.0263106
82.8 0.0414189 0.0275673
82.92 0.0435156 0.0287782
83.04 0.0456695 0.0299374
83.16 0.0478757 0.0310392
83.28 0.0501289 0.0320782
83.4 0.0524235 0.0330493
83.52 0.0547529 0.0339477
83.64 0.0571103 0.034769
83.76 0.0594882 0.0355091
83.88 0.0618787 0.0361645
84 0.0642734 0.0367319
84.12 0.0666634 0.0372088
84.24 0.0690392 0.0375929
84.36 0.0713912 0.0378825
84.48 0.0737093 0.0380764
84.6 0.075983 0.0381741
84.72 0.0782017 0.0381754
84.84 0.0803545 0.0380808
84.96 0.0824303 0.0378911
85.08 0.084418 0.0376079
85.2 0.0863064 0.037233
85.32 0.0880843 0.0367691
85.44 0.0897408 0.0362189
85.56 0.091265 0.0355858
85.68 0.0926461 0.0348736
85.8 0.093874 0.0340865
85.92 0.0949387 0.0332288
86.04 0.0958307 0.0323054
86.16 0.0965411 0.0313214
86.28 0.0970616 0.0302821
86.4 0.0973844 0.0291929
86.52 0.0975026 0.0280595
86.64 0.09741 0.0268876
86.76 0.0971012 0.025683
86.88 0.0965719 0.0244516
87 0.0958185 0.0231991
87.12 0.0948384 0.0219313
87.24 0.09363 0.0206537
87.36 0.0921927 0.019372
87.48 0.0905272 0.0180914
87.6 0.0886348 0.016817
87.72 0.0865183 0.0155537
87.84 0.0841811 0.0143062
87.96 0.081628 0.0130788
88.08 0.0788647 0.0118755
88.2 0.0758978 0.0107002
88.32 0.0727349 0.00955617
88.44 0.0693845 0.0084466
88.56 0.065856 0.00737426
88.68 0.0621595 0.0063416
88.8 0.0583058 0.00535076
88.92 0.0543065 0.00440359
89.04 0.0501737 0.00350163
89.16 0.04592 0.00264616
89.28 0.0415583 0.00183821
89.4 0.0371021 0.00107859
89.52 0.0325647 0.000367907
89.64 0.02796 -0.000293395
89.76 0.0233016 -0.000905008
89.88 0.0186032 -0.00146673
90 0.0138783 -0.00197841
90.12 0.00914029 -0.00243996
90.24 0.00440197 -0.00285126
90.36 -0.00032409 -0.00321217
90.48 -0.00502589 -0.00352248
90.6 -0.00969199 -0.00378188
90.72 -0.0143117 -0.00398991
90.84 -0.0188748 -0.00414598
90.96 -0.0233723 -0.00424929
91.08 -0.0277956 -0.00429885
91.2 -0.0321372 -0.00429344
91.32 -0.0363905 -0.00423162
91.44 -0.04055 -0.00411168
91.56 -0.0446109 -0.00393167
91.68 -0.0485694 -0.0036894
91.8 -0.052423 -0.00338241
91.92 -0.0561698 -0.00300802
92.04 -0.0598089 -0.00256334
92.16 -0.0633406 -0.00204526
92.28 -0.0667657 -0.0014505
92.4 -0.0700862 -0.000775652
92.52 -0.0733045 -1.71873e-05
92.64 -0.0764239 0.000828489
92.76 -0.0794485 0.00176499
92.88 -0.0823826 0.00279592
93 -0.0852313 0.00392479
93.12 -0.0879998 0.00515498
93.24 -0.0906938 0.00648971
93.36 -0.0933193 0.00793192
93.48 -0.0958819 0.00948426
93.6 -0.0983878 0.011149
93.72 -0.100843 0.0129281
93.84 -0.103252 0.0148228
93.96 -0.105621 0.016834
94.08 -0.107956 0.0189619
94.2 -0.110259 0.0212062
94.32 -0.112535 0.0235656
94.44 -0.114787 0.0260384
94.56 -0.117018 0.0286218
94.68 -0.119229 0.0313124
94.8 -0.12142 0.0341059
94.92 -0.123592 0.0369971
95.04 -0.125742 0.0399799
95.16 -0.12787 0.0430472
95.28 -0.129972 0.0461913
95.4 -0.132043 0.0494034
95.52 -0.134078 0.0526738
95.64 -0.136071 0.055992
95.76 -0.138014 0.0593469
95.88 -0.1399 0.0627262
96 -0.141719 0.0661174
96.12 -0.143461 0.0695068
96.24 -0.145114 0.0728806
96.36 -0.146669 0.0762242
96.48 -0.148112 0.0795227
96.6 -0.14943 0.0827607
96.72 -0.150612 0.0859227
96.84 -0.151642 0.0889931
96.96 -0.152509 0.0919561
97.08 -0.153198 0.0947961
97.2 -0.153695 0.0974976
97.32 -0.153987 0.100045
97.44 -0.154062 0.102425
97.56 -0.153907 0.104622
97.68 -0.153509 0.106622
97.8 -0.152858 0.108414
97.92 -0.151943 0.109984
98.04 -0.150755 0.111323
98.16 -0.149286 0.11242
98.28 -0.147529 0.113266
98.4 -0.145477 0.113854
98.52 -0.143128 0.114178
98.64 -0.140477 0.114233
98.76 -0.137524 0.114016
98.88 -0.134269 0.113526
99 -0.130715 0.112761
99.12 -0.126865 0.111724
99.24 -0.122725 0.110418
99.36 -0.118302 0.108847
99.48 -0.113606 0.107018
99.6 -0.108647 0.104939
99.72 -0.103438 0.10262
99.84 -0.0979928 0.100071
99.96 -0.0923281 0.0973047
100.08 -0.0864611 0.0943357
100.2 -0.0804105 0.091179
100.32 -0.0741966 0.087851
100.44 -0.0678408 0.0843696
100.56 -0.0613657 0.0807533
100.68 -0.0547948 0.0770216
100.8 -0.0481525 0.0731948
100.92 -0.0414637 0.0692939
101.04 -0.0347542 0.0653403
101.16 -0.0280497 0.0613555
101.28 -0.0213765 0.0573615
101.4 -0.0147606 0.0533801
101.52 -0.00822792 0.0494329
101.64 -0.0018042 0.0455413
101.76 0.00448549 0.0417262
101.88 0.0106167 0.0380077
102 0.0165659 0.0344052
102.12 0.0223105 0.0309372
102.24 0.0278291 0.0276209
102.36 0.0331017 0.0244725
102.48 0.0381097 0.0215066
102.6 0.0428361 0.0187364
102.72 0.0472657 0.0161735
102.84 0.051385 0.0138277
102.96 0.0551827 0.0117072
103.08 0.0586492 0.0098181
103.2 0.0617772 0.00816473
103.32 0.0645615 0.00674937
103.44 0.0669991 0.00557232
103.56 0.0690893 0.00463187
103.68 0.0708335 0.00392428
103.8 0.0722353 0.00344382
103.92 0.0733008 0.00318281
104.04 0.0740379 0.00313164
104.16 0.0744569 0.00327884
104.28 0.07457 0.00361121
104.4 0.0743915 0.00411384
104.52 0.0739375 0.00477028
104.64 0.0732259 0.00556261
104.76 0.0722764 0.00647163
104.88 0.07111 0.00747697
105 0.0697494 0.00855724
105.12 0.0682182 0.00969022
105.24 0.0665415 0.010853
105.36 0.0647449 0.0120223
105.48 0.0628552 0.0131743
105.6 0.0608995 0.0142853
105.72 0.0589054 0.0153315
105.84 0.0569009 0.0162896
105.96 0.0549137 0.0171365
106.08 0.0529718 0.0178499
106.2 0.0511027 0.0184083
106.32 0.0493334 0.0187914
106.44 0.0476904 0.0189797
106.56 0.0461992 0.0189555
106.68 0.0448846 0.0187023
106.8 0.0437702 0.0182055
106.92 0.0428782 0.0174522
107.04 0.0422296 0.0164315
107.16 0.0418439 0.0151345
107.28 0.0417389 0.0135544
107.4 0.0419306 0.0116868
107.52 0.0424334 0.00952943
107.64 0.0432596 0.00708244
107.76 0.0444198 0.00434835
107.88 0.0459223 0.00133209
108 0.0477735 -0.00195903
108.12 0.0499778 -0.00551531
108.24 0.0525373 -0.00932474
108.36 0.0554522 -0.013373
108.48 0.0587206 -0.0176435
108.6 0.0623384 -0.0221176
108.72 0.0662995 -0.0267746
108.84 0.070596 -0.031592
108.96 0.0752178 -0.0365452
109.08 0.0801532 -0.0416082
109.2 0.0853885 -0.0467536
109.32 0.0909084 -0.0519525
109.44 0.0966961 -0.0571749
109.56 0.102733 -0.0623899
109.68 0.109 -0.0675658
109.8 0.115475 -0.0726705
109.92 0.122136 -0.0776713
110.04 0.12896 -0.0825355
110.16 0.135923 -0.0872305
110.28 0.142999 -0.091724
110.4 0.150164 -0.0959841
110.52 0.157391 -0.0999796
110.64 0.164653 -0.10368
110.76 0.171923 -0.107057
110.88 0.179176 -0.110082
111 0.186383 -0.11273
111.12 0.193519 -0.114974
111.24 0.200556 -0.116793
111.36 0.207468 -0.118166
111.48 0.214231 -0.119073
111.6 0.220818 -0.1195
111.72 0.227206 -0.119431
111.84 0.233371 -0.118855
111.96 0.239291 -0.117763
112.08 0.244944 -0.116149
112.2 0.25031 -0.11401
112.32 0.255369 -0.111344
112.44 0.260103 -0.108153
112.56 0.264496 -0.104443
112.68 0.268532 -0.10022
112.8 0.272197 -0.0954949
112.92 0.275479 -0.0902809
113.04 0.278365 -0.0845933
113.16 0.280848 -0.0784503
113.28 0.282918 -0.0718724
113.4 0.28457 -0.0648828
113.52 0.285797 -0.0575065
113.64 0.286597 -0.049771
113.76 0.286967 -0.0417056
113.88 0.286908 -0.0333415
114 0.286419 -0.0247115
114.12 0.285504 -0.0158498
114.24 0.284166 -0.00679215
114.36 0.282411 0.00242479
114.48 0.280246 0.0117634
114.6 0.277677 0.0211853
114.72 0.274716 0.0306516
114.84 0.271372 0.0401232
114.96 0.267656 0.0495607
115.08 0.263582 0.058925
115.2 0.259163 0.0681772
115.32 0.254414 0.0772789
115.44 0.24935 0.0861925
115.56 0.243988 0.0948813
115.68 0.238345 0.103309
115.8 0.232438 0.111443
115.92 0.226286 0.119248
116.04 0.219909 0.126694
116.16 0.213324 0.133751
116.28 0.206552 0.140392
116.4 0.199612 0.146591
116.52 0.192525 0.152324
116.64 0.185311 0.15757
116.76 0.17799 0.162311
116.88 0.170581 0.16653
117 0.163105 0.170213
117.12 0.155582 0.173348
117.24 0.14803 0.175928
117.36 0.14047 0.177946
117.48 0.132919 0.179399
117.6 0.125395 0.180286
117.72 0.117917 0.180609
117.84 0.110501 0.180372
117.96 0.103163 0.179583
118.08 0.0959195 0.17825
118.2 0.0887841 0.176387
118.32 0.0817712 0.174007
118.44 0.0748938 0.171127
118.56 0.068164 0.167766
118.68 0.0615931 0.163943
118.8 0.0551912 0.159683
118.92 0.0489677 0.155009
119.04 0.0429309 0.149948
119.16 0.0370881 0.144526
119.28 0.0314457 0.138774
119.4 0.0260089 0.132719
119.52 0.0207821 0.126394
119.64 0.0157686 0.119831
119.76 0.0109709 0.11306
119.88 0.00639055 0.106117
120 0.002028 0.0990323
