-0.999 -0.000319792 -1.7425e-05
-0.998 -0.0012551 -5.04483e-05
-0.997 -0.00276408 -0.000100142
-0.996 -0.00482478 -0.000215465
-0.995 -0.00746239 -0.000460812
-0.994 -0.010744 -0.000844951
-0.993 -0.0147204 -0.00126602
-0.992 -0.0193408 -0.00152066
-0.991 -0.0244077 -0.00138191
-0.99 -0.0296164 -0.000750715
-0.989 -0.0346899 0.000253292
-0.988 -0.0395739 0.00128501
-0.987 -0.0445743 0.00189851
-0.986 -0.0503323 0.00173222
-0.985 -0.0576288 0.000719616
-0.984 -0.0670663 -0.000765842
-0.983 -0.078643 -0.00209733
-0.982 -0.0916342 -0.00263629
-0.981 -0.104685 -0.00206871
-0.98 -0.11618 -0.000667525
-0.979 -0.125177 0.000809435
-0.978 -0.13189 0.00128818
-0.977 -0.137852 -9.11247e-05
-0.976 -0.145768 -0.00351481
-0.975 -0.158485 -0.0082848
-0.974 -0.177793 -0.01294
-0.973 -0.203435 -0.0159041
-0.972 -0.233073 -0.0160216
-0.971 -0.262955 -0.0131423
-0.97 -0.288805 -0.00823552
-0.969 -0.30784 -0.00308883
-0.968 -0.320167 0.000420385
-0.967 -0.328597 0.00106282
-0.966 -0.33861 -0.00120178
-0.965 -0.355596 -0.00519492
-0.964 -0.381995 -0.00909452
-0.963 -0.417233 -0.0111874
-0.962 -0.456334 -0.0105785
-0.961 -0.49157 -0.00774317
-0.96 -0.516105 -0.00429064
-0.959 -0.525898 -0.00225408
-0.958 -0.52219 -0.00339757
-0.957 -0.51134 -0.00812251
-0.956 -0.50296 -0.0153885
-0.955 -0.506827 -0.0232406
-0.954 -0.529351 -0.0293581
-0.953 -0.571321 -0.0319276
-0.952 -0.627418 -0.0304351
-0.951 -0.687848 -0.0258665
-0.95 -0.741785 -0.0195869
-0.949 -0.782824 -0.0132039
-0.948 -0.810754 -0.00808941
-0.947 -0.830809 -0.00463181
-0.946 -0.852483 -0.00263559
-0.945 -0.885324 -0.00139247
-0.944 -0.934279 -0.000964175
-0.943 -0.998584 -0.00173609
-0.942 -1.07079 -0.00405301
-0.941 -1.13835 -0.00920468
-0.94 -1.18958 -0.0169317
-0.939 -1.21724 -0.0257983
-0.938 -1.22097 -0.0352454
-0.937 -1.20849 -0.0436701
-0.936 -1.1907 -0.0504199
-0.935 -1.17866 -0.0561036
-0.934 -1.18049 -0.0612682
-0.933 -1.20012 -0.0674165
-0.932 -1.23454 -0.0753826
-0.931 -1.27602 -0.0838138
-0.93 -1.31811 -0.089547
-0.929 -1.35617 -0.0890444
-0.928 -1.38985 -0.0795595
-0.927 -1.42162 -0.0607129
-0.926 -1.45636 -0.0357197
-0.925 -1.49787 -0.0100393
-0.924 -1.54833 0.0103435
-0.923 -1.60828 0.0198668
-0.922 -1.67598 0.0162673
-0.921 -1.74916 0.00283907
-0.92 -1.825 -0.013341
-0.919 -1.90152 -0.0247894
-0.918 -1.97638 -0.0264749
-0.917 -2.04747 -0.0171657
-0.916 -2.11296 -0.0013612
-0.915 -2.1688 0.0124218
-0.914 -2.2127 0.0171886
-0.913 -2.24594 0.00932863
-0.912 -2.27172 -0.0108065
-0.911 -2.29865 -0.0359426
-0.91 -2.33626 -0.054739
-0.909 -2.38782 -0.0570817
-0.908 -2.45214 -0.0383903
-0.907 -2.52402 -0.00182817
-0.906 -2.59254 0.0410696
-0.905 -2.64406 0.0754983
-0.904 -2.66978 0.089871
-0.903 -2.67127 0.0783407
-0.902 -2.66204 0.0454932
-0.901 -2.6613 0.00300898
-0.9 -2.68804 -0.0351626
-0.899 -2.75523 -0.0577609
-0.898 -2.86524 -0.0612512
-0.897 -3.00729 -0.0523233
-0.896 -3.15736 -0.0437872
-0.895 -3.29212 -0.0472123
-0.894 -3.39297 -0.0695871
-0.893 -3.45475 -0.107861
-0.892 -3.48917 -0.150543
-0.891 -3.51822 -0.181221
-0.89 -3.56675 -0.185054
-0.889 -3.64592 -0.157162
-0.888 -3.753 -0.102065
-0.887 -3.87313 -0.0351326
-0.886 -3.97949 0.0214161
-0.885 -4.04246 0.0518548
-0.884 -4.04647 0.0522523
-0.883 -3.99449 0.0292291
-0.882 -3.90747 0.00040396
-0.881 -3.82321 -0.0154683
-0.88 -3.77857 -0.0100746
-0.879 -3.79551 0.0131254
-0.878 -3.88184 0.0394664
-0.877 -4.02339 0.0476783
-0.876 -4.19211 0.018785
-0.875 -4.35925 -0.0526811
-0.874 -4.5005 -0.153275
-0.873 -4.61192 -0.255318
-0.872 -4.70427 -0.328084
-0.871 -4.79802 -0.35011
-0.87 -4.9159 -0.317245
-0.869 -5.06849 -0.247352
-0.868 -5.24579 -0.172292
-0.867 -5.42731 -0.125704
-0.866 -5.58441 -0.127787
-0.865 -5.68533 -0.177406
-0.864 -5.72053 -0.249833
-0.863 -5.69993 -0.304195
-0.862 -5.6451 -0.303916
-0.861 -5.58145 -0.231977
-0.86 -5.53296 -0.102626
-0.859 -5.518 0.0461147
-0.858 -5.5389 0.164504
-0.857 -5.58858 0.211189
-0.856 -5.65103 0.174405
-0.855 -5.7137 0.0741065
-0.854 -5.77279 -0.0444774
-0.853 -5.82737 -0.123454
-0.852 -5.89123 -0.11714
-0.851 -5.97975 -0.0125498
-0.85 -6.09136 0.159861
-0.849 -6.21772 0.341243
-0.848 -6.34791 0.464566
-0.847 -6.46953 0.48087
-0.846 -6.57742 0.382044
-0.845 -6.67621 0.199538
-0.844 -6.77603 0.0010095
-0.843 -6.88612 -0.140608
-0.842 -7.01816 -0.181921
-0.841 -7.17942 -0.124576
-0.84 -7.36082 -0.0105054
-0.839 -7.54179 0.0903609
-0.838 -7.70541 0.104735
-0.837 -7.84749 -0.00406651
-0.836 -7.96672 -0.22445
-0.835 -8.0732 -0.500086
-0.834 -8.18456 -0.741747
-0.833 -8.30726 -0.869804
-0.832 -8.43528 -0.842826
-0.831 -8.54309 -0.674223
-0.83 -8.60588 -0.427569
-0.829 -8.60022 -0.188565
-0.828 -8.50881 -0.0365578
-0.827 -8.34646 -0.00972639
-0.826 -8.15075 -0.0872575
-0.825 -7.97499 -0.20562
-0.824 -7.88236 -0.288059
-0.823 -7.90503 -0.271443
-0.822 -8.04422 -0.138856
-0.821 -8.28675 0.0720074
-0.82 -8.58548 0.283521
-0.819 -8.88966 0.408954
-0.818 -9.17661 0.389674
-0.817 -9.44074 0.218804
-0.816 -9.71751 -0.0522109
-0.815 -10.0395 -0.33767
-0.814 -10.4215 -0.553979
-0.813 -10.8699 -0.647467
-0.812 -11.3425 -0.615515
-0.811 -11.7561 -0.508932
-0.81 -12.0257 -0.404794
-0.809 -12.0892 -0.365048
-0.808 -11.9265 -0.417338
-0.807 -11.5915 -0.539797
-0.806 -11.1581 -0.669706
-0.805 -10.7163 -0.730646
-0.804 -10.3598 -0.665696
-0.803 -10.1379 -0.472995
-0.802 -10.0523 -0.203151
-0.801 -10.053 0.0521427
-0.8 -10.0822 0.212633
-0.799 -10.1027 0.239548
-0.798 -10.1078 0.139537
-0.797 -10.1448 -0.024429
-0.796 -10.2851 -0.16308
-0.795 -10.593 -0.206163
-0.794 -11.1058 -0.1348
-0.793 -11.7966 0.0150852
-0.792 -12.5818 0.162417
-0.791 -13.3369 0.210917
-0.79 -13.9302 0.104136
-0.789 -14.2746 -0.142335
-0.788 -14.3604 -0.455784
-0.787 -14.249 -0.725132
-0.786 -14.039 -0.847986
-0.785 -13.831 -0.772146
-0.784 -13.6926 -0.522232
-0.783 -13.6498 -0.203451
-0.782 -13.6496 0.0493993
-0.781 -13.6151 0.126762
-0.78 -13.4901 -0.0110512
-0.779 -13.2414 -0.307771
-0.778 -12.9193 -0.63671
-0.777 -12.6235 -0.857355
-0.776 -12.4697 -0.866732
-0.775 -12.5614 -0.645995
-0.774 -12.927 -0.274086
-0.773 -13.521 0.0944568
-0.772 -14.2342 0.290651
-0.771 -14.9205 0.206543
-0.77 -15.4679 -0.157071
-0.769 -15.8284 -0.6845
-0.768 -16.0253 -1.18592
-0.767 -16.1407 -1.47633
-0.766 -16.2893 -1.44792
-0.765 -16.5441 -1.11497
-0.764 -16.9109 -0.617798
-0.763 -17.3349 -0.150231
-0.762 -17.7098 0.102685
-0.761 -17.9266 0.0295482
-0.76 -17.9068 -0.319295
-0.759 -17.6751 -0.77463
-0.758 -17.3074 -1.1288
-0.757 -16.909 -1.19589
-0.756 -16.6236 -0.891591
-0.755 -16.5231 -0.291002
-0.754 -16.606 0.408152
-0.753 -16.8117 0.963496
-0.752 -17.0237 1.17658
-0.751 -17.1326 0.983665
-0.75 -17.0796 0.467507
-0.749 -16.8761 -0.169958
-0.748 -16.6234 -0.678802
-0.747 -16.4607 -0.877677
-0.746 -16.5031 -0.723292
-0.745 -16.8284 -0.326847
-0.744 -17.4212 0.0934112
-0.743 -18.1789 0.302902
-0.742 -18.9588 0.137408
-0.741 -19.6332 -0.401456
-0.74 -20.1423 -1.15794
-0.739 -20.4899 -1.89134
-0.738 -20.7336 -2.35124
-0.737 -20.9797 -2.39143
-0.736 -21.3145 -2.02894
-0.735 -21.7534 -1.42862
-0.734 -22.2339 -0.846268
-0.733 -22.6462 -0.505001
-0.732 -22.8734 -0.510274
-0.731 -22.8116 -0.816315
-0.73 -22.4116 -1.24105
-0.729 -21.7328 -1.54286
-0.728 -20.9263 -1.52403
-0.727 -20.1508 -1.12237
-0.726 -19.5542 -0.436817
-0.725 -19.2246 0.304772
-0.724 -19.1641 0.838657
-0.723 -19.3139 0.976672
-0.722 -19.5875 0.690202
-0.721 -19.9105 0.113825
-0.72 -20.2615 -0.512002
-0.719 -20.6463 -0.948033
-0.718 -21.117 -1.04016
-0.717 -21.7595 -0.791994
-0.716 -22.6018 -0.368639
-0.715 -23.6143 -0.0181036
-0.714 -24.7087 0.03718
-0.713 -25.7248 -0.296893
-0.712 -26.5151 -0.94354
-0.711 -26.9805 -1.68485
-0.71 -27.0753 -2.24554
-0.709 -26.8273 -2.39172
-0.708 -26.3302 -2.03884
-0.707 -25.7115 -1.29323
-0.706 -25.0671 -0.412522
-0.705 -24.4689 0.299463
-0.704 -23.9335 0.625705
-0.703 -23.4519 0.520665
-0.702 -23.0166 0.113886
-0.701 -22.6336 -0.337828
-0.7 -22.3456 -0.549524
-0.699 -22.1981 -0.357975
-0.698 -22.2642 0.211462
-0.697 -22.6082 0.969119
-0.696 -23.2207 1.60278
-0.695 -24.059 1.81192
-0.694 -25.0396 1.44284
-0.693 -26.0534 0.540399
-0.692 -27.022 -0.649273
-0.691 -27.8757 -1.77324
-0.69 -28.5731 -2.52539
-0.689 -29.1225 -2.73211
-0.688 -29.5476 -2.4393
-0.687 -29.8756 -1.88706
-0.686 -30.1026 -1.38788
-0.685 -30.2023 -1.21946
-0.684 -30.1676 -1.48982
-0.683 -29.9872 -2.10583
-0.682 -29.6617 -2.80223
-0.681 -29.2335 -3.25087
-0.68 -28.7803 -3.20896
-0.679 -28.3883 -2.59975
-0.678 -28.1139 -1.5712
-0.677 -27.9936 -0.434289
-0.676 -28.002 0.460944
-0.675 -28.0776 0.855374
-0.674 -28.1615 0.673546
-0.673 -28.2289 0.0431273
-0.672 -28.2813 -0.756736
-0.671 -28.3724 -1.42132
-0.67 -28.5786 -1.72716
-0.669 -28.9269 -1.61756
-0.668 -29.4512 -1.23375
-0.667 -30.1347 -0.81021
-0.666 -30.8946 -0.572521
-0.665 -31.6346 -0.685941
-0.664 -32.3032 -1.15377
-0.663 -32.836 -1.80448
-0.662 -33.2064 -2.38538
-0.661 -33.4742 -2.68618
-0.66 -33.6948 -2.58096
-0.659 -33.8786 -2.06733
-0.658 -34.008 -1.30084
-0.657 -34.0588 -0.507334
-0.656 -33.9534 0.113507
-0.655 -33.6126 0.459572
-0.654 -33.0211 0.531402
-0.653 -32.2286 0.419113
-0.652 -31.3131 0.271068
-0.651 -30.4129 0.200336
-0.65 -29.6839 0.246439
-0.649 -29.2149 0.365158
-0.648 -29.0531 0.464766
-0.647 -29.2143 0.448191
-0.646 -29.6442 0.272594
-0.645 -30.2896 -0.0488793
-0.644 -31.1447 -0.461184
-0.643 -32.1867 -0.847131
-0.642 -33.4085 -1.15514
-0.641 -34.8181 -1.38756
-0.64 -36.3717 -1.56215
-0.639 -37.9847 -1.73685
-0.638 -39.4974 -1.94547
-0.637 -40.7238 -2.1747
-0.636 -41.5845 -2.3749
-0.635 -42.0395 -2.46479
-0.634 -42.0569 -2.38459
-0.633 -41.7089 -2.1317
-0.632 -41.1175 -1.77694
-0.631 -40.3586 -1.44224
-0.63 -39.4985 -1.2539
-0.629 -38.5559 -1.28394
-0.628 -37.5079 -1.46905
-0.627 -36.3448 -1.68326
-0.626 -35.1527 -1.7701
-0.625 -34.0597 -1.575
-0.624 -33.2091 -1.06933
-0.623 -32.8075 -0.359802
-0.622 -32.9838 0.354185
-0.621 -33.7229 0.841914
-0.62 -34.9102 0.935416
-0.619 -36.3205 0.6209
-0.618 -37.7203 0.0229393
-0.617 -38.9451 -0.622653
-0.616 -39.898 -1.07429
-0.615 -40.6184 -1.20074
-0.614 -41.2671 -1.0071
-0.613 -41.9897 -0.667305
-0.612 -42.8472 -0.425286
-0.611 -43.7735 -0.507582
-0.61 -44.5847 -0.998885
-0.609 -45.0329 -1.79568
-0.608 -44.8955 -2.63218
-0.607 -44.1256 -3.17109
-0.606 -42.8403 -3.194
-0.605 -41.2939 -2.63705
-0.604 -39.8246 -1.63416
-0.603 -38.7411 -0.484361
-0.602 -38.223 0.487373
-0.601 -38.2683 1.02631
-0.6 -38.7085 1.08625
-0.599 -39.2444 0.824781
-0.598 -39.5972 0.494205
-0.597 -39.6677 0.361385
-0.596 -39.5432 0.574655
-0.595 -39.4378 1.0528
-0.594 -39.6756 1.52842
-0.593 -40.5005 1.67597
-0.592 -41.9679 1.24312
-0.591 -43.9425 0.159849
-0.59 -46.0727 -1.38831
-0.589 -47.9866 -3.02081
-0.588 -49.3368 -4.3307
-0.587 -49.9783 -4.98334
-0.586 -50.0288 -4.86819
-0.585 -49.7223 -4.19867
-0.584 -49.3585 -3.35433
-0.583 -49.1686 -2.70595
-0.582 -49.2564 -2.5063
-0.581 -49.5135 -2.73277
-0.58 -49.7042 -3.08324
-0.579 -49.5374 -3.13577
-0.578 -48.7922 -2.53515
-0.577 -47.4865 -1.16551
-0.576 -45.8093 0.772574
-0.575 -44.0708 2.80349
-0.574 -42.6385 4.30861
-0.573 -41.7653 4.81294
-0.572 -41.5846 4.18819
-0.571 -42.0094 2.6631
-0.57 -42.7545 0.779652
-0.569 -43.5673 -0.805521
-0.568 -44.2673 -1.57772
-0.567 -44.8435 -1.38668
-0.566 -45.3863 -0.519787
-0.565 -46.0574 0.441552
-0.564 -47.0128 0.87557
-0.563 -48.2647 0.387674
-0.562 -49.7134 -1.02814
-0.561 -51.1341 -2.93151
-0.56 -52.2132 -4.56334
-0.559 -52.7121 -5.19135
-0.558 -52.5434 -4.40874
-0.557 -51.7725 -2.28462
-0.556 -50.6698 0.614012
-0.555 -49.5121 3.38202
-0.554 -48.534 5.15327
-0.553 -47.8507 5.43533
-0.552 -47.4101 4.24463
-0.551 -47.065 2.14999
-0.55 -46.6551 0.0255716
-0.549 -46.1379 -1.30042
-0.548 -45.6133 -1.34929
-0.547 -45.2984 -0.213208
-0.546 -45.451 1.48352
-0.545 -46.2922 2.81443
-0.544 -47.8911 2.97231
-0.543 -50.0965 1.58797
-0.542 -52.5391 -1.1128
-0.541 -54.7664 -4.36395
-0.54 -56.4278 -7.16333
-0.539 -57.3674 -8.59827
-0.538 -57.6263 -8.2237
-0.537 -57.5133 -6.24995
-0.536 -57.3745 -3.44999
-0.535 -57.4835 -0.866801
-0.534 -57.9673 0.588531
-0.533 -58.6615 0.495576
-0.532 -59.1789 -0.938147
-0.531 -59.1344 -2.95636
-0.53 -58.2996 -4.56821
-0.529 -56.6432 -4.97449
-0.528 -54.4543 -3.84911
-0.527 -52.285 -1.49095
-0.526 -50.7236 1.30151
-0.525 -50.1936 3.53056
-0.524 -50.7264 4.42445
-0.523 -52.003 3.70765
-0.522 -53.4459 1.69698
-0.521 -54.3861 -0.777685
-0.52 -54.4061 -2.77202
-0.519 -53.4247 -3.54355
-0.518 -51.7955 -2.86575
-0.517 -50.1768 -1.08618
-0.516 -49.278 1.04299
-0.515 -49.5628 2.62387
-0.514 -51.0543 3.01408
-0.513 -53.3354 2.05934
-0.512 -55.6817 0.150568
-0.511 -57.344 -1.9418
-0.51 -57.8149 -3.42663
-0.509 -57.1028 -3.78814
-0.508 -55.6846 -2.96194
-0.507 -54.2785 -1.36234
-0.506 -53.6925 0.327134
-0.505 -54.4154 1.43217
-0.504 -56.2986 1.5824
-0.503 -58.7937 0.804505
-0.502 -61.0588 -0.481953
-0.501 -62.1646 -1.63501
-0.5 -61.5795 -2.11028
-0.499 -59.3468 -1.64504
-0.498 -56.1622 -0.397596
-0.497 -53.0677 1.14513
-0.496 -51.0382 2.37376
-0.495 -50.6825 2.81094
-0.494 -52.0039 2.28548
-0.493 -54.4971 0.994417
-0.492 -57.2961 -0.568792
-0.491 -59.4964 -1.86188
-0.49 -60.5752 -2.53935
-0.489 -60.5549 -2.57408
-0.488 -60.0116 -2.25159
-0.487 -59.8741 -2.01072
-0.486 -60.9098 -2.29159
-0.485 -63.3942 -3.28835
-0.484 -66.9961 -4.8254
-0.483 -70.9141 -6.47242
-0.482 -74.0712 -7.66753
-0.481 -75.4712 -7.96125
-0.48 -74.6016 -7.17624
-0.479 -71.6544 -5.54317
-0.478 -67.4104 -3.60925
-0.477 -62.9704 -1.9601
-0.476 -59.4101 -1.01495
-0.475 -57.3007 -0.887663
-0.474 -56.6634 -1.33604
-0.473 -56.9463 -1.8478
-0.472 -57.3467 -1.8684
-0.471 -57.1723 -1.09444
-0.47 -56.1255 0.418623
-0.469 -54.5202 2.26684
-0.468 -53.0791 3.80591
-0.467 -52.6334 4.43634
-0.466 -53.8052 3.84703
-0.465 -56.8072 2.12582
-0.464 -61.1626 -0.251536
-0.463 -65.9427 -2.59422
-0.462 -70.1521 -4.23665
-0.461 -72.8219 -4.7845
-0.46 -73.5431 -4.25664
-0.459 -72.5552 -3.07147
-0.458 -70.5036 -1.85977
-0.457 -68.2897 -1.15887
-0.456 -66.6813 -1.28066
-0.455 -65.9888 -2.18069
-0.454 -66.017 -3.42946
-0.453 -66.3214 -4.43368
-0.452 -66.3081 -4.65245
-0.451 -65.4696 -3.80907
-0.45 -63.7415 -2.03556
-0.449 -61.5224 0.188814
-0.448 -59.5589 2.22964
-0.447 -58.5985 3.49456
-0.446 -59.1095 3.65395
-0.445 -61.1198 2.68996
-0.444 -64.233 0.924705
-0.443 -67.7232 -1.05305
-0.442 -70.7849 -2.68106
-0.441 -72.8059 -3.56943
-0.44 -73.525 -3.63318
-0.439 -73.2305 -3.07907
-0.438 -72.4756 -2.30336
-0.437 -71.8472 -1.70685
-0.436 -71.8311 -1.57851
-0.435 -72.5952 -2.01979
-0.434 -73.9312 -2.87663
-0.433 -75.3398 -3.81022
-0.432 -76.2787 -4.43869
-0.431 -76.4112 -4.51973
-0.43 -75.7553 -3.91552
-0.429 -74.6031 -2.66642
-0.428 -73.4277 -1.05415
-0.427 -72.7799 0.554463
-0.426 -72.99 1.81502
-0.425 -74.0333 2.46704
-0.424 -75.4968 2.35941
-0.423 -76.8477 1.54159
-0.422 -77.5236 0.238796
-0.421 -77.1076 -1.25425
-0.42 -75.5474 -2.57339
-0.419 -73.1775 -3.40325
-0.418 -70.5872 -3.58762
-0.417 -68.3219 -3.17506
-0.416 -66.8123 -2.43929
-0.415 -66.2514 -1.78675
-0.414 -66.563 -1.54416
-0.413 -67.3422 -1.9634
-0.412 -68.2168 -3.07966
-0.411 -68.8972 -4.58781
-0.41 -69.2562 -6.02563
-0.409 -69.5856 -6.88124
-0.408 -70.2596 -6.73648
-0.407 -71.5864 -5.4789
-0.406 -73.7415 -3.41322
-0.405 -76.6079 -1.1162
-0.404 -79.7352 0.723349
-0.403 -82.5141 1.54062
-0.402 -84.4151 1.1028
-0.401 -85.0728 -0.386237
-0.4 -84.3841 -2.34693
-0.399 -82.6193 -4.03266
-0.398 -80.3829 -4.80135
-0.397 -78.2724 -4.3578
-0.396 -76.6482 -2.82698
-0.395 -75.6706 -0.775504
-0.394 -75.1902 0.963036
-0.393 -74.872 1.68676
-0.392 -74.4068 1.09065
-0.391 -73.6122 -0.682637
-0.39 -72.5601 -3.05852
-0.389 -71.6859 -5.19807
-0.388 -71.5873 -6.33193
-0.387 -72.641 -6.04126
-0.386 -74.9119 -4.46016
-0.385 -78.172 -2.1815
-0.384 -81.8623 -0.0283208
-0.383 -85.2091 1.20617
-0.382 -87.6121 1.07838
-0.381 -88.7453 -0.338625
-0.38 -88.6811 -2.51007
-0.379 -87.8871 -4.62471
-0.378 -86.9192 -5.86873
-0.377 -86.289 -5.79843
-0.376 -86.1984 -4.3866
-0.375 -86.3277 -2.07037
-0.374 -86.1646 0.363451
-0.373 -85.2668 2.16882
-0.372 -83.2579 2.90144
-0.371 -80.2454 2.51072
-0.37 -76.9025 1.38766
-0.369 -73.9783 0.175738
-0.368 -72.1908 -0.541162
-0.367 -72.0505 -0.40937
-0.366 -73.4617 0.533136
-0.365 -75.8872 1.90023
-0.364 -78.5579 3.10052
-0.363 -80.5703 3.55817
-0.362 -81.4892 2.95499
-0.361 -81.4992 1.31416
-0.36 -81.1678 -1.03454
-0.359 -81.2153 -3.57872
-0.358 -82.2723 -5.81854
-0.357 -84.6015 -7.40733
-0.356 -87.807 -8.2396
-0.355 -91.0942 -8.46372
-0.354 -93.4856 -8.39795
-0.353 -94.2421 -8.30285
-0.352 -93.1333 -8.29093
-0.351 -90.5942 -8.38331
-0.35 -87.5421 -8.42077
-0.349 -85.0035 -8.16435
-0.348 -83.7283 -7.47362
-0.347 -83.8855 -6.37541
-0.346 -85.0985 -5.0231
-0.345 -86.368 -3.6118
-0.344 -86.7212 -2.3073
-0.343 -85.6297 -1.28074
-0.342 -83.1088 -0.58044
-0.341 -79.8185 -0.0906679
-0.34 -76.8443 0.299587
-0.339 -75.2593 0.666043
-0.338 -75.6618 0.909347
-0.337 -78.0238 0.888807
-0.336 -81.6779 0.4885
-0.335 -85.5934 -0.402039
-0.334 -88.8139 -1.72387
-0.333 -90.6527 -3.23245
-0.332 -91.0979 -4.58709
-0.331 -90.8536 -5.4788
-0.33 -90.7634 -5.72328
-0.329 -91.5528 -5.31481
-0.328 -93.5427 -4.52546
-0.327 -96.4091 -3.7291
-0.326 -99.2951 -3.273
-0.325 -101.175 -3.38702
-0.324 -101.283 -4.00097
-0.323 -99.3285 -4.84672
-0.322 -95.6501 -5.5155
-0.321 -91.1158 -5.58752
-0.32 -86.7555 -4.8126
-0.319 -83.4552 -3.24792
-0.318 -81.6394 -1.28182
-0.317 -81.0872 0.539637
-0.316 -81.1863 1.6885
-0.315 -81.2616 1.81107
-0.314 -80.9222 0.915346
-0.313 -80.2113 -0.595625
-0.312 -79.6246 -2.17266
-0.311 -79.8366 -3.22958
-0.31 -81.396 -3.38158
-0.309 -84.4721 -2.61418
-0.308 -88.7393 -1.20907
-0.307 -93.458 0.287572
-0.306 -97.6358 1.26727
-0.305 -100.58 1.27925
-0.304 -102.038 0.179913
-0.303 -102.18 -1.77013
-0.302 -101.677 -3.99882
-0.301 -101.309 -5.88034
-0.3 -101.453 -6.86416
-0.299 -101.971 -6.69601
-0.298 -102.355 -5.48234
-0.297 -101.874 -3.66782
-0.296 -99.88 -1.92844
-0.295 -96.3602 -0.893559
-0.294 -91.9641 -0.926098
-0.293 -87.7071 -2.02714
-0.292 -84.7211 -3.83284
-0.291 -83.8136 -5.72035
-0.29 -85.09 -7.01382
-0.289 -87.7525 -7.21318
-0.288 -90.5124 -6.1858
-0.287 -92.0784 -4.20624
-0.286 -91.7198 -1.86957
-0.285 -89.5781 0.0671865
-0.284 -86.6755 0.965958
-0.283 -84.612 0.477705
-0.282 -84.7559 -1.31807
-0.281 -87.8091 -3.90921
-0.28 -93.3415 -6.46983
-0.279 -99.8164 -8.16668
-0.278 -105.295 -8.48259
-0.277 -108.107 -7.32905
-0.276 -107.484 -5.14602
-0.275 -103.9 -2.75195
-0.274 -99.0422 -1.06484
-0.273 -95.2165 -0.768011
-0.272 -94.1855 -2.00268
-0.271 -96.5467 -4.38804
-0.27 -101.484 -7.09047
-0.269 -106.91 -9.03887
-0.268 -110.316 -9.37868
-0.267 -109.793 -7.75765
-0.266 -104.854 -4.56727
-0.265 -96.6978 -0.822116
-0.264 -87.9064 2.22329
-0.263 -81.4316 3.5331
-0.262 -79.5113 2.62855
-0.261 -82.8872 -0.287097
-0.26 -90.3257 -4.3032
-0.259 -99.2218 -8.08126
-0.258 -106.716 -10.464
-0.257 -110.655 -10.867
-0.256 -110.474 -9.42765
-0.255 -107.349 -6.98123
-0.254 -103.7 -4.73713
-0.253 -102.19 -3.73079
-0.252 -104.443 -4.46625
-0.251 -110.501 -6.72103
-0.25 -118.599 -9.52481
-0.249 -125.826 -11.561
-0.248 -129.431 -11.7734
-0.247 -127.729 -9.68215
-0.246 -120.851 -5.58645
-0.245 -110.599 -0.512115
-0.244 -99.7491 4.25611
-0.243 -91.2076 7.52936
-0.242 -86.6571 8.65255
-0.241 -86.1425 7.77984
-0.24 -88.4136 5.70171
-0.239 -91.3214 3.45897
-0.238 -92.9308 1.97412
-0.237 -92.2714 1.68331
-0.236 -89.7897 2.39519
-0.235 -86.975 3.3793
-0.234 -85.6027 3.74093
-0.233 -87.1401 2.88224
-0.232 -91.897 0.632792
-0.231 -98.9436 -2.62377
-0.23 -106.554 -6.09674
-0.229 -112.927 -8.95341
-0.228 -116.774 -10.5984
-0.227 -117.96 -10.8953
-0.226 -117.312 -10.1704
-0.225 -116.018 -9.08515
-0.224 -115.138 -8.25969
-0.223 -115.094 -8.06866
-0.222 -115.456 -8.4401
-0.221 -115.19 -8.9404
-0.22 -113.379 -9.08998
-0.219 -109.863 -8.54196
-0.218 -105.137 -7.24035
-0.217 -100.475 -5.57864
-0.216 -97.4772 -4.19943
-0.215 -96.988 -3.62345
-0.214 -98.9657 -4.10666
-0.213 -102.487 -5.39782
-0.212 -105.943 -6.90581
-0.211 -107.661 -7.92493
-0.21 -106.942 -7.92257
-0.209 -104.331 -6.83694
-0.208 -101.44 -5.09499
-0.207 -100.413 -3.50796
-0.206 -102.853 -2.87067
-0.205 -109.031 -3.63626
-0.204 -117.714 -5.70899
-0.203 -126.418 -8.35218
-0.202 -132.381 -10.4697
-0.201 -133.606 -11.038
-0.2 -129.682 -9.63063
-0.199 -122.204 -6.53803
-0.198 -114.185 -2.66074
-0.197 -108.684 0.658072
-0.196 -107.674 2.26865
-0.195 -111.299 1.65351
-0.194 -117.692 -0.863613
-0.193 -123.628 -4.13622
-0.192 -125.779 -6.74539
-0.191 -122.197 -7.417
-0.19 -113.052 -5.50832
-0.189 -100.74 -1.47033
-0.188 -89.0369 3.49255
-0.187 -81.6109 7.75288
-0.186 -80.7014 9.80984
-0.185 -86.2504 9.00338
-0.184 -95.9608 5.62672
-0.183 -106.212 0.931855
-0.182 -113.348 -3.31523
-0.181 -115.202 -5.59765
-0.18 -112.002 -5.20605
-0.179 -106.072 -2.45505
-0.178 -100.814 1.39454
-0.177 -99.419 4.5868
-0.176 -103.485 5.47995
-0.175 -112.366 3.25252
-0.174 -123.526 -1.74706
-0.173 -133.422 -8.1818
-0.172 -138.747 -14.1403
-0.171 -137.902 -17.8937
-0.17 -131.42 -18.4341
-0.169 -121.625 -15.7992
-0.168 -111.746 -11.1745
-0.167 -104.603 -6.37421
-0.166 -101.64 -3.09393
-0.165 -102.696 -2.42384
-0.164 -106.081 -4.48483
-0.163 -109.396 -8.34094
-0.162 -110.811 -12.3485
-0.161 -109.753 -14.9404
-0.16 -107.004 -15.1621
-0.159 -104.25 -12.8934
-0.158 -103.371 -8.986
-0.157 -105.408 -4.95295
-0.156 -110.349 -2.25688
-0.155 -117.077 -1.90774
-0.154 -123.809 -4.13569
-0.153 -128.91 -8.22352
-0.152 -131.565 -12.9092
-0.151 -132.006 -16.7308
-0.15 -131.135 -18.4906
-0.149 -129.994 -17.68
-0.148 -129.15 -14.5521
-0.147 -128.333 -9.96292
-0.146 -126.592 -5.10995
-0.145 -122.868 -1.08978
-0.144 -116.628 1.36089
-0.143 -108.456 2.10032
-0.142 -100.045 1.58124
-0.141 -93.6709 0.534782
-0.14 -91.1771 -0.153093
-0.139 -93.1855 0.206968
-0.138 -98.7391 1.88648
-0.137 -105.523 4.66783
-0.136 -110.841 7.82358
-0.135 -112.626 10.4176
-0.134 -110.374 11.5228
-0.133 -105.463 10.4973
-0.132 -100.849 7.32933
-0.131 -99.706 2.59155
-0.13 -103.864 -2.72125
-0.129 -113.124 -7.41353
-0.128 -124.965 -10.4405
-0.127 -135.462 -11.2774
-0.126 -140.748 -10.0771
-0.125 -138.589 -7.61308
-0.124 -129.438 -5.09218
-0.123 -116.397 -3.67628
-0.122 -104.243 -4.06143
-0.121 -97.5773 -6.32435
-0.12 -99.0279 -9.75545
-0.119 -108.116 -13.099
-0.118 -121.414 -15.1061
-0.117 -133.832 -14.9645
-0.116 -140.612 -12.5994
-0.115 -138.96 -8.69301
-0.114 -129.316 -4.60316
-0.113 -115.328 -1.73689
-0.112 -102.165 -1.00842
-0.111 -94.6623 -2.6374
-0.11 -95.5052 -5.91666
-0.109 -104.135 -9.54674
-0.108 -116.949 -12.1237
-0.107 -128.786 -12.665
-0.106 -134.876 -11.0119
-0.105 -132.75 -7.84588
-0.104 -123.22 -4.45653
-0.103 -110.003 -2.07909
-0.102 -98.2772 -1.42153
-0.101 -92.8115 -2.50911
-0.1 -96.0044 -4.65209
-0.099 -107.049 -6.73076
-0.098 -122.411 -7.70951
-0.097 -136.936 -7.13082
-0.096 -145.842 -5.19694
-0.095 -146.546 -2.66821
-0.094 -139.341 -0.500412
-0.093 -127.214 0.580841
-0.092 -114.634 0.391637
-0.091 -105.733 -0.631437
-0.09 -102.831 -1.68982
-0.089 -105.695 -2.06637
-0.088 -111.86 -1.48144
-0.087 -117.611 -0.252265
-0.086 -119.75 0.889808
-0.085 -116.721 1.21521
-0.084 -109.199 0.243051
-0.083 -99.784 -1.81396
-0.082 -91.8488 -4.11892
-0.081 -88.3705 -5.62058
-0.08 -90.7583 -5.45279
-0.079 -98.4892 -3.45703
-0.078 -109.335 -0.240552
-0.077 -120.399 2.85553
-0.076 -129.166 4.31456
-0.075 -134.305 3.19558
-0.074 -136.006 -0.465531
-0.073 -135.502 -5.59251
-0.072 -134.41 -10.4098
-0.071 -133.888 -13.0404
-0.07 -134.313 -12.4088
-0.069 -135.153 -8.74435
-0.068 -135.213 -3.55678
-0.067 -133.617 0.895875
-0.066 -130.124 2.37568
-0.065 -125.275 -0.323724
-0.064 -120.215 -6.68098
-0.063 -116.126 -14.6629
-0.062 -113.513 -21.4493
-0.061 -112.193 -24.391
-0.06 -111.701 -22.0974
-0.059 -111.154 -15.1704
-0.058 -109.863 -6.02122
-0.057 -108.278 1.91494
-0.056 -107.518 5.53306
-0.055 -108.742 3.33397
-0.054 -112.68 -3.88096
-0.053 -119.01 -13.2509
-0.052 -126.371 -20.9126
-0.051 -132.55 -23.4746
-0.05 -135.404 -19.3861
-0.049 -133.632 -9.59386
-0.048 -127.509 2.69168
-0.047 -118.846 13.1944
-0.046 -110.419 18.2602
-0.045 -104.967 16.3258
-0.044 -103.895 8.48224
-0.043 -106.776 -1.8176
-0.042 -111.445 -10.1339
-0.041 -115.087 -12.7923
-0.04 -115.134 -8.31442
-0.039 -110.516 1.91146
-0.038 -102.245 14.1396
-0.037 -93.0069 23.7051
-0.036 -86.3477 26.8636
-0.035 -85.1207 22.2634
-0.034 -90.2315 11.4644
-0.033 -100.355 -1.69576
-0.032 -112.43 -12.5513
-0.031 -122.701 -17.4341
-0.03 -128.181 -15.1099
-0.029 -127.679 -7.18897
-0.028 -122.455 2.45648
-0.027 -115.668 9.27727
-0.026 -110.926 9.9694
-0.025 -110.917 3.75164
-0.024 -116.22 -7.46196
-0.023 -125.24 -19.7812
-0.022 -134.884 -28.8496
-0.021 -141.761 -31.5661
-0.02 -143.553 -27.2695
-0.019 -139.941 -18.0404
-0.018 -132.618 -7.88256
-0.017 -124.672 -0.948449
-0.016 -119.181 0.26295
-0.015 -117.983 -4.335
-0.014 -120.969 -12.4058
-0.013 -126.204 -20.1422
-0.012 -131.099 -23.9187
-0.011 -133.383 -21.7737
-0.01 -132.036 -14.2517
-0.009 -127.605 -4.19751
-0.008 -121.911 4.52646
-0.007 -117.192 8.66324
-0.006 -114.977 6.94676
-0.005 -115.453 0.598682
-0.004 -117.531 -7.30319
-0.003 -119.43 -13.1197
-0.002 -119.654 -14.1866
-0.001 -117.741 -9.96698
0 -114.372 -2.3117
0.001 -110.975 5.36763
0.002 -109.102 9.63625
0.003 -109.421 8.60079
0.004 -111.409 2.77837
0.005 -113.516 -5.1233
0.006 -113.984 -11.4795
0.007 -111.742 -13.2202
0.008 -107.011 -9.12844
0.009 -101.375 -0.409388
0.01 -97.0612 9.68195
0.011 -95.8268 17.2051
0.012 -98.2096 19.3392
0.013 -103.184 15.5649
0.014 -108.35 7.84645
0.015 -111.143 -0.222955
0.016 -109.831 -4.85304
0.017 -104.286 -3.66747
0.018 -96.3858 3.29177
0.019 -89.1321 13.4408
0.02 -85.4528 22.6753
0.021 -87.1651 27.0507
0.022 -94.0138 24.3883
0.023 -103.624 15.3325
0.024 -112.645 3.00416
0.025 -117.917 -8.23746
0.026 -117.87 -14.4686
0.027 -113.161 -13.7454
0.028 -106.368 -6.93094
0.029 -101.224 2.66525
0.03 -100.71 10.5734
0.031 -106.04 12.9272
0.032 -116.252 8.06007
0.033 -128.379 -2.7886
0.034 -138.561 -15.915
0.035 -143.617 -26.6897
0.036 -142.325 -31.2853
0.037 -135.658 -28.0994
0.038 -126.404 -18.5143
0.039 -118.18 -6.28625
0.04 -113.661 3.93865
0.041 -113.764 8.39132
0.042 -117.383 5.73502
0.043 -122.041 -2.55695
0.044 -124.864 -12.8282
0.045 -123.717 -20.6343
0.046 -118.214 -22.5743
0.047 -109.82 -17.4939
0.048 -101.153 -6.94487
0.049 -95.0015 5.34494
0.05 -93.249 15.1383
0.051 -96.1048 19.2214
0.052 -102.293 16.6609
0.053 -109.596 9.05651
0.054 -115.849 -0.252391
0.055 -119.645 -7.43649
0.056 -120.746 -9.61352
0.057 -119.87 -5.94739
0.058 -118.21 2.00567
0.059 -116.795 11.1693
0.06 -116.06 18.1237
0.061 -115.517 20.4286
0.062 -114.259 17.5365
0.063 -111.652 10.8108
0.064 -107.524 2.88131
0.065 -102.487 -3.41776
0.066 -97.5702 -6.06897
0.067 -93.9601 -4.60462
0.068 -92.3261 -0.170974
0.069 -92.3809 5.04288
0.07 -93.2035 8.70344
0.071 -93.6273 9.25733
0.072 -93.0688 6.57105
0.073 -91.8891 1.7437
0.074 -91.3712 -3.40374
0.075 -93.1141 -7.07567
0.076 -98.189 -8.22066
0.077 -106.879 -6.79469
0.078 -117.912 -3.70707
0.079 -128.723 -0.458449
0.08 -136.422 1.58389
0.081 -138.75 1.74347
0.082 -135.194 0.223993
0.083 -127.206 -2.10938
0.084 -117.679 -4.16361
0.085 -109.997 -5.1243
0.086 -106.859 -4.81895
0.087 -108.964 -3.66879
0.088 -114.671 -2.47698
0.089 -120.822 -1.93566
0.09 -123.706 -2.33795
0.091 -120.799 -3.42223
0.092 -111.894 -4.43833
0.093 -99.3482 -4.65115
0.094 -87.1723 -3.61836
0.095 -79.8951 -1.4929
0.096 -80.5944 1.08281
0.097 -89.442 3.06762
0.098 -103.836 3.65318
0.099 -119.13 2.66195
0.1 -130.187 0.616397
0.101 -133.311 -1.49721
0.102 -127.765 -2.5952
0.103 -115.977 -1.93063
0.104 -102.733 0.517922
0.105 -93.2454 3.93236
0.106 -91.1922 7.06752
0.107 -97.2939 8.73645
0.108 -109.064 8.23113
0.109 -121.843 5.65344
0.11 -130.4 2.0071
0.111 -131.154 -1.2392
0.112 -123.566 -2.80881
0.113 -110.24 -2.06276
0.114 -96.0745 0.842943
0.115 -86.3434 4.96145
0.116 -84.5363 8.88128
0.117 -91.0871 11.3101
0.118 -103.389 11.467
0.119 -116.561 9.42688
0.12 -125.531 6.04908
0.121 -126.903 2.60803
0.122 -120.176 0.315417
0.123 -107.939 -0.0825936
0.124 -94.7663 1.40127
0.125 -85.4675 3.95016
0.126 -83.1859 6.41231
0.127 -88.3599 7.5995
0.128 -98.7444 6.73197
0.129 -110.471 3.70275
0.13 -119.615 -1.00556
0.131 -123.657 -6.35299
0.132 -122.408 -11.0938
0.133 -117.753 -14.2229
0.134 -112.784 -15.2004
0.135 -110.357 -14.1183
0.136 -111.973 -11.5706
0.137 -117.199 -8.41493
0.138 -123.934 -5.64573
0.139 -129.377 -3.98221
0.14 -131.231 -3.6298
0.141 -128.553 -4.32247
0.142 -122.054 -5.389
0.143 -113.512 -5.93785
0.144 -105.158 -5.16234
0.145 -98.6913 -2.66336
0.146 -94.7173 1.32704
0.147 -92.8035 6.10143
0.148 -91.8235 10.6275
0.149 -90.9011 13.7091
0.15 -89.7568 14.4934
0.151 -88.8574 12.7465
0.152 -89.2555 8.94145
0.153 -91.8657 4.25972
0.154 -96.8526 0.18516
0.155 -103.488 -2.04976
0.156 -110.146 -1.74546
0.157 -115.002 0.928978
0.158 -117.018 4.90478
0.159 -116.091 8.68918
0.16 -113.255 10.8953
0.161 -110.364 10.6761
0.162 -109.183 8.08832
0.163 -110.467 4.11635
0.164 -113.573 0.286477
0.165 -116.666 -1.7838
0.166 -117.547 -1.14473
0.167 -114.464 2.0952
0.168 -107.121 6.86821
0.169 -97.0359 11.4463
0.17 -87.0556 14.0763
0.171 -80.4205 13.5755
0.172 -79.4517 9.82996
0.173 -84.6516 3.87399
0.174 -94.3269 -2.53302
0.175 -105.276 -7.5072
0.176 -113.942 -9.71853
0.177 -117.717 -8.85113
0.178 -116.142 -5.68731
0.179 -110.764 -1.8372
0.18 -104.683 0.907518
0.181 -101.388 1.28699
0.182 -103.115 -0.998432
0.183 -110.012 -5.24394
0.184 -120.002 -9.91956
0.185 -129.491 -13.2605
0.186 -134.789 -14.0737
0.187 -133.704 -12.0358
0.188 -126.172 -7.78471
0.189 -114.295 -2.78372
0.19 -101.792 1.27002
0.191 -92.4786 3.14665
0.192 -88.717 2.49018
0.193 -90.6698 -0.11577
0.194 -96.3919 -3.38624
0.195 -102.526 -5.85195
0.196 -105.881 -6.4428
0.197 -104.581 -4.8298
0.198 -98.6721 -1.5196
0.199 -90.3305 2.34191
0.2 -82.6986 5.44777
0.201 -78.6193 6.78751
0.202 -79.6979 6.11704
0.203 -85.5162 3.94611
0.204 -94.0445 1.27106
0.205 -102.534 -0.809818
0.206 -108.434 -1.57829
0.207 -110.586 -0.925532
0.208 -109.349 0.643397
0.209 -106.296 2.36858
0.21 -103.438 3.45231
0.211 -102.488 3.41808
0.212 -103.96 2.36039
0.213 -107.098 0.824029
0.214 -110.373 -0.463317
0.215 -112.105 -0.893536
0.216 -111.272 -0.284659
0.217 -107.964 1.10718
0.218 -103.103 2.75203
0.219 -98.22 4.02362
0.22 -94.6257 4.57311
0.221 -92.7117 4.38723
0.222 -92.2272 3.84911
0.223 -92.2759 3.5185
0.224 -91.8519 3.76447
0.225 -90.6685 4.58456
0.226 -89.1036 5.6607
0.227 -88.2411 6.40657
0.228 -89.3141 6.15533
0.229 -92.9756 4.50413
0.23 -99.1788 1.60152
0.231 -106.65 -1.922
0.232 -113.492 -5.21047
0.233 -117.966 -7.48456
0.234 -119.196 -8.33318
0.235 -117.582 -7.91607
0.236 -114.438 -6.90927
0.237 -111.646 -6.2326
0.238 -110.703 -6.52366
0.239 -111.996 -7.96047
0.24 -114.629 -10.2156
0.241 -116.591 -12.3453
0.242 -115.847 -13.266
0.243 -110.969 -12.1432
0.244 -102.071 -8.88668
0.245 -90.9772 -4.13898
0.246 -80.4801 0.948392
0.247 -73.4007 5.01751
0.248 -71.4794 7.10858
0.249 -74.8082 6.85624
0.25 -81.7869 4.77677
0.251 -89.5686 1.99854
0.252 -95.2742 -0.227966
0.253 -97.2238 -0.933461
0.254 -95.375 0.159569
0.255 -91.4339 2.48142
0.256 -87.9959 4.96307
0.257 -87.545 6.42556
0.258 -91.2607 6.03216
0.259 -98.5201 3.635
0.26 -107.196 -0.136175
0.261 -114.35 -4.12365
0.262 -117.456 -7.02786
0.263 -115.259 -7.92013
0.264 -108.45 -6.53946
0.265 -99.3368 -3.40888
0.266 -90.8819 0.346715
0.267 -85.6732 3.4803
0.268 -84.8892 5.05757
0.269 -88.0437 4.70013
0.27 -93.2387 2.72672
0.271 -97.9495 0.0171144
0.272 -100.043 -2.36696
0.273 -98.6757 -3.58066
0.274 -94.5417 -3.23217
0.275 -89.4478 -1.51249
0.276 -85.5876 0.878629
0.277 -84.6328 3.03864
0.278 -87.158 4.17952
0.279 -92.3971 3.87224
0.28 -98.6087 2.18292
0.281 -103.762 -0.363872
0.282 -106.411 -2.91107
0.283 -106.205 -4.67282
0.284 -103.802 -5.15429
0.285 -100.602 -4.23454
0.286 -98.1881 -2.2934
0.287 -97.5938 0.0119661
0.288 -98.9279 1.97764
0.289 -101.409 2.98938
0.29 -103.774 2.7754
0.291 -104.707 1.48243
0.292 -103.481 -0.414664
0.293 -100.17 -2.20511
0.294 -95.6031 -3.25414
0.295 -90.9597 -3.27291
0.296 -87.2384 -2.2321
0.297 -85.0259 -0.511662
0.298 -84.172 1.2555
0.299 -84.1792 2.45191
0.3 -84.3302 2.60873
0.301 -84.0375 1.60955
0.302 -83.2575 -0.277107
0.303 -82.3938 -2.50443
0.304 -82.2326 -4.43182
0.305 -83.3465 -5.53284
0.306 -85.9918 -5.52505
0.307 -89.9098 -4.5496
0.308 -94.3178 -3.0424
0.309 -98.2888 -1.62372
0.31 -101.049 -0.845283
0.311 -102.254 -1.00018
0.312 -102.132 -2.05403
0.313 -101.227 -3.63112
0.314 -100.257 -5.12915
0.315 -99.6658 -5.98179
0.316 -99.4101 -5.8232
0.317 -99.146 -4.65059
0.318 -98.2376 -2.80981
0.319 -96.049 -0.844144
0.32 -92.4368 0.710573
0.321 -87.8143 1.48413
0.322 -83.0081 1.40087
0.323 -79.1049 0.719082
0.324 -76.9244 -0.152418
0.325 -76.7734 -0.790689
0.326 -78.3654 -0.862724
0.327 -80.9179 -0.377091
0.328 -83.3819 0.430824
0.329 -84.9573 1.24778
0.33 -85.4193 1.66649
0.331 -85.0111 1.40172
0.332 -84.4499 0.432199
0.333 -84.6598 -0.973987
0.334 -86.2422 -2.492
0.335 -89.182 -3.82695
0.336 -92.8648 -4.71525
0.337 -96.2594 -5.08878
0.338 -98.287 -5.04952
0.339 -98.2971 -4.78839
0.34 -96.3161 -4.44203
0.341 -92.9754 -4.05503
0.342 -89.3767 -3.59187
0.343 -86.5742 -2.90267
0.344 -85.1471 -1.89876
0.345 -85.2109 -0.62772
0.346 -86.1244 0.790258
0.347 -86.901 2.17529
0.348 -86.7335 3.31077
0.349 -85.1082 4.0174
0.35 -82.209 4.27521
0.351 -78.8359 4.25225
0.352 -75.9775 4.14549
0.353 -74.5684 4.10863
0.354 -75.0075 4.19425
0.355 -77.0931 4.26198
0.356 -80.0836 4.04678
0.357 -83.0006 3.26153
0.358 -85.026 1.72545
0.359 -85.7799 -0.472705
0.36 -85.4464 -3.01676
0.361 -84.7125 -5.40053
0.362 -84.399 -7.0764
0.363 -85.0608 -7.66233
0.364 -86.7582 -7.15457
0.365 -89.0367 -5.91966
0.366 -91.1558 -4.51304
0.367 -92.2727 -3.52915
0.368 -91.7387 -3.37495
0.369 -89.5367 -4.09072
0.37 -86.1358 -5.3449
0.371 -82.3575 -6.51713
0.372 -79.0122 -6.94113
0.373 -76.6438 -6.20781
0.374 -75.4056 -4.38744
0.375 -74.9325 -1.94672
0.376 -74.6899 0.390791
0.377 -74.2072 1.84742
0.378 -73.246 1.95085
0.379 -71.9537 0.70646
0.38 -70.8322 -1.43534
0.381 -70.4566 -3.63415
0.382 -71.2759 -5.04654
0.383 -73.3677 -5.1452
0.384 -76.3813 -3.85818
0.385 -79.7716 -1.63227
0.386 -82.7338 0.719335
0.387 -84.6578 2.31599
0.388 -85.3053 2.59693
0.389 -84.8231 1.45805
0.39 -83.6451 -0.688331
0.391 -82.2501 -3.06709
0.392 -81.0988 -4.8723
0.393 -80.2975 -5.47977
0.394 -79.645 -4.73389
0.395 -78.8103 -2.98803
0.396 -77.4848 -0.929564
0.397 -75.54 0.620942
0.398 -73.1088 1.07018
0.399 -70.5517 0.28197
0.4 -68.4995 -1.43638
0.401 -67.4747 -3.43689
0.402 -67.7403 -4.94358
0.403 -69.2845 -5.40061
0.404 -71.7009 -4.56783
0.405 -74.4668 -2.68084
0.406 -76.9505 -0.367342
0.407 -78.6946 1.68767
0.408 -79.6348 2.92934
0.409 -79.941 3.05672
0.41 -79.9586 2.19116
0.411 -80.044 0.76159
0.412 -80.3594 -0.725794
0.413 -80.842 -1.79842
0.414 -81.2344 -2.18501
0.415 -81.1701 -1.89426
0.416 -80.3326 -1.19044
0.417 -78.5692 -0.457857
0.418 -76.0132 -0.0752025
0.419 -73.1237 -0.288814
0.42 -70.4787 -1.13028
0.421 -68.6394 -2.42481
0.422 -67.9101 -3.9093
0.423 -68.2402 -5.22589
0.424 -69.249 -6.02427
0.425 -70.3615 -6.14361
0.426 -71.0677 -5.50436
0.427 -70.9689 -4.23559
0.428 -70.0322 -2.63922
0.429 -68.5724 -1.04665
0.43 -67.0333 0.181079
0.431 -65.9909 0.785271
0.432 -65.7942 0.708839
0.433 -66.3534 0.0821838
0.434 -67.359 -0.811942
0.435 -68.3088 -1.64766
0.436 -68.7219 -2.08043
0.437 -68.3725 -1.93805
0.438 -67.4214 -1.33034
0.439 -66.3207 -0.56111
0.44 -65.6666 -0.0222808
0.441 -66.0118 -0.0820288
0.442 -67.6377 -0.947871
0.443 -70.365 -2.5384
0.444 -73.5252 -4.47886
0.445 -76.315 -6.22575
0.446 -78.0023 -7.21623
0.447 -78.1309 -7.07602
0.448 -76.7943 -5.80093
0.449 -74.4867 -3.72
0.45 -71.8865 -1.44491
0.451 -69.7201 0.346839
0.452 -68.453 1.20196
0.453 -68.0248 1.00399
0.454 -67.999 0.0208879
0.455 -67.7338 -1.21355
0.456 -66.7046 -2.11933
0.457 -64.7375 -2.2594
0.458 -62.1454 -1.5466
0.459 -59.7235 -0.280758
0.46 -58.3795 0.923922
0.461 -58.7603 1.45212
0.462 -61.0499 0.941275
0.463 -64.8904 -0.654104
0.464 -69.3974 -2.97363
0.465 -73.4429 -5.34452
0.466 -76.1098 -7.05806
0.467 -76.9814 -7.62919
0.468 -76.1753 -6.97907
0.469 -74.3271 -5.44221
0.47 -72.3103 -3.60437
0.471 -70.8613 -2.09198
0.472 -70.2985 -1.30841
0.473 -70.3529 -1.31131
0.474 -70.3333 -1.8038
0.475 -69.3639 -2.24594
0.476 -66.9027 -2.11578
0.477 -62.9781 -1.15789
0.478 -58.1915 0.493626
0.479 -53.5344 2.43052
0.48 -50.1269 4.03895
0.481 -48.8467 4.80688
0.482 -49.8765 4.5513
0.483 -52.7203 3.37609
0.484 -56.3546 1.72221
0.485 -59.6389 0.166333
0.486 -61.7394 -0.835664
0.487 -62.3654 -1.09881
0.488 -61.8395 -0.816363
0.489 -60.9534 -0.443278
0.49 -60.5488 -0.456209
0.491 -61.2139 -1.15658
0.492 -63.0465 -2.47887
0.493 -65.5171 -4.02394
0.494 -67.7317 -5.27307
0.495 -68.801 -5.78
0.496 -68.1063 -5.32031
0.497 -65.6779 -4.06235
0.498 -62.1653 -2.49982
0.499 -58.5852 -1.22515
0.5 -55.9444 -0.735407
0.501 -54.9012 -1.2189
0.502 -55.5775 -2.40426
0.503 -57.472 -3.69616
0.504 -59.6853 -4.47301
0.505 -61.2759 -4.30837
0.506 -61.6315 -3.1626
0.507 -60.6815 -1.43145
0.508 -58.8711 0.204767
0.509 -57.0134 1.03599
0.51 -55.9246 0.670501
0.511 -56.0629 -0.805306
0.512 -57.4094 -2.86143
0.513 -59.4313 -4.71316
0.514 -61.3902 -5.62433
0.515 -62.5436 -5.21198
0.516 -62.4386 -3.61506
0.517 -61.1795 -1.4743
0.518 -59.2033 0.331517
0.519 -57.1883 1.03168
0.52 -55.8367 0.271085
0.521 -55.4985 -1.72995
0.522 -56.0938 -4.21753
0.523 -57.2161 -6.21563
0.524 -58.1928 -6.92364
0.525 -58.37 -6.00406
0.526 -57.4619 -3.73612
0.527 -55.5533 -0.9118
0.528 -53.0191 1.46847
0.529 -50.4467 2.59263
0.53 -48.3944 2.15943
0.531 -47.1873 0.501904
0.532 -46.8225 -1.53868
0.533 -47.0181 -2.96238
0.534 -47.3759 -3.01309
0.535 -47.505 -1.49508
0.536 -47.2386 1.12688
0.537 -46.7145 3.95963
0.538 -46.1976 5.97095
0.539 -46.0795 6.37036
0.54 -46.6734 4.955
0.541 -48.0164 2.1548
0.542 -49.8914 -1.11744
0.543 -51.9491 -3.82595
0.544 -53.773 -5.19596
0.545 -55.0009 -5.01468
0.546 -55.4749 -3.66341
0.547 -55.2395 -1.9548
0.548 -54.545 -0.80528
0.549 -53.6679 -0.852775
0.55 -52.8234 -2.18778
0.551 -52.1201 -4.3112
0.552 -51.4799 -6.40067
0.553 -50.6972 -7.59439
0.554 -49.6285 -7.30399
0.555 -48.2587 -5.49718
0.556 -46.7059 -2.70816
0.557 -45.2051 0.2062
0.558 -44.0539 2.35065
0.559 -43.5188 3.12573
0.56 -43.6818 2.47574
0.561 -44.4098 0.823516
0.562 -45.4852 -1.09215
0.563 -46.5919 -2.509
0.564 -47.4953 -2.9796
0.565 -48.0738 -2.50929
0.566 -48.3396 -1.52795
0.567 -48.4876 -0.660804
0.568 -48.6971 -0.47023
0.569 -49.0665 -1.24493
0.57 -49.5372 -2.83214
0.571 -49.91 -4.72102
0.572 -49.945 -6.26787
0.573 -49.424 -6.91309
0.574 -48.2267 -6.3886
0.575 -46.4412 -4.86615
0.576 -44.3343 -2.84616
0.577 -42.2667 -0.901984
0.578 -40.5739 0.472134
0.579 -39.4744 1.07573
0.58 -38.9268 1.04182
0.581 -38.7483 0.709567
0.582 -38.651 0.512146
0.583 -38.3797 0.738295
0.584 -37.8383 1.41255
0.585 -37.1089 2.29244
0.586 -36.4311 2.97796
0.587 -36.1192 3.09769
0.588 -36.4448 2.46142
0.589 -37.4507 1.15573
0.59 -38.9869 -0.481304
0.591 -40.7572 -2.01965
0.592 -42.3677 -3.0921
0.593 -43.4853 -3.52257
0.594 -43.9576 -3.36723
0.595 -43.8744 -2.88672
0.596 -43.4511 -2.42723
0.597 -42.9684 -2.23514
0.598 -42.6957 -2.37541
0.599 -42.7332 -2.72499
0.6 -42.941 -3.00857
0.601 -43.0261 -2.94735
0.602 -42.7236 -2.40024
0.603 -41.8513 -1.41092
0.604 -40.3969 -0.2273
0.605 -38.5597 0.792093
0.606 -36.6498 1.35263
0.607 -35.0199 1.31397
0.608 -33.9149 0.735731
0.609 -33.4377 -0.117422
0.61 -33.5308 -0.909865
0.611 -33.984 -1.39265
0.612 -34.5289 -1.46008
0.613 -35.0005 -1.19815
0.614 -35.3449 -0.831442
0.615 -35.636 -0.604149
0.616 -36.0463 -0.723979
0.617 -36.6809 -1.20305
0.618 -37.5741 -1.86419
0.619 -38.6662 -2.46544
0.62 -39.7477 -2.77601
0.621 -40.5797 -2.66676
0.622 -40.9552 -2.15796
0.623 -40.7692 -1.42221
0.624 -39.9928 -0.690159
0.625 -38.7925 -0.165424
0.626 -37.3615 0.0439728
0.627 -35.8252 -0.0315046
0.628 -34.3106 -0.251682
0.629 -32.9062 -0.439316
0.63 -31.6157 -0.464091
0.631 -30.4113 -0.280674
0.632 -29.3029 0.0592869
0.633 -28.3684 0.44028
0.634 -27.6796 0.729336
0.635 -27.3672 0.827577
0.636 -27.5049 0.745699
0.637 -28.0675 0.546557
0.638 -28.9774 0.306038
0.639 -30.1275 0.0941901
0.64 -31.3595 -0.062422
0.641 -32.546 -0.201192
0.642 -33.6133 -0.39556
0.643 -34.4896 -0.68885
0.644 -35.1718 -1.05014
0.645 -35.6819 -1.42582
0.646 -36.0105 -1.74231
0.647 -36.1249 -1.92221
0.648 -35.9544 -1.94657
0.649 -35.4524 -1.86093
0.65 -34.6235 -1.74095
0.651 -33.5384 -1.67628
0.652 -32.3006 -1.7294
0.653 -31.0548 -1.86343
0.654 -29.9322 -1.96154
0.655 -29.018 -1.89818
0.656 -28.3666 -1.57201
0.657 -27.9412 -0.969702
0.658 -27.6643 -0.191025
0.659 -27.4853 0.569896
0.66 -27.3514 1.09468
0.661 -27.2414 1.22877
0.662 -27.1879 0.943797
0.663 -27.2428 0.363107
0.664 -27.443 -0.286152
0.665 -27.7869 -0.744309
0.666 -28.2325 -0.859714
0.667 -28.691 -0.627846
0.668 -29.0615 -0.195729
0.669 -29.2819 0.197268
0.67 -29.32 0.320334
0.671 -29.1853 0.031284
0.672 -28.9386 -0.615691
0.673 -28.6648 -1.3977
0.674 -28.4039 -2.0184
0.675 -28.1554 -2.19903
0.676 -27.8816 -1.80163
0.677 -27.548 -0.900256
0.678 -27.1181 0.237013
0.679 -26.5442 1.2664
0.68 -25.8592 1.88593
0.681 -25.1176 1.94117
0.682 -24.39 1.50944
0.683 -23.7609 0.83762
0.684 -23.2555 0.237234
0.685 -22.8935 -0.0246134
0.686 -22.6882 0.151976
0.687 -22.6011 0.656131
0.688 -22.6082 1.21795
0.689 -22.7177 1.51963
0.69 -22.9624 1.32786
0.691 -23.3539 0.592859
0.692 -23.8838 -0.525537
0.693 -24.5428 -1.70861
0.694 -25.2591 -2.6074
0.695 -25.9304 -2.97165
0.696 -26.4601 -2.76362
0.697 -26.7556 -2.13973
0.698 -26.772 -1.37412
0.699 -26.5371 -0.787987
0.7 -26.1043 -0.593198
0.701 -25.5286 -0.801038
0.702 -24.8655 -1.24555
0.703 -24.1388 -1.64446
0.704 -23.3543 -1.74107
0.705 -22.518 -1.41525
0.706 -21.623 -0.711965
0.707 -20.6777 0.15915
0.708 -19.7555 0.901637
0.709 -18.9773 1.26699
0.71 -18.4593 1.13987
0.711 -18.2758 0.591204
0.712 -18.4563 -0.147637
0.713 -18.9612 -0.797004
0.714 -19.6809 -1.13254
0.715 -20.479 -1.07311
0.716 -21.2135 -0.719142
0.717 -21.7754 -0.288217
0.718 -22.1302 -0.030066
0.719 -22.3154 -0.112352
0.72 -22.3993 -0.538541
0.721 -22.4458 -1.15834
0.722 -22.4884 -1.72415
0.723 -22.4855 -1.99747
0.724 -22.3574 -1.85716
0.725 -22.0132 -1.33289
0.726 -21.3994 -0.594523
0.727 -20.5132 0.102514
0.728 -19.4474 0.523522
0.729 -18.3656 0.555574
0.73 -17.4161 0.261165
0.731 -16.7297 -0.160728
0.732 -16.3893 -0.46785
0.733 -16.3578 -0.472204
0.734 -16.5196 -0.125347
0.735 -16.7296 0.456752
0.736 -16.8804 1.0543
0.737 -16.9281 1.41672
0.738 -16.9068 1.37766
0.739 -16.8891 0.932722
0.74 -16.9591 0.223027
0.741 -17.1921 -0.515486
0.742 -17.6033 -1.042
0.743 -18.1104 -1.203
0.744 -18.5794 -0.998069
0.745 -18.8841 -0.577717
0.746 -18.9439 -0.179328
0.747 -18.7326 -0.0202095
0.748 -18.3062 -0.20465
0.749 -17.7946 -0.695032
0.75 -17.3407 -1.31602
0.751 -17.0296 -1.8183
0.752 -16.879 -1.99933
0.753 -16.8324 -1.77775
0.754 -16.7759 -1.21414
0.755 -16.593 -0.509478
0.756 -16.23 0.0897459
0.757 -15.6953 0.390589
0.758 -15.0438 0.322886
0.759 -14.4183 -0.0287745
0.76 -13.9371 -0.485419
0.761 -13.6617 -0.827487
0.762 -13.6157 -0.891409
0.763 -13.7406 -0.642571
0.764 -13.9159 -0.171354
0.765 -14.0347 0.333934
0.766 -14.0407 0.670956
0.767 -13.948 0.707181
0.768 -13.8232 0.421564
0.769 -13.7643 -0.0754207
0.77 -13.8659 -0.597425
0.771 -14.1612 -0.953263
0.772 -14.5928 -1.02955
0.773 -15.0516 -0.82755
0.774 -15.4097 -0.443672
0.775 -15.5477 -0.0541159
0.776 -15.4156 0.179629
0.777 -15.0424 0.18082
0.778 -14.5193 -0.0379145
0.779 -13.9624 -0.370909
0.78 -13.4707 -0.663773
0.781 -13.1007 -0.788033
0.782 -12.8362 -0.696693
0.783 -12.601 -0.433331
0.784 -12.3243 -0.106249
0.785 -11.9655 0.150481
0.786 -11.5271 0.23434
0.787 -11.0796 0.117529
0.788 -10.7284 -0.148641
0.789 -10.5783 -0.458129
0.79 -10.6928 -0.698314
0.791 -11.0562 -0.796427
0.792 -11.5789 -0.741889
0.793 -12.1381 -0.592004
0.794 -12.5987 -0.432629
0.795 -12.8824 -0.348806
0.796 -12.9711 -0.383818
0.797 -12.8903 -0.516044
0.798 -12.7071 -0.672703
0.799 -12.4937 -0.766768
0.8 -12.296 -0.735133
0.801 -12.1128 -0.564432
0.802 -11.9022 -0.302942
0.803 -11.6049 -0.0299498
0.804 -11.1722 0.168746
0.805 -10.6043 0.238047
0.806 -9.95217 0.183601
0.807 -9.3028 0.0570999
0.808 -8.75345 -0.0641145
0.809 -8.38745 -0.115252
0.81 -8.24787 -0.0736799
0.811 -8.31145 0.0352888
0.812 -8.51368 0.145639
0.813 -8.77446 0.182298
0.814 -9.02098 0.0940666
0.815 -9.20554 -0.118945
0.816 -9.31999 -0.400694
0.817 -9.39709 -0.664816
0.818 -9.46727 -0.826536
0.819 -9.55471 -0.836949
0.82 -9.6622 -0.704527
0.821 -9.75827 -0.484308
0.822 -9.79811 -0.265329
0.823 -9.74346 -0.12698
0.824 -9.57171 -0.1047
0.825 -9.28254 -0.18361
0.826 -8.91176 -0.29898
0.827 -8.5211 -0.368166
0.828 -8.16434 -0.330461
0.829 -7.88189 -0.172293
0.83 -7.69186 0.0704285
0.831 -7.57618 0.319229
0.832 -7.5037 0.488742
0.833 -7.44621 0.516429
0.834 -7.38033 0.388853
0.835 -7.30554 0.148315
0.836 -7.23386 -0.122602
0.837 -7.17362 -0.337416
0.838 -7.13087 -0.441629
0.839 -7.11033 -0.420705
0.84 -7.10627 -0.310994
0.841 -7.10586 -0.188083
0.842 -7.0918 -0.126028
0.843 -7.05121 -0.166455
0.844 -6.98793 -0.306832
0.845 -6.91206 -0.500745
0.846 -6.83781 -0.675394
0.847 -6.77742 -0.767567
0.848 -6.73288 -0.744021
0.849 -6.69718 -0.614243
0.85 -6.65451 -0.429509
0.851 -6.59502 -0.255894
0.852 -6.51678 -0.151506
0.853 -6.42153 -0.144898
0.854 -6.3176 -0.224616
0.855 -6.21587 -0.345743
0.856 -6.11796 -0.447938
0.857 -6.01533 -0.48102
0.858 -5.90555 -0.423649
0.859 -5.77162 -0.2948
0.86 -5.60194 -0.138369
0.861 -5.4 -0.00483669
0.862 -5.18064 0.0665458
0.863 -4.97245 0.0649406
0.864 -4.79929 0.0103074
0.865 -4.679 -0.0593513
0.866 -4.62629 -0.105273
0.867 -4.63134 -0.102196
0.868 -4.66368 -0.0479687
0.869 -4.69324 0.0351727
0.87 -4.69876 0.110498
0.871 -4.67335 0.145515
0.872 -4.62471 0.124884
0.873 -4.57368 0.0526483
0.874 -4.54251 -0.0480258
0.875 -4.54207 -0.145121
0.876 -4.56775 -0.211895
0.877 -4.59917 -0.236609
0.878 -4.60604 -0.224359
0.879 -4.55751 -0.193416
0.88 -4.43869 -0.166921
0.881 -4.25893 -0.159872
0.882 -4.04237 -0.1747
0.883 -3.82271 -0.201576
0.884 -3.63911 -0.224227
0.885 -3.51219 -0.223619
0.886 -3.44435 -0.189902
0.887 -3.42052 -0.130246
0.888 -3.41399 -0.0621627
0.889 -3.39679 -0.00412144
0.89 -3.34955 0.0275229
0.891 -3.27183 0.0263396
0.892 -3.17715 -0.0023734
0.893 -3.0864 -0.0436364
0.894 -3.02443 -0.0797254
0.895 -3.00183 -0.0987215
0.896 -3.0153 -0.0972026
0.897 -3.04897 -0.0835839
0.898 -3.07615 -0.0703855
0.899 -3.07311 -0.0702678
0.9 -3.02788 -0.0902394
0.901 -2.94219 -0.126876
0.902 -2.83055 -0.168484
0.903 -2.71218 -0.199487
0.904 -2.60381 -0.207709
0.905 -2.51913 -0.189418
0.906 -2.46124 -0.151302
0.907 -2.42232 -0.105536
0.908 -2.38958 -0.0671528
0.909 -2.35104 -0.0478091
0.91 -2.2989 -0.050174
0.911 -2.23159 -0.0689106
0.912 -2.15597 -0.0930289
0.913 -2.08132 -0.111894
0.914 -2.01566 -0.117802
0.915 -1.96234 -0.109525
0.916 -1.92174 -0.0918134
0.917 -1.89314 -0.0731013
0.918 -1.8716 -0.0612075
0.919 -1.85425 -0.0608782
0.92 -1.83841 -0.0715256
0.921 -1.82327 -0.0864521
0.922 -1.80689 -0.098188
0.923 -1.78691 -0.099591
0.924 -1.76054 -0.0874981
0.925 -1.72508 -0.0639995
0.926 -1.68223 -0.0351984
0.927 -1.63397 -0.00773186
0.928 -1.58396 0.0127951
0.929 -1.53671 0.0237761
0.93 -1.4953 0.0253089
0.931 -1.45891 0.0206435
0.932 -1.4218 0.0133014
0.933 -1.37817 0.00653368
0.934 -1.3216 0.00214608
0.935 -1.24893 -0.000761709
0.936 -1.16368 -0.00397866
0.937 -1.07348 -0.00910697
0.938 -0.989887 -0.0166749
0.939 -0.924161 -0.0254776
0.94 -0.882831 -0.0334774
0.941 -0.866147 -0.0392478
0.942 -0.8667 -0.0422773
0.943 -0.87263 -0.0430818
0.944 -0.871957 -0.0416681
0.945 -0.857299 -0.0388058
0.946 -0.828096 -0.0353314
0.947 -0.788959 -0.0313519
0.948 -0.749445 -0.0264461
0.949 -0.718888 -0.0200602
0.95 -0.7024 -0.012743
0.951 -0.699551 -0.00557148
0.952 -0.703485 0.000391257
0.953 -0.704471 0.00341944
0.954 -0.692712 0.00231342
0.955 -0.662708 -0.00243275
0.956 -0.615543 -0.00897427
0.957 -0.557004 -0.0151886
0.958 -0.497171 -0.0189572
0.959 -0.445937 -0.0194056
0.96 -0.409495 -0.0168352
0.961 -0.388598 -0.0126845
0.962 -0.379197 -0.00894458
0.963 -0.374668 -0.00713055
0.964 -0.367377 -0.00801447
0.965 -0.352448 -0.0108517
0.966 -0.329191 -0.0138938
0.967 -0.300644 -0.0153548
0.968 -0.271956 -0.0138358
0.969 -0.247932 -0.00946192
0.97 -0.231677 -0.00355078
0.971 -0.223313 0.00211376
0.972 -0.220121 0.00583374
0.973 -0.217977 0.00659849
0.974 -0.212939 0.00449751
0.975 -0.202707 0.000590688
0.976 -0.187137 -0.00348174
0.977 -0.167984 -0.00631064
0.978 -0.148137 -0.00717925
0.979 -0.130097 -0.0062181
0.98 -0.115455 -0.00425605
0.981 -0.104523 -0.00236816
0.982 -0.0962109 -0.00135965
0.983 -0.0889526 -0.00145544
0.984 -0.0814006 -0.00236928
0.985 -0.0728315 -0.00348101
0.986 -0.0632546 -0.00414946
0.987 -0.0533153 -0.00400589
0.988 -0.0438227 -0.00309544
0.989 -0.0354012 -0.00178217
0.99 -0.0283198 -0.000511027
0.991 -0.0225112 0.000363035
0.992 -0.0177173 0.000718608
0.993 -0.0136381 0.000659682
0.994 -0.0100852 0.000401874
0.995 -0.0070006 0.000152799
0.996 -0.00443392 1.73514e-05
0.997 -0.00244504 -1.21235e-05
0.998 -0.00106032 4.46096e-07
0.999 -0.000259328 4.92899e-06
0.12 -233.313 -5.02092
0.24 -232.652 -5.00534
0.36 -231.552 -4.97946
0.48 -230.02 -4.94338
0.6 -228.062 -4.89727
0.72 -225.687 -4.84135
0.84 -222.905 -4.77586
0.96 -219.73 -4.7011
1.08 -216.174 -4.61741
1.2 -212.255 -4.52515
1.32 -207.989 -4.42475
1.44 -203.394 -4.31663
1.56 -198.492 -4.20128
1.68 -193.303 -4.0792
1.8 -187.849 -3.9509
1.92 -182.153 -3.81695
2.04 -176.239 -3.67791
2.16 -170.133 -3.53436
2.28 -163.858 -3.38689
2.4 -157.44 -3.2361
2.52 -150.905 -3.08261
2.64 -144.278 -2.92701
2.76 -137.585 -2.76992
2.88 -130.851 -2.61193
3 -124.101 -2.45364
3.12 -117.36 -2.29562
3.24 -110.65 -2.13845
3.36 -103.996 -1.98266
3.48 -97.4189 -1.82879
3.6 -90.9403 -1.67733
3.72 -84.5803 -1.52877
3.84 -78.3578 -1.38355
3.96 -72.2904 -1.24211
4.08 -66.3945 -1.10482
4.2 -60.6852 -0.972044
4.32 -55.1759 -0.844109
4.44 -49.8787 -0.721302
4.56 -44.8044 -0.603876
4.68 -39.9619 -0.49205
4.8 -35.3588 -0.386005
4.92 -31.0011 -0.285886
5.04 -26.8935 -0.191804
5.16 -23.039 -0.103832
5.28 -19.4391 -0.0220111
5.4 -16.094 0.0536527
5.52 -13.0027 0.123185
5.64 -10.1626 0.186644
5.76 -7.56992 0.244115
5.88 -5.2199 0.295714
6 -3.10651 0.341581
6.12 -1.22276 0.38188
6.24 0.439276 0.4168
6.36 1.88835 0.446548
6.48 3.13395 0.471347
6.6 4.18623 0.49144
6.72 5.0559 0.50708
6.84 5.7541 0.518532
6.96 6.29235 0.52607
7.08 6.68244 0.529975
7.2 6.93632 0.530531
7.32 7.06602 0.528024
7.44 7.08358 0.522743
7.56 7.00094 0.514971
7.68 6.82985 0.504991
7.8 6.58185 0.493077
7.92 6.26814 0.479499
8.04 5.89954 0.464514
8.16 5.48645 0.448373
8.28 5.03874 0.431313
8.4 4.56579 0.413558
8.52 4.07635 0.395321
8.64 3.5786 0.376797
8.76 3.08005 0.358169
8.88 2.58757 0.339602
9 2.10735 0.321248
9.12 1.6449 0.303239
9.24 1.20503 0.285695
9.36 0.7919 0.268716
9.48 0.408979 0.252389
9.6 0.0590906 0.236784
9.72 -0.255578 0.221958
9.84 -0.533447 0.20795
9.96 -0.773521 0.194788
10.08 -0.97535 0.182486
10.2 -1.139 0.171046
10.32 -1.26501 0.16046
10.44 -1.35435 0.150707
10.56 -1.4084 0.141759
10.68 -1.42887 0.133579
10.8 -1.41778 0.126122
10.92 -1.37742 0.119338
11.04 -1.31028 0.113172
11.16 -1.21904 0.107565
11.28 -1.10648 0.102454
11.4 -0.975508 0.0977754
11.52 -0.829042 0.0934637
11.64 -0.670026 0.0894539
11.76 -0.501371 0.0856818
11.88 -0.325929 0.0820848
12 -0.146457 0.0786028
12.12 0.0344063 0.0751787
12.24 0.214168 0.0717593
12.36 0.390503 0.0682954
12.48 0.561271 0.0647427
12.6 0.724533 0.0610619
12.72 0.878565 0.057219
12.84 1.02186 0.0531856
12.96 1.15315 0.0489391
13.08 1.27138 0.0444626
13.2 1.37574 0.039745
13.32 1.46565 0.0347809
13.44 1.54073 0.0295703
13.56 1.60084 0.0241187
13.68 1.64604 0.0184365
13.8 1.67656 0.012539
13.92 1.69284 0.00644587
14.04 1.69546 0.000180663
14.16 1.68515 -0.00622941
14.28 1.66277 -0.0127541
14.4 1.62931 -0.0193604
14.52 1.58583 -0.0260132
14.64 1.53346 -0.032676
14.76 1.47341 -0.0393107
14.88 1.40691 -0.045879
15 1.3352 -0.0523422
15.12 1.25954 -0.0586619
15.24 1.18117 -0.0648006
15.36 1.10129 -0.070722
15.48 1.02106 -0.0763914
15.6 0.941575 -0.0817758
15.72 0.863874 -0.0868451
15.84 0.788905 -0.0915712
15.96 0.717526 -0.0959293
16.08 0.650502 -0.0998976
16.2 0.588494 -0.103458
16.32 0.532057 -0.106594
16.44 0.481636 -0.109295
16.56 0.43757 -0.111554
16.68 0.400084 -0.113365
16.8 0.369299 -0.114728
16.92 0.345233 -0.115646
17.04 0.327801 -0.116125
17.16 0.316827 -0.116174
17.28 0.312048 -0.115806
17.4 0.31312 -0.115037
17.52 0.31963 -0.113886
17.64 0.3311 -0.112372
17.76 0.347001 -0.110519
17.88 0.366758 -0.108353
18 0.389766 -0.1059
18.12 0.415393 -0.10319
18.24 0.442995 -0.10025
18.36 0.471922 -0.0971127
18.48 0.501532 -0.0938081
18.6 0.531193 -0.0903679
18.72 0.560297 -0.0868235
18.84 0.588267 -0.0832059
18.96 0.614562 -0.0795458
19.08 0.638682 -0.0758733
19.2 0.660178 -0.0722173
19.32 0.678654 -0.0686056
19.44 0.69377 -0.0650649
19.56 0.705246 -0.0616201
19.68 0.712863 -0.0582946
19.8 0.716465 -0.05511
19.92 0.715959 -0.0520861
20.04 0.711312 -0.0492408
20.16 0.702552 -0.0465898
20.28 0.689767 -0.044147
20.4 0.673096 -0.0419241
20.52 0.652732 -0.0399308
20.64 0.628915 -0.038175
20.76 0.601925 -0.0366624
20.88 0.57208 -0.0353967
21 0.539731 -0.0343801
21.12 0.505252 -0.0336128
21.24 0.469039 -0.0330934
21.36 0.4315 -0.032819
21.48 0.393054 -0.0327851
21.6 0.354119 -0.0329863
21.72 0.315109 -0.0334154
21.84 0.276432 -0.0340647
21.96 0.238477 -0.0349252
22.08 0.201618 -0.0359872
22.2 0.166202 -0.0372403
22.32 0.13255 -0.0386737
22.44 0.10095 -0.0402758
22.56 0.0716573 -0.0420349
22.68 0.0448901 -0.0439392
22.8 0.0208277 -0.0459764
22.92 -0.000390212 -0.0481345
23.04 -0.0186644 -0.0504013
23.16 -0.0339364 -0.0527649
23.28 -0.0461878 -0.0552134
23.4 -0.0554398 -0.0577353
23.52 -0.0617509 -0.0603194
23.64 -0.0652161 -0.0629546
23.76 -0.0659636 -0.0656303
23.88 -0.0641524 -0.0683364
24 -0.0599696 -0.071063
24.12 -0.0536265 -0.0738007
24.24 -0.0453553 -0.0765405
24.36 -0.0354054 -0.0792737
24.48 -0.0240394 -0.0819922
24.6 -0.011529 -0.0846882
24.72 0.00184828 -0.0873541
24.84 0.0158139 -0.0899828
24.96 0.0300915 -0.0925677
25.08 0.0444108 -0.0951022
25.2 0.0585109 -0.0975801
25.32 0.0721439 -0.0999956
25.44 0.0850773 -0.102343
25.56 0.0970973 -0.104617
25.68 0.108011 -0.106812
25.8 0.117648 -0.108924
25.92 0.125861 -0.110947
26.04 0.132532 -0.112877
26.16 0.137566 -0.114709
26.28 0.140897 -0.11644
26.4 0.142484 -0.118064
26.52 0.142316 -0.119579
26.64 0.140406 -0.12098
26.76 0.136792 -0.122264
26.88 0.131537 -0.123428
27 0.124727 -0.124468
27.12 0.116466 -0.125382
27.24 0.106879 -0.126166
27.36 0.0961069 -0.126819
27.48 0.0843025 -0.127339
27.6 0.0716314 -0.127723
27.72 0.0582672 -0.12797
27.84 0.0443895 -0.12808
27.96 0.0301811 -0.128051
28.08 0.0158253 -0.127884
28.2 0.00150325 -0.127578
28.32 -0.0126085 -0.127133
28.44 -0.0263401 -0.126551
28.56 -0.0395312 -0.125833
28.68 -0.0520323 -0.12498
28.8 -0.063707 -0.123996
28.92 -0.0744335 -0.122881
29.04 -0.0841058 -0.121641
29.16 -0.0926349 -0.120277
29.28 -0.0999496 -0.118794
29.4 -0.105997 -0.117196
29.52 -0.110743 -0.115488
29.64 -0.114171 -0.113674
29.76 -0.116285 -0.11176
29.88 -0.117105 -0.109751
30 -0.116669 -0.107653
30.12 -0.11503 -0.105473
30.24 -0.112257 -0.103216
30.36 -0.108433 -0.100888
30.48 -0.103653 -0.0984975
30.6 -0.0980203 -0.0960493
30.72 -0.0916504 -0.0935506
30.84 -0.0846637 -0.0910081
30.96 -0.0771862 -0.0884283
31.08 -0.0693468 -0.085818
31.2 -0.061276 -0.0831837
31.32 -0.0531035 -0.0805316
31.44 -0.0449567 -0.0778682
31.56 -0.0369589 -0.0751995
31.68 -0.0292275 -0.0725314
31.8 -0.0218725 -0.0698697
31.92 -0.0149954 -0.0672199
32.04 -0.00868768 -0.0645873
32.16 -0.00302998 -0.0619768
32.28 0.00190902 -0.0593933
32.4 0.00607313 -0.0568413
32.52 0.00941917 -0.0543251
32.64 0.0119173 -0.0518487
32.76 0.0135511 -0.0494159
32.88 0.0143174 -0.0470302
33 0.0142262 -0.0446949
33.12 0.0133 -0.0424131
33.24 0.0115733 -0.0401876
33.36 0.00909184 -0.0380211
33.48 0.00591153 -0.0359161
33.6 0.00209753 -0.0338748
33.72 -0.00227694 -0.0318994
33.84 -0.00713186 -0.0299919
33.96 -0.0123817 -0.0281542
34.08 -0.0179369 -0.0263879
34.2 -0.0237051 -0.0246947
34.32 -0.0295926 -0.0230762
34.44 -0.0355059 -0.0215336
34.56 -0.0413527 -0.0200684
34.68 -0.0470437 -0.0186818
34.8 -0.0524937 -0.017375
34.92 -0.0576223 -0.0161489
35.04 -0.0623557 -0.0150047
35.16 -0.0666272 -0.0139432
35.28 -0.070378 -0.012965
35.4 -0.0735583 -0.012071
35.52 -0.0761275 -0.0112616
35.64 -0.0780547 -0.0105371
35.76 -0.0793191 -0.00989782
35.88 -0.0799099 -0.00934376
36 -0.0798265 -0.00887474
36.12 -0.0790784 -0.00849037
36.24 -0.0776845 -0.00819002
36.36 -0.075673 -0.0079728
36.48 -0.0730806 -0.00783755
36.6 -0.0699523 -0.00778278
36.72 -0.06634 -0.00780672
36.84 -0.062302 -0.00790724
36.96 -0.0579018 -0.00808188
37.08 -0.0532076 -0.0083278
37.2 -0.0482907 -0.00864181
37.32 -0.0432247 -0.00902032
37.44 -0.0380843 -0.00945939
37.56 -0.0329441 -0.00995467
37.68 -0.0278781 -0.0105015
37.8 -0.0229578 -0.0110947
37.92 -0.0182518 -0.0117288
38.04 -0.0138248 -0.0123982
38.16 -0.00973642 -0.0130968
38.28 -0.00604074 -0.013818
38.4 -0.00278548 -0.0145553
38.52 -1.13839e-05 -0.0153018
38.64 0.00224822 -0.0160504
38.76 0.00396782 -0.0167939
38.88 0.00512997 -0.0175248
39 0.0057254 -0.0182359
39.12 0.00575313 -0.0189197
39.24 0.00522027 -0.0195687
39.36 0.00414188 -0.0201757
39.48 0.00254067 -0.0207335
39.6 0.000446537 -0.0212352
39.72 -0.00210392 -0.021674
39.84 -0.00506797 -0.0220435
39.96 -0.00839746 -0.0223377
40.08 -0.0120395 -0.022551
40.2 -0.0159374 -0.0226781
40.32 -0.0200312 -0.0227146
40.44 -0.0242588 -0.0226561
40.56 -0.0285569 -0.0224994
40.68 -0.0328616 -0.0222415
40.8 -0.0371094 -0.0218802
40.92 -0.0412382 -0.021414
41.04 -0.0451879 -0.0208423
41.16 -0.0489016 -0.0201649
41.28 -0.0523256 -0.0193827
41.4 -0.0554109 -0.018497
41.52 -0.0581132 -0.0175102
41.64 -0.0603939 -0.0164251
41.76 -0.06222 -0.0152457
41.88 -0.063565 -0.0139762
42 -0.0644089 -0.0126219
42.12 -0.0647384 -0.0111885
42.24 -0.0645469 -0.00968246
42.36 -0.0638347 -0.00811084
42.48 -0.0626087 -0.00648118
42.6 -0.0608824 -0.00480153
42.72 -0.0586754 -0.00308036
42.84 -0.0560132 -0.00132654
42.96 -0.0529266 0.000450777
43.08 -0.0494514 0.00224216
43.2 -0.0456279 0.00403801
43.32 -0.0414999 0.00582862
43.44 -0.0371144 0.00760422
43.56 -0.0325209 0.0093551
43.68 -0.0277706 0.0110716
43.8 -0.0229157 0.0127443
43.92 -0.0180086 0.0143638
44.04 -0.0131016 0.0159214
44.16 -0.00824566 0.0174083
44.28 -0.00349009 0.0188164
44.4 0.00111813 0.0201379
44.52 0.00553497 0.0213658
44.64 0.00971984 0.0224934
44.76 0.0136361 0.0235146
44.88 0.0172513 0.0244241
45 0.0205379 0.0252173
45.12 0.0234731 0.0258902
45.24 0.0260393 0.0264395
45.36 0.028224 0.0268628
45.48 0.0300202 0.0271582
45.6 0.0314261 0.0273249
45.72 0.0324449 0.0273625
45.84 0.0330849 0.0272716
45.96 0.0333592 0.0270534
46.08 0.0332853 0.0267098
46.2 0.0328846 0.0262434
46.32 0.0321824 0.0256576
46.44 0.0312073 0.0249563
46.56 0.0299903 0.0241438
46.68 0.0285651 0.0232254
46.8 0.0269666 0.0222064
46.92 0.0252312 0.021093
47.04 0.0233958 0.0198914
47.16 0.0214973 0.0186086
47.28 0.0195722 0.0172514
47.4 0.0176558 0.0158273
47.52 0.015782 0.0143437
47.64 0.0139828 0.0128084
47.76 0.0122876 0.0112289
47.88 0.0107233 0.00961325
48 0.00931325 0.00796908
48.12 0.00807774 0.00630414
48.24 0.00703325 0.00462605
48.36 0.00619251 0.00294228
48.48 0.00556429 0.00126009
48.6 0.00515337 -0.000413457
48.72 0.00496059 -0.00207159
48.84 0.00498286 -0.00370782
48.96 0.00521328 -0.005316
49.08 0.00564139 -0.00689032
49.2 0.00625328 -0.00842534
49.32 0.00703195 -0.00991604
49.44 0.00795761 -0.0113578
49.56 0.00900799 -0.0127463
49.68 0.0101587 -0.0140779
49.8 0.0113839 -0.0153492
49.92 0.0126561 -0.0165572
50.04 0.0139475 -0.0176995
50.16 0.0152295 -0.018774
50.28 0.0164738 -0.019779
50.4 0.0176526 -0.0207133
50.52 0.0187389 -0.021576
50.64 0.0197073 -0.0223666
50.76 0.0205339 -0.0230851
50.88 0.021197 -0.0237317
51 0.0216771 -0.0243069
51.12 0.0219575 -0.0248117
51.24 0.0220245 -0.0252471
51.36 0.0218672 -0.0256147
51.48 0.0214782 -0.025916
51.6 0.0208533 -0.026153
51.72 0.0199917 -0.0263277
51.84 0.0188959 -0.0264425
51.96 0.0175718 -0.0264998
52.08 0.0160286 -0.0265021
52.2 0.0142785 -0.026452
52.32 0.0123365 -0.0263524
52.44 0.0102204 -0.0262062
52.56 0.00795036 -0.0260161
52.68 0.00554874 -0.0257852
52.8 0.00303964 -0.0255164
52.92 0.000448633 -0.0252127
53.04 -0.00219758 -0.024877
53.16 -0.00487157 -0.0245124
53.28 -0.00754553 -0.0241218
53.4 -0.0101916 -0.0237079
53.52 -0.0127825 -0.0232738
53.64 -0.0152914 -0.022822
53.76 -0.0176928 -0.0223554
53.88 -0.0199625 -0.0218766
54 -0.0220781 -0.0213881
54.12 -0.024019 -0.0208924
54.24 -0.025767 -0.0203917
54.36 -0.0273065 -0.0198885
54.48 -0.0286242 -0.0193848
54.6 -0.0297098 -0.0188827
54.72 -0.0305559 -0.0183841
54.84 -0.0311577 -0.0178909
54.96 -0.0315137 -0.0174047
55.08 -0.0316251 -0.0169271
55.2 -0.0314961 -0.0164595
55.32 -0.0311334 -0.0160034
55.44 -0.0305465 -0.0155598
55.56 -0.0297474 -0.0151299
55.68 -0.0287499 -0.0147146
55.8 -0.0275704 -0.0143146
55.92 -0.0262264 -0.0139308
56.04 -0.0247374 -0.0135636
56.16 -0.0231238 -0.0132134
56.28 -0.0214068 -0.0128804
56.4 -0.0196083 -0.012565
56.52 -0.0177503 -0.0122669
56.64 -0.015855 -0.0119863
56.76 -0.0139439 -0.0117227
56.88 -0.012038 -0.0114758
57 -0.0101574 -0.0112452
57.12 -0.008321 -0.0110302
57.24 -0.00654612 -0.0108301
57.36 -0.00484854 -0.0106441
57.48 -0.00324221 -0.0104714
57.6 -0.00173907 -0.0103107
57.72 -0.000348957 -0.0101612
57.84 0.000920488 -0.0100215
57.96 0.00206388 -0.00989044
58.08 0.0030781 -0.00976672
58.2 0.00396231 -0.00964897
58.32 0.00471786 -0.00953577
58.44 0.00534826 -0.00942571
58.56 0.00585904 -0.00931732
58.68 0.0062576 -0.00920914
58.8 0.0065531 -0.00909971
58.92 0.0067562 -0.0089876
59.04 0.00687893 -0.00887137
59.16 0.00693439 -0.00874965
59.28 0.00693655 -0.00862111
59.4 0.00690001 -0.00848446
59.52 0.00683973 -0.0083385
59.64 0.00677075 -0.00818211
59.76 0.00670797 -0.00801426
59.88 0.0066659 -0.00783399
60 0.00665837 -0.00764049
60.12 0.00669836 -0.00743304
60.24 0.00679775 -0.00721104
60.36 0.00696711 -0.00697403
60.48 0.00721558 -0.00672167
60.6 0.00755065 -0.00645377
60.72 0.0079781 -0.00617025
60.84 0.00850184 -0.00587121
60.96 0.00912389 -0.00555685
61.08 0.0098443 -0.00522753
61.2 0.0106612 -0.00488376
61.32 0.0115706 -0.00452617
61.44 0.0125669 -0.00415551
61.56 0.0136424 -0.00377268
61.68 0.0147879 -0.00337868
61.8 0.0159923 -0.00297465
61.92 0.0172434 -0.00256181
62.04 0.0185275 -0.0021415
62.16 0.0198298 -0.00171512
62.28 0.0211347 -0.00128419
62.4 0.0224259 -0.000850263
62.52 0.0236866 -0.000414972
62.64 0.0248998 2.00069e-05
62.76 0.0260487 0.00045296
62.88 0.0271164 0.000882147
63 0.0280868 0.00130581
63.12 0.0289443 0.00172219
63.24 0.0296743 0.00212953
63.36 0.0302632 0.00252609
63.48 0.030699 0.00291016
63.6 0.0309707 0.00328005
63.72 0.0310694 0.00363415
63.84 0.0309875 0.00397085
63.96 0.0307195 0.00428864
64.08 0.0302617 0.00458608
64.2 0.0296124 0.00486177
64.32 0.0287718 0.00511442
64.44 0.0277421 0.0053428
64.56 0.0265274 0.00554579
64.68 0.0251339 0.00572235
64.8 0.0235693 0.00587153
64.92 0.0218432 0.00599248
65.04 0.0199668 0.00608443
65.16 0.0179526 0.00614673
65.28 0.0158144 0.0061788
65.4 0.0135673 0.00618018
65.52 0.0112271 0.00615048
65.64 0.00881046 0.0060894
65.76 0.00633447 0.00599675
65.88 0.00381659 0.0058724
66 0.00127439 0.00571631
66.12 -0.00127467 0.00552852
66.24 -0.00381343 0.00530914
66.36 -0.00632522 0.00505837
66.48 -0.00879405 0.00477645
66.6 -0.0112048 0.00446371
66.72 -0.0135432 0.00412052
66.84 -0.0157965 0.00374732
66.96 -0.0179527 0.0033446
67.08 -0.0200017 0.00291292
67.2 -0.0219344 0.00245286
67.32 -0.0237436 0.00196508
67.44 -0.0254233 0.00145027
67.56 -0.0269694 0.000909175
67.68 -0.0283791 0.000342574
67.8 -0.0296513 -0.000248699
67.92 -0.0307865 -0.000863768
68.04 -0.0317863 -0.00150171
68.16 -0.0326538 -0.00216157
68.28 -0.0333936 -0.00284233
68.4 -0.034011 -0.00354293
68.52 -0.0345125 -0.00426226
68.64 -0.0349055 -0.00499917
68.76 -0.0351981 -0.00575247
68.88 -0.0353987 -0.00652088
69 -0.0355164 -0.0073031
69.12 -0.0355604 -0.00809778
69.24 -0.0355399 -0.00890349
69.36 -0.035464 -0.00971877
69.48 -0.0353417 -0.0105421
69.6 -0.0351814 -0.0113719
69.72 -0.0349912 -0.0122065
69.84 -0.0347783 -0.0130443
69.96 -0.0345493 -0.0138835
70.08 -0.0343098 -0.0147223
70.2 -0.0340647 -0.0155589
70.32 -0.0338176 -0.0163914
70.44 -0.0335713 -0.017218
70.56 -0.0333274 -0.0180366
70.68 -0.0330864 -0.0188454
70.8 -0.0328479 -0.0196422
70.92 -0.0326102 -0.020425
71.04 -0.0323708 -0.021192
71.16 -0.0321262 -0.0219409
71.28 -0.0318721 -0.0226698
71.4 -0.0316033 -0.0233767
71.52 -0.0313142 -0.0240596
71.64 -0.0309984 -0.0247165
71.76 -0.0306491 -0.0253454
71.88 -0.0302594 -0.0259446
72 -0.0298221 -0.0265121
72.12 -0.0293301 -0.0270463
72.24 -0.0287762 -0.0275454
72.36 -0.0281537 -0.0280079
72.48 -0.0274562 -0.0284322
72.6 -0.0266778 -0.0288169
72.72 -0.0258134 -0.0291608
72.84 -0.0248583 -0.0294627
72.96 -0.0238091 -0.0297215
73.08 -0.0226631 -0.0299363
73.2 -0.0214185 -0.0301064
73.32 -0.0200749 -0.030231
73.44 -0.0186328 -0.0303097
73.56 -0.0170938 -0.0303422
73.68 -0.0154609 -0.0303282
73.8 -0.0137381 -0.0302678
73.92 -0.0119304 -0.0301609
74.04 -0.010044 -0.030008
74.16 -0.00808629 -0.0298093
74.28 -0.00606538 -0.0295655
74.4 -0.00399034 -0.0292774
74.52 -0.00187103 -0.0289456
74.64 0.000282049 -0.0285714
74.76 0.00245785 -0.0281557
74.88 0.00464489 -0.0277
75 0.00683143 -0.0272054
75.12 0.00900556 -0.0266737
75.24 0.0111554 -0.0261062
75.36 0.0132692 -0.0255049
75.48 0.0153354 -0.0248715
75.6 0.0173429 -0.0242078
75.72 0.0192814 -0.0235158
75.84 0.0211408 -0.0227975
75.96 0.0229121 -0.022055
76.08 0.0245871 -0.0212904
76.2 0.0261587 -0.0205057
76.32 0.0276207 -0.0197033
76.44 0.0289681 -0.0188852
76.56 0.030197 -0.0180536
76.68 0.0313049 -0.0172106
76.8 0.0322904 -0.0163585
76.92 0.0331533 -0.0154993
77.04 0.0338948 -0.0146352
77.16 0.0345171 -0.0137681
77.28 0.0350238 -0.0129002
77.4 0.0354193 -0.0120333
77.52 0.0357092 -0.0111693
77.64 0.0359001 -0.0103101
77.76 0.0359993 -0.0094575
77.88 0.036015 -0.00861307
78 0.0359558 -0.00777847
78.12 0.035831 -0.00695523
78.24 0.0356502 -0.00614479
78.36 0.0354232 -0.00534851
78.48 0.0351601 -0.00456766
78.6 0.0348707 -0.00380341
78.72 0.0345648 -0.00305688
78.84 0.034252 -0.00232904
78.96 0.0339414 -0.00162083
79.08 0.0336416 -0.00093307
79.2 0.0333605 -0.000266488
79.32 0.0331056 0.000378263
79.44 0.0328832 0.00100062
79.56 0.0326991 0.0016001
79.68 0.0325578 0.00217632
79.8 0.0324632 0.00272895
79.92 0.0324179 0.00325776
80.04 0.0324237 0.00376259
80.16 0.0324813 0.00424335
80.28 0.0325903 0.00470005
80.4 0.0327494 0.00513273
80.52 0.0329565 0.00554152
80.64 0.0332084 0.00592662
80.76 0.0335011 0.00628829
80.88 0.0338299 0.00662684
81 0.0341895 0.00694266
81.12 0.0345739 0.00723619
81.24 0.0349768 0.00750791
81.36 0.0353913 0.00775838
81.48 0.0358105 0.0079882
81.6 0.0362272 0.00819801
81.72 0.0366341 0.0083885
81.84 0.0370243 0.00856043
81.96 0.0373908 0.00871457
82.08 0.0377269 0.00885176
82.2 0.0380265 0.00897284
82.32 0.0382838 0.00907874
82.44 0.0384938 0.00917036
82.56 0.0386518 0.0092487
82.68 0.0387542 0.00931473
82.8 0.0387979 0.00936948
82.92 0.0387807 0.009414
83.04 0.0387012 0.00944934
83.16 0.038559 0.0094766
83.28 0.0383545 0.00949686
83.4 0.0380887 0.00951123
83.52 0.0377639 0.00952083
83.64 0.0373827 0.00952678
83.76 0.0369489 0.0095302
83.88 0.0364667 0.00953219
84 0.0359411 0.00953388
84.12 0.0353775 0.00953637
84.24 0.0347819 0.00954072
84.36 0.0341607 0.00954803
84.48 0.0335205 0.00955933
84.6 0.0328682 0.00957564
84.72 0.0322107 0.00959796
84.84 0.031555 0.00962725
84.96 0.030908 0.00966444
85.08 0.0302763 0.00971042
85.2 0.0296663 0.00976605
85.32 0.029084 0.00983212
85.44 0.0285349 0.00990941
85.56 0.028024 0.00999862
85.68 0.0275557 0.0101004
85.8 0.0271338 0.0102155
85.92 0.0267612 0.0103442
86.04 0.0264403 0.0104873
86.16 0.0261726 0.0106452
86.28 0.0259587 0.0108181
86.4 0.0257986 0.0110066
86.52 0.0256915 0.0112109
86.64 0.0256357 0.0114312
86.76 0.0256289 0.0116677
86.88 0.025668 0.0119207
87 0.0257495 0.01219
87.12 0.025869 0.0124759
87.24 0.0260218 0.0127784
87.36 0.0262028 0.0130972
87.48 0.0264064 0.0134325
87.6 0.0266268 0.0137839
87.72 0.0268581 0.0141515
87.84 0.0270943 0.0145349
87.96 0.0273294 0.0149339
88.08 0.0275574 0.0153483
88.2 0.0277727 0.0157777
88.32 0.0279699 0.0162218
88.44 0.028144 0.0166803
88.56 0.0282904 0.0171528
88.68 0.0284051 0.0176388
88.8 0.0284846 0.018138
88.92 0.0285262 0.0186499
89.04 0.0285277 0.019174
89.16 0.0284878 0.0197098
89.28 0.0284059 0.0202569
89.4 0.0282822 0.0208148
89.52 0.0281175 0.0213827
89.64 0.0279135 0.0219603
89.76 0.0276728 0.022547
89.88 0.0273985 0.023142
90 0.0270945 0.0237449
90.12 0.0267651 0.0243549
90.24 0.0264155 0.0249714
90.36 0.0260512 0.0255937
90.48 0.0256782 0.026221
90.6 0.0253029 0.0268527
90.72 0.0249317 0.0274878
90.84 0.0245716 0.0281257
90.96 0.0242292 0.0287655
91.08 0.0239115 0.0294061
91.2 0.0236252 0.0300469
91.32 0.0233768 0.0306867
91.44 0.0231724 0.0313246
91.56 0.023018 0.0319595
91.68 0.0229188 0.0325903
91.8 0.0228797 0.033216
91.92 0.0229049 0.0338353
92.04 0.0229979 0.0344471
92.16 0.0231615 0.0350501
92.28 0.0233976 0.0356429
92.4 0.0237075 0.0362244
92.52 0.0240914 0.0367931
92.64 0.0245489 0.0373477
92.76 0.0250785 0.0378867
92.88 0.025678 0.0384087
93 0.0263443 0.0389123
93.12 0.0270735 0.039396
93.24 0.0278609 0.0398582
93.36 0.028701 0.0402976
93.48 0.0295878 0.0407126
93.6 0.0305146 0.0411018
93.72 0.0314742 0.0414636
93.84 0.0324587 0.0417968
93.96 0.0334602 0.0420998
94.08 0.0344702 0.0423713
94.2 0.0354801 0.0426099
94.32 0.0364812 0.0428144
94.44 0.0374647 0.0429836
94.56 0.038422 0.0431163
94.68 0.0393446 0.0432114
94.8 0.0402241 0.043268
94.92 0.0410525 0.0432851
95.04 0.0418224 0.043262
95.16 0.0425267 0.0431978
95.28 0.0431587 0.0430921
95.4 0.0437126 0.0429443
95.52 0.0441831 0.0427541
95.64 0.0445654 0.0425212
95.76 0.0448559 0.0422456
95.88 0.0450513 0.0419272
96 0.0451493 0.0415662
96.12 0.0451484 0.0411629
96.24 0.0450476 0.0407177
96.36 0.0448469 0.0402313
96.48 0.0445471 0.0397043
96.6 0.0441494 0.0391376
96.72 0.043656 0.0385323
96.84 0.0430696 0.0378893
96.96 0.0423933 0.0372101
97.08 0.0416311 0.0364961
97.2 0.0407871 0.0357487
97.32 0.039866 0.0349697
97.44 0.0388729 0.0341608
97.56 0.0378129 0.0333239
97.68 0.0366915 0.032461
97.8 0.0355143 0.0315743
97.92 0.034287 0.0306658
98.04 0.0330153 0.029738
98.16 0.0317046 0.0287931
98.28 0.0303605 0.0278335
98.4 0.0289883 0.0268617
98.52 0.027593 0.0258803
98.64 0.0261794 0.0248917
98.76 0.024752 0.0238987
98.88 0.0233149 0.0229037
99 0.0218719 0.0219094
99.12 0.0204264 0.0209184
99.24 0.0189814 0.0199332
99.36 0.0175395 0.0189565
99.48 0.0161029 0.0179907
99.6 0.0146735 0.0170384
99.72 0.0132526 0.016102
99.84 0.0118414 0.0151838
99.96 0.0104407 0.0142862
100.08 0.00905097 0.0134114
100.2 0.00767245 0.0125614
100.32 0.00630517 0.0117383
100.44 0.00494898 0.0109441
100.56 0.0036036 0.0101805
100.68 0.00226866 0.0094492
100.8 0.00094374 0.00875178
100.92 -0.000371561 0.00808967
101.04 -0.00167762 0.00746414
101.16 -0.00297471 0.00687634
101.28 -0.00426301 0.00632726
101.4 -0.00554252 0.00581774
101.52 -0.00681306 0.00534848
101.64 -0.00807425 0.00492001
101.76 -0.00932545 0.00453269
101.88 -0.0105658 0.00418675
102 -0.0117942 0.00388223
102.12 -0.0130091 0.00361903
102.24 -0.0142091 0.00339688
102.36 -0.015392 0.00321534
102.48 -0.0165559 0.00307383
102.6 -0.0176982 0.00297161
102.72 -0.0188164 0.00290779
102.84 -0.0199078 0.0028813
102.96 -0.0209695 0.00289097
103.08 -0.0219984 0.00293547
103.2 -0.0229915 0.00301332
103.32 -0.0239457 0.00312293
103.44 -0.0248579 0.00326258
103.56 -0.0257253 0.00343043
103.68 -0.0265448 0.00362454
103.8 -0.0273138 0.00384286
103.92 -0.0280299 0.00408324
104.04 -0.0286908 0.00434345
104.16 -0.0292945 0.0046212
104.28 -0.0298396 0.00491412
104.4 -0.0303247 0.00521978
104.52 -0.0307491 0.00553571
104.64 -0.0311125 0.0058594
104.76 -0.031415 0.00618833
104.88 -0.0316571 0.00651994
105 -0.0318398 0.00685169
105.12 -0.0319648 0.00718104
105.24 -0.0320341 0.00750548
105.36 -0.0320502 0.00782251
105.48 -0.0320161 0.00812969
105.6 -0.0319353 0.00842464
105.72 -0.0318116 0.00870503
105.84 -0.0316492 0.00896862
105.96 -0.0314527 0.00921325
106.08 -0.031227 0.00943687
106.2 -0.0309773 0.00963753
106.32 -0.030709 0.0098134
106.44 -0.0304274 0.00996279
106.56 -0.0301383 0.0100841
106.68 -0.0298473 0.010176
106.8 -0.0295599 0.0102372
106.92 -0.0292818 0.0102666
107.04 -0.0290183 0.0102633
107.16 -0.0287745 0.0102265
107.28 -0.0285554 0.0101556
107.4 -0.0283656 0.0100504
107.52 -0.0282093 0.00991052
107.64 -0.0280904 0.00973604
107.76 -0.0280122 0.00952713
107.88 -0.0279775 0.00928417
108 -0.0279887 0.00900774
108.12 -0.0280477 0.0086986
108.24 -0.0281556 0.0083577
108.36 -0.028313 0.00798617
108.48 -0.02852 0.00758534
108.6 -0.028776 0.00715669
108.72 -0.02908 0.00670186
108.84 -0.0294301 0.00622269
108.96 -0.0298242 0.00572113
109.08 -0.0302594 0.00519928
109.2 -0.0307325 0.00465939
109.32 -0.0312397 0.00410381
109.44 -0.0317768 0.00353499
109.56 -0.0323394 0.00295549
109.68 -0.0329226 0.00236795
109.8 -0.0335213 0.00177506
109.92 -0.0341302 0.00117956
110.04 -0.0347437 0.000584255
110.16 -0.0353564 -8.06871e-06
110.28 -0.0359626 -0.000594601
110.4 -0.0365568 -0.00117255
110.52 -0.0371333 -0.00173915
110.64 -0.037687 -0.00229168
110.76 -0.0382126 -0.0028275
110.88 -0.0387052 -0.00334401
111 -0.0391602 -0.00383874
111.12 -0.0395732 -0.00430932
111.24 -0.0399403 -0.00475349
111.36 -0.0402579 -0.00516914
111.48 -0.0405231 -0.00555431
111.6 -0.040733 -0.0059072
111.72 -0.0408856 -0.00622621
111.84 -0.0409791 -0.00650989
111.96 -0.0410124 -0.00675702
112.08 -0.0409846 -0.00696657
112.2 -0.0408957 -0.00713774
112.32 -0.0407458 -0.00726993
112.44 -0.0405357 -0.00736279
112.56 -0.0402664 -0.00741618
112.68 -0.0399395 -0.00743021
112.8 -0.039557 -0.00740521
112.92 -0.039121 -0.00734176
113.04 -0.0386343 -0.00724066
113.16 -0.0380997 -0.00710296
113.28 -0.0375202 -0.0069299
113.4 -0.0368991 -0.00672297
113.52 -0.03624 -0.00648386
113.64 -0.0355463 -0.00621447
113.76 -0.0348217 -0.00591688
113.88 -0.0340698 -0.00559337
114 -0.0332943 -0.00524638
114.12 -0.0324986 -0.0048785
114.24 -0.0316863 -0.00449248
114.36 -0.0308608 -0.00409118
114.48 -0.0300251 -0.00367757
114.6 -0.0291825 -0.00325472
114.72 -0.0283356 -0.00282577
114.84 -0.0274871 -0.00239392
114.96 -0.0266394 -0.00196239
115.08 -0.0257944 -0.00153444
115.2 -0.0249543 -0.00111331
115.32 -0.0241204 -0.000702215
115.44 -0.0232942 -0.000304344
115.56 -0.0224767 7.71912e-05
115.68 -0.0216688 0.000439354
115.8 -0.0208711 0.000779213
115.92 -0.020084 0.00109395
116.04 -0.0193077 0.0013809
116.16 -0.0185422 0.00163752
116.28 -0.0177873 0.00186149
116.4 -0.0170428 0.00205062
116.52 -0.0163082 0.00220295
116.64 -0.015583 0.00231675
116.76 -0.0148667 0.00239048
116.88 -0.0141587 0.00242285
117 -0.0134583 0.00241283
117.12 -0.012765 0.00235963
117.24 -0.012078 0.00226271
117.36 -0.011397 0.0021218
117.48 -0.0107213 0.00193691
117.6 -0.0100506 0.0017083
117.72 -0.00938461 0.00143651
117.84 -0.00872307 0.00112232
117.96 -0.00806592 0.000766787
118.08 -0.00741316 0.000371229
118.2 -0.00676497 -6.28025e-05
118.32 -0.00612159 -0.000533513
118.44 -0.00548343 -0.00103888
118.56 -0.00485099 -0.00157667
118.68 -0.00422487 -0.00214444
118.8 -0.00360579 -0.00273957
118.92 -0.00299453 -0.00335927
119.04 -0.00239197 -0.00400057
119.16 -0.00179904 -0.0046604
119.28 -0.00121669 -0.00533555
119.4 -0.000645933 -0.00602273
119.52 -8.77662e-05 -0.00671857
119.64 0.000456811 -0.00741962
119.76 0.000986824 -0.00812244
119.88 0.00150134 -0.00882355
120 0.00199947 -0.00951949
