-0.999 -3.92039e-05 -2.4984e-05
-0.998 -0.000158168 -0.000107346
-0.997 -0.000336824 -0.000268496
-0.996 -0.000544196 -0.000528491
-0.995 -0.00077115 -0.000881138
-0.994 -0.00105451 -0.00127756
-0.993 -0.00147182 -0.00163256
-0.992 -0.00209795 -0.00185573
-0.991 -0.00293453 -0.00189536
-0.99 -0.00384697 -0.00177358
-0.989 -0.00455588 -0.00159112
-0.988 -0.00471284 -0.00149287
-0.987 -0.00404968 -0.00160781
-0.986 -0.00254833 -0.00199412
-0.985 -0.000556093 -0.00262133
-0.984 0.00122378 -0.00340397
-0.983 0.00190222 -0.00427423
-0.982 0.000706834 -0.00525877
-0.981 -0.00269093 -0.00651685
-0.98 -0.00797575 -0.00830762
-0.979 -0.0142263 -0.0108843
-0.978 -0.020197 -0.0143534
-0.977 -0.0247566 -0.018565
-0.976 -0.0273422 -0.0230919
-0.975 -0.0282534 -0.0273178
-0.974 -0.0286129 -0.0306047
-0.973 -0.0299182 -0.0324779
-0.972 -0.033311 -0.0327582
-0.971 -0.0388828 -0.0315857
-0.97 -0.045362 -0.0293185
-0.969 -0.050338 -0.0263433
-0.968 -0.050946 -0.0228986
-0.967 -0.0448224 -0.0190227
-0.966 -0.0310885 -0.0146679
-0.965 -0.0110162 -0.00991417
-0.964 0.0120075 -0.00515078
-0.963 0.0333739 -0.00112063
-0.962 0.0487233 0.00120509
-0.961 0.0553663 0.000887025
-0.96 0.0530725 -0.00265282
-0.959 0.0440171 -0.00933412
-0.958 0.0319993 -0.0183139
-0.957 0.021125 -0.0282155
-0.956 0.0142494 -0.0376528
-0.955 0.0117207 -0.0457893
-0.954 0.0110624 -0.0526154
-0.953 0.00787666 -0.0587968
-0.952 -0.00240295 -0.065213
-0.951 -0.0227155 -0.0724308
-0.95 -0.0532124 -0.080306
-0.949 -0.0909545 -0.0878283
-0.948 -0.130453 -0.0933448
-0.947 -0.165043 -0.0952377
-0.946 -0.188886 -0.0928606
-0.945 -0.198908 -0.0872478
-0.944 -0.195825 -0.081113
-0.943 -0.18375 -0.078019
-0.942 -0.168718 -0.0810835
-0.941 -0.156806 -0.0917925
-0.94 -0.152378 -0.109328
-0.939 -0.156653 -0.130576
-0.938 -0.16694 -0.150879
-0.937 -0.177092 -0.165447
-0.936 -0.179326 -0.171018
-0.935 -0.166802 -0.167073
-0.934 -0.135907 -0.155955
-0.933 -0.0875228 -0.141778
-0.932 -0.0272299 -0.128624
-0.931 0.0354583 -0.118874
-0.93 0.0890079 -0.112304
-0.929 0.122941 -0.106212
-0.928 0.131184 -0.0966031
-0.927 0.114148 -0.0801227
-0.926 0.0785237 -0.0560927
-0.925 0.0349764 -0.0277499
-0.924 -0.00527473 -0.00196407
-0.923 -0.0340873 0.0126419
-0.922 -0.0495532 0.00848124
-0.921 -0.0576087 -0.0183581
-0.92 -0.0706959 -0.0665422
-0.919 -0.103051 -0.129529
-0.918 -0.164232 -0.197304
-0.917 -0.253821 -0.259329
-0.916 -0.359593 -0.307685
-0.915 -0.459727 -0.339165
-0.914 -0.528286 -0.35548
-0.913 -0.542764 -0.361606
-0.912 -0.491999 -0.363098
-0.911 -0.381656 -0.363424
-0.91 -0.234259 -0.362275
-0.909 -0.0826633 -0.355507
-0.908 0.0407538 -0.336886
-0.907 0.114694 -0.301095
-0.906 0.135333 -0.246724
-0.905 0.116731 -0.177857
-0.904 0.0853809 -0.103515
-0.903 0.0702016 -0.0353172
-0.902 0.0906902 0.0156174
-0.901 0.147591 0.0415362
-0.9 0.220664 0.0399648
-0.899 0.275492 0.0141458
-0.898 0.276857 -0.0282366
-0.897 0.203042 -0.07769
-0.896 0.055576 -0.125855
-0.895 -0.138716 -0.167464
-0.894 -0.333997 -0.200658
-0.893 -0.478687 -0.226051
-0.892 -0.532206 -0.245438
-0.891 -0.479538 -0.260769
-0.89 -0.337501 -0.273456
-0.889 -0.149501 -0.283924
-0.888 0.0292334 -0.291528
-0.887 0.149905 -0.295063
-0.886 0.185364 -0.293698
-0.885 0.137671 -0.287719
-0.884 0.0358924 -0.278585
-0.883 -0.0754395 -0.268582
-0.882 -0.153811 -0.260729
-0.881 -0.175854 -0.259076
-0.88 -0.147025 -0.268716
-0.879 -0.0996478 -0.294812
-0.878 -0.080508 -0.34071
-0.877 -0.133148 -0.406139
-0.876 -0.281056 -0.486413
-0.875 -0.517049 -0.572829
-0.874 -0.802519 -0.653942
-0.873 -1.07756 -0.717654
-0.872 -1.27923 -0.754125
-0.871 -1.36144 -0.758876
-0.87 -1.30885 -0.734641
-0.869 -1.14 -0.690734
-0.868 -0.899936 -0.639906
-0.867 -0.64575 -0.593987
-0.866 -0.429308 -0.560075
-0.865 -0.282059 -0.538429
-0.864 -0.206859 -0.522601
-0.863 -0.180071 -0.501954
-0.862 -0.163175 -0.466119
-0.861 -0.118668 -0.409885
-0.86 -0.0235283 -0.336454
-0.859 0.123626 -0.257547
-0.858 0.301851 -0.19012
-0.857 0.472877 -0.150798
-0.856 0.591458 -0.149898
-0.855 0.619281 -0.187138
-0.854 0.537833 -0.25086
-0.853 0.354828 -0.321609
-0.852 0.101859 -0.378963
-0.851 -0.17447 -0.4089
-0.85 -0.42382 -0.408923
-0.849 -0.603837 -0.389364
-0.848 -0.691856 -0.370501
-0.847 -0.69378 -0.37608
-0.846 -0.644804 -0.424851
-0.845 -0.599024 -0.52298
-0.844 -0.611031 -0.660796
-0.843 -0.716837 -0.815741
-0.842 -0.920564 -0.960019
-0.841 -1.18969 -1.06925
-0.84 -1.45975 -1.12881
-0.839 -1.64969 -1.13663
-0.838 -1.68638 -1.10218
-0.837 -1.53094 -1.04193
-0.836 -1.19544 -0.971968
-0.835 -0.741855 -0.900575
-0.834 -0.263805 -0.82466
-0.833 0.141993 -0.732228
-0.832 0.405714 -0.609139
-0.831 0.507255 -0.446292
-0.83 0.483859 -0.244365
-0.829 0.417008 -0.0155045
-0.828 0.400581 0.217616
-0.827 0.5018 0.425423
-0.826 0.730796 0.577669
-0.825 1.03039 0.650425
-0.824 1.28942 0.63077
-0.823 1.37635 0.517542
-0.822 1.18437 0.319249
-0.821 0.674019 0.05135
-0.82 -0.104135 -0.265988
-0.819 -1.01799 -0.610069
-0.818 -1.89219 -0.958417
-0.817 -2.56146 -1.2915
-0.816 -2.92014 -1.59434
-0.815 -2.95286 -1.85688
-0.814 -2.73801 -2.07371
-0.813 -2.42072 -2.24293
-0.812 -2.16041 -2.36369
-0.811 -2.07029 -2.43274
-0.81 -2.17377 -2.44203
-0.809 -2.3967 -2.37928
-0.808 -2.59737 -2.23207
-0.807 -2.62043 -1.99367
-0.806 -2.3549 -1.66891
-0.805 -1.7794 -1.27845
-0.804 -0.981177 -0.859766
-0.803 -0.138821 -0.462346
-0.802 0.531842 -0.136717
-0.801 0.851208 0.0794605
-0.8 0.739094 0.172122
-0.799 0.242032 0.153629
-0.798 -0.483466 0.0571712
-0.797 -1.22194 -0.0745215
-0.796 -1.76603 -0.202954
-0.795 -1.98079 -0.307117
-0.794 -1.84691 -0.391732
-0.793 -1.46604 -0.48535
-0.792 -1.02239 -0.626739
-0.791 -0.713456 -0.844861
-0.79 -0.677725 -1.14206
-0.789 -0.946479 -1.48813
-0.788 -1.43498 -1.82667
-0.787 -1.97268 -2.09037
-0.786 -2.36112 -2.22082
-0.785 -2.442 -2.18793
-0.784 -2.15385 -2.00274
-0.783 -1.55739 -1.7169
-0.782 -0.819435 -1.40634
-0.781 -0.16085 -1.14496
-0.78 0.21354 -0.979676
-0.779 0.180243 -0.916822
-0.778 -0.263301 -0.923951
-0.777 -0.998053 -0.94483
-0.776 -1.8223 -0.922436
-0.775 -2.51678 -0.822877
-0.774 -2.91359 -0.652044
-0.773 -2.94685 -0.457685
-0.772 -2.67119 -0.314399
-0.771 -2.24319 -0.296597
-0.77 -1.86963 -0.45018
-0.769 -1.73632 -0.773963
-0.768 -1.94129 -1.21748
-0.767 -2.45801 -1.69539
-0.766 -3.14253 -2.11312
-0.765 -3.77932 -2.39466
-0.764 -4.14772 -2.5035
-0.763 -4.08915 -2.44981
-0.762 -3.55821 -2.2818
-0.761 -2.64278 -2.06472
-0.76 -1.54308 -1.85553
-0.759 -0.511812 -1.68265
-0.758 0.224885 -1.53879
-0.757 0.535876 -1.38895
-0.756 0.419918 -1.18956
-0.755 -0.000495073 -0.910379
-0.754 -0.521943 -0.550904
-0.753 -0.928536 -0.146278
-0.752 -1.06773 0.238567
-0.751 -0.908828 0.52438
-0.75 -0.561254 0.63818
-0.749 -0.243293 0.532649
-0.748 -0.21178 0.197718
-0.747 -0.676929 -0.33902
-0.746 -1.72776 -1.02141
-0.745 -3.28949 -1.7786
-0.744 -5.12939 -2.53909
-0.743 -6.91519 -3.24186
-0.742 -8.30971 -3.84338
-0.741 -9.06916 -4.31975
-0.74 -9.1114 -4.6637
-0.739 -8.53398 -4.87811
-0.738 -7.57956 -4.96888
-0.737 -6.55885 -4.93935
-0.736 -5.74926 -4.78673
-0.735 -5.29894 -4.50132
-0.734 -5.17438 -4.06936
-0.733 -5.17706 -3.48015
-0.732 -5.02345 -2.73598
-0.731 -4.45507 -1.86188
-0.73 -3.33872 -0.91104
-0.729 -1.72815 0.0362825
-0.728 0.128143 0.881453
-0.727 1.84025 1.52398
-0.726 2.98711 1.88343
-0.725 3.25404 1.92
-0.724 2.54409 1.64572
-0.723 1.01543 1.12088
-0.722 -0.967969 0.436361
-0.721 -2.9479 -0.311983
-0.72 -4.50638 -1.04846
-0.719 -5.38649 -1.73529
-0.718 -5.56985 -2.37747
-0.717 -5.28286 -3.01084
-0.716 -4.91619 -3.67571
-0.715 -4.87669 -4.38573
-0.714 -5.42872 -5.10643
-0.713 -6.58991 -5.75384
-0.712 -8.11788 -6.21476
-0.711 -9.58505 -6.3806
-0.71 -10.5132 -6.18247
-0.709 -10.53 -5.6172
-0.708 -9.50415 -4.75576
-0.707 -7.61289 -3.72926
-0.706 -5.30476 -2.69383
-0.705 -3.15991 -1.78552
-0.704 -1.69867 -1.08237
-0.703 -1.21119 -0.589396
-0.702 -1.66719 -0.251512
-0.701 -2.73132 0.0132763
-0.7 -3.87611 0.274988
-0.699 -4.55989 0.560023
-0.698 -4.41775 0.835872
-0.697 -3.40074 1.01757
-0.696 -1.80635 0.995959
-0.695 -0.182365 0.679724
-0.694 0.861454 0.0352889
-0.693 0.864311 -0.89293
-0.692 -0.324413 -1.99064
-0.691 -2.48497 -3.10478
-0.69 -5.08691 -4.08365
-0.689 -7.45317 -4.81284
-0.688 -8.98 -5.23861
-0.687 -9.33854 -5.3741
-0.686 -8.58354 -5.28623
-0.685 -7.12867 -5.06628
-0.684 -5.5997 -4.79477
-0.683 -4.61899 -4.51575
-0.682 -4.59313 -4.23035
-0.681 -5.57159 -3.90828
-0.68 -7.22428 -3.50895
-0.679 -8.95206 -3.00397
-0.678 -10.0985 -2.39624
-0.677 -10.1881 -1.73133
-0.676 -9.10225 -1.09637
-0.675 -7.13258 -0.60433
-0.674 -4.89593 -0.367709
-0.673 -3.14303 -0.471552
-0.672 -2.51828 -0.953408
-0.671 -3.34335 -1.79259
-0.67 -5.49785 -2.90917
-0.669 -8.44701 -4.17462
-0.668 -11.4127 -5.43467
-0.667 -13.6254 -6.53998
-0.666 -14.5637 -7.37555
-0.665 -14.1032 -7.88008
-0.664 -12.5372 -8.05147
-0.663 -10.4665 -7.93881
-0.662 -8.59239 -7.62106
-0.661 -7.46878 -7.17529
-0.66 -7.30137 -6.64476
-0.659 -7.87529 -6.02243
-0.658 -8.64253 -5.25878
-0.657 -8.93082 -4.29132
-0.656 -8.1912 -3.08358
-0.655 -6.20083 -1.65981
-0.654 -3.16539 -0.125121
-0.653 0.308117 1.33711
-0.652 3.37237 2.49711
-0.651 5.1984 3.13731
-0.65 5.24578 3.11887
-0.649 3.44003 2.4287
-0.648 0.191046 1.18721
-0.647 -3.74421 -0.385544
-0.646 -7.49556 -2.032
-0.645 -10.3341 -3.52739
-0.644 -11.879 -4.73898
-0.643 -12.1987 -5.65587
-0.642 -11.7627 -6.37485
-0.641 -11.2488 -7.04275
-0.64 -11.2737 -7.77743
-0.639 -12.1544 -8.60154
-0.638 -13.7868 -9.4166
-0.637 -15.6756 -10.027
-0.636 -17.0935 -10.2041
-0.635 -17.3216 -9.76777
-0.634 -15.9019 -8.65964
-0.633 -12.8219 -6.98177
-0.632 -8.55738 -4.98176
-0.631 -3.94527 -2.98594
-0.63 0.0654819 -1.30373
-0.629 2.69699 -0.137919
-0.628 3.56663 0.46796
-0.627 2.78877 0.627382
-0.626 0.925339 0.555809
-0.625 -1.20582 0.482255
-0.624 -2.81053 0.558467
-0.623 -3.38866 0.799402
-0.622 -2.89494 1.07757
-0.621 -1.73862 1.1714
-0.62 -0.6346 0.84768
-0.619 -0.360726 -0.0512459
-0.618 -1.49212 -1.54418
-0.617 -4.18968 -3.4931
-0.616 -8.1168 -5.63779
-0.615 -12.527 -7.67254
-0.614 -16.4992 -9.33713
-0.613 -19.2297 -10.4878
-0.612 -20.274 -11.1233
-0.611 -19.6667 -11.363
-0.61 -17.8992 -11.3882
-0.609 -15.763 -11.3689
-0.608 -14.0924 -11.3983
-0.607 -13.4773 -11.4566
-0.606 -14.0482 -11.4177
-0.605 -15.4257 -11.0973
-0.604 -16.8544 -10.3256
-0.603 -17.4623 -9.01582
-0.602 -16.5505 -7.20637
-0.601 -13.8298 -5.06576
-0.6 -9.54628 -2.86019
-0.599 -4.4541 -0.893064
-0.598 0.380381 0.566383
-0.597 3.89475 1.3444
-0.596 5.36082 1.39659
-0.595 4.60609 0.806821
-0.594 2.05188 -0.245476
-0.593 -1.4305 -1.53929
-0.592 -4.79114 -2.87284
-0.591 -7.12443 -4.11313
-0.59 -7.95467 -5.21677
-0.589 -7.38962 -6.21534
-0.588 -6.07528 -7.17437
-0.587 -4.95468 -8.14408
-0.586 -4.9131 -9.11754
-0.585 -6.438 -10.0063
-0.584 -9.41148 -10.6424
-0.583 -13.1027 -10.8158
-0.582 -16.3692 -10.3419
-0.581 -18.016 -9.13715
-0.58 -17.2068 -7.26894
-0.579 -13.7829 -4.95834
-0.578 -8.37219 -2.53911
-0.577 -2.24073 -0.389073
-0.576 3.07087 1.15
-0.575 6.21248 1.8502
-0.574 6.44458 1.65196
-0.573 3.87491 0.670027
-0.572 -0.577022 -0.857301
-0.571 -5.48875 -2.65389
-0.57 -9.4148 -4.48774
-0.569 -11.3678 -6.21947
-0.568 -11.1356 -7.81037
-0.567 -9.33101 -9.29705
-0.566 -7.15771 -10.74
-0.565 -5.96156 -12.1571
-0.564 -6.71285 -13.4673
-0.563 -9.60208 -14.4774
-0.562 -13.9089 -14.9258
-0.561 -18.2076 -14.5656
-0.56 -20.84 -13.2509
-0.559 -20.4852 -10.996
-0.558 -16.6346 -7.99482
-0.557 -9.81817 -4.59701
-0.556 -1.50354 -1.24261
-0.555 6.32003 1.63453
-0.554 11.7527 3.70319
-0.553 13.5867 4.79534
-0.552 11.6819 4.91322
-0.551 6.97665 4.19198
-0.55 1.14104 2.83992
-0.549 -3.99482 1.07589
-0.548 -7.04396 -0.923557
-0.547 -7.51096 -3.05569
-0.546 -5.94185 -5.28945
-0.545 -3.71216 -7.62982
-0.544 -2.50967 -10.0683
-0.543 -3.6918 -12.5449
-0.542 -7.75795 -14.9346
-0.541 -14.1312 -17.0543
-0.54 -21.3148 -18.6854
-0.539 -27.3554 -19.6095
-0.538 -30.4615 -19.6582
-0.537 -29.592 -18.7666
-0.536 -24.8281 -17.0083
-0.535 -17.3879 -14.5964
-0.534 -9.25504 -11.8504
-0.533 -2.54485 -9.14014
-0.532 1.16765 -6.81448
-0.531 1.32663 -5.12353
-0.53 -1.45872 -4.15186
-0.529 -5.62815 -3.78997
-0.528 -9.17836 -3.76707
-0.527 -10.3238 -3.74233
-0.526 -8.10506 -3.42325
-0.525 -2.72974 -2.66913
-0.524 4.48383 -1.54648
-0.523 11.5392 -0.318513
-0.522 16.4106 0.633773
-0.521 17.691 0.942292
-0.52 15.0441 0.39521
-0.519 9.33161 -0.963004
-0.518 2.35854 -2.82365
-0.517 -3.71097 -4.71111
-0.516 -7.08539 -6.15241
-0.515 -6.96451 -6.85575
-0.514 -3.82256 -6.83186
-0.513 0.737618 -6.41063
-0.512 4.50482 -6.13917
-0.511 5.39282 -6.5868
-0.51 2.17167 -8.11956
-0.509 -5.03432 -10.727
-0.508 -14.6769 -13.9739
-0.507 -24.2088 -17.1081
-0.506 -30.8768 -19.2925
-0.505 -32.606 -19.8817
-0.504 -28.6768 -18.6427
-0.503 -19.9813 -15.8391
-0.502 -8.77765 -12.1475
-0.501 1.99728 -8.43263
-0.5 9.66701 -5.45761
-0.499 12.701 -3.63046
-0.498 11.2151 -2.8821
-0.497 6.88426 -2.72617
-0.496 2.30147 -2.48304
-0.495 0.0276758 -1.58197
-0.494 1.65893 0.178066
-0.493 7.21006 2.51108
-0.492 15.0229 4.71575
-0.491 22.2673 5.91213
-0.49 25.9105 5.3613
-0.489 23.8278 2.75575
-0.488 15.6283 -1.62787
-0.487 2.8775 -6.97833
-0.486 -11.3508 -12.1924
-0.485 -23.4188 -16.2222
-0.484 -30.2588 -18.3976
-0.483 -30.3488 -18.6114
-0.482 -24.2123 -17.3077
-0.481 -14.2435 -15.2875
-0.48 -3.87905 -13.4037
-0.479 3.58997 -12.2562
-0.478 6.11939 -11.9986
-0.477 3.53151 -12.3264
-0.476 -2.52257 -12.6459
-0.475 -9.20424 -12.3479
-0.474 -13.5115 -11.0735
-0.473 -13.3601 -8.8747
-0.472 -8.35742 -6.21744
-0.471 0.0252399 -3.82958
-0.47 8.96117 -2.44995
-0.469 15.2631 -2.56962
-0.468 16.4843 -4.2618
-0.467 11.7448 -7.16174
-0.466 2.03761 -10.594
-0.465 -10.058 -13.7861
-0.464 -21.1663 -16.0879
-0.463 -28.1665 -17.129
-0.462 -29.1593 -16.8782
-0.461 -24.0155 -15.5966
-0.46 -14.336 -13.7065
-0.459 -2.8803 -11.6329
-0.458 7.31242 -9.67951
-0.457 13.831 -7.98248
-0.456 15.5743 -6.53748
-0.455 13.0151 -5.26205
-0.454 7.96376 -4.05671
-0.453 2.91244 -2.85183
-0.452 0.193552 -1.63934
-0.451 1.23513 -0.484734
-0.45 6.12565 0.485522
-0.449 13.5815 1.11305
-0.448 21.3127 1.23472
-0.447 26.7009 0.699617
-0.446 27.614 -0.610008
-0.445 23.1064 -2.73317
-0.444 13.7718 -5.56629
-0.443 1.6339 -8.8211
-0.442 -10.3832 -12.0452
-0.441 -19.2563 -14.7128
-0.44 -22.7383 -16.3585
-0.439 -20.0768 -16.716
-0.438 -12.3349 -15.8206
-0.437 -2.15261 -14.0389
-0.436 7.02371 -11.9926
-0.435 12.0153 -10.3739
-0.434 10.9425 -9.70601
-0.433 3.89192 -10.143
-0.432 -6.99766 -11.3972
-0.431 -18.1077 -12.8297
-0.43 -25.4596 -13.6745
-0.429 -26.0596 -13.3236
-0.428 -19.0002 -11.5741
-0.427 -5.89277 -8.7427
-0.426 9.55893 -5.58874
-0.425 22.722 -3.05634
-0.424 29.5636 -1.92596
-0.423 28.0578 -2.5103
-0.422 18.9868 -4.51317
-0.421 5.80405 -7.10793
-0.42 -6.47718 -9.21676
-0.419 -13.0324 -9.90216
-0.418 -10.9912 -8.73266
-0.417 -0.565313 -5.97963
-0.416 14.8805 -2.55714
-0.415 29.8624 0.281892
-0.414 38.5956 1.37916
-0.413 37.0105 0.0740065
-0.412 24.2723 -3.56228
-0.411 3.22884 -8.73688
-0.41 -20.4331 -14.1923
-0.409 -40.063 -18.6311
-0.408 -50.2908 -21.1598
-0.407 -48.8386 -21.5819
-0.406 -37.2681 -20.4231
-0.405 -20.4096 -18.6878
-0.404 -4.65896 -17.4549
-0.403 4.28229 -17.4717
-0.402 3.43663 -18.8806
-0.401 -6.3833 -21.1602
-0.4 -20.8682 -23.2988
-0.399 -33.7644 -24.1536
-0.398 -39.1216 -22.8709
-0.397 -33.4331 -19.209
-0.396 -16.9281 -13.6374
-0.395 6.42845 -7.18645
-0.394 30.2262 -1.12319
-0.393 47.744 3.42155
-0.392 54.1824 5.76109
-0.391 48.2189 5.81446
-0.39 32.3696 4.0787
-0.389 12.0653 1.42134
-0.388 -6.20978 -1.23284
-0.387 -17.0718 -3.20393
-0.386 -17.9603 -4.24223
-0.385 -9.86211 -4.55061
-0.384 3.1843 -4.66314
-0.383 15.5927 -5.23543
-0.382 22.1814 -6.81052
-0.381 19.9003 -9.62402
-0.38 8.7881 -13.5044
-0.379 -8.0996 -17.8968
-0.378 -25.7227 -21.9975
-0.377 -38.7019 -24.9551
-0.376 -43.0466 -26.0865
-0.375 -37.4041 -25.061
-0.374 -23.4323 -22.0089
-0.373 -5.2151 -17.5159
-0.372 12.0357 -12.4904
-0.371 23.5496 -7.9345
-0.37 26.3776 -4.68291
-0.369 20.2152 -3.18196
-0.368 7.452 -3.36425
-0.367 -7.57459 -4.66222
-0.366 -19.9222 -6.18234
-0.365 -25.581 -7.01382
-0.364 -22.7251 -6.57682
-0.363 -12.2902 -4.87368
-0.362 2.287 -2.53378
-0.361 16.0827 -0.626547
-0.36 24.1748 -0.303284
-0.359 23.1998 -2.37872
-0.358 12.5213 -6.98044
-0.357 -5.38586 -13.3926
-0.356 -25.5341 -20.1849
-0.355 -41.8936 -25.627
-0.354 -49.3035 -28.2583
-0.353 -45.1993 -27.3983
-0.352 -30.5628 -23.3948
-0.351 -9.74576 -17.5178
-0.35 10.8226 -11.5376
-0.349 24.6701 -7.13041
-0.348 27.4271 -5.30782
-0.347 18.3758 -6.06828
-0.346 0.832409 -8.41204
-0.345 -18.8678 -10.738
-0.344 -33.5193 -11.4865
-0.343 -37.609 -9.78262
-0.342 -29.364 -5.82533
-0.341 -11.5163 -0.870212
-0.34 9.51794 3.19091
-0.339 25.773 4.49926
-0.338 30.4628 1.90524
-0.337 20.4022 -4.59065
-0.336 -2.71594 -13.791
-0.335 -32.696 -23.6696
-0.334 -60.8312 -32.0297
-0.333 -78.8533 -37.2189
-0.332 -81.7725 -38.6441
-0.331 -69.5496 -36.8934
-0.33 -47.0064 -33.4271
-0.329 -22.0656 -29.9686
-0.328 -2.98535 -27.8455
-0.327 4.46191 -27.5283
-0.326 -1.06706 -28.5143
-0.325 -16.0883 -29.5722
-0.324 -33.6025 -29.2429
-0.323 -45.6716 -26.4189
-0.322 -46.3168 -20.7918
-0.321 -33.6582 -12.9961
-0.32 -10.5327 -4.39262
-0.319 16.5452 3.40534
-0.318 39.6237 9.05513
-0.317 51.9479 11.8569
-0.316 50.1163 11.8703
-0.315 35.0799 9.78173
-0.314 11.6894 6.60067
-0.313 -13.018 3.29727
-0.312 -32.1765 0.504909
-0.311 -41.2591 -1.6113
-0.31 -39.3339 -3.28775
-0.309 -29.0669 -4.96115
-0.308 -15.5814 -7.05056
-0.307 -4.64687 -9.8162
-0.306 -0.834344 -13.3195
-0.305 -6.19897 -17.4524
-0.304 -19.803 -21.9843
-0.303 -38.1178 -26.5934
-0.302 -56.1242 -30.8715
-0.301 -68.7829 -34.3203
-0.3 -72.4698 -36.3787
-0.299 -65.9767 -36.5206
-0.298 -50.7987 -34.4222
-0.297 -30.6695 -30.1395
-0.296 -10.5517 -24.2071
-0.295 4.62235 -17.5866
-0.294 11.2158 -11.4431
-0.293 7.94145 -6.79411
-0.292 -3.57625 -4.14375
-0.291 -19.0413 -3.25575
-0.29 -32.656 -3.20322
-0.289 -38.9542 -2.73108
-0.288 -34.6803 -0.813111
-0.287 -20.0563 2.82518
-0.286 0.973524 7.44069
-0.285 21.6279 11.3869
-0.284 34.1763 12.6012
-0.283 32.4384 9.33511
-0.282 14.1626 0.889024
-0.281 -17.6686 -11.9391
-0.28 -55.342 -26.927
-0.279 -88.7491 -41.0638
-0.278 -108.755 -51.5315
-0.277 -110.356 -56.647
-0.276 -94.5131 -56.4023
-0.275 -68.017 -52.4056
-0.274 -41.3369 -47.2434
-0.273 -25.0001 -43.4743
-0.272 -25.65 -42.6048
-0.271 -43.2707 -44.4427
-0.27 -70.8229 -47.1229
-0.269 -96.6272 -47.8448
-0.268 -108.667 -44.0477
-0.267 -99.1779 -34.5504
-0.266 -67.7984 -20.1954
-0.265 -22.1341 -3.74379
-0.264 24.5395 10.9535
-0.263 57.728 20.2192
-0.262 66.8221 21.8055
-0.261 48.9966 15.6846
-0.26 10.3799 4.06632
-0.259 -36.0378 -9.38628
-0.258 -75.0197 -20.8528
-0.257 -94.506 -27.6718
-0.256 -89.8415 -29.1768
-0.255 -65.2603 -26.7478
-0.254 -32.0907 -23.0837
-0.253 -4.35665 -21.0041
-0.252 6.55836 -22.2531
-0.251 -3.82021 -26.7617
-0.25 -31.4277 -32.6445
-0.249 -65.2208 -36.9257
-0.248 -91.3167 -36.7142
-0.247 -98.1926 -30.3783
-0.246 -81.042 -18.2627
-0.245 -43.6416 -2.66507
-0.244 3.00419 12.91
-0.243 44.6891 24.9197
-0.242 69.0631 30.9164
-0.241 69.7605 30.2319
-0.24 48.177 23.998
-0.239 12.4817 14.5493
-0.238 -25.59 4.47566
-0.237 -54.9771 -4.30529
-0.236 -69.0818 -11.1136
-0.235 -67.7266 -16.519
-0.234 -56.5468 -21.8378
-0.233 -44.1737 -28.3593
-0.232 -38.5454 -36.6486
-0.231 -43.9487 -46.2211
-0.23 -59.8296 -55.6981
-0.229 -81.4905 -63.3354
-0.228 -102.103 -67.6695
-0.227 -115.216 -68.0082
-0.226 -116.921 -64.5917
-0.225 -106.956 -58.4018
-0.224 -88.3684 -50.7336
-0.223 -65.9839 -42.7272
-0.222 -44.5234 -35.0563
-0.221 -27.2905 -27.9023
-0.22 -15.8619 -21.1981
-0.219 -10.5215 -14.9773
-0.218 -10.8585 -9.60297
-0.217 -16.1072 -5.72697
-0.216 -25.1529 -3.99398
-0.215 -36.3573 -4.66489
-0.214 -47.4255 -7.3715
-0.213 -55.5546 -11.1379
-0.212 -58.0556 -14.6836
-0.211 -53.424 -16.9155
-0.21 -42.4529 -17.425
-0.209 -28.7095 -16.7638
-0.208 -17.822 -16.3131
-0.207 -15.5703 -17.7273
-0.206 -25.4391 -22.1582
-0.205 -46.6906 -29.614
-0.204 -73.9186 -38.7673
-0.203 -98.4897 -47.322
-0.202 -111.499 -52.8108
-0.201 -107.211 -53.5257
-0.2 -85.6624 -49.2286
-0.199 -53.3016 -41.3487
-0.198 -21.1884 -32.5329
-0.197 -1.15593 -25.6618
-0.196 -1.22051 -22.6925
-0.195 -22.0253 -23.8024
-0.194 -55.9177 -27.2162
-0.193 -89.3033 -29.8258
-0.192 -107.546 -28.3931
-0.191 -100.562 -20.8797
-0.19 -66.9402 -7.39141
-0.189 -14.9805 9.64454
-0.188 39.7955 26.1688
-0.187 79.9016 37.8179
-0.186 92.1393 41.4151
-0.185 72.5859 36.0775
-0.184 28.3079 23.5199
-0.183 -25.0842 7.41537
-0.182 -69.2539 -7.97294
-0.181 -90.0712 -19.3678
-0.18 -82.9054 -25.6356
-0.179 -54.2461 -28.0672
-0.178 -19.1309 -29.6921
-0.177 4.5854 -33.9281
-0.176 3.03817 -43.0958
-0.175 -28.1908 -57.3366
-0.174 -82.0023 -74.3255
-0.173 -142.018 -89.9208
-0.172 -188.446 -99.5649
-0.171 -205.356 -99.9239
-0.17 -186.487 -90.1156
-0.169 -137.344 -72.0356
-0.168 -72.9551 -49.6991
-0.167 -12.4023 -27.9177
-0.166 27.7492 -10.8247
-0.165 38.825 -0.727147
-0.164 22.4962 2.3843
-0.163 -10.4518 0.527142
-0.162 -44.5679 -3.26661
-0.161 -65.7258 -6.2431
-0.16 -66.3027 -6.98788
-0.159 -47.5477 -5.84044
-0.158 -18.4285 -4.56815
-0.157 8.24151 -5.52522
-0.156 20.6597 -10.662
-0.155 12.1031 -20.7158
-0.154 -16.9833 -34.8148
-0.153 -59.3284 -50.6123
-0.152 -103.352 -64.9118
-0.151 -136.964 -74.5718
-0.15 -151.315 -77.3694
-0.149 -143.208 -72.544
-0.148 -115.455 -60.8984
-0.147 -75.3858 -44.4991
-0.146 -32.3496 -26.1134
-0.145 4.80369 -8.55392
-0.144 29.626 5.90754
-0.143 39.15 15.9324
-0.142 34.1778 21.259
-0.141 18.8306 22.5956
-0.14 -0.604558 21.2915
-0.139 -17.3758 18.849
-0.138 -26.1262 16.3975
-0.137 -24.4054 14.3001
-0.136 -13.4462 12.0313
-0.135 1.94341 8.36217
-0.134 14.386 1.78897
-0.133 15.8506 -8.89686
-0.132 0.320974 -24.0141
-0.131 -33.4542 -42.548
-0.13 -80.3446 -62.091
-0.129 -129.489 -79.3208
-0.128 -167.394 -90.9317
-0.127 -182.44 -94.6841
-0.126 -169.081 -90.1736
-0.125 -130.251 -79.0527
-0.124 -77.157 -64.6373
-0.123 -26.2768 -50.9786
-0.122 5.87435 -41.6134
-0.121 8.73501 -38.3679
-0.12 -17.8657 -40.6916
-0.119 -62.9822 -45.8677
-0.118 -108.251 -50.0789
-0.117 -134.692 -49.9136
-0.116 -129.918 -43.7186
-0.115 -92.9593 -32.2883
-0.114 -34.9537 -18.6486
-0.113 24.5859 -6.99673
-0.112 64.7394 -1.15049
-0.111 70.9922 -3.06612
-0.11 40.9767 -12.005
-0.109 -14.2255 -24.707
-0.108 -73.9747 -36.5367
-0.107 -115.819 -43.1864
-0.106 -124.091 -42.2877
-0.105 -95.9041 -34.2959
-0.104 -42.1165 -22.2812
-0.103 17.0107 -10.7144
-0.102 59.562 -3.76394
-0.101 70.018 -3.79486
-0.1 44.6893 -10.6081
-0.099 -7.20379 -21.6206
-0.098 -67.0659 -32.8617
-0.097 -113.88 -40.433
-0.096 -132.079 -41.9138
-0.095 -117.177 -37.1532
-0.094 -76.7244 -28.1049
-0.093 -26.3857 -17.8168
-0.092 16.7442 -9.11485
-0.091 40.4477 -3.60688
-0.09 41.0048 -1.35228
-0.089 23.3911 -1.16756
-0.088 -1.48608 -1.32166
-0.087 -21.4263 -0.342509
-0.086 -27.8322 2.33811
-0.085 -18.8814 6.15919
-0.084 0.483067 9.74401
-0.083 21.5828 11.591
-0.082 36.2176 10.747
-0.081 39.7913 7.08882
-0.08 32.0922 1.10267
-0.079 15.9464 -6.63176
-0.078 -5.10499 -15.8981
-0.077 -28.796 -26.953
-0.076 -54.8051 -40.2095
-0.075 -83.7769 -55.6526
-0.074 -115.293 -72.3056
-0.073 -146.101 -88.0719
-0.072 -169.859 -100.103
-0.071 -178.86 -105.63
-0.07 -167.326 -103.027
-0.069 -135.044 -92.7401
-0.068 -89.5644 -77.6101
-0.067 -45.1562 -62.1907
-0.066 -17.8576 -51.1107
-0.065 -18.3449 -47.1293
-0.064 -46.2486 -49.8647
-0.063 -89.1205 -55.8615
-0.062 -126.656 -59.9417
-0.061 -138.267 -57.2475
-0.06 -111.274 -45.2838
-0.059 -47.1791 -25.3317
-0.058 36.4331 -2.6047
-0.057 110.497 15.2895
-0.056 145.341 21.3094
-0.055 123.701 12.1379
-0.054 49.4069 -10.0381
-0.053 -52.7995 -38.016
-0.052 -146.066 -62.0494
-0.051 -194.851 -73.2512
-0.05 -178.089 -66.772
-0.049 -97.9374 -43.7626
-0.048 19.2679 -11.2985
-0.047 131.596 20.0599
-0.046 197.555 40.3526
-0.045 193.045 44.2147
-0.044 121.428 32.9754
-0.043 12.4074 14.0371
-0.042 -89.314 -2.05979
-0.041 -140.93 -5.73244
-0.04 -118.031 7.78538
-0.039 -24.8619 36.2215
-0.038 106.185 70.7573
-0.037 226.72 99.3078
-0.036 291.407 111.242
-0.035 275.531 101.434
-0.034 183.911 72.0464
-0.033 48.6873 31.6711
-0.032 -82.4646 -7.70764
-0.031 -163.806 -34.9679
-0.03 -169.104 -43.9976
-0.029 -102.358 -36.0648
-0.028 3.93909 -19.1028
-0.027 102.963 -4.08335
-0.026 153.048 -0.337655
-0.025 133.182 -12.0654
-0.024 49.1757 -37.1534
-0.023 -69.6561 -68.19
-0.022 -181.198 -95.1271
-0.021 -245.996 -108.97
-0.02 -242.966 -105.417
-0.019 -178.374 -86.7789
-0.018 -82.3642 -60.8866
-0.017 5.59923 -37.4354
-0.016 53.8871 -23.9017
-0.015 49.7634 -23.0589
-0.014 1.47745 -32.6612
-0.013 -66.7112 -46.7571
-0.012 -124.026 -58.0081
-0.011 -145.149 -60.536
-0.01 -121.074 -52.444
-0.009 -63.124 -36.6653
-0.008 3.40643 -19.343
-0.007 52.4897 -6.61579
-0.006 69.1948 -1.81308
-0.005 54.2378 -4.44064
-0.004 21.2675 -10.9205
-0.003 -10.098 -16.3386
-0.002 -22.8266 -16.551
-0.001 -10.3069 -10.0861
0 19.9753 0.993323
0.001 50.2417 12.0654
0.002 62.7124 18.5117
0.003 49.8929 18.2735
0.004 18.3857 12.8276
0.005 -14.7782 6.32216
0.006 -29.9696 3.67299
0.007 -13.5165 8.45617
0.008 35.3244 21.1593
0.009 101.644 38.4424
0.01 159.425 54.1568
0.011 183.368 62.1555
0.012 162.145 59.5111
0.013 104.749 48.1349
0.014 36.489 33.9239
0.015 -11.8608 24.2339
0.016 -16.0383 25.0278
0.017 32.2079 38.5526
0.018 120.134 62.0238
0.019 216.089 87.9447
0.02 280.579 106.602
0.021 283.438 110.163
0.022 218.406 96.3285
0.023 106.586 69.4218
0.024 -12.5314 38.4561
0.025 -96.7947 13.4888
0.026 -116.859 1.9277
0.027 -66.9055 5.86436
0.028 32.0305 21.06
0.029 138.235 38.1389
0.03 204.836 46.1026
0.031 199.325 37.026
0.032 117.726 9.68021
0.033 -13.6732 -29.774
0.034 -149.077 -70.1758
0.035 -240.773 -99.5217
0.036 -256.616 -109.227
0.037 -191.824 -97.1591
0.038 -71.2052 -68.5048
0.039 59.7991 -33.9516
0.04 152.721 -5.60553
0.041 175.17 7.74881
0.042 122.984 3.9128
0.043 20.6986 -12.2716
0.044 -88.7567 -31.1747
0.045 -160.605 -42.2515
0.046 -165.136 -38.1425
0.047 -99.0674 -17.6067
0.048 13.3526 13.8795
0.049 130.477 46.2684
0.05 210.284 68.9873
0.051 226.468 75.0408
0.052 177.007 63.4162
0.053 83.1471 39.1007
0.054 -19.4185 11.0695
0.055 -93.7687 -10.9205
0.056 -115.206 -19.7432
0.057 -80.0567 -13.3605
0.058 -5.80617 4.74055
0.059 77.6743 27.4075
0.06 141.239 47.0448
0.061 167.385 58.5765
0.062 154.815 60.9243
0.063 116.46 56.7656
0.064 73.1039 51.0509
0.065 45.1239 48.923
0.066 44.8878 53.6712
0.067 72.5478 65.4262
0.068 117.152 81.186
0.069 162.443 96.194
0.07 194.091 105.945
0.071 204.664 107.802
0.072 194.624 101.589
0.073 170.024 89.1634
0.074 138.764 73.4046
0.075 107.232 57.1082
0.076 78.5417 42.1689
0.077 52.8421 29.2885
0.078 29.1879 18.2517
0.079 7.69891 8.56698
0.08 -9.37221 0.0928207
0.081 -18.303 -6.69193
0.082 -15.9641 -10.9039
0.083 -2.25653 -11.8298
0.084 18.4266 -9.53
0.085 37.901 -5.08747
0.086 47.3032 -0.285308
0.087 41.3697 3.1721
0.088 21.5974 4.48065
0.089 -3.6102 4.14773
0.09 -22.0367 3.78743
0.091 -22.5621 5.41288
0.092 0.112794 10.513
0.093 42.5781 19.2342
0.094 92.7906 29.9922
0.095 133.616 39.7908
0.096 149.14 45.2871
0.097 131.445 44.2303
0.098 84.6914 36.5964
0.099 24.2933 24.8252
0.1 -28.6551 13.0219
0.101 -55.2841 5.47061
0.102 -46.0036 5.05054
0.103 -4.17002 12.1175
0.104 54.8615 24.2565
0.105 109.095 37.0621
0.106 137.966 45.739
0.107 130.214 46.9395
0.108 88.3958 40.0853
0.109 28.0487 27.6196
0.11 -28.2633 14.0915
0.111 -59.5965 4.45047
0.112 -54.4828 2.21482
0.113 -14.9626 8.21366
0.114 44.582 20.3734
0.115 103.103 34.6069
0.116 140.748 46.4203
0.117 145.969 52.5917
0.118 119.434 52.308
0.119 73.4486 47.3875
0.12 27.1569 41.5301
0.121 -0.730939 38.853
0.122 1.13612 42.2546
0.123 32.8982 52.2589
0.124 84.0776 66.8096
0.125 137.973 82.0388
0.126 177.724 93.606
0.127 191.712 98.0612
0.128 176.714 93.8135
0.129 138.211 81.4937
0.13 87.989 63.645
0.131 39.8715 43.8301
0.132 5.09519 25.4645
0.133 -10.9409 10.8369
0.134 -9.44096 0.685714
0.135 3.38872 -5.608
0.136 19.1854 -9.44063
0.137 30.2472 -12.315
0.138 31.5722 -15.2739
0.139 21.9256 -18.5404
0.14 3.94365 -21.4454
0.141 -16.7005 -22.6748
0.142 -32.9186 -20.7508
0.143 -38.2025 -14.5554
0.144 -28.42 -3.71814
0.145 -2.9668 11.2004
0.146 34.8798 28.7192
0.147 78.3788 46.6245
0.148 118.5 62.3306
0.149 145.871 73.3755
0.15 153.29 77.9548
0.151 138.177 75.3696
0.152 103.98 66.2718
0.153 59.701 52.6077
0.154 17.423 37.2007
0.155 -11.4293 23.0274
0.156 -19.8085 12.4018
0.157 -7.46324 6.36117
0.158 18.7917 4.47421
0.159 47.194 5.12976
0.16 65.0917 6.21581
0.161 63.7442 6.00438
0.162 42.1077 3.96859
0.163 7.90591 1.19004
0.164 -24.7726 0.0887939
0.165 -40.627 3.49245
0.166 -29.0675 13.4079
0.167 11.4106 30.0184
0.168 72.0577 51.3056
0.169 136.348 73.4274
0.17 185.332 91.7404
0.171 204.129 102.189
0.172 187.323 102.636
0.173 141.151 93.6251
0.174 81.4308 78.2048
0.175 27.8077 60.8084
0.176 -3.46325 45.6559
0.177 -5.32981 35.3218
0.178 17.8478 30.0004
0.179 52.3611 27.6741
0.18 80.55 25.0791
0.181 87.516 19.1281
0.182 66.7815 8.29309
0.183 22.8618 -6.59647
0.184 -30.2895 -22.5029
0.185 -74.49 -35.25
0.186 -94.2025 -41.0787
0.187 -82.3257 -38.0563
0.188 -42.6469 -26.8033
0.189 11.8281 -10.2973
0.19 63.779 7.14747
0.191 97.7332 21.3462
0.192 105.282 29.6267
0.193 87.6187 31.623
0.194 54.5921 29.1987
0.195 20.6826 25.5589
0.196 -0.539069 23.9224
0.197 -1.30214 26.2721
0.198 17.9788 32.6504
0.199 49.551 41.2443
0.2 81.7745 49.1863
0.201 103.623 53.7194
0.202 108.504 53.2427
0.203 96.1243 47.8414
0.204 71.9495 39.1482
0.205 44.6952 29.6551
0.206 22.949 21.7689
0.207 12.2403 16.9692
0.208 13.5692 15.3766
0.209 23.7575 15.887
0.21 37.2466 16.7909
0.211 48.449 16.5783
0.212 53.6495 14.5577
0.213 51.7883 11.0471
0.214 44.0818 7.13168
0.215 33.0047 4.16324
0.216 21.3004 3.23848
0.217 11.4017 4.84638
0.218 5.25065 8.79388
0.219 4.31299 14.4175
0.22 9.60261 20.9658
0.221 21.5768 27.9403
0.222 39.7934 35.2017
0.223 62.3811 42.7902
0.224 85.6988 50.5897
0.225 104.752 58.0562
0.226 114.604 64.1872
0.227 112.316 67.7707
0.228 98.4436 67.8129
0.229 77.2409 63.9654
0.23 55.4117 56.7574
0.231 39.8516 47.4979
0.232 35.1384 37.8464
0.233 41.5725 29.2048
0.234 54.5642 22.187
0.235 65.9278 16.4155
0.236 66.9446 10.77
0.237 52.1007 4.00996
0.238 21.8554 -4.48564
0.239 -16.8741 -14.1904
0.24 -52.7931 -23.3766
0.241 -74.0842 -29.6058
0.242 -72.657 -30.5996
0.243 -47.327 -25.1608
0.244 -4.74261 -13.7846
0.245 42.4889 1.30092
0.246 80.031 16.7302
0.247 96.9219 29.0529
0.248 89.5617 35.8742
0.249 62.9788 36.6419
0.25 28.8835 32.7531
0.251 1.26513 26.9229
0.252 -8.83418 22.0685
0.253 2.5338 20.156
0.254 30.6982 21.4533
0.255 64.0824 24.466
0.256 88.5599 26.5794
0.257 92.8259 25.1722
0.258 72.7635 18.7859
0.259 33.1823 7.89105
0.26 -13.7104 -5.0817
0.261 -52.5715 -16.4926
0.262 -70.3833 -22.7456
0.263 -61.0882 -21.5585
0.264 -27.6506 -12.7684
0.265 19.1864 1.6145
0.266 64.8636 18.1038
0.267 96.1181 32.9145
0.268 105.4 43.2002
0.269 93.1374 47.913
0.27 67.1616 47.9799
0.271 39.5393 45.7402
0.272 21.9571 43.8815
0.273 21.4099 44.3062
0.274 37.8522 47.3807
0.275 64.616 51.8403
0.276 91.2042 55.3401
0.277 107.197 55.4036
0.278 105.825 50.3994
0.279 86.1092 40.1995
0.28 53.0104 26.2918
0.281 15.6119 11.3129
0.282 -16.0393 -1.81767
0.283 -34.2847 -10.8323
0.284 -36.1524 -14.7642
0.285 -23.8324 -14.0915
0.286 -3.39539 -10.3769
0.287 17.5211 -5.59649
0.288 32.1619 -1.42829
0.289 36.5409 1.25419
0.29 30.3553 2.53807
0.291 16.7697 3.26263
0.292 1.17388 4.55964
0.293 -10.6605 7.33803
0.294 -14.3758 11.9156
0.295 -8.19705 17.92
0.296 6.77284 24.4544
0.297 27.0344 30.4213
0.298 47.6912 34.8609
0.299 63.7061 37.1829
0.3 71.1836 37.2387
0.301 68.4173 35.2526
0.302 56.4123 31.6807
0.303 38.669 27.0718
0.304 20.2365 21.9733
0.305 6.27281 16.8835
0.306 0.510018 12.2253
0.307 4.0703 8.31402
0.308 15.0023 5.31003
0.309 28.726 3.16237
0.31 39.3451 1.57906
0.311 41.5234 0.076481
0.312 32.375 -1.85921
0.313 12.7082 -4.53028
0.314 -12.9059 -7.80762
0.315 -37.3955 -11.0549
0.316 -53.4324 -13.2629
0.317 -55.8873 -13.3627
0.318 -43.6294 -10.6096
0.319 -20.0416 -4.90758
0.32 7.95377 3.04642
0.321 32.0923 11.8795
0.322 45.512 19.9251
0.323 45.132 25.7632
0.324 32.7859 28.713
0.325 14.605 29.0663
0.326 -1.196 27.9497
0.327 -7.32353 26.8695
0.328 -0.0826604 27.1135
0.329 19.2344 29.2303
0.33 44.7204 32.7707
0.331 67.8434 36.3994
0.332 80.3841 38.3619
0.333 77.3319 37.1547
0.334 58.7259 32.1461
0.335 29.7402 23.8963
0.336 -1.06177 14.0419
0.337 -24.6716 4.78313
0.338 -34.6898 -1.83334
0.339 -29.3913 -4.57912
0.34 -12.1169 -3.42223
0.341 10.0601 0.512546
0.342 28.862 5.3825
0.343 37.6463 9.3035
0.344 33.607 11.0174
0.345 18.6042 10.3089
0.346 -1.64321 8.0252
0.347 -19.6842 5.69767
0.348 -28.9902 4.91373
0.349 -26.1753 6.67924
0.35 -12.0288 11.0155
0.351 8.90743 16.9349
0.352 29.9638 22.7858
0.353 44.564 26.82
0.354 48.3102 27.7799
0.355 40.2948 25.3085
0.356 23.2575 20.0533
0.357 2.57821 13.4307
0.358 -15.5311 7.13523
0.359 -26.0055 2.57901
0.36 -26.4197 0.475371
0.361 -17.5605 0.707662
0.362 -2.98926 2.48935
0.363 12.1847 4.71563
0.364 22.9096 6.36917
0.365 25.7135 6.85616
0.366 19.7236 6.17847
0.367 6.89547 4.88956
0.368 -8.61873 3.85182
0.369 -21.7702 3.89537
0.37 -28.1741 5.51951
0.371 -25.4512 8.74078
0.372 -13.9607 13.1077
0.373 3.27265 17.8383
0.374 21.4107 22.0244
0.375 35.2097 24.8543
0.376 40.6023 25.806
0.377 35.985 24.7579
0.378 22.7841 21.9869
0.379 5.06687 18.0689
0.38 -11.7216 13.7263
0.381 -22.507 9.66555
0.382 -24.2543 6.42703
0.383 -17.0071 4.26668
0.384 -3.94379 3.10403
0.385 9.61095 2.56635
0.386 17.9436 2.12669
0.387 16.9319 1.29559
0.388 5.5778 -0.189348
0.389 -13.4741 -2.23106
0.39 -34.6675 -4.3454
0.391 -51.3094 -5.76978
0.392 -57.7976 -5.69911
0.393 -51.5405 -3.57843
0.394 -33.8992 0.659888
0.395 -9.80506 6.50981
0.396 13.8435 12.9894
0.397 30.4757 18.8942
0.398 36.0521 23.1386
0.399 30.4032 25.0874
0.4 17.2201 24.7635
0.401 2.68927 22.8349
0.402 -6.75571 20.3646
0.403 -6.76534 18.4163
0.404 3.34647 17.673
0.405 20.3436 18.2103
0.406 38.2129 19.4878
0.407 50.294 20.5532
0.408 51.6343 20.3991
0.409 40.7458 18.3621
0.41 20.1529 14.4204
0.411 -4.45098 9.25617
0.412 -26.1395 4.04332
0.413 -39.0934 0.0435932
0.414 -40.5082 -1.82327
0.415 -31.4069 -1.28038
0.416 -16.1132 1.22495
0.417 -0.630576 4.67625
0.418 9.46583 7.8317
0.419 10.8903 9.6475
0.42 3.64661 9.63029
0.421 -9.13802 7.98308
0.422 -22.4471 5.49274
0.423 -31.2096 3.21638
0.424 -32.0631 2.09535
0.425 -24.4325 2.63445
0.426 -10.5981 4.7483
0.427 5.19448 7.81884
0.428 18.2225 10.9382
0.429 24.8469 13.2441
0.43 23.636 14.219
0.431 15.7048 13.8452
0.432 4.20063 12.5724
0.433 -6.83821 11.1277
0.434 -13.8261 10.2406
0.435 -14.7237 10.3788
0.436 -9.56878 11.5861
0.437 -0.337677 13.4782
0.438 9.77005 15.3921
0.439 17.3731 16.6182
0.44 19.9386 16.6222
0.441 16.4848 15.1875
0.442 7.77517 12.4571
0.443 -3.99917 8.87756
0.444 -15.9012 5.06544
0.445 -25.0852 1.63283
0.446 -29.5701 -0.96695
0.447 -28.7515 -2.52006
0.448 -23.507 -3.04493
0.449 -15.8691 -2.72766
0.45 -8.38018 -1.84326
0.451 -3.33247 -0.682105
0.452 -2.09781 0.519669
0.453 -4.71561 1.63773
0.454 -9.85579 2.68148
0.455 -15.2012 3.76678
0.456 -18.1763 5.0533
0.457 -16.8093 6.6747
0.458 -10.4391 8.67939
0.459 -0.0271939 10.9838
0.46 12.0287 13.3449
0.461 22.5451 15.378
0.462 28.5038 16.6396
0.463 28.0298 16.7607
0.464 21.0702 15.5795
0.465 9.50433 13.222
0.466 -3.39078 10.1045
0.467 -13.9529 6.85428
0.468 -19.2855 4.16183
0.469 -18.1751 2.59573
0.47 -11.4815 2.43453
0.471 -1.84843 3.58304
0.472 7.20476 5.61355
0.473 12.5237 7.91759
0.474 12.4426 9.90947
0.475 7.36869 11.2121
0.476 -0.383921 11.7667
0.477 -7.4355 11.8302
0.478 -10.5551 11.8531
0.479 -7.84539 12.2742
0.48 0.500749 13.3104
0.481 12.1574 14.8301
0.482 23.397 16.3669
0.483 30.3581 17.2642
0.484 30.3829 16.8983
0.485 22.9295 14.9061
0.486 9.75432 11.3424
0.487 -5.66551 6.70892
0.488 -19.2531 1.83312
0.489 -27.6365 -2.37159
0.49 -29.2151 -5.17825
0.491 -24.6181 -6.25075
0.492 -16.3775 -5.71082
0.493 -7.93925 -4.05576
0.494 -2.40029 -1.96427
0.495 -1.44676 -0.0575747
0.496 -4.84518 1.30537
0.497 -10.6115 2.12839
0.498 -15.768 2.73662
0.499 -17.4335 3.6091
0.5 -13.8823 5.15404
0.501 -5.20051 7.51777
0.502 6.70976 10.4988
0.503 18.7723 13.5923
0.504 27.7668 16.1442
0.505 31.3641 17.5606
0.506 28.8324 17.5028
0.507 21.2182 16.0014
0.508 10.9671 13.4495
0.509 1.11119 10.4744
0.51 -5.7104 7.73772
0.511 -8.06652 5.73493
0.512 -6.10519 4.66455
0.513 -1.37964 4.40237
0.514 3.76575 4.57965
0.515 7.01359 4.73098
0.516 6.83319 4.46097
0.517 2.95832 3.57715
0.518 -3.55867 2.14667
0.519 -10.7297 0.459608
0.52 -16.3172 -1.0839
0.521 -18.5804 -2.11686
0.522 -16.8237 -2.42498
0.523 -11.5861 -2.00353
0.524 -4.44017 -1.04092
0.525 2.51596 0.156912
0.526 7.32728 1.27555
0.527 8.8095 2.10308
0.528 6.9279 2.60662
0.529 2.7929 2.94382
0.53 -1.72286 3.4029
0.531 -4.60265 4.2946
0.532 -4.32869 5.83846
0.533 -0.360972 8.08191
0.534 6.67391 10.8705
0.535 15.1439 13.8715
0.536 22.8979 16.6467
0.537 27.9365 18.7605
0.538 29.038 19.8915
0.539 26.118 19.9065
0.54 20.2105 18.8732
0.541 13.1024 17.0128
0.542 6.75738 14.6229
0.543 2.69951 11.9947
0.544 1.53649 9.34812
0.545 2.78151 6.79514
0.546 5.05993 4.3469
0.547 6.64166 1.96416
0.548 6.09979 -0.370947
0.549 2.84815 -2.59692
0.55 -2.62557 -4.55465
0.551 -8.89223 -6.01236
0.552 -14.0272 -6.7205
0.553 -16.2367 -6.47958
0.554 -14.4733 -5.20546
0.555 -8.82635 -2.97332
0.556 -0.532735 -0.0201961
0.557 8.40372 3.29903
0.558 15.8432 6.5855
0.559 20.1658 9.47369
0.56 20.7382 11.6918
0.561 18.054 13.096
0.562 13.5104 13.6754
0.563 8.89861 13.5263
0.564 5.77812 12.8026
0.565 4.95708 11.6622
0.566 6.2616 10.2317
0.567 8.66148 8.59926
0.568 10.6909 6.82556
0.569 11.0099 4.96317
0.57 8.91484 3.0782
0.571 4.62059 1.27003
0.572 -0.786236 -0.320374
0.573 -5.70623 -1.52481
0.574 -8.56565 -2.18349
0.575 -8.34129 -2.18563
0.576 -4.89727 -1.49788
0.577 0.965551 -0.175848
0.578 7.75588 1.63675
0.579 13.7572 3.72051
0.58 17.5614 5.8098
0.581 18.4854 7.6394
0.582 16.7272 8.99473
0.583 13.2246 9.74708
0.584 9.2914 9.86584
0.585 6.16975 9.41225
0.586 4.64224 8.52001
0.587 4.81069 7.3626
0.588 6.10778 6.10918
0.589 7.54155 4.88233
0.59 8.08763 3.73728
0.591 7.07819 2.67181
0.592 4.44303 1.65817
0.593 0.732467 0.680789
0.594 -3.06098 -0.231493
0.595 -5.81109 -0.986782
0.596 -6.60555 -1.4347
0.597 -5.03505 -1.40236
0.598 -1.33023 -0.755583
0.599 3.70841 0.53956
0.6 8.96403 2.38426
0.601 13.3429 4.55743
0.602 16.0813 6.7631
0.603 16.9347 8.70015
0.604 16.2105 10.1383
0.605 14.642 10.9795
0.606 13.1378 11.2796
0.607 12.4761 11.2149
0.608 13.0471 11.0033
0.609 14.7335 10.815
0.61 16.9647 10.7098
0.611 18.9134 10.6205
0.612 19.765 10.3817
0.613 18.981 9.7946
0.614 16.4825 8.71034
0.615 12.6917 7.10547
0.616 8.41027 5.11522
0.617 4.56992 3.00389
0.618 1.93956 1.08193
0.619 0.89249 -0.393152
0.62 1.30445 -1.29214
0.621 2.60776 -1.64318
0.622 3.98484 -1.60992
0.623 4.64649 -1.42591
0.624 4.10797 -1.30327
0.625 2.36692 -1.34656
0.626 -0.0835102 -1.50822
0.627 -2.41219 -1.60793
0.628 -3.72094 -1.4076
0.629 -3.33786 -0.707922
0.63 -1.04346 0.571548
0.631 2.83893 2.35375
0.632 7.52266 4.41647
0.633 11.9905 6.45166
0.634 15.3065 8.15431
0.635 16.8995 9.31134
0.636 16.7203 9.85605
0.637 15.2237 9.86664
0.638 13.1919 9.51374
0.639 11.4592 8.98339
0.64 10.6247 8.4067
0.641 10.8445 7.81894
0.642 11.7788 7.15918
0.643 12.7198 6.30884
0.644 12.8592 5.15603
0.645 11.5969 3.66163
0.646 8.7775 1.89863
0.647 4.77668 0.0475987
0.648 0.409945 -1.648
0.649 -3.30429 -2.94646
0.65 -5.45813 -3.66913
0.651 -5.54503 -3.74099
0.652 -3.627 -3.2016
0.653 -0.313743 -2.18514
0.654 3.44185 -0.875632
0.655 6.6566 0.546998
0.656 8.62594 1.94857
0.657 9.12691 3.25555
0.658 8.45733 4.44449
0.659 7.30447 5.51811
0.66 6.48471 6.48026
0.661 6.63917 7.31715
0.662 7.9927 7.98826
0.663 10.2662 8.43022
0.664 12.7761 8.57453
0.665 14.6798 8.37258
0.666 15.2736 7.81488
0.667 14.2393 6.93695
0.668 11.7627 5.81439
0.669 8.48807 4.5535
0.67 5.31937 3.28002
0.671 3.12953 2.12406
0.672 2.47553 1.2007
0.673 3.42203 0.591541
0.674 5.53586 0.333911
0.675 8.04697 0.418705
0.676 10.1114 0.793287
0.677 11.0854 1.36961
0.678 10.7253 2.0412
0.679 9.25143 2.70812
0.68 7.25657 3.30126
0.681 5.48734 3.79404
0.682 4.57526 4.19685
0.683 4.81597 4.5389
0.684 6.07417 4.84623
0.685 7.84048 5.12112
0.686 9.41269 5.32784
0.687 10.137 5.39279
0.688 9.63045 5.22535
0.689 7.9121 4.75454
0.69 5.39678 3.96518
0.691 2.75298 2.91603
0.692 0.677119 1.73224
0.693 -0.333167 0.57729
0.694 -0.130221 -0.386259
0.695 1.05171 -1.0382
0.696 2.68844 -1.33327
0.697 4.14998 -1.31082
0.698 4.91655 -1.07369
0.699 4.75345 -0.742969
0.7 3.78199 -0.409539
0.701 2.42365 -0.103488
0.702 1.24513 0.209058
0.703 0.764962 0.605229
0.704 1.28458 1.16926
0.705 2.79177 1.9507
0.706 4.96369 2.9306
0.707 7.2704 4.01134
0.708 9.14741 5.03834
0.709 10.177 5.84623
0.71 10.211 6.30908
0.711 9.395 6.37445
0.712 8.0958 6.07184
0.713 6.76933 5.497
0.714 5.81096 4.77863
0.715 5.43056 4.03689
0.716 5.58788 3.34735
0.717 6.01281 2.72477
0.718 6.3085 2.13345
0.719 6.10135 1.51782
0.72 5.17889 0.838127
0.721 3.56567 0.0962851
0.722 1.51882 -0.655665
0.723 -0.54535 -1.32538
0.724 -2.1686 -1.80491
0.725 -2.98143 -2.00272
0.726 -2.8118 -1.87178
0.727 -1.73581 -1.42281
0.728 -0.0482162 -0.718743
0.729 1.83795 0.145011
0.73 3.523 1.06546
0.731 4.73458 1.95399
0.732 5.39089 2.75025
0.733 5.60204 3.42554
0.734 5.61449 3.97608
0.735 5.71458 4.41
0.736 6.1189 4.73481
0.737 6.88814 4.95051
0.738 7.89747 5.04918
0.739 8.87586 5.01833
0.74 9.4979 4.84541
0.741 9.49296 4.52271
0.742 8.7356 4.05226
0.743 7.29135 3.44969
0.744 5.40488 2.74585
0.745 3.43373 1.98599
0.746 1.747 1.22688
0.747 0.620469 0.532015
0.748 0.161732 -0.0361011
0.749 0.289416 -0.42715
0.75 0.771358 -0.615044
0.751 1.30749 -0.606056
0.752 1.62987 -0.438704
0.753 1.58729 -0.174132
0.754 1.18728 0.12059
0.755 0.584373 0.391112
0.756 0.0218547 0.61035
0.757 -0.25307 0.78389
0.758 -0.0748214 0.943606
0.759 0.580635 1.13065
0.76 1.58161 1.37365
0.761 2.67928 1.67069
0.762 3.58724 1.98294
0.763 4.07364 2.24342
0.764 4.03312 2.37883
0.765 3.51703 2.33643
0.766 2.71564 2.1058
0.767 1.89865 1.72693
0.768 1.33025 1.28116
0.769 1.1839 0.867273
0.77 1.48544 0.570686
0.771 2.10602 0.43669
0.772 2.80784 0.45735
0.773 3.32521 0.577362
0.774 3.45228 0.717234
0.775 3.1101 0.805143
0.776 2.37329 0.804916
0.777 1.44733 0.729187
0.778 0.602158 0.632964
0.779 0.0836052 0.590643
0.78 0.0331354 0.665625
0.781 0.443377 0.883827
0.782 1.16307 1.22048
0.783 1.94817 1.60525
0.784 2.54255 1.94446
0.785 2.76322 2.1527
0.786 2.56112 2.18139
0.787 2.03468 2.03333
0.788 1.39118 1.75813
0.789 0.871655 1.43176
0.79 0.667537 1.12911
0.791 0.85592 0.899574
0.792 1.37218 0.753622
0.793 2.02876 0.664403
0.794 2.57751 0.583683
0.795 2.79703 0.465959
0.796 2.57294 0.290709
0.797 1.93859 0.0733332
0.798 1.06233 -0.139271
0.799 0.190633 -0.285489
0.8 -0.429837 -0.310574
0.801 -0.627594 -0.185096
0.802 -0.359038 0.0854454
0.803 0.278357 0.462628
0.804 1.08111 0.887815
0.805 1.81336 1.30057
0.806 2.28987 1.65527
0.807 2.43421 1.92965
0.808 2.29272 2.12335
0.809 2.0061 2.24926
0.81 1.75381 2.32234
0.811 1.68864 2.3505
0.812 1.87977 2.33037
0.813 2.28384 2.24956
0.814 2.75807 2.09429
0.815 3.11265 1.8584
0.816 3.18011 1.54887
0.817 2.87321 1.1856
0.818 2.2118 0.796616
0.819 1.31476 0.412059
0.82 0.363353 0.0588067
0.821 -0.453011 -0.243157
0.822 -0.993176 -0.482007
0.823 -1.20376 -0.652198
0.824 -1.12683 -0.750542
0.825 -0.874534 -0.773595
0.826 -0.583598 -0.719051
0.827 -0.368105 -0.590129
0.828 -0.285668 -0.399091
0.829 -0.324827 -0.16692
0.83 -0.415684 0.0804806
0.831 -0.460293 0.3173
0.832 -0.372074 0.522692
0.833 -0.108767 0.685266
0.834 0.312948 0.805893
0.835 0.823583 0.896055
0.836 1.3227 0.970868
0.837 1.70863 1.04012
0.838 1.9079 1.10273
0.839 1.89613 1.14744
0.84 1.70325 1.15842
0.841 1.40108 1.12226
0.842 1.07879 1.03415
0.843 0.816839 0.902107
0.844 0.667241 0.747505
0.845 0.642671 0.599832
0.846 0.715518 0.486515
0.847 0.827767 0.422541
0.848 0.910364 0.405338
0.849 0.906197 0.416959
0.85 0.788037 0.431542
0.851 0.56523 0.424544
0.852 0.27914 0.381205
0.853 -0.00883341 0.302339
0.854 -0.233699 0.204944
0.855 -0.34552 0.116087
0.856 -0.325474 0.062125
0.857 -0.192663 0.0585592
0.858 0.00226096 0.10521
0.859 0.194619 0.187714
0.86 0.327314 0.283379
0.861 0.368845 0.368935
0.862 0.323024 0.428368
0.863 0.228263 0.458613
0.864 0.145603 0.470203
0.865 0.137499 0.481672
0.866 0.24426 0.510341
0.867 0.467366 0.564476
0.868 0.766427 0.640174
0.869 1.07084 0.723013
0.87 1.30171 0.792722
0.871 1.39666 0.829392
0.872 1.32986 0.820062
0.873 1.12092 0.763672
0.874 0.828763 0.6717
0.875 0.531799 0.563637
0.876 0.30176 0.459744
0.877 0.180977 0.374944
0.878 0.17085 0.315981
0.879 0.234714 0.281562
0.88 0.313498 0.264415
0.881 0.348684 0.254641
0.882 0.304738 0.243808
0.883 0.182722 0.228354
0.884 0.0195006 0.210465
0.885 -0.127035 0.195911
0.886 -0.200208 0.190442
0.887 -0.165551 0.196948
0.888 -0.0235338 0.214333
0.889 0.189659 0.237826
0.89 0.413388 0.260186
0.891 0.582434 0.273548
0.892 0.648838 0.271662
0.893 0.597474 0.251823
0.894 0.449245 0.215579
0.895 0.251402 0.167992
0.896 0.060026 0.11612
0.897 -0.0782918 0.0674873
0.898 -0.139804 0.0288835
0.899 -0.128548 0.00544083
0.9 -0.0718206 -2.1158e-05
0.901 -0.00774715 0.0127055
0.902 0.0304819 0.0414078
0.903 0.0273099 0.0820938
0.904 -0.0107256 0.12986
0.905 -0.0597304 0.179784
0.906 -0.0891344 0.227731
0.907 -0.0734934 0.270909
0.908 -0.00151924 0.307996
0.909 0.119922 0.33879
0.91 0.267782 0.363441
0.911 0.410259 0.381535
0.912 0.517167 0.39149
0.913 0.569168 0.390658
0.914 0.562297 0.376168
0.915 0.506768 0.346198
0.916 0.421745 0.301154
0.917 0.328732 0.24431
0.918 0.24565 0.181658
0.919 0.182809 0.120869
0.92 0.141595 0.0695329
0.921 0.116146 0.0331877
0.922 0.0972372 0.0139322
0.923 0.0765576 0.0102339
0.924 0.049618 0.0179244
0.925 0.0165895 0.0318339
0.926 -0.0184321 0.0474137
0.927 -0.0489638 0.0619151
0.928 -0.0680525 0.0748568
0.929 -0.0703108 0.0875912
0.93 -0.0535848 0.102043
0.931 -0.0196796 0.119181
0.932 0.0260668 0.138057
0.933 0.0760385 0.155931
0.934 0.121944 0.169292
0.935 0.156528 0.175159
0.936 0.175275 0.172105
0.937 0.177674 0.160817
0.938 0.16744 0.144056
0.939 0.151402 0.125911
0.94 0.137377 0.110464
0.941 0.131757 0.100415
0.942 0.137573 0.0963565
0.943 0.153511 0.0969821
0.944 0.174201 0.0999635
0.945 0.191842 0.102909
0.946 0.19884 0.104071
0.947 0.190501 0.102719
0.948 0.166675 0.0991555
0.949 0.13174 0.0943224
0.95 0.0929964 0.089133
0.951 0.0582033 0.0838864
0.952 0.0331155 0.0781304
0.953 0.0197691 0.0710201
0.954 0.016039 0.0618712
0.955 0.016703 0.0505667
0.956 0.0156934 0.0376935
0.957 0.00862135 0.0244497
0.958 -0.00549536 0.0123591
0.959 -0.0239711 0.00284132
0.96 -0.0416338 -0.00321507
0.961 -0.0528393 -0.00566643
0.962 -0.0535187 -0.00500931
0.963 -0.0426041 -0.00205601
0.964 -0.0224088 0.00239174
0.965 0.00218115 0.00772679
0.966 0.0254134 0.0135728
0.967 0.0425897 0.0197144
0.968 0.0514315 0.0259508
0.969 0.052411 0.0319357
0.97 0.0480692 0.0371089
0.971 0.0417608 0.0407928
0.972 0.0363748 0.0424139
0.973 0.033445 0.0417175
0.974 0.0328784 0.0388614
0.975 0.033326 0.0343653
0.976 0.0329887 0.0289642
0.977 0.0304889 0.0234201
0.978 0.0254416 0.0183351
0.979 0.0185283 0.01403
0.98 0.0111254 0.0105402
0.981 0.00472324 0.00772262
0.982 0.000401013 0.00540499
0.983 -0.00146881 0.00349271
0.984 -0.00122727 0.00199372
0.985 0.000306341 0.000975407
0.986 0.0021877 0.000491988
0.987 0.00366968 0.000518756
0.988 0.0043808 0.000923107
0.989 0.00432453 0.00148952
0.99 0.0037471 0.00198836
0.991 0.00296339 0.00225219
0.992 0.00221997 0.00222077
0.993 0.00163435 0.0019381
0.994 0.0012087 0.00151158
0.995 0.00088677 0.00105822
0.996 0.000613752 0.000662639
0.997 0.000369795 0.000361995
0.998 0.00016992 0.00015772
0.999 4.17249e-05 3.91612e-05
0.12 5.16401 0.123903
0.24 5.1675 0.126552
0.36 5.17331 0.130953
0.48 5.18142 0.137085
0.6 5.19185 0.144921
0.72 5.20456 0.154422
0.84 5.21954 0.165545
0.96 5.23678 0.178239
1.08 5.25625 0.192443
1.2 5.27792 0.208092
1.32 5.30176 0.225114
1.44 5.32773 0.243428
1.56 5.35581 0.262952
1.68 5.38593 0.283594
1.8 5.41806 0.30526
1.92 5.45214 0.327851
2.04 5.48811 0.351262
2.16 5.5259 0.375388
2.28 5.56545 0.400119
2.4 5.60667 0.425343
2.52 5.64948 0.450946
2.64 5.6938 0.476814
2.76 5.73953 0.502831
2.88 5.78657 0.528881
3 5.8348 0.554851
3.12 5.88412 0.580625
3.24 5.9344 0.606092
3.36 5.98553 0.631141
3.48 6.03736 0.655665
3.6 6.08975 0.67956
3.72 6.14257 0.702725
3.84 6.19567 0.725062
3.96 6.24889 0.746481
4.08 6.30207 0.766894
4.2 6.35506 0.786218
4.32 6.40769 0.804378
4.44 6.45979 0.821303
4.56 6.51121 0.836929
4.68 6.56175 0.851197
4.8 6.61127 0.864057
4.92 6.65957 0.875464
5.04 6.70651 0.88538
5.16 6.75191 0.893775
5.28 6.7956 0.900626
5.4 6.83742 0.905914
5.52 6.87722 0.909631
5.64 6.91485 0.911775
5.76 6.95015 0.912349
5.88 6.98298 0.911364
6 7.01322 0.908839
6.12 7.04074 0.904796
6.24 7.06543 0.899265
6.36 7.08716 0.892283
6.48 7.10586 0.883892
6.6 7.12143 0.874137
6.72 7.1338 0.863072
6.84 7.1429 0.850752
6.96 7.14869 0.837238
7.08 7.15112 0.822595
7.2 7.15017 0.806892
7.32 7.14582 0.7902
7.44 7.13807 0.772593
7.56 7.12694 0.754148
7.68 7.11245 0.734944
7.8 7.09463 0.71506
7.92 7.07355 0.694579
8.04 7.04925 0.673582
8.16 7.02182 0.652151
8.28 6.99133 0.63037
8.4 6.9579 0.608319
8.52 6.92162 0.586081
8.64 6.88262 0.563734
8.76 6.84102 0.541358
8.88 6.79696 0.519029
9 6.75058 0.496822
9.12 6.70204 0.474808
9.24 6.65148 0.453058
9.36 6.59908 0.431637
9.48 6.545 0.41061
9.6 6.48941 0.390036
9.72 6.43249 0.369971
9.84 6.3744 0.350469
9.96 6.31533 0.331578
10.08 6.25545 0.313343
10.2 6.19493 0.295805
10.32 6.13395 0.279001
10.44 6.07268 0.262964
10.56 6.01127 0.24772
10.68 5.9499 0.233296
10.8 5.88872 0.219709
10.92 5.82787 0.206977
11.04 5.7675 0.19511
11.16 5.70775 0.184116
11.28 5.64874 0.173997
11.4 5.59058 0.164753
11.52 5.5334 0.15638
11.64 5.47728 0.148869
11.76 5.42233 0.142209
11.88 5.36862 0.136383
12 5.31621 0.131374
12.12 5.26518 0.127158
12.24 5.21557 0.123712
12.36 5.16742 0.121008
12.48 5.12075 0.119015
12.6 5.0756 0.117701
12.72 5.03197 0.117029
12.84 4.98985 0.116964
12.96 4.94923 0.117466
13.08 4.91011 0.118493
13.2 4.87244 0.120004
13.32 4.8362 0.121955
13.44 4.80134 0.1243
13.56 4.76781 0.126995
13.68 4.73555 0.129992
13.8 4.7045 0.133244
13.92 4.67459 0.136704
14.04 4.64574 0.140324
14.16 4.61787 0.144055
14.28 4.59091 0.147851
14.4 4.56476 0.151664
14.52 4.53934 0.155447
14.64 4.51456 0.159153
14.76 4.49032 0.162739
14.88 4.46654 0.166158
15 4.44311 0.169368
15.12 4.41995 0.172327
15.24 4.39697 0.174995
15.36 4.37408 0.177331
15.48 4.35118 0.1793
15.6 4.32819 0.180865
15.72 4.30503 0.181992
15.84 4.28161 0.182651
15.96 4.25787 0.182812
16.08 4.23371 0.182448
16.2 4.20909 0.181535
16.32 4.18392 0.180049
16.44 4.15815 0.177972
16.56 4.13173 0.175286
16.68 4.10459 0.171977
16.8 4.07669 0.168033
16.92 4.048 0.163446
17.04 4.01847 0.158209
17.16 3.98806 0.152319
17.28 3.95676 0.145777
17.4 3.92454 0.138584
17.52 3.89137 0.130747
17.64 3.85726 0.122275
17.76 3.82218 0.113177
17.88 3.78614 0.10347
18 3.74913 0.0931696
18.12 3.71117 0.0822961
18.24 3.67224 0.0708723
18.36 3.63238 0.0589234
18.48 3.5916 0.0464773
18.6 3.54991 0.0335643
18.72 3.50734 0.0202172
18.84 3.46391 0.00647076
18.96 3.41966 -0.00763785
19.08 3.37461 -0.0220696
19.2 3.3288 -0.0367838
19.32 3.28227 -0.0517378
19.44 3.23506 -0.0668878
19.56 3.18721 -0.0821884
19.68 3.13875 -0.0975932
19.8 3.08975 -0.113055
19.92 3.04024 -0.128525
20.04 2.99026 -0.143956
20.16 2.93988 -0.159298
20.28 2.88913 -0.174503
20.4 2.83808 -0.189521
20.52 2.78676 -0.204305
20.64 2.73524 -0.218805
20.76 2.68356 -0.232976
20.88 2.63178 -0.24677
21 2.57995 -0.260144
21.12 2.52812 -0.273052
21.24 2.47634 -0.285455
21.36 2.42468 -0.29731
21.48 2.37317 -0.308582
21.6 2.32186 -0.319232
21.72 2.27082 -0.329229
21.84 2.22008 -0.338541
21.96 2.1697 -0.34714
22.08 2.11972 -0.355
22.2 2.07019 -0.362099
22.32 2.02115 -0.368417
22.44 1.97265 -0.373938
22.56 1.92473 -0.378648
22.68 1.87742 -0.382538
22.8 1.83076 -0.385601
22.92 1.7848 -0.387833
23.04 1.73956 -0.389235
23.16 1.69508 -0.389809
23.28 1.65138 -0.389563
23.4 1.60849 -0.388505
23.52 1.56644 -0.386648
23.64 1.52526 -0.38401
23.76 1.48495 -0.380608
23.88 1.44553 -0.376464
24 1.40703 -0.371603
24.12 1.36946 -0.366052
24.24 1.33281 -0.359841
24.36 1.2971 -0.353001
24.48 1.26234 -0.345567
24.6 1.22853 -0.337574
24.72 1.19565 -0.329059
24.84 1.16372 -0.320063
24.96 1.13272 -0.310625
25.08 1.10264 -0.300787
25.2 1.07348 -0.290591
25.32 1.04522 -0.28008
25.44 1.01784 -0.269298
25.56 0.99133 -0.258287
25.68 0.965664 -0.247093
25.8 0.940822 -0.235757
25.92 0.916781 -0.224324
26.04 0.893515 -0.212835
26.16 0.870999 -0.201331
26.28 0.849203 -0.189853
26.4 0.828101 -0.178441
26.52 0.807661 -0.167131
26.64 0.787853 -0.155961
26.76 0.768646 -0.144964
26.88 0.750009 -0.134174
27 0.73191 -0.123621
27.12 0.714318 -0.113333
27.24 0.6972 -0.103338
27.36 0.680526 -0.0936597
27.48 0.664266 -0.0843198
27.6 0.648388 -0.0753382
27.72 0.632865 -0.0667321
27.84 0.617667 -0.0585165
27.96 0.602768 -0.0507038
28.08 0.588141 -0.0433043
28.2 0.573763 -0.0363255
28.32 0.55961 -0.029773
28.44 0.54566 -0.0236499
28.56 0.531894 -0.0179571
28.68 0.518293 -0.0126933
28.8 0.50484 -0.00785537
28.92 0.491522 -0.00343798
29.04 0.478324 0.000565951
29.16 0.465235 0.00416527
29.28 0.452247 0.00737047
29.4 0.43935 0.0101935
29.52 0.42654 0.0126479
29.64 0.413811 0.014748
29.76 0.401162 0.0165098
29.88 0.38859 0.0179498
30 0.376097 0.0190857
30.12 0.363683 0.0199356
30.24 0.351352 0.0205184
30.36 0.339109 0.0208533
30.48 0.326957 0.0209597
30.6 0.314905 0.0208573
30.72 0.302958 0.0205658
30.84 0.291124 0.0201048
30.96 0.279413 0.0194937
31.08 0.267832 0.0187516
31.2 0.256392 0.0178972
31.32 0.245102 0.0169485
31.44 0.23397 0.0159233
31.56 0.223008 0.0148383
31.68 0.212225 0.0137096
31.8 0.201629 0.0125527
31.92 0.191231 0.011382
32.04 0.181038 0.0102109
32.16 0.17106 0.00905211
32.28 0.161303 0.00791721
32.4 0.151774 0.00681677
32.52 0.142481 0.00576039
32.64 0.133428 0.00475659
32.76 0.12462 0.00381289
32.88 0.116062 0.0029358
33 0.107757 0.0021308
33.12 0.099707 0.00140241
33.24 0.0919136 0.000754171
33.36 0.0843778 0.000188706
33.48 0.0770996 -0.000292252
33.6 0.0700779 -0.000687823
33.72 0.0633114 -0.000997931
33.84 0.0567977 -0.00122326
33.96 0.0505339 -0.0013652
34.08 0.0445163 -0.0014258
34.2 0.0387408 -0.00140769
34.32 0.0332027 -0.00131409
34.44 0.0278968 -0.00114865
34.56 0.0228177 -0.000915497
34.68 0.0179594 -0.000619107
34.8 0.0133157 -0.00026428
34.92 0.0088804 0.000143922
35.04 0.0046469 0.000600229
35.16 0.00060864 0.00109922
35.28 -0.00324099 0.00163537
35.4 -0.00690856 0.0022031
35.52 -0.0104006 0.00279681
35.64 -0.0137233 0.00341097
35.76 -0.0168831 0.0040401
35.88 -0.0198857 0.00467884
36 -0.0227369 0.005322
36.12 -0.025442 0.00596454
36.24 -0.0280063 0.00660167
36.36 -0.0304344 0.00722883
36.48 -0.0327307 0.0078417
36.6 -0.0348994 0.00843628
36.72 -0.0369441 0.00900885
36.84 -0.0388682 0.00955599
36.96 -0.0406747 0.0100746
37.08 -0.0423663 0.010562
37.2 -0.0439453 0.0110157
37.32 -0.045414 0.0114337
37.44 -0.046774 0.0118142
37.56 -0.048027 0.0121558
37.68 -0.0491743 0.0124575
37.8 -0.0502172 0.0127185
37.92 -0.0511567 0.0129384
38.04 -0.0519939 0.013117
38.16 -0.0527296 0.0132546
38.28 -0.0533648 0.0133516
38.4 -0.0539004 0.0134086
38.52 -0.0543373 0.0134267
38.64 -0.0546767 0.0134071
38.76 -0.0549197 0.0133511
38.88 -0.0550676 0.0132603
39 -0.0551221 0.0131366
39.12 -0.055085 0.0129819
39.24 -0.054958 0.0127982
39.36 -0.0547437 0.0125877
39.48 -0.0544444 0.0123526
39.6 -0.0540631 0.0120955
39.72 -0.0536027 0.0118186
39.84 -0.0530668 0.0115244
39.96 -0.0524591 0.0112155
40.08 -0.0517835 0.0108942
40.2 -0.0510444 0.010563
40.32 -0.0502464 0.0102244
40.44 -0.0493944 0.00988068
40.56 -0.0484933 0.00953423
40.68 -0.0475486 0.00918725
40.8 -0.0465658 0.00884188
40.92 -0.0455504 0.00850015
41.04 -0.0445084 0.00816398
41.16 -0.0434457 0.00783515
41.28 -0.0423682 0.00751533
41.4 -0.0412819 0.00720601
41.52 -0.0401929 0.00690855
41.64 -0.0391072 0.00662416
41.76 -0.0380306 0.00635387
41.88 -0.0369689 0.00609855
42 -0.0359277 0.0058589
42.12 -0.0349125 0.00563547
42.24 -0.0339284 0.00542862
42.36 -0.0329805 0.00523856
42.48 -0.0320732 0.00506532
42.6 -0.0312111 0.0049088
42.72 -0.030398 0.00476871
42.84 -0.0296376 0.00464463
42.96 -0.0289332 0.00453601
43.08 -0.0282874 0.00444215
43.2 -0.0277027 0.00436222
43.32 -0.0271812 0.00429531
43.44 -0.0267241 0.00424037
43.56 -0.0263327 0.00419627
43.68 -0.0260076 0.00416182
43.8 -0.0257488 0.00413573
43.92 -0.0255562 0.00411667
44.04 -0.0254289 0.00410328
44.16 -0.0253659 0.00409415
44.28 -0.0253655 0.00408788
44.4 -0.0254259 0.00408304
44.52 -0.0255447 0.00407825
44.64 -0.0257193 0.00407211
44.76 -0.0259465 0.0040633
44.88 -0.0262232 0.00405053
45 -0.0265457 0.00403258
45.12 -0.0269102 0.00400829
45.24 -0.0273126 0.00397662
45.36 -0.0277487 0.00393658
45.48 -0.0282141 0.00388732
45.6 -0.0287043 0.00382809
45.72 -0.0292145 0.00375825
45.84 -0.0297402 0.00367731
45.96 -0.0302766 0.00358489
46.08 -0.0308189 0.00348075
46.2 -0.0313625 0.00336479
46.32 -0.0319026 0.00323704
46.44 -0.0324347 0.00309767
46.56 -0.0329544 0.00294699
46.68 -0.0334572 0.00278545
46.8 -0.0339389 0.00261362
46.92 -0.0343955 0.00243221
47.04 -0.0348232 0.00224202
47.16 -0.0352183 0.002044
47.28 -0.0355773 0.00183918
47.4 -0.0358971 0.00162869
47.52 -0.0361747 0.00141376
47.64 -0.0364074 0.00119567
47.76 -0.0365927 0.000975788
47.88 -0.0367286 0.000755523
48 -0.036813 0.000536325
48.12 -0.0368444 0.000319672
48.24 -0.0368214 0.000107056
48.36 -0.036743 -0.000100029
48.48 -0.0366082 -0.000300101
48.6 -0.0364166 -0.000491703
48.72 -0.0361678 -0.000673413
48.84 -0.035862 -0.00084386
48.96 -0.0354992 -0.00100173
49.08 -0.03508 -0.00114579
49.2 -0.034605 -0.00127489
49.32 -0.0340752 -0.00138795
49.44 -0.0334918 -0.00148401
49.56 -0.032856 -0.00156224
49.68 -0.0321695 -0.00162188
49.8 -0.0314339 -0.00166233
49.92 -0.0306512 -0.00168309
50.04 -0.0298234 -0.00168382
50.16 -0.0289527 -0.0016643
50.28 -0.0280415 -0.00162444
50.4 -0.0270922 -0.00156428
50.52 -0.0261073 -0.00148401
50.64 -0.0250896 -0.00138396
50.76 -0.0240417 -0.00126456
50.88 -0.0229666 -0.00112639
51 -0.0218671 -0.000970151
51.12 -0.0207461 -0.000796637
51.24 -0.0196065 -0.00060677
51.36 -0.0184514 -0.000401562
51.48 -0.0172838 -0.00018212
51.6 -0.0161066 5.03672e-05
51.72 -0.0149229 0.00029464
51.84 -0.0137356 0.000549374
51.96 -0.0125476 0.000813195
52.08 -0.0113618 0.00108469
52.2 -0.0101811 0.0013624
52.32 -0.00900826 0.00164486
52.44 -0.0078459 0.0019306
52.56 -0.00669666 0.00221815
52.68 -0.00556307 0.00250602
52.8 -0.00444753 0.00279279
52.92 -0.00335235 0.00307703
53.04 -0.00227973 0.00335738
53.16 -0.00123173 0.00363251
53.28 -0.000210279 0.00390114
53.4 0.00078282 0.00416208
53.52 0.00174591 0.00441419
53.64 0.00267748 0.0046564
53.76 0.00357618 0.00488772
53.88 0.00444079 0.00510727
54 0.00527027 0.00531423
54.12 0.00606373 0.00550787
54.24 0.00682042 0.00568757
54.36 0.00753978 0.00585278
54.48 0.00822139 0.00600305
54.6 0.00886498 0.00613802
54.72 0.00947045 0.00625742
54.84 0.0100378 0.00636107
54.96 0.0105673 0.00644887
55.08 0.0110592 0.0065208
55.2 0.0115141 0.00657693
55.32 0.0119323 0.00661737
55.44 0.0123148 0.00664234
55.56 0.0126623 0.0066521
55.68 0.0129757 0.00664697
55.8 0.0132561 0.00662734
55.92 0.0135045 0.00659362
56.04 0.0137221 0.00654629
56.16 0.0139102 0.00648585
56.28 0.0140701 0.00641286
56.4 0.014203 0.00632786
56.52 0.0143104 0.00623147
56.64 0.0143936 0.00612428
56.76 0.0144541 0.00600694
56.88 0.0144931 0.00588006
57 0.0145122 0.0057443
57.12 0.0145126 0.0056003
57.24 0.0144956 0.00544871
57.36 0.0144626 0.00529018
57.48 0.0144148 0.00512536
57.6 0.0143533 0.00495487
57.72 0.0142792 0.00477935
57.84 0.0141937 0.00459943
57.96 0.0140976 0.00441571
58.08 0.0139919 0.00422882
58.2 0.0138772 0.00403933
58.32 0.0137545 0.00384785
58.44 0.0136242 0.00365495
58.56 0.013487 0.0034612
58.68 0.0133432 0.00326717
58.8 0.0131933 0.00307342
58.92 0.0130375 0.0028805
59.04 0.0128762 0.00268894
59.16 0.0127093 0.00249931
59.28 0.012537 0.00231212
59.4 0.0123593 0.00212792
59.52 0.0121761 0.00194724
59.64 0.0119874 0.0017706
59.76 0.011793 0.00159852
59.88 0.0115928 0.00143154
60 0.0113865 0.00127015
60.12 0.011174 0.00111489
60.24 0.010955 0.000966239
60.36 0.0107293 0.000824711
60.48 0.0104968 0.000690795
60.6 0.0102571 0.000564968
60.72 0.0100103 0.0004477
60.84 0.00975608 0.000339443
60.96 0.00949441 0.000240633
61.08 0.00922526 0.000151688
61.2 0.00894862 7.30009e-05
61.32 0.00866457 4.94183e-06
61.44 0.00837322 -5.21483e-05
61.56 0.00807478 -9.79595e-05
61.68 0.0077695 -0.000132216
61.8 0.00745772 -0.000154678
61.92 0.00713982 -0.000165147
62.04 0.00681628 -0.000163466
62.16 0.00648765 -0.000149523
62.28 0.00615452 -0.000123254
62.4 0.00581757 -8.46436e-05
62.52 0.00547753 -3.37292e-05
62.64 0.00513519 2.94003e-05
62.76 0.0047914 0.000104601
62.88 0.00444704 0.000191676
63 0.00410305 0.00029037
63.12 0.00376039 0.000400375
63.24 0.00342006 0.000521328
63.36 0.00308307 0.000652811
63.48 0.00275046 0.000794354
63.6 0.00242325 0.000945436
63.72 0.00210249 0.00110549
63.84 0.00178919 0.00127389
63.96 0.00148436 0.00144998
64.08 0.00118899 0.00163307
64.2 0.000904024 0.00182242
64.32 0.000630392 0.00201726
64.44 0.000368963 0.00221679
64.56 0.000120564 0.00242019
64.68 -0.000114031 0.00262663
64.8 -0.000334104 0.00283526
64.92 -0.000539 0.00304521
65.04 -0.000728124 0.00325563
65.16 -0.00090095 0.00346564
65.28 -0.00105702 0.00367441
65.4 -0.00119593 0.00388109
65.52 -0.00131738 0.00408486
65.64 -0.00142109 0.00428491
65.76 -0.00150687 0.00448048
65.88 -0.00157461 0.00467081
66 -0.00162424 0.00485522
66.12 -0.00165575 0.00503304
66.24 -0.0016692 0.00520364
66.36 -0.00166468 0.00536646
66.48 -0.00164236 0.00552097
66.6 -0.00160244 0.00566672
66.72 -0.00154515 0.00580328
66.84 -0.00147076 0.0059303
66.96 -0.0013796 0.00604749
67.08 -0.001272 0.00615461
67.2 -0.00114832 0.00625148
67.32 -0.00100896 0.006338
67.44 -0.000854312 0.00641409
67.56 -0.000684807 0.00647978
67.68 -0.00050088 0.00653512
67.8 -0.000302984 0.00658022
67.92 -9.158e-05 0.00661527
68.04 0.000132857 0.00664048
68.16 0.00036984 0.00665614
68.28 0.000618871 0.00666257
68.4 0.000879436 0.00666014
68.52 0.00115101 0.00664926
68.64 0.00143304 0.00663038
68.76 0.00172496 0.00660399
68.88 0.00202618 0.00657059
69 0.00233608 0.00653075
69.12 0.002654 0.00648502
69.24 0.00297926 0.00643399
69.36 0.00331111 0.00637828
69.48 0.00364879 0.0063185
69.6 0.00399147 0.00625528
69.72 0.00433827 0.00618927
69.84 0.00468824 0.00612109
69.96 0.00504039 0.0060514
70.08 0.00539365 0.00598081
70.2 0.00574688 0.00590998
70.32 0.00609889 0.0058395
70.44 0.0064484 0.00577
70.56 0.00679407 0.00570205
70.68 0.00713448 0.00563623
70.8 0.00746815 0.00557308
70.92 0.00779355 0.00551314
71.04 0.00810907 0.0054569
71.16 0.00841304 0.00540483
71.28 0.00870376 0.00535737
71.4 0.00897948 0.00531492
71.52 0.00923842 0.00527785
71.64 0.00947877 0.00524648
71.76 0.00969873 0.00522112
71.88 0.00989648 0.005202
72 0.0100702 0.00518932
72.12 0.0102182 0.00518324
72.24 0.0103386 0.00518386
72.36 0.0104299 0.00519123
72.48 0.0104904 0.00520535
72.6 0.0105187 0.00522616
72.72 0.0105133 0.00525354
72.84 0.0104729 0.00528733
72.96 0.0103965 0.00532728
73.08 0.0102831 0.0053731
73.2 0.0101318 0.00542441
73.32 0.009942 0.00548078
73.44 0.00971333 0.00554172
73.56 0.00944555 0.00560666
73.68 0.00913866 0.00567496
73.8 0.00879293 0.0057459
73.92 0.00840881 0.00581872
74.04 0.00798705 0.00589256
74.16 0.00752863 0.00596651
74.28 0.00703476 0.00603958
74.4 0.00650693 0.00611073
74.52 0.00594689 0.00617883
74.64 0.0053566 0.00624271
74.76 0.00473828 0.00630114
74.88 0.00409439 0.00635282
75 0.00342759 0.00639642
75.12 0.00274075 0.00643056
75.24 0.00203692 0.0064538
75.36 0.00131935 0.00646469
75.48 0.000591408 0.00646176
75.6 -0.000143399 0.0064435
75.72 -0.000881459 0.00640841
75.84 -0.00161908 0.00635496
75.96 -0.00235253 0.00628167
76.08 -0.00307804 0.00618704
76.2 -0.00379185 0.00606962
76.32 -0.00449024 0.00592799
76.44 -0.00516956 0.00576079
76.56 -0.00582625 0.00556671
76.68 -0.00645688 0.00534452
76.8 -0.00705816 0.00509307
76.92 -0.00762701 0.00481131
77.04 -0.00816055 0.00449829
77.16 -0.00865614 0.00415319
77.28 -0.0091114 0.00377532
77.4 -0.00952426 0.00336411
77.52 -0.00989292 0.00291915
77.64 -0.0102159 0.00244021
77.76 -0.0104922 0.0019272
77.88 -0.010721 0.00138021
78 -0.0109019 0.000799527
78.12 -0.011035 0.000185616
78.24 -0.0111205 -0.000460866
78.36 -0.0111593 -0.00113906
78.48 -0.0111525 -0.00184792
78.6 -0.0111016 -0.00258619
78.72 -0.0110084 -0.00335242
78.84 -0.0108753 -0.00414497
78.96 -0.0107048 -0.004962
79.08 -0.0104998 -0.00580148
79.2 -0.0102634 -0.00666122
79.32 -0.00999914 -0.00753885
79.44 -0.00971075 -0.00843183
79.56 -0.00940214 -0.00933747
79.68 -0.00907746 -0.010253
79.8 -0.00874097 -0.0111754
79.92 -0.00839711 -0.0121017
80.04 -0.00805037 -0.0130288
80.16 -0.0077053 -0.0139534
80.28 -0.0073665 -0.0148723
80.4 -0.00703851 -0.0157822
80.52 -0.00672584 -0.01668
80.64 -0.00643291 -0.0175622
80.76 -0.00616402 -0.0184257
80.88 -0.00592331 -0.0192673
81 -0.00571472 -0.0200839
81.12 -0.005542 -0.0208726
81.24 -0.00540863 -0.0216304
81.36 -0.00531783 -0.0223548
81.48 -0.00527253 -0.0230431
81.6 -0.00527536 -0.0236931
81.72 -0.0053286 -0.0243026
81.84 -0.0054342 -0.0248698
81.96 -0.00559376 -0.0253929
82.08 -0.00580852 -0.0258706
82.2 -0.00607937 -0.0263018
82.32 -0.00640682 -0.0266857
82.44 -0.00679104 -0.0270218
82.56 -0.00723184 -0.0273097
82.68 -0.0077287 -0.0275496
82.8 -0.00828076 -0.027742
82.92 -0.00888687 -0.0278874
83.04 -0.00954556 -0.0279869
83.16 -0.0102551 -0.0280418
83.28 -0.0110135 -0.0280537
83.4 -0.0118186 -0.0280244
83.52 -0.012668 -0.0279562
83.64 -0.0135591 -0.0278514
83.76 -0.0144891 -0.0277127
83.88 -0.0154553 -0.0275428
84 -0.0164547 -0.0273449
84.12 -0.0174843 -0.0271222
84.24 -0.0185411 -0.026878
84.36 -0.0196221 -0.0266158
84.48 -0.0207242 -0.0263391
84.6 -0.0218444 -0.0260517
84.72 -0.0229799 -0.025757
84.84 -0.0241277 -0.0254588
84.96 -0.0252852 -0.0251607
85.08 -0.0264496 -0.0248661
85.2 -0.0276185 -0.0245786
85.32 -0.0287894 -0.0243015
85.44 -0.02996 -0.0240379
85.56 -0.0311282 -0.0237907
85.68 -0.0322919 -0.0235628
85.8 -0.0334493 -0.0233567
85.92 -0.0345984 -0.0231745
86.04 -0.0357376 -0.0230184
86.16 -0.0368654 -0.0228899
86.28 -0.0379801 -0.0227905
86.4 -0.0390802 -0.0227213
86.52 -0.0401643 -0.0226828
86.64 -0.041231 -0.0226755
86.76 -0.0422788 -0.0226995
86.88 -0.0433061 -0.0227544
87 -0.0443115 -0.0228397
87.12 -0.0452933 -0.0229543
87.24 -0.0462497 -0.0230971
87.36 -0.0471788 -0.0232664
87.48 -0.0480787 -0.0234605
87.6 -0.0489471 -0.0236774
87.72 -0.0497816 -0.0239147
87.84 -0.0505797 -0.02417
87.96 -0.0513384 -0.0244406
88.08 -0.0520548 -0.0247239
88.2 -0.0527255 -0.025017
88.32 -0.053347 -0.025317
88.44 -0.0539157 -0.0256212
88.56 -0.0544274 -0.0259267
88.68 -0.054878 -0.0262307
88.8 -0.0552632 -0.0265308
88.92 -0.0555782 -0.0268245
89.04 -0.0558184 -0.0271096
89.16 -0.0559789 -0.0273842
89.28 -0.0560547 -0.0276467
89.4 -0.0560409 -0.0278959
89.52 -0.0559322 -0.0281309
89.64 -0.0557239 -0.0283511
89.76 -0.0554107 -0.0285567
89.88 -0.054988 -0.0287481
90 -0.0544511 -0.0289262
90.12 -0.0537955 -0.0290926
90.24 -0.053017 -0.0292493
90.36 -0.0521118 -0.0293989
90.48 -0.0510765 -0.0295444
90.6 -0.049908 -0.0296897
90.72 -0.0486038 -0.0298388
90.84 -0.0471619 -0.0299966
90.96 -0.0455809 -0.0301682
91.08 -0.0438601 -0.0303595
91.2 -0.0419992 -0.0305766
91.32 -0.039999 -0.030826
91.44 -0.0378608 -0.0311148
91.56 -0.0355866 -0.0314502
91.68 -0.0331793 -0.0318397
91.8 -0.0306425 -0.0322912
91.92 -0.0279807 -0.0328124
92.04 -0.025199 -0.0334114
92.16 -0.0223034 -0.034096
92.28 -0.0193008 -0.0348743
92.4 -0.0161984 -0.0357538
92.52 -0.0130044 -0.0367421
92.64 -0.00972775 -0.0378463
92.76 -0.00637766 -0.0390732
92.88 -0.00296411 -0.040429
93 0.00050252 -0.0419194
93.12 0.00401144 -0.0435495
93.24 0.00755152 -0.0453235
93.36 0.0111114 -0.0472449
93.48 0.0146796 -0.0493163
93.6 0.0182445 -0.0515394
93.72 0.0217946 -0.0539147
93.84 0.0253184 -0.0564418
93.96 0.0288047 -0.059119
94.08 0.0322427 -0.0619436
94.2 0.035622 -0.0649115
94.32 0.0389326 -0.0680174
94.44 0.0421651 -0.0712548
94.56 0.045311 -0.0746158
94.68 0.0483625 -0.0780913
94.8 0.0513125 -0.0816709
94.92 0.0541552 -0.0853428
95.04 0.0568855 -0.0890941
95.16 0.0594994 -0.0929107
95.28 0.0619942 -0.0967771
95.4 0.0643683 -0.100677
95.52 0.0666211 -0.104593
95.64 0.0687536 -0.108506
95.76 0.0707676 -0.112397
95.88 0.0726664 -0.116247
96 0.0744544 -0.120033
96.12 0.0761371 -0.123736
96.24 0.0777214 -0.127332
96.36 0.079215 -0.1308
96.48 0.0806268 -0.134117
96.6 0.0819666 -0.137261
96.72 0.083245 -0.14021
96.84 0.0844735 -0.14294
96.96 0.0856643 -0.145431
97.08 0.0868299 -0.147661
97.2 0.0879835 -0.149609
97.32 0.0891387 -0.151255
97.44 0.0903089 -0.15258
97.56 0.091508 -0.153567
97.68 0.0927495 -0.154198
97.8 0.0940468 -0.154458
97.92 0.0954129 -0.154333
98.04 0.0968604 -0.153811
98.16 0.0984012 -0.15288
98.28 0.100046 -0.151533
98.4 0.101806 -0.149761
98.52 0.10369 -0.14756
98.64 0.105705 -0.144926
98.76 0.107859 -0.141858
98.88 0.110157 -0.138358
99 0.112604 -0.134427
99.12 0.115201 -0.130073
99.24 0.117951 -0.125301
99.36 0.120852 -0.120121
99.48 0.123902 -0.114545
99.6 0.127097 -0.108586
99.72 0.130433 -0.102261
99.84 0.133901 -0.0955862
99.96 0.137494 -0.0885815
100.08 0.141201 -0.0812679
100.2 0.145011 -0.0736684
100.32 0.14891 -0.0658072
100.44 0.152885 -0.0577103
100.56 0.156919 -0.0494045
100.68 0.160996 -0.0409181
100.8 0.165099 -0.0322802
100.92 0.169209 -0.0235207
101.04 0.173307 -0.0146704
101.16 0.177373 -0.00576019
101.28 0.181387 0.00317846
101.4 0.18533 0.0121141
101.52 0.189181 0.0210152
101.64 0.192921 0.0298505
101.76 0.196529 0.0385893
101.88 0.199987 0.0472012
102 0.203276 0.0556568
102.12 0.206378 0.0639273
102.24 0.209278 0.0719854
102.36 0.211959 0.0798045
102.48 0.214408 0.0873597
102.6 0.216612 0.0946274
102.72 0.21856 0.101586
102.84 0.220242 0.108214
102.96 0.221651 0.114495
103.08 0.22278 0.120411
103.2 0.223625 0.125948
103.32 0.224184 0.131093
103.44 0.224457 0.135835
103.56 0.224445 0.140167
103.68 0.224152 0.144082
103.8 0.223582 0.147575
103.92 0.222743 0.150645
104.04 0.221643 0.153291
104.16 0.220292 0.155515
104.28 0.218703 0.157321
104.4 0.216888 0.158715
104.52 0.214862 0.159705
104.64 0.21264 0.1603
104.76 0.210238 0.16051
104.88 0.207673 0.160349
105 0.204962 0.15983
105.12 0.202124 0.158968
105.24 0.199176 0.15778
105.36 0.196137 0.156284
105.48 0.193023 0.154497
105.6 0.189853 0.152439
105.72 0.186641 0.150129
105.84 0.183405 0.147587
105.96 0.180158 0.144834
106.08 0.176914 0.14189
106.2 0.173685 0.138776
106.32 0.170481 0.135513
106.44 0.167311 0.13212
106.56 0.164181 0.128618
106.68 0.161098 0.125026
106.8 0.158063 0.121363
106.92 0.155078 0.117647
107.04 0.152142 0.113896
107.16 0.149252 0.110126
107.28 0.146402 0.106353
107.4 0.143584 0.102592
107.52 0.140791 0.0988557
107.64 0.138009 0.0951571
107.76 0.135226 0.0915075
107.88 0.132426 0.0879174
108 0.129594 0.0843957
108.12 0.126712 0.0809506
108.24 0.123759 0.0775889
108.36 0.120715 0.0743164
108.48 0.11756 0.0711378
108.6 0.114271 0.0680568
108.72 0.110826 0.0650761
108.84 0.107203 0.0621974
108.96 0.103378 0.0594218
109.08 0.0993313 0.0567492
109.2 0.0950399 0.0541791
109.32 0.0904838 0.0517102
109.44 0.0856435 0.0493408
109.56 0.0805011 0.0470685
109.68 0.0750403 0.0448907
109.8 0.0692466 0.0428043
109.92 0.0631079 0.040806
110.04 0.0566141 0.0388926
110.16 0.049758 0.0370605
110.28 0.0425348 0.0353062
110.4 0.0349427 0.0336264
110.52 0.0269831 0.0320177
110.64 0.0186604 0.0304773
110.76 0.00998217 0.0290021
110.88 0.000959387 0.0275899
111 -0.00839366 0.0262383
111.12 -0.0180594 0.0249457
111.24 -0.0280167 0.0237106
111.36 -0.0382416 0.0225321
111.48 -0.0487065 0.0214097
111.6 -0.0593809 0.0203432
111.72 -0.0702313 0.0193331
111.84 -0.0812216 0.01838
111.96 -0.0923128 0.0174851
112.08 -0.103464 0.0166499
112.2 -0.114631 0.0158761
112.32 -0.125769 0.0151658
112.44 -0.136831 0.0145215
112.56 -0.147769 0.0139454
112.68 -0.158534 0.0134403
112.8 -0.169075 0.0130089
112.92 -0.179343 0.0126537
113.04 -0.189287 0.0123774
113.16 -0.198857 0.0121823
113.28 -0.208004 0.0120708
113.4 -0.216681 0.0120448
113.52 -0.224839 0.0121058
113.64 -0.232435 0.0122551
113.76 -0.239425 0.0124933
113.88 -0.245768 0.0128206
114 -0.251428 0.0132366
114.12 -0.256369 0.0137403
114.24 -0.260559 0.0143298
114.36 -0.263971 0.0150028
114.48 -0.26658 0.0157561
114.6 -0.268366 0.0165856
114.72 -0.269312 0.0174866
114.84 -0.269408 0.0184535
114.96 -0.268644 0.0194801
115.08 -0.267017 0.0205591
115.2 -0.26453 0.0216828
115.32 -0.261188 0.0228425
115.44 -0.257001 0.0240289
115.56 -0.251985 0.0252322
115.68 -0.246157 0.0264417
115.8 -0.239542 0.0276464
115.92 -0.232168 0.0288348
116.04 -0.224065 0.029995
116.16 -0.21527 0.0311149
116.28 -0.205821 0.0321818
116.4 -0.19576 0.0331834
116.52 -0.185132 0.0341071
116.64 -0.173987 0.0349403
116.76 -0.162373 0.0356708
116.88 -0.150344 0.0362864
117 -0.137954 0.0367756
117.12 -0.125259 0.0371271
117.24 -0.112315 0.0373304
117.36 -0.099181 0.0373755
117.48 -0.0859139 0.0372534
117.6 -0.0725719 0.0369558
117.72 -0.0592128 0.0364754
117.84 -0.0458933 0.0358059
117.96 -0.0326695 0.0349423
118.08 -0.0195957 0.0338807
118.2 -0.00672482 0.0326183
118.32 0.00589237 0.0311537
118.44 0.0182074 0.029487
118.56 0.0301742 0.0276193
118.68 0.0417496 0.0255536
118.8 0.0528935 0.0232937
118.92 0.0635688 0.0208453
119.04 0.073742 0.0182152
119.16 0.083383 0.0154118
119.28 0.0924652 0.0124446
119.4 0.100966 0.00932451
119.52 0.108866 0.00606369
119.64 0.116151 0.00267545
119.76 0.122809 -0.000825784
119.88 0.128832 -0.00442458
120 0.134216 -0.00810455
