-0.999 -5.4154e-05 -3.71733e-05
-0.998 -0.00023048 -0.000155098
-0.997 -0.000525031 -0.000350305
-0.996 -0.000899018 -0.000607062
-0.995 -0.00128847 -0.000905457
-0.994 -0.00162662 -0.00122507
-0.993 -0.00187121 -0.00154149
-0.992 -0.00202171 -0.00181972
-0.991 -0.00211241 -0.00201193
-0.99 -0.00217973 -0.00206569
-0.989 -0.00221807 -0.00194369
-0.988 -0.0021516 -0.00164978
-0.987 -0.00184917 -0.00125121
-0.986 -0.00119306 -0.000886547
-0.985 -0.000187998 -0.000752255
-0.984 0.000925793 -0.00106856
-0.983 0.0016149 -0.00203435
-0.982 0.00111145 -0.00378522
-0.981 -0.00138491 -0.00636642
-0.98 -0.00639974 -0.00972702
-0.979 -0.0138847 -0.0137323
-0.978 -0.0230789 -0.0181835
-0.977 -0.0326326 -0.0228346
-0.976 -0.0409755 -0.0274071
-0.975 -0.046811 -0.0316009
-0.974 -0.0495685 -0.0351057
-0.973 -0.0496387 -0.0376117
-0.972 -0.0482491 -0.0388251
-0.971 -0.0469382 -0.0385035
-0.97 -0.0467672 -0.0365143
-0.969 -0.0476134 -0.0328955
-0.968 -0.0479436 -0.0278825
-0.967 -0.0452625 -0.0218873
-0.966 -0.0370977 -0.01545
-0.965 -0.0221558 -0.00918538
-0.964 -0.00122797 -0.00372644
-0.963 0.0225268 0.000342992
-0.962 0.0441583 0.00256279
-0.961 0.0583465 0.00264166
-0.96 0.0612581 0.000451576
-0.959 0.0520917 -0.00399501
-0.958 0.0335659 -0.0105359
-0.957 0.0110465 -0.0188178
-0.956 -0.00938532 -0.028275
-0.955 -0.0232157 -0.0381768
-0.954 -0.0293078 -0.0477376
-0.953 -0.0305234 -0.0562364
-0.952 -0.0327647 -0.0631201
-0.951 -0.0426225 -0.0681107
-0.95 -0.0644748 -0.071315
-0.949 -0.0982477 -0.0732662
-0.948 -0.138853 -0.0748198
-0.947 -0.177614 -0.0769171
-0.946 -0.205187 -0.0803258
-0.945 -0.214968 -0.0854719
-0.944 -0.205758 -0.0923942
-0.943 -0.182548 -0.100775
-0.942 -0.154902 -0.110036
-0.941 -0.133383 -0.119503
-0.94 -0.125447 -0.128615
-0.939 -0.132507 -0.137048
-0.938 -0.149285 -0.144613
-0.937 -0.165618 -0.150971
-0.936 -0.170075 -0.155354
-0.935 -0.154257 -0.156466
-0.934 -0.116345 -0.152645
-0.933 -0.0623794 -0.142215
-0.932 -0.00443021 -0.124015
-0.931 0.0437251 -0.0980226
-0.93 0.0715107 -0.0658802
-0.929 0.0749368 -0.031003
-0.928 0.0573208 0.00192021
-0.927 0.0274965 0.0279166
-0.926 -0.00364591 0.042828
-0.925 -0.027288 0.04417
-0.924 -0.0402129 0.0315741
-0.923 -0.0461958 0.00670124
-0.922 -0.0542651 -0.0274302
-0.921 -0.0744137 -0.067545
-0.92 -0.112861 -0.111194
-0.919 -0.169155 -0.157268
-0.918 -0.236117 -0.205648
-0.917 -0.302054 -0.256193
-0.916 -0.354101 -0.307582
-0.915 -0.381766 -0.356489
-0.914 -0.379877 -0.397457
-0.913 -0.349911 -0.423686
-0.912 -0.298955 -0.428758
-0.911 -0.236682 -0.408813
-0.91 -0.17195 -0.364328
-0.909 -0.11081 -0.300649
-0.908 -0.0565515 -0.226932
-0.907 -0.0109515 -0.153853
-0.906 0.0245748 -0.0909052
-0.905 0.0485691 -0.0441438
-0.904 0.0597737 -0.015083
-0.903 0.0576886 -0.00114518
-0.902 0.043147 0.00243307
-0.901 0.0186071 -1.70792e-05
-0.9 -0.0122363 -0.00677955
-0.899 -0.0457461 -0.0194808
-0.898 -0.0800469 -0.0420006
-0.897 -0.115892 -0.0780461
-0.896 -0.15566 -0.128453
-0.895 -0.200619 -0.189391
-0.894 -0.247746 -0.252307
-0.893 -0.287898 -0.30579
-0.892 -0.306847 -0.338852
-0.891 -0.289556 -0.344503
-0.89 -0.226458 -0.322298
-0.889 -0.119287 -0.278788
-0.888 0.0162974 -0.225607
-0.887 0.153053 -0.175838
-0.886 0.259125 -0.140058
-0.885 0.3075 -0.123608
-0.884 0.284987 -0.126051
-0.883 0.197635 -0.142765
-0.882 0.0697479 -0.167773
-0.881 -0.0644561 -0.196635
-0.88 -0.17415 -0.228317
-0.879 -0.244595 -0.265375
-0.878 -0.283145 -0.312294
-0.877 -0.315698 -0.372484
-0.876 -0.375531 -0.445245
-0.875 -0.48903 -0.52433
-0.874 -0.662748 -0.599032
-0.873 -0.875899 -0.657269
-0.872 -1.08229 -0.689232
-0.871 -1.2234 -0.690133
-0.87 -1.2492 -0.661326
-0.869 -1.13828 -0.609717
-0.868 -0.907736 -0.545628
-0.867 -0.608707 -0.479475
-0.866 -0.309977 -0.418422
-0.865 -0.076212 -0.364711
-0.864 0.0528154 -0.316604
-0.863 0.0758494 -0.271134
-0.862 0.0309037 -0.226857
-0.861 -0.0192452 -0.1851
-0.86 -0.0126008 -0.149554
-0.859 0.0859192 -0.124865
-0.858 0.269137 -0.114726
-0.857 0.488894 -0.119756
-0.856 0.672344 -0.13615
-0.855 0.7472 -0.156424
-0.854 0.668078 -0.172498
-0.853 0.43505 -0.179574
-0.852 0.0965643 -0.178672
-0.851 -0.26591 -0.176543
-0.85 -0.566178 -0.183323
-0.849 -0.743102 -0.209144
-0.848 -0.780528 -0.260738
-0.847 -0.71131 -0.338869
-0.846 -0.604978 -0.437841
-0.845 -0.542625 -0.547803
-0.844 -0.586589 -0.658873
-0.843 -0.755895 -0.764728
-0.842 -1.01773 -0.863704
-0.841 -1.29863 -0.957093
-0.84 -1.51 -1.04584
-0.839 -1.57691 -1.12706
-0.838 -1.46077 -1.19158
-0.837 -1.17087 -1.22363
-0.836 -0.762487 -1.20394
-0.835 -0.320673 -1.11604
-0.834 0.0666368 -0.953007
-0.833 0.336612 -0.72138
-0.832 0.469098 -0.440342
-0.831 0.487239 -0.137164
-0.83 0.443848 0.158936
-0.829 0.401708 0.42262
-0.828 0.413819 0.636776
-0.827 0.505898 0.794026
-0.826 0.664489 0.894182
-0.825 0.836507 0.938483
-0.824 0.943757 0.924009
-0.823 0.908739 0.841936
-0.822 0.681347 0.68069
-0.821 0.256107 0.431973
-0.82 -0.32349 0.0966319
-0.819 -0.971609 -0.311538
-0.818 -1.57671 -0.764856
-0.817 -2.02828 -1.22441
-0.816 -2.24908 -1.64676
-0.815 -2.22165 -1.99311
-0.814 -1.99686 -2.23739
-0.813 -1.67841 -2.3699
-0.812 -1.38915 -2.39549
-0.811 -1.23176 -2.32824
-0.81 -1.2556 -2.1851
-0.809 -1.43837 -1.98079
-0.808 -1.68923 -1.72513
-0.807 -1.87665 -1.42352
-0.806 -1.87537 -1.08054
-0.805 -1.61703 -0.705112
-0.804 -1.12424 -0.314585
-0.803 -0.512385 0.064229
-0.802 0.0435102 0.397801
-0.801 0.365805 0.65189
-0.8 0.336059 0.799048
-0.799 -0.0589989 0.82516
-0.798 -0.714383 0.732737
-0.797 -1.43391 0.53993
-0.796 -1.99126 0.275863
-0.795 -2.20616 -0.0259739
-0.794 -2.00933 -0.334635
-0.793 -1.47129 -0.627599
-0.792 -0.782012 -0.893843
-0.791 -0.186359 -1.13243
-0.79 0.102644 -1.34693
-0.789 -0.0191409 -1.5387
-0.788 -0.507946 -1.7024
-0.787 -1.18516 -1.82545
-0.786 -1.79823 -1.89045
-0.785 -2.10968 -1.87947
-0.784 -1.98489 -1.7797
-0.783 -1.44704 -1.58985
-0.782 -0.676403 -1.32461
-0.781 0.0496279 -1.01386
-0.78 0.454774 -0.696233
-0.779 0.363133 -0.410101
-0.778 -0.237313 -0.185724
-0.777 -1.18861 -0.0403311
-0.776 -2.21493 0.023974
-0.775 -3.01516 0.0190136
-0.774 -3.36606 -0.0350529
-0.773 -3.20042 -0.118839
-0.772 -2.63031 -0.222251
-0.771 -1.90521 -0.347892
-0.77 -1.32099 -0.50811
-0.769 -1.11449 -0.717814
-0.768 -1.38113 -0.985932
-0.767 -2.04278 -1.30738
-0.766 -2.87512 -1.65749
-0.765 -3.58471 -1.99207
-0.764 -3.90942 -2.25536
-0.763 -3.70646 -2.39452
-0.762 -2.99683 -2.37491
-0.761 -1.9533 -2.19014
-0.76 -0.840807 -1.86373
-0.759 0.0684569 -1.44294
-0.758 0.57877 -0.986319
-0.757 0.627665 -0.548128
-0.756 0.296855 -0.164095
-0.755 -0.22642 0.155332
-0.754 -0.721322 0.420258
-0.753 -1.00896 0.647154
-0.752 -1.00582 0.84225
-0.751 -0.745312 0.990071
-0.75 -0.368966 1.05155
-0.749 -0.088667 0.972376
-0.748 -0.124013 0.699577
-0.747 -0.630534 0.201939
-0.746 -1.64529 -0.512439
-0.745 -3.07115 -1.38947
-0.744 -4.70088 -2.3378
-0.743 -6.26526 -3.25018
-0.742 -7.49148 -4.02901
-0.741 -8.16719 -4.60701
-0.74 -8.20182 -4.95707
-0.739 -7.66156 -5.08955
-0.738 -6.75368 -5.03883
-0.737 -5.75912 -4.8437
-0.736 -4.94076 -4.52919
-0.735 -4.46296 -4.09795
-0.734 -4.34385 -3.53542
-0.733 -4.44738 -2.82571
-0.732 -4.51974 -1.9702
-0.731 -4.27312 -1.00093
-0.73 -3.49944 0.0159932
-0.729 -2.17058 0.987823
-0.728 -0.477287 1.81182
-0.727 1.21338 2.39705
-0.726 2.46574 2.68484
-0.725 2.91036 2.66001
-0.724 2.36636 2.34873
-0.723 0.915918 1.80564
-0.722 -1.09957 1.09713
-0.721 -3.17354 0.286709
-0.72 -4.79498 -0.574358
-0.719 -5.61868 -1.45056
-0.718 -5.58172 -2.31944
-0.717 -4.92444 -3.16319
-0.716 -4.10817 -3.95826
-0.715 -3.65382 -4.66935
-0.714 -3.95114 -5.25194
-0.713 -5.1039 -5.66121
-0.712 -6.87277 -5.86125
-0.711 -8.74354 -5.83087
-0.71 -10.0987 -5.56665
-0.709 -10.4315 -5.08508
-0.708 -9.52914 -4.42244
-0.707 -7.56465 -3.62995
-0.706 -5.05946 -2.76512
-0.705 -2.72039 -1.88452
-0.704 -1.19971 -1.04174
-0.703 -0.865829 -0.287262
-0.702 -1.67419 0.335093
-0.701 -3.18704 0.795249
-0.7 -4.73043 1.08171
-0.699 -5.6305 1.19949
-0.698 -5.45115 1.163
-0.697 -4.15642 0.989503
-0.696 -2.13927 0.694833
-0.695 -0.0966574 0.289032
-0.694 1.21293 -0.227726
-0.693 1.24149 -0.862726
-0.692 -0.151473 -1.61799
-0.691 -2.64808 -2.47308
-0.69 -5.57831 -3.37494
-0.689 -8.14005 -4.24148
-0.688 -9.65882 -4.97612
-0.687 -9.80553 -5.48691
-0.686 -8.70214 -5.70683
-0.685 -6.87525 -5.61328
-0.684 -5.06847 -5.23954
-0.683 -3.97944 -4.66764
-0.682 -4.01877 -4.00175
-0.681 -5.17632 -3.33458
-0.68 -7.03561 -2.72338
-0.679 -8.92333 -2.18383
-0.678 -10.1403 -1.69892
-0.677 -10.2012 -1.23755
-0.676 -9.00761 -0.780446
-0.675 -6.89704 -0.347151
-0.674 -4.54522 -0.00994349
-0.673 -2.75132 0.118943
-0.672 -2.17734 -0.0750217
-0.671 -3.13013 -0.664392
-0.67 -5.45795 -1.649
-0.669 -8.59317 -2.94698
-0.668 -11.725 -4.40526
-0.667 -14.0475 -5.82688
-0.666 -15.0042 -7.01443
-0.665 -14.4535 -7.82021
-0.664 -12.7009 -8.18226
-0.663 -10.3871 -8.12793
-0.662 -8.26753 -7.74533
-0.661 -6.95353 -7.14064
-0.66 -6.70514 -6.40088
-0.659 -7.3476 -5.57115
-0.658 -8.34147 -4.6476
-0.657 -8.98001 -3.58977
-0.656 -8.64387 -2.35468
-0.655 -7.02884 -0.942944
-0.654 -4.27573 0.567064
-0.653 -0.95941 2.01702
-0.652 2.06787 3.2004
-0.651 3.93666 3.91312
-0.65 4.0399 4.00466
-0.649 2.23351 3.41814
-0.648 -1.11327 2.2107
-0.647 -5.23036 0.544962
-0.646 -9.17857 -1.35241
-0.645 -12.1271 -3.25256
-0.644 -13.5963 -4.98146
-0.643 -13.5923 -6.45055
-0.642 -12.5862 -7.6541
-0.641 -11.3355 -8.64009
-0.64 -10.6066 -9.46706
-0.639 -10.8976 -10.1606
-0.638 -12.2592 -10.6844
-0.637 -14.2701 -10.9393
-0.636 -16.1707 -10.7948
-0.635 -17.117 -10.1394
-0.634 -16.4743 -8.93094
-0.633 -14.0547 -7.22618
-0.632 -10.2129 -5.18218
-0.631 -5.76005 -3.02774
-0.63 -1.72365 -1.01204
-0.629 0.966046 0.654783
-0.628 1.76386 1.84972
-0.627 0.682638 2.55654
-0.626 -1.70953 2.85088
-0.625 -4.47718 2.85893
-0.624 -6.63131 2.70585
-0.623 -7.45886 2.47001
-0.622 -6.75373 2.15612
-0.621 -4.87769 1.69713
-0.62 -2.64247 0.98544
-0.619 -1.05205 -0.0772967
-0.618 -0.972877 -1.53041
-0.617 -2.82954 -3.32393
-0.616 -6.43895 -5.31863
-0.615 -11.0557 -7.31466
-0.614 -15.6119 -9.09834
-0.613 -19.0555 -10.4937
-0.612 -20.6698 -11.4043
-0.611 -20.2838 -11.8306
-0.61 -18.3276 -11.8568
-0.609 -15.7087 -11.6108
-0.608 -13.5168 -11.2122
-0.607 -12.6388 -10.7285
-0.606 -13.4306 -10.1553
-0.605 -15.5805 -9.42667
-0.604 -18.2084 -8.44939
-0.603 -20.1482 -7.15139
-0.602 -20.3203 -5.5268
-0.601 -18.0944 -3.66241
-0.6 -13.5483 -1.73476
-0.599 -7.52082 0.0230503
-0.598 -1.40001 1.37599
-0.597 3.30688 2.14479
-0.596 5.45886 2.2477
-0.595 4.64172 1.71404
-0.594 1.29022 0.667356
-0.593 -3.45175 -0.714253
-0.592 -8.08846 -2.24579
-0.591 -11.2532 -3.77538
-0.59 -12.1715 -5.20692
-0.589 -10.9363 -6.50087
-0.588 -8.46786 -7.65442
-0.587 -6.16306 -8.66871
-0.586 -5.36963 -9.51717
-0.585 -6.87844 -10.1299
-0.584 -10.6032 -10.4023
-0.583 -15.5539 -10.2248
-0.582 -20.1258 -9.51917
-0.581 -22.6268 -8.27096
-0.58 -21.8758 -6.55131
-0.579 -17.6548 -4.52305
-0.578 -10.8394 -2.42537
-0.577 -3.15787 -0.534463
-0.576 3.33873 0.891662
-0.575 6.92118 1.66473
-0.574 6.73351 1.69648
-0.573 3.06426 1.00349
-0.572 -2.76365 -0.306477
-0.571 -8.85388 -2.06036
-0.57 -13.3874 -4.05514
-0.569 -15.232 -6.09766
-0.568 -14.301 -8.03618
-0.567 -11.5462 -9.76972
-0.566 -8.58907 -11.2331
-0.565 -7.10971 -12.3717
-0.564 -8.20369 -13.1234
-0.563 -11.941 -13.413
-0.562 -17.2961 -13.1567
-0.561 -22.4751 -12.2758
-0.56 -25.5195 -10.7219
-0.559 -24.9749 -8.51279
-0.558 -20.4049 -5.76413
-0.557 -12.5827 -2.69758
-0.556 -3.29062 0.383851
-0.555 5.22009 3.14244
-0.554 10.9305 5.25964
-0.553 12.6732 6.48872
-0.552 10.4562 6.70041
-0.551 5.39739 5.90958
-0.55 -0.689048 4.26803
-0.549 -5.90541 2.02038
-0.548 -8.88643 -0.560707
-0.547 -9.22166 -3.23424
-0.546 -7.54721 -5.82906
-0.545 -5.27847 -8.25756
-0.544 -4.0806 -10.5044
-0.543 -5.26516 -12.5879
-0.542 -9.31662 -14.504
-0.541 -15.6959 -16.1779
-0.54 -22.9765 -17.4533
-0.539 -29.2693 -18.1271
-0.538 -32.806 -18.0126
-0.537 -32.4939 -17.0067
-0.536 -28.2691 -15.1435
-0.535 -21.1362 -12.6217
-0.534 -12.8888 -9.78792
-0.533 -5.58979 -7.06442
-0.532 -0.963588 -4.83535
-0.531 0.124395 -3.33739
-0.53 -2.06658 -2.59987
-0.529 -6.23627 -2.45203
-0.528 -10.4574 -2.58553
-0.527 -12.7899 -2.65224
-0.526 -11.906 -2.37759
-0.525 -7.53789 -1.66016
-0.524 -0.611881 -0.615281
-0.523 6.99508 0.467167
-0.522 13.0305 1.23742
-0.521 15.6053 1.4202
-0.52 13.8445 0.912533
-0.519 8.21596 -0.183106
-0.518 0.41497 -1.59179
-0.517 -7.16317 -2.95655
-0.516 -12.2001 -3.96813
-0.515 -13.2408 -4.49347
-0.514 -10.2344 -4.64506
-0.513 -4.61999 -4.75055
-0.512 1.11459 -5.22999
-0.511 4.2798 -6.43258
-0.51 2.94775 -8.4939
-0.509 -3.31067 -11.2573
-0.508 -13.1809 -14.2823
-0.507 -23.95 -16.9469
-0.506 -32.3442 -18.6242
-0.505 -35.6008 -18.8775
-0.504 -32.4205 -17.6003
-0.503 -23.4579 -15.0443
-0.502 -11.1554 -11.7293
-0.501 1.04368 -8.2747
-0.5 9.83677 -5.20941
-0.499 13.1664 -2.82278
-0.498 10.9026 -1.10325
-0.497 4.85799 0.208737
-0.496 -1.87931 1.46962
-0.495 -6.07488 2.94344
-0.494 -5.54209 4.65317
-0.493 0.0302159 6.33184
-0.492 8.91753 7.4909
-0.491 17.9272 7.58164
-0.49 23.503 6.19663
-0.489 22.9926 3.24274
-0.488 15.6364 -0.979518
-0.487 2.91974 -5.82725
-0.486 -11.8548 -10.4836
-0.485 -24.6373 -14.1827
-0.484 -31.9619 -16.4141
-0.483 -32.0687 -17.0415
-0.482 -25.44 -16.3058
-0.481 -14.5924 -14.7134
-0.48 -3.20827 -12.8512
-0.479 5.1039 -11.1922
-0.478 8.00723 -9.96252
-0.477 5.17593 -9.11425
-0.476 -1.68559 -8.4041
-0.475 -9.53679 -7.53795
-0.474 -15.1285 -6.32396
-0.473 -16.1451 -4.78055
-0.472 -11.9811 -3.1613
-0.471 -3.92421 -1.88714
-0.47 5.28743 -1.40941
-0.469 12.3905 -2.05235
-0.468 14.7034 -3.89087
-0.467 11.0374 -6.70491
-0.466 2.09384 -10.0219
-0.465 -9.77291 -13.2306
-0.464 -21.3039 -15.7314
-0.463 -29.3212 -17.0775
-0.462 -31.6471 -17.0681
-0.461 -27.7099 -15.7725
-0.46 -18.6777 -13.4874
-0.459 -7.0763 -10.6444
-0.458 3.99737 -7.69569
-0.457 11.8095 -5.00851
-0.456 14.7689 -2.79969
-0.455 12.8319 -1.12217
-0.454 7.45066 0.100781
-0.453 1.10362 1.01375
-0.452 -3.47266 1.75894
-0.451 -4.15535 2.40958
-0.45 -0.151519 2.92165
-0.449 7.68846 3.12613
-0.448 17.0817 2.77479
-0.447 24.9837 1.62766
-0.446 28.5148 -0.449938
-0.445 25.8843 -3.41269
-0.444 17.0529 -7.00055
-0.443 3.90408 -10.753
-0.442 -10.2028 -14.0825
-0.441 -21.4205 -16.4093
-0.44 -26.6391 -17.3268
-0.439 -24.5257 -16.7367
-0.438 -16.0208 -14.8941
-0.437 -4.1235 -12.3448
-0.436 6.99224 -9.77686
-0.435 13.3043 -7.82821
-0.434 12.3234 -6.8984
-0.433 4.04935 -7.01771
-0.432 -8.89403 -7.83032
-0.431 -22.0564 -8.71996
-0.43 -30.6371 -9.04281
-0.429 -31.1266 -8.37681
-0.428 -22.5588 -6.68887
-0.427 -6.95353 -4.36104
-0.426 11.2292 -2.06997
-0.425 26.5074 -0.556056
-0.424 34.2367 -0.350361
-0.423 32.2593 -1.55214
-0.422 21.7164 -3.75157
-0.421 6.70046 -6.14488
-0.42 -7.14269 -7.80746
-0.419 -14.5772 -8.02381
-0.418 -12.6417 -6.55531
-0.417 -1.77688 -3.75491
-0.416 14.2037 -0.487658
-0.415 29.349 2.12797
-0.414 37.6207 3.083
-0.413 35.0315 1.82085
-0.412 21.1004 -1.57012
-0.411 -0.891775 -6.38693
-0.41 -24.9335 -11.5475
-0.409 -44.2535 -15.9422
-0.408 -53.5731 -18.7832
-0.407 -50.8728 -19.8436
-0.406 -38.0419 -19.5042
-0.405 -20.1651 -18.5851
-0.404 -3.70598 -18.0116
-0.403 5.74335 -18.4444
-0.402 5.35316 -20.0165
-0.401 -4.03359 -22.2724
-0.4 -18.2521 -24.3145
-0.399 -31.3006 -25.0989
-0.398 -37.4613 -23.788
-0.397 -33.3245 -20.0586
-0.396 -18.9961 -14.2581
-0.395 1.93504 -7.3416
-0.394 23.6156 -0.596711
-0.393 39.8561 4.74133
-0.392 46.1105 7.84127
-0.391 40.889 8.48071
-0.39 26.1833 7.06078
-0.389 6.78161 4.44345
-0.388 -11.3088 1.65926
-0.387 -22.8032 -0.434599
-0.386 -24.7863 -1.43661
-0.385 -17.5244 -1.51749
-0.384 -4.23463 -1.32318
-0.383 10.0413 -1.70784
-0.382 20.0737 -3.40625
-0.381 22.0965 -6.75733
-0.38 14.9898 -11.5528
-0.379 0.636017 -17.0475
-0.378 -16.6676 -22.1362
-0.377 -31.5623 -25.6628
-0.376 -39.316 -26.7712
-0.375 -37.3125 -25.1776
-0.374 -25.8942 -21.2655
-0.373 -8.30953 -15.973
-0.372 10.2285 -10.5206
-0.371 24.1073 -6.06659
-0.37 29.0478 -3.38309
-0.369 23.4791 -2.64271
-0.368 9.11392 -3.38703
-0.367 -9.49782 -4.70408
-0.366 -26.3479 -5.56833
-0.365 -35.883 -5.22692
-0.364 -34.8533 -3.49138
-0.363 -23.4754 -0.832853
-0.362 -5.48507 1.75045
-0.361 12.9812 3.0555
-0.36 25.3451 2.09243
-0.359 26.7786 -1.53457
-0.358 15.9221 -7.4206
-0.357 -4.47002 -14.4171
-0.356 -28.2501 -20.9499
-0.355 -47.8108 -25.4949
-0.354 -56.6323 -27.0504
-0.353 -51.5649 -25.4503
-0.352 -34.0137 -21.412
-0.351 -9.57607 -16.296
-0.35 13.7711 -11.6466
-0.349 28.3375 -8.67044
-0.348 29.3517 -7.84125
-0.347 16.6623 -8.77579
-0.346 -5.11463 -10.421
-0.345 -28.129 -11.4798
-0.344 -44.0438 -10.9244
-0.343 -47.0393 -8.42008
-0.342 -35.9637 -4.50624
-0.341 -14.8234 -0.454319
-0.34 8.57322 2.15749
-0.339 25.3246 1.99931
-0.338 28.5399 -1.53257
-0.337 15.7701 -8.08674
-0.336 -10.0587 -16.4473
-0.335 -41.5582 -24.9018
-0.334 -69.3649 -31.7606
-0.333 -85.3491 -35.8584
-0.332 -85.377 -36.8702
-0.331 -70.6093 -35.3303
-0.33 -46.8968 -32.3564
-0.329 -22.5705 -29.1958
-0.328 -5.4956 -26.7738
-0.327 -0.434045 -25.4064
-0.326 -7.56821 -24.759
-0.325 -22.6269 -24.0363
-0.324 -38.5428 -22.3222
-0.323 -48.0503 -18.9484
-0.322 -46.2796 -13.7639
-0.321 -32.4083 -7.2166
-0.32 -9.81327 -0.22597
-0.319 15.224 6.09592
-0.318 35.682 10.7625
-0.317 46.0304 13.1586
-0.316 43.8279 13.1503
-0.315 30.2635 11.0559
-0.314 9.56769 7.51365
-0.313 -12.4459 3.29888
-0.312 -30.202 -0.863101
-0.311 -39.9595 -4.44631
-0.31 -40.7033 -7.2082
-0.309 -34.1369 -9.19903
-0.308 -23.9075 -10.7109
-0.307 -14.4089 -12.1917
-0.306 -9.54554 -14.1359
-0.305 -11.7447 -16.9523
-0.304 -21.369 -20.8144
-0.303 -36.5952 -25.5342
-0.302 -53.8018 -30.5183
-0.301 -68.4468 -34.8576
-0.3 -76.273 -37.5496
-0.299 -74.53 -37.7963
-0.298 -62.8634 -35.2843
-0.297 -43.6092 -30.3521
-0.296 -21.3886 -23.9662
-0.295 -2.02977 -17.4805
-0.294 9.03914 -12.2231
-0.293 8.57245 -9.04138
-0.292 -3.12974 -7.9773
-0.291 -21.9191 -8.22397
-0.29 -40.8842 -8.41409
-0.289 -52.5827 -7.16047
-0.288 -51.6693 -3.65868
-0.287 -36.9966 1.87624
-0.286 -12.4391 8.12262
-0.285 13.9364 12.9823
-0.284 32.2812 14.2473
-0.283 34.331 10.3902
-0.282 16.6039 1.19716
-0.281 -17.8477 -12.0102
-0.28 -59.9965 -26.69
-0.279 -97.6863 -39.8512
-0.278 -119.792 -49.0162
-0.277 -120.188 -53.0187
-0.276 -100.079 -52.3375
-0.275 -67.8031 -48.8362
-0.274 -36.024 -45.0009
-0.273 -17.2006 -42.9453
-0.272 -18.8962 -43.5466
-0.271 -40.7133 -46.0488
-0.27 -74.1269 -48.317
-0.269 -105.431 -47.6777
-0.268 -120.789 -42.0348
-0.267 -111.519 -30.8244
-0.266 -77.6204 -15.4233
-0.265 -28.1567 1.156
-0.264 21.7302 15.1808
-0.263 56.1014 23.4002
-0.262 63.8813 24.1133
-0.261 42.8464 17.7227
-0.26 0.485533 6.56259
-0.259 -48.6268 -5.94373
-0.258 -88.0474 -16.4827
-0.257 -105.388 -22.9504
-0.256 -96.7098 -25.0444
-0.255 -67.6841 -24.1492
-0.254 -31.1262 -22.5986
-0.253 -1.96186 -22.6211
-0.252 8.37695 -25.371
-0.251 -3.91542 -30.4135
-0.25 -33.7507 -35.8543
-0.249 -69.1227 -39.0615
-0.248 -95.625 -37.6982
-0.247 -101.886 -30.6655
-0.246 -83.8544 -18.5984
-0.245 -46.2452 -3.7352
-0.244 -0.640452 10.7747
-0.243 38.8376 21.8595
-0.242 60.4865 27.4459
-0.241 58.7972 26.9853
-0.24 35.8657 21.4274
-0.239 0.158062 12.7043
-0.238 -36.8154 2.96008
-0.237 -64.6895 -6.16996
-0.236 -77.7359 -13.9851
-0.235 -76.3473 -20.7313
-0.234 -66.076 -27.2337
-0.233 -54.851 -34.3243
-0.232 -49.6839 -42.3206
-0.231 -54.1914 -50.7888
-0.23 -67.7143 -58.6739
-0.229 -86.0747 -64.6929
-0.228 -103.448 -67.7801
-0.227 -114.546 -67.4046
-0.226 -116.298 -63.6746
-0.225 -108.5 -57.2397
-0.224 -93.3533 -49.0468
-0.223 -74.283 -40.0437
-0.222 -54.6715 -30.9635
-0.221 -37.104 -22.2953
-0.22 -23.3123 -14.429
-0.219 -14.5391 -7.82687
-0.218 -11.8067 -3.05138
-0.217 -15.7271 -0.599865
-0.216 -25.9034 -0.651394
-0.215 -40.3554 -2.88842
-0.214 -55.4717 -6.49341
-0.213 -66.7272 -10.3328
-0.212 -70.0512 -13.2932
-0.211 -63.448 -14.6931
-0.21 -48.2787 -14.622
-0.209 -29.5362 -14.0107
-0.208 -14.6436 -14.3124
-0.207 -10.8764 -16.8783
-0.206 -22.2806 -22.3018
-0.205 -47.4603 -30.0405
-0.204 -79.3967 -38.4868
-0.203 -107.586 -45.4665
-0.202 -121.77 -48.9983
-0.201 -115.879 -48.0567
-0.2 -90.7152 -43.0433
-0.199 -54.2818 -35.7362
-0.198 -19.3935 -28.671
-0.197 0.857 -24.1629
-0.196 -1.77882 -23.3624
-0.195 -27.0436 -25.7306
-0.194 -65.6391 -29.1565
-0.193 -102.27 -30.7003
-0.192 -121.221 -27.7192
-0.191 -112.339 -18.9679
-0.19 -75.1365 -5.23439
-0.189 -19.4408 10.7673
-0.188 37.7267 25.2294
-0.187 78.0164 34.4937
-0.186 88.3268 36.2509
-0.185 65.6881 30.2843
-0.184 18.5329 18.5034
-0.183 -36.3064 4.22723
-0.182 -79.8759 -9.05514
-0.181 -98.2488 -18.9758
-0.18 -87.7142 -25.092
-0.179 -55.9988 -28.8724
-0.178 -19.1552 -32.9149
-0.177 4.5892 -39.7597
-0.176 1.72264 -50.7569
-0.175 -31.3526 -65.3592
-0.174 -86.6589 -81.0779
-0.173 -147.234 -94.1736
-0.172 -193.186 -100.902
-0.171 -208.968 -98.8548
-0.17 -189.008 -87.8366
-0.169 -139.481 -69.9227
-0.168 -75.7286 -48.7449
-0.167 -16.6298 -28.3566
-0.166 21.8491 -12.0935
-0.165 31.7044 -1.75045
-0.164 15.0232 2.71869
-0.163 -17.4074 2.88637
-0.162 -50.4999 1.02694
-0.161 -70.6586 -0.883304
-0.16 -70.7086 -1.91352
-0.159 -52.0523 -2.3903
-0.158 -23.4273 -3.57586
-0.157 2.8753 -7.02867
-0.156 15.6179 -13.9085
-0.155 8.38713 -24.4366
-0.154 -18.5166 -37.6602
-0.153 -58.4092 -51.5951
-0.152 -100.506 -63.6998
-0.151 -133.373 -71.5152
-0.15 -148.385 -73.2614
-0.149 -142.017 -68.2409
-0.148 -116.338 -56.976
-0.147 -77.8114 -41.079
-0.146 -35.158 -22.8958
-0.145 2.89604 -5.01995
-0.144 29.4511 10.1972
-0.143 40.6806 21.0541
-0.142 36.4779 26.7844
-0.141 20.4087 27.6749
-0.14 -1.17784 24.9326
-0.139 -20.8451 20.255
-0.138 -32.1936 15.2127
-0.137 -31.7993 10.6856
-0.136 -20.4003 6.58146
-0.135 -3.00952 1.91168
-0.134 12.1665 -4.83038
-0.133 15.9865 -15.0699
-0.132 1.49883 -29.437
-0.131 -32.9444 -47.1633
-0.13 -81.9322 -65.9147
-0.129 -133.76 -82.2781
-0.128 -173.853 -92.7959
-0.127 -189.7 -95.1396
-0.126 -175.449 -88.9558
-0.125 -134.462 -76.1037
-0.124 -78.9043 -60.2177
-0.123 -26.2833 -45.6813
-0.122 6.25025 -36.2498
-0.121 8.11068 -33.76
-0.12 -20.3487 -37.4622
-0.119 -67.3469 -44.3224
-0.118 -113.677 -50.219
-0.117 -139.831 -51.5533
-0.116 -133.458 -46.6393
-0.115 -94.2072 -36.3651
-0.114 -34.1274 -23.8938
-0.113 26.5303 -13.4928
-0.112 66.6128 -8.89559
-0.111 71.8995 -11.8128
-0.11 40.6159 -21.1882
-0.109 -15.5518 -33.5114
-0.108 -75.5702 -44.084
-0.107 -116.948 -48.7691
-0.106 -124.366 -45.5643
-0.105 -95.519 -35.3762
-0.104 -41.7607 -21.6667
-0.103 16.5371 -9.10998
-0.102 57.801 -1.83264
-0.101 67.1042 -1.95733
-0.1 41.2878 -8.96573
-0.099 -10.2015 -20.0211
-0.098 -68.9482 -31.0686
-0.097 -114.48 -38.3217
-0.096 -131.939 -39.6044
-0.095 -117.371 -35.017
-0.094 -78.3613 -26.6345
-0.093 -30.0366 -17.4206
-0.092 11.3769 -9.93562
-0.091 34.4514 -5.44334
-0.09 35.8403 -3.70661
-0.089 20.3267 -3.39346
-0.088 -1.9071 -2.82636
-0.087 -19.7091 -0.78105
-0.086 -25.451 2.95046
-0.085 -17.7112 7.47595
-0.084 -0.973986 11.2558
-0.083 17.2531 12.8487
-0.082 30.1282 11.5229
-0.081 34.0152 7.41151
-0.08 28.8908 1.18507
-0.079 16.9131 -6.51596
-0.078 0.263335 -15.5419
-0.077 -20.4288 -26.3118
-0.076 -46.1204 -39.4261
-0.075 -77.7587 -54.9794
-0.074 -114.032 -71.9441
-0.073 -149.962 -88.0117
-0.072 -177.374 -100.062
-0.071 -187.346 -105.136
-0.07 -173.914 -101.598
-0.069 -137.786 -90.0708
-0.068 -88.274 -73.7007
-0.067 -41.6108 -57.3746
-0.066 -15.1549 -45.9709
-0.065 -19.6021 -42.3235
-0.064 -53.2415 -45.9187
-0.063 -101.493 -53.0153
-0.062 -141.986 -58.1223
-0.061 -152.884 -56.1876
-0.06 -121.522 -44.7337
-0.059 -50.7548 -25.2635
-0.058 39.5382 -3.3046
-0.057 117.902 13.2999
-0.056 153.195 17.5013
-0.055 128.235 6.25109
-0.054 48.3813 -17.7945
-0.053 -59.3442 -46.9204
-0.052 -155.932 -71.0013
-0.051 -204.553 -81.0575
-0.05 -184.186 -72.5118
-0.049 -98.4249 -47.0965
-0.048 24.0487 -12.5731
-0.047 139.021 19.9877
-0.046 203.795 40.4962
-0.045 194.62 43.8589
-0.044 116.538 31.9242
-0.043 1.55119 12.6384
-0.042 -103.529 -3.09864
-0.041 -154.689 -5.68589
-0.04 -127.675 9.26284
-0.039 -28.2906 38.8073
-0.038 108.688 73.4606
-0.037 232.667 100.802
-0.036 297.214 110.376
-0.035 277.945 97.6752
-0.034 181.162 65.6973
-0.033 41.027 23.8056
-0.032 -92.9072 -15.5348
-0.031 -173.815 -41.1881
-0.03 -175.628 -47.5496
-0.029 -103.783 -36.7605
-0.028 7.11141 -17.6302
-0.027 108.407 -1.62627
-0.026 157.666 1.97338
-0.025 134.344 -10.5256
-0.024 45.6326 -36.2936
-0.023 -77.378 -67.2433
-0.022 -190.978 -92.9188
-0.021 -254.856 -104.377
-0.02 -248.217 -97.9022
-0.019 -178.725 -76.7601
-0.018 -78.4423 -49.6847
-0.017 11.6201 -26.8088
-0.016 59.2838 -15.4214
-0.015 52.342 -17.6168
-0.014 0.307632 -30.2399
-0.013 -71.0517 -46.4623
-0.012 -129.707 -58.3497
-0.011 -149.801 -59.9433
-0.01 -122.785 -49.8938
-0.009 -61.3066 -32.134
-0.008 7.73393 -13.7999
-0.007 57.1841 -1.55436
-0.006 71.9397 1.38797
-0.005 53.4742 -3.85931
-0.004 16.7546 -12.8539
-0.003 -17.2095 -19.83
-0.002 -30.4089 -20.0594
-0.001 -16.0721 -12.0031
0 17.5153 1.69872
0.001 51.1115 15.3806
0.002 65.4662 23.3799
0.003 52.2715 23.066
0.004 18.2748 15.9892
0.005 -18.5277 6.88716
0.006 -37.1236 1.52981
0.007 -22.5269 4.3585
0.008 26.7663 16.4828
0.009 95.6841 34.6854
0.01 157.097 52.306
0.011 184.108 62.2173
0.012 164.059 60.4968
0.013 105.474 48.5029
0.014 34.187 32.1981
0.015 -17.7902 19.5151
0.016 -24.6948 17.2757
0.017 22.9915 28.627
0.018 113.07 51.4713
0.019 213.368 78.5236
0.02 282.867 99.6621
0.021 289.493 106.162
0.022 225.57 94.7612
0.023 111.882 69.1624
0.024 -11.2677 38.2918
0.025 -100.172 12.5868
0.026 -123.739 0.121795
0.027 -74.7702 3.7274
0.028 26.1966 19.7285
0.029 136.729 38.8804
0.03 208.188 49.7468
0.031 205.986 43.5289
0.032 124.719 18.0676
0.033 -9.51302 -21.0717
0.034 -149.866 -62.7973
0.035 -246.79 -94.6784
0.036 -266.143 -107.363
0.037 -201.654 -97.8367
0.038 -77.7462 -70.5612
0.039 59.1167 -35.9392
0.04 158.337 -6.36045
0.041 185.169 8.67839
0.042 133.857 6.18901
0.043 28.7004 -9.5074
0.044 -86.2751 -28.8642
0.045 -164.286 -41.0032
0.046 -173.386 -37.9525
0.047 -108.61 -17.7922
0.048 6.22021 14.4813
0.049 128.373 48.8631
0.05 213.659 74.3179
0.051 233.483 83.0573
0.052 184.356 73.2734
0.053 87.3843 49.4509
0.054 -20.5786 20.4943
0.055 -100.564 -3.49834
0.056 -125.637 -14.7748
0.057 -90.5461 -10.588
0.058 -12.5526 6.11885
0.059 77.1871 28.3621
0.06 147.288 48.2888
0.061 178.003 60.2855
0.062 166.613 62.7186
0.063 125.863 57.9322
0.064 77.5781 50.8874
0.065 44.0372 47.0635
0.066 39.678 50.2836
0.067 66.072 61.2123
0.068 112.441 77.1715
0.069 161.441 93.3758
0.07 196.949 104.934
0.071 209.814 108.608
0.072 199.468 103.64
0.073 171.935 91.5419
0.074 136.096 75.2075
0.075 100.002 57.7865
0.076 68.4673 41.71
0.077 42.6687 28.179
0.078 21.6042 17.2495
0.079 4.37266 8.38474
0.08 -8.25169 1.11665
0.081 -13.9178 -4.54406
0.082 -10.3469 -8.13224
0.083 2.46066 -9.12499
0.084 20.7868 -7.45646
0.085 37.6356 -3.82261
0.086 45.3307 0.45622
0.087 39.2717 3.99441
0.088 20.8685 6.022
0.089 -2.14983 6.7881
0.09 -18.4618 7.46154
0.091 -17.7246 9.59109
0.092 4.92753 14.3606
0.093 46.121 21.9037
0.094 94.3104 30.9432
0.095 133.113 38.9994
0.096 147.277 43.246
0.097 129.173 41.745
0.098 82.831 34.4831
0.099 23.268 23.6431
0.1 -28.8616 12.9363
0.101 -55.0219 6.2874
0.102 -45.7625 6.40225
0.103 -4.35515 13.7262
0.104 54.0944 26.1523
0.105 107.845 39.6435
0.106 136.439 49.6409
0.107 128.55 52.7732
0.108 86.6213 48.1675
0.109 26.151 37.7922
0.11 -30.2296 25.6943
0.111 -61.458 16.4621
0.112 -55.9518 13.527
0.113 -15.6795 17.9395
0.114 44.9403 28.0597
0.115 104.639 40.2631
0.116 143.182 50.3791
0.117 148.672 55.2924
0.118 121.685 54.1002
0.119 74.7823 48.4161
0.12 27.576 41.7334
0.121 -0.777452 38.0801
0.122 1.31551 40.459
0.123 33.967 49.6717
0.124 86.4046 63.9903
0.125 141.423 79.7701
0.126 181.611 92.693
0.127 195.008 99.1258
0.128 178.488 97.1483
0.129 138.071 87.0048
0.13 86.2975 70.9022
0.131 37.6089 52.2179
0.132 3.46556 34.3742
0.133 -10.9699 19.8042
0.134 -7.49054 9.41135
0.135 6.96349 2.66806
0.136 23.4069 -1.82103
0.137 33.8692 -5.60882
0.138 33.5678 -9.79119
0.139 21.9075 -14.6013
0.14 2.31267 -19.287
0.141 -18.9621 -22.3325
0.142 -34.7099 -21.9838
0.143 -38.7962 -16.8862
0.144 -27.766 -6.58247
0.145 -1.6953 8.28496
0.146 35.7377 26.0581
0.147 77.8343 44.3485
0.148 116.042 60.4584
0.149 141.715 71.9015
0.15 148.336 76.9424
0.151 133.673 75.0139
0.152 101.043 66.8762
0.153 58.9052 54.4495
0.154 18.6301 40.3474
0.155 -8.94233 27.2198
0.156 -16.9847 17.0831
0.157 -5.02556 10.8357
0.158 20.6532 8.12203
0.159 48.8583 7.60226
0.16 67.2489 7.55598
0.161 66.9825 6.64171
0.162 46.5581 4.56187
0.163 13.1088 2.35874
0.164 -19.7399 2.15109
0.165 -36.8179 6.34054
0.166 -27.2416 16.578
0.167 11.1411 32.9145
0.168 70.3272 53.479
0.169 134.28 74.8051
0.17 184.011 92.7114
0.171 204.086 103.497
0.172 188.301 105.098
0.173 142.276 97.7933
0.174 81.6447 84.1139
0.175 26.3851 67.9355
0.176 -6.50925 53.104
0.177 -9.1034 42.1537
0.178 14.8967 35.5961
0.179 51.8468 31.9746
0.18 83.4224 28.6108
0.181 93.5621 22.7825
0.182 74.6336 12.9448
0.183 30.5122 -0.468929
0.184 -24.7064 -15.0286
0.185 -71.9659 -27.1246
0.186 -94.4403 -33.2959
0.187 -83.8115 -31.5214
0.188 -43.2297 -21.9809
0.189 14.029 -7.04031
0.19 69.517 9.50609
0.191 106.233 23.6751
0.192 114.482 32.5959
0.193 94.9412 35.4012
0.194 57.9372 33.3717
0.195 19.2749 29.2955
0.196 -5.78144 26.3181
0.197 -8.07046 26.7413
0.198 12.477 31.2082
0.199 47.4483 38.5461
0.2 83.6755 46.2932
0.201 108.385 51.6946
0.202 113.71 52.7642
0.203 99.0291 48.9899
0.204 70.5676 41.4341
0.205 38.6585 32.2536
0.206 13.7765 23.8727
0.207 2.82382 18.1288
0.208 7.03819 15.6864
0.209 22.2339 15.9163
0.21 41.0616 17.2807
0.211 56.1087 18.0538
0.212 62.4645 17.0488
0.213 58.8823 14.0339
0.214 47.4553 9.71351
0.215 32.2978 5.37674
0.216 17.9159 2.41591
0.217 7.85725 1.89086
0.218 4.02495 4.25208
0.219 6.75607 9.29209
0.22 15.4149 16.3352
0.221 28.9969 24.5661
0.222 46.3098 33.3029
0.223 65.679 42.0604
0.224 84.5561 50.4161
0.225 99.5631 57.8421
0.226 107.264 63.6616
0.227 105.451 67.1642
0.228 94.3354 67.8068
0.229 77.0052 65.4105
0.23 58.7575 60.2832
0.231 45.4102 53.2059
0.232 41.1202 45.2304
0.233 46.5089 37.316
0.234 57.9058 29.9609
0.235 68.25 23.0396
0.236 69.6017 15.962
0.237 56.456 8.09301
0.238 28.5087 -0.762894
0.239 -8.42724 -10.0254
0.24 -43.9456 -18.3006
0.241 -66.5509 -23.6971
0.242 -67.8406 -24.4345
0.243 -45.8152 -19.5497
0.244 -6.08668 -9.41737
0.245 39.5775 4.16261
0.246 77.0691 18.3912
0.247 94.9031 30.2811
0.248 88.4991 37.5735
0.249 62.0129 39.4376
0.25 26.8491 36.6918
0.251 -2.62854 31.4376
0.252 -14.5134 26.2187
0.253 -3.84312 23.0189
0.254 25.4659 22.5003
0.255 61.9372 23.7796
0.256 90.696 24.827
0.257 99.0533 23.3339
0.258 81.4727 17.7385
0.259 41.9752 8.02931
0.26 -7.04969 -4.00421
0.261 -49.2216 -15.2241
0.262 -70.0606 -22.1716
0.263 -62.1703 -22.2831
0.264 -27.8264 -14.8228
0.265 21.9149 -1.18147
0.266 71.207 15.5482
0.267 105.029 31.56
0.268 114.399 43.5527
0.269 99.308 49.7656
0.27 68.3507 50.456
0.271 35.2445 47.6271
0.272 13.5958 44.1111
0.273 11.8874 42.3867
0.274 30.5477 43.6072
0.275 62.1137 47.1938
0.276 94.2629 51.1073
0.277 114.437 52.6625
0.278 114.316 49.5892
0.279 92.5923 40.9615
0.28 55.2241 27.6514
0.281 13.1748 12.1227
0.282 -21.4812 -2.36067
0.283 -39.6869 -12.8031
0.284 -38.2553 -17.4174
0.285 -20.4673 -16.1131
0.286 5.61199 -10.401
0.287 30.2485 -2.78244
0.288 45.3437 4.14629
0.289 46.8456 8.56091
0.29 35.651 9.94528
0.291 16.8888 9.12237
0.292 -2.0884 7.80292
0.293 -14.2962 7.85233
0.294 -15.3729 10.5582
0.295 -4.73854 16.1522
0.296 14.6024 23.7333
0.297 37.3198 31.5969
0.298 57.4862 37.8324
0.299 70.2094 40.9613
0.3 72.8148 40.3863
0.301 65.3853 36.5157
0.302 50.5763 30.5588
0.303 32.7666 24.0932
0.304 16.7937 18.5541
0.305 6.6387 14.812
0.306 4.40713 12.9702
0.307 9.82414 12.4385
0.308 20.3139 12.2298
0.309 31.6413 11.3442
0.31 39.0296 9.09833
0.311 38.55 5.31573
0.312 28.4321 0.3582
0.313 9.86795 -4.98473
0.314 -13.0481 -9.71735
0.315 -34.3495 -12.9094
0.316 -47.9491 -13.9314
0.317 -49.5695 -12.582
0.318 -38.2198 -9.08986
0.319 -16.7049 -4.02518
0.32 9.06201 1.83594
0.321 31.8112 7.67422
0.322 45.2458 12.805
0.323 46.2074 16.834
0.324 35.8787 19.7344
0.325 19.484 21.8099
0.326 4.49611 23.5585
0.327 -2.04043 25.4812
0.328 3.90306 27.8884
0.329 21.7806 30.7482
0.33 46.4955 33.6251
0.331 70.016 35.7529
0.332 84.0766 36.2516
0.333 83.0873 34.4299
0.334 66.2274 30.0635
0.335 37.9113 23.5454
0.336 6.38342 15.849
0.337 -19.0823 8.30569
0.338 -31.3488 2.25822
0.339 -27.7947 -1.31463
0.34 -11.0911 -2.08105
0.341 11.8341 -0.443869
0.342 32.2462 2.61005
0.343 42.6317 5.85164
0.344 39.2756 8.22354
0.345 23.4957 9.18392
0.346 1.08856 8.86442
0.347 -19.8097 7.98791
0.348 -31.6501 7.57208
0.349 -30.1027 8.51973
0.35 -15.4742 11.2406
0.351 7.50802 15.4437
0.352 31.378 20.1797
0.353 48.4589 24.1222
0.354 53.3896 25.9928
0.355 44.8324 24.9889
0.356 25.809 21.069
0.357 2.57229 14.9982
0.358 -17.5672 8.1327
0.359 -28.6663 2.0137
0.36 -27.9884 -2.09382
0.361 -16.6933 -3.5655
0.362 0.745213 -2.56686
0.363 18.1206 0.0557012
0.364 29.5336 3.09944
0.365 31.255 5.43305
0.366 22.8433 6.38271
0.367 7.18293 5.94726
0.368 -10.5354 4.77326
0.369 -24.5234 3.90187
0.37 -30.2221 4.37449
0.371 -25.6836 6.83267
0.372 -12.1177 11.2509
0.373 6.52485 16.8949
0.374 24.7809 22.5173
0.375 37.3358 26.7266
0.376 40.6201 28.4071
0.377 33.8692 27.0593
0.378 19.3373 22.9556
0.379 1.59733 17.058
0.38 -13.8818 10.718
0.381 -22.4598 5.25818
0.382 -21.8086 1.57732
0.383 -12.6677 -0.0879118
0.384 1.37877 -0.174757
0.385 15.032 0.410959
0.386 22.9723 0.646103
0.387 21.6116 -0.222276
0.388 10.3671 -2.37841
0.389 -7.98154 -5.3382
0.39 -28.0512 -8.09654
0.391 -43.5481 -9.4728
0.392 -49.336 -8.52503
0.393 -43.1592 -4.88629
0.394 -26.4293 1.08209
0.395 -3.82168 8.36118
0.396 18.1907 15.5503
0.397 33.4181 21.2744
0.398 37.9986 24.5968
0.399 31.7095 25.2904
0.4 18.0361 23.863
0.401 2.92525 21.3349
0.402 -7.33726 18.8653
0.403 -8.35909 17.3617
0.404 0.800953 17.1922
0.405 17.2713 18.0822
0.406 35.319 19.2301
0.407 48.3071 19.6184
0.408 51.0093 18.4152
0.409 41.4766 15.3127
0.41 21.7714 10.6658
0.411 -2.70132 5.38827
0.412 -25.0159 0.660108
0.413 -39.0451 -2.44675
0.414 -41.4731 -3.30934
0.415 -32.8264 -1.95795
0.416 -17.1866 0.929904
0.417 -0.697542 4.25811
0.418 10.6 6.88675
0.419 12.8348 8.00912
0.42 5.55143 7.39151
0.421 -8.26034 5.40562
0.422 -23.3126 2.86532
0.423 -33.913 0.734403
0.424 -35.9474 -0.202287
0.425 -28.2727 0.399686
0.426 -13.0463 2.34399
0.427 5.09827 4.99461
0.428 20.6941 7.5335
0.429 29.2896 9.26443
0.43 28.8631 9.8476
0.431 20.3704 9.3939
0.432 7.30083 8.40233
0.433 -5.57495 7.56752
0.434 -13.8371 7.51868
0.435 -14.8707 8.58064
0.436 -8.64764 10.6496
0.437 2.39916 13.2294
0.438 14.3038 15.6016
0.439 22.9213 17.0546
0.44 25.2446 17.0922
0.441 20.2914 15.567
0.442 9.32652 12.7086
0.443 -4.61756 9.04018
0.444 -17.7498 5.2108
0.445 -26.7142 1.8049
0.446 -29.5711 -0.795536
0.447 -26.2701 -2.45804
0.448 -18.5216 -3.26501
0.449 -9.16122 -3.43191
0.45 -1.23131 -3.20966
0.451 2.94792 -2.79384
0.452 2.45386 -2.26345
0.453 -2.00959 -1.57153
0.454 -8.3892 -0.591726
0.455 -13.9649 0.805727
0.456 -16.2182 2.68755
0.457 -13.6304 5.02002
0.458 -6.18721 7.65638
0.459 4.55652 10.3422
0.46 15.8877 12.7427
0.461 24.7164 14.4999
0.462 28.5039 15.311
0.463 26.0522 15.0055
0.464 17.9063 13.5921
0.465 6.24078 11.2702
0.466 -5.74955 8.40834
0.467 -14.7913 5.48847
0.468 -18.5317 3.01386
0.469 -16.2739 1.39427
0.47 -9.19206 0.843927
0.471 0.0678787 1.33345
0.472 8.27928 2.61589
0.473 12.7208 4.31462
0.474 12.0946 6.04048
0.475 6.96954 7.50547
0.476 -0.406093 8.60243
0.477 -6.88011 9.42126
0.478 -9.51372 10.185
0.479 -6.66224 11.1221
0.48 1.36811 12.3261
0.481 12.3375 13.6667
0.482 22.7735 14.7915
0.483 29.1183 15.2172
0.484 28.9265 14.4815
0.485 21.7075 12.3124
0.486 9.12922 8.76058
0.487 -5.49004 4.24264
0.488 -18.2409 -0.538468
0.489 -25.8841 -4.77847
0.49 -26.8821 -7.79571
0.491 -21.8412 -9.21278
0.492 -13.2152 -9.03871
0.493 -4.38825 -7.63346
0.494 1.52767 -5.56858
0.495 2.75822 -3.4238
0.496 -0.560902 -1.58604
0.497 -6.48713 -0.130003
0.498 -12.0068 1.16711
0.499 -14.145 2.68609
0.5 -11.0582 4.76699
0.501 -2.72366 7.53237
0.502 9.01297 10.792
0.503 21.041 14.058
0.504 30.0163 16.6733
0.505 33.4603 18.0214
0.506 30.5565 17.7467
0.507 22.3848 15.8935
0.508 11.5265 12.901
0.509 1.19055 9.46127
0.51 -5.83071 6.30441
0.511 -8.02917 3.98616
0.512 -5.59285 2.73899
0.513 -0.243638 2.42538
0.514 5.42547 2.61331
0.515 8.8753 2.75709
0.516 8.48659 2.41652
0.517 4.07454 1.4213
0.518 -3.10432 -0.0847625
0.519 -10.8223 -1.72115
0.52 -16.6455 -3.02222
0.521 -18.7379 -3.60576
0.522 -16.4507 -3.30999
0.523 -10.5131 -2.25712
0.524 -2.76847 -0.812752
0.525 4.45428 0.554118
0.526 9.11336 1.45478
0.527 10.1045 1.72671
0.528 7.58165 1.48485
0.529 2.86851 1.07275
0.53 -1.98952 0.943729
0.531 -4.88786 1.51039
0.532 -4.33952 3.00227
0.533 0.0419214 5.37712
0.534 7.40962 8.32369
0.535 15.9475 11.3589
0.536 23.4411 13.977
0.537 27.9606 15.7884
0.538 28.4376 16.6028
0.539 24.9615 16.4467
0.54 18.7159 15.5178
0.541 11.5797 14.0959
0.542 5.51936 12.4354
0.543 1.96193 10.6816
0.544 1.35642 8.84759
0.545 3.06825 6.85454
0.546 5.64177 4.60887
0.547 7.33979 2.07825
0.548 6.7765 -0.657304
0.549 3.42872 -3.39061
0.55 -2.147 -5.81456
0.551 -8.46427 -7.58958
0.552 -13.575 -8.43197
0.553 -15.7033 -8.18897
0.554 -13.8407 -6.87344
0.555 -8.10596 -4.65455
0.556 0.252795 -1.81905
0.557 9.22521 1.28349
0.558 16.6565 4.30323
0.559 20.9069 6.95006
0.56 21.3312 9.03374
0.561 18.4255 10.4717
0.562 13.6082 11.268
0.563 8.71514 11.4818
0.564 5.37653 11.1969
0.565 4.47768 10.4974
0.566 5.88823 9.44824
0.567 8.55503 8.0893
0.568 10.9223 6.44822
0.569 11.5226 4.56931
0.57 9.52761 2.54246
0.571 5.07026 0.517248
0.572 -0.764799 -1.30408
0.573 -6.28074 -2.69301
0.574 -9.72707 -3.43692
0.575 -9.88757 -3.39053
0.576 -6.49443 -2.52224
0.577 -0.328961 -0.936982
0.578 7.01794 1.13599
0.579 13.6403 3.38777
0.58 17.9044 5.4943
0.581 18.941 7.18441
0.582 16.8816 8.29395
0.583 12.7587 8.78939
0.584 8.11003 8.75143
0.585 4.4408 8.32535
0.586 2.73562 7.65958
0.587 3.17002 6.85615
0.588 5.09745 5.94709
0.589 7.30882 4.90068
0.59 8.48444 3.6558
0.591 7.69129 2.17593
0.592 4.74378 0.502814
0.593 0.286605 -1.21705
0.594 -4.42182 -2.75024
0.595 -7.92406 -3.83293
0.596 -9.02597 -4.24252
0.597 -7.17339 -3.85972
0.598 -2.64143 -2.70547
0.599 3.52832 -0.943371
0.6 9.8439 1.1572
0.601 14.8399 3.2922
0.602 17.5395 5.20612
0.603 17.7271 6.75414
0.604 15.9521 7.91932
0.605 13.2994 8.78354
0.606 11.0178 9.47009
0.607 10.1087 10.0805
0.608 10.9917 10.6444
0.609 13.359 11.0984
0.61 16.2883 11.3024
0.611 18.5835 11.0923
0.612 19.207 10.3467
0.613 17.6361 9.04111
0.614 14.0288 7.26726
0.615 9.17231 5.21292
0.616 4.2393 3.11348
0.617 0.419754 1.19174
0.618 -1.46457 -0.395788
0.619 -1.22966 -1.58935
0.62 0.623541 -2.42341
0.621 3.10552 -2.9931
0.622 5.09533 -3.40397
0.623 5.72138 -3.72529
0.624 4.64283 -3.96247
0.625 2.15495 -4.05468
0.626 -0.910202 -3.89632
0.627 -3.46088 -3.376
0.628 -4.5136 -2.42073
0.629 -3.52496 -1.02926
0.63 -0.568508 0.717446
0.631 3.70011 2.67065
0.632 8.26385 4.64518
0.633 12.0666 6.45552
0.634 14.3339 7.94828
0.635 14.7953 9.02673
0.636 13.7371 9.66178
0.637 11.8691 9.88365
0.638 10.0563 9.75613
0.639 9.01377 9.34549
0.64 9.07 8.69833
0.641 10.0731 7.8354
0.642 11.4574 6.75847
0.643 12.4446 5.46389
0.644 12.318 3.96015
0.645 10.6807 2.28872
0.646 7.60632 0.540545
0.647 3.63056 -1.14391
0.648 -0.407144 -2.59649
0.649 -3.61132 -3.6568
0.65 -5.28648 -4.20582
0.651 -5.13059 -4.18748
0.652 -3.31538 -3.61751
0.653 -0.427368 -2.58158
0.654 2.71906 -1.22074
0.655 5.33785 0.298314
0.656 6.90731 1.82039
0.657 7.30594 3.23062
0.658 6.81279 4.46405
0.659 5.98592 5.49719
0.66 5.46342 6.33074
0.661 5.74314 6.97157
0.662 7.00385 7.4165
0.663 9.02831 7.64108
0.664 11.2632 7.59987
0.665 13.0017 7.24287
0.666 13.6234 6.54239
0.667 12.8069 5.5173
0.668 10.645 4.24413
0.669 7.63378 2.85199
0.67 4.53718 1.50347
0.671 2.16547 0.364749
0.672 1.12707 -0.429903
0.673 1.63413 -0.809186
0.674 3.43233 -0.778948
0.675 5.88462 -0.413297
0.676 8.18057 0.17243
0.677 9.59915 0.855489
0.678 9.73823 1.53612
0.679 8.63867 2.15796
0.68 6.76298 2.71354
0.681 4.83304 3.23098
0.682 3.57707 3.74524
0.683 3.47057 4.26677
0.684 4.56238 4.76365
0.685 6.44878 5.16432
0.686 8.40655 5.37686
0.687 9.6415 5.31568
0.688 9.56831 4.92839
0.689 8.02331 4.2179
0.69 5.3325 3.25241
0.691 2.20925 2.15515
0.692 -0.482232 1.07339
0.693 -2.01446 0.138955
0.694 -2.03663 -0.562352
0.695 -0.687482 -1.00293
0.696 1.4578 -1.20768
0.697 3.5928 -1.23612
0.698 4.9676 -1.15715
0.699 5.15317 -1.02159
0.7 4.18389 -0.841033
0.701 2.5298 -0.583792
0.702 0.916949 -0.191591
0.703 0.0660458 0.390582
0.704 0.440128 1.18492
0.705 2.08281 2.16266
0.706 4.60102 3.24262
0.707 7.30119 4.30602
0.708 9.43116 5.22323
0.709 10.4366 5.88499
0.71 10.1369 6.22867
0.711 8.76349 6.25076
0.712 6.85564 6.0013
0.713 5.06144 5.56233
0.714 3.91316 5.01774
0.715 3.65277 4.42537
0.716 4.16477 3.80299
0.717 5.03729 3.13323
0.718 5.72388 2.38354
0.719 5.7442 1.53133
0.72 4.8531 0.584777
0.721 3.12356 -0.406111
0.722 0.919865 -1.35142
0.723 -1.22557 -2.13774
0.724 -2.7863 -2.65689
0.725 -3.40488 -2.83725
0.726 -2.98972 -2.66337
0.727 -1.72122 -2.17589
0.728 0.0232185 -1.45517
0.729 1.7948 -0.598316
0.73 3.21148 0.302953
0.731 4.0674 1.17966
0.732 4.3778 1.995
0.733 4.34451 2.74166
0.734 4.2599 3.42659
0.735 4.39206 4.05065
0.736 4.89479 4.59482
0.737 5.76344 5.01916
0.738 6.83764 5.27213
0.739 7.84664 5.30441
0.74 8.48969 5.08384
0.741 8.53131 4.60873
0.742 7.87793 3.91458
0.743 6.60616 3.07008
0.744 4.93628 2.16258
0.745 3.16959 1.27976
0.746 1.61415 0.495266
0.747 0.513379 -0.139597
0.748 -0.0133676 -0.59965
0.749 -0.00209164 -0.884871
0.75 0.369802 -1.01312
0.751 0.844407 -1.00873
0.752 1.16984 -0.89313
0.753 1.17984 -0.682171
0.754 0.841912 -0.388696
0.755 0.264907 -0.0254714
0.756 -0.3335 0.393917
0.757 -0.695117 0.853495
0.758 -0.610561 1.33061
0.759 -0.000509753 1.79256
0.76 1.04423 2.19916
0.761 2.28261 2.51066
0.762 3.39708 2.69546
0.763 4.09454 2.73414
0.764 4.20115 2.6215
0.765 3.72135 2.36993
0.766 2.84028 2.01213
0.767 1.86477 1.5978
0.768 1.12027 1.18205
0.769 0.839846 0.811509
0.77 1.08558 0.515462
0.771 1.72995 0.304021
0.772 2.50233 0.170442
0.773 3.08449 0.0958129
0.774 3.22337 0.0571491
0.775 2.82265 0.0388374
0.776 1.97877 0.0423016
0.777 0.946813 0.0867428
0.778 0.049602 0.199402
0.779 -0.434563 0.40123
0.78 -0.365371 0.695108
0.781 0.214792 1.0599
0.782 1.09731 1.45095
0.783 1.97942 1.80764
0.784 2.56901 2.06816
0.785 2.68578 2.18784
0.786 2.32017 2.15305
0.787 1.62832 1.98381
0.788 0.86797 1.72447
0.789 0.3034 1.42778
0.79 0.114872 1.13834
0.791 0.341283 0.8798
0.792 0.871459 0.649622
0.793 1.48586 0.424426
0.794 1.93584 0.175077
0.795 2.03308 -0.114611
0.796 1.71595 -0.434579
0.797 1.06806 -0.746614
0.798 0.284738 -0.993593
0.799 -0.396489 -1.11569
0.8 -0.773974 -1.06871
0.801 -0.742849 -0.839505
0.802 -0.322124 -0.452586
0.803 0.358015 0.0356712
0.804 1.10347 0.553978
0.805 1.72185 1.03718
0.806 2.08383 1.44271
0.807 2.15862 1.7569
0.808 2.01253 1.991
0.809 1.77432 2.16946
0.81 1.58344 2.31455
0.811 1.54067 2.4327
0.812 1.6765 2.50831
0.813 1.94451 2.50815
0.814 2.23907 2.39488
0.815 2.43065 2.14356
0.816 2.4087 1.75455
0.817 2.11857 1.25777
0.818 1.57952 0.707399
0.819 0.878125 0.169148
0.82 0.140998 -0.296039
0.821 -0.501712 -0.646367
0.822 -0.949796 -0.866902
0.823 -1.15511 -0.968339
0.824 -1.1295 -0.978041
0.825 -0.937835 -0.927217
0.826 -0.676452 -0.839342
0.827 -0.441749 -0.724057
0.828 -0.299439 -0.578114
0.829 -0.265884 -0.39208
0.83 -0.307848 -0.159454
0.831 -0.358734 0.115746
0.832 -0.343398 0.415786
0.833 -0.203629 0.711352
0.834 0.0809982 0.968222
0.835 0.482097 1.15633
0.836 0.926806 1.25788
0.837 1.31879 1.27146
0.838 1.5695 1.21082
0.839 1.62761 1.09935
0.84 1.49492 0.962889
0.841 1.22411 0.823553
0.842 0.901286 0.695792
0.843 0.619393 0.585259
0.844 0.449659 0.490427
0.845 0.419097 0.40631
0.846 0.502265 0.328491
0.847 0.631407 0.255496
0.848 0.721895 0.188818
0.849 0.70322 0.131426
0.85 0.543773 0.0861996
0.851 0.261259 0.0550527
0.852 -0.0835582 0.0384762
0.853 -0.407197 0.0352697
0.854 -0.631211 0.0428169
0.855 -0.707843 0.0579882
0.856 -0.634549 0.0779441
0.857 -0.452553 0.100202
0.858 -0.23064 0.122308
0.859 -0.0405062 0.142048
0.86 0.0676858 0.158565
0.861 0.0816445 0.173535
0.862 0.0295727 0.191259
0.863 -0.0322839 0.217452
0.864 -0.0423977 0.25746
0.865 0.042302 0.314381
0.866 0.230696 0.38725
0.867 0.494429 0.469774
0.868 0.777124 0.550683
0.869 1.01196 0.616349
0.87 1.14243 0.654905
0.871 1.14026 0.65993
0.872 1.0142 0.632104
0.873 0.805486 0.578599
0.874 0.571937 0.510877
0.875 0.367976 0.441473
0.876 0.228675 0.380372
0.877 0.162479 0.332121
0.878 0.15304 0.295118
0.879 0.16798 0.263671
0.88 0.17187 0.231738
0.881 0.139968 0.196329
0.882 0.0677816 0.159102
0.883 -0.0278263 0.125933
0.884 -0.116361 0.104946
0.885 -0.166238 0.103561
0.886 -0.156488 0.125246
0.887 -0.0835461 0.167144
0.888 0.0379389 0.219862
0.889 0.179346 0.269845
0.89 0.305965 0.303393
0.891 0.386767 0.310594
0.892 0.403218 0.287824
0.893 0.35401 0.238275
0.894 0.254114 0.170702
0.895 0.128959 0.0968258
0.896 0.00636482 0.0281045
0.897 -0.0908751 -0.0271391
0.898 -0.149859 -0.065205
0.899 -0.169248 -0.0866637
0.9 -0.157794 -0.094592
0.901 -0.130239 -0.0923644
0.902 -0.101761 -0.0819251
0.903 -0.0826334 -0.0630735
0.904 -0.0748056 -0.0338591
0.905 -0.0715904 0.00815955
0.906 -0.0606353 0.0642797
0.907 -0.029068 0.133236
0.908 0.0311339 0.210528
0.909 0.11943 0.288765
0.91 0.225779 0.358927
0.911 0.332645 0.412184
0.912 0.419335 0.441733
0.913 0.467633 0.444142
0.914 0.467301 0.419882
0.915 0.419572 0.373009
0.916 0.336967 0.310199
0.917 0.239163 0.239402
0.918 0.146623 0.168393
0.919 0.0746037 0.103484
0.92 0.0296151 0.0486943
0.921 0.00889357 0.00557932
0.922 0.00252606 -0.0263015
0.923 -0.00240808 -0.048473
0.924 -0.0166174 -0.0625152
0.925 -0.0440366 -0.0692301
0.926 -0.0800214 -0.0682677
0.927 -0.113341 -0.0583779
0.928 -0.130971 -0.0382488
0.929 -0.12329 -0.00760676
0.93 -0.0875909 0.0318888
0.931 -0.0291087 0.0763374
0.932 0.0403254 0.120049
0.933 0.105687 0.156718
0.934 0.153474 0.181029
0.935 0.176176 0.190183
0.936 0.174549 0.184731
0.937 0.156649 0.16834
0.938 0.134226 0.146568
0.939 0.118314 0.125151
0.94 0.11568 0.1084
0.941 0.127024 0.0981485
0.942 0.1472 0.0935296
0.943 0.16737 0.0916708
0.944 0.178472 0.0890938
0.945 0.174675 0.0832754
0.946 0.155369 0.0736779
0.947 0.12496 0.0618168
0.948 0.0908336 0.0504452
0.949 0.0605758 0.0423326
0.95 0.0394597 0.0391506
0.951 0.02891 0.0408013
0.952 0.0263872 0.045373
0.953 0.0267588 0.0497778
0.954 0.0245971 0.0508865
0.955 0.0163806 0.0467241
0.956 0.00168432 0.0372004
0.957 -0.0169526 0.024075
0.958 -0.0351655 0.0102462
0.959 -0.0483461 -0.00126325
0.96 -0.0531756 -0.00823488
0.961 -0.0486795 -0.0098364
0.962 -0.0364112 -0.00672228
0.963 -0.019677 -0.000642795
0.964 -0.00221956 0.00628481
0.965 0.0129745 0.0123455
0.966 0.0242918 0.0167195
0.967 0.0315128 0.0195302
0.968 0.0354556 0.0215104
0.969 0.0374376 0.0235023
0.97 0.0386727 0.0260147
0.971 0.039784 0.0289879
0.972 0.0406595 0.0318263
0.973 0.0407146 0.0336648
0.974 0.0393389 0.0337452
0.975 0.0362259 0.0317324
0.976 0.0314666 0.027841
0.977 0.0254909 0.0227404
0.978 0.0189624 0.0173113
0.979 0.0126454 0.0123694
0.98 0.00723098 0.00845186
0.981 0.00316977 0.00572918
0.982 0.000599991 0.00405519
0.983 -0.000603381 0.0031135
0.984 -0.000727276 0.00258123
0.985 -0.000138524 0.00223688
0.986 0.000774768 0.00198362
0.987 0.00166573 0.00180941
0.988 0.0022935 0.00172739
0.989 0.00255925 0.00173013
0.99 0.00249244 0.0017723
0.991 0.00219974 0.00178369
0.992 0.00180695 0.00170167
0.993 0.00141487 0.00150184
0.994 0.00107586 0.00120724
0.995 0.000794973 0.000872528
0.996 0.000553232 0.0005566
0.997 0.00033767 0.00030154
0.998 0.000157845 0.000125884
0.999 3.92024e-05 2.90731e-05
0.12 2.38358 1.03937
0.24 2.3955 1.04238
0.36 2.41531 1.04739
0.48 2.44293 1.05436
0.6 2.47827 1.06325
0.72 2.52119 1.07401
0.84 2.57152 1.08659
0.96 2.62908 1.10091
1.08 2.69364 1.11688
1.2 2.76496 1.13443
1.32 2.84278 1.15345
1.44 2.92681 1.17383
1.56 3.01672 1.19545
1.68 3.11218 1.2182
1.8 3.21284 1.24193
1.92 3.31832 1.26653
2.04 3.42825 1.29184
2.16 3.5422 1.31771
2.28 3.65978 1.34401
2.4 3.78055 1.37057
2.52 3.90408 1.39724
2.64 4.02992 1.42386
2.76 4.15764 1.45028
2.88 4.28678 1.47633
3 4.4169 1.50186
3.12 4.54754 1.52672
3.24 4.67826 1.55075
3.36 4.80861 1.57381
3.48 4.93817 1.59573
3.6 5.0665 1.61639
3.72 5.19319 1.63565
3.84 5.31784 1.65338
3.96 5.44006 1.66944
4.08 5.55947 1.68374
4.2 5.67571 1.69614
4.32 5.78845 1.70656
4.44 5.89735 1.7149
4.56 6.00213 1.72107
4.68 6.10249 1.725
4.8 6.19819 1.72663
4.92 6.28899 1.72589
5.04 6.37468 1.72274
5.16 6.45507 1.71715
5.28 6.53001 1.70908
5.4 6.59936 1.69853
5.52 6.663 1.68548
5.64 6.72086 1.66995
5.76 6.77289 1.65194
5.88 6.81903 1.63149
6 6.8593 1.60862
6.12 6.8937 1.58339
6.24 6.92228 1.55584
6.36 6.94511 1.52604
6.48 6.96227 1.49406
6.6 6.97388 1.45999
6.72 6.98006 1.4239
6.84 6.98098 1.3859
6.96 6.9768 1.34609
7.08 6.96771 1.30458
7.2 6.95393 1.26149
7.32 6.93567 1.21693
7.44 6.91317 1.17104
7.56 6.88669 1.12393
7.68 6.85648 1.07576
7.8 6.82281 1.02666
7.92 6.78597 0.976759
8.04 6.74624 0.926211
8.16 6.70391 0.875158
8.28 6.65928 0.823745
8.4 6.61264 0.772117
8.52 6.5643 0.72042
8.64 6.51454 0.668797
8.76 6.46367 0.617391
8.88 6.41198 0.566343
9 6.35974 0.51579
9.12 6.30725 0.465868
9.24 6.25476 0.416706
9.36 6.20255 0.368432
9.48 6.15085 0.321167
9.6 6.09992 0.275029
9.72 6.04997 0.230128
9.84 6.00121 0.186569
9.96 5.95386 0.14445
10.08 5.90808 0.103865
10.2 5.86405 0.0648958
10.32 5.82191 0.0276211
10.44 5.78179 -0.00789006
10.56 5.74382 -0.0415762
10.68 5.70807 -0.0733839
10.8 5.67464 -0.103268
10.92 5.64358 -0.131193
11.04 5.61493 -0.157129
11.16 5.58871 -0.181058
11.28 5.56493 -0.202968
11.4 5.54356 -0.222858
11.52 5.52458 -0.240734
11.64 5.50794 -0.256611
11.76 5.49357 -0.270511
11.88 5.48138 -0.282466
12 5.47128 -0.292515
12.12 5.46314 -0.300705
12.24 5.45685 -0.307091
12.36 5.45227 -0.311735
12.48 5.44923 -0.314704
12.6 5.44757 -0.316075
12.72 5.44712 -0.315927
12.84 5.44769 -0.314348
12.96 5.4491 -0.31143
13.08 5.45113 -0.30727
13.2 5.4536 -0.301968
13.32 5.45628 -0.29563
13.44 5.45897 -0.288363
13.56 5.46146 -0.280278
13.68 5.46353 -0.271489
13.8 5.46496 -0.262108
13.92 5.46555 -0.252252
14.04 5.46509 -0.242037
14.16 5.46337 -0.231577
14.28 5.46019 -0.220987
14.4 5.45536 -0.210381
14.52 5.4487 -0.19987
14.64 5.44003 -0.189563
14.76 5.42918 -0.179565
14.88 5.41599 -0.169979
15 5.40033 -0.160903
15.12 5.38205 -0.15243
15.24 5.36104 -0.144648
15.36 5.33718 -0.13764
15.48 5.31038 -0.131483
15.6 5.28056 -0.126246
15.72 5.24766 -0.121995
15.84 5.21162 -0.118785
15.96 5.17241 -0.116666
16.08 5.13001 -0.11568
16.2 5.08441 -0.115861
16.32 5.03561 -0.117235
16.44 4.98365 -0.119821
16.56 4.92856 -0.123629
16.68 4.8704 -0.128661
16.8 4.80922 -0.134912
16.92 4.74512 -0.142368
17.04 4.67818 -0.151008
17.16 4.60851 -0.160802
17.28 4.53622 -0.171715
17.4 4.46145 -0.183702
17.52 4.38434 -0.196714
17.64 4.30503 -0.210692
17.76 4.22367 -0.225574
17.88 4.14044 -0.241292
18 4.05551 -0.257769
18.12 3.96905 -0.274929
18.24 3.88124 -0.292686
18.36 3.79227 -0.310955
18.48 3.70234 -0.329644
18.6 3.61162 -0.348659
18.72 3.52032 -0.367906
18.84 3.42863 -0.387288
18.96 3.33673 -0.406706
19.08 3.24481 -0.426062
19.2 3.15307 -0.445258
19.32 3.06169 -0.464196
19.44 2.97084 -0.48278
19.56 2.88069 -0.500915
19.68 2.79142 -0.518511
19.8 2.70319 -0.535478
19.92 2.61614 -0.551731
20.04 2.53043 -0.567188
20.16 2.44618 -0.581773
20.28 2.36353 -0.595413
20.4 2.2826 -0.608041
20.52 2.20349 -0.619597
20.64 2.12629 -0.630023
20.76 2.05111 -0.639272
20.88 1.978 -0.647299
21 1.90705 -0.654068
21.12 1.8383 -0.65955
21.24 1.77181 -0.663721
21.36 1.7076 -0.666565
21.48 1.6457 -0.668073
21.6 1.58612 -0.668242
21.72 1.52887 -0.667075
21.84 1.47394 -0.664585
21.96 1.42131 -0.660787
22.08 1.37097 -0.655706
22.2 1.32287 -0.64937
22.32 1.27698 -0.641815
22.44 1.23325 -0.633081
22.56 1.19162 -0.623215
22.68 1.15203 -0.612267
22.8 1.11442 -0.600291
22.92 1.07871 -0.587347
23.04 1.04482 -0.573496
23.16 1.01268 -0.558806
23.28 0.982191 -0.543343
23.4 0.953272 -0.527179
23.52 0.925833 -0.510385
23.64 0.899781 -0.493035
23.76 0.875025 -0.475204
23.88 0.851471 -0.456967
24 0.829027 -0.438398
24.12 0.807601 -0.419572
24.24 0.787101 -0.400561
24.36 0.767439 -0.38144
24.48 0.748528 -0.362276
24.6 0.730283 -0.34314
24.72 0.712622 -0.324097
24.84 0.695469 -0.305211
24.96 0.678748 -0.286542
25.08 0.662389 -0.268146
25.2 0.646326 -0.250079
25.32 0.630497 -0.232388
25.44 0.614844 -0.215122
25.56 0.599315 -0.198322
25.68 0.583863 -0.182025
25.8 0.568444 -0.166267
25.92 0.55302 -0.151076
26.04 0.537559 -0.136478
26.16 0.522032 -0.122494
26.28 0.506416 -0.109142
26.4 0.490692 -0.0964346
26.52 0.474846 -0.0843807
26.64 0.458869 -0.0729857
26.76 0.442755 -0.062251
26.88 0.426503 -0.0521746
27 0.410116 -0.042751
27.12 0.393599 -0.0339717
27.24 0.376963 -0.0258251
27.36 0.360221 -0.0182968
27.48 0.343388 -0.0113702
27.6 0.326482 -0.00502618
27.72 0.309525 0.000756234
27.84 0.292539 0.0059998
27.96 0.275549 0.0107288
28.08 0.25858 0.0149686
28.2 0.241662 0.0187458
28.32 0.224821 0.0220874
28.44 0.208087 0.0250213
28.56 0.19149 0.0275752
28.68 0.175059 0.0297774
28.8 0.158825 0.0316554
28.92 0.142817 0.0332368
29.04 0.127065 0.0345485
29.16 0.111597 0.0356167
29.28 0.0964409 0.0364667
29.4 0.0816236 0.0371227
29.52 0.067171 0.0376079
29.64 0.0531074 0.0379443
29.76 0.0394559 0.0381524
29.88 0.0262382 0.0382514
30 0.0134742 0.0382592
30.12 0.00118217 0.0381918
30.24 -0.0106212 0.0380642
30.36 -0.0219212 0.0378895
30.48 -0.0327048 0.0376795
30.6 -0.0429609 0.0374443
30.72 -0.0526802 0.0371928
30.84 -0.0618555 0.0369324
30.96 -0.070481 0.0366691
31.08 -0.0785532 0.0364077
31.2 -0.08607 0.0361516
31.32 -0.0930314 0.0359035
31.44 -0.0994389 0.0356645
31.56 -0.105296 0.0354354
31.68 -0.110607 0.0352156
31.8 -0.115378 0.035004
31.92 -0.119618 0.0347991
32.04 -0.123335 0.0345984
32.16 -0.12654 0.0343993
32.28 -0.129245 0.0341987
32.4 -0.131463 0.0339935
32.52 -0.133206 0.0337802
32.64 -0.134492 0.0335554
32.76 -0.135334 0.0333157
32.88 -0.135749 0.0330578
33 -0.135756 0.0327785
33.12 -0.13537 0.032475
33.24 -0.134612 0.0321447
33.36 -0.1335 0.0317853
33.48 -0.132052 0.0313951
33.6 -0.130288 0.0309726
33.72 -0.128229 0.0305169
33.84 -0.125893 0.0300274
33.96 -0.1233 0.0295042
34.08 -0.12047 0.0289477
34.2 -0.117424 0.0283589
34.32 -0.114179 0.0277391
34.44 -0.110757 0.0270904
34.56 -0.107175 0.0264148
34.68 -0.103453 0.0257151
34.8 -0.099608 0.0249945
34.92 -0.0956591 0.0242562
35.04 -0.0916233 0.0235039
35.16 -0.0875176 0.0227417
35.28 -0.0833583 0.0219735
35.4 -0.0791612 0.0212037
35.52 -0.0749415 0.0204368
35.64 -0.0707137 0.0196771
35.76 -0.0664917 0.0189292
35.88 -0.0622885 0.0181975
36 -0.0581167 0.0174863
36.12 -0.053988 0.0168
36.24 -0.0499134 0.0161425
36.36 -0.0459031 0.0155179
36.48 -0.0419665 0.0149297
36.6 -0.0381126 0.0143813
36.72 -0.0343491 0.0138758
36.84 -0.0306835 0.0134159
36.96 -0.0271221 0.0130041
37.08 -0.0236709 0.0126424
37.2 -0.0203348 0.0123324
37.32 -0.0171183 0.0120754
37.44 -0.014025 0.0118724
37.56 -0.011058 0.0117238
37.68 -0.00821966 0.0116296
37.8 -0.00551184 0.0115897
37.92 -0.00293574 0.0116032
38.04 -0.000492004 0.0116693
38.16 0.00181922 0.0117865
38.28 0.00399829 0.0119532
38.4 0.00604601 0.0121672
38.52 0.00796362 0.0124263
38.64 0.00975274 0.012728
38.76 0.0114154 0.0130694
38.88 0.0129538 0.0134475
39 0.0143706 0.0138591
39.12 0.0156686 0.014301
39.24 0.0168508 0.0147696
39.36 0.0179206 0.0152614
39.48 0.0188813 0.0157729
39.6 0.0197363 0.0163003
39.72 0.0204894 0.01684
39.84 0.0211441 0.0173884
39.96 0.0217041 0.0179419
40.08 0.0221731 0.0184971
40.2 0.0225548 0.0190504
40.32 0.0228529 0.0195986
40.44 0.0230709 0.0201385
40.56 0.0232124 0.020667
40.68 0.0232808 0.0211813
40.8 0.0232795 0.0216786
40.92 0.0232117 0.0221565
41.04 0.0230805 0.0226125
41.16 0.022889 0.0230446
41.28 0.0226401 0.0234509
41.4 0.0223365 0.0238295
41.52 0.021981 0.0241789
41.64 0.0215761 0.0244979
41.76 0.0211243 0.0247853
41.88 0.020628 0.0250401
42 0.0200894 0.0252617
42.12 0.0195107 0.0254494
42.24 0.018894 0.0256029
42.36 0.0182415 0.025722
42.48 0.0175552 0.0258067
42.6 0.016837 0.025857
42.72 0.016089 0.0258732
42.84 0.0153131 0.0258558
42.96 0.0145113 0.0258052
43.08 0.0136857 0.0257221
43.2 0.0128381 0.0256072
43.32 0.0119708 0.0254613
43.44 0.0110858 0.0252853
43.56 0.0101852 0.0250803
43.68 0.00927137 0.0248473
43.8 0.00834649 0.0245874
43.92 0.00741294 0.0243017
44.04 0.00647314 0.0239916
44.16 0.00552958 0.0236582
44.28 0.00458482 0.0233027
44.4 0.00364146 0.0229266
44.52 0.00270217 0.0225311
44.64 0.00176968 0.0221176
44.76 0.00084673 0.0216873
44.88 -6.38873e-05 0.0212417
45 -0.000959375 0.020782
45.12 -0.00183693 0.0203096
45.24 -0.00269377 0.0198259
45.36 -0.00352712 0.0193322
45.48 -0.00433427 0.0188297
45.6 -0.00511256 0.0183198
45.72 -0.00585941 0.0178038
45.84 -0.00657232 0.0172829
45.96 -0.00724894 0.0167585
46.08 -0.007887 0.0162316
46.2 -0.00848442 0.0157035
46.32 -0.00903926 0.0151754
46.44 -0.00954976 0.0146485
46.56 -0.0100143 0.0141237
46.68 -0.0104317 0.0136023
46.8 -0.0108006 0.0130852
46.92 -0.0111202 0.0125734
47.04 -0.0113897 0.0120679
47.16 -0.0116089 0.0115696
47.28 -0.0117774 0.0110794
47.4 -0.0118953 0.0105981
47.52 -0.0119629 0.0101264
47.64 -0.0119808 0.00966502
47.76 -0.0119498 0.00921464
47.88 -0.011871 0.00877582
48 -0.0117456 0.00834909
48.12 -0.0115751 0.00793491
48.24 -0.0113613 0.00753367
48.36 -0.0111061 0.00714568
48.48 -0.0108116 0.00677122
48.6 -0.0104801 0.00641045
48.72 -0.0101141 0.00606351
48.84 -0.00971611 0.00573044
48.96 -0.00928888 0.00541122
49.08 -0.0088352 0.00510576
49.2 -0.00835796 0.00481391
49.32 -0.0078601 0.00453545
49.44 -0.00734458 0.00427012
49.56 -0.00681442 0.00401757
49.68 -0.00627258 0.00377743
49.8 -0.00572203 0.00354924
49.92 -0.00516569 0.00333254
50.04 -0.00460639 0.00312679
50.16 -0.0040469 0.00293144
50.28 -0.00348987 0.0027459
50.4 -0.00293785 0.00256956
50.52 -0.00239325 0.00240179
50.64 -0.00185833 0.00224193
50.76 -0.00133518 0.00208936
50.88 -0.000825744 0.0019434
51 -0.000331779 0.00180343
51.12 0.000145144 0.00166882
51.24 0.000603641 0.00153894
51.36 0.00104252 0.00141322
51.48 0.00146078 0.0012911
51.6 0.00185762 0.00117205
51.72 0.00223242 0.00105559
51.84 0.00258477 0.000941289
51.96 0.00291441 0.00082875
52.08 0.00322129 0.000717637
52.2 0.00350551 0.000607664
52.32 0.00376733 0.000498602
52.44 0.00400718 0.000390281
52.56 0.0042256 0.00028259
52.68 0.00442329 0.000175477
52.8 0.00460104 6.89477e-05
52.92 0.00475976 -3.69318e-05
53.04 0.00490045 -0.00014204
53.16 0.00502419 -0.0002462
53.28 0.0051321 -0.000349184
53.4 0.00522538 -0.000450715
53.52 0.00530526 -0.000550472
53.64 0.00537299 -0.000648091
53.76 0.00542984 -0.000743175
53.88 0.00547708 -0.000835295
54 0.00551597 -0.000923994
54.12 0.00554776 -0.0010088
54.24 0.00557366 -0.00108922
54.36 0.00559485 -0.00116476
54.48 0.00561245 -0.00123491
54.6 0.00562757 -0.00129918
54.72 0.00564121 -0.00135709
54.84 0.00565434 -0.00140815
54.96 0.00566787 -0.00145193
55.08 0.0056826 -0.00148798
55.2 0.00569931 -0.00151592
55.32 0.00571868 -0.00153538
55.44 0.00574131 -0.00154605
55.56 0.00576773 -0.00154765
55.68 0.00579842 -0.00153996
55.8 0.00583375 -0.00152279
55.92 0.00587404 -0.00149602
56.04 0.00591955 -0.00145957
56.16 0.00597045 -0.00141344
56.28 0.00602687 -0.00135766
56.4 0.00608886 -0.00129232
56.52 0.00615642 -0.00121758
56.64 0.0062295 -0.00113365
56.76 0.00630799 -0.00104078
56.88 0.00639173 -0.000939281
57 0.00648051 -0.00082952
57.12 0.0065741 -0.000711896
57.24 0.0066722 -0.000586858
57.36 0.00677447 -0.00045489
57.48 0.00688057 -0.000316512
57.6 0.00699008 -0.000172272
57.72 0.00710257 -2.27476e-05
57.84 0.00721757 0.000131468
57.96 0.00733458 0.000289762
58.08 0.00745307 0.000451512
58.2 0.00757248 0.000616092
58.32 0.00769221 0.00078287
58.44 0.00781164 0.000951222
58.56 0.00793013 0.00112053
58.68 0.008047 0.00129019
58.8 0.00816153 0.00145962
58.92 0.00827301 0.00162824
59.04 0.00838067 0.00179553
59.16 0.00848372 0.00196096
59.28 0.00858137 0.00212406
59.4 0.00867277 0.00228438
59.52 0.0087571 0.0024415
59.64 0.00883348 0.00259506
59.76 0.00890103 0.00274472
59.88 0.00895887 0.00289019
60 0.0090061 0.00303122
60.12 0.00904183 0.00316761
60.24 0.00906516 0.00329917
60.36 0.00907521 0.00342578
60.48 0.00907112 0.00354737
60.6 0.00905203 0.00366387
60.72 0.00901713 0.00377527
60.84 0.00896562 0.00388161
60.96 0.00889678 0.00398293
61.08 0.0088099 0.00407932
61.2 0.00870435 0.0041709
61.32 0.00857956 0.00425781
61.44 0.00843504 0.00434022
61.56 0.00827036 0.00441829
61.68 0.00808521 0.00449224
61.8 0.00787935 0.00456229
61.92 0.00765265 0.00462864
62.04 0.00740509 0.00469154
62.16 0.00713676 0.00475123
62.28 0.00684787 0.00480795
62.4 0.00653876 0.00486193
62.52 0.00620988 0.00491341
62.64 0.00586182 0.00496263
62.76 0.0054953 0.00500981
62.88 0.00511116 0.00505518
63 0.00471039 0.00509893
63.12 0.00429407 0.00514126
63.24 0.00386344 0.00518235
63.36 0.00341984 0.00522238
63.48 0.00296473 0.00526148
63.6 0.00249967 0.0052998
63.72 0.00202633 0.00533746
63.84 0.00154646 0.00537455
63.96 0.00106189 0.00541117
64.08 0.00057452 0.00544738
64.2 8.63177e-05 0.00548325
64.32 -0.000400719 0.0055188
64.44 -0.000884555 0.00555406
64.56 -0.00136314 0.00558904
64.68 -0.00183442 0.00562373
64.8 -0.00229635 0.00565812
64.92 -0.00274693 0.00569218
65.04 -0.00318417 0.00572586
65.16 -0.00360615 0.00575912
65.28 -0.00401105 0.00579189
65.4 -0.00439709 0.00582411
65.52 -0.00476262 0.00585569
65.64 -0.00510608 0.00588656
65.76 -0.00542607 0.00591662
65.88 -0.00572128 0.00594579
66 -0.00599058 0.00597396
66.12 -0.00623299 0.00600104
66.24 -0.00644767 0.00602691
66.36 -0.00663398 0.00605148
66.48 -0.00679143 0.00607462
66.6 -0.00691973 0.00609625
66.72 -0.00701876 0.00611623
66.84 -0.00708858 0.00613446
66.96 -0.00712942 0.00615083
67.08 -0.0071417 0.00616522
67.2 -0.00712603 0.00617753
67.32 -0.00708315 0.00618764
67.44 -0.00701398 0.00619544
67.56 -0.00691961 0.00620083
67.68 -0.00680123 0.00620369
67.8 -0.0066602 0.00620392
67.92 -0.00649799 0.00620143
68.04 -0.00631616 0.0061961
68.16 -0.00611639 0.00618784
68.28 -0.00590041 0.00617657
68.4 -0.00567004 0.00616219
68.52 -0.00542712 0.00614463
68.64 -0.00517356 0.0061238
68.76 -0.00491124 0.00609965
68.88 -0.00464207 0.0060721
69 -0.00436794 0.00604112
69.12 -0.00409071 0.00600665
69.24 -0.00381218 0.00596867
69.36 -0.0035341 0.00592716
69.48 -0.00325816 0.00588212
69.6 -0.00298593 0.00583355
69.72 -0.00271891 0.00578149
69.84 -0.00245848 0.00572597
69.96 -0.00220591 0.00566704
70.08 -0.00196233 0.0056048
70.2 -0.00172874 0.00553932
70.32 -0.00150602 0.00547073
70.44 -0.00129487 0.00539915
70.56 -0.00109589 0.00532474
70.68 -0.000909483 0.00524768
70.8 -0.000735946 0.00516816
70.92 -0.000575407 0.00508639
71.04 -0.000427858 0.00500261
71.16 -0.000293146 0.00491706
71.28 -0.000170988 0.00483002
71.4 -6.09688e-05 0.00474178
71.52 3.74496e-05 0.00465264
71.64 0.000124918 0.00456292
71.76 0.000202196 0.00447294
71.88 0.000270136 0.00438305
72 0.000329681 0.00429359
72.12 0.00038185 0.00420493
72.24 0.000427727 0.00411741
72.36 0.000468456 0.0040314
72.48 0.000505221 0.00394726
72.6 0.000539245 0.00386533
72.72 0.000571773 0.00378597
72.84 0.000604066 0.0037095
72.96 0.000637389 0.00363626
73.08 0.000673002 0.00356653
73.2 0.000712152 0.00350062
73.32 0.000756064 0.00343878
73.44 0.000805936 0.00338126
73.56 0.000862928 0.00332826
73.68 0.000928162 0.00327998
73.8 0.00100271 0.00323658
73.92 0.00108759 0.00319816
74.04 0.00118378 0.00316483
74.16 0.00129218 0.00313665
74.28 0.00141365 0.00311362
74.4 0.00154896 0.00309576
74.52 0.00169886 0.003083
74.64 0.00186399 0.00307527
74.76 0.00204496 0.00307246
74.88 0.00224231 0.00307444
75 0.00245651 0.00308103
75.12 0.00268798 0.00309205
75.24 0.00293706 0.00310728
75.36 0.00320406 0.00312648
75.48 0.0034892 0.00314942
75.6 0.00379267 0.00317583
75.72 0.00411458 0.00320546
75.84 0.00445501 0.00323803
75.96 0.00481396 0.00327329
76.08 0.00519137 0.00331099
76.2 0.00558715 0.00335089
76.32 0.00600111 0.00339278
76.44 0.00643304 0.00343645
76.56 0.00688262 0.00348177
76.68 0.0073495 0.00352859
76.8 0.00783322 0.00357683
76.92 0.00833328 0.00362647
77.04 0.00884907 0.0036775
77.16 0.0093799 0.00373
77.28 0.00992497 0.00378409
77.4 0.0104834 0.00383996
77.52 0.0110542 0.00389785
77.64 0.0116362 0.00395808
77.76 0.0122282 0.00402103
77.88 0.0128288 0.00408714
78 0.0134366 0.00415693
78.12 0.0140497 0.00423098
78.24 0.0146666 0.00430994
78.36 0.0152851 0.0043945
78.48 0.0159031 0.00448542
78.6 0.0165184 0.00458353
78.72 0.0171285 0.00468968
78.84 0.0177308 0.00480477
78.96 0.0183224 0.00492975
79.08 0.0189005 0.00506557
79.2 0.0194617 0.00521323
79.32 0.020003 0.00537371
79.44 0.0205207 0.00554801
79.56 0.0210113 0.00573711
79.68 0.0214711 0.00594197
79.8 0.0218961 0.00616353
79.92 0.0222824 0.00640268
80.04 0.0226259 0.00666025
80.16 0.0229225 0.00693701
80.28 0.0231678 0.00723366
80.4 0.0233577 0.0075508
80.52 0.0234878 0.00788893
80.64 0.0235539 0.00824847
80.76 0.0235518 0.00862967
80.88 0.0234771 0.0090327
81 0.0233259 0.00945755
81.12 0.023094 0.00990409
81.24 0.0227778 0.010372
81.36 0.0223735 0.0108609
81.48 0.0218776 0.0113701
81.6 0.0212869 0.0118989
81.72 0.0205985 0.0124461
81.84 0.0198095 0.0130109
81.96 0.0189178 0.0135917
82.08 0.0179213 0.0141871
82.2 0.0168183 0.0147954
82.32 0.0156075 0.0154148
82.44 0.0142883 0.0160432
82.56 0.01286 0.0166785
82.68 0.011323 0.0173183
82.8 0.00967754 0.0179602
82.92 0.00792479 0.0186015
83.04 0.0060662 0.0192394
83.16 0.00410376 0.0198712
83.28 0.00203997 0.0204937
83.4 -0.000122204 0.021104
83.52 -0.00237929 0.0216988
83.64 -0.00472734 0.022275
83.76 -0.00716194 0.0228293
83.88 -0.00967822 0.0233584
84 -0.0122709 0.023859
84.12 -0.0149343 0.0243277
84.24 -0.0176622 0.0247613
84.36 -0.0204483 0.0251565
84.48 -0.0232858 0.0255101
84.6 -0.0261676 0.025819
84.72 -0.0290864 0.02608
84.84 -0.0320347 0.0262902
84.96 -0.0350048 0.0264467
85.08 -0.037989 0.0265468
85.2 -0.0409792 0.0265879
85.32 -0.0439676 0.0265676
85.44 -0.0469462 0.0264835
85.56 -0.0499071 0.0263336
85.68 -0.0528426 0.026116
85.8 -0.055745 0.0258288
85.92 -0.0586068 0.0254707
86.04 -0.0614208 0.0250402
86.16 -0.0641801 0.0245363
86.28 -0.0668778 0.0239581
86.4 -0.0695078 0.023305
86.52 -0.0720639 0.0225764
86.64 -0.0745407 0.0217722
86.76 -0.076933 0.0208924
86.88 -0.079236 0.0199372
87 -0.0814455 0.0189072
87.12 -0.0835576 0.0178029
87.24 -0.0855691 0.0166254
87.36 -0.0874771 0.0153757
87.48 -0.0892793 0.0140552
87.6 -0.0909736 0.0126655
87.72 -0.0925588 0.0112084
87.84 -0.0940339 0.00968578
87.96 -0.0953982 0.00809986
88.08 -0.0966517 0.00645301
88.2 -0.0977945 0.00474779
88.32 -0.0988272 0.00298695
88.44 -0.0997507 0.00117343
88.56 -0.100566 -0.000689681
88.68 -0.101275 -0.00259909
88.8 -0.101878 -0.00455135
88.92 -0.102378 -0.00654284
89.04 -0.102777 -0.00856978
89.16 -0.103075 -0.0106282
89.28 -0.103275 -0.0127141
89.4 -0.103379 -0.0148231
89.52 -0.103388 -0.0169509
89.64 -0.103304 -0.0190928
89.76 -0.103128 -0.0212442
89.88 -0.10286 -0.0234003
90 -0.102501 -0.0255559
90.12 -0.102053 -0.0277061
90.24 -0.101514 -0.0298455
90.36 -0.100884 -0.0319686
90.48 -0.100162 -0.03407
90.6 -0.0993475 -0.036144
90.72 -0.0984372 -0.0381847
90.84 -0.0974293 -0.0401863
90.96 -0.0963206 -0.0421427
91.08 -0.0951076 -0.0440479
91.2 -0.0937864 -0.0458955
91.32 -0.0923522 -0.0476794
91.44 -0.0908001 -0.0493932
91.56 -0.0891245 -0.0510304
91.68 -0.0873194 -0.0525847
91.8 -0.0853782 -0.0540495
91.92 -0.0832943 -0.0554184
92.04 -0.0810603 -0.0566849
92.16 -0.078669 -0.0578426
92.28 -0.0761125 -0.0588852
92.4 -0.073383 -0.0598064
92.52 -0.0704727 -0.0606001
92.64 -0.0673736 -0.0612603
92.76 -0.0640776 -0.0617811
92.88 -0.0605772 -0.0621568
93 -0.0568646 -0.0623822
93.12 -0.0529327 -0.0624521
93.24 -0.0487746 -0.0623615
93.36 -0.0443838 -0.062106
93.48 -0.0397545 -0.0616815
93.6 -0.0348815 -0.0610841
93.72 -0.0297604 -0.0603106
93.84 -0.0243874 -0.059358
93.96 -0.0187599 -0.0582238
94.08 -0.0128761 -0.0569063
94.2 -0.0067352 -0.055404
94.32 -0.00033773 -0.0537162
94.44 0.00631474 -0.0518425
94.56 0.0132193 -0.0497835
94.68 0.0203719 -0.04754
94.8 0.0277668 -0.0451138
94.92 0.0353973 -0.042507
95.04 0.0432549 -0.0397227
95.16 0.0513298 -0.0367645
95.28 0.0596107 -0.0336365
95.4 0.0680848 -0.0303437
95.52 0.076738 -0.0268916
95.64 0.0855544 -0.0232863
95.76 0.094517 -0.0195347
95.88 0.103607 -0.0156442
96 0.112805 -0.0116225
96.12 0.122089 -0.00747835
96.24 0.131436 -0.00322059
96.36 0.140824 0.00114132
96.48 0.150226 0.00559749
96.6 0.159618 0.0101377
96.72 0.168971 0.0147513
96.84 0.178258 0.0194274
96.96 0.187451 0.0241549
97.08 0.19652 0.0289226
97.2 0.205435 0.033719
97.32 0.214167 0.0385327
97.44 0.222684 0.043352
97.56 0.230955 0.0481657
97.68 0.238951 0.0529624
97.8 0.24664 0.0577308
97.92 0.253992 0.0624601
98.04 0.260977 0.0671396
98.16 0.267565 0.0717589
98.28 0.273727 0.076308
98.4 0.279435 0.0807775
98.52 0.284663 0.0851582
98.64 0.289383 0.0894416
98.76 0.293571 0.0936197
98.88 0.297204 0.0976849
99 0.300258 0.10163
99.12 0.302713 0.10545
99.24 0.30455 0.109138
99.36 0.305752 0.11269
99.48 0.306303 0.1161
99.6 0.30619 0.119367
99.72 0.305401 0.122485
99.84 0.303926 0.125454
99.96 0.301758 0.12827
100.08 0.298892 0.130933
100.2 0.295325 0.133443
100.32 0.291056 0.135798
100.44 0.286086 0.137999
100.56 0.28042 0.140046
100.68 0.274064 0.141942
100.8 0.267026 0.143686
100.92 0.259317 0.14528
101.04 0.250951 0.146727
101.16 0.241941 0.148028
101.28 0.232306 0.149186
101.4 0.222065 0.150201
101.52 0.211241 0.151077
101.64 0.199856 0.151815
101.76 0.187936 0.152416
101.88 0.175509 0.152884
102 0.162605 0.153218
102.12 0.149253 0.15342
102.24 0.135487 0.15349
102.36 0.12134 0.15343
102.48 0.106848 0.153238
102.6 0.0920481 0.152914
102.72 0.0769769 0.152458
102.84 0.0616734 0.151867
102.96 0.0461772 0.15114
103.08 0.0305286 0.150275
103.2 0.0147683 0.149269
103.32 -0.00106222 0.148118
103.44 -0.0169214 0.146818
103.56 -0.0327675 0.145366
103.68 -0.0485586 0.143758
103.8 -0.0642529 0.141988
103.92 -0.0798088 0.140052
104.04 -0.0951852 0.137945
104.16 -0.110341 0.135661
104.28 -0.125237 0.133195
104.4 -0.139834 0.130543
104.52 -0.154092 0.127698
104.64 -0.167975 0.124657
104.76 -0.181446 0.121416
104.88 -0.19447 0.117969
105 -0.207013 0.114314
105.12 -0.219044 0.110447
105.24 -0.230531 0.106367
105.36 -0.241445 0.102072
105.48 -0.251759 0.0975616
105.6 -0.261448 0.0928363
105.72 -0.270488 0.0878976
105.84 -0.278857 0.0827482
105.96 -0.286535 0.077392
106.08 -0.293506 0.071834
106.2 -0.299754 0.0660807
106.32 -0.305266 0.0601399
106.44 -0.310031 0.0540209
106.56 -0.31404 0.0477341
106.68 -0.317287 0.0412917
106.8 -0.319768 0.0347071
106.92 -0.321482 0.0279953
107.04 -0.322429 0.0211725
107.16 -0.322612 0.0142564
107.28 -0.322037 0.0072659
107.4 -0.320711 0.000221324
107.52 -0.318644 -0.00685596
107.64 -0.315847 -0.0139435
107.76 -0.312337 -0.0210176
107.88 -0.308127 -0.0280542
108 -0.303238 -0.0350278
108.12 -0.29769 -0.0419129
108.24 -0.291504 -0.0486829
108.36 -0.284706 -0.0553114
108.48 -0.277321 -0.0617715
108.6 -0.269377 -0.0680362
108.72 -0.260903 -0.0740788
108.84 -0.25193 -0.0798729
108.96 -0.242489 -0.0853924
109.08 -0.232615 -0.090612
109.2 -0.222342 -0.0955071
109.32 -0.211704 -0.100054
109.44 -0.200739 -0.104231
109.56 -0.189484 -0.108016
109.68 -0.177975 -0.111391
109.8 -0.166252 -0.114336
109.92 -0.154353 -0.116836
110.04 -0.142316 -0.118877
110.16 -0.13018 -0.120446
110.28 -0.117984 -0.121534
110.4 -0.105766 -0.122132
110.52 -0.0935638 -0.122235
110.64 -0.0814158 -0.12184
110.76 -0.0693585 -0.120947
110.88 -0.057428 -0.119557
111 -0.0456597 -0.117675
111.12 -0.0340877 -0.115308
111.24 -0.0227452 -0.112465
111.36 -0.0116641 -0.109158
111.48 -0.000874946 -0.105402
111.6 0.0095933 -0.101214
111.72 0.0197131 -0.0966113
111.84 0.0294586 -0.0916166
111.96 0.0388056 -0.086253
112.08 0.0477318 -0.0805457
112.2 0.0562167 -0.0745217
112.32 0.0642418 -0.0682098
112.44 0.0717903 -0.0616401
112.56 0.0788479 -0.0548441
112.68 0.0854017 -0.0478545
112.8 0.0914414 -0.0407046
112.92 0.0969583 -0.0334287
113.04 0.101946 -0.0260614
113.16 0.106401 -0.0186377
113.28 0.110319 -0.0111924
113.4 0.113702 -0.00376041
113.52 0.11655 0.00362391
113.64 0.118867 0.0109268
113.76 0.120659 0.0181152
113.88 0.121933 0.0251572
114 0.122697 0.0320221
114.12 0.122963 0.0386806
114.24 0.122743 0.045105
114.36 0.12205 0.0512693
114.48 0.1209 0.0571494
114.6 0.11931 0.0627234
114.72 0.117296 0.0679715
114.84 0.114879 0.0728761
114.96 0.112077 0.0774222
115.08 0.108911 0.0815969
115.2 0.105403 0.0853902
115.32 0.101576 0.0887943
115.44 0.0974513 0.0918043
115.56 0.0930527 0.0944177
115.68 0.0884037 0.0966344
115.8 0.0835279 0.0984571
115.92 0.0784492 0.0998908
116.04 0.0731915 0.100943
116.16 0.0677784 0.101623
116.28 0.0622335 0.101943
116.4 0.0565801 0.101917
116.52 0.050841 0.101561
116.64 0.0450386 0.100893
116.76 0.0391949 0.0999313
116.88 0.0333309 0.0986973
117 0.0274673 0.097213
117.12 0.0216239 0.0955014
117.24 0.0158196 0.0935866
117.36 0.0100726 0.0914932
117.48 0.00440014 0.0892466
117.6 -0.00118146 0.0868723
117.72 -0.00665687 0.0843957
117.84 -0.0120117 0.0818424
117.96 -0.0172327 0.0792377
118.08 -0.0223074 0.0766062
118.2 -0.0272246 0.0739719
118.32 -0.0319739 0.071358
118.44 -0.0365461 0.0687867
118.56 -0.0409328 0.0662789
118.68 -0.0451269 0.0638543
118.8 -0.0491221 0.0615311
118.92 -0.0529128 0.059326
119.04 -0.0564948 0.0572539
119.16 -0.0598645 0.055328
119.28 -0.0630192 0.0535597
119.4 -0.065957 0.0519584
119.52 -0.068677 0.0505317
119.64 -0.0711788 0.0492852
119.76 -0.0734628 0.0482226
119.88 -0.07553 0.0473454
120 -0.0773824 0.0466535
