-0.999 -4.49131e-05 -4.00372e-05
-0.998 -0.00018878 -0.000163978
-0.997 -0.000426021 -0.000357711
-0.996 -0.000738255 -0.000589196
-0.995 -0.00111193 -0.000828477
-0.994 -0.00154749 -0.00106613
-0.993 -0.0020525 -0.00131572
-0.992 -0.00261753 -0.00159632
-0.991 -0.00318607 -0.00190498
-0.99 -0.00364183 -0.00219671
-0.989 -0.00383053 -0.00238709
-0.988 -0.00361088 -0.00238575
-0.987 -0.00291383 -0.0021555
-0.986 -0.00179662 -0.00177359
-0.985 -0.000487015 -0.00145898
-0.984 0.000599018 -0.0015385
-0.983 0.000901586 -0.00235559
-0.982 -0.000156738 -0.00415646
-0.981 -0.0029963 -0.00699594
-0.98 -0.00772986 -0.0106933
-0.979 -0.0140902 -0.0148567
-0.978 -0.0214496 -0.0189844
-0.977 -0.0289342 -0.0226182
-0.976 -0.0356394 -0.0254889
-0.975 -0.04091 -0.0275775
-0.974 -0.0445667 -0.0290596
-0.973 -0.0469328 -0.0301639
-0.972 -0.0486048 -0.0310145
-0.971 -0.0500577 -0.0315169
-0.97 -0.0512635 -0.0313292
-0.969 -0.0514769 -0.0299449
-0.968 -0.0492942 -0.0268871
-0.967 -0.0430481 -0.0219592
-0.966 -0.0315066 -0.0154461
-0.965 -0.0146524 -0.00816084
-0.964 0.0058266 -0.00130579
-0.963 0.0266576 0.00380637
-0.962 0.0437643 0.00608309
-0.961 0.0534613 0.00493927
-0.96 0.0536576 0.000456903
-0.959 0.0446549 -0.00664068
-0.958 0.0291961 -0.015205
-0.957 0.0115935 -0.0239994
-0.956 -0.00387481 -0.0320395
-0.955 -0.0147113 -0.0388348
-0.954 -0.021309 -0.044474
-0.953 -0.0268789 -0.0495348
-0.952 -0.0361671 -0.0548385
-0.951 -0.0534316 -0.0611268
-0.95 -0.0804206 -0.0687663
-0.949 -0.115138 -0.0775931
-0.948 -0.151987 -0.0869587
-0.947 -0.183438 -0.0959567
-0.946 -0.202721 -0.103752
-0.945 -0.206514 -0.10993
-0.944 -0.196428 -0.114752
-0.943 -0.17861 -0.119205
-0.942 -0.161517 -0.124752
-0.941 -0.152682 -0.132824
-0.94 -0.155677 -0.144174
-0.939 -0.168463 -0.158348
-0.938 -0.183848 -0.173473
-0.937 -0.191985 -0.186492
-0.936 -0.184037 -0.1938
-0.935 -0.155612 -0.19216
-0.934 -0.10862 -0.179668
-0.933 -0.0508314 -0.156449
-0.932 0.00667712 -0.124834
-0.931 0.0532755 -0.0889094
-0.93 0.0822579 -0.0534909
-0.929 0.0926618 -0.0228875
-0.928 0.0887702 0.00010545
-0.927 0.0776228 0.0146333
-0.926 0.0656185 0.0214937
-0.925 0.0556093 0.0222488
-0.924 0.0456273 0.0181009
-0.923 0.0297011 0.0089661
-0.922 0.000448741 -0.00691155
-0.921 -0.0475538 -0.0325529
-0.92 -0.115049 -0.0710164
-0.919 -0.197153 -0.123722
-0.918 -0.28444 -0.188997
-0.917 -0.365469 -0.26148
-0.916 -0.429714 -0.332759
-0.915 -0.469796 -0.39309
-0.914 -0.482381 -0.433668
-0.913 -0.467738 -0.448803
-0.912 -0.428498 -0.437416
-0.911 -0.368444 -0.403313
-0.91 -0.29204 -0.353989
-0.909 -0.204716 -0.298262
-0.908 -0.113301 -0.243647
-0.907 -0.0259856 -0.19447
-0.906 0.0485701 -0.151395
-0.905 0.103063 -0.112422
-0.904 0.133799 -0.0748295
-0.903 0.142256 -0.0373827
-0.902 0.134785 -0.00199338
-0.901 0.119888 0.025932
-0.9 0.10397 0.0388307
-0.899 0.087737 0.0296354
-0.898 0.0653164 -0.00529436
-0.897 0.0267199 -0.0641505
-0.896 -0.0370602 -0.139345
-0.895 -0.127888 -0.219007
-0.894 -0.235689 -0.289911
-0.893 -0.337838 -0.341
-0.892 -0.404444 -0.366356
-0.891 -0.408701 -0.36652
-0.89 -0.338336 -0.347687
-0.889 -0.202961 -0.319211
-0.888 -0.0338179 -0.290517
-0.887 0.124284 -0.268517
-0.886 0.226623 -0.256196
-0.885 0.243898 -0.252638
-0.884 0.173765 -0.254483
-0.883 0.0430564 -0.258244
-0.882 -0.101772 -0.262468
-0.881 -0.213045 -0.2687
-0.88 -0.261453 -0.280902
-0.879 -0.248391 -0.303783
-0.878 -0.206326 -0.340911
-0.877 -0.187242 -0.393182
-0.876 -0.242459 -0.457906
-0.875 -0.399873 -0.528761
-0.874 -0.647359 -0.596932
-0.873 -0.930845 -0.653149
-0.872 -1.17026 -0.689802
-0.871 -1.28793 -0.70233
-0.87 -1.23755 -0.689695
-0.869 -1.02204 -0.654265
-0.868 -0.694483 -0.601376
-0.867 -0.342445 -0.538484
-0.866 -0.0597593 -0.473802
-0.865 0.0862685 -0.414752
-0.864 0.0803586 -0.366731
-0.863 -0.0343532 -0.332345
-0.862 -0.173595 -0.310969
-0.861 -0.246039 -0.29878
-0.86 -0.189388 -0.289705
-0.859 0.00560097 -0.277388
-0.858 0.290374 -0.25753
-0.857 0.573745 -0.229635
-0.856 0.753088 -0.197563
-0.855 0.75258 -0.168848
-0.854 0.554203 -0.152839
-0.853 0.207321 -0.157766
-0.852 -0.188605 -0.187381
-0.851 -0.520564 -0.23875
-0.85 -0.702279 -0.302822
-0.849 -0.703623 -0.367908
-0.848 -0.56056 -0.424499
-0.847 -0.362815 -0.469478
-0.846 -0.221995 -0.508423
-0.845 -0.230025 -0.555187
-0.844 -0.423977 -0.628072
-0.843 -0.772121 -0.742743
-0.842 -1.1859 -0.903912
-0.841 -1.55081 -1.09967
-0.84 -1.76367 -1.3019
-0.839 -1.7647 -1.47303
-0.838 -1.55509 -1.57612
-0.837 -1.19407 -1.58493
-0.836 -0.775615 -1.4915
-0.835 -0.393768 -1.30911
-0.834 -0.111606 -1.06872
-0.833 0.0543867 -0.808673
-0.832 0.132289 -0.56098
-0.831 0.179855 -0.340651
-0.83 0.262195 -0.14343
-0.829 0.427241 0.0477176
-0.828 0.686186 0.251315
-0.827 1.00682 0.475605
-0.826 1.32278 0.709407
-0.825 1.5535 0.918719
-0.824 1.62553 1.05224
-0.823 1.48912 1.05634
-0.822 1.13009 0.89453
-0.821 0.576612 0.562634
-0.82 -0.102706 0.0924325
-0.819 -0.812073 -0.456329
-0.818 -1.45032 -1.01105
-0.817 -1.93405 -1.50395
-0.816 -2.21575 -1.8887
-0.815 -2.29409 -2.15123
-0.814 -2.21484 -2.30929
-0.813 -2.05941 -2.3993
-0.812 -1.92006 -2.45594
-0.811 -1.86806 -2.49488
-0.81 -1.92696 -2.50625
-0.809 -2.06139 -2.45919
-0.808 -2.18573 -2.31383
-0.807 -2.19146 -2.03769
-0.806 -1.98674 -1.62286
-0.805 -1.53704 -1.09738
-0.804 -0.890964 -0.524113
-0.803 -0.177245 0.0147925
-0.802 0.429694 0.441201
-0.801 0.763825 0.701497
-0.8 0.722779 0.777626
-0.799 0.307451 0.688104
-0.798 -0.367501 0.480124
-0.797 -1.10083 0.213607
-0.796 -1.66705 -0.0590958
-0.795 -1.89483 -0.309752
-0.794 -1.73045 -0.539036
-0.793 -1.25853 -0.768035
-0.792 -0.673109 -1.02282
-0.791 -0.211845 -1.32032
-0.79 -0.0748437 -1.65904
-0.789 -0.350962 -2.01466
-0.788 -0.976345 -2.34223
-0.787 -1.7464 -2.58719
-0.786 -2.38483 -2.70262
-0.785 -2.64639 -2.6644
-0.784 -2.41085 -2.47712
-0.783 -1.7302 -2.17007
-0.782 -0.814777 -1.78917
-0.781 0.0330332 -1.38884
-0.78 0.517751 -1.02251
-0.779 0.454216 -0.730818
-0.778 -0.160493 -0.53208
-0.777 -1.13867 -0.421457
-0.776 -2.16573 -0.37889
-0.775 -2.91234 -0.379559
-0.774 -3.1498 -0.401368
-0.773 -2.8272 -0.43009
-0.772 -2.08813 -0.465397
-0.771 -1.22394 -0.525718
-0.77 -0.574812 -0.644743
-0.769 -0.408474 -0.856921
-0.768 -0.821376 -1.17913
-0.767 -1.702 -1.59856
-0.766 -2.76957 -2.07079
-0.765 -3.66973 -2.52574
-0.764 -4.0908 -2.87955
-0.763 -3.86444 -3.0534
-0.762 -3.02261 -2.99767
-0.761 -1.79035 -2.71201
-0.76 -0.510856 -2.24869
-0.759 0.472435 -1.69576
-0.758 0.929776 -1.14849
-0.757 0.812647 -0.681648
-0.756 0.257249 -0.330265
-0.755 -0.468766 -0.0827897
-0.754 -1.05708 0.110245
-0.753 -1.2642 0.310652
-0.752 -1.0017 0.557327
-0.751 -0.375697 0.837677
-0.75 0.345643 1.0812
-0.749 0.823729 1.17851
-0.748 0.761304 1.0168
-0.747 -0.00480985 0.519496
-0.746 -1.4523 -0.321192
-0.745 -3.371 -1.42922
-0.744 -5.412 -2.6567
-0.743 -7.18332 -3.82347
-0.742 -8.36658 -4.77027
-0.741 -8.81016 -5.40292
-0.74 -8.56278 -5.71032
-0.739 -7.84143 -5.75363
-0.738 -6.95351 -5.6339
-0.737 -6.19995 -5.44885
-0.736 -5.78232 -5.25125
-0.735 -5.73602 -5.02525
-0.734 -5.91421 -4.69424
-0.733 -6.0379 -4.16
-0.732 -5.79888 -3.35486
-0.731 -4.97536 -2.28198
-0.73 -3.51834 -1.02844
-0.729 -1.58437 0.250169
-0.728 0.491964 1.36712
-0.727 2.28048 2.15419
-0.726 3.37534 2.50985
-0.725 3.52041 2.42735
-0.724 2.69617 1.98843
-0.723 1.13203 1.32491
-0.722 -0.761799 0.567909
-0.721 -2.51792 -0.192523
-0.72 -3.75258 -0.924406
-0.719 -4.28332 -1.64693
-0.718 -4.18576 -2.40504
-0.717 -3.76624 -3.23422
-0.716 -3.45339 -4.12851
-0.715 -3.64239 -5.02677
-0.714 -4.54697 -5.8256
-0.713 -6.11231 -6.41226
-0.712 -8.01666 -6.70092
-0.711 -9.7616 -6.65648
-0.71 -10.8278 -6.29971
-0.709 -10.8495 -5.69473
-0.708 -9.74668 -4.92469
-0.707 -7.76552 -4.06524
-0.706 -5.40861 -3.16779
-0.705 -3.27877 -2.26014
-0.704 -1.88906 -1.36166
-0.703 -1.50054 -0.500745
-0.702 -2.03752 0.277028
-0.701 -3.11078 0.913693
-0.7 -4.14978 1.35314
-0.699 -4.60378 1.55965
-0.698 -4.14061 1.53389
-0.697 -2.77232 1.3165
-0.696 -0.864343 0.971896
-0.695 0.974624 0.556916
-0.694 2.08656 0.0915341
-0.693 1.98181 -0.449865
-0.692 0.512406 -1.12063
-0.691 -2.06047 -1.96664
-0.69 -5.13538 -2.98931
-0.689 -7.95542 -4.12013
-0.688 -9.84606 -5.21768
-0.687 -10.4282 -6.09544
-0.686 -9.73689 -6.57863
-0.685 -8.20631 -6.5698
-0.684 -6.52178 -6.09286
-0.683 -5.38606 -5.29215
-0.682 -5.27612 -4.38511
-0.681 -6.27604 -3.58761
-0.68 -8.04452 -3.03959
-0.679 -9.92696 -2.75745
-0.678 -11.1768 -2.63261
-0.677 -11.2185 -2.48313
-0.676 -9.86646 -2.14223
-0.675 -7.41802 -1.54771
-0.674 -4.58154 -0.791962
-0.673 -2.25779 -0.109167
-0.672 -1.25 0.197999
-0.671 -2.0002 -0.132293
-0.67 -4.43473 -1.21334
-0.669 -7.96577 -2.94499
-0.668 -11.6565 -5.02279
-0.667 -14.5103 -7.02541
-0.666 -15.7924 -8.5489
-0.665 -15.2672 -9.3348
-0.664 -13.2619 -9.34423
-0.663 -10.5383 -8.7543
-0.662 -8.02369 -7.88006
-0.661 -6.49426 -7.04712
-0.66 -6.30826 -6.45864
-0.659 -7.27269 -6.11019
-0.658 -8.7 -5.79452
-0.657 -9.65327 -5.19896
-0.656 -9.2993 -4.05258
-0.655 -7.23537 -2.25925
-0.654 -3.66615 0.0342642
-0.653 0.628275 2.45635
-0.652 4.5178 4.50958
-0.651 6.86971 5.72384
-0.65 6.91472 5.81466
-0.649 4.51326 4.78358
-0.648 0.220752 2.91384
-0.647 -4.88479 0.661829
-0.646 -9.5539 -1.50592
-0.645 -12.7671 -3.26267
-0.644 -14.0483 -4.50796
-0.643 -13.5918 -5.36892
-0.642 -12.1653 -6.1189
-0.641 -10.8174 -7.03879
-0.64 -10.4835 -8.27224
-0.639 -11.6311 -9.73893
-0.638 -14.0768 -11.1475
-0.637 -17.0429 -12.1002
-0.636 -19.425 -12.2401
-0.635 -20.1737 -11.3812
-0.634 -18.6667 -9.58
-0.633 -14.9509 -7.12745
-0.632 -9.76325 -4.46308
-0.631 -4.31066 -2.03471
-0.63 0.120881 -0.157957
-0.629 2.58091 1.06549
-0.628 2.74265 1.74024
-0.627 0.977319 2.09556
-0.626 -1.7909 2.37277
-0.625 -4.39869 2.72462
-0.624 -5.83698 3.15602
-0.623 -5.60031 3.52307
-0.622 -3.86183 3.59391
-0.621 -1.40021 3.15024
-0.62 0.691208 2.08329
-0.619 1.39042 0.438428
-0.618 0.0842656 -1.60586
-0.617 -3.23916 -3.80257
-0.616 -7.98186 -5.90978
-0.615 -13.1127 -7.74939
-0.614 -17.4902 -9.2391
-0.613 -20.2314 -10.3905
-0.612 -20.9908 -11.271
-0.611 -20.0398 -11.9453
-0.61 -18.1296 -12.4286
-0.609 -16.2114 -12.6799
-0.608 -15.1199 -12.6313
-0.607 -15.3083 -12.2283
-0.606 -16.6963 -11.4565
-0.605 -18.682 -10.3463
-0.604 -20.3307 -8.96342
-0.603 -20.6873 -7.39038
-0.602 -19.1001 -5.70534
-0.601 -15.4437 -3.96722
-0.6 -10.1759 -2.22105
-0.599 -4.22957 -0.525727
-0.598 1.22573 1.01416
-0.597 5.09586 2.23885
-0.596 6.6683 2.96094
-0.595 5.8148 3.02218
-0.594 3.01755 2.35496
-0.593 -0.789589 1.02292
-0.592 -4.50976 -0.776648
-0.591 -7.21353 -2.75449
-0.59 -8.41789 -4.60677
-0.589 -8.23133 -6.10271
-0.588 -7.3074 -7.14803
-0.587 -6.60379 -7.79632
-0.586 -7.02084 -8.2007
-0.585 -9.04898 -8.52402
-0.584 -12.5492 -8.84515
-0.583 -16.7376 -9.10249
-0.582 -20.3839 -9.10224
-0.581 -22.1814 -8.59317
-0.58 -21.1894 -7.38137
-0.579 -17.2033 -5.4391
-0.578 -10.9041 -2.96377
-0.577 -3.70867 -0.359718
-0.576 2.636 1.85848
-0.575 6.57495 3.21331
-0.574 7.21321 3.41087
-0.573 4.59093 2.43167
-0.572 -0.320977 0.530898
-0.571 -5.92472 -1.8517
-0.57 -10.5251 -4.237
-0.569 -12.9109 -6.25372
-0.568 -12.7704 -7.73792
-0.567 -10.776 -8.75125
-0.566 -8.3095 -9.5104
-0.565 -6.9358 -10.255
-0.564 -7.81054 -11.1102
-0.563 -11.2156 -12.0018
-0.562 -16.3788 -12.6593
-0.561 -21.6618 -12.7033
-0.56 -25.0825 -11.7841
-0.559 -25.0078 -9.72384
-0.558 -20.7641 -6.61562
-0.557 -12.9351 -2.83917
-0.556 -3.23474 1.02093
-0.555 5.99901 4.33103
-0.554 12.5185 6.57913
-0.553 14.8622 7.49855
-0.552 12.8087 7.10921
-0.551 7.42821 5.67577
-0.55 0.703855 3.60411
-0.549 -5.15767 1.30763
-0.548 -8.48257 -0.917798
-0.547 -8.68688 -2.96577
-0.546 -6.44331 -4.908
-0.545 -3.40839 -6.90848
-0.544 -1.6075 -9.1094
-0.543 -2.6855 -11.5396
-0.542 -7.28031 -14.0731
-0.541 -14.7413 -16.4401
-0.54 -23.2955 -18.2838
-0.539 -30.6047 -19.2545
-0.538 -34.5238 -19.1176
-0.537 -33.8089 -17.8378
-0.536 -28.545 -15.6014
-0.535 -20.1488 -12.7708
-0.534 -10.9354 -9.79772
-0.533 -3.38217 -7.12269
-0.532 0.660524 -5.08204
-0.531 0.544094 -3.83292
-0.53 -3.00188 -3.3175
-0.529 -8.13019 -3.28669
-0.528 -12.4818 -3.38414
-0.527 -13.9563 -3.26178
-0.526 -11.4167 -2.68718
-0.525 -5.0939 -1.61459
-0.524 3.46072 -0.20565
-0.523 11.874 1.21044
-0.522 17.7262 2.2372
-0.521 19.3323 2.54718
-0.52 16.2795 2.00505
-0.519 9.57033 0.726644
-0.518 1.32567 -0.951278
-0.517 -5.88654 -2.58077
-0.516 -9.90781 -3.75865
-0.515 -9.74455 -4.282
-0.514 -5.9388 -4.24787
-0.513 -0.404335 -4.04689
-0.512 4.2141 -4.2359
-0.511 5.43413 -5.32807
-0.51 1.79841 -7.57937
-0.509 -6.55471 -10.8522
-0.508 -17.8105 -14.6071
-0.507 -28.9611 -18.032
-0.506 -36.7368 -20.2759
-0.505 -38.6794 -20.72
-0.504 -33.9757 -19.1901
-0.503 -23.7513 -16.0244
-0.502 -10.7329 -11.961
-0.501 1.60504 -7.88712
-0.5 10.1454 -4.54509
-0.499 13.1444 -2.30018
-0.498 10.8058 -1.05099
-0.497 5.18018 -0.312261
-0.496 -0.6001 0.555724
-0.495 -3.4792 2.05076
-0.494 -1.60686 4.27954
-0.493 4.9556 6.86045
-0.492 14.1863 9.02453
-0.491 22.7374 9.88015
-0.49 27.0757 8.74352
-0.489 24.7609 5.41346
-0.488 15.395 0.289353
-0.487 0.870732 -5.71406
-0.486 -15.1825 -11.4303
-0.485 -28.5453 -15.7941
-0.484 -35.7479 -18.1595
-0.483 -35.1707 -18.4704
-0.482 -27.5623 -17.2282
-0.481 -15.7865 -15.2726
-0.48 -3.84202 -13.46
-0.479 4.5196 -12.3597
-0.478 7.06222 -12.0796
-0.477 3.74514 -12.2822
-0.476 -3.39164 -12.3737
-0.475 -11.0344 -11.783
-0.474 -15.7889 -10.2198
-0.473 -15.3809 -7.8173
-0.472 -9.4862 -5.11129
-0.471 0.110178 -2.86433
-0.47 10.1261 -1.79745
-0.469 16.9537 -2.3312
-0.468 17.9272 -4.4367
-0.467 12.2124 -7.64977
-0.466 1.05447 -11.2298
-0.465 -12.623 -14.3909
-0.464 -25.1056 -16.5191
-0.463 -33.0097 -17.3123
-0.462 -34.3129 -16.8117
-0.461 -28.9469 -15.3236
-0.46 -18.7304 -13.2718
-0.459 -6.68756 -11.043
-0.458 3.94831 -8.89201
-0.457 10.684 -6.92943
-0.456 12.4126 -5.17079
-0.455 9.63937 -3.60147
-0.454 4.25415 -2.22116
-0.453 -1.10493 -1.05788
-0.452 -3.92553 -0.156641
-0.451 -2.64347 0.444506
-0.45 2.8691 0.731681
-0.449 11.2784 0.706912
-0.448 20.1798 0.354091
-0.447 26.7714 -0.395247
-0.446 28.6568 -1.65988
-0.445 24.5951 -3.55141
-0.444 14.9744 -6.07885
-0.443 1.81719 -9.06172
-0.442 -11.7287 -12.0999
-0.441 -22.27 -14.6304
-0.44 -27.157 -16.0724
-0.439 -25.3085 -16.027
-0.438 -17.632 -14.4588
-0.437 -6.86979 -11.7753
-0.436 3.16373 -8.75069
-0.435 8.77336 -6.29873
-0.434 7.62938 -5.16746
-0.433 -0.364186 -5.66699
-0.432 -12.8969 -7.53371
-0.431 -25.869 -9.99338
-0.43 -34.6529 -12.0204
-0.429 -35.6381 -12.7139
-0.428 -27.5577 -11.6511
-0.427 -12.0929 -9.07569
-0.426 6.52701 -5.83484
-0.425 22.8501 -3.07862
-0.424 32.0194 -1.82663
-0.423 31.4634 -2.56377
-0.422 21.8711 -5.01764
-0.421 7.08041 -8.21159
-0.42 -7.15435 -10.7943
-0.419 -15.1591 -11.5402
-0.418 -13.4225 -9.83597
-0.417 -1.9915 -5.96446
-0.416 15.3712 -1.06662
-0.415 32.3693 3.21706
-0.414 42.3067 5.30101
-0.413 40.4442 4.20721
-0.412 25.7626 -0.0807214
-0.411 1.49496 -6.59261
-0.41 -25.8151 -13.6947
-0.409 -48.4567 -19.6506
-0.408 -60.1677 -23.2175
-0.407 -58.2855 -24.0561
-0.406 -44.6463 -22.8048
-0.405 -24.9013 -20.7906
-0.404 -6.49618 -19.4923
-0.403 3.96586 -19.957
-0.402 3.04598 -22.3831
-0.401 -8.33189 -26.0215
-0.4 -25.2274 -29.4306
-0.399 -40.4614 -30.9929
-0.398 -47.2053 -29.5054
-0.397 -41.4626 -24.6323
-0.396 -23.547 -17.0542
-0.395 1.97529 -8.26383
-0.394 27.8382 -0.0870425
-0.393 46.5406 5.89353
-0.392 52.8391 8.80856
-0.391 45.4296 8.7115
-0.39 27.2875 6.47309
-0.389 4.58986 3.41695
-0.388 -15.4024 0.832205
-0.387 -26.7769 -0.468003
-0.386 -26.8719 -0.392128
-0.385 -16.9973 0.457352
-0.384 -1.77527 1.05866
-0.383 12.5852 0.377601
-0.382 20.4238 -2.24493
-0.381 18.4651 -6.85209
-0.38 6.80985 -12.8394
-0.379 -11.1785 -19.1234
-0.378 -30.0268 -24.4503
-0.377 -43.9589 -27.7492
-0.376 -48.7497 -28.4228
-0.375 -43.0117 -26.4903
-0.374 -28.5268 -22.547
-0.373 -9.59411 -17.5692
-0.372 8.32613 -12.6345
-0.371 20.2366 -8.64262
-0.37 23.0379 -6.10418
-0.369 16.3914 -5.0436
-0.368 2.77242 -5.0353
-0.367 -13.3056 -5.3693
-0.366 -26.6693 -5.30398
-0.365 -33.0542 -4.33266
-0.364 -30.4026 -2.38098
-0.363 -19.5151 0.131299
-0.362 -3.86268 2.38833
-0.361 11.4054 3.4115
-0.36 20.9983 2.36632
-0.359 21.135 -1.14058
-0.358 10.8254 -6.86663
-0.357 -7.63126 -13.9175
-0.356 -29.1514 -20.9395
-0.355 -47.3156 -26.4815
-0.354 -56.3733 -29.4189
-0.353 -53.1678 -29.2983
-0.352 -38.3046 -26.4765
-0.351 -16.1183 -22.0027
-0.35 6.59762 -17.2772
-0.349 22.7211 -13.5938
-0.348 27.1381 -11.7161
-0.347 18.5427 -11.6303
-0.346 0.0521805 -12.5692
-0.345 -21.6991 -13.3172
-0.344 -38.7937 -12.7029
-0.343 -44.8509 -10.1003
-0.342 -37.3973 -5.74129
-0.341 -18.892 -0.711799
-0.34 3.97946 3.37316
-0.339 22.5047 4.89797
-0.338 28.9161 2.79666
-0.337 19.1636 -3.05562
-0.336 -5.47494 -11.7417
-0.335 -38.5898 -21.5432
-0.334 -70.6815 -30.4602
-0.333 -92.3709 -36.8343
-0.332 -97.6136 -39.8416
-0.331 -85.7298 -39.6741
-0.33 -61.5358 -37.3589
-0.329 -33.5852 -34.3116
-0.328 -11.1727 -31.8012
-0.327 -1.13881 -30.5054
-0.326 -5.55745 -30.2943
-0.325 -21.1042 -30.312
-0.324 -40.3331 -29.3319
-0.323 -54.4175 -26.2571
-0.322 -56.365 -20.571
-0.321 -43.5306 -12.5647
-0.32 -18.5325 -3.27078
-0.319 11.6955 5.84286
-0.318 38.2993 13.2926
-0.317 53.4568 17.9757
-0.316 52.8811 19.4336
-0.315 37.0923 17.9147
-0.314 11.1113 14.231
-0.313 -17.2781 9.46886
-0.312 -40.1101 4.65899
-0.311 -51.7789 0.513463
-0.31 -50.6762 -2.7069
-0.309 -39.4074 -5.18395
-0.308 -23.6245 -7.42014
-0.307 -10.0098 -10.047
-0.306 -4.13988 -13.6161
-0.305 -8.85569 -18.4206
-0.304 -23.5098 -24.3742
-0.303 -44.2347 -30.9667
-0.302 -65.151 -37.3167
-0.301 -80.1725 -42.3354
-0.3 -84.8442 -44.9869
-0.299 -77.6201 -44.5823
-0.298 -60.2247 -41.0111
-0.297 -37.0981 -34.8271
-0.296 -14.1785 -27.1531
-0.295 2.66467 -19.4185
-0.294 9.23754 -12.9726
-0.293 4.30609 -8.66631
-0.292 -9.86552 -6.55007
-0.291 -28.0251 -5.83948
-0.29 -43.4576 -5.21194
-0.289 -50.0944 -3.34842
-0.288 -44.538 0.485238
-0.287 -27.3689 6.03945
-0.286 -3.3095 12.0114
-0.285 19.9016 16.3494
-0.284 33.7512 16.8769
-0.283 31.7456 12.0667
-0.282 11.8617 1.69438
-0.281 -22.3006 -12.9071
-0.28 -62.265 -29.1403
-0.279 -97.2359 -43.909
-0.278 -117.647 -54.5826
-0.277 -118.468 -59.8117
-0.276 -101.071 -59.9087
-0.275 -72.954 -56.6567
-0.274 -45.2786 -52.5903
-0.273 -28.9704 -49.987
-0.272 -30.6739 -49.9411
-0.271 -50.0495 -51.8867
-0.27 -79.5446 -53.7834
-0.269 -106.91 -52.9171
-0.268 -119.657 -47.022
-0.267 -109.815 -35.3005
-0.266 -77.1848 -18.9441
-0.265 -29.8184 -0.933656
-0.264 18.4926 14.8372
-0.263 52.8665 24.8085
-0.262 62.4951 26.918
-0.261 44.5084 21.2635
-0.26 5.11709 10.0315
-0.259 -42.4786 -3.27904
-0.258 -82.7443 -15.064
-0.257 -103.34 -22.8179
-0.256 -99.4352 -25.8899
-0.255 -75.1756 -25.5059
-0.254 -41.8149 -24.0661
-0.253 -13.3148 -24.0287
-0.252 -1.11241 -26.8393
-0.251 -9.9406 -32.3074
-0.25 -36.1464 -38.6358
-0.249 -69.0789 -43.0715
-0.248 -95.0656 -42.946
-0.247 -102.547 -36.7339
-0.246 -86.4372 -24.7251
-0.245 -50.0162 -9.03326
-0.244 -3.6804 7.06439
-0.243 38.8525 20.1768
-0.242 65.3092 27.8189
-0.241 68.8341 29.0472
-0.24 49.8914 24.5439
-0.239 15.6329 16.1849
-0.238 -22.9185 6.27901
-0.237 -54.8444 -3.24966
-0.236 -73.0309 -11.4368
-0.235 -76.2174 -18.4039
-0.234 -68.685 -25.0196
-0.233 -57.9129 -32.2893
-0.232 -51.3719 -40.7694
-0.231 -53.8119 -50.246
-0.23 -65.9228 -59.7665
-0.229 -84.5545 -67.9568
-0.228 -104.15 -73.4689
-0.227 -118.784 -75.3904
-0.226 -124.11 -73.4764
-0.225 -118.55 -68.1406
-0.224 -103.388 -60.2431
-0.223 -81.9011 -50.7968
-0.222 -58.1111 -40.732
-0.221 -35.8044 -30.8071
-0.22 -18.0738 -21.6522
-0.219 -7.21219 -13.8523
-0.218 -4.59912 -7.96558
-0.217 -10.3965 -4.42427
-0.216 -23.1806 -3.35542
-0.215 -39.8158 -4.43297
-0.214 -55.8359 -6.87671
-0.213 -66.4181 -9.64844
-0.212 -67.8052 -11.8001
-0.211 -58.7971 -12.8516
-0.21 -41.7451 -13.0448
-0.209 -22.4579 -13.3411
-0.208 -8.68949 -15.1061
-0.207 -7.45835 -19.5429
-0.206 -22.1063 -27.0791
-0.205 -50.3663 -36.9874
-0.204 -84.4619 -47.4525
-0.203 -113.461 -56.1083
-0.202 -127.121 -60.849
-0.201 -119.819 -60.6021
-0.2 -93.0522 -55.7624
-0.199 -55.498 -48.1129
-0.198 -20.3798 -40.2258
-0.197 -0.834243 -34.5122
-0.196 -4.82233 -32.2549
-0.195 -31.5653 -33.0197
-0.194 -71.1457 -34.7352
-0.193 -107.739 -34.4616
-0.192 -125.384 -29.5677
-0.191 -114.071 -18.8515
-0.19 -73.773 -3.1697
-0.189 -14.9253 14.6618
-0.188 44.8622 30.6691
-0.187 86.7763 40.9668
-0.186 97.4699 43.0328
-0.185 74.0485 36.5525
-0.184 25.3636 23.4941
-0.183 -31.139 7.35863
-0.182 -75.9583 -8.11926
-0.181 -94.894 -20.2997
-0.18 -84.2828 -28.4742
-0.179 -52.152 -33.9163
-0.178 -15.018 -39.1747
-0.177 8.3726 -46.8927
-0.176 4.12155 -58.587
-0.175 -31.3896 -73.8256
-0.174 -89.7258 -90.1326
-0.173 -153.129 -103.7
-0.172 -200.894 -110.666
-0.171 -216.942 -108.473
-0.17 -195.585 -96.7656
-0.169 -143.301 -77.5281
-0.168 -76.0939 -54.46
-0.167 -13.7096 -31.8571
-0.166 27.0743 -13.3924
-0.165 37.8081 -1.18297
-0.164 20.6689 4.57271
-0.163 -13.0198 5.30125
-0.162 -47.4765 3.25007
-0.161 -68.5448 0.515029
-0.16 -68.7865 -1.72114
-0.159 -49.6791 -3.49101
-0.158 -20.3348 -5.83953
-0.157 6.40158 -10.2478
-0.156 18.7751 -17.9249
-0.155 10.1315 -29.2246
-0.154 -19.0643 -43.367
-0.153 -61.6272 -58.5245
-0.152 -106.147 -72.2119
-0.151 -140.653 -81.8494
-0.15 -156.19 -85.3576
-0.149 -149.165 -81.6516
-0.148 -121.837 -70.9094
-0.147 -81.0584 -54.5411
-0.146 -36.0073 -34.8881
-0.145 4.21592 -14.7617
-0.144 32.4902 3.07143
-0.143 44.891 16.402
-0.142 41.2711 24.0302
-0.141 25.1976 26.0338
-0.14 3.09766 23.6836
-0.139 -17.4259 18.9532
-0.138 -29.7684 13.7837
-0.137 -30.3192 9.39873
-0.136 -19.6716 5.9044
-0.135 -2.75227 2.26677
-0.134 12.2001 -3.33381
-0.133 15.8206 -12.8059
-0.132 0.768521 -27.2406
-0.131 -34.9787 -46.1135
-0.13 -86.1358 -67.0146
-0.129 -140.756 -86.1498
-0.128 -183.723 -99.4762
-0.127 -201.854 -104.028
-0.126 -188.673 -98.946
-0.125 -147.144 -85.8904
-0.124 -89.4498 -68.6853
-0.123 -33.6479 -52.2337
-0.122 2.12045 -40.9483
-0.121 6.19963 -37.2203
-0.12 -21.7532 -40.559
-0.119 -69.9876 -47.813
-0.118 -118.665 -54.4107
-0.117 -147.221 -56.1298
-0.116 -142.166 -50.7232
-0.115 -102.298 -38.8139
-0.114 -39.429 -23.7298
-0.113 25.6394 -10.3041
-0.112 70.5447 -3.05468
-0.111 79.6234 -4.42994
-0.11 49.9753 -13.8087
-0.109 -7.09818 -27.6523
-0.108 -70.0834 -40.7666
-0.107 -115.337 -48.2248
-0.106 -126.13 -47.2336
-0.105 -98.9879 -38.2
-0.104 -44.7535 -24.5435
-0.103 15.8747 -11.3369
-0.102 60.2841 -3.37553
-0.101 72.1667 -3.46389
-0.1 47.1233 -11.5147
-0.099 -6.05407 -24.6805
-0.098 -68.7529 -38.4218
-0.097 -119.481 -48.1602
-0.096 -141.879 -50.9316
-0.095 -130.534 -46.3553
-0.094 -92.1141 -36.4943
-0.093 -41.6062 -24.743
-0.092 4.14036 -14.3689
-0.091 32.5174 -7.38357
-0.09 38.7497 -4.09365
-0.089 26.3412 -3.31985
-0.088 4.75379 -3.10285
-0.087 -14.767 -1.64738
-0.086 -23.7413 1.84215
-0.085 -19.4927 6.81889
-0.084 -5.30458 11.7184
-0.083 12.1116 14.7331
-0.082 26.1107 14.5654
-0.081 32.5774 10.7823
-0.08 30.4061 3.69846
-0.079 20.3641 -6.03799
-0.078 3.41425 -17.8885
-0.077 -20.383 -31.6517
-0.076 -51.6542 -47.3162
-0.075 -90.1842 -64.5762
-0.074 -132.976 -82.3053
-0.073 -173.292 -98.3791
-0.072 -201.652 -110.047
-0.071 -208.765 -114.747
-0.07 -189.462 -111.087
-0.069 -146.224 -99.6511
-0.068 -90.5424 -83.2737
-0.067 -40.5389 -66.4352
-0.066 -14.5543 -53.7308
-0.065 -22.9952 -47.964
-0.064 -62.5726 -48.8461
-0.063 -116.28 -53.047
-0.062 -159.342 -55.5717
-0.061 -168.523 -51.8062
-0.06 -131.372 -39.4821
-0.059 -52.5293 -19.9708
-0.058 45.4143 1.60513
-0.057 128.28 17.8439
-0.056 163.11 21.9312
-0.055 132.543 10.7663
-0.054 43.6912 -13.2493
-0.053 -73.1641 -42.7185
-0.052 -175.42 -67.7777
-0.051 -223.773 -79.5361
-0.05 -196.879 -73.2138
-0.049 -100.269 -50.0186
-0.048 33.9324 -17.0364
-0.047 157.764 15.1658
-0.046 225.726 36.5756
-0.045 213.221 41.7387
-0.044 126.834 31.8996
-0.043 2.07539 14.396
-0.042 -110.09 -0.303666
-0.041 -162.56 -2.72548
-0.04 -130.365 11.7649
-0.039 -21.209 40.7941
-0.038 126.457 75.5059
-0.037 258.004 103.823
-0.036 324.035 115.136
-0.035 299.312 104.355
-0.034 191.772 73.7243
-0.033 39.2043 31.9637
-0.032 -104.534 -8.78371
-0.031 -189.361 -37.2564
-0.03 -188.369 -47.2508
-0.029 -108.865 -39.9819
-0.028 10.8567 -23.3497
-0.027 118.18 -8.32064
-0.026 167.883 -4.27469
-0.025 138.75 -15.5153
-0.024 39.6204 -40.0492
-0.023 -95.0099 -70.5494
-0.022 -217.494 -96.9941
-0.021 -284.621 -110.379
-0.02 -274.979 -106.394
-0.019 -198.109 -87.3502
-0.018 -89.4649 -61.0621
-0.017 6.58221 -37.202
-0.016 55.8222 -23.2638
-0.015 45.9514 -22.1105
-0.014 -11.7737 -31.6237
-0.013 -88.6671 -45.9372
-0.012 -149.708 -57.6948
-0.011 -167.268 -60.9065
-0.01 -133.173 -53.529
-0.009 -62.4993 -38.3565
-0.008 14.5734 -21.4009
-0.007 68.3046 -8.69332
-0.006 82.6685 -3.53792
-0.005 59.9998 -5.54145
-0.004 17.4128 -11.3165
-0.003 -21.4624 -16.1278
-0.002 -36.4915 -15.9104
-0.001 -20.2104 -9.16285
0 17.8913 2.1251
0.001 55.9788 13.3983
0.002 72.2253 20.1
0.003 57.1532 20.2437
0.004 18.242 15.3349
0.005 -24.3598 9.44343
0.006 -47.0128 7.30853
0.007 -32.6039 12.3205
0.008 21.1876 24.8742
0.009 98.3092 41.6666
0.01 168.989 56.6705
0.011 203.024 63.8831
0.012 185.33 60.5249
0.013 124.095 48.6553
0.014 46.9797 34.2764
0.015 -10.9573 24.7471
0.016 -20.9958 25.9257
0.017 28.1368 39.9125
0.018 124.126 63.8216
0.019 232.727 90.1389
0.02 309.527 109.183
0.021 319.041 113.144
0.022 251.73 99.7292
0.023 129.035 73.268
0.024 -5.78136 42.7776
0.025 -105.023 18.2783
0.026 -134.161 7.08085
0.027 -84.3542 11.1512
0.028 23.1433 26.1564
0.029 143.045 42.695
0.03 222.662 49.7974
0.031 223.65 39.5839
0.032 138.689 10.8801
0.033 -5.28425 -30.0619
0.034 -158.133 -71.9403
0.035 -265.941 -102.594
0.036 -290.878 -113.311
0.037 -225.003 -101.879
0.038 -93.5829 -73.432
0.039 53.9213 -38.62
0.04 162.813 -9.54071
0.041 194.599 4.96044
0.042 141.586 2.54874
0.043 28.8088 -12.0925
0.044 -96.5399 -29.4532
0.045 -183.408 -39.0578
0.046 -196.231 -33.5974
0.047 -128.419 -11.8854
0.048 -4.61651 20.5538
0.049 129.592 53.6493
0.05 226.156 76.8108
0.051 252.895 82.9763
0.052 204.29 70.9991
0.053 101.756 45.7322
0.054 -15.3191 16.123
0.055 -104.266 -7.94244
0.056 -134.788 -19.083
0.057 -99.8078 -14.9424
0.058 -16.7728 1.32231
0.059 81.2474 22.856
0.06 159.977 42.2532
0.061 196.789 54.4319
0.062 187.091 58.0875
0.063 143.435 55.5503
0.064 89.1662 51.4635
0.065 49.1354 50.8085
0.066 40.3692 56.8643
0.067 66.1256 69.8472
0.068 115.927 86.8825
0.069 171.345 103.329
0.07 214.198 114.707
0.071 232.996 118.229
0.072 225.33 113.377
0.073 196.469 101.602
0.074 155.787 85.4853
0.075 112.795 67.757
0.076 74.2141 50.4943
0.077 42.981 34.7679
0.078 19.2285 20.8408
0.079 2.24699 8.7172
0.08 -7.94939 -1.36214
0.081 -10.3829 -8.78388
0.082 -4.22187 -12.8216
0.083 9.49838 -13.1134
0.084 26.6984 -10.0924
0.085 40.7241 -5.10098
0.086 44.8222 -0.0190592
0.087 35.6508 3.51323
0.088 15.8256 4.8966
0.089 -6.21384 4.922
0.09 -19.215 5.43487
0.091 -13.6511 8.47914
0.092 14.077 15.3154
0.093 59.2709 25.682
0.094 109.349 37.5618
0.095 147.442 47.6348
0.096 158.516 52.4208
0.097 135.849 49.7659
0.098 84.8101 39.9911
0.099 21.7449 26.067
0.1 -31.816 12.6484
0.101 -57.1726 4.38856
0.102 -45.4398 4.23505
0.103 -0.972812 12.3255
0.104 59.89 25.8425
0.105 114.448 39.9179
0.106 141.891 49.3617
0.107 131.271 50.6267
0.108 85.9894 43.2191
0.109 22.7491 29.9308
0.11 -34.7602 15.775
0.111 -64.9252 6.07875
0.112 -56.3432 4.50191
0.113 -11.8661 11.7353
0.114 52.8236 25.3341
0.115 115.302 40.7175
0.116 154.701 52.9375
0.117 159.156 58.5357
0.118 129.85 56.7993
0.119 80.2978 49.974
0.12 31.151 42.3723
0.121 2.37688 38.7063
0.122 5.84287 42.2604
0.123 41.2626 53.6079
0.124 96.9673 70.3686
0.125 154.758 88.0638
0.126 196.497 101.66
0.127 209.919 107.178
0.128 191.979 102.835
0.129 149.106 89.4482
0.13 94.4873 70.0341
0.131 43.2924 48.7528
0.132 7.52054 29.5347
0.133 -7.52288 14.8981
0.134 -3.87731 5.41291
0.135 11.0794 -0.0467066
0.136 27.935 -3.49445
0.137 38.3927 -6.88437
0.138 37.4703 -11.3574
0.139 24.5528 -16.8424
0.14 3.28878 -22.0663
0.141 -19.6279 -24.9723
0.142 -36.4947 -23.4446
0.143 -40.8085 -16.0917
0.144 -28.9576 -2.77956
0.145 -1.07024 15.2621
0.146 38.9195 35.7196
0.147 83.8466 55.6913
0.148 124.546 72.2525
0.149 151.789 83.0066
0.15 158.714 86.5568
0.151 143.09 82.7949
0.152 108.549 72.9046
0.153 64.0716 59.0551
0.154 21.6419 43.87
0.155 -7.32566 29.8127
0.156 -15.6628 18.634
0.157 -2.95685 11.0192
0.158 24.0581 6.54431
0.159 53.5495 3.98267
0.16 72.628 1.89404
0.161 72.179 -0.682016
0.162 50.7544 -3.6792
0.163 15.8429 -5.83662
0.164 -18.3324 -5.02945
0.165 -35.9186 0.960032
0.166 -25.5451 13.4842
0.167 14.9623 32.2572
0.168 77.0995 55.0951
0.169 144.013 78.3058
0.17 195.899 97.6261
0.171 216.737 109.422
0.172 200.082 111.771
0.173 151.697 105.047
0.174 87.7708 91.7765
0.175 29.1162 75.7473
0.176 -6.44807 60.6844
0.177 -10.5105 49.0005
0.178 13.2078 41.1098
0.179 50.6702 35.5397
0.18 83.0109 29.7476
0.181 93.6516 21.3072
0.182 74.5728 9.03218
0.183 29.5103 -6.35966
0.184 -27.2234 -22.2988
0.185 -76.0227 -35.1617
0.186 -99.4003 -41.5486
0.187 -88.5572 -39.5444
0.188 -46.5138 -29.4492
0.189 13.2449 -13.6997
0.19 71.816 3.95191
0.191 111.579 19.6597
0.192 122.17 30.6638
0.193 103.742 36.0517
0.194 66.4616 36.8713
0.195 26.4193 35.5643
0.196 -0.510306 34.9184
0.197 -4.46115 36.9445
0.198 15.2231 42.1285
0.199 50.4542 49.3391
0.2 88.0216 56.3666
0.201 114.702 60.8176
0.202 121.88 60.9915
0.203 108.16 56.4459
0.204 79.2733 48.0976
0.205 45.5276 37.8548
0.206 17.8392 27.9238
0.207 3.87501 20.061
0.208 5.73943 15.0643
0.209 19.9403 12.6839
0.21 39.3764 11.938
0.211 56.2986 11.6406
0.212 64.9823 10.8977
0.213 63.2101 9.39569
0.214 52.3228 7.42639
0.215 36.1683 5.69537
0.216 19.5675 5.02555
0.217 6.88996 6.08655
0.218 1.12586 9.2418
0.219 3.57227 14.5351
0.22 14.0153 21.7698
0.221 31.1215 30.5958
0.222 52.731 40.5315
0.223 75.9295 50.9126
0.224 97.0893 60.8243
0.225 112.258 69.1164
0.226 118.108 74.5751
0.227 113.199 76.2401
0.228 98.9127 73.7459
0.229 79.4504 67.5189
0.23 60.6884 58.7164
0.231 48.2521 48.9016
0.232 45.4494 39.5563
0.233 51.7782 31.5982
0.234 62.6258 25.0805
0.235 70.5394 19.2194
0.236 67.9214 12.7983
0.237 50.2805 4.83066
0.238 18.6661 -4.79198
0.239 -19.9348 -14.9762
0.24 -54.6031 -23.6112
0.241 -74.1948 -28.2195
0.242 -71.3623 -26.8384
0.243 -45.4428 -18.8132
0.244 -3.1698 -5.2168
0.245 43.1778 11.2886
0.246 79.7515 27.1592
0.247 95.9612 39.0486
0.248 88.3599 44.8763
0.249 61.9715 44.4671
0.25 28.4193 39.4986
0.251 1.54328 32.7772
0.252 -7.79184 27.1342
0.253 4.2502 24.3601
0.254 33.0183 24.5608
0.255 67.0197 26.1713
0.256 92.1169 26.6352
0.257 96.829 23.5135
0.258 76.8186 15.6063
0.259 36.8281 3.63263
0.26 -10.7664 -9.82113
0.261 -50.2947 -21.0868
0.262 -68.3818 -26.6426
0.263 -58.6795 -24.3315
0.264 -24.0195 -14.1274
0.265 24.7078 1.82819
0.266 72.4482 19.9272
0.267 105.22 36.2786
0.268 114.843 47.9457
0.269 101.512 53.7954
0.27 73.3213 54.6694
0.271 42.9795 52.8443
0.272 22.9728 51.0069
0.273 21.0252 51.1393
0.274 37.516 53.7434
0.275 65.6958 57.6877
0.276 94.4349 60.7068
0.277 112.354 60.3291
0.278 111.815 54.8615
0.279 91.4287 44.0715
0.28 56.3401 29.3437
0.281 16.3019 13.2806
0.282 -17.7118 -1.10555
0.283 -37.1378 -11.3243
0.284 -38.4272 -16.1257
0.285 -23.7832 -15.756
0.286 0.0562306 -11.6925
0.287 24.3655 -6.00564
0.288 41.3111 -0.622092
0.289 46.231 3.25186
0.29 38.7378 5.39217
0.291 22.4788 6.46915
0.292 3.73675 7.66836
0.293 -10.6704 10.162
0.294 -15.5272 14.6271
0.295 -8.7248 20.9852
0.296 8.29561 28.4422
0.297 31.1693 35.7695
0.298 53.9671 41.6838
0.299 70.8306 45.1806
0.3 77.505 45.7484
0.301 72.4737 43.4429
0.302 57.4252 38.8231
0.303 36.8375 32.773
0.304 16.697 26.2657
0.305 2.69945 20.1402
0.306 -1.4925 14.9508
0.307 4.61637 10.9053
0.308 18.1453 7.87192
0.309 33.608 5.44117
0.31 44.5048 3.0501
0.311 45.3763 0.16721
0.312 33.7389 -3.4999
0.313 11.2092 -7.8404
0.314 -16.7049 -12.2846
0.315 -42.2007 -15.8942
0.316 -57.6631 -17.5936
0.317 -58.1824 -16.4905
0.318 -43.2481 -12.1944
0.319 -17.0483 -5.01888
0.32 12.7606 4.02477
0.321 37.4832 13.4622
0.322 50.2701 21.7561
0.323 48.4838 27.7508
0.324 34.6617 31.0156
0.325 15.6464 31.9581
0.326 0.133112 31.6425
0.327 -4.49107 31.3587
0.328 5.14087 32.0977
0.329 27.0869 34.1421
0.33 54.677 36.9313
0.331 78.757 39.2474
0.332 90.8323 39.6527
0.333 86.0476 37.0328
0.334 64.9655 31.0683
0.335 33.4783 22.4597
0.336 0.832309 12.7935
0.337 -23.5361 4.07288
0.338 -33.1884 -1.91719
0.339 -26.7454 -4.16487
0.34 -8.13871 -2.70743
0.341 14.9416 1.44516
0.342 33.7881 6.68629
0.343 41.652 11.3558
0.344 35.9691 14.2789
0.345 19.0979 15.1236
0.346 -2.66615 14.442
0.347 -21.4236 13.3801
0.348 -30.4733 13.1761
0.349 -26.5706 14.6564
0.35 -10.8884 17.9159
0.351 11.544 22.2763
0.352 33.6208 26.5073
0.353 48.5094 29.2287
0.354 51.8039 29.3635
0.355 42.8177 26.4992
0.356 24.6416 21.031
0.357 3.00549 14.0388
0.358 -15.6306 6.95228
0.359 -26.0993 1.13484
0.36 -26.0187 -2.47595
0.361 -16.3389 -3.57301
0.362 -0.856471 -2.49172
0.363 15.08 -0.04192
0.364 26.2425 2.78202
0.365 29.0804 5.12003
0.366 22.7358 6.49376
0.367 9.25641 6.91371
0.368 -7.04774 6.82871
0.369 -20.9212 6.94677
0.37 -27.7688 7.98288
0.371 -25.0662 10.4021
0.372 -13.1483 14.2307
0.373 4.85047 18.9954
0.374 23.8754 23.8135
0.375 38.4064 27.6109
0.376 44.1065 29.4065
0.377 39.1966 28.5915
0.378 25.1067 25.1273
0.379 6.12141 19.5983
0.38 -11.9333 13.0825
0.381 -23.5621 6.86102
0.382 -25.4075 2.05057
0.383 -17.3957 -0.719576
0.384 -2.84084 -1.47799
0.385 12.5578 -0.872103
0.386 22.5698 0.0739671
0.387 22.5818 0.338289
0.388 11.317 -0.700224
0.389 -8.52703 -2.98471
0.39 -31.0203 -5.74203
0.391 -48.9097 -7.71946
0.392 -56.0442 -7.62409
0.393 -49.4826 -4.60868
0.394 -30.5662 1.3719
0.395 -4.57139 9.46433
0.396 20.9817 18.1235
0.397 38.8319 25.5656
0.398 44.4385 30.3252
0.399 37.5196 31.7246
0.4 22.093 30.0822
0.401 4.9948 26.5727
0.402 -6.5945 22.7863
0.403 -7.73065 20.1486
0.404 2.5202 19.4159
0.405 20.734 20.4276
0.406 40.3277 22.1966
0.407 53.8847 23.3051
0.408 55.7872 22.4657
0.409 44.2253 19.0451
0.41 21.8683 13.352
0.411 -5.04013 6.57218
0.412 -28.8284 0.371009
0.413 -43.0017 -3.68409
0.414 -44.3767 -4.66293
0.415 -34.0171 -2.58089
0.416 -16.6976 1.62199
0.417 0.86501 6.41559
0.418 12.3704 10.2108
0.419 14.0651 11.8987
0.42 5.91756 11.2017
0.421 -8.54695 8.70924
0.422 -23.6456 5.59915
0.423 -33.618 3.16865
0.424 -34.6189 2.36083
0.425 -25.9464 3.45372
0.426 -10.1497 6.00363
0.427 7.95184 9.04836
0.428 22.9581 11.4925
0.429 30.6973 12.5285
0.43 29.5359 11.929
0.431 20.7661 10.1008
0.432 7.99417 7.89576
0.433 -4.18348 6.27258
0.434 -11.7198 5.95011
0.435 -12.3685 7.16947
0.436 -6.28601 9.63077
0.437 4.15712 12.6147
0.438 15.2518 15.2424
0.439 23.1908 16.7733
0.44 25.2473 16.8251
0.441 20.5276 15.4403
0.442 10.1193 13.0001
0.443 -3.33438 10.0503
0.444 -16.4633 7.1205
0.445 -26.1535 4.593
0.446 -30.4077 2.64576
0.447 -28.8323 1.27492
0.448 -22.6253 0.378838
0.449 -14.115 -0.143414
0.45 -6.03157 -0.333286
0.451 -0.721696 -0.177666
0.452 0.513182 0.345349
0.453 -2.20323 1.22587
0.454 -7.35295 2.41558
0.455 -12.4997 3.8483
0.456 -15.0794 5.46499
0.457 -13.2403 7.2298
0.458 -6.46785 9.12983
0.459 4.17459 11.1479
0.46 16.2467 13.2061
0.461 26.5572 15.1075
0.462 32.0995 16.5265
0.463 31.0353 17.0811
0.464 23.3739 16.4722
0.465 11.0586 14.6265
0.466 -2.58658 11.779
0.467 -13.8537 8.46075
0.468 -19.7686 5.38794
0.469 -19.0041 3.27253
0.47 -12.3162 2.60263
0.471 -2.31931 3.47152
0.472 7.38927 5.5358
0.473 13.4907 8.13572
0.474 14.1207 10.5343
0.475 9.50956 12.1766
0.476 1.86586 12.8705
0.477 -5.42204 12.8286
0.478 -8.98738 12.5588
0.479 -6.70771 12.6362
0.48 1.45415 13.4347
0.481 13.3124 14.9231
0.482 25.1257 16.6204
0.483 32.8593 17.7431
0.484 33.5781 17.4888
0.485 26.4594 15.3458
0.486 13.0866 11.313
0.487 -3.04629 5.95089
0.488 -17.6498 0.244589
0.489 -27.0138 -4.68264
0.49 -29.186 -7.91162
0.491 -24.5463 -9.00428
0.492 -15.5687 -8.11255
0.493 -5.87135 -5.87982
0.494 1.08394 -3.17887
0.495 3.17644 -0.790012
0.496 0.304126 0.862531
0.497 -5.65433 1.82576
0.498 -11.5704 2.54856
0.499 -14.232 3.65801
0.5 -11.528 5.66812
0.501 -3.22883 8.73349
0.502 8.90405 12.5436
0.503 21.6962 16.3982
0.504 31.6058 19.4324
0.505 35.8781 20.9077
0.506 33.4338 20.462
0.507 25.1952 18.2329
0.508 13.7441 14.8121
0.509 2.43813 11.0488
0.51 -5.68831 7.77744
0.511 -8.85847 5.56335
0.512 -7.0296 4.55617
0.513 -1.79175 4.49297
0.514 4.24744 4.83936
0.515 8.3814 5.00882
0.516 8.72621 4.579
0.517 4.83468 3.43102
0.518 -2.20296 1.7692
0.519 -10.1842 0.0234468
0.52 -16.5671 -1.32251
0.521 -19.3149 -1.91015
0.522 -17.5423 -1.62755
0.523 -11.7768 -0.633828
0.524 -3.76508 0.713943
0.525 4.11059 1.99662
0.526 9.61889 2.88019
0.527 11.4039 3.22572
0.528 9.40493 3.12969
0.529 4.84431 2.88552
0.53 -0.194983 2.88199
0.531 -3.45561 3.47391
0.532 -3.23927 4.86867
0.533 1.03913 7.0633
0.534 8.6496 9.84503
0.535 17.7642 12.8454
0.536 26.025 15.6277
0.537 31.2769 17.7845
0.538 32.229 19.0249
0.539 28.8335 19.2288
0.54 22.2656 18.4547
0.541 14.5134 16.9014
0.542 7.71527 14.8392
0.543 3.46851 12.5347
0.544 2.34044 10.1885
0.545 3.73894 7.90028
0.546 6.17607 5.66749
0.547 7.83108 3.42465
0.548 7.22398 1.11078
0.549 3.7732 -1.25873
0.55 -1.95678 -3.54622
0.551 -8.41252 -5.4928
0.552 -13.564 -6.76893
0.553 -15.5897 -7.06036
0.554 -13.4944 -6.16584
0.555 -7.45302 -4.0786
0.556 1.22151 -1.02138
0.557 10.4706 2.58425
0.558 18.115 6.21052
0.559 22.5153 9.35029
0.56 23.0522 11.6373
0.561 20.2615 12.9214
0.562 15.5804 13.2775
0.563 10.8076 12.9469
0.564 7.48326 12.2317
0.565 6.40008 11.379
0.566 7.39755 10.4991
0.567 9.48516 9.54775
0.568 11.2424 8.3785
0.569 11.3634 6.83999
0.57 9.16174 4.87986
0.571 4.85267 2.61333
0.572 -0.49665 0.328777
0.573 -5.32598 -1.57596
0.574 -8.10829 -2.7084
0.575 -7.85207 -2.8073
0.576 -4.4178 -1.83162
0.577 1.43594 0.0202875
0.578 8.27869 2.36646
0.579 14.4388 4.7511
0.58 18.5076 6.77042
0.581 19.7492 8.17287
0.582 18.273 8.9022
0.583 14.9207 9.07215
0.584 10.9314 8.88596
0.585 7.51986 8.53653
0.586 5.50664 8.12851
0.587 5.0993 7.64981
0.588 5.87708 6.9974
0.589 6.98263 6.04297
0.59 7.45998 4.7109
0.591 6.61784 3.03715
0.592 4.28509 1.18521
0.593 0.876393 -0.587822
0.594 -2.73479 -2.00109
0.595 -5.48024 -2.82682
0.596 -6.41887 -2.94575
0.597 -5.03054 -2.36649
0.598 -1.39262 -1.20806
0.599 3.82608 0.34539
0.6 9.55681 2.10063
0.601 14.6384 3.90089
0.602 18.1381 5.64504
0.603 19.5957 7.27834
0.604 19.1344 8.7678
0.605 17.4052 10.0808
0.606 15.3681 11.1767
0.607 13.9647 12.0102
0.608 13.8002 12.5394
0.609 14.9498 12.7374
0.61 16.9497 12.5999
0.611 18.9572 12.1442
0.612 20.0229 11.3962
0.613 19.406 10.3737
0.614 16.8471 9.08043
0.615 12.6957 7.52038
0.616 7.82343 5.72463
0.617 3.34092 3.77247
0.618 0.231696 1.79474
0.619 -0.9567 -0.0426636
0.62 -0.271025 -1.57114
0.621 1.67124 -2.6612
0.622 3.87925 -3.26161
0.623 5.31918 -3.41701
0.624 5.28391 -3.24905
0.625 3.66212 -2.90336
0.626 0.988427 -2.4853
0.627 -1.7462 -2.01451
0.628 -3.43816 -1.41685
0.629 -3.23896 -0.555847
0.63 -0.836974 0.705487
0.631 3.42048 2.43048
0.632 8.60911 4.54993
0.633 13.5093 6.84748
0.634 17.0035 9.00369
0.635 18.4393 10.6856
0.636 17.8168 11.6461
0.637 15.7434 11.794
0.638 13.1928 11.2137
0.639 11.1607 10.1294
0.64 10.3211 8.82413
0.641 10.7906 7.53833
0.642 12.0902 6.38661
0.643 13.3315 5.33068
0.644 13.5605 4.22195
0.645 12.1232 2.89333
0.646 8.91573 1.25759
0.647 4.44379 -0.627208
0.648 -0.318257 -2.54621
0.649 -4.22399 -4.17461
0.65 -6.31971 -5.17257
0.651 -6.15503 -5.29931
0.652 -3.9212 -4.50198
0.653 -0.365241 -2.9394
0.654 3.47678 -0.929859
0.655 6.61889 1.15247
0.656 8.42295 2.98897
0.657 8.7711 4.39855
0.658 8.0665 5.3685
0.659 7.05853 6.027
0.66 6.5471 6.56533
0.661 7.07638 7.13796
0.662 8.73775 7.78334
0.663 11.149 8.40115
0.664 13.5986 8.79349
0.665 15.2904 8.74751
0.666 15.6104 8.12396
0.667 14.3386 6.92107
0.668 11.7364 5.29342
0.669 8.47414 3.51724
0.67 5.41591 1.91076
0.671 3.34209 0.738318
0.672 2.71239 0.136302
0.673 3.54422 0.0884507
0.674 5.43147 0.453466
0.675 7.68765 1.02803
0.676 9.56889 1.62111
0.677 10.5102 2.11552
0.678 10.2986 2.49606
0.679 9.12268 2.83337
0.68 7.48459 3.23182
0.681 6.01117 3.76742
0.682 5.23466 4.4442
0.683 5.41519 5.18415
0.684 6.45744 5.84874
0.685 7.94574 6.28128
0.686 9.28631 6.3573
0.687 9.90893 6.02638
0.688 9.45933 5.328
0.689 7.91812 4.3739
0.69 5.60781 3.3068
0.691 3.08874 2.25706
0.692 0.981249 1.3149
0.693 -0.227292 0.522819
0.694 -0.329161 -0.116768
0.695 0.550028 -0.623898
0.696 2.00561 -1.01825
0.697 3.49499 -1.30039
0.698 4.51825 -1.44734
0.699 4.77993 -1.42443
0.7 4.27898 -1.20455
0.701 3.29917 -0.781964
0.702 2.30616 -0.174534
0.703 1.78773 0.582273
0.704 2.0892 1.44328
0.705 3.29648 2.36076
0.706 5.20276 3.28975
0.707 7.36985 4.18851
0.708 9.26601 5.01354
0.709 10.4342 5.71361
0.71 10.6319 6.23037
0.711 9.89585 6.50853
0.712 8.51744 6.51123
0.713 6.93944 6.23248
0.714 5.60896 5.70155
0.715 4.83112 4.97853
0.716 4.67092 4.14094
0.717 4.93948 3.26333
0.718 5.27266 2.39717
0.719 5.27177 1.5624
0.72 4.65092 0.755684
0.721 3.34073 -0.0295329
0.722 1.51963 -0.782766
0.723 -0.432614 -1.46481
0.724 -2.04635 -2.00727
0.725 -2.90701 -2.32349
0.726 -2.78694 -2.33121
0.727 -1.71564 -1.98259
0.728 0.0382869 -1.28857
0.729 2.06126 -0.323428
0.73 3.92464 0.793933
0.731 5.30685 1.93188
0.732 6.07556 2.97686
0.733 6.30985 3.85452
0.734 6.25483 4.5389
0.735 6.22019 5.04775
0.736 6.45746 5.42242
0.737 7.06382 5.6979
0.738 7.94797 5.87778
0.739 8.86358 5.92842
0.74 9.49144 5.79399
0.741 9.54326 5.42229
0.742 8.85902 4.78945
0.743 7.46899 3.91721
0.744 5.59623 2.87877
0.745 3.59381 1.78924
0.746 1.83845 0.779406
0.747 0.620983 -0.0389973
0.748 0.0704012 -0.601087
0.749 0.129445 -0.898094
0.75 0.583772 -0.968211
0.751 1.13662 -0.876642
0.752 1.50893 -0.691996
0.753 1.53227 -0.464333
0.754 1.20015 -0.211432
0.755 0.658831 0.0799201
0.756 0.145867 0.436891
0.757 -0.0964901 0.876893
0.758 0.0956523 1.39033
0.759 0.750167 1.9367
0.76 1.74338 2.45215
0.761 2.83528 2.86379
0.762 3.74691 3.10828
0.763 4.25247 3.15063
0.764 4.25066 2.99565
0.765 3.79074 2.68543
0.766 3.05038 2.28343
0.767 2.27772 1.85432
0.768 1.71459 1.44943
0.769 1.5201 1.10062
0.77 1.71952 0.81988
0.771 2.19869 0.602847
0.772 2.74792 0.437064
0.773 3.13768 0.312996
0.774 3.19621 0.231931
0.775 2.86302 0.20579
0.776 2.20622 0.250072
0.777 1.4018 0.375979
0.778 0.678651 0.586242
0.779 0.243226 0.873723
0.78 0.210332 1.22017
0.781 0.566567 1.59594
0.782 1.17942 1.96342
0.783 1.84574 2.2839
0.784 2.35925 2.5242
0.785 2.57497 2.66024
0.786 2.45308 2.6786
0.787 2.06935 2.57819
0.788 1.58567 2.37167
0.789 1.18963 2.08358
0.79 1.02665 1.74421
0.791 1.15015 1.38221
0.792 1.50595 1.01994
0.793 1.95342 0.672227
0.794 2.31434 0.347184
0.795 2.43371 0.0487924
0.796 2.23382 -0.218409
0.797 1.74238 -0.443501
0.798 1.0835 -0.60592
0.799 0.436231 -0.678069
0.8 -0.0222641 -0.633272
0.801 -0.169923 -0.455058
0.802 0.0257196 -0.143993
0.803 0.501172 0.279318
0.804 1.12071 0.77543
0.805 1.72294 1.2922
0.806 2.17384 1.77567
0.807 2.40586 2.18226
0.808 2.43041 2.48713
0.809 2.32352 2.68511
0.81 2.19309 2.7852
0.811 2.13801 2.80213
0.812 2.21127 2.74838
0.813 2.39891 2.62876
0.814 2.62386 2.43896
0.815 2.77384 2.16949
0.816 2.74186 1.81407
0.817 2.463 1.37891
0.818 1.93573 0.887986
0.819 1.22412 0.381437
0.82 0.441747 -0.0918056
0.821 -0.278842 -0.48442
0.822 -0.823025 -0.760891
0.823 -1.12544 -0.904968
0.824 -1.1842 -0.922234
0.825 -1.05379 -0.836399
0.826 -0.82182 -0.680212
0.827 -0.579392 -0.484643
0.828 -0.393976 -0.270935
0.829 -0.291291 -0.0482548
0.83 -0.251337 0.183231
0.831 -0.220281 0.426075
0.832 -0.134187 0.678937
0.833 0.0546657 0.932025
0.834 0.358816 1.16627
0.835 0.749502 1.35705
0.836 1.16359 1.48143
0.837 1.52116 1.52601
0.838 1.74941 1.49167
0.839 1.80576 1.39314
0.84 1.69162 1.25411
0.841 1.45131 1.10017
0.842 1.15729 0.952542
0.843 0.887903 0.823954
0.844 0.704973 0.717403
0.845 0.636471 0.628107
0.846 0.668728 0.548118
0.847 0.751834 0.471518
0.848 0.818042 0.397506
0.849 0.806662 0.329914
0.85 0.685444 0.274113
0.851 0.460672 0.233765
0.852 0.174105 0.209261
0.853 -0.11041 0.197877
0.854 -0.326523 0.194894
0.855 -0.426528 0.195315
0.856 -0.397466 0.195943
0.857 -0.265169 0.196966
0.858 -0.0836964 0.201799
0.859 0.0854338 0.214838
0.86 0.195377 0.238607
0.861 0.22909 0.27242
0.862 0.203279 0.313279
0.863 0.161137 0.357811
0.864 0.156198 0.40375
0.865 0.231823 0.450459
0.866 0.403435 0.498702
0.867 0.650626 0.54972
0.868 0.92253 0.603436
0.869 1.15437 0.656379
0.87 1.2887 0.700909
0.871 1.29356 0.72704
0.872 1.17164 0.726213
0.873 0.958294 0.694946
0.874 0.709111 0.636596
0.875 0.481491 0.560805
0.876 0.316575 0.481062
0.877 0.227896 0.410985
0.878 0.200402 0.360177
0.879 0.19988 0.331169
0.88 0.188742 0.319186
0.881 0.141767 0.315138
0.882 0.0559686 0.310218
0.883 -0.0486883 0.299721
0.884 -0.137575 0.284653
0.885 -0.175163 0.270935
0.886 -0.138969 0.26669
0.887 -0.0287924 0.278343
0.888 0.131896 0.306735
0.889 0.302994 0.345115
0.89 0.440608 0.380464
0.891 0.510865 0.397919
0.892 0.49981 0.386178
0.893 0.416169 0.341525
0.894 0.286518 0.269179
0.895 0.145251 0.181875
0.896 0.0232211 0.0961924
0.897 -0.0610793 0.0275968
0.898 -0.105048 -0.0142433
0.899 -0.119413 -0.0279564
0.9 -0.121184 -0.0195757
0.901 -0.125293 0.00121991
0.902 -0.1382 0.0257249
0.903 -0.155629 0.0495965
0.904 -0.164854 0.073928
0.905 -0.150262 0.103966
0.906 -0.100034 0.146081
0.907 -0.0114493 0.204049
0.908 0.107218 0.276063
0.909 0.238832 0.353884
0.91 0.362397 0.424753
0.911 0.458771 0.475341
0.912 0.5152 0.49598
0.913 0.52764 0.483463
0.914 0.500636 0.441569
0.915 0.445 0.379379
0.916 0.374008 0.308155
0.917 0.299448 0.237906
0.918 0.229051 0.174836
0.919 0.166034 0.120586
0.92 0.110283 0.0734355
0.921 0.060128 0.0307498
0.922 0.0139077 -0.00863263
0.923 -0.0288647 -0.0431586
0.924 -0.0667934 -0.0688818
0.925 -0.0966185 -0.0810326
0.926 -0.114194 -0.0760866
0.927 -0.116102 -0.0534669
0.928 -0.101082 -0.0162048
0.929 -0.0706271 0.0297147
0.93 -0.0287029 0.0770719
0.931 0.0190319 0.119493
0.932 0.0661826 0.153027
0.933 0.106741 0.176632
0.934 0.136354 0.191561
0.935 0.153374 0.200078
0.936 0.159146 0.204149
0.937 0.157321 0.204644
0.938 0.152519 0.201288
0.939 0.148926 0.193282
0.94 0.149257 0.180225
0.941 0.154192 0.162865
0.942 0.162301 0.14327
0.943 0.170524 0.124292
0.944 0.175211 0.108601
0.945 0.173423 0.0977488
0.946 0.163974 0.0916843
0.947 0.147744 0.088896
0.948 0.127207 0.0870927
0.949 0.105476 0.0841192
0.95 0.0852917 0.0787545
0.951 0.0682264 0.0710781
0.952 0.0543082 0.0622543
0.953 0.0421824 0.0538519
0.954 0.0298067 0.0470498
0.955 0.0154487 0.0421084
0.956 -0.00141693 0.0383187
0.957 -0.0197017 0.0344097
0.958 -0.036948 0.029205
0.959 -0.0500965 0.0222446
0.96 -0.0564698 0.0141141
0.961 -0.0546351 0.00632106
0.962 -0.0448665 0.000742019
0.963 -0.0290708 -0.0011257
0.964 -0.0102284 0.0012345
0.965 0.00844205 0.00715753
0.966 0.0243165 0.015047
0.967 0.0359272 0.0229389
0.968 0.0430942 0.0291452
0.969 0.0466394 0.0327469
0.97 0.0478396 0.0337749
0.971 0.0478513 0.0330227
0.972 0.0473146 0.0315824
0.973 0.046248 0.0303243
0.974 0.0442175 0.0295589
0.975 0.0406729 0.0290064
0.976 0.035307 0.0280357
0.977 0.0282905 0.026026
0.978 0.0203019 0.0226834
0.979 0.012359 0.0181968
0.98 0.00552863 0.0131867
0.981 0.000624463 0.00847655
0.982 -0.00200404 0.00478753
0.983 -0.00252553 0.00249485
0.984 -0.00151947 0.00154565
0.985 0.000240584 0.00155322
0.986 0.00202658 0.00199722
0.987 0.00333412 0.00242721
0.988 0.00395489 0.00259003
0.989 0.00394607 0.00245098
0.99 0.00352763 0.0021257
0.991 0.00295333 0.00177051
0.992 0.0024062 0.00148901
0.993 0.00195497 0.00129484
0.994 0.00157659 0.00113525
0.995 0.00121738 0.000947017
0.996 0.00085047 0.000705008
0.997 0.000498328 0.0004365
0.998 0.000215327 0.000200069
0.999 4.79453e-05 4.82909e-05
0.12 3.86518 1.24543
0.24 3.87103 1.24377
0.36 3.88078 1.24101
0.48 3.89441 1.23717
0.6 3.91192 1.23224
0.72 3.93329 1.22626
0.84 3.9585 1.21923
0.96 3.98753 1.21118
1.08 4.02034 1.20214
1.2 4.05691 1.19214
1.32 4.09719 1.1812
1.44 4.14114 1.16936
1.56 4.18871 1.15667
1.68 4.23984 1.14314
1.8 4.29447 1.12884
1.92 4.35254 1.1138
2.04 4.41395 1.09807
2.16 4.47862 1.08169
2.28 4.54647 1.0647
2.4 4.61738 1.04717
2.52 4.69124 1.02914
2.64 4.76793 1.01065
2.76 4.84732 0.991755
2.88 4.92927 0.972511
3 5.01362 0.952963
3.12 5.10021 0.933161
3.24 5.18888 0.913155
3.36 5.27943 0.892991
3.48 5.37169 0.872717
3.6 5.46544 0.852379
3.72 5.56048 0.832021
3.84 5.65659 0.811686
3.96 5.75354 0.791417
4.08 5.85109 0.771252
4.2 5.94901 0.75123
4.32 6.04705 0.731387
4.44 6.14495 0.711756
4.56 6.24245 0.692371
4.68 6.33929 0.67326
4.8 6.4352 0.654453
4.92 6.52992 0.635973
5.04 6.62318 0.617847
5.16 6.7147 0.600093
5.28 6.80422 0.582733
5.4 6.89147 0.565784
5.52 6.9762 0.54926
5.64 7.05815 0.533176
5.76 7.13707 0.517543
5.88 7.21272 0.50237
6 7.28486 0.487667
6.12 7.35328 0.473439
6.24 7.41776 0.459691
6.36 7.47809 0.446426
6.48 7.53411 0.433648
6.6 7.58562 0.421356
6.72 7.63249 0.40955
6.84 7.67455 0.39823
6.96 7.71171 0.387392
7.08 7.74383 0.377035
7.2 7.77085 0.367153
7.32 7.79269 0.357742
7.44 7.8093 0.348797
7.56 7.82065 0.340312
7.68 7.82673 0.332282
7.8 7.82754 0.324699
7.92 7.82313 0.317556
8.04 7.81352 0.310847
8.16 7.7988 0.304563
8.28 7.77905 0.298698
8.4 7.75437 0.293242
8.52 7.72488 0.288187
8.64 7.69073 0.283526
8.76 7.65206 0.27925
8.88 7.60904 0.275349
9 7.56187 0.271815
9.12 7.51072 0.268638
9.24 7.45583 0.26581
9.36 7.39739 0.26332
9.48 7.33564 0.261159
9.6 7.27082 0.259315
9.72 7.20317 0.257779
9.84 7.13292 0.25654
9.96 7.06035 0.255585
10.08 6.98569 0.254904
10.2 6.9092 0.254484
10.32 6.83113 0.254313
10.44 6.75174 0.254377
10.56 6.67126 0.254662
10.68 6.58994 0.255155
10.8 6.50802 0.255841
10.92 6.42572 0.256705
11.04 6.34326 0.25773
11.16 6.26085 0.258902
11.28 6.17868 0.260203
11.4 6.09694 0.261616
11.52 6.01581 0.263125
11.64 5.93544 0.26471
11.76 5.85599 0.266355
11.88 5.77757 0.26804
12 5.7003 0.269748
12.12 5.62429 0.271459
12.24 5.54962 0.273155
12.36 5.47636 0.274818
12.48 5.40456 0.276428
12.6 5.33425 0.277969
12.72 5.26548 0.27942
12.84 5.19823 0.280766
12.96 5.13251 0.281988
13.08 5.06829 0.283071
13.2 5.00554 0.283998
13.32 4.94422 0.284754
13.44 4.88427 0.285325
13.56 4.82562 0.285699
13.68 4.76819 0.285862
13.8 4.7119 0.285803
13.92 4.65666 0.285513
14.04 4.60236 0.284984
14.16 4.5489 0.284207
14.28 4.49617 0.283177
14.4 4.44405 0.28189
14.52 4.39244 0.280344
14.64 4.34122 0.278535
14.76 4.29027 0.276466
14.88 4.23947 0.274138
15 4.18873 0.271553
15.12 4.13792 0.268718
15.24 4.08695 0.265639
15.36 4.03573 0.262323
15.48 3.98415 0.25878
15.6 3.93213 0.255022
15.72 3.8796 0.25106
15.84 3.8265 0.246908
15.96 3.77275 0.242581
16.08 3.71832 0.238094
16.2 3.66315 0.233466
16.32 3.60723 0.228712
16.44 3.55054 0.223853
16.56 3.49305 0.218907
16.68 3.43478 0.213895
16.8 3.37574 0.208836
16.92 3.31594 0.203752
17.04 3.25542 0.198662
17.16 3.19422 0.193588
17.28 3.1324 0.18855
17.4 3.07 0.183569
17.52 3.0071 0.178664
17.64 2.94376 0.173855
17.76 2.88008 0.169161
17.88 2.81614 0.164599
18 2.75203 0.160186
18.12 2.68785 0.155939
18.24 2.62369 0.151873
18.36 2.55968 0.147999
18.48 2.4959 0.144332
18.6 2.43247 0.140881
18.72 2.3695 0.137656
18.84 2.30709 0.134664
18.96 2.24535 0.131911
19.08 2.18439 0.129402
19.2 2.1243 0.12714
19.32 2.06519 0.125124
19.44 2.00714 0.123355
19.56 1.95026 0.121829
19.68 1.89461 0.120544
19.8 1.84028 0.119491
19.92 1.78734 0.118665
20.04 1.73585 0.118055
20.16 1.68588 0.117651
20.28 1.63746 0.117442
20.4 1.59064 0.117412
20.52 1.54545 0.117548
20.64 1.50192 0.117834
20.76 1.46006 0.118252
20.88 1.41989 0.118785
21 1.3814 0.119413
21.12 1.34458 0.120118
21.24 1.30942 0.120878
21.36 1.2759 0.121674
21.48 1.24398 0.122485
21.6 1.21364 0.123289
21.72 1.18481 0.124066
21.84 1.15747 0.124794
21.96 1.13154 0.125453
22.08 1.10698 0.126023
22.2 1.08371 0.126484
22.32 1.06167 0.126818
22.44 1.04079 0.127005
22.56 1.02099 0.127028
22.68 1.0022 0.126872
22.8 0.984339 0.126521
22.92 0.967325 0.125961
23.04 0.951082 0.125179
23.16 0.93553 0.124165
23.28 0.920592 0.122909
23.4 0.906191 0.121401
23.52 0.892252 0.119637
23.64 0.878702 0.11761
23.76 0.865471 0.115319
23.88 0.852492 0.11276
24 0.839702 0.109934
24.12 0.827041 0.106842
24.24 0.814455 0.10349
24.36 0.801891 0.09988
24.48 0.789305 0.0960204
24.6 0.776653 0.0919191
24.72 0.763899 0.087586
24.84 0.751011 0.0830321
24.96 0.737962 0.0782703
25.08 0.72473 0.0733143
25.2 0.711299 0.0681793
25.32 0.697655 0.0628817
25.44 0.683792 0.0574386
25.56 0.669706 0.0518682
25.68 0.655398 0.0461895
25.8 0.640874 0.0404221
25.92 0.626144 0.0345863
26.04 0.61122 0.0287026
26.16 0.596118 0.0227921
26.28 0.580859 0.0168757
26.4 0.565463 0.0109748
26.52 0.549956 0.00511048
26.64 0.534363 -0.000696388
26.76 0.518714 -0.00642513
26.88 0.503038 -0.0120556
27 0.487365 -0.017568
27.12 0.471727 -0.0229434
27.24 0.456155 -0.0281634
27.36 0.440683 -0.0332108
27.48 0.425341 -0.0380689
27.6 0.41016 -0.0427222
27.72 0.395171 -0.0471565
27.84 0.380404 -0.0513584
27.96 0.365887 -0.055316
28.08 0.351647 -0.0590185
28.2 0.337708 -0.0624565
28.32 0.324094 -0.065622
28.44 0.310827 -0.0685083
28.56 0.297926 -0.07111
28.68 0.285408 -0.0734234
28.8 0.273288 -0.0754459
28.92 0.26158 -0.0771764
29.04 0.250293 -0.0786151
29.16 0.239437 -0.0797637
29.28 0.229016 -0.0806251
29.4 0.219036 -0.0812034
29.52 0.209496 -0.081504
29.64 0.200398 -0.0815334
29.76 0.191739 -0.0812992
29.88 0.183514 -0.08081
30 0.175717 -0.0800755
30.12 0.16834 -0.0791061
30.24 0.161375 -0.077913
30.36 0.15481 -0.0765081
30.48 0.148634 -0.074904
30.6 0.142833 -0.0731137
30.72 0.137394 -0.0711507
30.84 0.132302 -0.0690289
30.96 0.127542 -0.0667623
31.08 0.123097 -0.0643652
31.2 0.118952 -0.0618518
31.32 0.115089 -0.0592365
31.44 0.111494 -0.0565335
31.56 0.108148 -0.0537566
31.68 0.105036 -0.0509198
31.8 0.102141 -0.0480362
31.92 0.099449 -0.045119
32.04 0.0969433 -0.0421807
32.16 0.0946094 -0.0392333
32.28 0.0924334 -0.0362882
32.4 0.0904015 -0.0333561
32.52 0.088501 -0.0304473
32.64 0.0867198 -0.0275711
32.76 0.0850464 -0.0247363
32.88 0.0834703 -0.0219508
33 0.0819815 -0.0192218
33.12 0.0805711 -0.0165556
33.24 0.0792305 -0.0139581
33.36 0.0779522 -0.0114339
33.48 0.0767292 -0.00898733
33.6 0.0755554 -0.00662162
33.72 0.0744251 -0.00433943
33.84 0.0733332 -0.00214271
33.96 0.0722754 -3.27207e-05
34.08 0.0712478 0.00198992
34.2 0.0702467 0.00392518
34.32 0.0692693 0.00577359
34.44 0.0683128 0.0075362
34.56 0.0673748 0.00921451
34.68 0.0664533 0.0108104
34.8 0.0655464 0.0123263
34.92 0.0646524 0.0137647
35.04 0.0637699 0.0151286
35.16 0.0628974 0.016421
35.28 0.0620336 0.0176451
35.4 0.0611773 0.0188044
35.52 0.0603273 0.0199023
35.64 0.0594823 0.0209423
35.76 0.0586412 0.0219277
35.88 0.0578026 0.022862
36 0.0569654 0.0237484
36.12 0.0561282 0.0245901
36.24 0.0552897 0.0253898
36.36 0.0544487 0.0261505
36.48 0.0536037 0.0268746
36.6 0.0527534 0.0275643
36.72 0.0518964 0.0282217
36.84 0.0510316 0.0288483
36.96 0.0501574 0.0294458
37.08 0.0492729 0.030015
37.2 0.0483767 0.030557
37.32 0.0474679 0.0310721
37.44 0.0465455 0.0315606
37.56 0.0456087 0.0320224
37.68 0.0446569 0.0324573
37.8 0.0436895 0.0328646
37.92 0.0427064 0.0332436
38.04 0.0417073 0.0335931
38.16 0.0406925 0.0339121
38.28 0.0396622 0.034199
38.4 0.038617 0.0344525
38.52 0.0375576 0.0346709
38.64 0.036485 0.0348525
38.76 0.0354005 0.0349955
38.88 0.0343055 0.0350982
39 0.0332016 0.0351589
39.12 0.0320907 0.0351757
39.24 0.0309747 0.0351472
39.36 0.0298559 0.0350717
39.48 0.0287365 0.0349478
39.6 0.027619 0.0347743
39.72 0.0265059 0.0345501
39.84 0.0253997 0.0342743
39.96 0.0243033 0.0339461
40.08 0.023219 0.0335651
40.2 0.0221498 0.0331312
40.32 0.021098 0.0326444
40.44 0.0200662 0.0321049
40.56 0.0190569 0.0315133
40.68 0.0180723 0.0308705
40.8 0.0171146 0.0301777
40.92 0.0161856 0.0294361
41.04 0.0152872 0.0286475
41.16 0.0144209 0.0278138
41.28 0.0135879 0.0269371
41.4 0.0127893 0.0260199
41.52 0.0120257 0.0250647
41.64 0.0112977 0.0240744
41.76 0.0106053 0.0230519
41.88 0.00994855 0.0220005
42 0.0093269 0.0209235
42.12 0.00873964 0.0198242
42.24 0.00818578 0.0187063
42.36 0.00766401 0.0175734
42.48 0.00717278 0.016429
42.6 0.00671029 0.0152769
42.72 0.00627449 0.0141208
42.84 0.00586314 0.0129643
42.96 0.0054738 0.0118111
43.08 0.00510387 0.0106646
43.2 0.00475062 0.00952834
43.32 0.00441121 0.00840566
43.44 0.00408273 0.00729974
43.56 0.00376222 0.00621363
43.68 0.00344672 0.00515022
43.8 0.00313327 0.00411222
43.92 0.00281898 0.00310213
44.04 0.00250103 0.00212224
44.16 0.00217674 0.00117465
44.28 0.00184354 0.000261221
44.4 0.00149905 -0.000616414
44.52 0.00114109 -0.00145685
44.64 0.000767707 -0.00225891
44.76 0.000377176 -0.00302165
44.88 -3.19503e-05 -0.00374436
45 -0.000460839 -0.00442655
45.12 -0.000910364 -0.00506795
45.24 -0.00138109 -0.00566849
45.36 -0.00187326 -0.00622832
45.48 -0.00238682 -0.00674776
45.6 -0.00292136 -0.00722733
45.72 -0.00347618 -0.00766771
45.84 -0.00405025 -0.00806973
45.96 -0.00464222 -0.00843436
46.08 -0.00525047 -0.0087627
46.2 -0.00587308 -0.00905595
46.32 -0.00650787 -0.00931542
46.44 -0.00715239 -0.0095425
46.56 -0.00780399 -0.00973862
46.68 -0.0084598 -0.00990528
46.8 -0.00911678 -0.010044
46.92 -0.00977173 -0.0101564
47.04 -0.0104213 -0.0102439
47.16 -0.0110621 -0.0103082
47.28 -0.0116907 -0.0103507
47.4 -0.0123035 -0.0103731
47.52 -0.012897 -0.0103766
47.64 -0.0134677 -0.0103628
47.76 -0.0140122 -0.0103331
47.88 -0.014527 -0.0102887
48 -0.0150091 -0.0102308
48.12 -0.0154551 -0.0101606
48.24 -0.0158623 -0.0100792
48.36 -0.0162279 -0.00998759
48.48 -0.0165492 -0.00988667
48.6 -0.0168241 -0.00977727
48.72 -0.0170504 -0.00966016
48.84 -0.0172264 -0.00953599
48.96 -0.0173505 -0.00940536
49.08 -0.0174216 -0.00926879
49.2 -0.0174386 -0.00912673
49.32 -0.017401 -0.00897954
49.44 -0.0173084 -0.00882755
49.56 -0.0171609 -0.00867101
49.68 -0.0169587 -0.00851013
49.8 -0.0167023 -0.00834507
49.92 -0.0163929 -0.00817594
50.04 -0.0160313 -0.00800284
50.16 -0.0156193 -0.00782582
50.28 -0.0151583 -0.00764491
50.4 -0.0146505 -0.00746014
50.52 -0.0140979 -0.00727152
50.64 -0.013503 -0.00707905
50.76 -0.0128685 -0.00688274
50.88 -0.012197 -0.00668259
51 -0.0114915 -0.00647863
51.12 -0.0107551 -0.00627089
51.24 -0.00999093 -0.00605942
51.36 -0.0092023 -0.00584428
51.48 -0.00839255 -0.00562557
51.6 -0.00756506 -0.00540339
51.72 -0.00672324 -0.00517788
51.84 -0.00587053 -0.00494922
51.96 -0.00501032 -0.00471757
52.08 -0.00414599 -0.00448316
52.2 -0.00328087 -0.00424623
52.32 -0.00241821 -0.00400704
52.44 -0.00156117 -0.00376587
52.56 -0.00071283 -0.00352303
52.68 0.000123869 -0.00327884
52.8 0.000946096 -0.00303364
52.92 0.00175116 -0.0027878
53.04 0.00253653 -0.00254166
53.16 0.00329982 -0.00229562
53.28 0.0040388 -0.00205004
53.4 0.00475142 -0.00180532
53.52 0.0054358 -0.00156182
53.64 0.00609023 -0.00131994
53.76 0.00671318 -0.00108005
53.88 0.00730329 -0.000842498
54 0.00785939 -0.000607653
54.12 0.00838047 -0.000375849
54.24 0.00886569 -0.000147412
54.36 0.00931439 7.73541e-05
54.48 0.00972607 0.000298161
54.6 0.0101004 0.000514742
54.72 0.0104371 0.000726853
54.84 0.0107362 0.000934272
54.96 0.0109978 0.0011368
55.08 0.0112221 0.00133427
55.2 0.0114094 0.00152652
55.32 0.0115603 0.00171342
55.44 0.0116752 0.00189489
55.56 0.0117548 0.00207082
55.68 0.0118 0.00224117
55.8 0.0118115 0.00240589
55.92 0.0117903 0.00256496
56.04 0.0117375 0.00271839
56.16 0.011654 0.00286619
56.28 0.0115411 0.00300838
56.4 0.0113999 0.00314501
56.52 0.0112316 0.00327614
56.64 0.0110376 0.00340182
56.76 0.0108191 0.00352213
56.88 0.0105774 0.00363715
57 0.010314 0.00374695
57.12 0.0100302 0.00385162
57.24 0.00972745 0.00395124
57.36 0.00940715 0.00404589
57.48 0.00907073 0.00413566
57.6 0.00871962 0.00422061
57.72 0.00835525 0.00430082
57.84 0.00797906 0.00437634
57.96 0.00759247 0.00444725
58.08 0.00719691 0.00451357
58.2 0.00679378 0.00457536
58.32 0.00638447 0.00463264
58.44 0.00597035 0.00468544
58.56 0.0055528 0.00473375
58.68 0.00513312 0.00477759
58.8 0.00471264 0.00481694
58.92 0.00429262 0.00485179
59.04 0.00387431 0.00488212
59.16 0.00345891 0.00490788
59.28 0.0030476 0.00492904
59.4 0.0026415 0.00494556
59.52 0.00224169 0.00495738
59.64 0.00184922 0.00496446
59.76 0.00146507 0.00496673
59.88 0.00109017 0.00496415
60 0.000725416 0.00495665
60.12 0.000371617 0.0049442
60.24 2.95441e-05 0.00492674
60.36 -0.000300099 0.00490423
60.48 -0.000616671 0.00487665
60.6 -0.000919592 0.00484396
60.72 -0.00120835 0.00480617
60.84 -0.0014825 0.00476326
60.96 -0.00174165 0.00471526
61.08 -0.00198549 0.0046622
61.2 -0.00221377 0.00460414
61.32 -0.0024263 0.00454113
61.44 -0.00262297 0.00447327
61.56 -0.0028037 0.00440067
61.68 -0.00296849 0.00432346
61.8 -0.00311742 0.0042418
61.92 -0.00325058 0.00415586
62.04 -0.00336813 0.00406584
62.16 -0.00347031 0.00397198
62.28 -0.00355735 0.00387452
62.4 -0.00362957 0.00377373
62.52 -0.00368729 0.0036699
62.64 -0.00373088 0.00356337
62.76 -0.00376075 0.00345445
62.88 -0.00377731 0.00334351
63 -0.003781 0.00323093
63.12 -0.00377228 0.0031171
63.24 -0.0037516 0.00300242
63.36 -0.00371944 0.0028873
63.48 -0.00367627 0.00277219
63.6 -0.00362255 0.0026575
63.72 -0.00355874 0.00254368
63.84 -0.00348529 0.00243116
63.96 -0.00340264 0.00232038
64.08 -0.0033112 0.00221176
64.2 -0.00321137 0.00210571
64.32 -0.00310354 0.00200266
64.44 -0.00298806 0.00190296
64.56 -0.00286526 0.00180701
64.68 -0.00273545 0.00171512
64.8 -0.00259893 0.00162762
64.92 -0.00245595 0.00154478
65.04 -0.00230677 0.00146684
65.16 -0.0021516 0.00139401
65.28 -0.00199066 0.00132644
65.4 -0.00182414 0.00126427
65.52 -0.00165222 0.00120754
65.64 -0.00147508 0.00115629
65.76 -0.00129289 0.00111049
65.88 -0.00110583 0.00107003
66 -0.000914078 0.0010348
66.12 -0.000717827 0.00100459
66.24 -0.000517284 0.000979151
66.36 -0.000312674 0.000958186
66.48 -0.000104252 0.000941336
66.6 0.000107699 0.000928193
66.72 0.000322861 0.0009183
66.84 0.000540877 0.00091115
66.96 0.000761346 0.000906195
67.08 0.000983819 0.000902844
67.2 0.0012078 0.000900472
67.32 0.00143273 0.000898419
67.44 0.00165801 0.000896002
67.56 0.00188298 0.000892513
67.68 0.0021069 0.000887231
67.8 0.00232902 0.000879426
67.92 0.00254848 0.000868364
68.04 0.0027644 0.000853316
68.16 0.00297584 0.000833564
68.28 0.00318181 0.000808407
68.4 0.00338126 0.00077717
68.52 0.00357313 0.000739211
68.64 0.0037563 0.000693922
68.76 0.00392963 0.000640747
68.88 0.00409195 0.000579175
69 0.00424211 0.000508758
69.12 0.00437891 0.000429109
69.24 0.00450118 0.000339908
69.36 0.00460777 0.00024091
69.48 0.00469754 0.000131946
69.6 0.00476939 1.29268e-05
69.72 0.00482226 -0.000116155
69.84 0.00485516 -0.000255222
69.96 0.00486716 -0.000404112
70.08 0.0048574 -0.000562579
70.2 0.0048251 -0.000730293
70.32 0.00476961 -0.000906842
70.44 0.00469035 -0.00109173
70.56 0.00458689 -0.0012844
70.68 0.00445888 -0.00148421
70.8 0.00430615 -0.00169045
70.92 0.00412863 -0.00190237
71.04 0.00392643 -0.00211914
71.16 0.00369977 -0.00233992
71.28 0.00344904 -0.00256379
71.4 0.0031748 -0.00278984
71.52 0.00287774 -0.00301713
71.64 0.00255872 -0.00324471
71.76 0.00221875 -0.00347163
71.88 0.001859 -0.00369695
72 0.00148076 -0.00391975
72.12 0.00108549 -0.00413917
72.24 0.000674781 -0.00435435
72.36 0.000250332 -0.00456451
72.48 -0.000186026 -0.00476893
72.6 -0.000632359 -0.00496695
72.72 -0.00108664 -0.00515799
72.84 -0.00154676 -0.00534157
72.96 -0.00201054 -0.00551729
73.08 -0.00247576 -0.00568484
73.2 -0.00294013 -0.00584404
73.32 -0.00340138 -0.0059948
73.44 -0.00385721 -0.00613712
73.56 -0.00430532 -0.00627116
73.68 -0.00474347 -0.00639714
73.8 -0.00516944 -0.00651541
73.92 -0.00558107 -0.00662642
74.04 -0.0059763 -0.00673074
74.16 -0.00635313 -0.00682901
74.28 -0.00670969 -0.00692197
74.4 -0.00704424 -0.00701044
74.52 -0.00735516 -0.00709532
74.64 -0.00764099 -0.00717756
74.76 -0.00790042 -0.00725816
74.88 -0.00813231 -0.00733818
75 -0.00833573 -0.00741868
75.12 -0.0085099 -0.00750075
75.24 -0.00865425 -0.00758548
75.36 -0.0087684 -0.00767391
75.48 -0.0088522 -0.00776711
75.6 -0.00890566 -0.00786605
75.72 -0.00892901 -0.00797167
75.84 -0.00892268 -0.00808484
75.96 -0.00888729 -0.00820633
76.08 -0.00882365 -0.00833682
76.2 -0.00873275 -0.00847687
76.32 -0.00861574 -0.00862692
76.44 -0.00847395 -0.00878731
76.56 -0.00830884 -0.00895818
76.68 -0.00812203 -0.00913958
76.8 -0.00791523 -0.00933137
76.92 -0.00769028 -0.00953327
77.04 -0.0074491 -0.00974483
77.16 -0.00719368 -0.00996545
77.28 -0.00692607 -0.0101944
77.4 -0.00664836 -0.0104307
77.52 -0.00636265 -0.0106733
77.64 -0.00607105 -0.0109209
77.76 -0.00577564 -0.0111724
77.88 -0.00547847 -0.011426
78 -0.00518155 -0.0116804
78.12 -0.00488679 -0.0119337
78.24 -0.00459605 -0.0121841
78.36 -0.00431107 -0.0124299
78.48 -0.00403346 -0.0126691
78.6 -0.00376473 -0.0128998
78.72 -0.00350624 -0.01312
78.84 -0.0032592 -0.0133277
78.96 -0.00302466 -0.013521
79.08 -0.0028035 -0.013698
79.2 -0.00259645 -0.0138568
79.32 -0.00240403 -0.0139957
79.44 -0.00222662 -0.014113
79.56 -0.0020644 -0.0142071
79.68 -0.00191738 -0.0142765
79.8 -0.00178539 -0.0143201
79.92 -0.0016681 -0.0143366
80.04 -0.00156501 -0.0143251
80.16 -0.00147546 -0.0142847
80.28 -0.00139863 -0.014215
80.4 -0.00133359 -0.0141154
80.52 -0.00127925 -0.0139858
80.64 -0.00123441 -0.0138261
80.76 -0.00119776 -0.0136366
80.88 -0.0011679 -0.0134175
81 -0.00114333 -0.0131695
81.12 -0.00112251 -0.0128933
81.24 -0.0011038 -0.0125898
81.36 -0.00108554 -0.01226
81.48 -0.00106602 -0.0119051
81.6 -0.00104353 -0.0115266
81.72 -0.00101631 -0.0111257
81.84 -0.000982636 -0.010704
81.96 -0.000940759 -0.0102631
82.08 -0.000888957 -0.00980456
82.2 -0.000825526 -0.00933004
82.32 -0.000748788 -0.00884116
82.44 -0.000657092 -0.00833949
82.56 -0.000548822 -0.00782657
82.68 -0.000422394 -0.00730384
82.8 -0.000276256 -0.00677264
82.92 -0.000108892 -0.00623418
83.04 8.1188e-05 -0.00568953
83.16 0.000295448 -0.00513958
83.28 0.000535332 -0.00458504
83.4 0.000802268 -0.00402641
83.52 0.00109768 -0.00346398
83.64 0.00142299 -0.00289782
83.76 0.00177963 -0.00232774
83.88 0.00216906 -0.00175334
84 0.00259274 -0.00117397
84.12 0.0030522 -0.000588736
84.24 0.00354898 3.47758e-06
84.36 0.00408471 0.000604018
84.48 0.00466105 0.00121444
84.6 0.00527974 0.0018365
84.72 0.00594259 0.00247211
84.84 0.00665148 0.00312337
84.96 0.00740837 0.00379248
85.08 0.00821532 0.00448174
85.2 0.00907442 0.00519355
85.32 0.00998787 0.00593029
85.44 0.0109579 0.0066944
85.56 0.0119869 0.00748824
85.68 0.0130771 0.00831412
85.8 0.014231 0.00917421
85.92 0.0154509 0.0100706
86.04 0.0167393 0.011005
86.16 0.0180984 0.0119791
86.28 0.0195306 0.0129942
86.4 0.0210381 0.0140514
86.52 0.0226229 0.0151513
86.64 0.0242871 0.0162942
86.76 0.0260323 0.0174801
86.88 0.0278601 0.0187084
87 0.0297717 0.0199781
87.12 0.031768 0.0212878
87.24 0.0338497 0.0226355
87.36 0.036017 0.0240189
87.48 0.0382695 0.025435
87.6 0.0406066 0.0268805
87.72 0.043027 0.0283513
87.84 0.0455289 0.0298432
87.96 0.0481098 0.0313514
88.08 0.0507666 0.0328705
88.2 0.0534956 0.034395
88.32 0.0562923 0.0359189
88.44 0.0591514 0.0374359
88.56 0.0620669 0.0389393
88.68 0.0650319 0.0404224
88.8 0.0680389 0.0418782
88.92 0.0710793 0.0432997
89.04 0.0741438 0.0446798
89.16 0.0772224 0.0460115
89.28 0.0803038 0.0472879
89.4 0.0833765 0.0485022
89.52 0.0864278 0.0496479
89.64 0.0894442 0.050719
89.76 0.0924116 0.0517096
89.88 0.0953153 0.0526147
90 0.0981397 0.0534295
90.12 0.100869 0.05415
90.24 0.103486 0.0547729
90.36 0.105974 0.0552957
90.48 0.108315 0.0557167
90.6 0.110492 0.0560352
90.72 0.112486 0.0562512
90.84 0.11428 0.0563659
90.96 0.115855 0.0563816
91.08 0.117193 0.0563014
91.2 0.118276 0.0561298
91.32 0.119086 0.055872
91.44 0.119606 0.0555346
91.56 0.11982 0.0551253
91.68 0.11971 0.0546527
91.8 0.119262 0.0541266
91.92 0.118462 0.0535578
92.04 0.117294 0.052958
92.16 0.115748 0.0523399
92.28 0.113812 0.051717
92.4 0.111475 0.0511037
92.52 0.108729 0.0505149
92.64 0.105567 0.0499664
92.76 0.101984 0.0494743
92.88 0.0979759 0.0490552
93 0.09354 0.0487259
93.12 0.0886764 0.0485036
93.24 0.0833866 0.0484054
93.36 0.0776741 0.0484484
93.48 0.0715445 0.0486494
93.6 0.0650049 0.0490249
93.72 0.0580649 0.0495912
93.84 0.0507359 0.0503637
93.96 0.043031 0.0513571
94.08 0.0349658 0.0525855
94.2 0.0265573 0.0540616
94.32 0.0178246 0.0557974
94.44 0.00878877 0.0578035
94.56 -0.000527639 0.060089
94.68 -0.0101003 0.0626619
94.8 -0.0199032 0.0655284
94.92 -0.0299091 0.068693
95.04 -0.0400892 0.0721589
95.16 -0.0504135 0.0759271
95.28 -0.060851 0.0799969
95.4 -0.0713696 0.0843657
95.52 -0.0819365 0.0890292
95.64 -0.0925181 0.0939809
95.76 -0.10308 0.0992125
95.88 -0.113589 0.104714
96 -0.124009 0.110472
96.12 -0.134307 0.116474
96.24 -0.144447 0.122704
96.36 -0.154396 0.129144
96.48 -0.16412 0.135774
96.6 -0.173586 0.142574
96.72 -0.182763 0.149522
96.84 -0.191618 0.156593
96.96 -0.200123 0.163762
97.08 -0.208248 0.171004
97.2 -0.215967 0.178291
97.32 -0.223253 0.185596
97.44 -0.230083 0.192889
97.56 -0.236435 0.200141
97.68 -0.242289 0.207323
97.8 -0.247626 0.214405
97.92 -0.252431 0.221358
98.04 -0.256689 0.228151
98.16 -0.260389 0.234756
98.28 -0.263522 0.241144
98.4 -0.266081 0.247287
98.52 -0.268061 0.253158
98.64 -0.269459 0.25873
98.76 -0.270276 0.26398
98.88 -0.270514 0.268882
99 -0.270177 0.273416
99.12 -0.269273 0.277561
99.24 -0.26781 0.281299
99.36 -0.265799 0.284611
99.48 -0.263254 0.287484
99.6 -0.26019 0.289905
99.72 -0.256623 0.291863
99.84 -0.252572 0.29335
99.96 -0.248058 0.294358
100.08 -0.243102 0.294885
100.2 -0.237728 0.294929
100.32 -0.231958 0.29449
100.44 -0.22582 0.293571
100.56 -0.21934 0.292177
100.68 -0.212543 0.290315
100.8 -0.205459 0.287995
100.92 -0.198116 0.285229
101.04 -0.190542 0.28203
101.16 -0.182765 0.278413
101.28 -0.174815 0.274396
101.4 -0.166721 0.269998
101.52 -0.158511 0.26524
101.64 -0.150212 0.260143
101.76 -0.141853 0.254731
101.88 -0.133461 0.249029
102 -0.125062 0.243061
102.12 -0.11668 0.236855
102.24 -0.108342 0.230437
102.36 -0.100069 0.223835
102.48 -0.0918848 0.217076
102.6 -0.0838096 0.210189
102.72 -0.0758633 0.203202
102.84 -0.0680643 0.196143
102.96 -0.0604295 0.189039
103.08 -0.0529746 0.181918
103.2 -0.0457137 0.174806
103.32 -0.0386592 0.167729
103.44 -0.0318225 0.160712
103.56 -0.0252131 0.153778
103.68 -0.0188391 0.146952
103.8 -0.0127071 0.140253
103.92 -0.00682242 0.133702
104.04 -0.00118875 0.127319
104.16 0.00419153 0.12112
104.28 0.00931742 0.115121
104.4 0.0141892 0.109336
104.52 0.0188084 0.103777
104.64 0.0231778 0.0984552
104.76 0.0273012 0.0933795
104.88 0.0311836 0.088557
105 0.0348308 0.0839932
105.12 0.0382498 0.079692
105.24 0.0414481 0.0756554
105.36 0.0444343 0.071884
105.48 0.0472175 0.0683766
105.6 0.0498073 0.0651305
105.72 0.0522141 0.0621417
105.84 0.0544487 0.0594046
105.96 0.056522 0.0569125
106.08 0.0584455 0.0546573
106.2 0.0602309 0.0526299
106.32 0.0618898 0.0508199
106.44 0.0634342 0.0492164
106.56 0.0648758 0.0478073
106.68 0.0662265 0.0465801
106.8 0.067498 0.0455215
106.92 0.0687016 0.0446178
107.04 0.0698487 0.0438548
107.16 0.0709501 0.0432182
107.28 0.0720164 0.0426935
107.4 0.0730579 0.0422662
107.52 0.0740842 0.0419217
107.64 0.0751046 0.0416457
107.76 0.0761278 0.0414241
107.88 0.077162 0.0412431
108 0.0782147 0.0410894
108.12 0.0792928 0.0409502
108.24 0.0804027 0.0408133
108.36 0.08155 0.040667
108.48 0.0827395 0.0405004
108.6 0.0839755 0.0403034
108.72 0.0852614 0.0400666
108.84 0.0866001 0.0397814
108.96 0.0879935 0.0394402
109.08 0.0894429 0.0390361
109.2 0.0909488 0.0385631
109.32 0.092511 0.0380162
109.44 0.0941285 0.0373913
109.56 0.0957994 0.036685
109.68 0.0975215 0.0358949
109.8 0.0992914 0.0350194
109.92 0.101105 0.0340577
110.04 0.102958 0.0330098
110.16 0.104846 0.0318763
110.28 0.106761 0.0306588
110.4 0.108698 0.0293592
110.52 0.110649 0.0279802
110.64 0.112607 0.0265251
110.76 0.114563 0.0249973
110.88 0.116508 0.0234012
111 0.118433 0.0217411
111.12 0.120328 0.0200219
111.24 0.122184 0.0182485
111.36 0.123989 0.0164262
111.48 0.125733 0.0145603
111.6 0.127405 0.0126564
111.72 0.128993 0.0107199
111.84 0.130486 0.00875613
111.96 0.131872 0.00677057
112.08 0.13314 0.00476844
112.2 0.134279 0.00275479
112.32 0.135277 0.000734515
112.44 0.136123 -0.00128776
112.56 0.136805 -0.00330768
112.68 0.137313 -0.00532118
112.8 0.137637 -0.0073245
112.92 0.137767 -0.00931424
113.04 0.137693 -0.0112873
113.16 0.137406 -0.0132411
113.28 0.136899 -0.0151731
113.4 0.136163 -0.0170814
113.52 0.135193 -0.0189644
113.64 0.133981 -0.0208208
113.76 0.132523 -0.0226496
113.88 0.130815 -0.0244502
114 0.128854 -0.0262222
114.12 0.126637 -0.0279655
114.24 0.124164 -0.0296804
114.36 0.121435 -0.0313671
114.48 0.118451 -0.0330263
114.6 0.115214 -0.0346587
114.72 0.111729 -0.0362651
114.84 0.108 -0.0378465
114.96 0.104034 -0.0394039
115.08 0.0998374 -0.0409381
115.2 0.0954196 -0.0424503
115.32 0.0907903 -0.0439413
115.44 0.0859606 -0.0454119
115.56 0.0809428 -0.046863
115.68 0.0757504 -0.048295
115.8 0.0703979 -0.0497083
115.92 0.0649009 -0.0511032
116.04 0.0592761 -0.0524796
116.16 0.0535408 -0.0538371
116.28 0.0477136 -0.0551754
116.4 0.0418136 -0.0564935
116.52 0.0358607 -0.0577903
116.64 0.0298753 -0.0590644
116.76 0.0238784 -0.0603141
116.88 0.0178913 -0.0615374
117 0.0119357 -0.062732
117.12 0.00603351 -0.0638953
117.24 0.000206564 -0.0650245
117.36 -0.00552326 -0.0661163
117.48 -0.0111343 -0.0671675
117.6 -0.0166051 -0.0681745
117.72 -0.0219148 -0.0691334
117.84 -0.0270428 -0.0700404
117.96 -0.0319695 -0.0708912
118.08 -0.0366757 -0.0716818
118.2 -0.0411433 -0.0724078
118.32 -0.0453553 -0.073065
118.44 -0.0492956 -0.073649
118.56 -0.0529494 -0.0741555
118.68 -0.0563031 -0.0745804
118.8 -0.0593447 -0.0749196
118.92 -0.0620635 -0.0751692
119.04 -0.0644504 -0.0753255
119.16 -0.0664981 -0.075385
119.28 -0.0682006 -0.0753445
119.4 -0.0695539 -0.0752012
119.52 -0.0705557 -0.0749525
119.64 -0.0712054 -0.0745963
119.76 -0.0715044 -0.0741308
119.88 -0.0714558 -0.0735548
120 -0.0710643 -0.0728674
