-0.999 -7.05197e-05 -3.38839e-05
-0.998 -0.00027231 -0.000134802
-0.997 -0.000551052 -0.000309331
-0.996 -0.000844206 -0.000571824
-0.995 -0.00114337 -0.000928579
-0.994 -0.00152283 -0.00135392
-0.993 -0.00210371 -0.00177599
-0.992 -0.0029614 -0.00208954
-0.991 -0.004024 -0.00219573
-0.99 -0.00502823 -0.00204965
-0.989 -0.00558157 -0.00169189
-0.988 -0.00532847 -0.00125031
-0.987 -0.00415799 -0.000908234
-0.986 -0.00235678 -0.000844003
-0.985 -0.000621441 -0.0011638
-0.984 0.0001061 -0.00186922
-0.983 -0.00105799 -0.00289326
-0.982 -0.0046068 -0.00419084
-0.981 -0.01042 -0.00582187
-0.98 -0.0177584 -0.00796886
-0.979 -0.0254968 -0.0108792
-0.978 -0.0325154 -0.014759
-0.977 -0.0380932 -0.0196439
-0.976 -0.0421495 -0.0252775
-0.975 -0.0452262 -0.0310561
-0.974 -0.0482018 -0.0361196
-0.973 -0.0518337 -0.0395947
-0.972 -0.0563075 -0.0408775
-0.971 -0.0609747 -0.0397954
-0.97 -0.0644041 -0.0365915
-0.969 -0.0647647 -0.0317904
-0.968 -0.0604273 -0.026033
-0.967 -0.0505806 -0.0199023
-0.966 -0.0356532 -0.013763
-0.965 -0.0173953 -0.00770712
-0.964 0.0014175 -0.00171524
-0.963 0.017573 0.0040222
-0.962 0.0281582 0.0088687
-0.961 0.031277 0.0118041
-0.96 0.0265454 0.0117496
-0.959 0.0151774 0.00793322
-0.958 -0.00038377 0.000129291
-0.957 -0.0171743 -0.0112226
-0.956 -0.0325485 -0.0249949
-0.955 -0.0449209 -0.039541
-0.954 -0.054239 -0.0531559
-0.953 -0.0620547 -0.0646682
-0.952 -0.0710556 -0.073782
-0.951 -0.0840603 -0.080932
-0.95 -0.102788 -0.0868163
-0.949 -0.126909 -0.0919752
-0.948 -0.153762 -0.0966102
-0.947 -0.17888 -0.100581
-0.946 -0.197203 -0.103489
-0.945 -0.204684 -0.104932
-0.944 -0.199908 -0.104958
-0.943 -0.185143 -0.10448
-0.942 -0.166173 -0.10522
-0.941 -0.150645 -0.109076
-0.94 -0.145435 -0.117257
-0.939 -0.154024 -0.129662
-0.938 -0.174845 -0.144732
-0.937 -0.201205 -0.159698
-0.936 -0.222923 -0.171129
-0.935 -0.229388 -0.175781
-0.934 -0.213308 -0.171597
-0.933 -0.173803 -0.158419
-0.932 -0.117398 -0.137967
-0.931 -0.0563025 -0.113068
-0.93 -0.00460724 -0.0866235
-0.929 0.0262222 -0.0608139
-0.928 0.0310164 -0.0367623
-0.927 0.0125543 -0.0146451
-0.926 -0.0194459 0.00578799
-0.925 -0.0519715 0.024322
-0.924 -0.0739461 0.0393312
-0.923 -0.0809276 0.047407
-0.922 -0.0771748 0.0440131
-0.921 -0.0742502 0.0249667
-0.92 -0.0867521 -0.0119569
-0.919 -0.126632 -0.0659524
-0.918 -0.197944 -0.132906
-0.917 -0.293834 -0.205894
-0.916 -0.397123 -0.276393
-0.915 -0.484841 -0.336106
-0.914 -0.53531 -0.378909
-0.913 -0.534988 -0.402126
-0.912 -0.482648 -0.406493
-0.911 -0.389827 -0.394984
-0.91 -0.277569 -0.371244
-0.909 -0.170264 -0.338355
-0.908 -0.0883117 -0.298268
-0.907 -0.0420569 -0.251805
-0.906 -0.0294097 -0.199163
-0.905 -0.0381654 -0.14091
-0.904 -0.0517265 -0.0792859
-0.903 -0.0556046 -0.0190763
-0.902 -0.0427065 0.0326637
-0.901 -0.0162477 0.0681308
-0.9 0.0107972 0.0808716
-0.899 0.0202171 0.0675113
-0.898 -0.00413828 0.0285981
-0.897 -0.0691702 -0.0313115
-0.896 -0.168605 -0.104118
-0.895 -0.283763 -0.179404
-0.894 -0.388065 -0.246592
-0.893 -0.453583 -0.297496
-0.892 -0.458617 -0.328133
-0.891 -0.39483 -0.338993
-0.89 -0.271223 -0.333935
-0.889 -0.112596 -0.318617
-0.888 0.047274 -0.299054
-0.887 0.174905 -0.280224
-0.886 0.245348 -0.264692
-0.885 0.247565 -0.252035
-0.884 0.18664 -0.239854
-0.883 0.0821086 -0.226076
-0.882 -0.0385843 -0.211163
-0.881 -0.150164 -0.198927
-0.88 -0.238845 -0.195757
-0.879 -0.306604 -0.208987
-0.878 -0.369067 -0.244916
-0.877 -0.448757 -0.30646
-0.876 -0.566252 -0.390843
-0.875 -0.730897 -0.488687
-0.874 -0.933035 -0.585629
-0.873 -1.14157 -0.666072
-0.872 -1.31024 -0.717373
-0.871 -1.39161 -0.732844
-0.87 -1.35308 -0.713015
-0.869 -1.18847 -0.665265
-0.868 -0.921725 -0.601749
-0.867 -0.602126 -0.53558
-0.866 -0.292341 -0.476395
-0.865 -0.0508538 -0.427443
-0.864 0.0865767 -0.385621
-0.863 0.118912 -0.344
-0.862 0.0790754 -0.295251
-0.861 0.0203462 -0.234769
-0.86 -0.00417384 -0.163088
-0.859 0.0388672 -0.0870862
-0.858 0.150581 -0.018916
-0.857 0.297851 0.02781
-0.856 0.423254 0.0430585
-0.855 0.465409 0.0239667
-0.854 0.383267 -0.0245533
-0.853 0.174274 -0.0917001
-0.852 -0.121636 -0.163896
-0.851 -0.433976 -0.228555
-0.85 -0.684855 -0.278318
-0.849 -0.81517 -0.314444
-0.848 -0.805365 -0.347109
-0.847 -0.683887 -0.391628
-0.846 -0.519301 -0.462407
-0.845 -0.397263 -0.56764
-0.844 -0.390098 -0.706502
-0.843 -0.530403 -0.86869
-0.842 -0.798258 -1.03582
-0.841 -1.12629 -1.18496
-0.84 -1.42073 -1.29427
-0.839 -1.59152 -1.34908
-0.838 -1.58179 -1.34512
-0.837 -1.38655 -1.28759
-0.836 -1.05373 -1.18721
-0.835 -0.66676 -1.05579
-0.834 -0.315355 -0.902763
-0.833 -0.0655203 -0.733207
-0.832 0.0611247 -0.547341
-0.831 0.0919203 -0.342346
-0.83 0.0902738 -0.11662
-0.829 0.129632 0.125279
-0.828 0.263244 0.369749
-0.827 0.500696 0.594671
-0.826 0.800224 0.772786
-0.825 1.07973 0.876636
-0.824 1.24219 0.88399
-0.823 1.20651 0.782827
-0.822 0.933838 0.574757
-0.821 0.441448 0.275622
-0.82 -0.199846 -0.0873804
-0.819 -0.884229 -0.481131
-0.818 -1.49973 -0.872779
-0.817 -1.95821 -1.23512
-0.816 -2.21698 -1.55006
-0.815 -2.28558 -1.80922
-0.814 -2.21716 -2.01169
-0.813 -2.08799 -2.15979
-0.812 -1.97208 -2.25457
-0.811 -1.91783 -2.29262
-0.81 -1.93358 -2.2656
-0.809 -1.98668 -2.16267
-0.808 -2.01648 -1.97505
-0.807 -1.95685 -1.70181
-0.806 -1.76113 -1.35475
-0.805 -1.42158 -0.960026
-0.804 -0.977627 -0.555441
-0.803 -0.510161 -0.183756
-0.802 -0.122155 0.115856
-0.801 0.0903363 0.315808
-0.8 0.0683366 0.405299
-0.799 -0.188854 0.391426
-0.798 -0.618725 0.295818
-0.797 -1.10915 0.147383
-0.796 -1.52762 -0.0267028
-0.795 -1.75881 -0.208556
-0.794 -1.74018 -0.392954
-0.793 -1.48425 -0.585527
-0.792 -1.07757 -0.796793
-0.791 -0.654547 -1.0345
-0.79 -0.353971 -1.29701
-0.789 -0.273637 -1.5696
-0.788 -0.4374 -1.82496
-0.787 -0.785157 -2.02823
-0.786 -1.18997 -2.14572
-0.785 -1.49942 -2.15487
-0.784 -1.59015 -2.05166
-0.783 -1.417 -1.85254
-0.782 -1.03634 -1.59036
-0.781 -0.592169 -1.30608
-0.78 -0.269646 -1.03922
-0.779 -0.232284 -0.819206
-0.778 -0.563406 -0.659532
-0.777 -1.23027 -0.556235
-0.776 -2.08426 -0.492319
-0.775 -2.9016 -0.447222
-0.774 -3.45534 -0.407502
-0.773 -3.59446 -0.37405
-0.772 -3.2991 -0.363247
-0.771 -2.6903 -0.402388
-0.77 -1.99151 -0.521162
-0.769 -1.45505 -0.740942
-0.768 -1.27662 -1.06403
-0.767 -1.52456 -1.46663
-0.766 -2.10904 -1.89959
-0.765 -2.80654 -2.29814
-0.764 -3.3351 -2.5968
-0.763 -3.45409 -2.74435
-0.762 -3.05076 -2.71493
-0.761 -2.18305 -2.51312
-0.76 -1.0652 -2.17213
-0.759 -0.000593173 -1.74436
-0.758 0.718378 -1.28613
-0.757 0.910783 -0.841827
-0.756 0.571338 -0.434256
-0.755 -0.127783 -0.0646209
-0.754 -0.899906 0.279204
-0.753 -1.448 0.609488
-0.752 -1.57233 0.924302
-0.751 -1.24567 1.19638
-0.75 -0.631169 1.37037
-0.749 -0.0341491 1.37254
-0.748 0.200009 1.1321
-0.747 -0.192186 0.606317
-0.746 -1.29438 -0.200335
-0.745 -2.97215 -1.22941
-0.744 -4.90783 -2.37563
-0.743 -6.69546 -3.50659
-0.742 -7.96493 -4.49176
-0.741 -8.49572 -5.23303
-0.74 -8.28281 -5.68634
-0.739 -7.53008 -5.86461
-0.738 -6.57204 -5.8206
-0.737 -5.75263 -5.61858
-0.736 -5.30467 -5.30734
-0.735 -5.27137 -4.90333
-0.734 -5.49522 -4.38771
-0.733 -5.67801 -3.71888
-0.732 -5.49354 -2.85863
-0.731 -4.71561 -1.80416
-0.73 -3.31427 -0.611338
-0.729 -1.48334 0.604382
-0.728 0.410159 1.6916
-0.727 1.93501 2.50052
-0.726 2.72699 2.91964
-0.725 2.60188 2.90205
-0.724 1.61519 2.47668
-0.723 0.0458911 1.7406
-0.722 -1.69456 0.830654
-0.721 -3.19707 -0.118581
-0.72 -4.18274 -1.01314
-0.719 -4.57864 -1.81687
-0.718 -4.52255 -2.54296
-0.717 -4.3018 -3.22941
-0.716 -4.24747 -3.91123
-0.715 -4.61411 -4.5965
-0.714 -5.4831 -5.2504
-0.713 -6.72613 -5.7942
-0.712 -8.04599 -6.12535
-0.711 -9.07824 -6.15373
-0.71 -9.51142 -5.83683
-0.709 -9.18472 -5.19635
-0.708 -8.13797 -4.31226
-0.707 -6.60415 -3.3025
-0.706 -4.94496 -2.29706
-0.705 -3.54378 -1.4098
-0.704 -2.68781 -0.712147
-0.703 -2.48153 -0.218841
-0.702 -2.82346 0.104726
-0.701 -3.44948 0.316611
-0.7 -4.02135 0.469016
-0.699 -4.23297 0.589426
-0.698 -3.90805 0.674599
-0.697 -3.06268 0.6927
-0.696 -1.91009 0.592056
-0.695 -0.800087 0.31896
-0.694 -0.110329 -0.158624
-0.693 -0.12735 -0.833369
-0.692 -0.956666 -1.65675
-0.691 -2.48535 -2.55052
-0.69 -4.40462 -3.42144
-0.689 -6.2904 -4.17434
-0.688 -7.72577 -4.72686
-0.687 -8.42936 -5.02816
-0.686 -8.34501 -5.07344
-0.685 -7.65875 -4.9029
-0.684 -6.73709 -4.58498
-0.683 -6.00906 -4.19536
-0.682 -5.82803 -3.8005
-0.681 -6.35035 -3.44393
-0.68 -7.46821 -3.13358
-0.679 -8.82845 -2.83733
-0.678 -9.94421 -2.49885
-0.677 -10.366 -2.07302
-0.676 -9.84991 -1.56203
-0.675 -8.46052 -1.03068
-0.674 -6.5751 -0.596314
-0.673 -4.78621 -0.402518
-0.672 -3.72733 -0.583262
-0.671 -3.86514 -1.21932
-0.67 -5.32399 -2.2963
-0.669 -7.81375 -3.6861
-0.668 -10.7018 -5.17119
-0.667 -13.2102 -6.50712
-0.666 -14.6653 -7.49388
-0.665 -14.7137 -8.02554
-0.664 -13.4335 -8.1065
-0.663 -11.3075 -7.83682
-0.662 -9.06066 -7.36966
-0.661 -7.40336 -6.84736
-0.66 -6.76731 -6.33729
-0.659 -7.13816 -5.7999
-0.658 -8.05803 -5.11002
-0.657 -8.79932 -4.12307
-0.656 -8.64187 -2.75254
-0.655 -7.15276 -1.02666
-0.654 -4.37418 0.891801
-0.653 -0.855232 2.72754
-0.652 2.4934 4.15679
-0.651 4.68663 4.89994
-0.65 4.99885 4.81017
-0.649 3.21919 3.91932
-0.648 -0.27013 2.42055
-0.647 -4.61833 0.598944
-0.646 -8.78332 -1.25837
-0.645 -11.864 -2.94142
-0.644 -13.3795 -4.36523
-0.643 -13.4049 -5.57201
-0.642 -12.5141 -6.68327
-0.641 -11.5425 -7.81802
-0.64 -11.2587 -9.01361
-0.639 -12.0688 -10.1862
-0.638 -13.8639 -11.147
-0.637 -16.0582 -11.662
-0.636 -17.7952 -11.5307
-0.635 -18.2481 -10.6569
-0.634 -16.9196 -9.093
-0.633 -13.8384 -7.03833
-0.632 -9.57736 -4.78743
-0.631 -5.07943 -2.64502
-0.63 -1.35719 -0.843323
-0.629 0.821173 0.506147
-0.628 1.15354 1.41421
-0.627 -0.127837 1.97829
-0.626 -2.35122 2.32747
-0.625 -4.63384 2.5656
-0.624 -6.17788 2.729
-0.623 -6.53585 2.77463
-0.622 -5.74607 2.60437
-0.621 -4.292 2.11293
-0.62 -2.91667 1.23507
-0.619 -2.37114 -0.0279617
-0.618 -3.17677 -1.60769
-0.617 -5.45922 -3.38577
-0.616 -8.89588 -5.2195
-0.615 -12.8025 -6.96876
-0.614 -16.3446 -8.51851
-0.613 -18.8012 -9.79064
-0.612 -19.7796 -10.7432
-0.611 -19.3131 -11.363
-0.61 -17.8294 -11.6582
-0.609 -16.0164 -11.6562
-0.608 -14.616 -11.4008
-0.607 -14.1877 -10.9453
-0.606 -14.9064 -10.3358
-0.605 -16.4755 -9.59369
-0.604 -18.2048 -8.70333
-0.603 -19.2272 -7.61717
-0.602 -18.7766 -6.28023
-0.601 -16.4408 -4.66955
-0.6 -12.3283 -2.83399
-0.599 -7.09727 -0.9173
-0.598 -1.81713 0.849179
-0.597 2.32686 2.18952
-0.596 4.40165 2.85435
-0.595 4.03227 2.69986
-0.594 1.52837 1.74544
-0.593 -2.21142 0.182779
-0.592 -5.98351 -1.67447
-0.591 -8.66829 -3.48508
-0.59 -9.60891 -4.98385
-0.589 -8.85031 -6.05626
-0.588 -7.13416 -6.75687
-0.587 -5.62686 -7.26362
-0.586 -5.47012 -7.78234
-0.585 -7.32329 -8.43584
-0.584 -11.0675 -9.18255
-0.583 -15.7776 -9.80355
-0.582 -19.9842 -9.97049
-0.581 -22.1569 -9.37206
-0.58 -21.2558 -7.85122
-0.579 -17.1515 -5.49988
-0.578 -10.738 -2.67192
-0.577 -3.68306 0.0959812
-0.576 2.09991 2.23232
-0.575 5.0671 3.29782
-0.574 4.54242 3.11324
-0.573 0.934716 1.80296
-0.572 -4.4085 -0.260462
-0.571 -9.6797 -2.58962
-0.57 -13.2622 -4.74579
-0.569 -14.3071 -6.47302
-0.568 -13.0111 -7.75292
-0.567 -10.494 -8.76109
-0.566 -8.3432 -9.7467
-0.565 -7.99698 -10.8879
-0.564 -10.1789 -12.1818
-0.563 -14.5745 -13.4093
-0.562 -19.8806 -14.1883
-0.561 -24.2326 -14.097
-0.56 -25.8653 -12.8272
-0.559 -23.7549 -10.314
-0.558 -17.9947 -6.79006
-0.557 -9.78086 -2.74241
-0.556 -1.03582 1.21219
-0.555 6.19143 4.48573
-0.554 10.3564 6.65762
-0.553 10.8769 7.55498
-0.552 8.25875 7.25818
-0.551 3.84576 6.03661
-0.55 -0.704836 4.23928
-0.549 -4.01307 2.17914
-0.548 -5.41504 0.0516755
-0.547 -5.11758 -2.08739
-0.546 -4.04916 -4.28698
-0.545 -3.47516 -6.63091
-0.544 -4.51002 -9.16224
-0.543 -7.69544 -11.8269
-0.542 -12.7933 -14.4534
-0.541 -18.8581 -16.775
-0.54 -24.5425 -18.4856
-0.539 -28.5091 -19.3124
-0.538 -29.8117 -19.0839
-0.537 -28.1468 -17.78
-0.536 -23.9246 -15.5542
-0.535 -18.1436 -12.719
-0.534 -12.1059 -9.69172
-0.533 -7.06624 -6.90859
-0.532 -3.91977 -4.73027
-0.531 -3.00589 -3.36344
-0.53 -4.0531 -2.81507
-0.529 -6.25926 -2.88975
-0.528 -8.49671 -3.23897
-0.527 -9.6187 -3.46332
-0.526 -8.80027 -3.2456
-0.525 -5.80904 -2.46639
-0.524 -1.11371 -1.25164
-0.523 4.20802 0.0692909
-0.522 8.7453 1.0777
-0.521 11.1557 1.41153
-0.52 10.5993 0.90026
-0.519 7.07393 -0.353502
-0.518 1.50944 -1.98415
-0.517 -4.46316 -3.48219
-0.516 -9.02545 -4.39092
-0.515 -10.8016 -4.5018
-0.514 -9.38445 -3.96096
-0.513 -5.56333 -3.23949
-0.512 -1.1471 -2.97799
-0.511 1.60219 -3.75864
-0.51 0.771452 -5.87731
-0.509 -4.43371 -9.19183
-0.508 -13.2523 -13.1114
-0.507 -23.4685 -16.7522
-0.506 -32.0568 -19.2144
-0.505 -36.1724 -19.8798
-0.504 -34.1499 -18.6118
-0.503 -26.1526 -15.7879
-0.502 -14.2176 -12.1583
-0.501 -1.64049 -8.584
-0.5 8.11833 -5.74456
-0.499 12.6315 -3.91704
-0.498 11.3646 -2.91182
-0.497 5.86912 -2.19503
-0.496 -0.786065 -1.14996
-0.495 -5.15886 0.630542
-0.494 -4.74962 3.13792
-0.493 0.996058 5.90562
-0.492 10.3828 8.14509
-0.491 19.9999 9.01378
-0.49 25.9264 7.92312
-0.489 25.1811 4.77392
-0.488 16.8849 0.0255524
-0.487 2.70257 -5.43174
-0.486 -13.6184 -10.5512
-0.485 -27.4715 -14.4442
-0.484 -34.9497 -16.6235
-0.483 -34.1822 -17.1003
-0.482 -25.9643 -16.3148
-0.481 -13.4534 -14.9327
-0.48 -1.03804 -13.5841
-0.479 7.20548 -12.6424
-0.478 8.91498 -12.1294
-0.477 4.2075 -11.7747
-0.476 -4.45802 -11.1907
-0.475 -13.2601 -10.0759
-0.474 -18.4658 -8.36327
-0.473 -17.8157 -6.26561
-0.472 -11.3417 -4.21437
-0.471 -1.33501 -2.71984
-0.47 8.50132 -2.20236
-0.469 14.3895 -2.85498
-0.468 13.8184 -4.58992
-0.467 6.42195 -7.08478
-0.466 -5.89954 -9.89636
-0.465 -19.6389 -12.5813
-0.464 -30.8609 -14.7745
-0.463 -36.4733 -16.2172
-0.462 -35.1541 -16.754
-0.461 -27.6496 -16.3249
-0.46 -16.39 -14.9602
-0.459 -4.60559 -12.7816
-0.458 4.72947 -10.0081
-0.457 9.77496 -6.95814
-0.456 10.2572 -4.02385
-0.455 7.36398 -1.59655
-0.454 3.19969 0.0481673
-0.453 0.0219106 0.852358
-0.452 -0.485467 1.00235
-0.451 2.30678 0.85302
-0.45 7.84719 0.776252
-0.449 14.6241 0.992882
-0.448 20.6337 1.45146
-0.447 23.9472 1.80417
-0.446 23.2294 1.50858
-0.445 18.0981 0.0436189
-0.444 9.26238 -2.83115
-0.443 -1.59211 -6.88761
-0.442 -12.169 -11.4129
-0.441 -20.1122 -15.3924
-0.44 -23.6228 -17.8336
-0.439 -21.9906 -18.1162
-0.438 -15.8824 -16.2433
-0.437 -7.27036 -12.8931
-0.436 1.03797 -9.22974
-0.435 6.19384 -6.51537
-0.434 6.22212 -5.65841
-0.433 0.761145 -6.87191
-0.432 -8.65976 -9.58215
-0.431 -18.9616 -12.628
-0.43 -26.4298 -14.6828
-0.429 -27.9462 -14.7514
-0.428 -22.1347 -12.5614
-0.427 -9.9969 -8.69638
-0.426 5.24277 -4.40318
-0.425 19.0964 -1.1337
-0.424 27.2987 0.0067411
-0.423 27.3217 -1.31001
-0.422 19.3746 -4.48965
-0.421 6.48479 -8.21092
-0.42 -6.44546 -10.8975
-0.419 -14.342 -11.3045
-0.418 -13.8334 -9.00623
-0.417 -4.59577 -4.59416
-0.416 10.3585 0.503473
-0.415 25.5921 4.51544
-0.414 35.067 5.94647
-0.413 34.2735 4.09315
-0.412 21.9303 -0.719962
-0.411 0.624924 -7.25876
-0.41 -23.9088 -13.8108
-0.409 -44.6873 -18.7819
-0.408 -55.8782 -21.2407
-0.407 -54.8159 -21.2056
-0.406 -42.8916 -19.5664
-0.405 -25.0238 -17.6899
-0.404 -7.9135 -16.8742
-0.403 2.31271 -17.856
-0.402 2.27521 -20.5376
-0.401 -7.43737 -24.0173
-0.4 -22.476 -26.9134
-0.399 -36.3289 -27.8643
-0.398 -42.7163 -26.0215
-0.397 -37.8781 -21.3489
-0.396 -21.9307 -14.6293
-0.395 1.14265 -7.19898
-0.394 24.818 -0.524001
-0.393 42.2068 4.23408
-0.392 48.3588 6.52687
-0.391 41.9066 6.51264
-0.39 25.4678 4.91645
-0.389 4.66933 2.72158
-0.388 -13.815 0.816362
-0.387 -24.4883 -0.277264
-0.386 -24.7557 -0.520629
-0.385 -15.6239 -0.311377
-0.384 -1.20441 -0.307409
-0.383 12.7759 -1.18269
-0.382 20.9469 -3.39203
-0.381 20.0747 -7.01761
-0.38 10.0543 -11.736
-0.379 -6.16355 -16.8962
-0.378 -23.6098 -21.6667
-0.377 -36.9176 -25.215
-0.376 -42.0155 -26.8945
-0.375 -37.3858 -26.4088
-0.374 -24.5043 -23.9027
-0.373 -7.33251 -19.9417
-0.372 8.95047 -15.377
-0.371 19.5334 -11.1364
-0.37 21.3767 -7.99183
-0.369 14.0705 -6.35346
-0.368 -0.047911 -6.14276
-0.367 -16.5613 -6.80408
-0.366 -30.2894 -7.48886
-0.365 -36.8953 -7.37324
-0.364 -34.2675 -5.99343
-0.363 -23.211 -3.46611
-0.362 -7.23237 -0.507961
-0.361 8.48581 1.75876
-0.36 18.6216 2.16431
-0.359 19.3748 -0.0857025
-0.358 9.79251 -5.05952
-0.357 -7.71236 -11.9648
-0.356 -27.9407 -19.3176
-0.355 -44.4932 -25.3797
-0.354 -51.86 -28.7128
-0.353 -47.2923 -28.6463
-0.352 -31.8172 -25.495
-0.351 -10.0539 -20.4497
-0.35 11.1513 -15.1694
-0.349 24.9138 -11.2086
-0.348 26.657 -9.47336
-0.347 15.7974 -9.9118
-0.346 -3.89959 -11.5655
-0.345 -25.5128 -12.9701
-0.344 -41.3448 -12.7542
-0.343 -45.656 -10.2127
-0.342 -36.7776 -5.64063
-0.341 -17.8411 -0.298127
-0.34 4.17161 3.98753
-0.339 20.7798 5.44505
-0.338 24.9698 2.98514
-0.337 13.7389 -3.39558
-0.336 -10.7031 -12.5793
-0.335 -41.5479 -22.6716
-0.334 -69.6508 -31.6008
-0.333 -86.6577 -37.7597
-0.332 -87.8756 -40.4632
-0.331 -73.8415 -40.0666
-0.33 -50.0257 -37.7179
-0.329 -24.8083 -34.858
-0.328 -6.49594 -32.6642
-0.327 -0.452553 -31.6401
-0.326 -7.32738 -31.4861
-0.325 -22.9677 -31.2787
-0.324 -40.0271 -29.8717
-0.323 -50.687 -26.3641
-0.322 -49.5034 -20.4632
-0.321 -35.3379 -12.6204
-0.32 -11.6874 -3.905
-0.319 14.6316 4.31561
-0.318 35.8741 10.7646
-0.317 45.9393 14.5799
-0.316 42.2586 15.4789
-0.315 26.4387 13.7434
-0.314 3.53113 10.0664
-0.313 -19.755 5.33355
-0.312 -37.2599 0.40343
-0.311 -45.242 -4.06595
-0.31 -43.3062 -7.71833
-0.309 -34.1679 -10.523
-0.308 -22.4673 -12.73
-0.307 -13.1466 -14.7792
-0.306 -9.95557 -17.1832
-0.305 -14.4957 -20.3883
-0.304 -25.9521 -24.6109
-0.303 -41.461 -29.6826
-0.302 -56.9571 -34.9778
-0.301 -68.2822 -39.4956
-0.3 -72.2837 -42.1081
-0.299 -67.6227 -41.9102
-0.298 -55.0986 -38.5488
-0.297 -37.4604 -32.4185
-0.296 -18.8056 -24.6453
-0.295 -3.68152 -16.8279
-0.294 4.03252 -10.5695
-0.293 2.3041 -6.93238
-0.292 -8.16843 -6.02544
-0.291 -23.8185 -6.92299
-0.29 -39.074 -7.9935
-0.289 -48.0519 -7.53617
-0.288 -46.5423 -4.48881
-0.287 -33.6277 1.05568
-0.286 -12.402 7.71876
-0.285 10.5372 13.1726
-0.284 26.8907 14.8795
-0.283 29.3928 11.0117
-0.282 14.6075 1.2169
-0.281 -15.353 -13.0933
-0.28 -53.044 -29.0901
-0.279 -87.9296 -43.4092
-0.278 -109.901 -53.2491
-0.277 -112.83 -57.2852
-0.276 -96.9009 -56.0702
-0.275 -68.8524 -51.7668
-0.274 -39.8511 -47.2864
-0.273 -21.5529 -45.1303
-0.272 -21.6839 -46.3644
-0.271 -40.8488 -50.1399
-0.27 -71.9336 -53.9757
-0.269 -102.476 -54.719
-0.268 -119.194 -49.826
-0.267 -113.016 -38.4719
-0.266 -82.7515 -22.0596
-0.265 -35.9916 -3.91317
-0.264 13.2107 11.7497
-0.263 49.1592 21.2031
-0.262 60.1216 22.4537
-0.261 42.6389 15.8857
-0.26 2.89435 4.07685
-0.259 -45.4149 -9.14519
-0.258 -85.9603 -20.058
-0.257 -105.648 -26.3079
-0.256 -99.304 -27.6119
-0.255 -71.4001 -25.6443
-0.254 -34.163 -23.1808
-0.253 -2.8013 -22.8586
-0.252 10.283 -26.0488
-0.251 0.106052 -32.2635
-0.25 -29.1165 -39.3037
-0.249 -65.5945 -44.0766
-0.248 -94.378 -43.7734
-0.247 -102.975 -36.9706
-0.246 -86.0985 -24.241
-0.245 -47.6946 -8.03834
-0.244 0.540566 8.09492
-0.243 43.5146 20.6794
-0.242 68.144 27.3611
-0.241 67.7316 27.5068
-0.24 43.8528 22.1691
-0.239 5.31965 13.5052
-0.238 -35.2492 3.91045
-0.237 -66.0176 -4.81291
-0.236 -80.0375 -11.9678
-0.235 -77.3184 -17.9859
-0.234 -64.0858 -23.9806
-0.233 -49.6944 -31.0483
-0.232 -42.6801 -39.6453
-0.231 -47.6365 -49.3144
-0.23 -63.9545 -58.8347
-0.229 -86.5448 -66.6673
-0.228 -108.001 -71.4685
-0.227 -121.357 -72.4819
-0.226 -122.493 -69.7066
-0.225 -111.311 -63.8103
-0.224 -91.2891 -55.8352
-0.223 -67.7343 -46.8298
-0.222 -45.7166 -37.5866
-0.221 -28.6664 -28.6088
-0.22 -18.0539 -20.2774
-0.219 -13.8656 -13.0483
-0.218 -15.3016 -7.50189
-0.217 -21.2629 -4.19676
-0.216 -30.49 -3.41941
-0.215 -41.4224 -4.97432
-0.214 -51.9798 -8.12762
-0.213 -59.5693 -11.7577
-0.212 -61.6079 -14.7022
-0.211 -56.5802 -16.213
-0.21 -45.2013 -16.3407
-0.209 -30.9556 -16.0281
-0.208 -19.432 -16.7924
-0.207 -16.4486 -20.0781
-0.206 -25.614 -26.5531
-0.205 -46.3623 -35.6627
-0.204 -73.4274 -45.6563
-0.203 -98.2046 -54.1022
-0.202 -111.685 -58.7228
-0.201 -107.957 -58.252
-0.2 -86.9058 -52.9863
-0.199 -54.9396 -44.7731
-0.198 -23.2055 -36.3837
-0.197 -3.71412 -30.4728
-0.196 -4.67032 -28.5174
-0.195 -26.8207 -30.1637
-0.194 -62.4488 -33.2713
-0.193 -97.7012 -34.6792
-0.192 -117.545 -31.43
-0.191 -111.497 -21.9964
-0.19 -77.8935 -7.03166
-0.189 -25.0254 10.6642
-0.188 31.3472 26.9688
-0.187 73.3302 37.7633
-0.186 87.2762 40.2965
-0.185 68.9188 34.1065
-0.184 25.2102 21.1547
-0.183 -28.0781 5.09176
-0.182 -72.2431 -10.0944
-0.181 -92.747 -21.5236
-0.18 -84.6871 -28.3856
-0.179 -54.5278 -32.0492
-0.178 -17.5449 -35.3254
-0.177 7.96673 -41.2073
-0.176 7.61895 -51.5573
-0.175 -23.4467 -66.1914
-0.174 -78.3114 -82.697
-0.173 -140.418 -97.1058
-0.172 -189.487 -105.225
-0.171 -208.968 -104.131
-0.17 -192.054 -93.2171
-0.169 -143.937 -74.409
-0.168 -79.6276 -51.517
-0.167 -18.4882 -29.0563
-0.166 22.4129 -10.952
-0.165 33.8446 0.483789
-0.164 17.0956 5.01656
-0.163 -17.0834 4.25177
-0.162 -52.9117 0.786117
-0.161 -75.7001 -2.90748
-0.16 -77.2249 -5.39726
-0.159 -58.2765 -6.67168
-0.158 -27.6394 -7.92035
-0.157 1.70322 -10.9009
-0.156 17.4396 -17.1616
-0.155 12.1444 -27.362
-0.154 -14.3892 -40.8831
-0.153 -55.269 -55.8462
-0.152 -98.9235 -69.5408
-0.151 -132.939 -79.1165
-0.15 -147.94 -82.3131
-0.149 -140.171 -78.0172
-0.148 -112.04 -66.519
-0.147 -70.7856 -49.4425
-0.146 -26.0335 -29.3892
-0.145 12.8026 -9.38738
-0.144 38.6252 7.7246
-0.143 47.9488 19.8553
-0.142 41.347 26.0615
-0.141 23.0798 26.703
-0.14 -0.0749224 23.2662
-0.139 -20.6388 17.8403
-0.138 -32.5008 12.3792
-0.137 -32.6639 8.0162
-0.136 -22.1844 4.69222
-0.135 -6.09068 1.2144
-0.134 7.72167 -4.29679
-0.133 10.568 -13.6869
-0.132 -4.17139 -27.9271
-0.131 -38.1139 -46.4047
-0.13 -86.1194 -66.6841
-0.129 -136.922 -84.9882
-0.128 -176.367 -97.3255
-0.127 -192.164 -100.839
-0.126 -178.335 -94.832
-0.125 -137.765 -81.1127
-0.124 -82.0207 -63.5568
-0.123 -28.2679 -47.0159
-0.122 6.13562 -35.8263
-0.121 9.87748 -32.3521
-0.12 -17.6001 -36.1165
-0.119 -65.1885 -43.9609
-0.118 -113.816 -51.2623
-0.117 -143.47 -53.7403
-0.116 -140.747 -49.1141
-0.115 -104.003 -37.9724
-0.114 -44.2513 -23.5659
-0.113 18.5333 -10.6267
-0.112 62.499 -3.62749
-0.111 71.995 -5.08004
-0.11 43.6836 -14.495
-0.109 -11.7905 -28.4363
-0.108 -73.4921 -41.7228
-0.107 -118.035 -49.3611
-0.106 -128.542 -48.4526
-0.105 -101.096 -39.2894
-0.104 -46.075 -25.1957
-0.103 16.0372 -11.221
-0.102 62.4541 -2.26245
-0.101 76.369 -1.35053
-0.1 52.7853 -8.66557
-0.099 0.0794482 -21.5536
-0.098 -63.1521 -35.5135
-0.097 -114.985 -45.8373
-0.096 -138.361 -49.3093
-0.095 -127.258 -45.2662
-0.094 -88.1714 -35.5711
-0.093 -36.4847 -23.5935
-0.092 10.1399 -12.7686
-0.091 38.2219 -5.39748
-0.09 42.4614 -2.07392
-0.089 26.4952 -1.78361
-0.088 0.66801 -2.53628
-0.087 -22.3715 -2.30005
-0.086 -32.765 0.0979189
-0.085 -27.1273 4.4901
-0.084 -9.10179 9.52788
-0.083 13.2516 13.3545
-0.082 31.4656 14.3852
-0.081 39.8298 11.7965
-0.08 36.5049 5.57305
-0.079 22.7661 -3.78056
-0.078 1.28936 -15.6351
-0.077 -25.5192 -29.5011
-0.076 -56.3007 -44.9987
-0.075 -90.1861 -61.5409
-0.074 -125.281 -77.9583
-0.073 -157.354 -92.3721
-0.072 -179.913 -102.482
-0.071 -186.03 -106.204
-0.07 -171.363 -102.46
-0.069 -137.197 -91.8585
-0.068 -92.0266 -76.9479
-0.067 -50.1993 -61.7301
-0.066 -27.0619 -50.3307
-0.065 -32.1376 -45.2912
-0.064 -63.7837 -46.3712
-0.063 -108.514 -50.5632
-0.062 -145.589 -53.3222
-0.061 -154.809 -50.4147
-0.06 -124.551 -39.6979
-0.059 -57.5179 -22.3064
-0.058 27.9041 -2.80521
-0.057 102.449 12.0681
-0.056 136.704 15.9737
-0.055 113.934 5.87879
-0.054 38.669 -16.1791
-0.053 -63.6026 -43.4514
-0.052 -155.526 -66.7759
-0.051 -201.6 -77.7801
-0.05 -181.354 -71.8267
-0.049 -97.7301 -49.8056
-0.048 22.3663 -18.1285
-0.047 136.733 13.364
-0.046 203.739 35.081
-0.045 199.188 41.4821
-0.044 126.529 33.2646
-0.043 15.8403 16.9902
-0.042 -87.639 2.41439
-0.041 -140.7 -1.36773
-0.04 -118.803 10.4287
-0.039 -26.2051 36.1382
-0.038 104.725 67.9464
-0.037 225.575 94.726
-0.036 290.736 106.322
-0.035 274.967 97.4385
-0.034 182.594 69.5796
-0.033 45.6029 30.482
-0.032 -88.0748 -8.59883
-0.031 -172.187 -36.8681
-0.03 -179.895 -47.9448
-0.029 -114.577 -42.2384
-0.028 -8.20493 -26.5543
-0.027 92.5298 -10.995
-0.026 145.473 -4.70453
-0.025 128.599 -12.4492
-0.024 46.5878 -33.1929
-0.023 -72.0467 -60.7309
-0.022 -185.395 -85.9681
-0.021 -253.564 -100.277
-0.02 -254.487 -98.9403
-0.019 -193.12 -83.1633
-0.018 -98.4073 -59.4258
-0.017 -9.24659 -36.4455
-0.016 42.3704 -21.5105
-0.015 42.5602 -18.0102
-0.014 -1.90103 -24.8202
-0.013 -68.0396 -37.1993
-0.012 -125.768 -48.6887
-0.011 -149.606 -53.6034
-0.01 -129.497 -49.3821
-0.009 -75.1188 -37.6199
-0.008 -10.1721 -23.0046
-0.007 40.1593 -10.7537
-0.006 60.6882 -4.17524
-0.005 50.9263 -3.5891
-0.004 22.8368 -6.7137
-0.003 -5.58213 -9.96248
-0.002 -18.3357 -10.1001
-0.001 -8.85302 -5.7749
0 16.4667 1.74288
0.001 41.7125 9.25232
0.002 50.9825 13.5554
0.003 37.9148 13.391
0.004 9.1367 10.129
0.005 -19.2974 7.02754
0.006 -29.3436 7.69058
0.007 -9.01946 14.4047
0.008 41.1763 26.8392
0.009 106.02 41.6582
0.01 160.275 53.6009
0.011 180.191 57.9307
0.012 156.068 53.0177
0.013 97.989 41.4215
0.014 31.4991 28.8618
0.015 -13.2314 21.8544
0.016 -13.1606 25.1998
0.017 38.5173 40.0644
0.018 127.897 63.069
0.019 222.913 86.8932
0.02 284.558 102.751
0.021 283.779 104.084
0.022 215.563 89.6403
0.023 101.994 64.147
0.024 -16.95 36.2943
0.025 -99.2528 15.2685
0.026 -116.306 7.36203
0.027 -63.3832 13.6657
0.028 37.4715 29.4111
0.029 144.018 45.3873
0.03 209.438 51.3804
0.031 201.649 40.4768
0.032 117.23 12.2106
0.033 -16.9269 -27.0194
0.034 -154.447 -66.3393
0.035 -247.256 -94.3868
0.036 -263.253 -103.329
0.037 -198.063 -91.6151
0.038 -76.9692 -64.565
0.039 54.301 -32.4302
0.04 147.17 -6.46739
0.041 169.134 5.40488
0.042 115.887 1.48736
0.043 12.0241 -13.3877
0.044 -99.1131 -30.0188
0.045 -172.14 -38.5248
0.046 -176.866 -32.2438
0.047 -109.812 -10.4426
0.048 4.7628 21.2911
0.049 125.083 53.2546
0.05 208.776 75.4832
0.051 228.811 81.4866
0.052 182.225 70.3744
0.053 89.5851 46.855
0.054 -13.4384 19.4105
0.055 -89.3125 -2.69356
0.056 -112.428 -12.6534
0.057 -78.2302 -8.45253
0.058 -3.53224 6.78298
0.059 82.1 26.5848
0.06 149.232 44.1074
0.061 179.366 54.7435
0.062 169.79 57.3943
0.063 132.23 54.296
0.064 87.0464 49.7938
0.065 55.1262 48.5189
0.066 50.0273 53.5053
0.067 73.3631 64.9515
0.068 115.492 80.2279
0.069 160.9 95.1185
0.07 195.076 105.572
0.071 209.434 109.054
0.072 202.702 105.029
0.073 179.347 94.6785
0.074 146.473 80.1775
0.075 110.736 63.8724
0.076 76.45 47.6203
0.077 45.4988 32.5125
0.078 18.657 19.034
0.079 -2.86227 7.47786
0.08 -16.7999 -1.71154
0.081 -20.5692 -7.89881
0.082 -12.8827 -10.5304
0.083 4.53322 -9.55307
0.084 26.1358 -5.73379
0.085 43.6145 -0.639309
0.086 49.005 3.84649
0.087 38.6722 6.31951
0.088 15.916 6.55574
0.089 -9.56575 5.69191
0.09 -25.3123 5.75489
0.091 -21.1218 8.76472
0.092 6.60504 15.7944
0.093 52.6475 26.3181
0.094 103.684 38.0848
0.095 142.236 47.6745
0.096 153.07 51.7016
0.097 129.764 48.2745
0.098 78.2941 38.0305
0.099 15.5568 24.165
0.1 -36.7528 11.3719
0.101 -60.2398 4.1493
0.102 -46.6188 5.16069
0.103 -0.841152 14.2364
0.104 60.4395 28.3434
0.105 114.645 42.5672
0.106 141.492 51.8425
0.107 130.733 52.8449
0.108 86.2764 45.2931
0.109 24.848 32.0908
0.11 -30.4118 18.2218
0.111 -58.8009 8.85186
0.112 -49.7989 7.40492
0.113 -6.71852 14.361
0.114 54.9464 27.1995
0.115 113.583 41.4506
0.116 149.468 52.4114
0.117 151.769 56.8836
0.118 122.168 54.3261
0.119 73.9439 47.0319
0.12 26.8669 39.2527
0.121 -0.247792 35.5607
0.122 3.53177 39.0649
0.123 37.6066 50.2062
0.124 90.7633 66.6084
0.125 145.845 83.961
0.126 185.917 97.4789
0.127 199.584 103.368
0.128 183.998 99.873
0.129 145.025 87.6833
0.13 94.7349 69.5944
0.131 47.0322 49.5136
0.132 12.9941 31.1445
0.133 -2.30327 16.8834
0.134 -0.389566 7.35235
0.135 12.326 1.64358
0.136 27.4124 -1.98954
0.137 37.1737 -5.33738
0.138 36.6602 -9.56315
0.139 24.7627 -14.7759
0.14 4.32879 -19.9493
0.141 -18.7199 -23.2461
0.142 -37.0697 -22.6575
0.143 -44.0197 -16.7126
0.144 -35.2633 -4.99164
0.145 -10.0752 11.6828
0.146 28.2405 31.359
0.147 72.711 51.298
0.148 113.946 68.4846
0.149 142.247 80.2395
0.15 150.252 84.8079
0.151 135.407 81.774
0.152 101.351 72.1804
0.153 57.409 58.2981
0.154 16.0379 43.069
0.155 -11.0763 29.344
0.156 -16.919 19.1326
0.157 -1.62691 13.1149
0.158 27.3772 10.5876
0.159 57.7452 9.86654
0.16 76.455 9.01746
0.161 74.7013 6.70153
0.162 51.6977 2.86347
0.163 15.6997 -1.02489
0.164 -18.5535 -2.35633
0.165 -35.2403 1.64679
0.166 -23.6122 12.7493
0.167 17.5618 30.7914
0.168 78.9644 53.4229
0.169 143.456 76.5872
0.17 191.652 95.6021
0.171 208.562 106.525
0.172 189.059 107.387
0.173 140.01 98.8558
0.174 78.0023 84.0054
0.175 23.2918 67.207
0.176 -7.65677 52.5698
0.177 -8.04938 42.5503
0.178 17.1549 37.2597
0.179 53.5382 34.6717
0.18 82.8605 31.5978
0.181 89.9727 25.0703
0.182 68.5797 13.654
0.183 23.7495 -1.79811
0.184 -29.878 -18.277
0.185 -73.6065 -31.6298
0.186 -91.7781 -38.0685
0.187 -77.6079 -35.5718
0.188 -35.5086 -24.6383
0.189 20.7972 -8.13405
0.19 73.4238 9.67936
0.191 106.696 24.5665
0.192 112.461 33.6874
0.193 92.5366 36.4334
0.194 57.5041 34.4419
0.195 22.3815 30.8066
0.196 0.886969 28.806
0.197 0.534257 30.6407
0.198 20.3853 36.6508
0.199 52.1146 45.2811
0.2 83.6873 53.7691
0.201 104.033 59.2499
0.202 106.906 59.826
0.203 92.6283 55.1998
0.204 67.2915 46.6727
0.205 39.9893 36.5794
0.206 19.2918 27.4108
0.207 10.3361 20.961
0.208 13.5209 17.7953
0.209 25.088 17.2218
0.21 39.13 17.7505
0.211 50.0571 17.8185
0.212 54.4779 16.446
0.213 51.8353 13.5533
0.214 43.8153 9.86762
0.215 33.1256 6.5494
0.216 22.3991 4.74436
0.217 13.6576 5.23186
0.218 8.31986 8.25855
0.219 7.45938 13.5798
0.22 12.0037 20.6642
0.221 22.6557 28.9407
0.222 39.4402 37.9364
0.223 60.9998 47.2231
0.224 84.0824 56.235
0.225 103.813 64.1308
0.226 115.037 69.8512
0.227 114.337 72.3876
0.228 101.738 71.1385
0.229 81.167 66.185
0.23 59.3404 58.3576
0.231 43.4526 49.0432
0.232 38.4893 39.767
0.233 45.0885 31.6729
0.234 58.8031 25.1031
0.235 71.3197 19.4915
0.236 73.519 13.6746
0.237 59.3413 6.53145
0.238 28.8008 -2.32281
0.239 -11.2951 -12.1074
0.24 -49.3612 -20.9264
0.241 -73.0356 -26.3169
0.242 -73.6716 -26.1135
0.243 -49.7139 -19.3215
0.244 -7.72716 -6.66918
0.245 39.4563 9.40315
0.246 77.046 25.3758
0.247 93.6026 37.7255
0.248 85.2904 44.0678
0.249 57.3096 43.9294
0.25 21.8927 38.836
0.251 -6.34322 31.6674
0.252 -15.8971 25.5268
0.253 -2.70766 22.5582
0.254 28.2625 23.1561
0.255 64.7954 25.8603
0.256 91.9697 27.9809
0.257 97.8509 26.736
0.258 78.1521 20.4777
0.259 38.0484 9.53113
0.26 -9.55578 -3.71077
0.261 -48.6355 -15.5063
0.262 -65.795 -22.042
0.263 -55.0388 -20.786
0.264 -19.8314 -11.408
0.265 28.2791 4.06873
0.266 73.9161 21.9335
0.267 103.38 38.0215
0.268 109.342 49.0719
0.269 93.0744 53.7279
0.27 63.5131 52.8297
0.271 33.6444 48.9061
0.272 15.5793 45.0723
0.273 16.1486 43.7662
0.274 34.6262 45.8126
0.275 63.3591 50.1634
0.276 90.919 54.3786
0.277 106.43 55.6232
0.278 103.394 51.7816
0.279 81.7301 42.2873
0.28 47.4989 28.3895
0.281 10.5945 12.7792
0.282 -18.7282 -1.28582
0.283 -33.2666 -11.0396
0.284 -31.0219 -15.0596
0.285 -15.374 -13.606
0.286 6.61299 -8.36197
0.287 26.9148 -1.72798
0.288 39.1906 4.03511
0.289 40.5086 7.51194
0.29 31.8133 8.48077
0.291 17.205 7.82992
0.292 2.36286 7.10371
0.293 -7.36796 7.85533
0.294 -8.59425 11.05
0.295 -0.684813 16.734
0.296 14.3777 24.0609
0.297 32.8479 31.6164
0.298 50.3379 37.8857
0.299 62.8747 41.6894
0.3 67.7575 42.4655
0.301 64.1453 40.3449
0.302 53.261 36.0327
0.303 38.1041 30.5554
0.304 22.6907 24.9645
0.305 11.004 20.0828
0.306 5.91619 16.3489
0.307 8.34027 13.7781
0.308 16.8263 12.0243
0.309 27.7789 10.5127
0.31 36.3729 8.60746
0.311 38.0286 5.79274
0.312 30.0319 1.84684
0.313 12.7221 -3.02621
0.314 -10.2607 -8.15681
0.315 -32.8707 -12.5098
0.316 -48.481 -14.9328
0.317 -52.0597 -14.4911
0.318 -41.9618 -10.7816
0.319 -20.6876 -4.11762
0.32 5.73265 4.47998
0.321 29.6155 13.507
0.322 44.1848 21.3762
0.323 45.9395 26.8885
0.324 35.9486 29.6147
0.325 19.5309 30.0248
0.326 4.37044 29.2869
0.327 -2.27797 28.7993
0.328 3.71462 29.6338
0.329 21.7381 32.0958
0.33 46.5156 35.5569
0.331 69.8614 38.6321
0.332 83.5264 39.6612
0.333 82.1361 37.3411
0.334 65.1706 31.2804
0.335 37.2531 22.251
0.336 6.61773 12.0215
0.337 -17.7043 2.82434
0.338 -28.9697 -3.34958
0.339 -24.9703 -5.38297
0.34 -8.64942 -3.37277
0.341 13.0867 1.44187
0.342 31.882 7.1411
0.343 40.8487 11.807
0.344 36.876 14.1763
0.345 21.571 14.029
0.346 0.554692 12.1859
0.347 -18.6071 10.1349
0.348 -29.1004 9.4274
0.349 -27.2173 11.0596
0.35 -13.5357 15.0673
0.351 7.43448 20.489
0.352 28.9096 25.7061
0.353 44.1378 29.0163
0.354 48.5582 29.2165
0.355 41.1597 25.9977
0.356 24.6731 20.0394
0.357 4.56555 12.789
0.358 -12.824 5.99838
0.359 -22.359 1.169
0.36 -21.667 -0.895768
0.361 -11.7038 -0.267433
0.362 3.75703 2.2446
0.363 19.432 5.45177
0.364 30.1819 8.20951
0.365 32.5554 9.76807
0.366 25.8115 9.96749
0.367 12.1109 9.23558
0.368 -4.20939 8.39057
0.369 -18.0294 8.31442
0.37 -25.0307 9.62219
0.371 -22.9777 12.4532
0.372 -12.3582 16.4405
0.373 3.75338 20.8314
0.374 20.5743 24.6897
0.375 33.0326 27.1287
0.376 37.3355 27.5294
0.377 32.1792 25.6999
0.378 19.1771 21.9236
0.379 2.36909 16.8794
0.38 -13.0306 11.465
0.381 -22.2747 6.58035
0.382 -22.6321 2.92384
0.383 -14.3553 0.834306
0.384 -0.699898 0.211174
0.385 13.0927 0.550281
0.386 21.5459 1.10965
0.387 20.8324 1.16801
0.388 10.1478 0.293035
0.389 -7.88219 -1.47412
0.39 -27.9212 -3.58511
0.391 -43.5893 -5.12382
0.392 -49.579 -5.09274
0.393 -43.5002 -2.76898
0.394 -26.7653 1.98978
0.395 -4.15544 8.61137
0.396 17.7796 15.9146
0.397 32.9086 22.4345
0.398 37.5498 26.8652
0.399 31.678 28.4731
0.4 18.8929 27.3379
0.401 5.11444 24.3265
0.402 -3.57658 20.7933
0.403 -3.17571 18.099
0.404 6.77613 17.1239
0.405 23.0338 17.9569
0.406 39.817 19.8755
0.407 50.8507 21.6245
0.408 51.5626 21.8945
0.409 40.6973 19.8319
0.41 20.7917 15.3991
0.411 -2.67546 9.44398
0.412 -23.1707 3.43994
0.413 -35.3331 -1.01655
0.414 -36.7184 -2.76428
0.415 -28.4602 -1.48388
0.416 -14.6863 2.19188
0.417 -0.962652 6.89864
0.418 7.66774 11.0104
0.419 8.37639 13.1929
0.42 1.40102 12.8484
0.421 -10.2121 10.2969
0.422 -21.8365 6.62796
0.423 -28.9715 3.28284
0.424 -28.7927 1.5247
0.425 -21.028 1.99483
0.426 -7.92249 4.51221
0.427 6.63217 8.17854
0.428 18.4645 11.7356
0.429 24.4952 14.0331
0.43 23.65 14.4365
0.431 17.044 13.0338
0.432 7.44543 10.577
0.433 -1.73147 8.18465
0.434 -7.53894 6.91988
0.435 -8.36313 7.40006
0.436 -4.30837 9.5823
0.437 2.97575 12.7959
0.438 10.9166 15.9936
0.439 16.8458 18.1127
0.44 18.7608 18.4141
0.441 15.8255 16.6936
0.442 8.52259 13.3115
0.443 -1.54013 9.0455
0.444 -12.0946 4.8219
0.445 -20.8195 1.42333
0.446 -25.9294 -0.719927
0.447 -26.5978 -1.58791
0.448 -23.1282 -1.48157
0.449 -16.8503 -0.850521
0.45 -9.76297 -0.116397
0.451 -3.97975 0.456611
0.452 -1.10076 0.822036
0.453 -1.69672 1.13529
0.454 -5.08648 1.66914
0.455 -9.50454 2.69229
0.456 -12.631 4.36125
0.457 -12.3433 6.66579
0.458 -7.47736 9.43228
0.459 1.64344 12.358
0.46 13.1287 15.0545
0.461 23.9919 17.1039
0.462 31.0657 18.139
0.463 32.0593 17.9338
0.464 26.3856 16.4746
0.465 15.4564 13.9847
0.466 2.32502 10.8979
0.467 -9.2374 7.78685
0.468 -15.953 5.2509
0.469 -16.1385 3.77143
0.47 -10.2928 3.57212
0.471 -0.923958 4.54521
0.472 8.34905 6.28816
0.473 14.0974 8.24239
0.474 14.3139 9.88005
0.475 9.13427 10.8727
0.476 0.791461 11.1906
0.477 -7.19183 11.1011
0.478 -11.3013 11.0543
0.479 -9.36228 11.4805
0.48 -1.41101 12.5738
0.481 10.2353 14.1615
0.482 21.7458 15.7226
0.483 29.1006 16.5503
0.484 29.4949 15.9953
0.485 22.3244 13.7058
0.486 9.40762 9.78814
0.487 -5.63014 4.83102
0.488 -18.5912 -0.23518
0.489 -26.1177 -4.41342
0.49 -26.776 -6.95039
0.491 -21.4326 -7.55851
0.492 -12.8149 -6.46855
0.493 -4.44427 -4.30794
0.494 0.658627 -1.86233
0.495 1.02976 0.195642
0.496 -2.78626 1.52766
0.497 -8.52967 2.22697
0.498 -13.133 2.74506
0.499 -13.8937 3.66786
0.5 -9.47775 5.43754
0.501 -0.401235 8.14205
0.502 11.1579 11.4536
0.503 22.1213 14.7252
0.504 29.5559 17.1976
0.505 31.6302 18.246
0.506 28.1598 17.5944
0.507 20.5781 15.4234
0.508 11.3764 12.3193
0.509 3.23327 9.07426
0.51 -1.85115 6.42108
0.511 -3.12219 4.81172
0.512 -1.17411 4.31428
0.513 2.40014 4.64355
0.514 5.64754 5.2935
0.515 6.94127 5.7244
0.516 5.4919 5.55105
0.517 1.5426 4.66872
0.518 -3.7853 3.26514
0.519 -8.91993 1.71805
0.52 -12.3778 0.433326
0.521 -13.2241 -0.301736
0.522 -11.3115 -0.399187
0.523 -7.25476 0.0264695
0.524 -2.19203 0.717676
0.525 2.56862 1.37443
0.526 5.92048 1.76793
0.527 7.2578 1.826
0.528 6.62743 1.65444
0.529 4.68971 1.4912
0.53 2.50462 1.6226
0.531 1.21684 2.2978
0.532 1.73323 3.6637
0.533 4.46683 5.72609
0.534 9.19592 8.33856
0.535 15.0778 11.2241
0.536 20.8385 14.0274
0.537 25.1093 16.3807
0.538 26.818 17.9653
0.539 25.5096 18.5614
0.54 21.4903 18.0871
0.541 15.752 16.6178
0.542 9.69083 14.3731
0.543 4.69038 11.6636
0.544 1.68727 8.81141
0.545 0.868823 6.07331
0.546 1.62532 3.59194
0.547 2.78796 1.38583
0.548 3.07385 -0.619763
0.549 1.58203 -2.52402
0.55 -1.83135 -4.36176
0.551 -6.43169 -6.03111
0.552 -10.7985 -7.2783
0.553 -13.2915 -7.7578
0.554 -12.6379 -7.1492
0.555 -8.42189 -5.28504
0.556 -1.28921 -2.24322
0.557 7.21107 1.62659
0.558 15.0902 5.75741
0.559 20.5355 9.49595
0.56 22.4788 12.2766
0.561 20.9289 13.7778
0.562 16.9387 14
0.563 12.2042 13.2326
0.564 8.44279 11.9287
0.565 6.79107 10.5372
0.566 7.44159 9.35328
0.567 9.6317 8.43401
0.568 11.9697 7.60909
0.569 12.9803 6.58571
0.57 11.6845 5.10935
0.571 8.00531 3.11365
0.572 2.83712 0.794443
0.573 -2.25746 -1.424
0.574 -5.60256 -3.017
0.575 -5.99957 -3.53453
0.576 -3.14274 -2.76268
0.577 2.2709 -0.814281
0.578 8.7636 1.88884
0.579 14.5572 4.74126
0.58 18.1525 7.14099
0.581 18.8026 8.66723
0.582 16.7067 9.18581
0.583 12.8677 8.8525
0.584 8.69076 8.02156
0.585 5.4833 7.09552
0.586 4.02944 6.36892
0.587 4.36719 5.92467
0.588 5.83391 5.62499
0.589 7.36052 5.19844
0.59 7.90437 4.37944
0.591 6.85093 3.03768
0.592 4.23274 1.24882
0.593 0.704298 -0.712501
0.594 -2.68976 -2.4497
0.595 -4.85915 -3.56678
0.596 -5.01681 -3.79675
0.597 -2.92954 -3.08774
0.598 1.01033 -1.61038
0.599 5.92092 0.313648
0.6 10.7227 2.32523
0.601 14.4686 4.13437
0.602 16.5953 5.58527
0.603 17.0329 6.66928
0.604 16.1715 7.49075
0.605 14.7078 8.19935
0.606 13.4138 8.91256
0.607 12.8852 9.66022
0.608 13.354 10.3748
0.609 14.6336 10.926
0.61 16.2091 11.1752
0.611 17.4209 11.0238
0.612 17.6724 10.4383
0.613 16.608 9.45487
0.614 14.2289 8.16462
0.615 10.9141 6.68686
0.616 7.32478 5.13886
0.617 4.20734 3.61625
0.618 2.15988 2.19021
0.619 1.45217 0.914695
0.62 1.95641 -0.168425
0.621 3.19849 -1.03195
0.622 4.50754 -1.66864
0.623 5.2277 -2.0909
0.624 4.93973 -2.32298
0.625 3.62126 -2.38877
0.626 1.67739 -2.29763
0.627 -0.182426 -2.03031
0.628 -1.17847 -1.53258
0.629 -0.720339 -0.727391
0.63 1.39213 0.451154
0.631 4.88438 2.01338
0.632 9.0665 3.88107
0.633 13.028 5.88401
0.634 15.9158 7.78886
0.635 17.2026 9.3506
0.636 16.8466 10.3727
0.637 15.2822 10.7599
0.638 13.2506 10.5432
0.639 11.5338 9.86471
0.64 10.681 8.92086
0.641 10.8161 7.88778
0.642 11.5928 6.8591
0.643 12.3229 5.82409
0.644 12.2391 4.69231
0.645 10.7985 3.35287
0.646 7.90878 1.74619
0.647 3.99499 -0.0784571
0.648 -0.116193 -1.94359
0.649 -3.4497 -3.57473
0.65 -5.19116 -4.67585
0.651 -4.95149 -5.0234
0.652 -2.89655 -4.5425
0.653 0.309757 -3.33494
0.654 3.73443 -1.64858
0.655 6.49145 0.199459
0.656 8.02595 1.91768
0.657 8.26767 3.3197
0.658 7.6114 4.36141
0.659 6.74264 5.12521
0.66 6.37235 5.7593
0.661 6.9691 6.39591
0.662 8.5806 7.08198
0.663 10.8123 7.75049
0.664 12.9742 8.24278
0.665 14.3373 8.37136
0.666 14.3965 7.99742
0.667 13.0464 7.0928
0.668 10.6159 5.76364
0.669 7.76214 4.22786
0.67 5.26241 2.75437
0.671 3.76725 1.58554
0.672 3.59562 0.87137
0.673 4.64408 0.638663
0.674 6.444 0.802183
0.675 8.33917 1.20904
0.676 9.7101 1.69742
0.677 10.1649 2.14862
0.678 9.64161 2.51615
0.679 8.40178 2.82402
0.68 6.92315 3.13695
0.681 5.7259 3.517
0.682 5.18954 3.98737
0.683 5.42629 4.51779
0.684 6.2565 5.03271
0.685 7.28672 5.43366
0.686 8.05194 5.62646
0.687 8.16977 5.54658
0.688 7.46143 5.17679
0.689 6.00744 4.55095
0.69 4.12211 3.74169
0.691 2.25324 2.8386
0.692 0.840303 1.92953
0.693 0.181747 1.09138
0.694 0.35553 0.386766
0.695 1.21093 -0.140548
0.696 2.4251 -0.471729
0.697 3.60513 -0.614769
0.698 4.40848 -0.598167
0.699 4.64634 -0.459526
0.7 4.33599 -0.234868
0.701 3.68466 0.0498216
0.702 3.01429 0.386756
0.703 2.65724 0.792235
0.704 2.85495 1.30246
0.705 3.6829 1.95451
0.706 5.02004 2.75893
0.707 6.57699 3.67865
0.708 7.98155 4.62565
0.709 8.89412 5.47673
0.71 9.11037 6.10239
0.711 8.61656 6.40051
0.712 7.58602 6.32693
0.713 6.32447 5.91225
0.714 5.17823 5.25485
0.715 4.42473 4.48831
0.716 4.17771 3.73558
0.717 4.34629 3.06938
0.718 4.66994 2.49446
0.719 4.81619 1.95682
0.72 4.50135 1.3756
0.721 3.59203 0.686989
0.722 2.16012 -0.114897
0.723 0.476915 -0.957175
0.724 -1.05717 -1.69969
0.725 -2.03422 -2.17711
0.726 -2.17328 -2.25464
0.727 -1.4156 -1.87506
0.728 0.0564288 -1.08069
0.729 1.88052 -0.00382343
0.73 3.62945 1.17097
0.731 4.94144 2.26168
0.732 5.62766 3.14284
0.733 5.72378 3.77729
0.734 5.46481 4.21143
0.735 5.18846 4.53744
0.736 5.20235 4.84187
0.737 5.6658 5.16318
0.738 6.52807 5.47284
0.739 7.54176 5.68381
0.74 8.3452 5.68258
0.741 8.58784 5.37515
0.742 8.05746 4.73069
0.743 6.76273 3.804
0.744 4.93858 2.72416
0.745 2.9731 1.65471
0.746 1.28484 0.744119
0.747 0.194002 0.0868396
0.748 -0.172237 -0.293414
0.749 0.0885716 -0.437015
0.75 0.697009 -0.423682
0.751 1.29719 -0.338002
0.752 1.58653 -0.236643
0.753 1.41961 -0.130569
0.754 0.848888 0.00961321
0.755 0.0941051 0.229252
0.756 -0.542215 0.559984
0.757 -0.783279 0.999173
0.758 -0.477171 1.5059
0.759 0.346108 2.01219
0.76 1.48271 2.44305
0.761 2.62715 2.73825
0.762 3.47935 2.86903
0.763 3.84345 2.84337
0.764 3.68455 2.69775
0.765 3.13051 2.47985
0.766 2.4233 2.2309
0.767 1.8354 1.97539
0.768 1.57702 1.72139
0.769 1.72643 1.46881
0.77 2.20993 1.21986
0.771 2.83701 0.986449
0.772 3.37229 0.790774
0.773 3.61534 0.658691
0.774 3.46339 0.608908
0.775 2.94136 0.643948
0.776 2.19082 0.747805
0.777 1.42017 0.891574
0.778 0.832608 1.04455
0.779 0.560089 1.18588
0.78 0.627576 1.3117
0.781 0.955892 1.43434
0.782 1.39542 1.57331
0.783 1.77669 1.74102
0.784 1.9642 1.92986
0.785 1.89882 2.10811
0.786 1.61377 2.2278
0.787 1.21664 2.24174
0.788 0.846177 2.12206
0.789 0.623608 1.87265
0.79 0.616241 1.53056
0.791 0.820515 1.15602
0.792 1.16472 0.81408
0.793 1.53047 0.553466
0.794 1.79018 0.3906
0.795 1.84991 0.306127
0.796 1.68016 0.256785
0.797 1.32225 0.197815
0.798 0.871716 0.105629
0.799 0.449717 -0.00953868
0.8 0.171455 -0.105952
0.801 0.116154 -0.125743
0.802 0.304089 -0.0170196
0.803 0.689675 0.244797
0.804 1.17691 0.643649
0.805 1.65198 1.12333
0.806 2.01804 1.60327
0.807 2.21924 2.00417
0.808 2.25091 2.27305
0.809 2.15733 2.3968
0.81 2.01667 2.39996
0.811 1.91324 2.32934
0.812 1.90429 2.23313
0.813 1.99598 2.14215
0.814 2.14052 2.05913
0.815 2.25416 1.95983
0.816 2.24602 1.8058
0.817 2.04729 1.56406
0.818 1.63511 1.22503
0.819 1.0461 0.810994
0.82 0.372638 0.371743
0.821 -0.261278 -0.0300182
0.822 -0.737751 -0.337294
0.823 -0.980757 -0.5148
0.824 -0.975997 -0.557304
0.825 -0.770308 -0.487908
0.826 -0.454162 -0.347371
0.827 -0.133189 -0.17889
0.828 0.10467 -0.0143473
0.829 0.217134 0.13314
0.83 0.219731 0.268552
0.831 0.175917 0.407385
0.832 0.169284 0.564659
0.833 0.270158 0.745096
0.834 0.509012 0.938522
0.835 0.864168 1.12226
0.836 1.26649 1.26899
0.837 1.62018 1.35621
0.838 1.83426 1.37323
0.839 1.85417 1.32375
0.84 1.68105 1.22403
0.841 1.37119 1.09741
0.842 1.01691 0.96697
0.843 0.716957 0.848868
0.844 0.545707 0.749253
0.845 0.529795 0.665727
0.846 0.640022 0.591985
0.847 0.802534 0.522483
0.848 0.926191 0.454798
0.849 0.935568 0.389656
0.85 0.796602 0.329753
0.851 0.526399 0.278184
0.852 0.186141 0.236867
0.853 -0.1392 0.205595
0.854 -0.36861 0.182501
0.855 -0.45212 0.165933
0.856 -0.38735 0.156448
0.857 -0.218281 0.157158
0.858 -0.0166544 0.171955
0.859 0.145618 0.202931
0.86 0.221562 0.248658
0.861 0.203596 0.304126
0.862 0.124377 0.36216
0.863 0.0446092 0.415801
0.864 0.0309541 0.460861
0.865 0.130775 0.497565
0.866 0.353179 0.530228
0.867 0.66427 0.56474
0.868 0.998319 0.604984
0.869 1.27957 0.650011
0.87 1.4459 0.693312
0.871 1.46674 0.724436
0.872 1.35047 0.732437
0.873 1.1398 0.710112
0.874 0.896392 0.65746
0.875 0.680037 0.582681
0.876 0.529709 0.499906
0.877 0.453502 0.424577
0.878 0.430434 0.368581
0.879 0.422254 0.337054
0.88 0.390101 0.327599
0.881 0.309985 0.331817
0.882 0.18198 0.338653
0.883 0.0302192 0.338685
0.884 -0.105989 0.327811
0.885 -0.186461 0.308479
0.886 -0.184554 0.287747
0.887 -0.0966361 0.273321
0.888 0.056329 0.269775
0.889 0.23523 0.276525
0.89 0.394949 0.287843
0.891 0.498081 0.294583
0.892 0.525485 0.287144
0.893 0.480191 0.259094
0.894 0.383949 0.210162
0.895 0.268408 0.146993
0.896 0.164462 0.0810727
0.897 0.0933394 0.0248871
0.898 0.0617824 -0.0117615
0.899 0.0623346 -0.0239997
0.9 0.0783893 -0.0124229
0.901 0.0920375 0.0178002
0.902 0.0914975 0.0589484
0.903 0.0751952 0.103456
0.904 0.0513315 0.14635
0.905 0.0338296 0.186234
0.906 0.0367911 0.224375
0.907 0.0694765 0.262655
0.908 0.133011 0.301629
0.909 0.219524 0.339507
0.91 0.31412 0.372231
0.911 0.399125 0.394438
0.912 0.458973 0.400991
0.913 0.483925 0.388679
0.914 0.471633 0.357467
0.915 0.426643 0.310704
0.916 0.358584 0.25421
0.917 0.279709 0.194742
0.918 0.202164 0.138496
0.919 0.135456 0.0900742
0.92 0.0848498 0.0520764
0.921 0.0510941 0.0252395
0.922 0.0312952 0.00894139
0.923 0.0204822 0.00186299
0.924 0.0133948 0.0025482
0.925 0.00616139 0.00967345
0.926 -0.00243244 0.0220381
0.927 -0.0104997 0.0384333
0.928 -0.0137456 0.0575307
0.929 -0.00713527 0.0778655
0.93 0.0130683 0.0979088
0.931 0.0475805 0.116176
0.932 0.0932229 0.131333
0.933 0.143237 0.142308
0.934 0.188841 0.148388
0.935 0.221693 0.149292
0.936 0.236447 0.145227
0.937 0.232436 0.136942
0.938 0.213825 0.12573
0.939 0.18826 0.113339
0.94 0.164488 0.101743
0.941 0.149687 0.0927441
0.942 0.147243 0.0875326
0.943 0.155705 0.0863806
0.944 0.169389 0.0885914
0.945 0.180532 0.0927078
0.946 0.18214 0.0968998
0.947 0.170373 0.0994201
0.948 0.145659 0.099029
0.949 0.112337 0.0952892
0.95 0.0771353 0.0886036
0.951 0.0469484 0.0799402
0.952 0.0265749 0.0703729
0.953 0.0171646 0.0606804
0.954 0.0160651 0.0511768
0.955 0.0181774 0.0417885
0.956 0.0181601 0.0322764
0.957 0.0124783 0.0224929
0.958 0.000565608 0.0126141
0.959 -0.0151282 0.00327961
0.96 -0.0300733 -0.00446456
0.961 -0.0392716 -0.00946454
0.962 -0.0390789 -0.01088
0.963 -0.0285911 -0.00851108
0.964 -0.00998622 -0.00288
0.965 0.0123241 0.00492764
0.966 0.033276 0.0135507
0.967 0.0487523 0.0216611
0.968 0.0566462 0.0282392
0.969 0.0571721 0.0327652
0.97 0.052451 0.0352499
0.971 0.045551 0.036075
0.972 0.039304 0.0357267
0.973 0.0353426 0.0345707
0.974 0.033741 0.0327686
0.975 0.0333374 0.0303271
0.976 0.0324828 0.0272066
0.977 0.0298299 0.0234266
0.978 0.0248644 0.01914
0.979 0.0180511 0.0146567
0.98 0.010605 0.010394
0.981 0.004005 0.00676079
0.982 -0.000557067 0.00403184
0.983 -0.00256917 0.00227747
0.984 -0.00228797 0.001377
0.985 -0.000533331 0.00109172
0.986 0.00167672 0.00115262
0.987 0.00348306 0.00133088
0.988 0.00441178 0.00147821
0.989 0.00442035 0.00153352
0.99 0.00378393 0.00149956
0.991 0.00289606 0.00140475
0.992 0.00208094 0.00127239
0.993 0.00149301 0.00111054
0.994 0.00112275 0.000919736
0.995 0.000873112 0.000705451
0.996 0.000649222 0.000484621
0.997 0.000414977 0.000282936
0.998 0.000197302 0.000126114
0.999 4.87229e-05 3.06916e-05
0.12 2.49615 1.4912
0.24 2.50539 1.48961
0.36 2.52075 1.48698
0.48 2.54221 1.48331
0.6 2.5697 1.47863
0.72 2.60314 1.47296
0.84 2.64245 1.46632
0.96 2.68751 1.45876
1.08 2.73821 1.4503
1.2 2.79441 1.441
1.32 2.85596 1.43089
1.44 2.92268 1.42002
1.56 2.9944 1.40846
1.68 3.07091 1.39624
1.8 3.15202 1.38344
1.92 3.2375 1.37009
2.04 3.32711 1.35628
2.16 3.42061 1.34204
2.28 3.51774 1.32744
2.4 3.61823 1.31255
2.52 3.72181 1.29741
2.64 3.8282 1.28209
2.76 3.93709 1.26664
2.88 4.04819 1.25111
3 4.1612 1.23555
3.12 4.27579 1.22
3.24 4.39165 1.20452
3.36 4.50847 1.18913
3.48 4.62592 1.17388
3.6 4.74367 1.1588
3.72 4.86141 1.1439
3.84 4.97881 1.12922
3.96 5.09554 1.11478
4.08 5.21129 1.10058
4.2 5.32574 1.08663
4.32 5.43859 1.07293
4.44 5.54952 1.0595
4.56 5.65824 1.04631
4.68 5.76447 1.03337
4.8 5.86791 1.02065
4.92 5.9683 1.00815
5.04 6.06538 0.995831
5.16 6.1589 0.983682
5.28 6.24863 0.971672
5.4 6.33435 0.959775
5.52 6.41584 0.947959
5.64 6.49293 0.936191
5.76 6.56542 0.924441
5.88 6.63318 0.912672
6 6.69604 0.900854
6.12 6.75389 0.888951
6.24 6.80663 0.876932
6.36 6.85416 0.864766
6.48 6.89641 0.852424
6.6 6.93334 0.839879
6.72 6.96492 0.827106
6.84 6.99113 0.814085
6.96 7.01197 0.800796
7.08 7.02748 0.787226
7.2 7.0377 0.773363
7.32 7.04269 0.759203
7.44 7.04253 0.744743
7.56 7.03731 0.729986
7.68 7.02715 0.714938
7.8 7.01218 0.699613
7.92 6.99255 0.684026
8.04 6.9684 0.6682
8.16 6.93992 0.65216
8.28 6.90729 0.635937
8.4 6.87071 0.619567
8.52 6.83038 0.603087
8.64 6.78651 0.586542
8.76 6.73934 0.569977
8.88 6.68909 0.553442
9 6.63601 0.53699
9.12 6.58033 0.520676
9.24 6.52229 0.504556
9.36 6.46215 0.488689
9.48 6.40015 0.473134
9.6 6.33654 0.45795
9.72 6.27156 0.443197
9.84 6.20545 0.428935
9.96 6.13846 0.415222
10.08 6.07081 0.402112
10.2 6.00273 0.389662
10.32 5.93444 0.377921
10.44 5.86615 0.366938
10.56 5.79805 0.356757
10.68 5.73034 0.347419
10.8 5.6632 0.338959
10.92 5.59678 0.331407
11.04 5.53124 0.324789
11.16 5.46673 0.319125
11.28 5.40337 0.314426
11.4 5.34127 0.310701
11.52 5.28052 0.307951
11.64 5.22122 0.306168
11.76 5.16342 0.305342
11.88 5.10719 0.305453
12 5.05256 0.306474
12.12 4.99956 0.308373
12.24 4.94819 0.311112
12.36 4.89845 0.314644
12.48 4.85033 0.318918
12.6 4.80378 0.323877
12.72 4.75878 0.329457
12.84 4.71526 0.335591
12.96 4.67316 0.342206
13.08 4.63241 0.349224
13.2 4.59291 0.356564
13.32 4.55457 0.364143
13.44 4.51729 0.371872
13.56 4.48096 0.379663
13.68 4.44546 0.387425
13.8 4.41069 0.395065
13.92 4.3765 0.402492
14.04 4.34278 0.409612
14.16 4.3094 0.416336
14.28 4.27622 0.422572
14.4 4.24313 0.428234
14.52 4.20999 0.433235
14.64 4.17667 0.437495
14.76 4.14306 0.440934
14.88 4.10903 0.443481
15 4.07448 0.445064
15.12 4.03929 0.445622
15.24 4.00335 0.445096
15.36 3.96658 0.443435
15.48 3.92889 0.440594
15.6 3.89018 0.436535
15.72 3.8504 0.431226
15.84 3.80948 0.424644
15.96 3.76736 0.416772
16.08 3.72399 0.407602
16.2 3.67935 0.397133
16.32 3.6334 0.385372
16.44 3.58613 0.372332
16.56 3.53752 0.358035
16.68 3.48759 0.342512
16.8 3.43634 0.325798
16.92 3.38379 0.307936
17.04 3.32996 0.288977
17.16 3.27491 0.268978
17.28 3.21866 0.248001
17.4 3.16128 0.226113
17.52 3.10282 0.20339
17.64 3.04335 0.179908
17.76 2.98294 0.15575
17.88 2.92167 0.131003
18 2.85962 0.105755
18.12 2.79687 0.0800984
18.24 2.73352 0.054128
18.36 2.66965 0.0279393
18.48 2.60537 0.00162887
18.6 2.54077 -0.0247059
18.72 2.47594 -0.0509681
18.84 2.41099 -0.0770613
18.96 2.34601 -0.10289
19.08 2.2811 -0.128361
19.2 2.21636 -0.153384
19.32 2.15188 -0.177868
19.44 2.08775 -0.20173
19.56 2.02405 -0.224888
19.68 1.96089 -0.247263
19.8 1.89833 -0.268782
19.92 1.83647 -0.289377
20.04 1.77536 -0.308983
20.16 1.71509 -0.327543
20.28 1.65571 -0.345004
20.4 1.5973 -0.361317
20.52 1.5399 -0.376443
20.64 1.48357 -0.390345
20.76 1.42835 -0.402994
20.88 1.37428 -0.414366
21 1.3214 -0.424444
21.12 1.26975 -0.433216
21.24 1.21934 -0.440678
21.36 1.17019 -0.446829
21.48 1.12234 -0.451676
21.6 1.07578 -0.455229
21.72 1.03053 -0.457506
21.84 0.986585 -0.458529
21.96 0.943953 -0.458324
22.08 0.902629 -0.456923
22.2 0.862606 -0.454361
22.32 0.823875 -0.450678
22.44 0.786424 -0.445918
22.56 0.750238 -0.440126
22.68 0.7153 -0.433352
22.8 0.681591 -0.425648
22.92 0.64909 -0.417069
23.04 0.617775 -0.407672
23.16 0.587623 -0.397514
23.28 0.558609 -0.386654
23.4 0.530707 -0.375153
23.52 0.503892 -0.363071
23.64 0.478136 -0.350469
23.76 0.453414 -0.337409
23.88 0.429697 -0.323951
24 0.40696 -0.310154
24.12 0.385174 -0.296078
24.24 0.364314 -0.28178
24.36 0.344352 -0.267317
24.48 0.325262 -0.252744
24.6 0.307018 -0.238113
24.72 0.289595 -0.223475
24.84 0.272968 -0.208879
24.96 0.257111 -0.194372
25.08 0.242002 -0.179997
25.2 0.227616 -0.165795
25.32 0.213929 -0.151806
25.44 0.200919 -0.138065
25.56 0.188563 -0.124606
25.68 0.176839 -0.11146
25.8 0.165724 -0.0986534
25.92 0.155198 -0.0862121
26.04 0.145238 -0.0741581
26.16 0.135823 -0.062511
26.28 0.126931 -0.0512876
26.4 0.118543 -0.0405021
26.52 0.110637 -0.0301662
26.64 0.103191 -0.0202891
26.76 0.0961853 -0.0108776
26.88 0.0895991 -0.00193642
27 0.0834117 0.00653217
27.12 0.0776025 0.0145278
27.24 0.0721509 0.0220521
27.36 0.0670367 0.0291085
27.48 0.0622398 0.0357021
27.6 0.0577401 0.0418397
27.72 0.0535179 0.0475294
27.84 0.0495539 0.0527808
27.96 0.045829 0.0576046
28.08 0.0423246 0.0620126
28.2 0.0390224 0.0660176
28.32 0.0359051 0.0696331
28.44 0.0329555 0.0728737
28.56 0.0301574 0.0757542
28.68 0.0274952 0.0782901
28.8 0.0249543 0.0804973
28.92 0.0225209 0.0823921
29.04 0.0201821 0.0839909
29.16 0.0179261 0.0853102
29.28 0.015742 0.0863665
29.4 0.0136201 0.0871765
29.52 0.011552 0.0877567
29.64 0.00953005 0.0881231
29.76 0.00754818 0.088292
29.88 0.0056013 0.0882788
30 0.00368555 0.0880991
30.12 0.00179825 0.0877677
30.24 -6.21358e-05 0.0872991
30.36 -0.00189602 0.0867072
30.48 -0.00370272 0.0860056
30.6 -0.00548054 0.0852071
30.72 -0.00722682 0.0843239
30.84 -0.00893798 0.0833678
30.96 -0.0106096 0.0823498
31.08 -0.0122367 0.0812803
31.2 -0.0138133 0.080169
31.32 -0.0153334 0.079025
31.44 -0.01679 0.0778567
31.56 -0.0181761 0.0766717
31.68 -0.0194846 0.0754771
31.8 -0.020708 0.0742792
31.92 -0.0218391 0.0730837
32.04 -0.0228705 0.0718957
32.16 -0.0237953 0.0707194
32.28 -0.024607 0.0695586
32.4 -0.0252993 0.0684165
32.52 -0.0258667 0.0672955
32.64 -0.0263042 0.0661975
32.76 -0.0266076 0.065124
32.88 -0.0267736 0.0640758
33 -0.0267996 0.0630532
33.12 -0.0266841 0.0620561
33.24 -0.0264266 0.0610838
33.36 -0.0260274 0.0601354
33.48 -0.0254882 0.0592096
33.6 -0.0248115 0.0583044
33.72 -0.0240011 0.0574181
33.84 -0.0230616 0.0565481
33.96 -0.0219989 0.055692
34.08 -0.0208198 0.054847
34.2 -0.0195321 0.0540101
34.32 -0.0181444 0.0531785
34.44 -0.0166663 0.0523489
34.56 -0.0151082 0.0515181
34.68 -0.013481 0.0506831
34.8 -0.0117964 0.0498407
34.92 -0.0100664 0.0489878
35.04 -0.00830372 0.0481214
35.16 -0.00652108 0.0472387
35.28 -0.00473152 0.0463371
35.4 -0.00294811 0.0454142
35.52 -0.00118391 0.0444676
35.64 0.000548199 0.0434954
35.76 0.0022356 0.042496
35.88 0.00386606 0.0414678
36 0.00542782 0.04041
36.12 0.00690973 0.0393217
36.24 0.00830132 0.0382026
36.36 0.00959288 0.0370527
36.48 0.0107756 0.0358722
36.6 0.0118416 0.034662
36.72 0.0127838 0.033423
36.84 0.0135966 0.0321568
36.96 0.0142751 0.0308652
37.08 0.0148158 0.0295503
37.2 0.015216 0.0282146
37.32 0.0154747 0.0268609
37.44 0.0155915 0.0254925
37.56 0.0155677 0.0241125
37.68 0.0154052 0.0227248
37.8 0.0151075 0.0213332
37.92 0.0146789 0.0199419
38.04 0.0141247 0.0185549
38.16 0.0134512 0.0171769
38.28 0.0126658 0.0158121
38.4 0.0117763 0.0144654
38.52 0.0107917 0.0131411
38.64 0.00972119 0.011844
38.76 0.00857485 0.0105786
38.88 0.00736308 0.00934947
39 0.00609664 0.0081609
39.12 0.00478656 0.00701718
39.24 0.00344402 0.00592237
39.36 0.00208025 0.00488034
39.48 0.000706441 0.0038947
39.6 -0.000666365 0.00296883
39.72 -0.00202737 0.00210577
39.84 -0.00336611 0.00130827
39.96 -0.00467252 0.000578751
40.08 -0.00593706 -8.07462e-05
40.2 -0.00715074 -0.00066854
40.32 -0.00830521 -0.00118333
40.44 -0.00939282 -0.00162423
40.56 -0.0104067 -0.00199073
40.68 -0.0113406 -0.00228273
40.8 -0.0121895 -0.00250054
40.92 -0.0129487 -0.00264487
41.04 -0.0136147 -0.0027168
41.16 -0.0141849 -0.00271784
41.28 -0.0146575 -0.00264982
41.4 -0.0150314 -0.00251495
41.52 -0.0153066 -0.00231579
41.64 -0.0154838 -0.00205518
41.76 -0.0155645 -0.00173628
41.88 -0.0155511 -0.00136252
42 -0.0154464 -0.000937556
42.12 -0.0152542 -0.000465271
42.24 -0.0149788 5.0274e-05
42.36 -0.0146248 0.000604862
42.48 -0.0141977 0.00119416
42.6 -0.013703 0.00181372
42.72 -0.013147 0.00245908
42.84 -0.0125359 0.0031257
42.96 -0.0118762 0.00380908
43.08 -0.0111748 0.00450473
43.2 -0.0104383 0.00520826
43.32 -0.0096735 0.00591532
43.44 -0.00888726 0.00662173
43.56 -0.00808615 0.00732342
43.68 -0.00727665 0.00801652
43.8 -0.00646499 0.00869731
43.92 -0.00565716 0.00936233
44.04 -0.00485882 0.0100083
44.16 -0.00407528 0.0106322
44.28 -0.00331146 0.0112314
44.4 -0.00257189 0.0118032
44.52 -0.00186065 0.0123455
44.64 -0.00118135 0.0128564
44.76 -0.000537166 0.0133342
44.88 6.92028e-05 0.0137775
45 0.000635532 0.0141852
45.12 0.00116006 0.0145567
45.24 0.00164147 0.0148912
45.36 0.0020789 0.0151886
45.48 0.0024719 0.0154487
45.6 0.00282043 0.015672
45.72 0.00312482 0.0158587
45.84 0.00338574 0.0160096
45.96 0.0036042 0.0161255
46.08 0.00378147 0.0162075
46.2 0.00391907 0.0162568
46.32 0.00401877 0.0162747
46.44 0.00408248 0.0162627
46.56 0.00411229 0.0162225
46.68 0.00411038 0.0161556
46.8 0.00407901 0.0160639
46.92 0.00402049 0.0159491
47.04 0.00393715 0.0158131
47.16 0.0038313 0.0156578
47.28 0.0037052 0.0154849
47.4 0.00356107 0.0152963
47.52 0.00340102 0.0150939
47.64 0.00322706 0.0148793
47.76 0.00304108 0.0146544
47.88 0.00284486 0.0144207
48 0.00264001 0.0141799
48.12 0.002428 0.0139334
48.24 0.00221015 0.0136825
48.36 0.00198763 0.0134287
48.48 0.00176146 0.0131731
48.6 0.00153252 0.0129169
48.72 0.00130155 0.0126609
48.84 0.00106915 0.0124062
48.96 0.000835833 0.0121534
49.08 0.000601981 0.0119034
49.2 0.000367904 0.0116566
49.32 0.000133834 0.0114137
49.44 -0.000100056 0.0111749
49.56 -0.00033363 0.0109407
49.68 -0.000566778 0.0107112
49.8 -0.000799399 0.0104868
49.92 -0.00103138 0.0102674
50.04 -0.00126259 0.0100531
50.16 -0.00149286 0.00984395
50.28 -0.00172196 0.00963992
50.4 -0.00194963 0.00944092
50.52 -0.00217549 0.00924684
50.64 -0.00239913 0.00905756
50.76 -0.00262002 0.00887295
50.88 -0.00283756 0.00869283
51 -0.00305106 0.00851707
51.12 -0.00325972 0.00834549
51.24 -0.00346267 0.00817796
51.36 -0.00365895 0.00801431
51.48 -0.00384752 0.00785442
51.6 -0.00402726 0.00769817
51.72 -0.00419701 0.00754546
51.84 -0.00435553 0.00739619
51.96 -0.00450157 0.0072503
52.08 -0.00463384 0.00710775
52.2 -0.00475104 0.0069685
52.32 -0.00485188 0.00683254
52.44 -0.00493508 0.00669987
52.56 -0.00499942 0.00657053
52.68 -0.0050437 0.00644453
52.8 -0.00506683 0.00632192
52.92 -0.00506776 0.00620276
53.04 -0.00504557 0.00608711
53.16 -0.00499944 0.00597503
53.28 -0.00492868 0.00586659
53.4 -0.00483274 0.00576185
53.52 -0.00471121 0.00566087
53.64 -0.00456383 0.0055637
53.76 -0.00439052 0.00547038
53.88 -0.00419136 0.00538096
54 -0.0039666 0.00529544
54.12 -0.00371665 0.00521384
54.24 -0.00344211 0.00513615
54.36 -0.00314374 0.00506233
54.48 -0.00282245 0.00499235
54.6 -0.00247934 0.00492614
54.72 -0.00211562 0.00486363
54.84 -0.00173266 0.00480471
54.96 -0.00133195 0.00474929
55.08 -0.000915114 0.00469722
55.2 -0.000483842 0.00464837
55.32 -3.9931e-05 0.00460259
55.44 0.000414759 0.00455972
55.56 0.000878316 0.00451957
55.68 0.00134879 0.00448198
55.8 0.00182423 0.00444677
55.92 0.00230265 0.00441375
56.04 0.00278212 0.00438273
56.16 0.00326073 0.00435355
56.28 0.00373661 0.00432603
56.4 0.00420796 0.00430001
56.52 0.00467308 0.00427533
56.64 0.00513033 0.00425185
56.76 0.00557822 0.00422945
56.88 0.00601532 0.00420802
57 0.00644038 0.00418746
57.12 0.00685226 0.0041677
57.24 0.00724994 0.00414869
57.36 0.00763258 0.00413037
57.48 0.00799946 0.00411275
57.6 0.00835001 0.00409581
57.72 0.00868382 0.00407958
57.84 0.0090006 0.0040641
57.96 0.0093002 0.00404943
58.08 0.00958263 0.00403562
58.2 0.00984798 0.00402277
58.32 0.0100965 0.00401098
58.44 0.0103285 0.00400035
58.56 0.0105444 0.00399098
58.68 0.0107448 0.00398301
58.8 0.0109301 0.00397655
58.92 0.0111011 0.00397172
59.04 0.0112584 0.00396864
59.16 0.0114028 0.00396742
59.28 0.0115349 0.00396816
59.4 0.0116555 0.00397097
59.52 0.0117653 0.00397592
59.64 0.011865 0.00398309
59.76 0.0119553 0.00399252
59.88 0.0120368 0.00400425
60 0.01211 0.00401829
60.12 0.0121755 0.00403463
60.24 0.0122337 0.00405325
60.36 0.0122849 0.0040741
60.48 0.0123295 0.0040971
60.6 0.0123676 0.00412215
60.72 0.0123993 0.00414914
60.84 0.0124246 0.00417793
60.96 0.0124436 0.00420837
61.08 0.012456 0.00424026
61.2 0.0124616 0.00427342
61.32 0.0124602 0.00430764
61.44 0.0124512 0.00434268
61.56 0.0124344 0.00437832
61.68 0.0124093 0.00441431
61.8 0.0123752 0.00445039
61.92 0.0123318 0.00448631
62.04 0.0122783 0.00452182
62.16 0.0122142 0.00455666
62.28 0.012139 0.00459057
62.4 0.0120519 0.00462333
62.52 0.0119526 0.00465468
62.64 0.0118404 0.00468441
62.76 0.0117149 0.00471232
62.88 0.0115757 0.00473821
63 0.0114224 0.00476191
63.12 0.0112547 0.00478327
63.24 0.0110725 0.00480216
63.36 0.0108756 0.00481847
63.48 0.0106641 0.00483213
63.6 0.010438 0.00484307
63.72 0.0101974 0.00485125
63.84 0.00994279 0.00485668
63.96 0.00967447 0.00485937
64.08 0.00939298 0.00485936
64.2 0.00909892 0.00485671
64.32 0.00879302 0.00485152
64.44 0.00847609 0.00484389
64.56 0.00814905 0.00483394
64.68 0.00781289 0.00482183
64.8 0.00746868 0.00480772
64.92 0.00711757 0.00479178
65.04 0.00676076 0.00477421
65.16 0.0063995 0.0047552
65.28 0.00603508 0.00473496
65.4 0.00566881 0.0047137
65.52 0.00530202 0.00469165
65.64 0.00493605 0.00466901
65.76 0.00457222 0.00464601
65.88 0.00421181 0.00462285
66 0.0038561 0.00459975
66.12 0.0035063 0.00457691
66.24 0.00316356 0.00455452
66.36 0.00282896 0.00453276
66.48 0.00250352 0.00451181
66.6 0.00218813 0.00449183
66.72 0.00188363 0.00447296
66.84 0.0015907 0.00445533
66.96 0.00130995 0.00443907
67.08 0.00104184 0.00442427
67.2 0.000786738 0.00441103
67.32 0.000544854 0.0043994
67.44 0.000316282 0.00438946
67.56 0.000100987 0.00438122
67.68 -0.000101197 0.00437473
67.8 -0.000290566 0.00436998
67.92 -0.000467538 0.00436696
68.04 -0.000632653 0.00436567
68.16 -0.000786568 0.00436606
68.28 -0.000930049 0.00436808
68.4 -0.00106396 0.00437167
68.52 -0.00118927 0.00437675
68.64 -0.00130703 0.00438324
68.76 -0.00141835 0.00439104
68.88 -0.00152443 0.00440003
69 -0.00162651 0.00441009
69.12 -0.00172589 0.00442109
69.24 -0.00182388 0.00443287
69.36 -0.00192183 0.00444528
69.48 -0.00202108 0.00445815
69.6 -0.002123 0.00447129
69.72 -0.00222893 0.00448452
69.84 -0.00234017 0.00449762
69.96 -0.002458 0.00451038
70.08 -0.00258367 0.00452257
70.2 -0.00271836 0.00453395
70.32 -0.00286318 0.00454427
70.44 -0.00301919 0.00455326
70.56 -0.00318735 0.00456065
70.68 -0.00336855 0.00456616
70.8 -0.00356358 0.00456949
70.92 -0.00377314 0.00457035
71.04 -0.00399782 0.00456842
71.16 -0.00423813 0.0045634
71.28 -0.00449445 0.00455498
71.4 -0.00476707 0.00454284
71.52 -0.00505616 0.00452669
71.64 -0.00536179 0.00450623
71.76 -0.00568395 0.00448116
71.88 -0.00602248 0.00445122
72 -0.00637717 0.00441617
72.12 -0.00674768 0.00437577
72.24 -0.0071336 0.00432985
72.36 -0.00753443 0.00427823
72.48 -0.00794959 0.00422083
72.6 -0.00837844 0.00415757
72.72 -0.00882024 0.00408846
72.84 -0.00927424 0.00401356
72.96 -0.0097396 0.00393299
73.08 -0.0102155 0.00384696
73.2 -0.0107009 0.00375577
73.32 -0.011195 0.0036598
73.44 -0.0116968 0.00355952
73.56 -0.0122053 0.0034555
73.68 -0.0127196 0.00334845
73.8 -0.0132386 0.00323914
73.92 -0.0137615 0.00312849
74.04 -0.0142873 0.00301753
74.16 -0.0148151 0.0029074
74.28 -0.0153439 0.00279939
74.4 -0.0158729 0.00269486
74.52 -0.0164013 0.00259534
74.64 -0.0169284 0.00250245
74.76 -0.0174533 0.00241794
74.88 -0.0179754 0.00234364
75 -0.018494 0.00228152
75.12 -0.0190087 0.0022336
75.24 -0.0195188 0.00220203
75.36 -0.020024 0.00218899
75.48 -0.0205237 0.00219675
75.6 -0.0210178 0.00222762
75.72 -0.0215058 0.00228391
75.84 -0.0219875 0.002368
75.96 -0.0224628 0.00248222
76.08 -0.0229315 0.00262889
76.2 -0.0233935 0.00281028
76.32 -0.0238488 0.00302863
76.44 -0.0242972 0.00328605
76.56 -0.0247389 0.00358455
76.68 -0.0251738 0.00392604
76.8 -0.025602 0.00431225
76.92 -0.0260236 0.00474472
77.04 -0.0264385 0.00522483
77.16 -0.0268468 0.00575371
77.28 -0.0272486 0.00633226
77.4 -0.0276438 0.00696111
77.52 -0.0280324 0.0076406
77.64 -0.0284145 0.00837079
77.76 -0.0287897 0.00915142
77.88 -0.0291581 0.00998188
78 -0.0295193 0.0108612
78.12 -0.0298731 0.0117882
78.24 -0.0302191 0.0127611
78.36 -0.0305567 0.013778
78.48 -0.0308855 0.0148364
78.6 -0.0312048 0.0159336
78.72 -0.0315138 0.0170665
78.84 -0.0318117 0.0182315
78.96 -0.0320973 0.019425
79.08 -0.0323697 0.0206427
79.2 -0.0326275 0.0218802
79.32 -0.0328694 0.0231327
79.44 -0.0330939 0.0243952
79.56 -0.0332993 0.0256623
79.68 -0.033484 0.0269287
79.8 -0.033646 0.0281886
79.92 -0.0337834 0.0294361
80.04 -0.033894 0.0306653
80.16 -0.0339757 0.0318703
80.28 -0.0340261 0.0330448
80.4 -0.0340429 0.0341829
80.52 -0.0340236 0.0352785
80.64 -0.0339656 0.0363258
80.76 -0.0338665 0.0373189
80.88 -0.0337235 0.0382523
81 -0.033534 0.0391205
81.12 -0.0332955 0.0399186
81.24 -0.0330052 0.0406417
81.36 -0.0326608 0.0412855
81.48 -0.0322596 0.0418458
81.6 -0.0317992 0.0423192
81.72 -0.0312775 0.0427024
81.84 -0.0306921 0.0429931
81.96 -0.0300412 0.0431889
82.08 -0.0293228 0.0432885
82.2 -0.0285356 0.0432909
82.32 -0.027678 0.0431958
82.44 -0.026749 0.0430035
82.56 -0.0257479 0.0427147
82.68 -0.0246742 0.0423312
82.8 -0.0235278 0.0418548
82.92 -0.0223089 0.0412884
83.04 -0.0210181 0.0406354
83.16 -0.0196566 0.0398995
83.28 -0.0182258 0.0390853
83.4 -0.0167276 0.0381976
83.52 -0.0151644 0.0372421
83.64 -0.0135391 0.0362244
83.76 -0.0118551 0.0351511
83.88 -0.0101161 0.0340286
84 -0.00832648 0.0328641
84.12 -0.00649109 0.0316647
84.24 -0.00461522 0.0304378
84.36 -0.00270466 0.0291909
84.48 -0.000765679 0.0279317
84.6 0.001195 0.0266677
84.72 0.0031702 0.0254065
84.84 0.00515236 0.0241555
84.96 0.00713349 0.0229218
85.08 0.00910525 0.0217123
85.2 0.011059 0.0205336
85.32 0.0129857 0.0193918
85.44 0.0148763 0.0182927
85.56 0.0167213 0.0172413
85.68 0.0185111 0.0162421
85.8 0.020236 0.0152992
85.92 0.0218864 0.0144157
86.04 0.0234526 0.013594
86.16 0.0249248 0.0128359
86.28 0.0262935 0.0121423
86.4 0.0275495 0.0115132
86.52 0.0286836 0.0109477
86.64 0.0296871 0.0104443
86.76 0.0305516 0.0100003
86.88 0.0312692 0.00961227
87 0.0318323 0.00927602
87.12 0.0322343 0.00898637
87.24 0.032469 0.00873736
87.36 0.0325307 0.00852225
87.48 0.0324147 0.00833355
87.6 0.0321172 0.00816307
87.72 0.0316351 0.00800197
87.84 0.0309661 0.00784085
87.96 0.0301091 0.00766976
88.08 0.0290639 0.00747833
88.2 0.0278312 0.00725584
88.32 0.026413 0.00699128
88.44 0.024812 0.00667346
88.56 0.0230324 0.00629108
88.68 0.0210792 0.00583289
88.8 0.0189587 0.00528769
88.92 0.016678 0.00464453
89.04 0.0142455 0.00389274
89.16 0.0116707 0.00302208
89.28 0.00896387 0.0020228
89.4 0.00613651 0.000885766
89.52 0.00320094 -0.000397432
89.64 0.000170395 -0.00183441
89.76 -0.00294105 -0.0034319
89.88 -0.00611854 -0.00519563
90 -0.00934655 -0.00713029
90.12 -0.0126089 -0.0092394
90.24 -0.0158889 -0.0115253
90.36 -0.0191694 -0.0139891
90.48 -0.0224329 -0.0166305
90.6 -0.0256617 -0.0194479
90.72 -0.0288377 -0.0224383
90.84 -0.0319432 -0.0255973
90.96 -0.03496 -0.028919
91.08 -0.0378707 -0.0323961
91.2 -0.0406575 -0.0360198
91.32 -0.0433036 -0.0397799
91.44 -0.0457923 -0.043665
91.56 -0.0481077 -0.047662
91.68 -0.0502345 -0.0517567
91.8 -0.0521583 -0.0559337
91.92 -0.0538657 -0.0601761
92.04 -0.0553442 -0.0644663
92.16 -0.0565823 -0.0687854
92.28 -0.0575701 -0.0731137
92.4 -0.0582985 -0.0774305
92.52 -0.05876 -0.0817147
92.64 -0.0589485 -0.0859443
92.76 -0.0588595 -0.0900969
92.88 -0.0584896 -0.0941499
93 -0.0578374 -0.0980805
93.12 -0.0569029 -0.101866
93.24 -0.0556877 -0.105482
93.36 -0.0541949 -0.108908
93.48 -0.0524295 -0.112121
93.6 -0.0503977 -0.115098
93.72 -0.0481076 -0.117819
93.84 -0.0455686 -0.120264
93.96 -0.0427918 -0.122412
94.08 -0.0397895 -0.124247
94.2 -0.0365754 -0.125749
94.32 -0.0331646 -0.126905
94.44 -0.0295734 -0.127699
94.56 -0.025819 -0.128118
94.68 -0.0219198 -0.128151
94.8 -0.0178949 -0.127789
94.92 -0.0137643 -0.127024
95.04 -0.0095486 -0.125851
95.16 -0.00526891 -0.124264
95.28 -0.000946694 -0.122263
95.4 0.00339634 -0.119847
95.52 0.00773839 -0.11702
95.64 0.0120577 -0.113784
95.76 0.0163327 -0.110146
95.88 0.0205422 -0.106115
96 0.0246654 -0.1017
96.12 0.0286822 -0.0969152
96.24 0.0325732 -0.0917732
96.36 0.0363199 -0.0862904
96.48 0.0399048 -0.0804846
96.6 0.0433115 -0.0743752
96.72 0.0465249 -0.0679832
96.84 0.0495312 -0.0613312
96.96 0.0523181 -0.0544427
97.08 0.0548746 -0.0473429
97.2 0.0571917 -0.0400578
97.32 0.0592616 -0.0326143
97.44 0.0610786 -0.0250402
97.56 0.0626384 -0.0173638
97.68 0.0639389 -0.00961396
97.8 0.0649793 -0.00181963
97.92 0.065761 0.00598993
98.04 0.066287 0.0137856
98.16 0.0665622 0.0215385
98.28 0.066593 0.02922
98.4 0.0663877 0.0368021
98.52 0.0659561 0.0442577
98.64 0.0653097 0.0515602
98.76 0.0644613 0.0586842
98.88 0.0634252 0.0656056
99 0.0622169 0.0723013
99.12 0.0608531 0.0787499
99.24 0.0593517 0.0849312
99.36 0.0577313 0.0908271
99.48 0.0560113 0.0964207
99.6 0.054212 0.101697
99.72 0.052354 0.106644
99.84 0.0504583 0.111251
99.96 0.0485463 0.115507
100.08 0.0466392 0.119407
100.2 0.0447583 0.122946
100.32 0.0429248 0.12612
100.44 0.0411593 0.12893
100.56 0.0394822 0.131376
100.68 0.0379128 0.133463
100.8 0.0364703 0.135195
100.92 0.0351724 0.136579
101.04 0.0340363 0.137626
101.16 0.0330777 0.138345
101.28 0.0323114 0.138749
101.4 0.0317507 0.138852
101.52 0.0314078 0.13867
101.64 0.0312933 0.138219
101.76 0.0314162 0.137518
101.88 0.0317842 0.136585
102 0.0324034 0.135441
102.12 0.0332782 0.134106
102.24 0.0344115 0.132602
102.36 0.0358046 0.130949
102.48 0.0374572 0.129171
102.6 0.0393677 0.127289
102.72 0.0415326 0.125325
102.84 0.0439471 0.123301
102.96 0.0466052 0.121239
103.08 0.0494993 0.11916
103.2 0.0526207 0.117084
103.32 0.0559594 0.115031
103.44 0.0595045 0.113019
103.56 0.0632438 0.111066
103.68 0.0671646 0.109188
103.8 0.0712532 0.1074
103.92 0.0754951 0.105718
104.04 0.0798756 0.104151
104.16 0.0843791 0.102712
104.28 0.0889901 0.10141
104.4 0.0936924 0.100252
104.52 0.0984701 0.0992439
104.64 0.103307 0.0983899
104.76 0.108187 0.0976924
104.88 0.113095 0.0971521
105 0.118014 0.0967678
105.12 0.12293 0.0965368
105.24 0.127827 0.0964546
105.36 0.132692 0.096515
105.48 0.13751 0.0967105
105.6 0.142269 0.0970318
105.72 0.146956 0.0974683
105.84 0.151559 0.0980081
105.96 0.156068 0.098638
106.08 0.160471 0.0993436
106.2 0.16476 0.10011
106.32 0.168925 0.10092
106.44 0.172958 0.101757
106.56 0.176853 0.102604
106.68 0.180602 0.103442
106.8 0.1842 0.104253
106.92 0.187641 0.105017
107.04 0.190922 0.105716
107.16 0.194036 0.106331
107.28 0.196982 0.106842
107.4 0.199756 0.107232
107.52 0.202356 0.107482
107.64 0.204778 0.107574
107.76 0.207021 0.107491
107.88 0.209083 0.107218
108 0.210962 0.106738
108.12 0.212656 0.106037
108.24 0.214165 0.105102
108.36 0.215486 0.103921
108.48 0.216618 0.102482
108.6 0.217559 0.100776
108.72 0.218308 0.0987943
108.84 0.218861 0.0965299
108.96 0.219218 0.0939772
109.08 0.219375 0.091132
109.2 0.21933 0.0879916
109.32 0.21908 0.084555
109.44 0.218622 0.0808223
109.56 0.217953 0.0767953
109.68 0.217069 0.0724773
109.8 0.215967 0.067873
109.92 0.214642 0.0629884
110.04 0.213091 0.0578311
110.16 0.21131 0.0524099
110.28 0.209295 0.0467348
110.4 0.207042 0.0408172
110.52 0.204548 0.0346695
110.64 0.201809 0.0283053
110.76 0.198821 0.0217392
110.88 0.195582 0.0149867
111 0.19209 0.00806425
111.12 0.188342 0.000989069
111.24 0.184337 -0.00622091
111.36 0.180074 -0.0135471
111.48 0.175554 -0.0209703
111.6 0.170777 -0.028471
111.72 0.165745 -0.036029
111.84 0.16046 -0.043624
111.96 0.154926 -0.0512354
112.08 0.149147 -0.0588423
112.2 0.14313 -0.0664238
112.32 0.136881 -0.0739588
112.44 0.130407 -0.0814265
112.56 0.123719 -0.0888058
112.68 0.116826 -0.0960761
112.8 0.109739 -0.103217
112.92 0.102472 -0.110207
113.04 0.0950378 -0.117028
113.16 0.087451 -0.123658
113.28 0.0797276 -0.13008
113.4 0.0718844 -0.136273
113.52 0.0639391 -0.142219
113.64 0.0559104 -0.147901
113.76 0.0478176 -0.1533
113.88 0.0396808 -0.158401
114 0.0315205 -0.163185
114.12 0.0233579 -0.167639
114.24 0.0152146 -0.171746
114.36 0.00711211 -0.175491
114.48 -0.000927565 -0.178862
114.6 -0.0088826 -0.181846
114.72 -0.0167313 -0.184428
114.84 -0.0244521 -0.1866
114.96 -0.0320239 -0.188348
115.08 -0.0394262 -0.189665
115.2 -0.0466391 -0.190539
115.32 -0.0536432 -0.190965
115.44 -0.0604205 -0.190933
115.56 -0.0669535 -0.190439
115.68 -0.073226 -0.189476
115.8 -0.0792232 -0.188041
115.92 -0.0849312 -0.186131
116.04 -0.0903379 -0.183743
116.16 -0.0954322 -0.180877
116.28 -0.100205 -0.177534
116.4 -0.104648 -0.173715
116.52 -0.108756 -0.169423
116.64 -0.112524 -0.164663
116.76 -0.115948 -0.15944
116.88 -0.119029 -0.153761
117 -0.121765 -0.147635
117.12 -0.12416 -0.141072
117.24 -0.126216 -0.134084
117.36 -0.127939 -0.126683
117.48 -0.129335 -0.118884
117.6 -0.130412 -0.110704
117.72 -0.13118 -0.102159
117.84 -0.131649 -0.0932693
117.96 -0.131831 -0.0840553
118.08 -0.131737 -0.0745393
118.2 -0.131383 -0.0647448
118.32 -0.130782 -0.054697
118.44 -0.129949 -0.0444223
118.56 -0.1289 -0.0339486
118.68 -0.12765 -0.023305
118.8 -0.126216 -0.0125218
118.92 -0.124614 -0.00163038
119.04 -0.12286 0.00933685
119.16 -0.120971 0.0203465
119.28 -0.118961 0.0313645
119.4 -0.116848 0.0423561
119.52 -0.114645 0.0532857
119.64 -0.112367 0.0641177
119.76 -0.110027 0.074816
119.88 -0.107639 0.0853445
120 -0.105214 0.095667
