-0.999 -4.97265e-05 -4.03922e-05
-0.998 -0.000223926 -0.000158279
-0.997 -0.000539474 -0.000344205
-0.996 -0.000970799 -0.000585166
-0.995 -0.00145524 -0.000867363
-0.994 -0.00193074 -0.0011766
-0.993 -0.00238279 -0.00149519
-0.992 -0.00286151 -0.0017985
-0.991 -0.00344513 -0.00205615
-0.99 -0.00416158 -0.00224035
-0.989 -0.00490546 -0.00233904
-0.988 -0.00539962 -0.00237016
-0.987 -0.00525297 -0.00239333
-0.986 -0.00414234 -0.00251483
-0.985 -0.00207081 -0.00287972
-0.984 0.000433829 -0.00364642
-0.983 0.00233371 -0.00494937
-0.982 0.00236635 -0.00686375
-0.981 -0.000487463 -0.00938389
-0.98 -0.00653939 -0.0124228
-0.979 -0.0151236 -0.0158343
-0.978 -0.0246618 -0.0194472
-0.977 -0.0331251 -0.0230963
-0.976 -0.0388052 -0.0266363
-0.975 -0.0410953 -0.0299344
-0.974 -0.0408667 -0.0328457
-0.973 -0.0401648 -0.035185
-0.972 -0.0412866 -0.0367049
-0.971 -0.0456242 -0.0370971
-0.97 -0.0527734 -0.0360429
-0.969 -0.0602911 -0.0333192
-0.968 -0.0642925 -0.0289168
-0.967 -0.0608248 -0.0231139
-0.966 -0.0476179 -0.0164754
-0.965 -0.0254806 -0.00978634
-0.964 0.00140143 -0.0039394
-0.963 0.0265704 0.000213751
-0.962 0.0434368 0.00203435
-0.961 0.0476045 0.00123843
-0.96 0.0384954 -0.00207136
-0.959 0.0196863 -0.00750532
-0.958 -0.00224501 -0.0145482
-0.957 -0.0201224 -0.0227019
-0.956 -0.0290335 -0.0315834
-0.955 -0.028454 -0.0409773
-0.954 -0.0225899 -0.0508227
-0.953 -0.0186843 -0.0611061
-0.952 -0.0240243 -0.0716884
-0.951 -0.0429181 -0.0821738
-0.95 -0.0747655 -0.0919266
-0.949 -0.113869 -0.10022
-0.948 -0.151149 -0.106429
-0.947 -0.177338 -0.11022
-0.946 -0.186559 -0.111736
-0.945 -0.178762 -0.111732
-0.944 -0.159823 -0.111505
-0.943 -0.139255 -0.11257
-0.942 -0.126636 -0.116188
-0.941 -0.128251 -0.122967
-0.94 -0.144999 -0.132692
-0.939 -0.172058 -0.144304
-0.938 -0.200453 -0.156011
-0.937 -0.220161 -0.165568
-0.936 -0.223661 -0.170812
-0.935 -0.208406 -0.170285
-0.934 -0.177126 -0.163616
-0.933 -0.136169 -0.151477
-0.932 -0.0931098 -0.135252
-0.931 -0.0547195 -0.116685
-0.93 -0.0256485 -0.0975874
-0.929 -0.00779849 -0.0794879
-0.928 -0.000511721 -0.0632821
-0.927 -0.00161252 -0.0491465
-0.926 -0.00880747 -0.0369693
-0.925 -0.0205379 -0.0271024
-0.924 -0.0358547 -0.0209123
-0.923 -0.0539713 -0.020776
-0.922 -0.07448 -0.029604
-0.921 -0.0982422 -0.0501365
-0.92 -0.127937 -0.0841072
-0.919 -0.167375 -0.131303
-0.918 -0.219666 -0.188791
-0.917 -0.285039 -0.250848
-0.916 -0.359066 -0.309958
-0.915 -0.431737 -0.358601
-0.914 -0.488067 -0.391047
-0.913 -0.511178 -0.40453
-0.912 -0.487799 -0.399564
-0.911 -0.414226 -0.379454
-0.91 -0.299824 -0.349109
-0.909 -0.166042 -0.313424
-0.908 -0.0409115 -0.275744
-0.907 0.0492636 -0.237124
-0.906 0.0884249 -0.1968
-0.905 0.0766847 -0.153638
-0.904 0.0309931 -0.107824
-0.903 -0.02078 -0.0620288
-0.902 -0.0508227 -0.0215512
-0.901 -0.0431535 0.00667554
-0.9 -0.00124188 0.0159258
-0.899 0.051847 0.00179731
-0.898 0.0812874 -0.0360408
-0.897 0.0539789 -0.0930861
-0.896 -0.0467894 -0.16063
-0.895 -0.211158 -0.22774
-0.894 -0.402 -0.28406
-0.893 -0.565264 -0.32247
-0.892 -0.648004 -0.340578
-0.891 -0.617435 -0.340637
-0.89 -0.474044 -0.328224
-0.889 -0.253964 -0.310343
-0.888 -0.0191326 -0.293394
-0.887 0.162404 -0.281446
-0.886 0.23979 -0.275406
-0.885 0.19748 -0.273631
-0.884 0.0604412 -0.273821
-0.883 -0.115992 -0.275088
-0.882 -0.267391 -0.27894
-0.881 -0.344559 -0.288891
-0.88 -0.332371 -0.309387
-0.879 -0.256537 -0.344563
-0.878 -0.175211 -0.396759
-0.877 -0.157267 -0.464847
-0.876 -0.25465 -0.543259
-0.875 -0.479751 -0.622754
-0.874 -0.797265 -0.692781
-0.873 -1.13366 -0.743984
-0.872 -1.40049 -0.769628
-0.871 -1.52343 -0.76619
-0.87 -1.4675 -0.733949
-0.869 -1.24979 -0.677423
-0.868 -0.934341 -0.604639
-0.867 -0.610475 -0.525003
-0.866 -0.362346 -0.447093
-0.865 -0.241248 -0.377765
-0.864 -0.250365 -0.322171
-0.863 -0.346242 -0.283278
-0.862 -0.455844 -0.260707
-0.861 -0.503695 -0.25053
-0.86 -0.439948 -0.247194
-0.859 -0.258916 -0.246436
-0.858 -0.00105161 -0.246893
-0.857 0.261565 -0.249715
-0.856 0.449654 -0.257627
-0.855 0.502282 -0.274461
-0.854 0.396219 -0.304167
-0.853 0.154046 -0.348134
-0.852 -0.162097 -0.402248
-0.851 -0.470485 -0.456774
-0.85 -0.69681 -0.500229
-0.849 -0.797608 -0.524739
-0.848 -0.772006 -0.529464
-0.847 -0.660009 -0.521196
-0.846 -0.529927 -0.513509
-0.845 -0.458205 -0.524744
-0.844 -0.505308 -0.57333
-0.843 -0.694015 -0.670319
-0.842 -0.998784 -0.812677
-0.841 -1.35177 -0.981954
-0.84 -1.66289 -1.14947
-0.839 -1.84538 -1.28464
-0.838 -1.83932 -1.36247
-0.837 -1.62918 -1.3689
-0.836 -1.25152 -1.3041
-0.835 -0.787996 -1.18242
-0.834 -0.34214 -1.02687
-0.833 -0.00644311 -0.859254
-0.832 0.166949 -0.691256
-0.831 0.180789 -0.52154
-0.83 0.0894925 -0.339841
-0.829 -0.0190411 -0.134675
-0.828 -0.0528359 0.0986773
-0.827 0.0492161 0.35132
-0.826 0.288286 0.596734
-0.825 0.596525 0.792831
-0.824 0.855224 0.891908
-0.823 0.934193 0.855443
-0.822 0.736745 0.667032
-0.821 0.235052 0.337961
-0.82 -0.513301 -0.095407
-0.819 -1.373 -0.580164
-0.818 -2.1654 -1.0592
-0.817 -2.72307 -1.48509
-0.816 -2.94556 -1.83113
-0.815 -2.83277 -2.09412
-0.814 -2.48263 -2.2875
-0.813 -2.0558 -2.42866
-0.812 -1.72165 -2.52723
-0.811 -1.60212 -2.57868
-0.81 -1.72852 -2.56423
-0.809 -2.02731 -2.45644
-0.808 -2.34485 -2.23036
-0.807 -2.50602 -1.87738
-0.806 -2.38329 -1.41578
-0.805 -1.94763 -0.891924
-0.804 -1.28327 -0.371081
-0.803 -0.56392 0.0779918
-0.802 0.00041508 0.398867
-0.801 0.231558 0.559697
-0.8 0.0463787 0.559584
-0.799 -0.508864 0.426725
-0.798 -1.27001 0.207439
-0.797 -2.00968 -0.0502495
-0.796 -2.51299 -0.311323
-0.795 -2.64607 -0.561038
-0.794 -2.39578 -0.803599
-0.793 -1.87112 -1.05443
-0.792 -1.26648 -1.32899
-0.791 -0.796466 -1.63093
-0.79 -0.622391 -1.94393
-0.789 -0.797802 -2.23174
-0.788 -1.25343 -2.44764
-0.787 -1.82512 -2.549
-0.786 -2.3116 -2.51053
-0.785 -2.54151 -2.33232
-0.784 -2.42915 -2.04157
-0.783 -2.00335 -1.68767
-0.782 -1.4001 -1.33014
-0.781 -0.819724 -1.02233
-0.78 -0.462371 -0.797206
-0.779 -0.464184 -0.661812
-0.778 -0.854875 -0.601434
-0.777 -1.5483 -0.589222
-0.776 -2.36739 -0.596772
-0.775 -3.096 -0.604148
-0.774 -3.54347 -0.60812
-0.773 -3.60313 -0.624905
-0.772 -3.28633 -0.683871
-0.771 -2.72061 -0.81382
-0.77 -2.11253 -1.02901
-0.769 -1.68613 -1.32179
-0.768 -1.61362 -1.66313
-0.767 -1.95764 -2.00795
-0.766 -2.64379 -2.30352
-0.765 -3.47498 -2.50124
-0.764 -4.18656 -2.56994
-0.763 -4.52678 -2.50463
-0.762 -4.33783 -2.32541
-0.761 -3.61176 -2.06771
-0.76 -2.50315 -1.77003
-0.759 -1.29082 -1.46451
-0.758 -0.295732 -1.17116
-0.757 0.221401 -0.894948
-0.756 0.148708 -0.627516
-0.755 -0.434872 -0.355778
-0.754 -1.28198 -0.0747574
-0.753 -2.05889 0.202682
-0.752 -2.4617 0.444364
-0.751 -2.32957 0.604715
-0.75 -1.71579 0.634097
-0.749 -0.887479 0.489249
-0.748 -0.246787 0.14461
-0.747 -0.19595 -0.397425
-0.746 -0.990946 -1.10287
-0.745 -2.63571 -1.91287
-0.744 -4.85732 -2.75729
-0.743 -7.17518 -3.56762
-0.742 -9.04509 -4.28559
-0.741 -10.0329 -4.86863
-0.74 -9.95856 -5.29355
-0.739 -8.95868 -5.5562
-0.738 -7.44083 -5.66461
-0.737 -5.94342 -5.62782
-0.736 -4.94658 -5.44789
-0.735 -4.70045 -5.12007
-0.734 -5.13434 -4.63826
-0.733 -5.88184 -4.00068
-0.732 -6.41598 -3.2149
-0.731 -6.24875 -2.30485
-0.73 -5.12402 -1.31837
-0.729 -3.13297 -0.329717
-0.728 -0.708563 0.568581
-0.727 1.5042 1.28274
-0.726 2.86103 1.73565
-0.725 2.94 1.87978
-0.724 1.69093 1.70523
-0.723 -0.541781 1.24293
-0.722 -3.1315 0.559795
-0.721 -5.37737 -0.2569
-0.72 -6.73587 -1.12206
-0.719 -6.99715 -1.97272
-0.718 -6.34562 -2.77668
-0.717 -5.28139 -3.52848
-0.716 -4.42885 -4.23715
-0.715 -4.30363 -4.91038
-0.714 -5.12458 -5.53789
-0.713 -6.73666 -6.0794
-0.712 -8.66663 -6.46475
-0.711 -10.2876 -6.6098
-0.71 -11.0352 -6.44323
-0.709 -10.6045 -5.93349
-0.708 -9.05986 -5.10569
-0.707 -6.81517 -4.04326
-0.706 -4.49069 -2.87418
-0.705 -2.70307 -1.74387
-0.704 -1.86743 -0.779961
-0.703 -2.07716 -0.0601588
-0.702 -3.092 0.403569
-0.701 -4.42929 0.658214
-0.7 -5.52881 0.783563
-0.699 -5.94219 0.856624
-0.698 -5.48349 0.918759
-0.697 -4.28436 0.956025
-0.696 -2.73689 0.899888
-0.695 -1.35504 0.65089
-0.694 -0.610599 0.119451
-0.693 -0.794758 -0.731398
-0.692 -1.93697 -1.85888
-0.691 -3.79681 -3.13958
-0.69 -5.93408 -4.39556
-0.689 -7.8424 -5.43964
-0.688 -9.10211 -6.12635
-0.687 -9.49732 -6.39265
-0.686 -9.063 -6.274
-0.685 -8.06042 -5.88822
-0.684 -6.89671 -5.39135
-0.683 -6.00848 -4.92258
-0.682 -5.73211 -4.55884
-0.681 -6.19502 -4.29462
-0.68 -7.26862 -4.05304
-0.679 -8.60523 -3.72445
-0.678 -9.74546 -3.2201
-0.677 -10.2597 -2.52192
-0.676 -9.88652 -1.70901
-0.675 -8.63503 -0.947681
-0.674 -6.81681 -0.446306
-0.673 -4.9821 -0.391256
-0.672 -3.76406 -0.886465
-0.671 -3.67681 -1.91611
-0.67 -4.93837 -3.34183
-0.669 -7.37875 -4.93602
-0.668 -10.4605 -6.4421
-0.667 -13.4115 -7.64343
-0.666 -15.4461 -8.41766
-0.665 -16.0172 -8.75681
-0.664 -15.0094 -8.74728
-0.663 -12.7909 -8.52019
-0.662 -10.0916 -8.19227
-0.661 -7.75225 -7.81769
-0.66 -6.43579 -7.3667
-0.659 -6.39685 -6.73868
-0.658 -7.37985 -5.80691
-0.657 -8.68882 -4.48091
-0.656 -9.42813 -2.76335
-0.655 -8.84651 -0.777896
-0.654 -6.65489 1.24383
-0.653 -3.18413 3.01212
-0.652 0.686434 4.24952
-0.651 3.80255 4.76073
-0.65 5.11214 4.48189
-0.649 4.02312 3.49396
-0.648 0.629296 1.99471
-0.647 -4.28027 0.237771
-0.646 -9.45447 -1.54002
-0.645 -13.5903 -3.17725
-0.644 -15.7714 -4.61432
-0.643 -15.7673 -5.88234
-0.642 -14.0848 -7.06098
-0.641 -11.7604 -8.22016
-0.64 -9.97488 -9.36641
-0.639 -9.6205 -10.4153
-0.638 -10.9672 -11.203
-0.637 -13.5485 -11.5331
-0.636 -16.3205 -11.2417
-0.635 -18.0411 -10.2558
-0.634 -17.7306 -8.62741
-0.633 -15.044 -6.53486
-0.632 -10.4219 -4.24858
-0.631 -4.96826 -2.06764
-0.63 -0.0948493 -0.245665
-0.629 2.9458 1.06777
-0.628 3.47685 1.84908
-0.627 1.61364 2.18229
-0.626 -1.79498 2.21303
-0.625 -5.4712 2.09231
-0.624 -8.14668 1.92428
-0.623 -8.98744 1.72971
-0.622 -7.86614 1.43888
-0.621 -5.38998 0.921543
-0.62 -2.67296 0.04488
-0.619 -0.933876 -1.26537
-0.618 -1.06793 -2.98621
-0.617 -3.34721 -4.99205
-0.616 -7.34523 -7.07899
-0.615 -12.0916 -9.00955
-0.614 -16.3926 -10.5695
-0.613 -19.215 -11.6238
-0.612 -20.0136 -12.1512
-0.611 -18.8955 -12.2402
-0.61 -16.5623 -12.0469
-0.609 -14.0496 -11.7328
-0.608 -12.3638 -11.4089
-0.607 -12.1468 -11.101
-0.606 -13.4755 -10.7458
-0.605 -15.8443 -10.2148
-0.604 -18.3238 -9.36341
-0.603 -19.8506 -8.09208
-0.602 -19.5664 -6.39667
-0.601 -17.1032 -4.39008
-0.6 -12.7226 -2.28656
-0.599 -7.2593 -0.354857
-0.598 -1.88885 1.14513
-0.597 2.20422 2.02348
-0.596 4.15884 2.20235
-0.595 3.67716 1.72742
-0.594 1.10494 0.746692
-0.593 -2.67355 -0.534843
-0.592 -6.50291 -1.91055
-0.591 -9.31419 -3.22288
-0.59 -10.4634 -4.39553
-0.589 -9.93761 -5.43523
-0.588 -8.35182 -6.40114
-0.587 -6.72985 -7.35447
-0.586 -6.13555 -8.30939
-0.585 -7.27649 -9.204
-0.584 -10.2129 -9.89936
-0.583 -14.2731 -10.2059
-0.582 -18.2163 -9.93316
-0.581 -20.6115 -8.95511
-0.58 -20.3235 -7.27214
-0.579 -16.9421 -5.04275
-0.578 -10.9947 -2.56714
-0.577 -3.84858 -0.226153
-0.576 2.68094 1.60366
-0.575 6.88582 2.6334
-0.574 7.70227 2.72406
-0.573 5.05402 1.91408
-0.572 -0.11562 0.401323
-0.571 -6.14955 -1.52064
-0.57 -11.232 -3.55193
-0.569 -14.0069 -5.46701
-0.568 -14.0378 -7.15805
-0.567 -11.9364 -8.6303
-0.566 -9.11053 -9.95701
-0.565 -7.22206 -11.2114
-0.564 -7.54898 -12.3978
-0.563 -10.4728 -13.4067
-0.562 -15.2775 -14.0163
-0.561 -20.3456 -13.9485
-0.56 -23.6972 -12.9603
-0.559 -23.6879 -10.9396
-0.558 -19.6202 -7.97212
-0.557 -12.0445 -4.35952
-0.556 -2.63722 -0.577441
-0.555 6.30317 2.82151
-0.554 12.5754 5.33616
-0.553 14.7678 6.63706
-0.552 12.687 6.63689
-0.551 7.37585 5.48984
-0.55 0.721122 3.52699
-0.549 -5.20603 1.15038
-0.548 -8.84462 -1.28533
-0.547 -9.63704 -3.56975
-0.546 -8.16212 -5.67778
-0.545 -5.87412 -7.73555
-0.544 -4.54131 -9.92173
-0.543 -5.57908 -12.3458
-0.542 -9.51516 -14.956
-0.541 -15.7756 -17.5107
-0.54 -22.8562 -19.6198
-0.539 -28.8069 -20.8436
-0.538 -31.8563 -20.8269
-0.537 -30.9769 -19.4282
-0.536 -26.2227 -16.7974
-0.535 -18.7369 -13.3643
-0.534 -10.4174 -9.73266
-0.533 -3.33628 -6.51479
-0.532 0.889772 -4.16699
-0.531 1.56649 -2.87623
-0.53 -0.910273 -2.52623
-0.529 -5.21136 -2.75079
-0.528 -9.48925 -3.0627
-0.527 -11.9377 -3.02234
-0.526 -11.3549 -2.39175
-0.525 -7.54273 -1.21776
-0.524 -1.39137 0.19004
-0.523 5.3995 1.3773
-0.522 10.8636 1.91222
-0.521 13.3846 1.54286
-0.52 12.1988 0.294144
-0.519 7.65421 -1.52793
-0.518 1.149 -3.43006
-0.517 -5.26646 -4.89724
-0.516 -9.54904 -5.57847
-0.515 -10.3777 -5.42673
-0.514 -7.65129 -4.73559
-0.513 -2.56962 -4.0514
-0.512 2.72889 -3.98892
-0.511 5.84866 -5.01251
-0.51 4.93633 -7.25734
-0.509 -0.630969 -10.453
-0.508 -9.89984 -13.9778
-0.507 -20.5101 -17.0294
-0.506 -29.3881 -18.8634
-0.505 -33.7478 -19.023
-0.504 -32.034 -17.4814
-0.503 -24.4721 -14.6427
-0.502 -13.0449 -11.1988
-0.501 -0.902125 -7.89421
-0.5 8.6375 -5.28283
-0.499 13.1915 -3.56603
-0.498 12.1424 -2.56513
-0.497 6.85653 -1.83248
-0.496 0.179227 -0.860229
-0.495 -4.61571 0.686399
-0.494 -5.03251 2.79626
-0.493 -0.296289 5.06659
-0.492 8.2849 6.80951
-0.491 17.6871 7.28075
-0.49 24.1903 5.9491
-0.489 24.7238 2.70535
-0.488 18.0413 -2.06538
-0.487 5.26943 -7.57066
-0.486 -10.383 -12.8254
-0.485 -24.6396 -16.9238
-0.484 -33.5413 -19.2858
-0.483 -34.7514 -19.8021
-0.482 -28.3507 -18.8287
-0.481 -16.8204 -17.028
-0.48 -4.177 -15.1157
-0.479 5.43746 -13.6156
-0.478 9.17689 -12.7108
-0.477 6.40445 -12.2357
-0.476 -1.19072 -11.7946
-0.475 -10.2639 -10.9531
-0.474 -17.0298 -9.43897
-0.473 -18.6293 -7.28605
-0.472 -14.1806 -4.86441
-0.471 -5.11007 -2.77577
-0.47 5.37364 -1.65136
-0.469 13.446 -1.93396
-0.468 16.0108 -3.72626
-0.467 11.7465 -6.75094
-0.466 1.54178 -10.4214
-0.465 -11.7773 -13.9933
-0.464 -24.3407 -16.7552
-0.463 -32.4756 -18.2069
-0.462 -33.8793 -18.1681
-0.461 -28.3002 -16.7831
-0.46 -17.5105 -14.4362
-0.459 -4.64404 -11.6191
-0.458 6.82117 -8.80019
-0.457 14.1018 -6.32454
-0.456 15.8877 -4.35958
-0.455 12.6559 -2.89337
-0.454 6.4264 -1.78549
-0.453 0.0337542 -0.851197
-0.452 -3.8275 0.0555719
-0.451 -3.45387 0.984102
-0.45 1.36938 1.85806
-0.449 9.32585 2.47581
-0.448 17.9604 2.5475
-0.447 24.4037 1.77581
-0.446 26.2468 -0.0333771
-0.445 22.3122 -2.87006
-0.444 13.0699 -6.47253
-0.443 0.56531 -10.3507
-0.442 -12.1186 -13.8727
-0.441 -21.713 -16.4024
-0.44 -25.7149 -17.4696
-0.439 -23.1819 -16.93
-0.438 -15.1111 -15.0477
-0.437 -4.22701 -12.4451
-0.436 5.80327 -9.92248
-0.435 11.4985 -8.21223
-0.434 10.6849 -7.75554
-0.433 3.2658 -8.56729
-0.432 -8.61249 -10.2235
-0.431 -21.114 -11.9878
-0.43 -29.8875 -13.0611
-0.429 -31.524 -12.8829
-0.428 -24.7895 -11.363
-0.427 -11.1641 -8.93571
-0.426 5.53659 -6.40713
-0.425 20.3469 -4.66079
-0.424 28.7693 -4.33504
-0.423 28.3171 -5.57626
-0.422 19.467 -7.9453
-0.421 5.63403 -10.524
-0.42 -7.91747 -12.2148
-0.419 -15.9079 -12.1458
-0.418 -14.9731 -10.0235
-0.417 -4.96657 -6.28624
-0.416 10.8552 -1.9918
-0.415 26.8419 1.51383
-0.414 36.8235 3.02678
-0.413 36.2441 1.87798
-0.412 23.8444 -1.83526
-0.411 2.27627 -7.26418
-0.41 -22.6392 -13.0834
-0.409 -43.8165 -17.9392
-0.408 -55.3111 -20.9051
-0.407 -54.3463 -21.7715
-0.406 -42.2281 -21.0651
-0.405 -23.841 -19.8074
-0.404 -5.92863 -19.1068
-0.403 5.24397 -19.7281
-0.402 6.06041 -21.7858
-0.401 -3.18538 -24.6706
-0.4 -18.3958 -27.243
-0.399 -33.1401 -28.2307
-0.398 -40.977 -26.685
-0.397 -37.781 -22.332
-0.396 -23.2268 -15.6957
-0.395 -0.924162 -7.96023
-0.394 22.7937 -0.620857
-0.393 40.9756 4.95615
-0.392 48.338 7.92359
-0.391 42.9846 8.16728
-0.39 26.9976 6.27961
-0.389 5.70282 3.31299
-0.388 -14.1366 0.406508
-0.387 -26.5674 -1.5882
-0.386 -28.3534 -2.3642
-0.385 -19.9111 -2.2234
-0.384 -5.01535 -1.93361
-0.383 10.565 -2.42993
-0.382 21.0111 -4.46266
-0.381 22.3421 -8.31064
-0.38 13.6624 -13.6511
-0.379 -2.59555 -19.6182
-0.378 -21.4844 -25.0264
-0.377 -37.1454 -28.6973
-0.376 -44.6912 -29.8001
-0.375 -41.7613 -28.1032
-0.374 -29.2494 -24.0561
-0.373 -10.9861 -18.6642
-0.372 7.483 -13.1972
-0.371 20.6043 -8.82378
-0.37 24.4893 -6.28695
-0.369 18.0932 -5.70978
-0.368 3.57299 -6.5847
-0.367 -14.3221 -7.9595
-0.366 -29.7083 -8.77645
-0.365 -37.4526 -8.26272
-0.364 -34.8585 -6.23711
-0.363 -22.5737 -3.2154
-0.362 -4.43271 -0.267929
-0.361 13.688 1.3257
-0.36 25.6555 0.512359
-0.359 27.0216 -3.14543
-0.358 16.5648 -9.25419
-0.357 -3.10756 -16.6325
-0.356 -26.2108 -23.6209
-0.355 -45.5774 -28.5744
-0.354 -55.0135 -30.3817
-0.353 -51.3929 -28.8244
-0.352 -35.7627 -24.6422
-0.351 -13.0946 -19.2744
-0.35 9.25577 -14.3655
-0.349 23.9355 -11.2091
-0.348 26.0863 -10.322
-0.347 15.0947 -11.2921
-0.346 -5.07162 -12.9563
-0.345 -27.1462 -13.8572
-0.344 -43.0755 -12.8267
-0.343 -46.8864 -9.48575
-0.342 -36.8836 -4.46126
-0.341 -16.3743 0.77619
-0.34 7.369 4.39934
-0.339 25.5625 4.85217
-0.338 30.9365 1.38986
-0.337 20.2888 -5.65004
-0.336 -4.30982 -14.9282
-0.335 -36.0935 -24.5092
-0.334 -65.8113 -32.4635
-0.333 -84.8437 -37.463
-0.332 -88.1325 -39.1532
-0.331 -75.8391 -38.163
-0.33 -53.1175 -35.7621
-0.329 -28.1459 -33.3233
-0.328 -9.21858 -31.8079
-0.327 -1.95102 -31.4516
-0.326 -7.49932 -31.7363
-0.325 -22.3113 -31.6318
-0.324 -39.466 -30.0167
-0.323 -51.1815 -26.1267
-0.322 -51.6327 -19.8687
-0.321 -39.029 -11.8814
-0.32 -16.1639 -3.33322
-0.319 10.6761 4.44013
-0.318 33.8987 10.3075
-0.317 47.0334 13.6033
-0.316 46.6399 14.2211
-0.315 33.2173 12.5472
-0.314 10.9242 9.28288
-0.313 -13.8101 5.22467
-0.312 -34.3579 1.06869
-0.311 -45.9336 -2.71146
-0.31 -46.8808 -5.90495
-0.309 -38.8494 -8.54652
-0.308 -25.9814 -10.869
-0.307 -13.521 -13.2382
-0.306 -6.29652 -16.0671
-0.305 -7.40414 -19.7027
-0.304 -17.3524 -24.2884
-0.303 -33.8903 -29.6319
-0.302 -52.6141 -35.1365
-0.301 -68.2048 -39.855
-0.3 -75.9387 -42.6991
-0.299 -73.0453 -42.7671
-0.298 -59.5627 -39.6786
-0.297 -38.485 -33.7858
-0.296 -15.1301 -26.164
-0.295 4.20759 -18.354
-0.294 14.0583 -11.9113
-0.293 11.5601 -7.88838
-0.292 -2.36074 -6.43449
-0.291 -22.9281 -6.69333
-0.29 -42.7842 -7.09916
-0.289 -54.3183 -6.00119
-0.288 -52.3279 -2.3867
-0.287 -36.0789 3.58564
-0.286 -9.97929 10.4655
-0.285 17.4756 15.8773
-0.284 36.2642 17.2777
-0.283 38.1858 12.871
-0.282 19.9418 2.36471
-0.281 -15.199 -12.7388
-0.28 -57.983 -29.4891
-0.279 -96.0535 -44.3939
-0.278 -118.207 -54.5673
-0.277 -118.438 -58.6863
-0.276 -98.2068 -57.3868
-0.275 -66.0641 -52.9461
-0.274 -34.744 -48.3634
-0.273 -16.6717 -46.1668
-0.272 -19.3544 -47.3789
-0.271 -42.2993 -51.043
-0.27 -76.7692 -54.5333
-0.269 -108.74 -54.5712
-0.268 -124.107 -48.5819
-0.267 -114.139 -35.8585
-0.266 -79.0042 -18.059
-0.265 -28.0167 1.18021
-0.264 23.4293 17.378
-0.263 59.1225 26.6819
-0.262 67.6941 27.1523
-0.261 46.7226 19.3986
-0.26 3.74174 6.33025
-0.259 -46.3812 -7.89563
-0.258 -86.8391 -19.3516
-0.257 -104.998 -25.6826
-0.256 -96.8322 -26.7998
-0.255 -68.0308 -24.675
-0.254 -31.5039 -22.3533
-0.253 -2.3621 -22.6001
-0.252 7.75158 -26.712
-0.251 -5.04858 -33.9344
-0.25 -35.5069 -41.6941
-0.249 -71.2632 -46.557
-0.248 -97.5669 -45.5545
-0.247 -102.869 -37.3694
-0.246 -83.1394 -22.92
-0.245 -43.2851 -5.12058
-0.244 4.75492 12.0708
-0.243 46.4009 24.9369
-0.242 69.5589 31.1365
-0.241 68.5792 30.2959
-0.24 45.7056 23.8853
-0.239 9.6896 14.478
-0.238 -27.7288 4.70948
-0.237 -56.086 -3.65319
-0.236 -69.6602 -10.1922
-0.235 -68.9378 -15.7281
-0.234 -59.6421 -21.7114
-0.233 -49.8529 -29.3975
-0.232 -46.5358 -39.1588
-0.231 -52.9733 -50.2191
-0.23 -68.0145 -60.9
-0.229 -87.11 -69.2405
-0.228 -104.37 -73.6948
-0.227 -114.714 -73.617
-0.226 -115.417 -69.3773
-0.225 -106.653 -62.1228
-0.224 -90.959 -53.3122
-0.223 -71.9046 -44.2129
-0.222 -52.6878 -35.567
-0.221 -35.4159 -27.5698
-0.22 -21.3335 -20.1511
-0.219 -11.5309 -13.3631
-0.218 -7.33717 -7.60777
-0.217 -9.96192 -3.5552
-0.216 -19.6201 -1.82212
-0.215 -34.7474 -2.61441
-0.214 -51.808 -5.51832
-0.213 -65.8982 -9.53102
-0.212 -72.1181 -13.3465
-0.211 -67.4461 -15.8466
-0.21 -52.4857 -16.6318
-0.209 -32.1397 -16.3176
-0.208 -14.465 -16.3605
-0.207 -7.79891 -18.422
-0.206 -17.2481 -23.5584
-0.205 -42.1107 -31.6303
-0.204 -75.4534 -41.1941
-0.203 -106.163 -49.9115
-0.202 -122.834 -55.3389
-0.201 -118.159 -55.8488
-0.2 -92.1881 -51.3498
-0.199 -53.0554 -43.4592
-0.198 -14.5496 -34.9637
-0.197 8.82158 -28.7314
-0.196 7.50842 -26.5298
-0.195 -18.922 -28.253
-0.194 -60.9493 -31.8748
-0.193 -102.141 -34.1531
-0.192 -125.09 -31.8534
-0.191 -118.046 -23.0782
-0.19 -79.6963 -8.19316
-0.189 -20.1606 10.0629
-0.188 42.2438 27.3827
-0.187 87.364 39.3147
-0.186 100.447 42.7629
-0.185 77.6335 37.0178
-0.184 27.5893 23.9632
-0.183 -31.5601 7.37441
-0.182 -79.0137 -8.47139
-0.181 -99.2163 -20.3746
-0.18 -87.7312 -27.3441
-0.179 -52.7351 -30.8012
-0.178 -11.6959 -33.8014
-0.177 15.331 -39.6436
-0.176 13.2833 -50.4178
-0.175 -22.0897 -65.998
-0.174 -82.2452 -83.8195
-0.173 -148.591 -99.5714
-0.172 -199.167 -108.631
-0.171 -216.762 -107.729
-0.17 -195.207 -96.1682
-0.169 -141.33 -76.0712
-0.168 -72.0686 -51.6493
-0.167 -8.23676 -27.8497
-0.166 32.6131 -8.90274
-0.165 41.8053 2.7975
-0.164 21.9194 7.18056
-0.163 -14.8045 6.20008
-0.162 -51.4887 2.83491
-0.161 -73.1794 -0.217412
-0.16 -72.3177 -1.59046
-0.159 -50.9742 -1.61984
-0.158 -19.2549 -1.98236
-0.157 9.05204 -4.86492
-0.156 21.6574 -12.0175
-0.155 11.9459 -23.9857
-0.154 -19.0384 -39.7357
-0.153 -63.204 -56.7982
-0.152 -108.27 -71.9031
-0.151 -141.818 -81.8877
-0.15 -155.098 -84.5462
-0.149 -145.29 -79.1495
-0.148 -115.658 -66.5332
-0.147 -73.8801 -48.8057
-0.146 -29.468 -28.804
-0.145 8.74283 -9.45457
-0.144 34.3901 6.80299
-0.143 44.5013 18.4135
-0.142 39.6869 24.8814
-0.141 23.7752 26.7251
-0.14 2.88045 25.2132
-0.139 -16.1163 21.9058
-0.138 -27.4241 18.109
-0.137 -28.0081 14.4301
-0.136 -18.567 10.5982
-0.135 -3.60061 5.59385
-0.134 9.46162 -1.97766
-0.133 12.1142 -13.3485
-0.132 -2.44213 -28.9677
-0.131 -36.2175 -47.968
-0.13 -84.4132 -68.0041
-0.129 -135.854 -85.6855
-0.128 -176.196 -97.5369
-0.127 -192.787 -101.123
-0.126 -179.28 -95.8985
-0.125 -138.348 -83.4911
-0.124 -81.6042 -67.356
-0.123 -26.5334 -51.8555
-0.122 9.0412 -40.9463
-0.121 13.4105 -36.8487
-0.12 -14.1249 -39.2275
-0.119 -62.2902 -45.3151
-0.118 -111.635 -50.9942
-0.117 -141.741 -52.4153
-0.116 -138.963 -47.4923
-0.115 -101.706 -36.7193
-0.114 -41.2985 -23.0357
-0.113 21.8534 -10.7891
-0.112 65.5829 -4.12908
-0.111 74.2068 -5.39269
-0.11 44.6473 -14.1042
-0.109 -12.0298 -27.0247
-0.108 -74.4905 -39.2847
-0.107 -119.131 -46.196
-0.106 -129.134 -45.0355
-0.105 -100.914 -36.0815
-0.104 -45.3111 -22.4866
-0.103 16.8253 -9.0616
-0.102 62.6578 -0.489282
-0.101 75.6864 0.331938
-0.1 51.4167 -6.75604
-0.099 -1.34192 -19.1913
-0.098 -63.8434 -32.6538
-0.097 -114.367 -42.6455
-0.096 -136.334 -46.1118
-0.095 -124.291 -42.4422
-0.094 -85.1395 -33.4333
-0.093 -34.2935 -22.3069
-0.092 11.0061 -12.3252
-0.091 37.9965 -5.63506
-0.09 42.0604 -2.72085
-0.089 27.1294 -2.52219
-0.088 3.25446 -3.07855
-0.087 -17.7341 -2.45738
-0.086 -27.0031 0.377943
-0.085 -21.9495 5.13373
-0.084 -6.37243 10.3805
-0.083 12.276 14.2337
-0.082 26.7136 15.1234
-0.081 32.5533 12.2715
-0.08 28.8841 5.72754
-0.079 17.0809 -3.94222
-0.078 -1.05425 -16.0802
-0.077 -24.6909 -30.2175
-0.076 -54.0972 -46.0301
-0.075 -89.3193 -62.9934
-0.074 -128.177 -79.9823
-0.073 -164.996 -95.1311
-0.072 -191.223 -106.107
-0.071 -198.044 -110.735
-0.07 -180.169 -107.796
-0.069 -139.37 -97.7451
-0.068 -86.0886 -83.035
-0.067 -37.453 -67.6448
-0.066 -11.3078 -55.7291
-0.065 -18.2661 -49.8787
-0.064 -55.8427 -49.9189
-0.063 -108.104 -52.9338
-0.062 -151.222 -54.4781
-0.061 -162.42 -50.3877
-0.06 -128.996 -38.5459
-0.059 -54.6303 -20.1128
-0.058 39.4362 0.270649
-0.057 120.243 15.7574
-0.056 155.434 19.9448
-0.055 127.446 9.83507
-0.054 42.4866 -12.4364
-0.053 -70.4578 -40.0305
-0.052 -170.069 -63.7301
-0.051 -217.856 -75.119
-0.05 -192.458 -69.5183
-0.049 -98.5331 -47.8211
-0.048 33.131 -16.5174
-0.047 155.75 14.462
-0.046 224.36 35.5451
-0.045 214.12 41.3657
-0.044 130.722 32.8685
-0.043 8.40528 16.8056
-0.042 -103.119 2.99485
-0.041 -157.463 0.465435
-0.04 -129.416 13.8189
-0.039 -25.4885 41.0867
-0.038 117.492 74.0797
-0.037 246.244 101.374
-0.036 311.991 112.754
-0.035 289.316 103.131
-0.034 185.316 74.3572
-0.033 36.5117 34.4936
-0.032 -104.556 -5.01103
-0.031 -188.627 -33.3462
-0.03 -188.675 -44.309
-0.029 -110.973 -38.6573
-0.028 7.56119 -23.5923
-0.027 115.327 -9.44949
-0.026 167.401 -5.28379
-0.025 142.159 -15.4699
-0.024 47.4954 -38.4384
-0.023 -83.3703 -67.4936
-0.022 -204.03 -93.2307
-0.021 -271.946 -106.991
-0.02 -265.388 -104.362
-0.019 -192.669 -87.1233
-0.018 -87.7484 -62.3893
-0.017 6.05956 -39.2741
-0.016 54.8631 -25.0597
-0.015 46.0139 -22.7764
-0.014 -10.0538 -30.765
-0.013 -85.7462 -43.7564
-0.012 -147.07 -54.9281
-0.011 -166.866 -58.5407
-0.01 -136.48 -52.3753
-0.009 -69.6797 -38.6831
-0.008 4.79006 -22.8348
-0.007 58.0328 -10.4274
-0.006 74.0276 -4.69616
-0.005 54.4603 -5.51755
-0.004 15.4273 -9.98476
-0.003 -20.5771 -13.8904
-0.002 -34.3665 -13.5641
-0.001 -18.8168 -7.59187
0 17.1682 2.34223
0.001 53.0863 12.2719
0.002 68.4555 18.2253
0.003 54.422 18.5103
0.004 18.175 14.5385
0.005 -21.0414 9.99007
0.006 -40.7024 9.09355
0.007 -24.7187 14.7821
0.008 28.554 27.1998
0.009 103.034 43.1134
0.01 169.764 56.9005
0.011 199.967 63.1437
0.012 179.883 59.5438
0.013 118.221 48.2951
0.014 42.2183 35.1482
0.015 -14.0526 26.9685
0.016 -22.9499 29.0865
0.017 25.963 43.2201
0.018 119.993 66.3726
0.019 225.167 91.2511
0.02 298.082 108.683
0.021 304.71 111.47
0.022 236.716 97.7576
0.023 115.864 71.9285
0.024 -15.2373 42.6661
0.025 -110.106 19.4454
0.026 -135.472 9.05289
0.027 -83.4374 13.137
0.028 24.332 27.3578
0.029 142.834 42.6297
0.03 220.386 48.5298
0.031 220.023 37.7492
0.032 135.482 9.45146
0.033 -6.13418 -30.1766
0.034 -155.457 -70.2726
0.035 -259.837 -99.2893
0.036 -282.68 -109.056
0.037 -216.877 -97.6452
0.038 -87.8988 -70.1399
0.039 55.3708 -36.8274
0.04 159.534 -9.25728
0.041 187.676 4.25861
0.042 133.264 1.68341
0.043 21.5509 -12.3693
0.044 -100.992 -28.7858
0.045 -184.564 -37.6251
0.046 -194.873 -32.0199
0.047 -126.227 -10.9646
0.048 -3.54086 20.1522
0.049 128.11 51.6597
0.05 221.833 73.4965
0.051 246.792 79.0704
0.052 198.364 67.4608
0.053 98.0272 43.4061
0.054 -15.5757 15.4457
0.055 -100.983 -7.0632
0.056 -129.131 -17.1791
0.057 -93.8266 -12.7455
0.058 -12.7508 3.1669
0.059 81.5734 24.0154
0.06 156.035 42.8033
0.061 189.323 54.7919
0.062 177.787 58.814
0.063 134.239 57.0713
0.064 81.5985 53.8666
0.065 43.8059 53.7759
0.066 36.8249 59.7793
0.067 63.0666 72.0167
0.068 111.765 87.7774
0.069 164.914 102.751
0.07 205.289 112.833
0.071 222.464 115.525
0.072 214.786 110.429
0.073 187.727 98.9131
0.074 150.283 83.331
0.075 111.122 66.1557
0.076 75.9225 49.2919
0.077 46.7455 33.7879
0.078 23.3548 20.0117
0.079 5.30263 8.1167
0.08 -6.67611 -1.54947
0.081 -10.7623 -8.35823
0.082 -5.4703 -11.6661
0.083 8.44574 -11.2629
0.084 26.7411 -7.74368
0.085 42.2002 -2.55207
0.086 47.3219 2.43924
0.087 38.1537 5.69377
0.088 17.1051 6.74033
0.089 -7.13192 6.43897
0.09 -22.7518 6.60918
0.091 -19.6027 9.2011
0.092 6.43545 15.376
0.093 50.9606 24.8311
0.094 101.381 35.6131
0.095 140.517 44.5836
0.096 152.87 48.5224
0.097 131.332 45.5162
0.098 81.1149 35.9952
0.099 18.6236 22.8393
0.1 -34.4584 10.4368
0.101 -59.2815 3.09878
0.102 -46.8404 3.48306
0.103 -1.41506 11.5985
0.104 60.6422 24.7166
0.105 116.503 38.2553
0.106 145.168 47.3965
0.107 135.527 48.8854
0.108 90.8989 42.2957
0.109 27.9498 30.2126
0.11 -29.688 17.2425
0.111 -60.4786 8.25718
0.112 -53.0508 6.58554
0.113 -10.1794 12.8481
0.114 52.642 24.8477
0.115 113.243 38.5104
0.116 151.011 49.4733
0.117 154.287 54.7082
0.118 124.352 53.5994
0.119 74.6764 48.1204
0.12 25.7092 42.0516
0.121 -2.87744 39.5076
0.122 0.514949 43.3243
0.123 35.485 53.947
0.124 90.4724 69.2582
0.125 147.584 85.3495
0.126 189.068 97.8401
0.127 202.956 103.212
0.128 186.28 99.7662
0.129 145.273 87.9957
0.13 92.698 70.318
0.131 43.1993 50.2327
0.132 8.32837 31.1906
0.133 -6.80435 15.6062
0.134 -4.08243 4.38718
0.135 9.58565 -2.9301
0.136 25.3927 -7.63905
0.137 35.5352 -11.2075
0.138 35.2124 -14.7066
0.139 23.6086 -18.4234
0.14 3.86434 -21.7348
0.141 -17.949 -23.2975
0.142 -34.611 -21.5095
0.143 -39.7479 -15.0797
0.144 -29.4572 -3.50855
0.145 -3.26836 12.6483
0.146 35.5474 31.766
0.147 80.2903 51.3697
0.148 121.882 68.5579
0.149 150.76 80.5735
0.15 159.411 85.4169
0.151 144.894 82.3572
0.152 110.381 72.1915
0.153 64.8709 57.1283
0.154 20.8358 40.2589
0.155 -9.59802 24.7328
0.156 -18.6392 12.9048
0.157 -5.57415 5.75195
0.158 22.746 2.75146
0.159 53.9805 2.24003
0.16 74.492 2.14468
0.161 74.4622 0.886283
0.162 52.1243 -1.83168
0.163 15.233 -4.69183
0.164 -21.2448 -5.13021
0.165 -40.6015 -0.338704
0.166 -30.8822 11.5002
0.167 10.2054 30.2708
0.168 73.8108 53.6382
0.169 142.391 77.5098
0.17 195.327 97.1085
0.171 215.979 108.371
0.172 197.801 109.247
0.173 147.116 100.397
0.174 81.0968 84.9506
0.175 21.4946 67.3516
0.176 -13.3985 51.772
0.177 -15.3107 40.7336
0.178 11.3716 34.426
0.179 51.6398 30.9015
0.18 85.6585 27.0362
0.181 96.2556 19.9236
0.182 75.5036 8.20605
0.183 27.9412 -7.1848
0.184 -30.9608 -23.2147
0.185 -80.6314 -35.8055
0.186 -103.22 -41.3295
0.187 -90.2631 -37.9464
0.188 -45.6584 -26.2992
0.189 15.9871 -9.33697
0.19 74.7974 8.66629
0.191 112.751 23.5479
0.192 119.917 32.6161
0.193 97.6036 35.4243
0.194 57.3541 33.6941
0.195 16.2499 30.4702
0.196 -9.59703 28.8717
0.197 -10.8557 30.907
0.198 12.055 36.7639
0.199 49.7943 44.8212
0.2 88.1717 52.3698
0.201 113.692 56.7331
0.202 118.368 56.3016
0.203 102.081 51.0661
0.204 71.8849 42.499
0.205 38.8592 32.9181
0.206 13.8572 24.6233
0.207 3.73738 19.1142
0.208 9.35148 16.6498
0.209 25.9176 16.3113
0.21 45.4788 16.5438
0.211 60.27 15.9189
0.212 65.4736 13.7471
0.213 60.319 10.2792
0.214 47.4647 6.48673
0.215 31.3897 3.60522
0.216 16.681 2.66773
0.217 6.7803 4.18732
0.218 3.40806 8.07251
0.219 6.68595 13.7898
0.22 15.788 20.6892
0.221 29.6674 28.3063
0.222 47.2993 36.4527
0.223 67.2532 45.0475
0.224 87.0519 53.8157
0.225 103.094 62.0629
0.226 111.542 68.6787
0.227 109.838 72.3973
0.228 98.0474 72.222
0.229 79.3124 67.845
0.23 59.1564 59.8686
0.231 43.784 49.694
0.232 37.8118 39.0762
0.233 42.1789 29.5127
0.234 53.1884 21.7186
0.235 63.4171 15.4175
0.236 64.4596 9.55956
0.237 50.5172 2.90687
0.238 21.2959 -5.23224
0.239 -17.1044 -14.4409
0.24 -53.8005 -23.087
0.241 -76.7509 -28.7738
0.242 -77.141 -29.196
0.243 -52.9327 -23.0682
0.244 -10.172 -10.7697
0.245 38.6177 5.54917
0.246 78.5649 22.4783
0.247 97.6893 36.3551
0.248 91.3025 44.4394
0.249 63.8309 45.8121
0.25 27.2462 41.6165
0.251 -3.40928 34.5289
0.252 -15.7268 27.6804
0.253 -4.66396 23.4619
0.254 25.5054 22.6567
0.255 62.7326 24.2002
0.256 91.6432 25.6594
0.257 99.2986 24.2815
0.258 80.2134 18.2372
0.259 38.7587 7.55703
0.26 -12.0785 -5.64858
0.261 -55.2657 -17.8048
0.262 -75.9183 -25.0816
0.263 -66.689 -24.7296
0.264 -30.3 -16.0615
0.265 21.5982 -0.738627
0.266 72.6477 17.7394
0.267 107.494 35.1784
0.268 117.019 48.0638
0.269 101.322 54.6591
0.27 69.3597 55.4165
0.271 35.32 52.5707
0.272 13.139 49.1145
0.273 11.3317 47.571
0.274 30.1285 49.0204
0.275 61.8203 52.7229
0.276 93.9102 56.4601
0.277 113.737 57.4493
0.278 112.928 53.473
0.279 90.2251 43.7885
0.28 51.7698 29.4815
0.281 8.78242 13.156
0.282 -26.4751 -1.90272
0.283 -44.8925 -12.7778
0.284 -43.3119 -17.8145
0.285 -25.0516 -17.0485
0.286 1.77724 -12.0366
0.287 27.3268 -5.18917
0.288 43.3 1.11524
0.289 45.4286 5.30127
0.29 34.4583 7.00473
0.291 15.4577 7.02455
0.292 -4.19109 6.87898
0.293 -17.3624 8.14258
0.294 -19.4286 11.8091
0.295 -9.48128 17.9152
0.296 9.72665 25.5489
0.297 32.9111 33.1985
0.298 53.9602 39.2696
0.299 67.6481 42.5669
0.3 70.9288 42.5976
0.301 63.5836 39.64
0.302 48.1511 34.5867
0.303 29.1742 28.6242
0.304 11.9253 22.8614
0.305 0.927317 18.0405
0.306 -1.31193 14.4172
0.307 5.01528 11.8132
0.308 17.0777 9.77408
0.309 30.1556 7.7531
0.31 38.908 5.2771
0.311 38.9277 2.0826
0.312 28.2345 -1.79482
0.313 8.21343 -6.00232
0.314 -16.4695 -9.93048
0.315 -39.1178 -12.8338
0.316 -53.0723 -13.9835
0.317 -53.8706 -12.8318
0.318 -40.76 -9.16907
0.319 -17.0933 -3.2395
0.32 10.5337 4.24293
0.321 34.2427 12.221
0.322 47.4215 19.5477
0.323 47.0395 25.2904
0.324 34.825 28.9862
0.325 16.7364 30.761
0.326 0.847446 31.2624
0.327 -5.56355 31.409
0.328 1.35078 32.029
0.329 20.5471 33.5093
0.33 46.2926 35.5965
0.331 70 37.4437
0.332 83.1445 37.8964
0.333 80.2995 35.9236
0.334 61.1873 31.0438
0.335 30.9299 23.5935
0.336 -1.63704 14.7255
0.337 -26.9667 6.11717
0.338 -38.0286 -0.527391
0.339 -32.6273 -4.00517
0.34 -14.0279 -3.98019
0.341 10.2897 -1.05934
0.342 31.284 3.43844
0.343 41.4809 7.93603
0.344 37.4964 11.1258
0.345 21.0938 12.3953
0.346 -1.55983 11.9969
0.347 -22.1525 10.8951
0.348 -33.1903 10.3447
0.349 -30.6026 11.3719
0.35 -15.0678 14.3589
0.351 8.35352 18.874
0.352 32.0484 23.7911
0.353 48.4287 27.6474
0.354 52.3799 29.1262
0.355 42.834 27.5092
0.356 23.0179 22.939
0.357 -0.692181 16.3876
0.358 -20.9374 9.34068
0.359 -31.8087 3.32687
0.36 -30.6761 -0.53142
0.361 -18.8253 -1.80411
0.362 -0.806999 -0.810758
0.363 17.1507 1.54785
0.364 29.1188 4.12845
0.365 31.2763 5.95107
0.366 23.0632 6.53384
0.367 7.31538 6.03128
0.368 -10.6985 5.1303
0.369 -25.0197 4.76326
0.37 -30.9085 5.75895
0.371 -26.2858 8.54643
0.372 -12.3103 12.9876
0.373 7.00206 18.378
0.374 25.9733 23.623
0.375 38.9624 27.5469
0.376 42.1007 29.2388
0.377 34.5188 28.3104
0.378 18.6351 24.9833
0.379 -0.607224 19.9961
0.38 -17.3089 14.381
0.381 -26.4846 9.17979
0.382 -25.6583 5.16817
0.383 -15.6902 2.66271
0.384 -0.549928 1.47226
0.385 13.9392 1.01621
0.386 22.0146 0.569166
0.387 19.9315 -0.45656
0.388 7.31204 -2.28421
0.389 -12.5803 -4.66663
0.39 -33.7789 -6.93164
0.391 -49.5083 -8.17431
0.392 -54.4346 -7.54843
0.393 -46.4971 -4.56798
0.394 -27.6602 0.686035
0.395 -3.30438 7.53066
0.396 19.5298 14.835
0.397 34.4498 21.3173
0.398 37.8142 25.8977
0.399 29.9405 28.0013
0.4 14.9784 27.7118
0.401 -0.567247 25.7163
0.402 -10.1836 23.0515
0.403 -9.7097 20.7394
0.404 1.17368 19.443
0.405 18.8506 19.2582
0.406 37.0551 19.7084
0.407 49.0475 19.9417
0.408 49.9454 19.0664
0.409 38.4456 16.5161
0.41 17.3423 12.3109
0.411 -7.38592 7.10892
0.412 -28.6299 2.01708
0.413 -40.5862 -1.76917
0.414 -40.6624 -3.36256
0.415 -30.1915 -2.47648
0.416 -13.7903 0.47852
0.417 2.32832 4.519
0.418 12.4853 8.39614
0.419 13.4169 10.9945
0.42 5.29758 11.6909
0.421 -8.45244 10.5396
0.422 -22.501 8.21329
0.423 -31.5615 5.72717
0.424 -32.2233 4.06638
0.425 -24.0156 3.85588
0.426 -9.41739 5.17368
0.427 7.08892 7.55113
0.428 20.5525 10.1538
0.429 27.1775 12.0907
0.43 25.5163 12.7492
0.431 16.8346 12.0252
0.432 4.54271 10.3496
0.433 -7.05245 8.50641
0.434 -14.1864 7.33178
0.435 -14.7779 7.41611
0.436 -8.96235 8.90381
0.437 1.07155 11.4387
0.438 11.8483 14.2658
0.439 19.7316 16.4667
0.44 22.052 17.2609
0.441 17.8662 16.2608
0.442 8.13641 13.5813
0.443 -4.65623 9.7722
0.444 -17.28 5.62181
0.445 -26.6711 1.91739
0.446 -30.7752 -0.762767
0.447 -29.0941 -2.17705
0.448 -22.7673 -2.44058
0.449 -14.1557 -1.93095
0.45 -6.08145 -1.11205
0.451 -0.982412 -0.348962
0.452 -0.213836 0.21054
0.453 -3.64749 0.65416
0.454 -9.67319 1.23634
0.455 -15.6577 2.25993
0.456 -18.7857 3.94797
0.457 -17.024 6.34068
0.458 -9.85865 9.24943
0.459 1.45573 12.287
0.46 14.1955 14.9624
0.461 24.9161 16.8031
0.462 30.4698 17.4649
0.463 29.0339 16.8126
0.464 20.8097 14.9561
0.465 8.07825 12.2337
0.466 -5.47568 9.13882
0.467 -15.942 6.20942
0.468 -20.4341 3.91516
0.469 -17.9911 2.57334
0.47 -9.87324 2.30288
0.471 0.843899 3.01427
0.472 10.2988 4.44223
0.473 15.2014 6.22779
0.474 14.0308 8.03086
0.475 7.59059 9.6289
0.476 -1.30316 10.9607
0.477 -8.86115 12.1037
0.478 -11.6871 13.2064
0.479 -8.00961 14.4005
0.48 1.61335 15.7146
0.481 14.3754 17.0077
0.482 26.1178 17.9593
0.483 32.7596 18.1403
0.484 31.7311 17.154
0.485 22.8675 14.7907
0.486 8.4565 11.1334
0.487 -7.53025 6.57537
0.488 -20.7366 1.74863
0.489 -27.8315 -2.61536
0.49 -27.5719 -5.86168
0.491 -21.1399 -7.58028
0.492 -11.616 -7.71023
0.493 -2.79598 -6.53538
0.494 2.17954 -4.56772
0.495 1.88254 -2.36267
0.496 -2.98999 -0.337052
0.497 -9.93963 1.34681
0.498 -15.6016 2.79655
0.499 -16.9851 4.30376
0.5 -12.5842 6.18697
0.501 -2.93786 8.62091
0.502 9.56207 11.5169
0.503 21.5035 14.5029
0.504 29.5871 17.0158
0.505 31.6726 18.4766
0.506 27.4265 18.488
0.507 18.3909 16.9824
0.508 7.44088 14.2658
0.509 -2.19638 10.9356
0.51 -8.0049 7.70069
0.511 -8.93186 5.17027
0.512 -5.59212 3.68212
0.513 0.0733873 3.22285
0.514 5.51518 3.46081
0.515 8.43231 3.87961
0.516 7.52059 3.97007
0.517 2.88095 3.41609
0.518 -4.05928 2.20457
0.519 -11.0836 0.615897
0.52 -15.9626 -0.895803
0.521 -17.1739 -1.87727
0.522 -14.346 -2.03803
0.523 -8.33307 -1.34722
0.524 -0.926889 -0.0391898
0.525 5.71411 1.47163
0.526 9.75811 2.74205
0.527 10.2913 3.46842
0.528 7.5966 3.60678
0.529 3.02854 3.39249
0.53 -1.44509 3.25137
0.531 -3.86699 3.64194
0.532 -2.89673 4.89079
0.533 1.7621 7.07636
0.534 9.24198 9.99194
0.535 17.7539 13.1937
0.536 25.1307 16.1204
0.537 29.4958 18.252
0.538 29.8298 19.2539
0.539 26.2567 19.0552
0.54 19.974 17.834
0.541 12.8571 15.9258
0.542 6.85389 13.6981
0.543 3.35716 11.4406
0.544 2.76504 9.29977
0.545 4.3848 7.27137
0.546 6.71554 5.2467
0.547 8.00992 3.10049
0.548 6.91992 0.787403
0.549 3.0087 -1.59372
0.55 -3.04362 -3.79667
0.551 -9.61973 -5.48598
0.552 -14.684 -6.33028
0.553 -16.4669 -6.09656
0.554 -14.0742 -4.71982
0.555 -7.81142 -2.33306
0.556 0.885265 0.751194
0.557 9.88569 4.10676
0.558 17.025 7.28859
0.559 20.771 9.92585
0.56 20.6786 11.786
0.561 17.4725 12.797
0.562 12.7345 13.0297
0.563 8.31503 12.6495
0.564 5.69098 11.8516
0.565 5.48854 10.798
0.566 7.32174 9.57911
0.567 9.98552 8.21321
0.568 11.9294 6.67795
0.569 11.8477 4.9571
0.57 9.17926 3.08482
0.571 4.33596 1.17539
0.572 -1.42109 -0.572353
0.573 -6.40208 -1.9048
0.574 -9.04718 -2.57594
0.575 -8.43273 -2.4217
0.576 -4.56607 -1.41536
0.577 1.61709 0.316079
0.578 8.54584 2.51447
0.579 14.5007 4.84111
0.58 18.133 6.94595
0.581 18.8443 8.54446
0.582 16.9086 9.48121
0.583 13.3155 9.75415
0.584 9.40533 9.48694
0.585 6.42182 8.86468
0.586 5.12576 8.06454
0.587 5.58558 7.20606
0.588 7.20352 6.3286
0.589 8.95942 5.39559
0.59 9.78502 4.32776
0.591 8.94352 3.06085
0.592 6.29384 1.60665
0.593 2.35954 0.0854722
0.594 -1.81846 -1.28943
0.595 -5.00037 -2.26772
0.596 -6.13595 -2.6322
0.597 -4.69714 -2.25939
0.598 -0.850253 -1.15769
0.599 4.58085 0.525894
0.6 10.3459 2.53816
0.601 15.1274 4.58787
0.602 17.9271 6.42636
0.603 18.3643 7.90808
0.604 16.7821 9.00928
0.605 14.1176 9.80471
0.606 11.5778 10.4174
0.607 10.233 10.9595
0.608 10.6648 11.4813
0.609 12.7736 11.9446
0.61 15.8031 12.2327
0.611 18.5807 12.1945
0.612 19.9118 11.7034
0.613 19.0044 10.7054
0.614 15.7684 9.24162
0.615 10.8695 7.44257
0.616 5.51903 5.49759
0.617 1.07724 3.60746
0.618 -1.39025 1.93443
0.619 -1.46151 0.567989
0.62 0.497643 -0.480239
0.621 3.45173 -1.25471
0.622 6.0539 -1.82234
0.623 7.12796 -2.24078
0.624 6.09656 -2.53481
0.625 3.19441 -2.68356
0.626 -0.608178 -2.62362
0.627 -3.93778 -2.27044
0.628 -5.48762 -1.55188
0.629 -4.46856 -0.438857
0.63 -0.891125 1.03951
0.631 4.42403 2.79612
0.632 10.1184 4.6946
0.633 14.7532 6.56378
0.634 17.2834 8.22121
0.635 17.3828 9.50516
0.636 15.5133 10.3059
0.637 12.7247 10.5835
0.638 10.2586 10.366
0.639 9.09409 9.73351
0.64 9.5992 8.79619
0.641 11.4159 7.66805
0.642 13.6145 6.44019
0.643 15.0478 5.161
0.644 14.7712 3.8347
0.645 12.3849 2.44272
0.646 8.19061 0.97948
0.647 3.10855 -0.514596
0.648 -1.61969 -1.93777
0.649 -4.83973 -3.13436
0.65 -5.85348 -3.92326
0.651 -4.61537 -4.14238
0.652 -1.70088 -3.69883
0.653 1.91705 -2.60868
0.654 5.19459 -1.00837
0.655 7.34333 0.871291
0.656 8.05904 2.76228
0.657 7.57918 4.42723
0.658 6.54929 5.71518
0.659 5.75165 6.58895
0.66 5.80729 7.11609
0.661 6.96395 7.42624
0.662 9.03068 7.64877
0.663 11.4573 7.85326
0.664 13.5207 8.01703
0.665 14.5616 8.0339
0.666 14.2016 7.76084
0.667 12.4674 7.08335
0.668 9.77747 5.97544
0.669 6.80358 4.53247
0.67 4.26541 2.96299
0.671 2.73069 1.53858
0.672 2.47181 0.51675
0.673 3.40677 0.0638987
0.674 5.1376 0.206619
0.675 7.07941 0.829198
0.676 8.64143 1.71611
0.677 9.39892 2.62327
0.678 9.20287 3.35483
0.679 8.2036 3.8203
0.68 6.79177 4.05161
0.681 5.47451 4.17358
0.682 4.7139 4.33982
0.683 4.7721 4.66006
0.684 5.61829 5.14775
0.685 6.93505 5.707
0.686 8.21991 6.16131
0.687 8.94391 6.31315
0.688 8.71898 6.01489
0.689 7.43029 5.22616
0.69 5.29428 4.03547
0.691 2.8133 2.63665
0.692 0.626742 1.26953
0.693 -0.696033 0.14745
0.694 -0.842924 -0.602042
0.695 0.141932 -0.964076
0.696 1.87539 -1.02488
0.697 3.75763 -0.927488
0.698 5.16372 -0.810519
0.699 5.65052 -0.753137
0.7 5.11244 -0.747311
0.701 3.82498 -0.706542
0.702 2.34999 -0.505313
0.703 1.33494 -0.0328847
0.704 1.28382 0.75874
0.705 2.38169 1.82925
0.706 4.42723 3.05494
0.707 6.89172 4.26201
0.708 9.08764 5.27618
0.709 10.3957 5.96973
0.71 10.4743 6.28971
0.711 9.37404 6.26079
0.712 7.51227 5.96506
0.713 5.51876 5.5074
0.714 4.01405 4.97859
0.715 3.39839 4.42903
0.716 3.72006 3.86209
0.717 4.66564 3.24829
0.718 5.67691 2.55201
0.719 6.15597 1.75789
0.72 5.68604 0.88711
0.721 4.18656 0.00072922
0.722 1.94635 -0.809739
0.723 -0.471776 -1.44271
0.724 -2.41629 -1.8123
0.725 -3.3588 -1.87023
0.726 -3.06291 -1.61507
0.727 -1.65385 -1.08651
0.728 0.434075 -0.350864
0.729 2.61229 0.513983
0.73 4.33766 1.43084
0.731 5.28428 2.33339
0.732 5.42951 3.17294
0.733 5.0325 3.91871
0.734 4.52 4.5514
0.735 4.32121 5.05538
0.736 4.70881 5.41556
0.737 5.70069 5.61959
0.738 7.05474 5.66041
0.739 8.35585 5.53583
0.74 9.16124 5.2476
0.741 9.15058 4.80351
0.742 8.22979 4.22131
0.743 6.558 3.53031
0.744 4.4937 2.76964
0.745 2.48146 1.98564
0.746 0.918019 1.2306
0.747 0.0408243 0.560376
0.748 -0.12821 0.027044
0.749 0.231197 -0.332082
0.75 0.813524 -0.50314
0.751 1.29672 -0.497645
0.752 1.44729 -0.348481
0.753 1.18823 -0.102652
0.754 0.611662 0.188479
0.755 -0.0624815 0.48124
0.756 -0.565039 0.750606
0.757 -0.668736 0.99389
0.758 -0.264503 1.22409
0.759 0.60096 1.45695
0.76 1.73862 1.69906
0.761 2.87615 1.94122
0.762 3.74144 2.15725
0.763 4.14288 2.30801
0.764 4.02272 2.35194
0.765 3.47008 2.26063
0.766 2.69118 2.0331
0.767 1.94445 1.70024
0.768 1.46 1.31686
0.769 1.36893 0.946041
0.77 1.6655 0.64315
0.771 2.21351 0.443556
0.772 2.7932 0.355308
0.773 3.17307 0.358818
0.774 3.18494 0.415907
0.775 2.77949 0.486562
0.776 2.04372 0.545888
0.777 1.17371 0.592811
0.778 0.411981 0.647681
0.779 -0.029356 0.742034
0.78 -0.0355159 0.905465
0.781 0.374516 1.15294
0.782 1.05351 1.47521
0.783 1.77323 1.83605
0.784 2.2996 2.17944
0.785 2.47015 2.44513
0.786 2.24566 2.58592
0.787 1.71879 2.57985
0.788 1.07965 2.4342
0.789 0.551412 2.18149
0.79 0.315291 1.86918
0.791 0.447677 1.54542
0.792 0.891382 1.24533
0.793 1.47463 0.98312
0.794 1.97285 0.753418
0.795 2.18884 0.540076
0.796 2.02008 0.327766
0.797 1.49165 0.112196
0.798 0.748482 -0.0934445
0.799 0.0105909 -0.258091
0.8 -0.496756 -0.340035
0.801 -0.61771 -0.300382
0.802 -0.318027 -0.117508
0.803 0.307068 0.203847
0.804 1.07143 0.632112
0.805 1.76388 1.11571
0.806 2.21517 1.59397
0.807 2.34646 2.01001
0.808 2.18827 2.32308
0.809 1.86467 2.51626
0.81 1.54494 2.59602
0.811 1.37821 2.58363
0.812 1.4375 2.50313
0.813 1.69646 2.37171
0.814 2.0439 2.19563
0.815 2.32479 1.97116
0.816 2.39191 1.68935
0.817 2.15448 1.34357
0.818 1.61099 0.938048
0.819 0.853601 0.493529
0.82 0.0395758 0.0468207
0.821 -0.660082 -0.356366
0.822 -1.11304 -0.672267
0.823 -1.26 -0.869308
0.824 -1.1243 -0.934688
0.825 -0.799018 -0.876259
0.826 -0.415615 -0.719506
0.827 -0.100774 -0.50029
0.828 0.065079 -0.255408
0.829 0.0711791 -0.0139886
0.83 -0.0275641 0.207536
0.831 -0.137484 0.405523
0.832 -0.162104 0.5849
0.833 -0.0346213 0.752781
0.834 0.259528 0.912447
0.835 0.674871 1.05978
0.836 1.11784 1.18329
0.837 1.47749 1.26753
0.838 1.66356 1.29848
0.839 1.63579 1.26909
0.84 1.41397 1.18306
0.841 1.06868 1.05538
0.842 0.69939 0.909046
0.843 0.40565 0.769152
0.844 0.257165 0.656334
0.845 0.271448 0.5818
0.846 0.409205 0.545419
0.847 0.590619 0.537149
0.848 0.724961 0.541144
0.849 0.740823 0.54126
0.85 0.607258 0.526136
0.851 0.341963 0.49209
0.852 0.0057878 0.443133
0.853 -0.315995 0.388663
0.854 -0.541703 0.339928
0.855 -0.620824 0.30631
0.856 -0.549692 0.292374
0.857 -0.369584 0.29667
0.858 -0.149965 0.312969
0.859 0.0357377 0.333421
0.86 0.134317 0.351871
0.861 0.130278 0.365698
0.862 0.0508685 0.375981
0.863 -0.0442752 0.386847
0.864 -0.0858802 0.404381
0.865 -0.0213032 0.43464
0.866 0.165938 0.480724
0.867 0.449701 0.540348
0.868 0.768834 0.605751
0.869 1.04615 0.666136
0.87 1.21314 0.710833
0.871 1.23206 0.731489
0.872 1.10712 0.72332
0.873 0.880795 0.686372
0.874 0.617543 0.62644
0.875 0.382052 0.554123
0.876 0.219683 0.48142
0.877 0.144657 0.417687
0.878 0.13897 0.367523
0.879 0.1625 0.331318
0.88 0.170816 0.306892
0.881 0.133391 0.290676
0.882 0.044713 0.278639
0.883 -0.0752537 0.267833
0.884 -0.189905 0.258046
0.885 -0.259761 0.251925
0.886 -0.256366 0.252889
0.887 -0.172418 0.262339
0.888 -0.0250234 0.278378
0.889 0.149456 0.296502
0.89 0.307251 0.310997
0.891 0.410889 0.315951
0.892 0.439567 0.306281
0.893 0.393278 0.279357
0.894 0.290444 0.236529
0.895 0.160792 0.183182
0.896 0.0360073 0.126974
0.897 -0.0591852 0.0755268
0.898 -0.112898 0.0350156
0.899 -0.127175 0.00971826
0.9 -0.114507 0.00167909
0.901 -0.0916326 0.0103396
0.902 -0.0729828 0.0328769
0.903 -0.065859 0.0655266
0.904 -0.0687268 0.104992
0.905 -0.0727939 0.148877
0.906 -0.0659247 0.195169
0.907 -0.0373575 0.241765
0.908 0.0183425 0.286575
0.909 0.0990732 0.327674
0.91 0.195022 0.362913
0.911 0.290602 0.389425
0.912 0.36825 0.40394
0.913 0.413018 0.403946
0.914 0.416383 0.388695
0.915 0.378166 0.359264
0.916 0.306312 0.317999
0.917 0.214945 0.268196
0.918 0.121196 0.214185
0.919 0.0411584 0.16106
0.92 -0.0142282 0.113646
0.921 -0.0419031 0.0753297
0.922 -0.0467906 0.0476592
0.923 -0.0392949 0.0307858
0.924 -0.0312702 0.0239983
0.925 -0.0318669 0.0258189
0.926 -0.0444336 0.033981
0.927 -0.0652957 0.0458939
0.928 -0.084957 0.0595051
0.929 -0.0916992 0.0738149
0.93 -0.0764078 0.0886142
0.931 -0.0365911 0.103818
0.932 0.0220916 0.119032
0.933 0.0873058 0.133524
0.934 0.143928 0.146312
0.935 0.178998 0.156126
0.936 0.186082 0.161502
0.937 0.167528 0.161262
0.938 0.133613 0.155237
0.939 0.0987542 0.144657
0.94 0.0762712 0.131889
0.941 0.0738021 0.119678
0.942 0.0909837 0.110326
0.943 0.120024 0.105094
0.944 0.148841 0.103919
0.945 0.165598 0.10545
0.946 0.163012 0.107476
0.947 0.140806 0.107682
0.948 0.105396 0.104472
0.949 0.0670307 0.0974603
0.95 0.0357573 0.0874642
0.951 0.017848 0.076063
0.952 0.0139416 0.0649483
0.953 0.0193852 0.0553193
0.954 0.0264883 0.0475245
0.955 0.0277463 0.0410688
0.956 0.0187899 0.0349741
0.957 -4.23727e-05 0.0283263
0.958 -0.0240586 0.0207535
0.959 -0.0462217 0.0126423
0.96 -0.0598827 0.00503748
0.961 -0.0611366 -0.000712357
0.962 -0.0499771 -0.00343215
0.963 -0.0299654 -0.00255432
0.964 -0.00670765 0.001655
0.965 0.0141773 0.00817231
0.966 0.0288316 0.0155579
0.967 0.0360818 0.0224036
0.968 0.0372848 0.0277017
0.969 0.0352919 0.0310222
0.97 0.0330454 0.0324794
0.971 0.0324026 0.0325446
0.972 0.0336234 0.0317876
0.973 0.035614 0.0306426
0.974 0.0366791 0.0292793
0.975 0.0353791 0.0276184
0.976 0.0311442 0.0254636
0.977 0.0244559 0.0226715
0.978 0.0165955 0.0192756
0.979 0.00911371 0.0155138
0.98 0.00326403 0.0117627
0.981 -0.000363829 0.00841779
0.982 -0.00188694 0.00577624
0.983 -0.001898 0.003965
0.984 -0.00112968 0.0029312
0.985 -0.000181441 0.00248855
0.986 0.000608408 0.00239482
0.987 0.00114882 0.00242955
0.988 0.00149442 0.0024454
0.989 0.00172575 0.0023794
0.99 0.00187207 0.00223001
0.991 0.00190575 0.00202098
0.992 0.00179008 0.00177447
0.993 0.00152886 0.00150247
0.994 0.00117711 0.00121159
0.995 0.000813335 0.000911517
0.996 0.000501694 0.000619993
0.997 0.000270947 0.0003618
0.998 0.0001184 0.00016245
0.999 3.01253e-05 3.99924e-05
0.12 2.54757 0.835444
0.24 2.56126 0.836956
0.36 2.58401 0.839468
0.48 2.61573 0.842968
0.6 2.65629 0.847438
0.72 2.70552 0.852856
0.84 2.76321 0.859195
0.96 2.82914 0.866424
1.08 2.90302 0.874506
1.2 2.98457 0.883403
1.32 3.07345 0.89307
1.44 3.1693 0.90346
1.56 3.27174 0.91452
1.68 3.38035 0.926197
1.8 3.49473 0.938434
1.92 3.6144 0.951169
2.04 3.73892 0.964341
2.16 3.86779 0.977884
2.28 4.00054 0.991733
2.4 4.13665 1.00582
2.52 4.27563 1.02007
2.64 4.41697 1.03443
2.76 4.56015 1.04881
2.88 4.70466 1.06315
3 4.84999 1.07738
3.12 4.99565 1.09144
3.24 5.14114 1.10524
3.36 5.28598 1.11873
3.48 5.42971 1.13183
3.6 5.57185 1.1445
3.72 5.71199 1.15666
3.84 5.84969 1.16825
3.96 5.98456 1.17922
4.08 6.11623 1.18952
4.2 6.24432 1.1991
4.32 6.36852 1.20791
4.44 6.48851 1.2159
4.56 6.60402 1.22304
4.68 6.71478 1.22929
4.8 6.82057 1.23462
4.92 6.92118 1.23901
5.04 7.01643 1.24242
5.16 7.10619 1.24485
5.28 7.19031 1.24627
5.4 7.26872 1.24668
5.52 7.34133 1.24607
5.64 7.4081 1.24443
5.76 7.469 1.24178
5.88 7.52404 1.23811
6 7.57323 1.23343
6.12 7.61662 1.22777
6.24 7.65428 1.22113
6.36 7.68628 1.21355
6.48 7.71272 1.20504
6.6 7.73372 1.19563
6.72 7.7494 1.18535
6.84 7.7599 1.17425
6.96 7.76538 1.16234
7.08 7.766 1.14968
7.2 7.76193 1.1363
7.32 7.75334 1.12225
7.44 7.74043 1.10757
7.56 7.72337 1.09231
7.68 7.70236 1.07652
7.8 7.67759 1.06023
7.92 7.64925 1.04351
8.04 7.61753 1.02639
8.16 7.58262 1.00894
8.28 7.54472 0.991191
8.4 7.504 0.9732
8.52 7.46064 0.955014
8.64 7.41482 0.936678
8.76 7.3667 0.91824
8.88 7.31646 0.899745
9 7.26423 0.881235
9.12 7.21018 0.862752
9.24 7.15444 0.844338
9.36 7.09715 0.826029
9.48 7.03843 0.807861
9.6 6.9784 0.78987
9.72 6.91717 0.772086
9.84 6.85484 0.754539
9.96 6.79151 0.737255
10.08 6.72727 0.720259
10.2 6.6622 0.703572
10.32 6.59638 0.687215
10.44 6.52986 0.671203
10.56 6.46273 0.65555
10.68 6.39503 0.640269
10.8 6.32681 0.625368
10.92 6.25813 0.610854
11.04 6.18903 0.596731
11.16 6.11954 0.583001
11.28 6.04971 0.569664
11.4 5.97958 0.556716
11.52 5.90916 0.544154
11.64 5.83849 0.531971
11.76 5.76761 0.520159
11.88 5.69653 0.508707
12 5.62528 0.497605
12.12 5.55389 0.486839
12.24 5.48238 0.476397
12.36 5.41078 0.466261
12.48 5.33911 0.456417
12.6 5.26739 0.446848
12.72 5.19566 0.437536
12.84 5.12394 0.428464
12.96 5.05225 0.419614
13.08 4.98062 0.410967
13.2 4.90908 0.402505
13.32 4.83766 0.394211
13.44 4.76638 0.386066
13.56 4.69528 0.378053
13.68 4.62438 0.370155
13.8 4.55371 0.362357
13.92 4.4833 0.354642
14.04 4.41319 0.346998
14.16 4.3434 0.339409
14.28 4.27396 0.331865
14.4 4.2049 0.324352
14.52 4.13624 0.316863
14.64 4.06802 0.309387
14.76 4.00026 0.301917
14.88 3.93299 0.294447
15 3.86623 0.286972
15.12 3.8 0.279488
15.24 3.73432 0.271994
15.36 3.66922 0.264489
15.48 3.60471 0.256972
15.6 3.54081 0.249446
15.72 3.47753 0.241914
15.84 3.41489 0.234379
15.96 3.3529 0.226848
16.08 3.29156 0.219326
16.2 3.2309 0.211822
16.32 3.1709 0.204342
16.44 3.11158 0.196897
16.56 3.05294 0.189496
16.68 2.99498 0.18215
16.8 2.93771 0.17487
16.92 2.88111 0.167667
17.04 2.8252 0.160553
17.16 2.76996 0.153542
17.28 2.71539 0.146643
17.4 2.66148 0.139871
17.52 2.60824 0.133238
17.64 2.55565 0.126754
17.76 2.5037 0.120434
17.88 2.4524 0.114287
18 2.40173 0.108324
18.12 2.35168 0.102557
18.24 2.30225 0.0969957
18.36 2.25344 0.0916482
18.48 2.20523 0.0865234
18.6 2.15761 0.0816288
18.72 2.11059 0.076971
18.84 2.06416 0.0725556
18.96 2.0183 0.0683874
19.08 1.97302 0.06447
19.2 1.92831 0.0608059
19.32 1.88418 0.0573966
19.44 1.8406 0.0542425
19.56 1.79759 0.0513429
19.68 1.75515 0.0486959
19.8 1.71326 0.0462985
19.92 1.67193 0.0441469
20.04 1.63116 0.042236
20.16 1.59095 0.0405596
20.28 1.5513 0.0391107
20.4 1.5122 0.0378815
20.52 1.47367 0.036863
20.64 1.43571 0.0360455
20.76 1.3983 0.0354187
20.88 1.36146 0.0349714
21 1.32518 0.0346919
21.12 1.28948 0.0345679
21.24 1.25433 0.0345866
21.36 1.21976 0.034735
21.48 1.18576 0.0349996
21.6 1.15232 0.0353667
21.72 1.11945 0.0358226
21.84 1.08716 0.0363534
21.96 1.05542 0.0369453
22.08 1.02426 0.0375847
22.2 0.993652 0.038258
22.32 0.96361 0.038952
22.44 0.934127 0.0396538
22.56 0.905199 0.040351
22.68 0.876823 0.0410316
22.8 0.848995 0.0416841
22.92 0.821711 0.0422977
23.04 0.794967 0.0428623
23.16 0.768756 0.0433684
23.28 0.743076 0.0438074
23.4 0.71792 0.0441712
23.52 0.693282 0.0444528
23.64 0.669159 0.044646
23.76 0.645543 0.0447454
23.88 0.622431 0.0447465
24 0.599815 0.0446456
24.12 0.577692 0.0444401
24.24 0.556057 0.0441281
24.36 0.534903 0.0437086
24.48 0.514227 0.0431814
24.6 0.494024 0.0425473
24.72 0.47429 0.0418077
24.84 0.455021 0.040965
24.96 0.436214 0.0400221
25.08 0.417866 0.0389827
25.2 0.399973 0.0378512
25.32 0.382533 0.0366324
25.44 0.365544 0.0353318
25.56 0.349003 0.0339555
25.68 0.332909 0.0325097
25.8 0.31726 0.0310014
25.92 0.302055 0.0294375
26.04 0.287292 0.0278255
26.16 0.27297 0.0261729
26.28 0.259087 0.0244873
26.4 0.245642 0.0227766
26.52 0.232635 0.0210485
26.64 0.220062 0.0193108
26.76 0.207922 0.0175711
26.88 0.196214 0.015837
27 0.184933 0.0141157
27.12 0.174079 0.0124143
27.24 0.163647 0.0107396
27.36 0.153633 0.00909795
27.48 0.144033 0.00749547
27.6 0.134841 0.00593779
27.72 0.126054 0.00443012
27.84 0.117663 0.0029772
27.96 0.109662 0.00158328
28.08 0.102044 0.000252096
28.2 0.0948002 -0.00101312
28.32 0.0879213 -0.0022097
28.44 0.081398 -0.00333549
28.56 0.0752199 -0.0043889
28.68 0.069376 -0.00536886
28.8 0.0638547 -0.00627485
28.92 0.058644 -0.00710687
29.04 0.0537312 -0.00786543
29.16 0.0491032 -0.00855155
29.28 0.0447466 -0.00916671
29.4 0.0406476 -0.00971285
29.52 0.036792 -0.0101923
29.64 0.0331657 -0.0106079
29.76 0.0297542 -0.0109628
29.88 0.0265432 -0.0112604
30 0.0235184 -0.0115045
30.12 0.0206654 -0.0116992
30.24 0.0179704 -0.0118487
30.36 0.0154196 -0.0119576
30.48 0.0129997 -0.0120304
30.6 0.0106977 -0.0120718
30.72 0.00850137 -0.0120869
30.84 0.00639884 -0.0120803
30.96 0.00437897 -0.0120571
31.08 0.00243129 -0.0120219
31.2 0.00054609 -0.0119797
31.32 -0.00128555 -0.0119351
31.44 -0.00307174 -0.0118927
31.56 -0.00481974 -0.0118568
31.68 -0.00653594 -0.0118316
31.8 -0.00822586 -0.0118211
31.92 -0.00989414 -0.0118289
32.04 -0.0115445 -0.0118586
32.16 -0.01318 -0.0119133
32.28 -0.0148025 -0.0119959
32.4 -0.0164134 -0.0121087
32.52 -0.0180132 -0.012254
32.64 -0.0196016 -0.0124337
32.76 -0.0211778 -0.0126491
32.88 -0.0227401 -0.0129014
33 -0.0242866 -0.0131912
33.12 -0.0258146 -0.0135189
33.24 -0.0273211 -0.0138845
33.36 -0.0288027 -0.0142875
33.48 -0.0302557 -0.0147273
33.6 -0.0316762 -0.0152026
33.72 -0.0330602 -0.0157121
33.84 -0.0344035 -0.0162539
33.96 -0.0357021 -0.016826
34.08 -0.0369518 -0.017426
34.2 -0.0381487 -0.0180511
34.32 -0.039289 -0.0186984
34.44 -0.0403693 -0.0193648
34.56 -0.0413863 -0.0200468
34.68 -0.0423372 -0.0207409
34.8 -0.0432194 -0.0214433
34.92 -0.044031 -0.02215
35.04 -0.0447703 -0.022857
35.16 -0.0454362 -0.0235602
35.28 -0.046028 -0.0242554
35.4 -0.0465456 -0.0249383
35.52 -0.0469892 -0.0256047
35.64 -0.0473598 -0.0262503
35.76 -0.0476586 -0.0268709
35.88 -0.0478874 -0.0274624
36 -0.0480483 -0.0280205
36.12 -0.0481441 -0.0285415
36.24 -0.0481777 -0.0290215
36.36 -0.0481523 -0.0294567
36.48 -0.0480717 -0.0298437
36.6 -0.0479396 -0.0301792
36.72 -0.0477602 -0.0304601
36.84 -0.0475376 -0.0306835
36.96 -0.0472761 -0.0308468
37.08 -0.0469801 -0.0309477
37.2 -0.0466539 -0.0309841
37.32 -0.0463017 -0.0309543
37.44 -0.0459278 -0.0308567
37.56 -0.0455362 -0.0306902
37.68 -0.0451306 -0.0304539
37.8 -0.0447146 -0.0301473
37.92 -0.0442914 -0.0297701
38.04 -0.043864 -0.0293224
38.16 -0.043435 -0.0288046
38.28 -0.0430066 -0.0282176
38.4 -0.0425806 -0.0275622
38.52 -0.0421583 -0.0268399
38.64 -0.0417408 -0.0260523
38.76 -0.0413286 -0.0252013
38.88 -0.0409217 -0.0242893
39 -0.0405199 -0.0233185
39.12 -0.0401224 -0.0222919
39.24 -0.0397281 -0.0212124
39.36 -0.0393354 -0.0200832
39.48 -0.0389426 -0.0189077
39.6 -0.0385474 -0.0176896
39.72 -0.0381474 -0.0164326
39.84 -0.0377398 -0.0151407
39.96 -0.0373218 -0.0138179
40.08 -0.0368903 -0.0124684
40.2 -0.036442 -0.0110966
40.32 -0.0359738 -0.00970672
40.44 -0.0354822 -0.00830321
40.56 -0.034964 -0.00689048
40.68 -0.0344161 -0.00547299
40.8 -0.0338352 -0.00405514
40.92 -0.0332185 -0.00264132
41.04 -0.0325632 -0.00123588
41.16 -0.0318669 0.000156942
41.28 -0.0311273 0.00153297
41.4 -0.0303424 0.00288815
41.52 -0.0295108 0.00421857
41.64 -0.0286313 0.00552044
41.76 -0.027703 0.00679015
41.88 -0.0267256 0.00802425
42 -0.0256991 0.0092195
42.12 -0.0246241 0.0103729
42.24 -0.0235014 0.0114815
42.36 -0.0223325 0.0125427
42.48 -0.0211191 0.0135542
42.6 -0.0198635 0.0145138
42.72 -0.0185684 0.0154195
42.84 -0.0172369 0.0162698
42.96 -0.0158723 0.0170632
43.08 -0.0144786 0.0177984
43.2 -0.0130598 0.0184747
43.32 -0.0116205 0.0190912
43.44 -0.0101652 0.0196476
43.56 -0.00869888 0.0201437
43.68 -0.00722671 0.0205795
43.8 -0.00575394 0.0209552
43.92 -0.00428592 0.0212713
44.04 -0.0028281 0.0215286
44.16 -0.00138595 0.0217278
44.28 3.50804e-05 0.0218702
44.4 0.0014296 0.0219569
44.52 0.0027923 0.0219893
44.64 0.00411802 0.0219691
44.76 0.00540175 0.021898
44.88 0.00663872 0.0217778
45 0.00782435 0.0216106
45.12 0.00895438 0.0213983
45.24 0.0100248 0.0211432
45.36 0.0110319 0.0208476
45.48 0.0119725 0.0205136
45.6 0.0128434 0.0201437
45.72 0.0136422 0.0197404
45.84 0.0143666 0.019306
45.96 0.0150147 0.0188429
46.08 0.0155853 0.0183537
46.2 0.0160772 0.0178407
46.32 0.0164897 0.0173064
46.44 0.0168228 0.0167532
46.56 0.0170766 0.0161835
46.68 0.0172516 0.0155995
46.8 0.0173487 0.0150036
46.92 0.0173691 0.0143979
47.04 0.0173146 0.0137846
47.16 0.0171869 0.0131657
47.28 0.0169883 0.0125433
47.4 0.0167214 0.0119192
47.52 0.0163888 0.0112954
47.64 0.0159935 0.0106735
47.76 0.0155387 0.0100553
47.88 0.0150279 0.00944225
48 0.0144644 0.00883593
48.12 0.0138521 0.00823773
48.24 0.0131946 0.00764896
48.36 0.0124959 0.00707087
48.48 0.0117599 0.00650459
48.6 0.0109906 0.0059512
48.72 0.010192 0.00541169
48.84 0.00936805 0.00488694
48.96 0.0085228 0.0043778
49.08 0.00766022 0.00388501
49.2 0.0067842 0.00340925
49.32 0.00589859 0.00295114
49.44 0.00500716 0.00251121
49.56 0.00411358 0.00208994
49.68 0.00322142 0.00168775
49.8 0.00233411 0.00130499
49.92 0.001455 0.000941955
50.04 0.000587263 0.000598894
50.16 -0.000266041 0.00027599
50.28 -0.00110201 -2.66204e-05
50.4 -0.0019179 -0.000308853
50.52 -0.00271111 -0.000570672
50.64 -0.00347921 -0.00081209
50.76 -0.00421992 -0.00103317
50.88 -0.00493116 -0.001234
51 -0.00561098 -0.00141476
51.12 -0.00625761 -0.00157562
51.24 -0.00686947 -0.00171684
51.36 -0.00744512 -0.00183869
51.48 -0.00798331 -0.0019415
51.6 -0.00848296 -0.00202566
51.72 -0.00894315 -0.00209157
51.84 -0.00936313 -0.0021397
51.96 -0.00974233 -0.00217055
52.08 -0.0100803 -0.00218468
52.2 -0.0103769 -0.00218267
52.32 -0.010632 -0.00216516
52.44 -0.0108456 -0.00213283
52.56 -0.011018 -0.0020864
52.68 -0.0111497 -0.00202663
52.8 -0.011241 -0.00195432
52.92 -0.0112929 -0.00187031
53.04 -0.011306 -0.00177548
53.16 -0.0112814 -0.00167074
53.28 -0.0112203 -0.00155704
53.4 -0.0111239 -0.00143534
53.52 -0.0109935 -0.00130667
53.64 -0.0108307 -0.00117204
53.76 -0.0106371 -0.0010325
53.88 -0.0104145 -0.000889127
54 -0.0101647 -0.000743001
54.12 -0.00988951 -0.000595215
54.24 -0.00959105 -0.000446868
54.36 -0.00927136 -0.00029906
54.48 -0.00893257 -0.000152889
54.6 -0.00857686 -9.44328e-06
54.72 -0.00820645 0.000130201
54.84 -0.00782359 0.000264987
54.96 -0.00743054 0.000393882
55.08 -0.00702957 0.000515879
55.2 -0.00662292 0.000630008
55.32 -0.00621283 0.000735336
55.44 -0.00580151 0.000830977
55.56 -0.0053911 0.00091609
55.68 -0.0049837 0.00098989
55.8 -0.00458133 0.00105165
55.92 -0.00418593 0.00110071
56.04 -0.00379936 0.00113646
56.16 -0.00342336 0.00115839
56.28 -0.00305957 0.00116604
56.4 -0.0027095 0.00115902
56.52 -0.00237456 0.00113705
56.64 -0.00205598 0.0010999
56.76 -0.00175489 0.00104744
56.88 -0.00147227 0.000979632
57 -0.00120893 0.0008965
57.12 -0.000965546 0.000798169
57.24 -0.000742655 0.000684846
57.36 -0.000540627 0.000556822
57.48 -0.000359693 0.00041447
57.6 -0.000199934 0.000258246
57.72 -6.12929e-05 8.86856e-05
57.84 5.6424e-05 -9.36016e-05
57.96 0.00015354 -0.000287931
58.08 0.000230503 -0.000493548
58.2 0.000287871 -0.000709635
58.32 0.000326311 -0.00093531
58.44 0.000346585 -0.00116964
58.56 0.000349538 -0.00141163
58.68 0.000336092 -0.00166025
58.8 0.00030723 -0.00191443
58.92 0.000263988 -0.00217306
59.04 0.00020744 -0.002435
59.16 0.000138689 -0.0026991
59.28 5.8854e-05 -0.00296419
59.4 -3.09424e-05 -0.00322909
59.52 -0.000129582 -0.00349261
59.64 -0.000235966 -0.00375359
59.76 -0.00034902 -0.00401085
59.88 -0.000467706 -0.00426324
60 -0.000591034 -0.00450964
60.12 -0.000718064 -0.00474896
60.24 -0.000847916 -0.00498013
60.36 -0.000979775 -0.00520215
60.48 -0.0011129 -0.00541402
60.6 -0.00124661 -0.00561485
60.72 -0.00138033 -0.00580376
60.84 -0.00151353 -0.00597994
60.96 -0.00164577 -0.00614266
61.08 -0.00177671 -0.00629125
61.2 -0.00190605 -0.0064251
61.32 -0.00203359 -0.00654369
61.44 -0.0021592 -0.00664655
61.56 -0.00228281 -0.00673332
61.68 -0.0024044 -0.00680369
61.8 -0.00252403 -0.00685744
61.92 -0.0026418 -0.00689443
62.04 -0.00275785 -0.00691458
62.16 -0.00287235 -0.00691792
62.28 -0.00298552 -0.00690452
62.4 -0.00309759 -0.00687454
62.52 -0.0032088 -0.00682822
62.64 -0.00331939 -0.00676585
62.76 -0.00342962 -0.00668779
62.88 -0.00353973 -0.00659448
63 -0.00364995 -0.00648639
63.12 -0.00376048 -0.00636406
63.24 -0.00387151 -0.00622809
63.36 -0.00398318 -0.00607909
63.48 -0.00409561 -0.00591775
63.6 -0.00420887 -0.00574477
63.72 -0.004323 -0.00556089
63.84 -0.00443798 -0.00536686
63.96 -0.00455374 -0.00516348
64.08 -0.0046702 -0.00495153
64.2 -0.00478718 -0.00473181
64.32 -0.00490449 -0.00450514
64.44 -0.00502189 -0.00427232
64.56 -0.00513908 -0.00403415
64.68 -0.00525573 -0.00379141
64.8 -0.00537148 -0.00354488
64.92 -0.00548592 -0.0032953
65.04 -0.00559863 -0.00304339
65.16 -0.00570914 -0.00278986
65.28 -0.00581699 -0.00253537
65.4 -0.00592167 -0.00228054
65.52 -0.00602268 -0.00202596
65.64 -0.00611952 -0.00177219
65.76 -0.00621165 -0.00151973
65.88 -0.00629859 -0.00126903
66 -0.00637981 -0.00102052
66.12 -0.00645482 -0.000774556
66.24 -0.00652315 -0.000531464
66.36 -0.00658432 -0.000291514
66.48 -0.00663791 -5.49307e-05
66.6 -0.00668348 0.000178109
66.72 -0.00672064 0.000407473
66.84 -0.00674902 0.000633076
66.96 -0.00676826 0.000854874
67.08 -0.00677806 0.00107286
67.2 -0.0067781 0.00128708
67.32 -0.00676813 0.0014976
67.44 -0.00674788 0.00170453
67.56 -0.00671714 0.00190801
67.68 -0.00667571 0.0021082
67.8 -0.00662338 0.00230529
67.92 -0.00655998 0.0024995
68.04 -0.00648536 0.00269105
68.16 -0.00639937 0.00288019
68.28 -0.00630185 0.00306718
68.4 -0.00619269 0.00325227
68.52 -0.00607174 0.00343574
68.64 -0.00593888 0.00361786
68.76 -0.00579399 0.00379888
68.88 -0.00563693 0.00397907
69 -0.00546759 0.00415869
69.12 -0.00528584 0.00433797
69.24 -0.00509157 0.00451715
69.36 -0.00488465 0.00469643
69.48 -0.00466499 0.004876
69.6 -0.00443248 0.00505604
69.72 -0.00418705 0.00523669
69.84 -0.00392862 0.00541808
69.96 -0.00365716 0.0056003
70.08 -0.00337266 0.00578343
70.2 -0.00307514 0.00596749
70.32 -0.00276468 0.00615251
70.44 -0.0024414 0.00633845
70.56 -0.00210547 0.00652527
70.68 -0.00175714 0.00671287
70.8 -0.00139672 0.00690113
70.92 -0.00102463 0.00708991
71.04 -0.000641342 0.007279
71.16 -0.000247453 0.00746818
71.28 0.000156349 0.0076572
71.4 0.000569264 0.00784575
71.52 0.000990374 0.0080335
71.64 0.00141864 0.00822008
71.76 0.00185291 0.00840508
71.88 0.00229188 0.00858807
72 0.00273415 0.00876854
72.12 0.00317817 0.00894599
72.24 0.00362226 0.00911986
72.36 0.00406463 0.00928954
72.48 0.00450337 0.00945439
72.6 0.00493645 0.00961375
72.72 0.00536172 0.00976688
72.84 0.00577697 0.00991303
72.96 0.00617986 0.0100514
73.08 0.00656801 0.0101811
73.2 0.00693897 0.0103014
73.32 0.00729024 0.0104112
73.44 0.0076193 0.0105097
73.56 0.00792362 0.0105958
73.68 0.00820067 0.0106684
73.8 0.00844797 0.0107266
73.92 0.00866306 0.0107693
74.04 0.00884359 0.0107952
74.16 0.00898726 0.0108034
74.28 0.00909192 0.0107925
74.4 0.00915555 0.0107614
74.52 0.00917627 0.0107089
74.64 0.00915239 0.0106338
74.76 0.00908244 0.0105349
74.88 0.00896513 0.0104109
75 0.00879943 0.0102609
75.12 0.00858457 0.0100835
75.24 0.00832002 0.00987761
75.36 0.00800556 0.00964227
75.48 0.00764125 0.00937642
75.6 0.00722745 0.00907912
75.72 0.00676482 0.00874951
75.84 0.00625434 0.00838685
75.96 0.00569732 0.00799046
76.08 0.00509536 0.00755983
76.2 0.00445037 0.00709456
76.32 0.00376458 0.00659439
76.44 0.0030405 0.00605926
76.56 0.00228094 0.00548925
76.68 0.00148897 0.00488465
76.8 0.000667907 0.00424595
76.92 -0.000178677 0.00357386
77.04 -0.001047 0.00286931
77.16 -0.0019331 0.00213349
77.28 -0.00283281 0.00136782
77.4 -0.00374186 0.000573981
77.52 -0.00465582 -0.000246076
77.64 -0.00557018 -0.00109013
77.76 -0.00648039 -0.00195569
77.88 -0.00738182 -0.00283997
78 -0.00826987 -0.00373994
78.12 -0.00913993 -0.00465226
78.24 -0.00998745 -0.00557336
78.36 -0.0108079 -0.00649936
78.48 -0.011597 -0.00742617
78.6 -0.0123505 -0.00834945
78.72 -0.0130642 -0.00926461
78.84 -0.0137341 -0.0101669
78.96 -0.0143566 -0.0110513
79.08 -0.014928 -0.0119127
79.2 -0.015445 -0.0127459
79.32 -0.0159046 -0.0135455
79.44 -0.0163037 -0.0143059
79.56 -0.0166398 -0.0150218
79.68 -0.0169104 -0.0156876
79.8 -0.0171135 -0.0162978
79.92 -0.017247 -0.016847
80.04 -0.0173094 -0.0173299
80.16 -0.0172992 -0.0177413
80.28 -0.0172152 -0.0180763
80.4 -0.0170564 -0.0183301
80.52 -0.016822 -0.0184982
80.64 -0.0165114 -0.0185766
80.76 -0.0161241 -0.0185614
80.88 -0.0156599 -0.0184493
81 -0.0151186 -0.0182374
81.12 -0.0145001 -0.0179233
81.24 -0.0138046 -0.017505
81.36 -0.013032 -0.0169813
81.48 -0.0121827 -0.0163514
81.6 -0.0112569 -0.0156151
81.72 -0.0102548 -0.0147732
81.84 -0.00917663 -0.0138266
81.96 -0.00802275 -0.0127775
82.08 -0.00679338 -0.0116283
82.2 -0.00548877 -0.0103824
82.32 -0.00410914 -0.00904372
82.44 -0.00265467 -0.00761712
82.56 -0.00112553 -0.00610797
82.68 0.000478135 -0.00452239
82.8 0.0021562 -0.00286716
82.92 0.00390853 -0.0011497
83.04 0.005735 0.000621995
83.16 0.00763546 0.00243933
83.28 0.0096097 0.0042932
83.4 0.0116574 0.00617403
83.52 0.0137783 0.00807185
83.64 0.0159719 0.0099763
83.76 0.0182375 0.0118768
83.88 0.0205743 0.0137624
84 0.0229813 0.0156222
84.12 0.0254572 0.0174452
84.24 0.0280004 0.0192203
84.36 0.030609 0.0209365
84.48 0.0332808 0.0225832
84.6 0.0360132 0.0241498
84.72 0.0388031 0.0256263
84.84 0.041647 0.0270029
84.96 0.044541 0.0282707
85.08 0.0474804 0.029421
85.2 0.0504604 0.0304461
85.32 0.0534753 0.031339
85.44 0.0565191 0.0320935
85.56 0.059585 0.0327044
85.68 0.0626658 0.0331675
85.8 0.0657537 0.0334797
85.92 0.0688403 0.0336389
86.04 0.0719167 0.0336442
86.16 0.0749735 0.033496
86.28 0.0780008 0.0331959
86.4 0.0809881 0.0327466
86.52 0.0839246 0.0321523
86.64 0.0867992 0.0314183
86.76 0.0896004 0.0305512
86.88 0.0923163 0.029559
87 0.0949352 0.0284507
87.12 0.0974448 0.0272366
87.24 0.099833 0.0259281
87.36 0.102088 0.0245379
87.48 0.104197 0.0230794
87.6 0.106149 0.0215672
87.72 0.107932 0.0200165
87.84 0.109536 0.0184436
87.96 0.110948 0.0168652
88.08 0.11216 0.0152987
88.2 0.113162 0.013762
88.32 0.113945 0.0122731
88.44 0.114501 0.0108504
88.56 0.114822 0.0095123
88.68 0.114904 0.00827724
88.8 0.114741 0.00716336
88.92 0.114328 0.0061885
89.04 0.113664 0.00537005
89.16 0.112746 0.0047248
89.28 0.111575 0.0042688
89.4 0.110151 0.00401725
89.52 0.108476 0.00398436
89.64 0.106555 0.00418324
89.76 0.104393 0.00462578
89.88 0.101994 0.00532253
90 0.0993687 0.00628265
90.12 0.096524 0.00751374
90.24 0.0934706 0.00902184
90.36 0.09022 0.0108113
90.48 0.0867845 0.0128848
90.6 0.0831777 0.0152433
90.72 0.0794141 0.0178857
90.84 0.0755092 0.0208094
90.96 0.0714791 0.0240098
91.08 0.0673406 0.0274805
91.2 0.0631114 0.0312133
91.32 0.0588092 0.0351983
91.44 0.0544522 0.0394238
91.56 0.0500589 0.0438765
91.68 0.0456476 0.0485413
91.8 0.0412369 0.0534018
91.92 0.0368447 0.0584403
92.04 0.0324889 0.0636373
92.16 0.0281868 0.0689727
92.28 0.0239551 0.0744248
92.4 0.0198097 0.0799713
92.52 0.0157656 0.0855889
92.64 0.0118369 0.0912539
92.76 0.00803655 0.0969417
92.88 0.0043763 0.102628
93 0.000866616 0.108287
93.12 -0.0024834 0.113895
93.24 -0.00566609 0.119426
93.36 -0.0086753 0.124855
93.48 -0.0115064 0.13016
93.6 -0.0141563 0.135316
93.72 -0.0166236 0.1403
93.84 -0.0189083 0.145091
93.96 -0.0210122 0.149667
94.08 -0.0229383 0.154009
94.2 -0.0246916 0.158098
94.32 -0.026278 0.161918
94.44 -0.0277051 0.165452
94.56 -0.0289818 0.168685
94.68 -0.030118 0.171607
94.8 -0.0311248 0.174205
94.92 -0.0320143 0.176471
95.04 -0.0327994 0.178397
95.16 -0.0334937 0.179977
95.28 -0.0341113 0.181208
95.4 -0.0346668 0.182087
95.52 -0.0351751 0.182613
95.64 -0.0356509 0.18279
95.76 -0.0361092 0.182618
95.88 -0.0365645 0.182103
96 -0.0370311 0.181251
96.12 -0.0375226 0.180069
96.24 -0.038052 0.178566
96.36 -0.0386312 0.176753
96.48 -0.0392716 0.174641
96.6 -0.0399829 0.172242
96.72 -0.0407739 0.169569
96.84 -0.0416521 0.166636
96.96 -0.0426232 0.163458
97.08 -0.0436915 0.160051
97.2 -0.0448599 0.156429
97.32 -0.0461294 0.152609
97.44 -0.0474992 0.148608
97.56 -0.0489669 0.14444
97.68 -0.0505283 0.140122
97.8 -0.0521776 0.135669
97.92 -0.053907 0.131097
98.04 -0.0557073 0.126422
98.16 -0.0575674 0.121657
98.28 -0.059475 0.116816
98.4 -0.061416 0.111912
98.52 -0.0633752 0.106958
98.64 -0.0653361 0.101965
98.76 -0.0672811 0.0969437
98.88 -0.0691918 0.0919043
99 -0.0710488 0.0868552
99.12 -0.0728322 0.0818046
99.24 -0.0745218 0.0767594
99.36 -0.0760968 0.0717256
99.48 -0.0775367 0.0667084
99.6 -0.0788209 0.0617122
99.72 -0.0799292 0.0567404
99.84 -0.0808419 0.0517959
99.96 -0.0815401 0.0468807
100.08 -0.0820056 0.0419961
100.2 -0.0822214 0.0371431
100.32 -0.0821717 0.032322
100.44 -0.0818422 0.0275328
100.56 -0.08122 0.0227753
100.68 -0.080294 0.0180489
100.8 -0.0790551 0.0133531
100.92 -0.077496 0.00868714
101.04 -0.0756115 0.00405059
101.16 -0.0733985 -0.000556965
101.28 -0.0708563 -0.00513563
101.4 -0.0679863 -0.00968518
101.52 -0.0647922 -0.014205
101.64 -0.0612803 -0.0186939
101.76 -0.057459 -0.0231502
101.88 -0.0533389 -0.0275716
102 -0.048933 -0.0319553
102.12 -0.0442566 -0.0362974
102.24 -0.039327 -0.0405937
102.36 -0.0341634 -0.0448392
102.48 -0.0287871 -0.0490278
102.6 -0.0232211 -0.0531531
102.72 -0.01749 -0.0572078
102.84 -0.01162 -0.0611839
102.96 -0.00563843 -0.0650729
103.08 0.000426161 -0.0688654
103.2 0.00654431 -0.0725519
103.32 0.0126858 -0.076122
103.44 0.0188199 -0.0795651
103.56 0.0249156 -0.0828705
103.68 0.0309418 -0.086027
103.8 0.0368673 -0.0890235
103.92 0.0426616 -0.0918488
104.04 0.0482943 -0.0944919
104.16 0.0537362 -0.0969421
104.28 0.0589586 -0.0991888
104.4 0.0639342 -0.101222
104.52 0.0686371 -0.103033
104.64 0.0730426 -0.104612
104.76 0.0771278 -0.105953
104.88 0.0808718 -0.107047
105 0.0842553 -0.10789
105.12 0.0872614 -0.108476
105.24 0.0898752 -0.108802
105.36 0.0920842 -0.108866
105.48 0.0938779 -0.108668
105.6 0.0952487 -0.108207
105.72 0.096191 -0.107486
105.84 0.096702 -0.106508
105.96 0.0967812 -0.10528
106.08 0.0964305 -0.103806
106.2 0.0956543 -0.102097
106.32 0.0944594 -0.100161
106.44 0.0928549 -0.0980089
106.56 0.0908521 -0.0956546
106.68 0.0884645 -0.0931115
106.8 0.0857075 -0.0903949
106.92 0.0825986 -0.0875213
107.04 0.0791569 -0.0845082
107.16 0.0754035 -0.0813742
107.28 0.0713607 -0.0781387
107.4 0.0670521 -0.0748218
107.52 0.0625029 -0.0714441
107.64 0.0577389 -0.0680268
107.76 0.052787 -0.0645912
107.88 0.0476749 -0.0611588
108 0.0424305 -0.0577511
108.12 0.0370823 -0.0543891
108.24 0.0316591 -0.0510938
108.36 0.0261894 -0.0478853
108.48 0.020702 -0.0447832
108.6 0.0152251 -0.0418062
108.72 0.00978661 -0.0389718
108.84 0.00441388 -0.0362966
108.96 -0.000866423 -0.0337956
109.08 -0.00602843 -0.0314826
109.2 -0.0110472 -0.0293698
109.32 -0.0158988 -0.0274676
109.44 -0.0205604 -0.0257848
109.56 -0.0250104 -0.0243283
109.68 -0.0292284 -0.0231033
109.8 -0.0331954 -0.0221128
109.92 -0.0368936 -0.021358
110.04 -0.0403068 -0.0208382
110.16 -0.0434201 -0.0205507
110.28 -0.0462202 -0.0204909
110.4 -0.0486951 -0.020652
110.52 -0.0508345 -0.0210259
110.64 -0.0526293 -0.0216024
110.76 -0.054072 -0.0223695
110.88 -0.0551564 -0.023314
111 -0.055878 -0.0244211
111.12 -0.0562333 -0.0256744
111.24 -0.0562204 -0.0270568
111.36 -0.0558386 -0.0285497
111.48 -0.0550885 -0.0301341
111.6 -0.0539718 -0.0317898
111.72 -0.0524915 -0.0334965
111.84 -0.0506516 -0.0352334
111.96 -0.0484573 -0.0369795
112.08 -0.0459147 -0.0387139
112.2 -0.043031 -0.0404159
112.32 -0.0398141 -0.0420651
112.44 -0.0362731 -0.043642
112.56 -0.0324177 -0.0451275
112.68 -0.0282585 -0.0465036
112.8 -0.0238069 -0.0477534
112.92 -0.0190751 -0.0488613
113.04 -0.0140757 -0.0498128
113.16 -0.00882233 -0.0505953
113.28 -0.00332906 -0.0511976
113.4 0.00238933 -0.0516101
113.52 0.00831751 -0.0518254
113.64 0.0144395 -0.0518376
113.76 0.020739 -0.051643
113.88 0.0271987 -0.0512396
114 0.0338013 -0.0506275
114.12 0.0405287 -0.0498089
114.24 0.0473624 -0.0487878
114.36 0.0542834 -0.04757
114.48 0.0612724 -0.0461635
114.6 0.0683095 -0.0445778
114.72 0.0753746 -0.0428241
114.84 0.0824472 -0.0409154
114.96 0.0895065 -0.0388659
115.08 0.0965313 -0.0366913
115.2 0.1035 -0.0344086
115.32 0.110392 -0.0320356
115.44 0.117185 -0.0295911
115.56 0.123858 -0.0270945
115.68 0.130389 -0.0245659
115.8 0.136755 -0.0220256
115.92 0.142937 -0.0194941
116.04 0.148912 -0.0169919
116.16 0.15466 -0.014539
116.28 0.160159 -0.0121555
116.4 0.165391 -0.00986036
116.52 0.170335 -0.00767215
116.64 0.174973 -0.00560833
116.76 0.179286 -0.0036853
116.88 0.183257 -0.00191818
117 0.186871 -0.000320736
117.12 0.190112 0.00109482
117.24 0.192965 0.00231788
117.36 0.195419 0.00333961
117.48 0.197462 0.00415293
117.6 0.199083 0.0047527
117.72 0.200275 0.00513566
117.84 0.201032 0.00530053
117.96 0.201346 0.00524802
118.08 0.201217 0.00498077
118.2 0.200641 0.0045034
118.32 0.19962 0.00382243
118.44 0.198156 0.00294622
118.56 0.196253 0.00188493
118.68 0.193917 0.00065038
118.8 0.191157 -0.000743996
118.92 0.187982 -0.00228331
119.04 0.184405 -0.00395135
119.16 0.180439 -0.00573068
119.28 0.176101 -0.00760286
119.4 0.171409 -0.00954854
119.52 0.16638 -0.0115477
119.64 0.161038 -0.0135797
119.76 0.155403 -0.0156238
119.88 0.149501 -0.0176587
120 0.143357 -0.0196634
