-0.999 -4.68308e-05 -3.95663e-05
-0.998 -0.000190408 -0.000159885
-0.997 -0.000397741 -0.000360423
-0.996 -0.0006144 -0.000637283
-0.995 -0.000816089 -0.000980438
-0.994 -0.00104758 -0.00136994
-0.993 -0.00141678 -0.00177487
-0.992 -0.00203314 -0.00215791
-0.991 -0.00291151 -0.00248758
-0.99 -0.00389171 -0.002755
-0.989 -0.00462981 -0.0029836
-0.988 -0.00469157 -0.00322121
-0.987 -0.00373193 -0.00351704
-0.986 -0.0017005 -0.00390228
-0.985 0.00101237 -0.00439181
-0.984 0.00357434 -0.00500899
-0.983 0.00490103 -0.00581952
-0.982 0.00400365 -0.00695554
-0.981 0.000374355 -0.00861122
-0.98 -0.00575316 -0.0109921
-0.979 -0.0133922 -0.0142168
-0.978 -0.021069 -0.0182065
-0.977 -0.027294 -0.0226229
-0.976 -0.031094 -0.0269048
-0.975 -0.0324147 -0.0304075
-0.974 -0.0322034 -0.0326008
-0.973 -0.0320719 -0.0332537
-0.972 -0.0336137 -0.0325316
-0.971 -0.0376177 -0.0309381
-0.97 -0.0434965 -0.0290859
-0.969 -0.0491955 -0.0273781
-0.968 -0.0516837 -0.0257659
-0.967 -0.0479271 -0.0237328
-0.966 -0.0360662 -0.0205334
-0.965 -0.0163926 -0.0155931
-0.964 0.00827938 -0.00891541
-0.963 0.0330711 -0.00134577
-0.962 0.0522809 0.00545036
-0.961 0.0610826 0.00938995
-0.96 0.0571481 0.0087014
-0.959 0.0415894 0.00269982
-0.958 0.0187823 -0.00779052
-0.957 -0.00498544 -0.0206209
-0.956 -0.0236362 -0.0330471
-0.955 -0.0334438 -0.0426989
-0.954 -0.0344309 -0.0484332
-0.953 -0.030548 -0.0507863
-0.952 -0.0284987 -0.0518271
-0.951 -0.0354037 -0.0543539
-0.95 -0.0559355 -0.0606544
-0.949 -0.0899875 -0.0713668
-0.948 -0.13197 -0.0850455
-0.947 -0.172237 -0.0986957
-0.946 -0.200201 -0.109028
-0.945 -0.207953 -0.113876
-0.944 -0.193159 -0.113221
-0.943 -0.160397 -0.109435
-0.942 -0.120417 -0.106579
-0.941 -0.0870949 -0.108882
-0.94 -0.0727077 -0.118917
-0.939 -0.0831499 -0.136272
-0.938 -0.115179 -0.157383
-0.937 -0.156997 -0.176649
-0.936 -0.191975 -0.18836
-0.935 -0.204052 -0.188667
-0.934 -0.183112 -0.176898
-0.933 -0.128905 -0.155745
-0.932 -0.0521787 -0.130204
-0.931 0.0279702 -0.105626
-0.93 0.0902479 -0.0857018
-0.929 0.11866 -0.0713124
-0.928 0.108254 -0.06075
-0.927 0.0667656 -0.0511092
-0.926 0.0117409 -0.0401608
-0.925 -0.0355871 -0.0279317
-0.924 -0.0577865 -0.0173719
-0.923 -0.0480058 -0.013751
-0.922 -0.0136216 -0.0228369
-0.921 0.0253432 -0.0484857
-0.92 0.0431904 -0.0907272
-0.919 0.018392 -0.145297
-0.918 -0.0576645 -0.204802
-0.917 -0.176331 -0.260908
-0.916 -0.313078 -0.306633
-0.915 -0.434078 -0.337974
-0.914 -0.50636 -0.354404
-0.913 -0.508716 -0.358052
-0.912 -0.439461 -0.351848
-0.911 -0.317516 -0.337474
-0.91 -0.176036 -0.314296
-0.909 -0.0512203 -0.279946
-0.908 0.0293549 -0.232246
-0.907 0.0550366 -0.171428
-0.906 0.0347316 -0.101573
-0.905 -0.00694881 -0.0306154
-0.904 -0.0392807 0.0312404
-0.903 -0.03779 0.0743091
-0.902 0.00554215 0.0924933
-0.901 0.0787269 0.0853406
-0.9 0.154084 0.0579969
-0.899 0.198082 0.0189588
-0.898 0.182955 -0.0233318
-0.897 0.0967285 -0.0635565
-0.896 -0.0511528 -0.101008
-0.895 -0.230774 -0.138862
-0.894 -0.399913 -0.181459
-0.893 -0.517037 -0.230686
-0.892 -0.554077 -0.283164
-0.891 -0.504136 -0.329879
-0.89 -0.38239 -0.358892
-0.889 -0.221232 -0.360101
-0.888 -0.0613954 -0.329952
-0.887 0.0591623 -0.274113
-0.886 0.115875 -0.207007
-0.885 0.104064 -0.148015
-0.884 0.0386212 -0.11538
-0.883 -0.0527881 -0.119928
-0.882 -0.139719 -0.161195
-0.881 -0.198496 -0.227913
-0.88 -0.219392 -0.302867
-0.879 -0.210325 -0.369868
-0.878 -0.1955 -0.419845
-0.877 -0.208042 -0.453826
-0.876 -0.27825 -0.48184
-0.875 -0.421525 -0.517974
-0.874 -0.630497 -0.573227
-0.873 -0.873884 -0.64899
-0.872 -1.10222 -0.734212
-0.871 -1.25943 -0.808021
-0.87 -1.29843 -0.846971
-0.869 -1.19671 -0.833797
-0.868 -0.966194 -0.7642
-0.867 -0.652685 -0.649412
-0.866 -0.324161 -0.513584
-0.865 -0.0513768 -0.386488
-0.864 0.113388 -0.293748
-0.863 0.153056 -0.248227
-0.862 0.0923653 -0.246097
-0.861 -0.00922855 -0.26929
-0.86 -0.0778087 -0.293072
-0.859 -0.0522672 -0.295487
-0.858 0.0912708 -0.265407
-0.857 0.327125 -0.206718
-0.856 0.584884 -0.137038
-0.855 0.770756 -0.0809197
-0.854 0.799431 -0.0599388
-0.853 0.626271 -0.0837741
-0.852 0.268088 -0.146198
-0.851 -0.196682 -0.227578
-0.85 -0.650458 -0.302487
-0.849 -0.974923 -0.349345
-0.848 -1.09217 -0.358982
-0.847 -0.993926 -0.339247
-0.846 -0.747629 -0.313473
-0.845 -0.475788 -0.312536
-0.844 -0.314077 -0.363247
-0.843 -0.361902 -0.477757
-0.842 -0.643047 -0.648278
-0.841 -1.09156 -0.848793
-0.84 -1.5696 -1.04252
-0.839 -1.91262 -1.19243
-0.838 -1.9868 -1.27158
-0.837 -1.73815 -1.26999
-0.836 -1.21493 -1.19552
-0.835 -0.554293 -1.0685
-0.834 0.0627368 -0.912569
-0.833 0.472818 -0.745691
-0.832 0.586941 -0.574947
-0.831 0.421967 -0.396709
-0.83 0.0946668 -0.201699
-0.829 -0.221384 0.0170472
-0.828 -0.361416 0.256511
-0.827 -0.233163 0.499626
-0.826 0.14553 0.716454
-0.825 0.648972 0.870034
-0.824 1.08471 0.924919
-0.823 1.25941 0.855968
-0.822 1.04751 0.655097
-0.821 0.439481 0.334015
-0.82 -0.448548 -0.0782787
-0.819 -1.40923 -0.542489
-0.818 -2.21151 -1.01742
-0.817 -2.67646 -1.46652
-0.816 -2.73384 -1.86164
-0.815 -2.44085 -2.18454
-0.814 -1.95817 -2.42654
-0.813 -1.49249 -2.58587
-0.812 -1.22449 -2.66314
-0.811 -1.24588 -2.65701
-0.81 -1.52823 -2.56334
-0.809 -1.93555 -2.37817
-0.808 -2.27624 -2.10215
-0.807 -2.3742 -1.74357
-0.806 -2.13294 -1.31991
-0.805 -1.57132 -0.858694
-0.804 -0.820169 -0.396936
-0.803 -0.0816817 0.0225442
-0.802 0.435607 0.358609
-0.801 0.585258 0.580381
-0.8 0.331214 0.672749
-0.799 -0.241332 0.637154
-0.798 -0.955166 0.48932
-0.797 -1.59853 0.255655
-0.796 -1.99097 -0.031798
-0.795 -2.03712 -0.341963
-0.794 -1.75265 -0.650931
-0.793 -1.25533 -0.944614
-0.792 -0.724142 -1.21654
-0.791 -0.339899 -1.46299
-0.79 -0.227619 -1.67904
-0.789 -0.419527 -1.8566
-0.788 -0.848446 -1.98396
-0.787 -1.37138 -2.04682
-0.786 -1.81533 -2.03188
-0.785 -2.03205 -1.93229
-0.784 -1.9458 -1.75253
-0.783 -1.57932 -1.50955
-0.782 -1.04889 -1.22991
-0.781 -0.529691 -0.945112
-0.78 -0.203434 -0.686785
-0.779 -0.203788 -0.481546
-0.778 -0.57433 -0.345876
-0.777 -1.25058 -0.283302
-0.776 -2.07331 -0.286236
-0.775 -2.83229 -0.341569
-0.774 -3.32939 -0.436281
-0.773 -3.44143 -0.560198
-0.772 -3.16139 -0.706507
-0.771 -2.60445 -0.872226
-0.77 -1.97652 -1.05847
-0.769 -1.51289 -1.2681
-0.768 -1.40282 -1.50036
-0.767 -1.7228 -1.74591
-0.766 -2.40196 -1.98605
-0.765 -3.23504 -2.19625
-0.764 -3.94247 -2.35036
-0.763 -4.25948 -2.42336
-0.762 -4.02471 -2.39411
-0.761 -3.23939 -2.25067
-0.76 -2.07681 -1.9967
-0.759 -0.835442 -1.65402
-0.758 0.153007 -1.25801
-0.757 0.632067 -0.848578
-0.756 0.508211 -0.462056
-0.755 -0.114467 -0.126789
-0.754 -0.967135 0.139019
-0.753 -1.70772 0.328816
-0.752 -2.04207 0.44642
-0.751 -1.83519 0.498861
-0.75 -1.17273 0.485206
-0.749 -0.346191 0.388743
-0.748 0.238204 0.178985
-0.747 0.197834 -0.17712
-0.746 -0.688406 -0.701089
-0.745 -2.38999 -1.3913
-0.744 -4.61405 -2.21552
-0.743 -6.88149 -3.10861
-0.742 -8.67052 -3.97884
-0.741 -9.58334 -4.72547
-0.74 -9.47727 -5.26341
-0.739 -8.50981 -5.54439
-0.738 -7.0795 -5.56516
-0.737 -5.68475 -5.36099
-0.736 -4.75151 -4.98938
-0.735 -4.48728 -4.50986
-0.734 -4.80858 -3.96484
-0.733 -5.36926 -3.36759
-0.732 -5.68708 -2.70375
-0.731 -5.32898 -1.94861
-0.73 -4.08647 -1.09289
-0.729 -2.07242 -0.164583
-0.728 0.297841 0.763316
-0.727 2.43216 1.58141
-0.726 3.74877 2.16636
-0.725 3.86466 2.41251
-0.724 2.72585 2.26417
-0.723 0.633965 1.73628
-0.722 -1.8473 0.912602
-0.721 -4.07722 -0.0793588
-0.72 -5.54796 -1.10602
-0.719 -6.0434 -2.06242
-0.718 -5.69361 -2.89337
-0.717 -4.91198 -3.59749
-0.716 -4.24039 -4.21351
-0.715 -4.15353 -4.79076
-0.714 -4.88667 -5.35348
-0.713 -6.34727 -5.87571
-0.712 -8.14405 -6.28042
-0.711 -9.72141 -6.46394
-0.71 -10.5488 -6.33337
-0.709 -10.3006 -5.84077
-0.708 -8.96871 -5.00406
-0.707 -6.87382 -3.91089
-0.706 -4.56744 -2.70272
-0.705 -2.65624 -1.53964
-0.704 -1.60742 -0.556174
-0.703 -1.60493 0.173671
-0.702 -2.50295 0.646842
-0.701 -3.8835 0.915071
-0.7 -5.19346 1.05285
-0.699 -5.92163 1.12409
-0.698 -5.76642 1.15665
-0.697 -4.7401 1.13025
-0.696 -3.168 0.982797
-0.695 -1.57848 0.636476
-0.694 -0.525817 0.0343075
-0.693 -0.412567 -0.828914
-0.692 -1.3672 -1.89472
-0.691 -3.20351 -3.05131
-0.69 -5.46818 -4.15945
-0.689 -7.57006 -5.08455
-0.688 -8.96309 -5.72743
-0.687 -9.32499 -6.04592
-0.686 -8.66333 -6.0592
-0.685 -7.30735 -5.83243
-0.684 -5.79404 -5.44961
-0.683 -4.69512 -4.98656
-0.682 -4.4388 -4.49296
-0.681 -5.17133 -3.98673
-0.68 -6.69661 -3.45989
-0.679 -8.52324 -2.89432
-0.678 -10.0192 -2.28347
-0.677 -10.6277 -1.65117
-0.676 -10.067 -1.05768
-0.675 -8.43902 -0.590884
-0.674 -6.21509 -0.347932
-0.673 -4.10182 -0.414317
-0.672 -2.8281 -0.843697
-0.671 -2.91105 -1.6407
-0.67 -4.47315 -2.75152
-0.669 -7.17765 -4.0687
-0.668 -10.3149 -5.4508
-0.667 -13.0174 -6.74931
-0.666 -14.5334 -7.83256
-0.665 -14.4704 -8.60281
-0.664 -12.9255 -9.00722
-0.663 -10.4543 -9.04156
-0.662 -7.88223 -8.74266
-0.661 -6.01742 -8.16858
-0.66 -5.36474 -7.37452
-0.659 -5.94413 -6.39682
-0.658 -7.27792 -5.25203
-0.657 -8.55352 -3.94817
-0.656 -8.91216 -2.50173
-0.655 -7.77246 -0.955683
-0.654 -5.07595 0.605345
-0.653 -1.35714 2.04967
-0.652 2.40106 3.21109
-0.651 5.08183 3.92104
-0.65 5.80561 4.05077
-0.649 4.22562 3.54708
-0.648 0.650078 2.44951
-0.647 -4.04566 0.884918
-0.646 -8.69142 -0.958307
-0.645 -12.1975 -2.87064
-0.644 -13.9099 -4.66701
-0.643 -13.8159 -6.22415
-0.642 -12.5198 -7.49566
-0.641 -10.9951 -8.49892
-0.64 -10.2086 -9.28058
-0.639 -10.7601 -9.87614
-0.638 -12.6608 -10.2793
-0.637 -15.3204 -10.4322
-0.636 -17.7435 -10.2404
-0.635 -18.8721 -9.6084
-0.634 -17.964 -8.48526
-0.633 -14.878 -6.90275
-0.632 -10.1575 -4.99028
-0.631 -4.87353 -2.95772
-0.63 -0.281288 -1.05013
-0.629 2.58429 0.511154
-0.628 3.22919 1.58206
-0.627 1.83466 2.12629
-0.626 -0.827811 2.21304
-0.625 -3.66519 1.983
-0.624 -5.6298 1.59357
-0.623 -6.0717 1.16183
-0.622 -4.95876 0.725489
-0.621 -2.88016 0.235471
-0.62 -0.827153 -0.417235
-0.619 0.166094 -1.35038
-0.618 -0.614264 -2.63417
-0.617 -3.32091 -4.25097
-0.616 -7.4965 -6.08515
-0.615 -12.2174 -7.94602
-0.614 -16.3798 -9.61665
-0.613 -19.0461 -10.9126
-0.612 -19.7431 -11.7308
-0.611 -18.6091 -12.0713
-0.61 -16.3312 -12.025
-0.609 -13.8956 -11.7306
-0.608 -12.2428 -11.3197
-0.607 -11.9539 -10.8694
-0.606 -13.0666 -10.3782
-0.605 -15.0689 -9.77223
-0.604 -17.0626 -8.93988
-0.603 -18.0493 -7.78325
-0.602 -17.2595 -6.26959
-0.601 -14.4207 -4.46392
-0.6 -9.8767 -2.53006
-0.599 -4.50863 -0.698999
-0.598 0.520839 0.784251
-0.597 4.11241 1.71829
-0.596 5.54951 1.99137
-0.595 4.69662 1.60385
-0.594 2.0244 0.661381
-0.593 -1.5421 -0.658901
-0.592 -4.91071 -2.15823
-0.591 -7.16674 -3.66515
-0.59 -7.86959 -5.06736
-0.589 -7.19304 -6.31797
-0.588 -5.84814 -7.41821
-0.587 -4.8131 -8.38507
-0.586 -4.96831 -9.21531
-0.585 -6.76407 -9.85914
-0.584 -10.0288 -10.2153
-0.583 -13.9772 -10.1523
-0.582 -17.4236 -9.55122
-0.581 -19.1507 -8.35448
-0.58 -18.3267 -6.60336
-0.579 -14.8222 -4.452
-0.578 -9.30588 -2.15318
-0.577 -3.07436 -0.0179062
-0.576 2.32631 1.64391
-0.575 5.56433 2.58733
-0.574 5.92208 2.68215
-0.573 3.50793 1.93363
-0.572 -0.790446 0.469816
-0.571 -5.60535 -1.49754
-0.57 -9.54616 -3.72449
-0.569 -11.6571 -5.98526
-0.568 -11.7194 -8.11036
-0.567 -10.2973 -10.0017
-0.566 -8.51306 -11.6198
-0.565 -7.61869 -12.9483
-0.564 -8.51083 -13.9532
-0.563 -11.3601 -14.5556
-0.562 -15.4969 -14.6309
-0.561 -19.5989 -14.0356
-0.56 -22.1145 -12.6539
-0.559 -21.7752 -10.4502
-0.558 -18.04 -7.51471
-0.557 -11.3333 -4.08407
-0.556 -2.98635 -0.52238
-0.555 5.12864 2.7379
-0.554 11.1645 5.28132
-0.553 13.8668 6.79635
-0.552 12.9372 7.13809
-0.551 9.07714 6.35008
-0.55 3.72486 4.64056
-0.549 -1.41383 2.31932
-0.548 -4.90951 -0.287803
-0.547 -6.07437 -2.9203
-0.546 -5.18828 -5.43377
-0.545 -3.37965 -7.80415
-0.544 -2.18798 -10.085
-0.543 -2.97671 -12.3342
-0.542 -6.42086 -14.5403
-0.541 -12.2377 -16.5776
-0.54 -19.2239 -18.2103
-0.539 -25.5817 -19.1467
-0.538 -29.4574 -19.1275
-0.537 -29.5492 -18.02
-0.536 -25.5761 -15.8877
-0.535 -18.4229 -13.0102
-0.534 -9.8941 -9.83581
-0.533 -2.16604 -6.87221
-0.532 2.87497 -4.54912
-0.531 4.20796 -3.10165
-0.53 2.00119 -2.51525
-0.529 -2.42268 -2.54762
-0.528 -7.00065 -2.81577
-0.527 -9.61286 -2.92244
-0.526 -8.8083 -2.58994
-0.525 -4.31807 -1.75975
-0.524 2.82026 -0.61535
-0.523 10.5703 0.488742
-0.522 16.5454 1.16472
-0.521 18.8033 1.13821
-0.52 16.529 0.347792
-0.519 10.3603 -1.0317
-0.518 2.21389 -2.6435
-0.517 -5.341 -4.0674
-0.516 -9.94962 -4.97401
-0.515 -10.2906 -5.26198
-0.514 -6.573 -5.1159
-0.513 -0.528236 -4.95029
-0.512 5.13682 -5.25778
-0.511 7.6726 -6.42248
-0.51 5.28901 -8.56666
-0.509 -2.14466 -11.4778
-0.508 -12.9666 -14.6373
-0.507 -24.2036 -17.3518
-0.506 -32.5044 -18.956
-0.505 -35.2312 -19.0218
-0.504 -31.3618 -17.4933
-0.503 -21.883 -14.6952
-0.502 -9.50215 -11.2159
-0.501 2.25683 -7.71473
-0.5 10.2544 -4.72091
-0.499 12.7894 -2.48617
-0.498 10.1332 -0.939508
-0.497 4.38117 0.236395
-0.496 -1.31577 1.43179
-0.495 -3.89459 2.9096
-0.494 -1.52622 4.66119
-0.493 5.64653 6.37284
-0.492 15.4789 7.51206
-0.491 24.544 7.50316
-0.49 29.3417 5.93722
-0.489 27.5479 2.74734
-0.488 18.863 -1.71985
-0.487 5.18736 -6.77314
-0.486 -9.93288 -11.5636
-0.485 -22.4247 -15.316
-0.484 -29.012 -17.5259
-0.483 -28.2862 -18.0676
-0.482 -21.1347 -17.1944
-0.481 -10.3748 -15.4312
-0.48 0.256811 -13.3888
-0.479 7.37986 -11.5614
-0.478 9.07411 -10.1884
-0.477 5.45616 -9.23223
-0.476 -1.45039 -8.46498
-0.475 -8.50125 -7.60833
-0.474 -12.5947 -6.47038
-0.473 -11.7935 -5.04355
-0.472 -6.00925 -3.5403
-0.471 2.97691 -2.34833
-0.47 12.1369 -1.90778
-0.469 18.2265 -2.55211
-0.468 18.8758 -4.37945
-0.467 13.381 -7.20377
-0.466 2.94198 -10.5917
-0.465 -9.7228 -13.9589
-0.464 -21.2311 -16.6963
-0.463 -28.5642 -18.3041
-0.462 -29.9374 -18.5025
-0.461 -25.2644 -17.2883
-0.46 -16.1034 -14.9184
-0.459 -5.12445 -11.8313
-0.458 4.7292 -8.53797
-0.457 11.1219 -5.50883
-0.456 12.9743 -3.07891
-0.455 10.6966 -1.39007
-0.454 5.97119 -0.386067
-0.453 1.1787 0.136247
-0.452 -1.35813 0.437509
-0.451 -0.108155 0.735917
-0.45 5.15615 1.12003
-0.449 13.2272 1.49607
-0.448 21.7765 1.59575
-0.447 28.0371 1.06085
-0.446 29.6513 -0.412687
-0.445 25.4272 -2.92557
-0.444 15.7825 -6.2836
-0.443 2.73788 -9.99907
-0.442 -10.569 -13.3837
-0.441 -20.7545 -15.7146
-0.44 -25.2174 -16.4429
-0.439 -23.0045 -15.3911
-0.438 -15.1973 -12.8564
-0.437 -4.64798 -9.55568
-0.436 4.88351 -6.4134
-0.435 9.93008 -4.26986
-0.434 8.48098 -3.61864
-0.433 0.732277 -4.45694
-0.432 -10.8475 -6.28806
-0.431 -22.2192 -8.28061
-0.43 -29.0746 -9.55309
-0.429 -28.3296 -9.49978
-0.428 -19.28 -8.0319
-0.427 -3.9768 -5.62437
-0.426 13.3488 -3.14093
-0.425 27.6394 -1.50868
-0.424 34.6996 -1.36907
-0.423 32.6552 -2.82754
-0.422 22.6781 -5.38464
-0.421 8.67956 -8.08028
-0.42 -3.98389 -9.81906
-0.419 -10.3874 -9.77279
-0.418 -7.83696 -7.71049
-0.417 3.0744 -4.12391
-0.416 18.5573 -0.0959825
-0.415 32.8552 3.0419
-0.414 40.2004 4.14506
-0.413 36.8352 2.63644
-0.412 22.4033 -1.29727
-0.411 0.203577 -6.76622
-0.41 -23.8212 -12.4771
-0.409 -43.0392 -17.1648
-0.408 -52.3512 -19.9986
-0.407 -49.8935 -20.8239
-0.406 -37.6248 -20.161
-0.405 -20.5956 -18.9681
-0.404 -5.15912 -18.254
-0.403 3.25206 -18.6774
-0.402 2.0044 -20.2854
-0.401 -7.85751 -22.4874
-0.4 -22.0277 -24.2717
-0.399 -34.4842 -24.571
-0.398 -39.6147 -22.6438
-0.397 -34.1934 -18.3453
-0.396 -18.5426 -12.2045
-0.395 3.5216 -5.28574
-0.394 25.9425 1.12575
-0.393 42.429 5.90481
-0.392 48.5026 8.39845
-0.391 42.8896 8.56593
-0.39 27.8404 6.9183
-0.389 8.33145 4.30274
-0.388 -9.56203 1.61597
-0.387 -20.6102 -0.465487
-0.386 -22.0727 -1.66323
-0.385 -14.4937 -2.13462
-0.384 -1.38724 -2.36721
-0.383 12.0353 -2.9768
-0.382 20.6117 -4.48151
-0.381 20.8702 -7.11826
-0.38 12.0972 -10.7458
-0.379 -3.44261 -14.8553
-0.378 -21.1946 -18.6862
-0.377 -35.7359 -21.4174
-0.376 -42.5001 -22.3818
-0.375 -39.2349 -21.2487
-0.374 -26.7126 -18.1319
-0.373 -8.50303 -13.5984
-0.372 10.0829 -8.55698
-0.371 23.5661 -4.03523
-0.37 27.9607 -0.897038
-0.369 22.0451 0.407313
-0.368 7.8176 -0.0308171
-0.367 -10.068 -1.61427
-0.366 -25.7427 -3.4298
-0.365 -33.9835 -4.54674
-0.364 -31.9131 -4.35201
-0.363 -20.0167 -2.81503
-0.362 -2.12915 -0.564154
-0.361 15.6816 1.29176
-0.36 27.0492 1.55136
-0.359 27.4535 -0.626354
-0.358 15.8419 -5.37224
-0.357 -4.84984 -11.9786
-0.356 -28.4835 -19.0394
-0.355 -47.6049 -24.8386
-0.354 -55.8808 -27.8896
-0.353 -50.3103 -27.4507
-0.352 -32.407 -23.8097
-0.351 -7.83988 -18.2018
-0.35 15.4094 -12.3833
-0.349 29.736 -8.02497
-0.348 30.5074 -6.14813
-0.347 17.69 -6.78793
-0.346 -4.04242 -8.99802
-0.345 -26.8192 -11.2113
-0.344 -42.2944 -11.8544
-0.343 -44.6757 -9.99748
-0.342 -32.9216 -5.77724
-0.341 -11.2235 -0.41163
-0.34 12.4214 4.20304
-0.339 28.9893 6.15214
-0.338 31.5604 4.181
-0.337 17.76 -1.8379
-0.336 -9.29435 -10.8094
-0.335 -41.9173 -20.7396
-0.334 -70.4306 -29.3813
-0.333 -86.5068 -34.9696
-0.332 -86.0227 -36.7682
-0.331 -70.3446 -35.226
-0.33 -45.638 -31.7089
-0.329 -20.5678 -27.9332
-0.328 -3.26337 -25.3199
-0.327 1.42621 -24.4925
-0.326 -6.50471 -25.0903
-0.325 -22.3744 -25.9592
-0.324 -38.6451 -25.6405
-0.323 -47.7429 -22.9619
-0.322 -44.7876 -17.5002
-0.321 -29.2405 -9.75007
-0.32 -4.96557 -0.96412
-0.319 21.1944 7.25291
-0.318 41.746 13.4388
-0.317 50.9697 16.688
-0.316 46.6469 16.8558
-0.315 30.5542 14.5014
-0.314 7.64439 10.6218
-0.313 -15.6996 6.29467
-0.312 -33.681 2.36452
-0.311 -42.726 -0.739051
-0.31 -42.29 -3.02267
-0.309 -34.6816 -4.82212
-0.308 -24.0653 -6.63069
-0.307 -15.0498 -8.92797
-0.306 -11.3407 -12.0519
-0.305 -14.821 -16.1245
-0.304 -25.1877 -21.0176
-0.303 -40.1058 -26.3452
-0.302 -55.8023 -31.4871
-0.301 -68.01 -35.6631
-0.3 -73.0812 -38.0709
-0.299 -68.9955 -38.0801
-0.298 -55.9893 -35.4433
-0.297 -36.6517 -30.4512
-0.296 -15.4553 -23.9503
-0.295 2.24502 -17.1727
-0.294 11.6401 -11.3961
-0.293 10.0313 -7.53059
-0.292 -1.99754 -5.78459
-0.291 -20.3712 -5.55427
-0.29 -38.5466 -5.61354
-0.289 -49.5489 -4.579
-0.288 -48.3821 -1.50882
-0.287 -34.0022 3.59088
-0.286 -10.1389 9.57747
-0.285 15.4558 14.4206
-0.284 33.3011 15.8398
-0.283 35.4227 12.1235
-0.282 18.4318 2.83513
-0.281 -14.7727 -10.8663
-0.28 -55.4931 -26.4457
-0.279 -91.9206 -40.7282
-0.278 -113.161 -50.923
-0.277 -113.167 -55.5576
-0.276 -93.1047 -54.9493
-0.275 -61.2065 -51.0145
-0.274 -30.0237 -46.4815
-0.273 -11.9373 -43.7999
-0.272 -14.4935 -44.1495
-0.271 -37.3042 -46.9229
-0.27 -71.7998 -49.8992
-0.269 -104.12 -50.0954
-0.268 -120.202 -45.0043
-0.267 -111.177 -33.7339
-0.266 -76.9866 -17.5683
-0.265 -26.7906 0.294684
-0.264 24.0175 15.7353
-0.263 59.1388 25.0606
-0.262 67.1472 26.2296
-0.261 45.6545 19.5315
-0.26 2.30707 7.47061
-0.259 -47.8758 -6.13037
-0.258 -87.9331 -17.4962
-0.257 -105.133 -24.2063
-0.256 -95.509 -25.9247
-0.255 -65.0357 -24.2858
-0.254 -27.1017 -22.0349
-0.253 2.67817 -21.801
-0.252 12.3329 -24.9763
-0.251 -2.0306 -31.1012
-0.25 -34.8114 -37.9783
-0.249 -73.0444 -42.4954
-0.248 -101.308 -41.8536
-0.247 -107.559 -34.7113
-0.246 -87.642 -21.7727
-0.245 -46.7704 -5.6016
-0.244 2.51131 10.2275
-0.243 44.9477 22.2839
-0.242 67.9474 28.3197
-0.241 65.7408 27.8507
-0.24 40.9296 22.1034
-0.239 3.03406 13.3739
-0.238 -35.293 4.07046
-0.237 -62.9171 -4.15644
-0.236 -73.9964 -10.8556
-0.235 -69.5158 -16.6605
-0.234 -56.135 -22.7401
-0.233 -43.0079 -30.0915
-0.232 -38.0071 -38.9715
-0.231 -44.8762 -48.6858
-0.23 -62.2709 -57.8074
-0.229 -84.7703 -64.7159
-0.228 -105.209 -68.2015
-0.227 -117.328 -67.8574
-0.226 -117.791 -64.113
-0.225 -106.93 -57.9503
-0.224 -88.0858 -50.476
-0.223 -65.9791 -42.5483
-0.222 -44.9473 -34.6073
-0.221 -27.852 -26.7663
-0.22 -15.9824 -19.1031
-0.219 -9.64703 -11.9733
-0.218 -8.80905 -6.12455
-0.217 -13.2805 -2.49558
-0.216 -22.4288 -1.78878
-0.215 -34.7146 -4.05294
-0.214 -47.4665 -8.5075
-0.213 -57.1887 -13.7119
-0.212 -60.4918 -18.0381
-0.211 -55.472 -20.2925
-0.21 -43.023 -20.261
-0.209 -27.3299 -18.9165
-0.208 -14.9496 -18.1127
-0.207 -12.503 -19.8141
-0.206 -23.8088 -25.1755
-0.205 -47.7447 -33.8996
-0.204 -77.9293 -44.176
-0.203 -104.561 -53.2417
-0.202 -117.846 -58.3598
-0.201 -111.804 -57.8654
-0.2 -87.0086 -51.8913
-0.199 -51.1019 -42.45
-0.198 -16.5772 -32.7572
-0.197 3.6261 -26.0003
-0.196 1.20491 -24.0393
-0.195 -23.79 -26.5908
-0.194 -62.2963 -31.2482
-0.193 -99.1551 -34.3524
-0.192 -118.609 -32.3999
-0.191 -110.303 -23.4729
-0.19 -73.4872 -8.15164
-0.189 -17.8085 10.4754
-0.188 39.6973 27.7559
-0.187 80.4621 39.0441
-0.186 91.0893 41.3094
-0.185 68.4414 34.1786
-0.184 21.0409 20.0254
-0.183 -33.9737 3.06152
-0.182 -77.287 -12.2398
-0.181 -94.7206 -22.7916
-0.18 -82.5227 -27.9641
-0.179 -48.6327 -29.653
-0.178 -9.57042 -31.3399
-0.177 15.8025 -36.5507
-0.176 13.4079 -47.3136
-0.175 -20.5546 -63.176
-0.174 -77.7975 -81.1381
-0.173 -140.672 -96.5674
-0.172 -188.551 -104.8
-0.171 -205.4 -102.824
-0.17 -185.528 -90.3823
-0.169 -135.322 -70.0434
-0.168 -70.608 -46.2991
-0.167 -10.8865 -24.0905
-0.166 27.3252 -7.32553
-0.165 35.8206 2.15223
-0.164 16.982 4.85169
-0.163 -17.7292 3.10297
-0.162 -52.5014 -0.0864803
-0.161 -73.2747 -2.32358
-0.16 -72.7904 -2.72964
-0.159 -52.6961 -2.10802
-0.158 -22.195 -2.40618
-0.157 5.85294 -5.78947
-0.156 19.6881 -13.7109
-0.155 12.6017 -26.2738
-0.154 -15.0587 -42.0604
-0.153 -56.2657 -58.4676
-0.152 -99.7811 -72.4223
-0.151 -133.789 -81.2182
-0.15 -149.434 -83.1815
-0.149 -143.121 -77.978
-0.148 -116.973 -66.5431
-0.147 -77.6142 -50.7439
-0.146 -33.979 -32.9166
-0.145 4.98825 -15.4112
-0.144 32.1822 -0.232018
-0.143 43.5784 11.2032
-0.142 38.9155 18.213
-0.141 21.7526 20.914
-0.14 -1.32802 20.1404
-0.139 -22.4509 17.169
-0.138 -34.722 13.2917
-0.137 -34.3259 9.37756
-0.136 -21.8173 5.58148
-0.135 -2.31485 1.27921
-0.134 15.4964 -4.74962
-0.133 21.6357 -13.8774
-0.132 8.20378 -26.9609
-0.131 -27.0461 -43.6549
-0.13 -78.5861 -62.0654
-0.129 -133.875 -79.0294
-0.128 -177.128 -91
-0.127 -194.697 -95.2032
-0.126 -180.006 -90.6231
-0.125 -136.344 -78.4886
-0.124 -76.5977 -62.0953
-0.123 -19.7246 -45.9355
-0.122 15.4 -34.2995
-0.121 16.9478 -29.7819
-0.12 -14.8491 -32.309
-0.119 -67.0977 -39.1606
-0.118 -118.71 -46.0311
-0.117 -148.262 -48.7091
-0.116 -142.111 -44.7186
-0.115 -99.6798 -34.3104
-0.114 -34.0091 -20.443
-0.113 32.6638 -7.72968
-0.112 76.8774 -0.703503
-0.111 82.7065 -2.03818
-0.11 48.0285 -11.4246
-0.109 -14.2735 -25.5646
-0.108 -80.8963 -39.3212
-0.107 -126.895 -47.622
-0.106 -135.252 -47.3935
-0.105 -103.362 -38.7484
-0.104 -43.8158 -24.9212
-0.103 20.695 -10.9896
-0.102 66.0833 -1.94494
-0.101 75.6723 -0.899956
-0.1 45.98 -8.06345
-0.099 -12.3061 -20.7572
-0.098 -78.3941 -34.4282
-0.097 -129.175 -44.3303
-0.096 -147.927 -47.2752
-0.095 -130.367 -42.7273
-0.094 -85.4118 -32.7538
-0.093 -30.5542 -20.9201
-0.092 15.5781 -10.7492
-0.091 40.0109 -4.47203
-0.09 39.1777 -2.4745
-0.089 18.972 -3.4648
-0.088 -8.39264 -5.193
-0.087 -29.5607 -5.47554
-0.086 -35.4278 -3.16268
-0.085 -24.4857 1.38193
-0.084 -2.54471 6.53661
-0.083 20.8082 10.2444
-0.082 36.8314 10.9066
-0.081 40.8824 7.88352
-0.08 33.097 1.45639
-0.079 16.8192 -7.58647
-0.078 -4.01632 -18.4613
-0.077 -27.1374 -30.7302
-0.076 -52.6512 -44.2849
-0.075 -81.7977 -58.9602
-0.074 -114.491 -74.0054
-0.073 -147.279 -87.7831
-0.072 -173.147 -97.9543
-0.071 -183.556 -102.144
-0.07 -172.06 -98.8666
-0.069 -138.236 -88.3875
-0.068 -90.1182 -73.1203
-0.067 -43.174 -57.1797
-0.066 -14.9446 -44.989
-0.065 -17.1457 -39.4344
-0.064 -49.3269 -40.5125
-0.063 -97.7717 -45.2326
-0.062 -140.269 -48.819
-0.061 -154.451 -46.6412
-0.06 -126.582 -36.1599
-0.059 -58.2006 -18.3077
-0.058 31.8294 2.23871
-0.057 112.139 18.354
-0.056 150.526 23.2126
-0.055 128.137 13.4067
-0.054 48.9964 -9.15618
-0.053 -60.2109 -37.5864
-0.052 -159.808 -62.372
-0.051 -211.686 -74.7079
-0.05 -193.376 -69.6136
-0.049 -107.255 -47.8937
-0.048 18.454 -16.1952
-0.047 138.762 15.2034
-0.046 209.041 36.3124
-0.045 203.297 41.4404
-0.044 125.134 31.4532
-0.043 6.56227 13.3321
-0.042 -104.284 -2.64266
-0.041 -161.363 -6.92615
-0.04 -138.39 5.45377
-0.039 -39.7405 32.63
-0.038 100.093 66.2375
-0.037 229.38 94.4859
-0.036 299.478 106.748
-0.035 283.678 97.6342
-0.034 186.881 68.9372
-0.033 43.3032 28.9308
-0.032 -96.1031 -10.5429
-0.031 -182.367 -38.2787
-0.03 -187.312 -47.8671
-0.029 -115.06 -40.1495
-0.028 -0.228067 -22.6651
-0.027 107.127 -6.20678
-0.026 162.312 -0.242365
-0.025 142.597 -9.37992
-0.024 53.8835 -32.0337
-0.023 -72.7422 -61.2574
-0.022 -192.345 -87.2612
-0.021 -262.601 -101.028
-0.02 -260.615 -97.972
-0.019 -192.63 -79.9654
-0.018 -90.4769 -54.4195
-0.017 3.86243 -30.8045
-0.016 56.5524 -16.6598
-0.015 53.742 -15.0813
-0.014 3.84796 -24.2741
-0.013 -67.6603 -38.6879
-0.012 -128.243 -51.1734
-0.011 -150.936 -55.7345
-0.01 -125.901 -50.0648
-0.009 -64.8233 -36.5243
-0.008 5.67944 -20.715
-0.007 58.0234 -8.45921
-0.006 76.2161 -3.10688
-0.005 60.7379 -4.50575
-0.004 25.7264 -9.61268
-0.003 -8.3244 -14.0518
-0.002 -23.526 -14.0319
-0.001 -12.8039 -8.12303
0 16.2293 1.88928
0.001 45.2214 11.8654
0.002 55.8282 17.6802
0.003 40.4507 17.5845
0.004 6.19342 13.0501
0.005 -29.0118 7.89604
0.006 -44.6257 6.49864
0.007 -26.4771 11.8725
0.008 25.923 24.1243
0.009 96.5545 39.8633
0.01 157.766 53.2514
0.011 182.849 58.7061
0.012 160.052 53.9158
0.013 99.2042 41.2452
0.014 27.3303 26.7368
0.015 -22.924 17.5564
0.016 -25.9759 19.2327
0.017 26.6754 33.5081
0.018 121.2 57.2207
0.019 223.698 82.7808
0.02 292.044 100.708
0.021 294.241 103.626
0.022 223.94 89.7291
0.023 104.035 63.6717
0.024 -23.0437 34.511
0.025 -112.203 12.0335
0.026 -132.199 3.13563
0.027 -77.0262 9.31993
0.028 30.5934 25.89
0.029 145.852 43.3216
0.03 218.492 50.8258
0.031 213.696 40.929
0.032 127.236 12.889
0.033 -12.6745 -26.7921
0.034 -156.912 -66.8544
0.035 -254.319 -95.455
0.036 -270.486 -104.372
0.037 -200.401 -91.9029
0.038 -70.7894 -63.526
0.039 69.5443 -29.9228
0.04 168.62 -2.87475
0.041 191.717 9.32009
0.042 134.362 4.88737
0.043 22.9041 -11.1211
0.044 -96.4276 -29.1237
0.045 -175.261 -38.86
0.046 -181.379 -33.4233
0.047 -111.071 -12.0538
0.048 9.61734 19.4596
0.049 135.849 51.0794
0.05 222.351 72.5499
0.051 240.671 77.3054
0.052 188.356 64.645
0.053 87.9845 39.6385
0.054 -22.1031 11.137
0.055 -101.953 -11.3588
0.056 -124.656 -21.0237
0.057 -86.101 -16.0414
0.058 -5.23629 0.104018
0.059 85.4785 20.5622
0.06 154.357 38.2453
0.061 182.302 48.5542
0.062 167.712 50.6379
0.063 124.453 47.0895
0.064 75.149 42.5467
0.065 42.2927 41.7398
0.066 39.8076 47.5729
0.067 68.192 59.9497
0.068 115.59 75.9122
0.069 164.184 91.0238
0.07 198.211 101.218
0.071 209.449 104.163
0.072 198.319 99.6763
0.073 171.44 89.2932
0.074 137.632 75.3994
0.075 104.189 60.3037
0.076 74.7453 45.5849
0.077 49.3923 31.9319
0.078 26.7203 19.475
0.079 6.34569 8.3352
0.08 -9.72601 -0.991539
0.081 -17.7083 -7.64496
0.082 -14.2344 -10.7748
0.083 1.00769 -10.0751
0.084 23.6314 -6.20616
0.085 45.1302 -0.824881
0.086 56.0373 3.93548
0.087 50.4996 6.38643
0.088 29.8369 6.13341
0.089 2.89852 4.34263
0.09 -17.1801 3.24991
0.091 -18.2898 5.16534
0.092 5.50882 11.422
0.093 50.8243 21.6418
0.094 104.919 33.5655
0.095 149.37 43.6167
0.096 166.778 48.1737
0.097 148.177 45.1367
0.098 97.6814 35.053
0.099 31.8028 21.1652
0.1 -26.5279 8.2925
0.101 -56.6005 1.04793
0.102 -47.6813 2.13732
0.103 -3.09163 11.3415
0.104 60.7075 25.5004
0.105 119.811 39.5467
0.106 151.601 48.3189
0.107 143.427 48.529
0.108 97.7355 40.0719
0.109 31.3502 26.0885
0.11 -30.9476 11.7437
0.111 -65.9339 2.24655
0.112 -60.6883 0.923611
0.113 -17.1827 8.0661
0.114 48.8642 20.9401
0.115 114.165 34.9176
0.116 156.551 45.2824
0.117 162.92 49.0167
0.118 133.695 45.8974
0.119 82.3276 38.5144
0.12 30.0752 31.2267
0.121 -2.05822 28.4587
0.122 -1.14237 32.9845
0.123 33.2105 44.8623
0.124 89.3847 61.4151
0.125 148.681 78.2154
0.126 192.207 90.6153
0.127 207.02 95.2123
0.128 189.681 90.775
0.129 146.58 78.4231
0.13 91.2045 61.0856
0.131 39.2629 42.4466
0.132 3.3458 25.7458
0.133 -10.8562 12.8769
0.134 -5.38353 4.10316
0.135 12.0227 -1.58441
0.136 31.432 -5.73279
0.137 44.0973 -9.68239
0.138 44.7559 -14.0623
0.139 32.6741 -18.6043
0.14 11.5109 -22.256
0.141 -11.9097 -23.5356
0.142 -29.6592 -21.0211
0.143 -34.9985 -13.821
0.144 -24.1796 -1.87948
0.145 2.67399 13.9488
0.146 41.5802 32.0233
0.147 85.3824 50.16
0.148 125.016 65.9403
0.149 151.394 77.0818
0.15 157.756 81.8609
0.151 141.912 79.5278
0.152 107.499 70.5877
0.153 63.4966 56.8028
0.154 21.8736 40.8322
0.155 -6.02137 25.5712
0.156 -13.1263 13.3897
0.157 0.862595 5.51879
0.158 29.1292 1.78636
0.159 59.7725 0.799781
0.16 79.8065 0.55926
0.161 79.9711 -0.653351
0.162 58.6585 -3.41192
0.163 23.2481 -6.69223
0.164 -12.0516 -8.10556
0.165 -31.3091 -4.79775
0.166 -23.0086 5.33401
0.167 15.2056 22.5983
0.168 75.0287 45.0455
0.169 139.81 68.7711
0.17 189.936 88.9303
0.171 209.547 101.188
0.172 192.302 103.136
0.173 144.003 95.1253
0.174 80.7938 80.1425
0.175 23.3813 62.7139
0.176 -10.5699 47.2841
0.177 -12.8281 36.696
0.178 12.6949 31.3286
0.179 51.8014 29.1743
0.18 85.5614 26.8078
0.181 97.466 20.8951
0.182 79.6507 9.68926
0.183 35.9596 -6.07858
0.184 -19.3599 -23.2953
0.185 -66.9651 -37.5302
0.186 -89.7324 -44.6481
0.187 -79.188 -42.3437
0.188 -38.5289 -31.0231
0.189 18.8118 -13.7102
0.19 74.2783 4.98357
0.191 110.889 20.443
0.192 119.058 29.595
0.193 99.5648 31.8444
0.194 62.7467 29.0706
0.195 24.3052 24.7338
0.196 -0.668413 22.4608
0.197 -3.16346 24.6468
0.198 16.8572 31.5847
0.199 51.1237 41.4347
0.2 86.7642 51.0203
0.201 111.355 57.1073
0.202 117.293 57.634
0.203 103.994 52.4117
0.204 77.3851 43.0784
0.205 47.1889 32.3987
0.206 23.152 23.2194
0.207 11.6443 17.4724
0.208 13.8299 15.5763
0.209 25.9702 16.4535
0.21 41.5264 18.1327
0.211 53.9888 18.6575
0.212 59.1644 16.8877
0.213 56.1019 12.8684
0.214 46.6196 7.68763
0.215 34.0215 2.97216
0.216 21.7461 0.270878
0.217 12.4537 0.548984
0.218 7.72379 3.95101
0.219 8.26211 9.89465
0.22 14.3308 17.4273
0.221 26.0102 25.65
0.222 42.9925 33.9776
0.223 63.9528 42.1169
0.224 85.9777 49.8351
0.225 104.685 56.7147
0.226 115.333 62.0658
0.227 114.598 65.0488
0.228 102.201 64.9544
0.229 81.5428 61.5198
0.23 58.9359 55.1373
0.231 41.561 46.8266
0.232 34.8108 37.9245
0.233 39.9705 29.5933
0.234 53.2303 22.3706
0.235 66.6741 15.998
0.236 71.1439 9.6307
0.237 60.0131 2.35614
0.238 32.3422 -6.1956
0.239 -6.00054 -15.4154
0.24 -43.8911 -23.6728
0.241 -68.7223 -28.7448
0.242 -71.0361 -28.5985
0.243 -48.2816 -22.239
0.244 -6.23668 -10.2697
0.245 42.5636 5.08644
0.246 82.9796 20.5564
0.247 102.599 32.8038
0.248 96.297 39.4987
0.249 68.2244 40.0731
0.25 30.3316 35.8513
0.251 -2.10368 29.4793
0.252 -16.2534 23.8599
0.253 -6.59606 21.0153
0.254 22.9889 21.3228
0.255 60.6418 23.4129
0.256 90.9196 24.7628
0.257 100.591 22.7748
0.258 83.74 15.9454
0.259 44.2593 4.67002
0.26 -5.30405 -8.66763
0.261 -48.2095 -20.3996
0.262 -69.6104 -26.8211
0.263 -61.9217 -25.4996
0.264 -27.4545 -16.1491
0.265 22.563 -0.75934
0.266 72.0856 17.0523
0.267 105.933 33.2343
0.268 115.033 44.6221
0.269 99.3727 49.9148
0.27 67.6235 49.9438
0.271 33.6069 47.1462
0.272 10.9901 44.4683
0.273 8.26674 44.1496
0.274 25.8942 46.8564
0.275 56.5176 51.4697
0.276 87.9966 55.5674
0.277 107.974 56.3988
0.278 108.286 51.9792
0.279 87.6838 41.8953
0.28 52.0164 27.5298
0.281 11.9319 11.6347
0.282 -20.9668 -2.56957
0.283 -38.0787 -12.4235
0.284 -36.456 -16.6158
0.285 -19.3106 -15.4697
0.286 5.61932 -10.6662
0.287 29.0576 -4.54167
0.288 43.3563 0.755066
0.289 44.7633 3.94122
0.29 34.192 4.89933
0.291 16.4487 4.54184
0.292 -1.67577 4.33492
0.293 -13.7482 5.67662
0.294 -15.6849 9.35613
0.295 -6.78053 15.2785
0.296 10.4448 22.5301
0.297 31.3436 29.7223
0.298 50.6519 35.4464
0.299 63.8975 38.6689
0.3 68.4103 38.9588
0.301 63.8193 36.5238
0.302 51.9998 32.0792
0.303 36.4958 26.6047
0.304 21.5518 21.067
0.305 10.999 16.1963
0.306 7.27645 12.3735
0.307 10.7893 9.62406
0.308 19.7222 7.67397
0.309 30.3895 6.03764
0.31 38.158 4.14107
0.311 38.8047 1.48853
0.312 29.9478 -2.15571
0.313 12.0693 -6.63178
0.314 -11.2863 -11.3498
0.315 -34.314 -15.3781
0.316 -50.5977 -17.6466
0.317 -55.1442 -17.2376
0.318 -46.1406 -13.6984
0.319 -25.778 -7.26919
0.32 0.242677 1.0887
0.321 24.4351 9.91149
0.322 39.9513 17.645
0.323 42.9153 23.1122
0.324 33.8537 25.8761
0.325 17.6377 26.3705
0.326 1.83519 25.7325
0.327 -6.02114 25.3676
0.328 -1.25324 26.3867
0.329 16.1305 29.1294
0.33 41.2781 32.9719
0.331 66.0556 36.5054
0.332 81.797 38.0292
0.333 82.3463 36.1863
0.334 66.3587 30.5197
0.335 37.9806 21.7446
0.336 5.54917 11.6129
0.337 -21.2716 2.38984
0.338 -34.836 -3.87613
0.339 -32.0838 -6.01963
0.34 -15.4517 -4.11633
0.341 8.0925 0.58734
0.342 29.5171 6.1363
0.343 40.8773 10.5566
0.344 38.089 12.5375
0.345 22.3218 11.8658
0.346 -0.532684 9.4472
0.347 -22.0979 6.90547
0.348 -34.5539 5.92039
0.349 -33.3435 7.56385
0.35 -18.6497 11.8792
0.351 4.76004 17.8413
0.352 29.215 23.6958
0.353 46.7775 27.5554
0.354 51.9322 28.049
0.355 43.3757 24.7968
0.356 24.2886 18.5379
0.357 1.07774 10.8663
0.358 -18.8681 3.68718
0.359 -29.5974 -1.39795
0.36 -28.4281 -3.56329
0.361 -16.6548 -2.94521
0.362 1.05984 -0.505087
0.363 18.3725 2.36821
0.364 29.4125 4.37392
0.365 30.651 4.75199
0.366 21.8983 3.51527
0.367 6.20107 1.39082
0.368 -11.238 -0.486817
0.369 -24.7517 -1.00246
0.37 -29.9978 0.547073
0.371 -25.2873 4.21819
0.372 -12.0309 9.40312
0.373 5.79935 15.0196
0.374 22.9486 19.8376
0.375 34.4641 22.8361
0.376 37.1324 23.4766
0.377 30.3979 21.8145
0.378 16.5073 18.4276
0.379 -0.198263 14.2028
0.38 -14.6559 10.0644
0.381 -22.6713 6.72702
0.382 -22.2091 4.5339
0.383 -13.9999 3.40886
0.384 -1.31887 2.92802
0.385 11.0054 2.49084
0.386 18.1039 1.54261
0.387 16.6815 -0.221151
0.388 6.20404 -2.73376
0.389 -10.7896 -5.55244
0.39 -29.3988 -7.96248
0.391 -43.8722 -9.16142
0.392 -49.4277 -8.48564
0.393 -43.8149 -5.62829
0.394 -28.1231 -0.778971
0.395 -6.53672 5.37782
0.396 14.948 11.8222
0.397 30.4617 17.4681
0.398 36.2018 21.4541
0.399 31.6883 23.3674
0.4 19.8927 23.3428
0.401 6.18746 22.0019
0.402 -3.53717 20.2356
0.403 -4.95984 18.8874
0.404 3.10317 18.4494
0.405 18.2141 18.8894
0.406 35.1113 19.6744
0.407 47.5233 19.9788
0.408 50.3648 18.9968
0.409 41.5498 16.2617
0.41 22.7859 11.8654
0.411 -0.941314 6.49439
0.412 -23.0287 1.24877
0.413 -37.4791 -2.70259
0.414 -40.8968 -4.50436
0.415 -33.5532 -3.89506
0.416 -19.176 -1.29262
0.417 -3.57144 2.33516
0.418 7.42029 5.77353
0.419 9.93244 7.94791
0.42 3.35168 8.27005
0.421 -9.57092 6.81622
0.422 -23.7997 4.26711
0.423 -33.8646 1.63874
0.424 -35.792 -0.0841085
0.425 -28.4361 -0.279775
0.426 -13.7891 1.11443
0.427 3.77925 3.59549
0.428 19.0554 6.28226
0.429 27.7517 8.24409
0.43 27.9034 8.85331
0.431 20.4184 8.01954
0.432 8.61937 6.21297
0.433 -3.0084 4.28054
0.434 -10.3816 3.13975
0.435 -11.1463 3.46034
0.436 -5.35163 5.42868
0.437 4.6982 8.66326
0.438 15.3136 12.3163
0.439 22.6875 15.3405
0.44 24.1283 16.8288
0.441 18.8614 16.2992
0.442 8.1701 13.8242
0.443 -5.12019 9.97672
0.444 -17.5937 5.63322
0.445 -26.2936 1.70501
0.446 -29.5376 -1.12038
0.447 -27.2803 -2.55438
0.448 -20.967 -2.7439
0.449 -12.979 -2.15908
0.45 -5.86332 -1.38048
0.451 -1.57281 -0.869761
0.452 -0.928499 -0.805393
0.453 -3.44832 -1.03317
0.454 -7.57367 -1.13989
0.455 -11.1991 -0.61925
0.456 -12.3304 0.928445
0.457 -9.68791 3.63049
0.458 -3.11316 7.26384
0.459 6.31176 11.287
0.46 16.4869 14.9694
0.461 24.84 17.5838
0.462 29.063 18.6066
0.463 27.8158 17.8658
0.464 21.173 15.5821
0.465 10.6729 12.2955
0.466 -1.05235 8.70876
0.467 -10.9854 5.50664
0.468 -16.5966 3.19785
0.469 -16.6319 2.01334
0.47 -11.5364 1.88181
0.471 -3.32764 2.49539
0.472 5.06543 3.44997
0.473 10.781 4.40512
0.474 11.9954 5.19648
0.475 8.56278 5.86396
0.476 2.09717 6.60288
0.477 -4.56461 7.66623
0.478 -8.37069 9.24546
0.479 -7.19285 11.358
0.48 -0.676072 13.7798
0.481 9.52567 16.0619
0.482 20.2226 17.6381
0.483 27.7212 17.984
0.484 29.0798 16.77
0.485 23.1665 13.9617
0.486 11.1315 9.85072
0.487 -3.9042 5.00517
0.488 -17.8561 0.144389
0.489 -27.0217 -4.03508
0.49 -29.2817 -7.02695
0.491 -24.7502 -8.61806
0.492 -15.6708 -8.89771
0.493 -5.59706 -8.18383
0.494 1.87767 -6.8958
0.495 4.40348 -5.40795
0.496 1.69457 -3.9253
0.497 -4.42397 -2.42937
0.498 -10.7478 -0.721437
0.499 -13.9061 1.45472
0.5 -11.6035 4.26542
0.501 -3.47184 7.67461
0.502 8.74216 11.401
0.503 21.7238 14.9537
0.504 31.7089 17.7432
0.505 35.785 19.247
0.506 32.8895 19.1801
0.507 24.139 17.5996
0.508 12.3942 14.8966
0.509 1.25963 11.6817
0.51 -6.11688 8.61053
0.511 -8.04947 6.20979
0.512 -4.80854 4.74534
0.513 1.56138 4.16455
0.514 8.04057 4.13578
0.515 11.7515 4.18485
0.516 10.972 3.88243
0.517 5.6864 3.0056
0.518 -2.48401 1.60988
0.519 -10.9008 -0.00523417
0.52 -16.8437 -1.41182
0.521 -18.4413 -2.20587
0.522 -15.2869 -2.15264
0.523 -8.52662 -1.28137
0.524 -0.405479 0.111911
0.525 6.54046 1.56686
0.526 10.3426 2.63126
0.527 10.2228 3.03267
0.528 6.79713 2.78234
0.529 1.81248 2.17761
0.53 -2.48526 1.70728
0.531 -4.128 1.89157
0.532 -2.07214 3.10296
0.533 3.50012 5.42489
0.534 11.2909 8.60211
0.535 19.3268 12.1062
0.536 25.5729 15.2921
0.537 28.5408 17.5875
0.538 27.7126 18.6487
0.539 23.6424 18.4357
0.54 17.702 17.1883
0.541 11.5809 15.3154
0.542 6.74257 13.2379
0.543 4.01776 11.2413
0.544 3.42592 9.39624
0.545 4.23864 7.57212
0.546 5.26391 5.53511
0.547 5.28542 3.08751
0.548 3.51905 0.194971
0.549 -0.0872823 -2.94649
0.55 -4.82468 -5.92947
0.551 -9.4551 -8.23641
0.552 -12.5956 -9.39
0.553 -13.1283 -9.09966
0.554 -10.54 -7.35215
0.555 -5.1111 -4.41779
0.556 2.11824 -0.774875
0.557 9.62509 3.01889
0.558 15.8459 6.46441
0.559 19.6245 9.22671
0.56 20.5136 11.179
0.561 18.847 12.3774
0.562 15.5876 12.981
0.563 12.0051 13.1553
0.564 9.26971 12.9962
0.565 8.07992 12.5025
0.566 8.4513 11.5987
0.567 9.74927 10.1945
0.568 10.9535 8.25386
0.569 11.0542 5.84971
0.57 9.43879 3.18465
0.571 6.14146 0.566652
0.572 1.87255 -1.65522
0.573 -2.1846 -3.17225
0.574 -4.75136 -3.78573
0.575 -4.88157 -3.44438
0.576 -2.29087 -2.24456
0.577 2.5241 -0.401323
0.578 8.41341 1.79915
0.579 13.9098 4.0567
0.58 17.6704 6.11154
0.581 18.8824 7.78005
0.582 17.4954 8.96371
0.583 14.2005 9.63737
0.584 10.1661 9.82885
0.585 6.63169 9.59845
0.586 4.50718 9.01887
0.587 4.10168 8.15506
0.588 5.05874 7.05028
0.589 6.51512 5.72816
0.59 7.43422 4.21037
0.591 7.0024 2.53883
0.592 4.94589 0.792118
0.593 1.64957 -0.906733
0.594 -1.96519 -2.39184
0.595 -4.74973 -3.47007
0.596 -5.70807 -3.95654
0.597 -4.322 -3.72554
0.598 -0.724229 -2.75679
0.599 4.33051 -1.15436
0.6 9.68817 0.869767
0.601 14.1465 3.0405
0.602 16.8243 5.08073
0.603 17.4219 6.77626
0.604 16.2801 8.02728
0.605 14.2249 8.86555
0.606 12.2638 9.42383
0.607 11.2473 9.86694
0.608 11.6017 10.3146
0.609 13.2073 10.7879
0.61 15.4466 11.1948
0.611 17.4123 11.3579
0.612 18.2185 11.0756
0.613 17.3135 10.2026
0.614 14.6759 8.71997
0.615 10.8214 6.7628
0.616 6.6267 4.58986
0.617 3.04753 2.50623
0.618 0.828978 0.772974
0.619 0.288891 -0.464735
0.62 1.22684 -1.21098
0.621 2.99061 -1.60423
0.622 4.69559 -1.85519
0.623 5.53346 -2.1553
0.624 5.0583 -2.5913
0.625 3.34195 -3.10354
0.626 0.947127 -3.50554
0.627 -1.26019 -3.5527
0.628 -2.38922 -3.03093
0.629 -1.8099 -1.83651
0.63 0.634543 -0.0241139
0.631 4.55504 2.19411
0.632 9.11773 4.50261
0.633 13.2959 6.5731
0.634 16.1906 8.15687
0.635 17.3085 9.14253
0.636 16.699 9.56135
0.637 14.9078 9.54697
0.638 12.7684 9.26917
0.639 11.1069 8.86399
0.64 10.4577 8.38284
0.641 10.8841 7.77953
0.642 11.9594 6.94121
0.643 12.9196 5.75079
0.644 12.9432 4.15382
0.645 11.4673 2.20269
0.646 8.42135 0.063184
0.647 4.28755 -2.01613
0.648 -0.0391289 -3.76125
0.649 -3.5348 -4.93978
0.65 -5.36896 -5.41632
0.651 -5.16046 -5.17862
0.652 -3.09345 -4.32836
0.653 0.141986 -3.0436
0.654 3.57445 -1.52774
0.655 6.27449 0.0382719
0.656 7.66192 1.52837
0.657 7.67886 2.88116
0.658 6.76639 4.08662
0.659 5.66753 5.1579
0.66 5.14169 6.10208
0.661 5.69021 6.90121
0.662 7.37678 7.5073
0.663 9.79873 7.85047
0.664 12.2241 7.85736
0.665 13.8533 7.47561
0.666 14.1086 6.69749
0.667 12.8425 5.57424
0.668 10.3885 4.21517
0.669 7.44601 2.77282
0.67 4.84994 1.41921
0.671 3.30213 0.317317
0.672 3.15108 -0.408744
0.673 4.29248 -0.698571
0.674 6.2245 -0.567092
0.675 8.23448 -0.0977053
0.676 9.64418 0.581998
0.677 10.0263 1.33433
0.678 9.325 2.04554
0.679 7.85082 2.6512
0.68 6.15488 3.14575
0.681 4.82645 3.57121
0.682 4.28486 3.98773
0.683 4.64376 4.43705
0.684 5.69354 4.91316
0.685 6.99402 5.35147
0.686 8.03004 5.64095
0.687 8.37698 5.65614
0.688 7.8335 5.30046
0.689 6.48569 4.54666
0.69 4.67741 3.45809
0.691 2.89103 2.17947
0.692 1.5835 0.899713
0.693 1.04503 -0.1998
0.694 1.3285 -0.994074
0.695 2.25633 -1.4454
0.696 3.48484 -1.6066
0.697 4.60616 -1.59402
0.698 5.2697 -1.53736
0.699 5.29205 -1.52478
0.7 4.71407 -1.56633
0.701 3.77967 -1.59061
0.702 2.84764 -1.47399
0.703 2.27661 -1.08988
0.704 2.32229 -0.361054
0.705 3.06679 0.702068
0.706 4.38968 1.9909
0.707 5.99255 3.32262
0.708 7.48129 4.49247
0.709 8.48582 5.3347
0.71 8.77481 5.76765
0.711 8.32382 5.8079
0.712 7.31677 5.55187
0.713 6.08453 5.13371
0.714 4.99975 4.67425
0.715 4.35531 4.23844
0.716 4.26307 3.81697
0.717 4.61088 3.33989
0.718 5.09811 2.71689
0.719 5.34023 1.88615
0.72 5.00679 0.851575
0.721 3.94723 -0.304548
0.722 2.26173 -1.43645
0.723 0.288938 -2.3723
0.724 -1.49141 -2.96178
0.725 -2.61112 -3.11767
0.726 -2.76685 -2.837
0.727 -1.91869 -2.19493
0.728 -0.301681 -1.31558
0.729 1.65098 -0.333019
0.73 3.4479 0.64381
0.731 4.69944 1.55202
0.732 5.24362 2.37642
0.733 5.18983 3.13301
0.734 4.86033 3.84275
0.735 4.65359 4.50753
0.736 4.88537 5.09816
0.737 5.66697 5.55765
0.738 6.8601 5.81653
0.739 8.11977 5.81411
0.74 9.01142 5.51909
0.741 9.16542 4.9431
0.742 8.41454 4.14139
0.743 6.86053 3.20024
0.744 4.84264 2.21751
0.745 2.82279 1.28438
0.746 1.23448 0.472775
0.747 0.349272 -0.171035
0.748 0.202655 -0.628064
0.749 0.600379 -0.903087
0.75 1.20141 -1.01636
0.751 1.64814 -0.994175
0.752 1.69595 -0.862967
0.753 1.29358 -0.647857
0.754 0.587333 -0.372012
0.755 -0.145874 -0.054499
0.756 -0.60686 0.291517
0.757 -0.584565 0.656848
0.758 -0.0309077 1.03071
0.759 0.925031 1.39573
0.76 2.02651 1.72692
0.761 2.98109 1.99408
0.762 3.5587 2.16555
0.763 3.66068 2.21381
0.764 3.34005 2.12407
0.765 2.77181 1.90344
0.766 2.18649 1.58472
0.767 1.78968 1.22075
0.768 1.69592 0.871099
0.769 1.90063 0.587378
0.77 2.29654 0.401482
0.771 2.72172 0.318744
0.772 3.01661 0.317705
0.773 3.07101 0.358899
0.774 2.85128 0.401577
0.775 2.40438 0.421489
0.776 1.83806 0.420848
0.777 1.28332 0.426171
0.778 0.853522 0.476728
0.779 0.616464 0.609124
0.78 0.58594 0.842156
0.781 0.727834 1.16545
0.782 0.972743 1.53694
0.783 1.23231 1.89299
0.784 1.42057 2.16856
0.785 1.47771 2.31818
0.786 1.38755 2.3283
0.787 1.18102 2.21719
0.788 0.926001 2.02558
0.789 0.709026 1.80224
0.79 0.612743 1.58773
0.791 0.690764 1.40062
0.792 0.944735 1.23239
0.793 1.31405 1.05499
0.794 1.68785 0.837757
0.795 1.93868 0.565062
0.796 1.9654 0.246385
0.797 1.72946 -0.0838596
0.798 1.27273 -0.374319
0.799 0.711314 -0.569449
0.8 0.204709 -0.624538
0.801 -0.0932947 -0.51907
0.802 -0.0871873 -0.263011
0.803 0.224624 0.107071
0.804 0.746935 0.539961
0.805 1.31975 0.983878
0.806 1.77307 1.3971
0.807 1.98507 1.75311
0.808 1.92387 2.04091
0.809 1.65846 2.2613
0.81 1.33279 2.41991
0.811 1.11077 2.51962
0.812 1.11176 2.55582
0.813 1.36211 2.51665
0.814 1.78186 2.38749
0.815 2.21111 2.15726
0.816 2.4661 1.82421
0.817 2.40538 1.40002
0.818 1.98283 0.911179
0.819 1.26834 0.396976
0.82 0.427225 -0.0961405
0.821 -0.335231 -0.522224
0.822 -0.843814 -0.843488
0.823 -1.01137 -1.03646
0.824 -0.863737 -1.09552
0.825 -0.524101 -1.03291
0.826 -0.164029 -0.874711
0.827 0.0604958 -0.65374
0.828 0.0651575 -0.401511
0.829 -0.134382 -0.141852
0.83 -0.431959 0.112105
0.831 -0.674474 0.357244
0.832 -0.722611 0.596506
0.833 -0.504974 0.832661
0.834 -0.0451521 1.06198
0.835 0.547269 1.2708
0.836 1.1167 1.43691
0.837 1.51643 1.53569
0.838 1.65815 1.54849
0.839 1.53913 1.47023
0.84 1.23878 1.31339
0.841 0.886412 1.10694
0.842 0.612647 0.889873
0.843 0.502633 0.700843
0.844 0.568798 0.567202
0.845 0.752333 0.497558
0.846 0.950713 0.480626
0.847 1.05846 0.490751
0.848 1.00506 0.497964
0.849 0.777565 0.479018
0.85 0.422315 0.425554
0.851 0.0263904 0.346473
0.852 -0.314215 0.263666
0.853 -0.528133 0.202805
0.854 -0.590843 0.182853
0.855 -0.52721 0.208396
0.856 -0.395355 0.267638
0.857 -0.261199 0.336759
0.858 -0.174794 0.389051
0.859 -0.155526 0.405485
0.86 -0.188802 0.38252
0.861 -0.234242 0.333803
0.862 -0.24288 0.284985
0.863 -0.177185 0.263906
0.864 -0.0253252 0.290095
0.865 0.196294 0.367439
0.866 0.45132 0.482415
0.867 0.696289 0.608378
0.868 0.892285 0.714508
0.869 1.01324 0.776329
0.87 1.05039 0.783721
0.871 1.01182 0.743154
0.872 0.916872 0.673505
0.873 0.787926 0.597768
0.874 0.644189 0.534366
0.875 0.500088 0.491259
0.876 0.366344 0.464561
0.877 0.250253 0.441774
0.878 0.154723 0.408412
0.879 0.0782155 0.355456
0.88 0.0166042 0.284397
0.881 -0.0344499 0.207436
0.882 -0.078136 0.142848
0.883 -0.115677 0.107803
0.884 -0.144713 0.111863
0.885 -0.157672 0.153505
0.886 -0.143173 0.220578
0.887 -0.0916481 0.294289
0.888 -0.00211438 0.355338
0.889 0.114432 0.390001
0.89 0.236646 0.393819
0.891 0.337944 0.371493
0.892 0.393036 0.333391
0.893 0.385027 0.290553
0.894 0.312008 0.250409
0.895 0.190096 0.214784
0.896 0.0496106 0.180632
0.897 -0.0751937 0.142994
0.898 -0.15786 0.0987865
0.899 -0.187422 0.0496945
0.9 -0.169877 0.00276864
0.901 -0.124387 -0.031576
0.902 -0.0759471 -0.0432498
0.903 -0.0460567 -0.026284
0.904 -0.0439661 0.0187898
0.905 -0.0624966 0.0848633
0.906 -0.0813665 0.160488
0.907 -0.0767238 0.233552
0.908 -0.0318649 0.294889
0.909 0.0557218 0.340337
0.91 0.172867 0.370553
0.911 0.294304 0.38898
0.912 0.390192 0.399074
0.913 0.435845 0.40204
0.914 0.42052 0.395992
0.915 0.351294 0.376868
0.916 0.249917 0.340745
0.917 0.144323 0.286571
0.918 0.0590706 0.217968
0.919 0.00838356 0.143135
0.92 -0.00677299 0.0727729
0.921 0.00255695 0.0169334
0.922 0.0184209 -0.0179626
0.923 0.0235415 -0.0308132
0.924 0.00844053 -0.0256929
0.925 -0.0251881 -0.00996525
0.926 -0.0662419 0.00865802
0.927 -0.0995731 0.0249544
0.928 -0.111967 0.0377292
0.929 -0.0966012 0.0494471
0.93 -0.0552299 0.0642647
0.931 0.00225055 0.0854562
0.932 0.0610758 0.113367
0.933 0.106866 0.1447
0.934 0.130674 0.173379
0.935 0.131501 0.19268
0.936 0.11545 0.197819
0.937 0.0925983 0.187915
0.938 0.0733947 0.166471
0.939 0.0656268 0.140156
0.94 0.0723597 0.116447
0.941 0.0913082 0.101078
0.942 0.116049 0.0962434
0.943 0.138705 0.100145
0.944 0.15286 0.107988
0.945 0.155373 0.114032
0.946 0.146582 0.113871
0.947 0.129411 0.106014
0.948 0.108101 0.0921755
0.949 0.0868917 0.0762646
0.95 0.0688003 0.0626249
0.951 0.0548369 0.0542654
0.952 0.0440148 0.0517459
0.953 0.0341312 0.0530811
0.954 0.0228879 0.0546632
0.955 0.00882242 0.0528189
0.956 -0.00821547 0.0453501
0.957 -0.0269882 0.0324161
0.958 -0.04511 0.0164379
0.959 -0.0596045 0.00114127
0.96 -0.0677013 -0.00981776
0.961 -0.0676288 -0.0141048
0.962 -0.0591383 -0.0114113
0.963 -0.0436114 -0.00341058
0.964 -0.0237424 0.00697304
0.965 -0.00289608 0.0166749
0.966 0.0157009 0.0235243
0.967 0.0297282 0.0268098
0.968 0.0382511 0.0272174
0.969 0.0417403 0.026262
0.97 0.0416658 0.0255101
0.971 0.039849 0.0259214
0.972 0.0378051 0.0275339
0.973 0.0362783 0.0295612
0.974 0.0351142 0.0308188
0.975 0.0335017 0.0302777
0.976 0.0304779 0.0275038
0.977 0.0254726 0.0228132
0.978 0.0186448 0.0171134
0.979 0.0108795 0.0115369
0.98 0.00348506 0.00703958
0.981 -0.00225683 0.00412495
0.982 -0.00551265 0.00277212
0.983 -0.00614194 0.00255686
0.984 -0.00468828 0.0028864
0.985 -0.00213308 0.00323899
0.986 0.000478267 0.00331647
0.987 0.00237849 0.00307196
0.988 0.00325731 0.00263342
0.989 0.00323567 0.00218045
0.99 0.00268879 0.00183885
0.991 0.00202242 0.00163448
0.992 0.00150335 0.00151046
0.993 0.00120094 0.00138147
0.994 0.00103597 0.00118789
0.995 0.000885151 0.000922578
0.996 0.000674944 0.000624514
0.997 0.00041776 0.000351157
0.998 0.000183983 0.000148432
0.999 4.02707e-05 3.40502e-05
0.12 5.51873 -0.557502
0.24 5.52212 -0.553162
0.36 5.52774 -0.545951
0.48 5.53559 -0.535904
0.6 5.54562 -0.523068
0.72 5.55779 -0.507504
0.84 5.57206 -0.489285
0.96 5.58837 -0.468497
1.08 5.60666 -0.445237
1.2 5.62684 -0.419616
1.32 5.64884 -0.391753
1.44 5.67258 -0.361779
1.56 5.69796 -0.329834
1.68 5.72488 -0.296066
1.8 5.75323 -0.260633
1.92 5.78292 -0.223698
2.04 5.81381 -0.185432
2.16 5.84581 -0.14601
2.28 5.87879 -0.105614
2.4 5.91262 -0.0644263
2.52 5.94719 -0.0226346
2.64 5.98237 0.0195732
2.76 6.01804 0.0620084
2.88 6.05407 0.104482
3 6.09033 0.146807
3.12 6.12671 0.188799
3.24 6.16308 0.230276
3.36 6.19933 0.271059
3.48 6.23534 0.310978
3.6 6.27099 0.349864
3.72 6.30617 0.387559
3.84 6.34079 0.42391
3.96 6.37474 0.458774
4.08 6.40792 0.492017
4.2 6.44024 0.523512
4.32 6.47161 0.553146
4.44 6.50195 0.580815
4.56 6.53119 0.606428
4.68 6.55925 0.629903
4.8 6.58607 0.651173
4.92 6.61158 0.670182
5.04 6.63574 0.686887
5.16 6.65848 0.701257
5.28 6.67977 0.713277
5.4 6.69956 0.72294
5.52 6.71783 0.730255
5.64 6.73453 0.735245
5.76 6.74965 0.737941
5.88 6.76316 0.738389
6 6.77504 0.736648
6.12 6.78528 0.732786
6.24 6.79386 0.726882
6.36 6.80079 0.719027
6.48 6.80605 0.70932
6.6 6.80964 0.69787
6.72 6.81157 0.684795
6.84 6.81183 0.670218
6.96 6.81042 0.654273
7.08 6.80736 0.637096
7.2 6.80264 0.618831
7.32 6.79628 0.599624
7.44 6.78828 0.579626
7.56 6.77864 0.558991
7.68 6.76738 0.537872
7.8 6.7545 0.516424
7.92 6.74001 0.494804
8.04 6.72392 0.473164
8.16 6.70624 0.451656
8.28 6.68696 0.430429
8.4 6.6661 0.409626
8.52 6.64366 0.38939
8.64 6.61965 0.369853
8.76 6.59407 0.351146
8.88 6.56693 0.333388
9 6.53821 0.316695
9.12 6.50794 0.301171
9.24 6.47611 0.286915
9.36 6.44273 0.274014
9.48 6.40778 0.262546
9.6 6.37128 0.25258
9.72 6.33323 0.244174
9.84 6.29363 0.237375
9.96 6.25248 0.232219
10.08 6.20979 0.228733
10.2 6.16555 0.226933
10.32 6.11977 0.226821
10.44 6.07246 0.228393
10.56 6.02362 0.23163
10.68 5.97326 0.236507
10.8 5.92139 0.242986
10.92 5.86802 0.25102
11.04 5.81316 0.260554
11.16 5.75682 0.271523
11.28 5.69903 0.283854
11.4 5.6398 0.297469
11.52 5.57914 0.312278
11.64 5.51709 0.328189
11.76 5.45367 0.345102
11.88 5.3889 0.362914
12 5.32281 0.381517
12.12 5.25544 0.400797
12.24 5.18682 0.420642
12.36 5.11698 0.440935
12.48 5.04596 0.461558
12.6 4.97381 0.482394
12.72 4.90057 0.503325
12.84 4.82628 0.524236
12.96 4.75099 0.545013
13.08 4.67476 0.565542
13.2 4.59763 0.585718
13.32 4.51965 0.605434
13.44 4.44089 0.624592
13.56 4.3614 0.643096
13.68 4.28124 0.660858
13.8 4.20047 0.677795
13.92 4.11916 0.693831
14.04 4.03736 0.708895
14.16 3.95514 0.722927
14.28 3.87256 0.735872
14.4 3.7897 0.747682
14.52 3.70663 0.758319
14.64 3.6234 0.767753
14.76 3.54008 0.775959
14.88 3.45676 0.782924
15 3.3735 0.78864
15.12 3.29036 0.793109
15.24 3.20741 0.796338
15.36 3.12474 0.798344
15.48 3.0424 0.799149
15.6 2.96047 0.798784
15.72 2.87902 0.797285
15.84 2.79812 0.794693
15.96 2.71782 0.791056
16.08 2.63821 0.786427
16.2 2.55935 0.780863
16.32 2.48131 0.774426
16.44 2.40414 0.767181
16.56 2.32792 0.759194
16.68 2.25271 0.750537
16.8 2.17856 0.74128
16.92 2.10555 0.731497
17.04 2.03372 0.721261
17.16 1.96313 0.710647
17.28 1.89384 0.699727
17.4 1.8259 0.688572
17.52 1.75937 0.677255
17.64 1.69428 0.665842
17.76 1.63068 0.6544
17.88 1.56863 0.642991
18 1.50815 0.631676
18.12 1.44929 0.620508
18.24 1.39207 0.609541
18.36 1.33655 0.598821
18.48 1.28273 0.588391
18.6 1.23065 0.578287
18.72 1.18032 0.568543
18.84 1.13178 0.559186
18.96 1.08502 0.550238
19.08 1.04007 0.541714
19.2 0.996921 0.533628
19.32 0.955588 0.525985
19.44 0.916067 0.518785
19.56 0.878353 0.512026
19.68 0.842437 0.505697
19.8 0.808306 0.499786
19.92 0.775944 0.494274
20.04 0.74533 0.489138
20.16 0.71644 0.484354
20.28 0.689243 0.479891
20.4 0.663709 0.475716
20.52 0.639801 0.471794
20.64 0.617478 0.468086
20.76 0.596697 0.464552
20.88 0.577411 0.461149
21 0.55957 0.457836
21.12 0.54312 0.454567
21.24 0.528006 0.451298
21.36 0.514168 0.447985
21.48 0.501545 0.444582
21.6 0.490074 0.441046
21.72 0.479689 0.437336
21.84 0.470323 0.433409
21.96 0.461907 0.429227
22.08 0.454372 0.424752
22.2 0.447647 0.419949
22.32 0.441661 0.414787
22.44 0.436343 0.409237
22.56 0.431622 0.403272
22.68 0.427426 0.39687
22.8 0.423687 0.390012
22.92 0.420333 0.382681
23.04 0.417299 0.374867
23.16 0.414517 0.366562
23.28 0.411924 0.35776
23.4 0.409456 0.348463
23.52 0.407054 0.338672
23.64 0.404662 0.328396
23.76 0.402223 0.317645
23.88 0.399688 0.306434
24 0.397007 0.29478
24.12 0.394137 0.282705
24.24 0.391036 0.270232
24.36 0.387666 0.257389
24.48 0.383995 0.244206
24.6 0.379991 0.230715
24.72 0.37563 0.21695
24.84 0.370889 0.202948
24.96 0.36575 0.188747
25.08 0.360199 0.174385
25.2 0.354226 0.159905
25.32 0.347825 0.145346
25.44 0.340992 0.130752
25.56 0.33373 0.116165
25.68 0.326042 0.101626
25.8 0.317936 0.087178
25.92 0.309424 0.0728627
26.04 0.30052 0.0587209
26.16 0.291241 0.0447923
26.28 0.281606 0.0311157
26.4 0.271638 0.0177281
26.52 0.26136 0.00466535
26.64 0.250799 -0.00803887
26.76 0.239983 -0.0203527
26.88 0.228942 -0.0322463
27 0.217705 -0.0436923
27.12 0.206304 -0.0546653
27.24 0.194772 -0.0651428
27.36 0.183141 -0.0751043
27.48 0.171444 -0.0845322
27.6 0.159715 -0.0934114
27.72 0.147985 -0.101729
27.84 0.136289 -0.109476
27.96 0.124656 -0.116643
28.08 0.113118 -0.123228
28.2 0.101705 -0.129226
28.32 0.0904461 -0.134638
28.44 0.0793681 -0.139467
28.56 0.0684971 -0.143717
28.68 0.0578577 -0.147395
28.8 0.0474725 -0.150509
28.92 0.0373626 -0.153071
29.04 0.0275471 -0.155093
29.16 0.0180435 -0.156589
29.28 0.0088672 -0.157576
29.4 3.16783e-05 -0.158069
29.52 -0.00845143 -0.158088
29.64 -0.0165724 -0.157652
29.76 -0.0243235 -0.156782
29.88 -0.0316986 -0.155499
30 -0.0386935 -0.153825
30.12 -0.0453059 -0.151783
30.24 -0.0515348 -0.149395
30.36 -0.057381 -0.146685
30.48 -0.0628467 -0.143676
30.6 -0.0679355 -0.140392
30.72 -0.0726524 -0.136857
30.84 -0.0770032 -0.133094
30.96 -0.0809951 -0.129126
31.08 -0.0846361 -0.124975
31.2 -0.0879351 -0.120664
31.32 -0.0909017 -0.116215
31.44 -0.093546 -0.11165
31.56 -0.0958786 -0.106988
31.68 -0.0979106 -0.10225
31.8 -0.0996534 -0.0974554
31.92 -0.101118 -0.0926223
32.04 -0.102317 -0.0877686
32.16 -0.103261 -0.0829112
32.28 -0.103962 -0.0780663
32.4 -0.104432 -0.0732491
32.52 -0.10468 -0.0684741
32.64 -0.104719 -0.0637547
32.76 -0.104559 -0.0591038
32.88 -0.10421 -0.0545332
33 -0.103681 -0.0500539
33.12 -0.102983 -0.0456761
33.24 -0.102124 -0.0414092
33.36 -0.101113 -0.0372618
33.48 -0.0999577 -0.0332417
33.6 -0.0986657 -0.0293559
33.72 -0.0972443 -0.0256107
33.84 -0.0957003 -0.0220118
33.96 -0.0940401 -0.018564
34.08 -0.0922697 -0.0152714
34.2 -0.0903949 -0.0121377
34.32 -0.088421 -0.00916575
34.44 -0.0863532 -0.00635783
34.56 -0.0841963 -0.00371566
34.68 -0.0819551 -0.00124037
34.8 -0.0796341 0.00106747
34.92 -0.0772378 0.00320781
35.04 -0.0747704 0.00518111
35.16 -0.0722365 0.00698833
35.28 -0.0696401 0.00863091
35.4 -0.0669858 0.0101107
35.52 -0.0642779 0.0114302
35.64 -0.0615209 0.0125919
35.76 -0.0587194 0.0135992
35.88 -0.0558783 0.0144554
36 -0.0530024 0.0151647
36.12 -0.0500967 0.0157311
36.24 -0.0471665 0.0161593
36.36 -0.0442173 0.0164542
36.48 -0.0412545 0.0166209
36.6 -0.0382841 0.016665
36.72 -0.0353119 0.0165921
36.84 -0.032344 0.0164081
36.96 -0.0293866 0.0161191
37.08 -0.0264461 0.0157315
37.2 -0.0235288 0.0152517
37.32 -0.0206414 0.0146863
37.44 -0.0177903 0.0140419
37.56 -0.0149822 0.0133253
37.68 -0.0122234 0.0125432
37.8 -0.00952061 0.0117025
37.92 -0.00688011 0.01081
38.04 -0.0043082 0.00987244
38.16 -0.00181099 0.00889645
38.28 0.000605614 0.00788863
38.4 0.00293591 0.00685546
38.52 0.00517448 0.00580322
38.64 0.00731619 0.00473807
38.76 0.00935624 0.0036659
38.88 0.0112902 0.00259243
39 0.0131139 0.00152309
39.12 0.0148238 0.000463052
39.24 0.0164166 -0.000582809
39.36 0.0178895 -0.00160993
39.48 0.0192402 -0.00261406
39.6 0.0204668 -0.00359132
39.72 0.0215679 -0.00453815
39.84 0.0225427 -0.00545137
39.96 0.0233907 -0.00632815
40.08 0.024112 -0.00716606
40.2 0.0247071 -0.00796302
40.32 0.0251772 -0.00871733
40.44 0.0255236 -0.00942764
40.56 0.0257485 -0.010093
40.68 0.025854 -0.0107128
40.8 0.0258432 -0.0112867
40.92 0.0257191 -0.0118148
41.04 0.0254854 -0.0122975
41.16 0.025146 -0.0127354
41.28 0.0247051 -0.0131294
41.4 0.0241672 -0.0134808
41.52 0.0235373 -0.013791
41.64 0.0228202 -0.0140616
41.76 0.0220213 -0.0142945
41.88 0.0211459 -0.0144916
42 0.0201996 -0.014655
42.12 0.0191881 -0.014787
42.24 0.018117 -0.0148899
42.36 0.0169923 -0.0149661
42.48 0.0158195 -0.0150179
42.6 0.0146046 -0.0150477
42.72 0.0133534 -0.015058
42.84 0.0120713 -0.0150511
42.96 0.0107641 -0.0150292
43.08 0.00943727 -0.0149947
43.2 0.00809606 -0.0149494
43.32 0.00674569 -0.0148955
43.44 0.00539116 -0.0148348
43.56 0.00403729 -0.014769
43.68 0.00268869 -0.0146996
43.8 0.00134974 -0.014628
43.92 2.46223e-05 -0.0145554
44.04 -0.00128275 -0.0144828
44.16 -0.00256871 -0.0144111
44.28 -0.0038298 -0.0143408
44.4 -0.00506288 -0.0142725
44.52 -0.00626502 -0.0142065
44.64 -0.00743356 -0.014143
44.76 -0.0085661 -0.0140817
44.88 -0.00966051 -0.0140227
45 -0.0107149 -0.0139655
45.12 -0.0117276 -0.0139096
45.24 -0.0126972 -0.0138545
45.36 -0.0136227 -0.0137995
45.48 -0.0145029 -0.0137437
45.6 -0.0153373 -0.0136862
45.72 -0.0161254 -0.0136262
45.84 -0.0168667 -0.0135626
45.96 -0.0175614 -0.0134945
46.08 -0.0182094 -0.0134207
46.2 -0.018811 -0.0133402
46.32 -0.0193667 -0.013252
46.44 -0.019877 -0.013155
46.56 -0.0203427 -0.0130484
46.68 -0.0207647 -0.0129312
46.8 -0.021144 -0.0128026
46.92 -0.0214816 -0.0126617
47.04 -0.0217788 -0.012508
47.16 -0.0220369 -0.0123408
47.28 -0.0222573 -0.0121596
47.4 -0.0224414 -0.011964
47.52 -0.0225909 -0.0117538
47.64 -0.0227073 -0.0115288
47.76 -0.0227922 -0.0112889
47.88 -0.0228473 -0.0110342
48 -0.0228743 -0.0107649
48.12 -0.022875 -0.0104813
48.24 -0.0228511 -0.0101837
48.36 -0.0228042 -0.00987264
48.48 -0.0227363 -0.00954871
48.6 -0.0226489 -0.00921256
48.72 -0.0225438 -0.00886498
48.84 -0.0224228 -0.00850677
48.96 -0.0222874 -0.00813884
49.08 -0.0221392 -0.00776215
49.2 -0.0219799 -0.00737768
49.32 -0.0218109 -0.00698647
49.44 -0.0216338 -0.0065896
49.56 -0.0214498 -0.00618813
49.68 -0.0212605 -0.00578317
49.8 -0.0210669 -0.00537581
49.92 -0.0208704 -0.00496713
50.04 -0.020672 -0.00455819
50.16 -0.0204727 -0.00415004
50.28 -0.0202736 -0.00374369
50.4 -0.0200753 -0.00334012
50.52 -0.0198788 -0.00294025
50.64 -0.0196846 -0.00254496
50.76 -0.0194934 -0.00215509
50.88 -0.0193055 -0.00177141
51 -0.0191215 -0.00139463
51.12 -0.0189415 -0.0010254
51.24 -0.0187657 -0.000664313
51.36 -0.0185943 -0.000311904
51.48 -0.0184272 3.13622e-05
51.6 -0.0182645 0.000365078
51.72 -0.0181057 0.000688894
51.84 -0.0179509 0.00100252
51.96 -0.0177995 0.00130572
52.08 -0.0176512 0.0015983
52.2 -0.0175056 0.00188013
52.32 -0.017362 0.00215112
52.44 -0.01722 0.0024112
52.56 -0.0170788 0.00266036
52.68 -0.0169377 0.00289862
52.8 -0.0167962 0.00312602
52.92 -0.0166533 0.00334262
53.04 -0.0165083 0.00354852
53.16 -0.0163605 0.00374381
53.28 -0.016209 0.00392862
53.4 -0.0160531 0.00410308
53.52 -0.0158919 0.00426733
53.64 -0.0157248 0.00442151
53.76 -0.015551 0.00456578
53.88 -0.0153697 0.00470028
54 -0.0151804 0.00482518
54.12 -0.0149824 0.00494063
54.24 -0.0147751 0.00504679
54.36 -0.0145581 0.00514382
54.48 -0.014331 0.0052319
54.6 -0.0140933 0.00531118
54.72 -0.0138447 0.00538184
54.84 -0.0135852 0.00544407
54.96 -0.0133145 0.00549805
55.08 -0.0130326 0.00554399
55.2 -0.0127396 0.0055821
55.32 -0.0124355 0.00561262
55.44 -0.0121207 0.00563578
55.56 -0.0117955 0.00565186
55.68 -0.0114601 0.00566115
55.8 -0.0111152 0.00566397
55.92 -0.0107613 0.00566064
56.04 -0.0103991 0.00565154
56.16 -0.0100292 0.00563706
56.28 -0.00965241 0.00561762
56.4 -0.00926967 0.00559368
56.52 -0.00888186 0.00556571
56.64 -0.00848994 0.00553423
56.76 -0.00809491 0.00549976
56.88 -0.00769784 0.00546288
57 -0.00729979 0.00542416
57.12 -0.00690185 0.00538422
57.24 -0.00650514 0.00534367
57.36 -0.00611077 0.00530316
57.48 -0.00571983 0.00526333
57.6 -0.00533341 0.00522485
57.72 -0.00495258 0.00518836
57.84 -0.00457837 0.00515453
57.96 -0.00421175 0.005124
58.08 -0.00385368 0.00509741
58.2 -0.00350502 0.00507535
58.32 -0.00316659 0.00505843
58.44 -0.00283912 0.0050472
58.56 -0.00252327 0.00504217
58.68 -0.00221961 0.00504381
58.8 -0.00192862 0.00505257
58.92 -0.00165068 0.00506881
59.04 -0.00138606 0.00509284
59.16 -0.00113496 0.00512493
59.28 -0.000897432 0.00516524
59.4 -0.000673447 0.00521391
59.52 -0.00046286 0.00527096
59.64 -0.00026542 0.00533636
59.76 -8.0772e-05 0.00540999
59.88 9.15454e-05 0.00549167
60 0.000252091 0.0055811
60.12 0.000401522 0.00567793
60.24 0.000540583 0.00578173
60.36 0.000670106 0.00589198
60.48 0.000791 0.00600808
60.6 0.000904245 0.00612937
60.72 0.00101088 0.0062551
60.84 0.00111201 0.00638448
60.96 0.00120876 0.00651664
61.08 0.00130232 0.00665066
61.2 0.00139387 0.00678556
61.32 0.00148464 0.00692035
61.44 0.00157582 0.00705395
61.56 0.00166863 0.0071853
61.68 0.00176426 0.00731329
61.8 0.00186384 0.00743681
61.92 0.0019685 0.00755474
62.04 0.00207929 0.00766597
62.16 0.00219722 0.00776937
62.28 0.00232319 0.00786388
62.4 0.00245806 0.00794842
62.52 0.00260257 0.00802198
62.64 0.00275738 0.00808358
62.76 0.00292304 0.00813227
62.88 0.00309998 0.0081672
63 0.00328852 0.00818756
63.12 0.00348885 0.0081926
63.24 0.00370105 0.00818167
63.36 0.00392506 0.0081542
63.48 0.0041607 0.00810968
63.6 0.00440766 0.00804772
63.72 0.00466551 0.00796802
63.84 0.00493367 0.00787036
63.96 0.00521148 0.00775464
64.08 0.00549813 0.00762083
64.2 0.00579271 0.00746903
64.32 0.00609422 0.00729942
64.44 0.00640154 0.0071123
64.56 0.00671349 0.00690804
64.68 0.0070288 0.00668714
64.8 0.00734613 0.00645015
64.92 0.00766409 0.00619774
65.04 0.00798125 0.00593065
65.16 0.00829614 0.00564972
65.28 0.00860726 0.00535585
65.4 0.00891314 0.00504999
65.52 0.00921228 0.00473319
65.64 0.00950322 0.00440654
65.76 0.00978452 0.00407118
65.88 0.0100548 0.00372829
66 0.0103127 0.00337909
66.12 0.010557 0.00302483
66.24 0.0107864 0.00266677
66.36 0.0109999 0.00230621
66.48 0.0111965 0.00194443
66.6 0.0113752 0.00158271
66.72 0.0115354 0.00122233
66.84 0.0116762 0.000864548
66.96 0.0117972 0.000510603
67.08 0.011898 0.000161695
67.2 0.0119783 -0.00018101
67.32 0.0120379 -0.000516392
67.44 0.0120767 -0.000843383
67.56 0.012095 -0.00116097
67.68 0.0120929 -0.00146821
67.8 0.0120709 -0.00176421
67.92 0.0120293 -0.00204817
68.04 0.0119687 -0.00231936
68.16 0.0118898 -0.00257714
68.28 0.0117935 -0.00282092
68.4 0.0116805 -0.00305024
68.52 0.0115518 -0.00326471
68.64 0.0114084 -0.00346403
68.76 0.0112513 -0.00364799
68.88 0.0110816 -0.0038165
69 0.0109004 -0.00396952
69.12 0.0107088 -0.00410713
69.24 0.0105078 -0.00422951
69.36 0.0102986 -0.00433692
69.48 0.0100822 -0.0044297
69.6 0.00985966 -0.0045083
69.72 0.00963184 -0.00457323
69.84 0.00939964 -0.0046251
69.96 0.00916387 -0.00466457
70.08 0.00892522 -0.0046924
70.2 0.00868429 -0.00470941
70.32 0.00844159 -0.00471646
70.44 0.00819748 -0.00471449
70.56 0.00795224 -0.00470449
70.68 0.007706 -0.00468746
70.8 0.00745876 -0.00466447
70.92 0.00721039 -0.0046366
71.04 0.00696066 -0.00460495
71.16 0.00670918 -0.00457065
71.28 0.00645545 -0.00453482
71.4 0.00619883 -0.00449857
71.52 0.0059386 -0.00446301
71.64 0.00567391 -0.00442923
71.76 0.00540381 -0.00439828
71.88 0.00512726 -0.0043712
72 0.00484316 -0.00434897
72.12 0.00455032 -0.0043325
72.24 0.00424751 -0.00432268
72.36 0.00393344 -0.00432031
72.48 0.00360682 -0.00432614
72.6 0.00326632 -0.00434081
72.72 0.00291063 -0.00436491
72.84 0.00253844 -0.00439892
72.96 0.00214848 -0.00444324
73.08 0.00173952 -0.00449819
73.2 0.00131039 -0.00456396
73.32 0.000859994 -0.00464066
73.44 0.000387318 -0.00472831
73.56 -0.000108554 -0.0048268
73.68 -0.000628427 -0.00493597
73.8 -0.00117299 -0.0050555
73.92 -0.0017428 -0.00518504
74.04 -0.00233827 -0.0053241
74.16 -0.00295968 -0.00547213
74.28 -0.00360716 -0.00562849
74.4 -0.00428067 -0.00579248
74.52 -0.00498002 -0.00596331
74.64 -0.00570487 -0.00614015
74.76 -0.0064547 -0.00632212
74.88 -0.00722883 -0.00650828
75 -0.00802644 -0.00669768
75.12 -0.00884653 -0.00688935
75.24 -0.00968796 -0.00708228
75.36 -0.0105494 -0.00727551
75.48 -0.0114296 -0.00746805
75.6 -0.0123267 -0.00765896
75.72 -0.0132392 -0.00784731
75.84 -0.0141653 -0.00803225
75.96 -0.0151029 -0.00821294
76.08 -0.0160502 -0.00838866
76.2 -0.0170049 -0.00855872
76.32 -0.0179649 -0.00872254
76.44 -0.0189278 -0.00887963
76.56 -0.0198914 -0.00902958
76.68 -0.0208532 -0.00917212
76.8 -0.0218108 -0.00930706
76.92 -0.0227616 -0.00943433
77.04 -0.0237032 -0.00955399
77.16 -0.0246329 -0.0096662
77.28 -0.0255482 -0.00977124
77.4 -0.0264465 -0.0098695
77.52 -0.0273252 -0.0099615
77.64 -0.0281816 -0.0100478
77.76 -0.0290132 -0.0101292
77.88 -0.0298172 -0.0102064
78 -0.0305912 -0.0102802
78.12 -0.0313324 -0.0103517
78.24 -0.0320382 -0.0104218
78.36 -0.0327061 -0.0104915
78.48 -0.0333334 -0.0105619
78.6 -0.0339175 -0.0106341
78.72 -0.0344558 -0.010709
78.84 -0.0349458 -0.0107877
78.96 -0.0353847 -0.0108711
79.08 -0.0357702 -0.0109603
79.2 -0.0360996 -0.0110559
79.32 -0.0363703 -0.0111588
79.44 -0.0365799 -0.0112696
79.56 -0.0367258 -0.0113887
79.68 -0.0368056 -0.0115165
79.8 -0.0368168 -0.0116531
79.92 -0.036757 -0.0117985
80.04 -0.036624 -0.0119526
80.16 -0.0364153 -0.0121149
80.28 -0.036129 -0.0122849
80.4 -0.0357628 -0.0124618
80.52 -0.0353148 -0.0126445
80.64 -0.0347832 -0.0128318
80.76 -0.0341662 -0.0130223
80.88 -0.0334624 -0.0132143
81 -0.0326703 -0.0134059
81.12 -0.0317888 -0.0135952
81.24 -0.0308171 -0.01378
81.36 -0.0297546 -0.0139578
81.48 -0.0286008 -0.0141263
81.6 -0.0273557 -0.0142827
81.72 -0.0260197 -0.0144245
81.84 -0.0245934 -0.0145488
81.96 -0.0230777 -0.0146529
82.08 -0.0214742 -0.014734
82.2 -0.0197847 -0.0147893
82.32 -0.0180114 -0.0148162
82.44 -0.0161572 -0.0148122
82.56 -0.0142252 -0.0147747
82.68 -0.0122192 -0.0147017
82.8 -0.0101433 -0.014591
82.92 -0.00800232 -0.0144409
83.04 -0.00580132 -0.01425
83.16 -0.00354602 -0.0140171
83.28 -0.0012426 -0.0137415
83.4 0.00110229 -0.0134228
83.52 0.00348157 -0.013061
83.64 0.00588768 -0.0126566
83.76 0.00831266 -0.0122107
83.88 0.0107482 -0.0117246
84 0.0131855 -0.0112004
84.12 0.0156158 -0.0106405
84.24 0.0180296 -0.0100479
84.36 0.0204175 -0.00942604
84.48 0.0227699 -0.00877905
84.6 0.0250769 -0.0081114
84.72 0.0273289 -0.00742808
84.84 0.029516 -0.00673455
84.96 0.0316286 -0.00603669
85.08 0.033657 -0.00534078
85.2 0.0355919 -0.00465344
85.32 0.0374243 -0.0039816
85.44 0.0391456 -0.00333247
85.56 0.0407473 -0.00271341
85.68 0.0422218 -0.00213197
85.8 0.043562 -0.00159573
85.92 0.0447611 -0.0011123
86.04 0.0458135 -0.000689218
86.16 0.046714 -0.000333858
86.28 0.0474584 -5.33888e-05
86.4 0.0480432 0.000145327
86.52 0.0484661 0.000255808
86.64 0.0487254 0.000272031
86.76 0.0488206 0.000188513
86.88 0.0487523 3.85684e-07
87 0.048522 -0.000296526
87.12 0.0481322 -0.000705637
87.24 0.0475865 -0.00122953
87.36 0.0468897 -0.00186989
87.48 0.0460474 -0.00262747
87.6 0.0450663 -0.00350198
87.72 0.0439542 -0.00449213
87.84 0.0427196 -0.00559552
87.96 0.041372 -0.00680864
88.08 0.0399218 -0.00812683
88.2 0.03838 -0.00954433
88.32 0.0367584 -0.0110542
88.44 0.0350694 -0.0126483
88.56 0.0333259 -0.0143176
88.68 0.0315411 -0.0160517
88.8 0.0297287 -0.0178393
88.92 0.0279026 -0.019668
89.04 0.0260765 -0.0215247
89.16 0.0242645 -0.0233951
89.28 0.0224803 -0.0252644
89.4 0.0207375 -0.0271168
89.52 0.0190494 -0.0289363
89.64 0.0174285 -0.0307059
89.76 0.015887 -0.0324088
89.88 0.0144364 -0.0340274
90 0.0130873 -0.0355442
90.12 0.0118494 -0.0369418
90.24 0.0107315 -0.0382027
90.36 0.00974119 -0.0393099
90.48 0.00888491 -0.0402465
90.6 0.00816791 -0.0409965
90.72 0.0075941 -0.0415444
90.84 0.00716606 -0.0418755
90.96 0.00688495 -0.0419761
91.08 0.0067505 -0.0418335
91.2 0.00676101 -0.0414365
91.32 0.00691332 -0.0407748
91.44 0.00720282 -0.0398399
91.56 0.00762349 -0.0386247
91.68 0.00816789 -0.0371238
91.8 0.00882726 -0.0353333
91.92 0.00959152 -0.0332513
92.04 0.0104494 -0.0308777
92.16 0.0113884 -0.0282142
92.28 0.0123951 -0.0252646
92.4 0.013455 -0.0220343
92.52 0.0145528 -0.0185309
92.64 0.0156725 -0.0147638
92.76 0.0167976 -0.0107444
92.88 0.0179109 -0.00648569
93 0.018995 -0.00200265
93.12 0.0200325 0.00268813
93.24 0.0210056 0.00756843
93.36 0.021897 0.0126185
93.48 0.0226893 0.0178172
93.6 0.0233659 0.0231422
93.72 0.0239104 0.02857
93.84 0.0243075 0.0340759
93.96 0.0245424 0.0396348
94.08 0.0246014 0.0452205
94.2 0.024472 0.0508067
94.32 0.0241428 0.0563664
94.44 0.0236039 0.0618727
94.56 0.0228467 0.0672987
94.68 0.0218641 0.0726178
94.8 0.0206507 0.0778037
94.92 0.0192028 0.0828306
95.04 0.0175184 0.0876736
95.16 0.015597 0.0923087
95.28 0.0134402 0.096713
95.4 0.0110513 0.100865
95.52 0.00843527 0.104744
95.64 0.0055989 0.108331
95.76 0.00255069 0.111609
95.88 -0.000699191 0.114564
96 -0.00413899 0.11718
96.12 -0.00775542 0.119447
96.24 -0.0115338 0.121355
96.36 -0.015458 0.122895
96.48 -0.0195108 0.124064
96.6 -0.0236739 0.124856
96.72 -0.0279279 0.125271
96.84 -0.0322526 0.125309
96.96 -0.0366274 0.124972
97.08 -0.0410307 0.124265
97.2 -0.0454409 0.123195
97.32 -0.049836 0.12177
97.44 -0.0541941 0.119999
97.56 -0.0584932 0.117895
97.68 -0.0627116 0.11547
97.8 -0.0668282 0.112739
97.92 -0.0708222 0.109717
98.04 -0.0746736 0.10642
98.16 -0.0783633 0.102868
98.28 -0.081873 0.099078
98.4 -0.0851857 0.095069
98.52 -0.0882854 0.0908606
98.64 -0.0911575 0.0864726
98.76 -0.0937886 0.081925
98.88 -0.096167 0.0772375
99 -0.0982821 0.0724301
99.12 -0.100125 0.0675219
99.24 -0.101689 0.062532
99.36 -0.102969 0.0574788
99.48 -0.103959 0.0523799
99.6 -0.104658 0.0472523
99.72 -0.105065 0.0421118
99.84 -0.105181 0.0369735
99.96 -0.105007 0.0318514
100.08 -0.104547 0.0267584
100.2 -0.103807 0.0217061
100.32 -0.102792 0.0167054
100.44 -0.10151 0.0117655
100.56 -0.0999687 0.00689479
100.68 -0.0981784 0.00210053
100.8 -0.096149 -0.00261119
100.92 -0.0938917 -0.00723528
101.04 -0.0914182 -0.0117676
101.16 -0.0887407 -0.016205
101.28 -0.0858718 -0.0205449
101.4 -0.0828243 -0.0247857
101.52 -0.0796114 -0.0289262
101.64 -0.076246 -0.0329658
101.76 -0.0727412 -0.0369042
101.88 -0.0691097 -0.0407415
102 -0.065364 -0.0444777
102.12 -0.0615163 -0.0481129
102.24 -0.0575782 -0.0516473
102.36 -0.0535608 -0.0550806
102.48 -0.0494747 -0.0584122
102.6 -0.0453297 -0.0616412
102.72 -0.0411349 -0.0647659
102.84 -0.0368989 -0.0677842
102.96 -0.0326293 -0.0706931
103.08 -0.028333 -0.0734889
103.2 -0.0240162 -0.0761671
103.32 -0.0196844 -0.0787222
103.44 -0.0153422 -0.0811479
103.56 -0.0109937 -0.0834368
103.68 -0.00664243 -0.0855808
103.8 -0.00229114 -0.0875707
103.92 0.00205777 -0.0893965
104.04 0.00640237 -0.0910476
104.16 0.0107411 -0.0925124
104.28 0.0150725 -0.0937787
104.4 0.0193956 -0.0948339
104.52 0.0237092 -0.0956648
104.64 0.0280122 -0.096258
104.76 0.0323033 -0.0965999
104.88 0.0365812 -0.0966769
105 0.040844 -0.0964756
105.12 0.0450895 -0.0959828
105.24 0.049315 -0.0951859
105.36 0.0535174 -0.094073
105.48 0.0576925 -0.0926329
105.6 0.0618359 -0.0908555
105.72 0.0659421 -0.088732
105.84 0.0700047 -0.0862548
105.96 0.0740166 -0.0834181
106.08 0.0779698 -0.0802174
106.2 0.0818552 -0.0766506
106.32 0.0856629 -0.0727171
106.44 0.0893821 -0.0684186
106.56 0.0930011 -0.063759
106.68 0.0965073 -0.0587446
106.8 0.0998872 -0.0533839
106.92 0.103127 -0.0476878
107.04 0.106211 -0.04167
107.16 0.109125 -0.0353461
107.28 0.111852 -0.0287345
107.4 0.114377 -0.021856
107.52 0.116682 -0.0147335
107.64 0.118752 -0.00739223
107.76 0.120568 0.000140365
107.88 0.122116 0.00783498
108 0.123379 0.0156604
108.12 0.124341 0.0235839
108.24 0.124987 0.0315712
108.36 0.125303 0.0395867
108.48 0.125275 0.047594
108.6 0.124892 0.055556
108.72 0.124142 0.0634348
108.84 0.123016 0.0711927
108.96 0.121505 0.0787917
109.08 0.119604 0.0861945
109.2 0.117307 0.0933644
109.32 0.114613 0.100265
109.44 0.111521 0.106863
109.56 0.108031 0.113124
109.68 0.104149 0.119018
109.8 0.0998804 0.124515
109.92 0.095233 0.129589
110.04 0.0902179 0.134215
110.16 0.0848482 0.138372
110.28 0.0791394 0.142042
110.4 0.0731093 0.14521
110.52 0.0667779 0.147863
110.64 0.0601677 0.149995
110.76 0.0533031 0.1516
110.88 0.0462107 0.152677
111 0.038919 0.153229
111.12 0.0314583 0.153263
111.24 0.0238608 0.152789
111.36 0.0161599 0.15182
111.48 0.00839046 0.150376
111.6 0.000588607 0.148476
111.72 -0.00720869 0.146145
111.84 -0.0149637 0.143412
111.96 -0.0226381 0.140305
112.08 -0.0301934 0.13686
112.2 -0.037591 0.133111
112.32 -0.0447922 0.129097
112.44 -0.0517592 0.124858
112.56 -0.0584543 0.120435
112.68 -0.0648412 0.115872
112.8 -0.0708844 0.111212
112.92 -0.0765497 0.1065
113.04 -0.0818046 0.10178
113.16 -0.0866185 0.0970974
113.28 -0.0909625 0.0924952
113.4 -0.0948101 0.0880168
113.52 -0.098137 0.0837038
113.64 -0.100922 0.0795963
113.76 -0.103145 0.0757326
113.88 -0.104791 0.0721483
114 -0.105846 0.0688767
114.12 -0.1063 0.065948
114.24 -0.106146 0.0633895
114.36 -0.10538 0.0612246
114.48 -0.104001 0.0594736
114.6 -0.102013 0.0581526
114.72 -0.0994195 0.0572738
114.84 -0.096231 0.0568455
114.96 -0.0924592 0.0568716
115.08 -0.0881194 0.057352
115.2 -0.08323 0.058282
115.32 -0.0778121 0.0596531
115.44 -0.0718898 0.0614524
115.56 -0.0654898 0.063663
115.68 -0.0586414 0.0662641
115.8 -0.0513761 0.069231
115.92 -0.0437277 0.0725357
116.04 -0.0357319 0.0761467
116.16 -0.0274262 0.0800293
116.28 -0.0188499 0.0841461
116.4 -0.0100431 0.0884574
116.52 -0.00104746 0.0929211
116.64 0.00809467 0.0974933
116.76 0.0173403 0.102129
116.88 0.0266461 0.106781
117 0.0359685 0.111404
117.12 0.0452641 0.115949
117.24 0.0544898 0.12037
117.36 0.0636033 0.12462
117.48 0.0725627 0.128653
117.6 0.0813274 0.132424
117.72 0.089858 0.135892
117.84 0.0981166 0.139015
117.96 0.106067 0.141755
118.08 0.113674 0.144076
118.2 0.120906 0.145945
118.32 0.127732 0.147334
118.44 0.134123 0.148217
118.56 0.140055 0.14857
118.68 0.145504 0.148377
118.8 0.15045 0.147623
118.92 0.154873 0.146298
119.04 0.15876 0.144397
119.16 0.162097 0.141918
119.28 0.164874 0.138865
119.4 0.167086 0.135245
119.52 0.168727 0.131069
119.64 0.169797 0.126354
119.76 0.170296 0.12112
119.88 0.170228 0.11539
120 0.1696 0.109192
