-0.999 -0.000150479 3.41649e-06
-0.998 -0.000522867 6.96875e-05
-0.997 -0.00100622 0.000248216
-0.996 -0.00165184 0.000511169
-0.995 -0.00275479 0.000757077
-0.994 -0.00471941 0.000884313
-0.993 -0.00776089 0.000853286
-0.992 -0.0116056 0.000740326
-0.991 -0.015403 0.000714473
-0.99 -0.0180677 0.000897422
-0.989 -0.01883 0.00128114
-0.988 -0.0176793 0.00169738
-0.987 -0.0156723 0.00176604
-0.986 -0.0146309 0.00107976
-0.985 -0.0163246 -0.000510314
-0.984 -0.0215123 -0.00281953
-0.983 -0.0293519 -0.00534741
-0.982 -0.0375721 -0.00727326
-0.981 -0.0432967 -0.00785049
-0.98 -0.0447889 -0.00678853
-0.979 -0.042251 -0.00429138
-0.978 -0.0382312 -0.00107843
-0.977 -0.037052 0.00185633
-0.976 -0.0428428 0.0034231
-0.975 -0.0574503 0.0028501
-0.974 -0.0791497 -4.61354e-05
-0.973 -0.103136 -0.00483257
-0.972 -0.122963 -0.0107699
-0.971 -0.133386 -0.0170795
-0.97 -0.132753 -0.0229723
-0.969 -0.124431 -0.0279361
-0.968 -0.115237 -0.0315345
-0.967 -0.112087 -0.0332177
-0.966 -0.119833 -0.0324586
-0.965 -0.137848 -0.0287914
-0.964 -0.159745 -0.0218477
-0.963 -0.176378 -0.0114094
-0.962 -0.179819 0.00212676
-0.961 -0.167467 0.0181548
-0.96 -0.144538 0.0357925
-0.959 -0.122293 0.0540199
-0.958 -0.113854 0.0725529
-0.957 -0.128624 0.0913803
-0.956 -0.167504 0.109737
-0.955 -0.221227 0.126081
-0.954 -0.272956 0.138166
-0.953 -0.306705 0.142481
-0.952 -0.313292 0.134719
-0.951 -0.294508 0.111628
-0.95 -0.264256 0.0727642
-0.949 -0.244031 0.0206816
-0.948 -0.252479 -0.0382882
-0.947 -0.296675 -0.0951013
-0.946 -0.367618 -0.140505
-0.945 -0.444214 -0.16809
-0.944 -0.501069 -0.17614
-0.943 -0.515423 -0.167542
-0.942 -0.480847 -0.1489
-0.941 -0.414415 -0.127191
-0.94 -0.348527 -0.106757
-0.939 -0.317379 -0.0870821
-0.938 -0.344652 -0.0630771
-0.937 -0.431702 -0.0270362
-0.936 -0.556526 0.0279961
-0.935 -0.679589 0.103401
-0.934 -0.760043 0.192019
-0.933 -0.771074 0.279746
-0.932 -0.711801 0.349557
-0.931 -0.61123 0.384747
-0.93 -0.514762 0.375242
-0.929 -0.468181 0.323643
-0.928 -0.497527 0.241581
-0.927 -0.598755 0.146982
-0.926 -0.735394 0.0597225
-0.925 -0.852988 -0.00714801
-0.924 -0.903577 -0.0496259
-0.923 -0.86343 -0.0736303
-0.922 -0.743171 -0.0899286
-0.921 -0.586036 -0.110373
-0.92 -0.452014 -0.143009
-0.919 -0.393143 -0.185133
-0.918 -0.434501 -0.225341
-0.917 -0.562918 -0.247518
-0.916 -0.729999 -0.235324
-0.915 -0.873051 -0.181538
-0.914 -0.940066 -0.0900205
-0.913 -0.906433 0.0237826
-0.912 -0.790242 0.136824
-0.911 -0.641128 0.229264
-0.91 -0.519205 0.286352
-0.909 -0.47153 0.30242
-0.908 -0.518337 0.284442
-0.907 -0.642084 0.24637
-0.906 -0.791096 0.202078
-0.905 -0.911632 0.160139
-0.904 -0.965562 0.124591
-0.903 -0.94568 0.0926968
-0.902 -0.876518 0.0581411
-0.901 -0.803463 0.0185845
-0.9 -0.779592 -0.0248638
-0.899 -0.837377 -0.0673428
-0.898 -0.977505 -0.100085
-0.897 -1.17332 -0.116413
-0.896 -1.38002 -0.115417
-0.895 -1.55461 -0.10033
-0.894 -1.67078 -0.0746813
-0.893 -1.72805 -0.0401716
-0.892 -1.74662 0.00243743
-0.891 -1.75228 0.0557404
-0.89 -1.76399 0.125262
-0.889 -1.78941 0.215412
-0.888 -1.81093 0.318543
-0.887 -1.80195 0.416053
-0.886 -1.74521 0.483056
-0.885 -1.64234 0.498048
-0.884 -1.51512 0.450058
-0.883 -1.40008 0.341762
-0.882 -1.33413 0.197788
-0.881 -1.33195 0.0539626
-0.88 -1.3839 -0.0553418
-0.879 -1.45914 -0.106728
-0.878 -1.52531 -0.0970764
-0.877 -1.55416 -0.0503867
-0.876 -1.5484 -0.00678495
-0.875 -1.54409 -0.00347445
-0.874 -1.58643 -0.0618083
-0.873 -1.71884 -0.174
-0.872 -1.95949 -0.303725
-0.871 -2.27612 -0.394047
-0.87 -2.60317 -0.387096
-0.869 -2.85306 -0.256421
-0.868 -2.95374 -0.0116546
-0.867 -2.88445 0.30187
-0.866 -2.67115 0.605313
-0.865 -2.39166 0.816807
-0.864 -2.14712 0.880879
-0.863 -2.01564 0.792106
-0.862 -2.02687 0.593396
-0.861 -2.15 0.363505
-0.86 -2.28856 0.189326
-0.859 -2.33512 0.133472
-0.858 -2.21974 0.209829
-0.857 -1.93082 0.373995
-0.856 -1.53194 0.542806
-0.855 -1.14501 0.622048
-0.854 -0.899084 0.549987
-0.853 -0.875714 0.319421
-0.852 -1.09551 -0.0145868
-0.851 -1.49382 -0.347155
-0.85 -1.94852 -0.570024
-0.849 -2.33098 -0.608927
-0.848 -2.54358 -0.453923
-0.847 -2.56876 -0.158738
-0.846 -2.47488 0.170812
-0.845 -2.38265 0.407997
-0.844 -2.40663 0.464912
-0.843 -2.62247 0.316481
-0.842 -3.01228 0.00826975
-0.841 -3.48238 -0.360083
-0.84 -3.9018 -0.674171
-0.839 -4.15192 -0.830955
-0.838 -4.174 -0.794625
-0.837 -3.98192 -0.603072
-0.836 -3.66852 -0.337672
-0.835 -3.34854 -0.101191
-0.834 -3.12015 0.0230051
-0.833 -3.03449 0.00948278
-0.832 -3.07114 -0.102172
-0.831 -3.15931 -0.228606
-0.83 -3.21016 -0.273905
-0.829 -3.17706 -0.16673
-0.828 -3.06571 0.109812
-0.827 -2.93418 0.51233
-0.826 -2.86794 0.939913
-0.825 -2.93011 1.27368
-0.824 -3.15386 1.43059
-0.823 -3.49958 1.37512
-0.822 -3.87276 1.1322
-0.821 -4.17728 0.76918
-0.82 -4.35279 0.376547
-0.819 -4.40204 0.0316869
-0.818 -4.39195 -0.232076
-0.817 -4.41212 -0.422088
-0.816 -4.53448 -0.572977
-0.815 -4.7746 -0.713765
-0.814 -5.06879 -0.856163
-0.813 -5.29093 -0.987207
-0.812 -5.30863 -1.0647
-0.811 -5.06127 -1.03302
-0.81 -4.57505 -0.859265
-0.809 -3.97731 -0.546928
-0.808 -3.46375 -0.132283
-0.807 -3.21318 0.323529
-0.806 -3.32181 0.749337
-0.805 -3.74466 1.09228
-0.804 -4.31204 1.33809
-0.803 -4.80938 1.49682
-0.802 -5.03914 1.59357
-0.801 -4.90602 1.64732
-0.8 -4.48252 1.65242
-0.799 -3.96087 1.57022
-0.798 -3.60769 1.34905
-0.797 -3.65027 0.955039
-0.796 -4.15601 0.391449
-0.795 -5.01682 -0.280138
-0.794 -5.97751 -0.948062
-0.793 -6.70838 -1.47959
-0.792 -6.94835 -1.76177
-0.791 -6.61183 -1.74427
-0.79 -5.82094 -1.44925
-0.789 -4.86618 -0.9664
-0.788 -4.09511 -0.437426
-0.787 -3.80352 -0.00365134
-0.786 -4.10994 0.248985
-0.785 -4.88669 0.321632
-0.784 -5.8277 0.300033
-0.783 -6.56461 0.299619
-0.782 -6.80177 0.426296
-0.781 -6.43472 0.718015
-0.78 -5.59185 1.11522
-0.779 -4.58835 1.48472
-0.778 -3.80542 1.6423
-0.777 -3.55548 1.43538
-0.776 -3.9376 0.816961
-0.775 -4.81916 -0.136699
-0.774 -5.88849 -1.23099
-0.773 -6.76956 -2.21005
-0.772 -7.17412 -2.83136
-0.771 -6.98732 -2.95019
-0.77 -6.32601 -2.56765
-0.769 -5.49805 -1.83098
-0.768 -4.85911 -0.976808
-0.767 -4.69693 -0.246981
-0.766 -5.11848 0.190696
-0.765 -6.00476 0.29722
-0.764 -7.07463 0.168121
-0.763 -7.99152 -0.00444432
-0.762 -8.4998 -0.010444
-0.761 -8.49631 0.291428
-0.76 -8.06117 0.903062
-0.759 -7.39529 1.69401
-0.758 -6.74557 2.43708
-0.757 -6.33126 2.87361
-0.756 -6.21928 2.82777
-0.755 -6.3512 2.26797
-0.754 -6.57787 1.30336
-0.753 -6.71668 0.199393
-0.752 -6.68351 -0.734006
-0.751 -6.4513 -1.25149
-0.75 -6.10429 -1.22308
-0.749 -5.80316 -0.700832
-0.748 -5.65631 0.105673
-0.747 -5.73537 0.911927
-0.746 -6.02979 1.44087
-0.745 -6.48806 1.51399
-0.744 -7.0445 1.13577
-0.743 -7.62956 0.467149
-0.742 -8.23486 -0.25326
-0.741 -8.88335 -0.776102
-0.74 -9.58909 -0.933147
-0.739 -10.3065 -0.686588
-0.738 -10.9122 -0.164894
-0.737 -11.259 0.400456
-0.736 -11.2103 0.785874
-0.735 -10.7236 0.80878
-0.734 -9.86366 0.433477
-0.733 -8.82625 -0.217791
-0.732 -7.88245 -0.921672
-0.731 -7.26242 -1.40831
-0.73 -7.07645 -1.46926
-0.729 -7.27687 -1.02487
-0.728 -7.66297 -0.127678
-0.727 -7.93879 1.02828
-0.726 -7.87531 2.14392
-0.725 -7.38522 2.95098
-0.724 -6.58125 3.27444
-0.723 -5.776 3.0808
-0.722 -5.38262 2.47702
-0.721 -5.73809 1.66426
-0.72 -6.92133 0.872316
-0.719 -8.71873 0.27006
-0.718 -10.7008 -0.0705273
-0.717 -12.3189 -0.193298
-0.716 -13.0778 -0.231255
-0.715 -12.7783 -0.358959
-0.714 -11.5573 -0.691955
-0.713 -9.82985 -1.25212
-0.712 -8.22341 -1.96491
-0.711 -7.25848 -2.67552
-0.71 -7.17633 -3.20271
-0.709 -7.8888 -3.38009
-0.708 -8.96862 -3.1377
-0.707 -9.82733 -2.49665
-0.706 -9.93238 -1.57653
-0.705 -9.05154 -0.553009
-0.704 -7.32903 0.416984
-0.703 -5.23738 1.20164
-0.702 -3.48725 1.7283
-0.701 -2.71751 1.99293
-0.7 -3.25386 2.02829
-0.699 -5.01725 1.90898
-0.698 -7.53112 1.7405
-0.697 -10.0871 1.59393
-0.696 -11.9873 1.51177
-0.695 -12.795 1.50709
-0.694 -12.4888 1.57406
-0.693 -11.4773 1.69384
-0.692 -10.3768 1.79604
-0.691 -9.81582 1.81146
-0.69 -10.2111 1.69314
-0.689 -11.5638 1.42284
-0.688 -13.4622 1.00837
-0.687 -15.2993 0.513042
-0.686 -16.4373 0.0591862
-0.685 -16.39 -0.246911
-0.684 -15.11 -0.313695
-0.683 -12.9852 -0.10519
-0.682 -10.6416 0.30336
-0.681 -8.75987 0.763702
-0.68 -7.79096 1.09859
-0.679 -7.87797 1.14217
-0.678 -8.8383 0.79488
-0.677 -10.1704 0.0936939
-0.676 -11.326 -0.800358
-0.675 -11.8997 -1.63708
-0.674 -11.7713 -2.11944
-0.673 -11.1563 -2.05568
-0.672 -10.4534 -1.41111
-0.671 -10.0874 -0.334521
-0.67 -10.3748 0.864791
-0.669 -11.3706 1.83303
-0.668 -12.9003 2.26937
-0.667 -14.6436 2.05937
-0.666 -16.1965 1.30561
-0.665 -17.2014 0.286763
-0.664 -17.5231 -0.606309
-0.663 -17.2507 -1.01584
-0.662 -16.5652 -0.760773
-0.661 -15.6777 0.0661897
-0.66 -14.7555 1.17071
-0.659 -13.8718 2.14594
-0.658 -13.012 2.57943
-0.657 -12.1754 2.25352
-0.656 -11.3845 1.21073
-0.655 -10.6588 -0.24571
-0.654 -10.0538 -1.62308
-0.653 -9.6165 -2.44554
-0.652 -9.34385 -2.38858
-0.651 -9.17491 -1.40209
-0.65 -9.00901 0.218936
-0.649 -8.74525 1.96613
-0.648 -8.36442 3.27918
-0.647 -8.01157 3.70177
-0.646 -7.91346 3.06172
-0.645 -8.2958 1.51557
-0.644 -9.35705 -0.479571
-0.643 -11.0368 -2.31813
-0.642 -13.0428 -3.48683
-0.641 -14.9448 -3.72758
-0.64 -16.2303 -3.11446
-0.639 -16.556 -2.01033
-0.638 -15.8836 -0.924047
-0.637 -14.52 -0.350838
-0.636 -13.0367 -0.558119
-0.635 -12.0974 -1.46391
-0.634 -12.19 -2.71179
-0.633 -13.394 -3.73811
-0.632 -15.3992 -3.9824
-0.631 -17.55 -3.11258
-0.63 -19.0327 -1.13428
-0.629 -19.2602 1.57504
-0.628 -18.1176 4.39786
-0.627 -16.0007 6.67287
-0.626 -13.7016 7.9036
-0.625 -12.1559 7.86189
-0.624 -12.0443 6.66534
-0.623 -13.5761 4.76641
-0.622 -16.3201 2.74422
-0.621 -19.3384 1.09888
-0.62 -21.6381 0.135619
-0.619 -22.4025 -0.155479
-0.618 -21.4024 -0.0814365
-0.617 -19.049 -0.0492025
-0.616 -16.1789 -0.457906
-0.615 -13.9353 -1.53866
-0.614 -13.2573 -3.25907
-0.613 -14.4263 -5.30435
-0.612 -17.0584 -7.15687
-0.611 -20.2176 -8.28025
-0.61 -22.7684 -8.30866
-0.609 -23.7739 -7.1679
-0.608 -22.8774 -5.0608
-0.607 -20.4517 -2.4459
-0.606 -17.3705 0.109764
-0.605 -14.7281 2.11654
-0.604 -13.4172 3.3004
-0.603 -13.7378 3.65923
-0.602 -15.381 3.44555
-0.601 -17.5403 3.0422
-0.6 -19.2022 2.82969
-0.599 -19.5377 3.04439
-0.598 -18.2455 3.67123
-0.597 -15.7082 4.51795
-0.596 -12.7575 5.26883
-0.595 -10.3598 5.59941
-0.594 -9.25703 5.30196
-0.593 -9.72134 4.34725
-0.592 -11.5168 2.84314
-0.591 -13.9987 1.03302
-0.59 -16.342 -0.748288
-0.589 -17.9094 -2.22823
-0.588 -18.4519 -3.20125
-0.587 -18.2 -3.60914
-0.586 -17.6245 -3.52464
-0.585 -17.1734 -3.1045
-0.584 -17.1702 -2.55786
-0.583 -17.6541 -2.0816
-0.582 -18.3335 -1.85407
-0.581 -18.8271 -1.94974
-0.58 -18.9327 -2.34706
-0.579 -18.5166 -2.93496
-0.578 -17.6892 -3.49874
-0.577 -16.8068 -3.82157
-0.576 -16.1419 -3.75272
-0.575 -15.8142 -3.19093
-0.574 -15.8137 -2.1453
-0.573 -15.9469 -0.823962
-0.572 -16.0231 0.458322
-0.571 -16.0554 1.34882
-0.57 -16.1953 1.55813
-0.569 -16.7705 1.00446
-0.568 -18.1804 -0.196415
-0.567 -20.5072 -1.71061
-0.566 -23.4902 -3.07345
-0.565 -26.5862 -3.80583
-0.564 -28.9707 -3.58332
-0.563 -29.9855 -2.45143
-0.562 -29.3911 -0.75311
-0.561 -27.4794 0.93498
-0.56 -24.9775 1.97235
-0.559 -22.8434 1.93299
-0.558 -21.825 0.725873
-0.557 -22.0516 -1.30676
-0.556 -23.1166 -3.4876
-0.555 -24.1505 -5.04193
-0.554 -24.1449 -5.36573
-0.553 -22.4314 -4.25078
-0.552 -18.9675 -2.01823
-0.551 -14.5008 0.565757
-0.55 -10.3462 2.59391
-0.549 -7.80529 3.3175
-0.548 -7.77415 2.40196
-0.547 -10.3038 0.1156
-0.546 -14.4705 -2.77501
-0.545 -18.8197 -5.25538
-0.544 -21.9515 -6.37311
-0.543 -22.9491 -5.66165
-0.542 -21.6938 -3.26881
-0.541 -19.1192 0.0994634
-0.54 -16.7142 3.31769
-0.539 -15.803 5.34645
-0.538 -17.0864 5.61382
-0.537 -20.348 4.10774
-0.536 -24.4583 1.43203
-0.535 -27.7889 -1.38414
-0.534 -28.9031 -3.27449
-0.533 -27.2754 -3.55845
-0.532 -23.3798 -2.15486
-0.531 -18.501 0.36035
-0.53 -14.3681 2.94453
-0.529 -12.3862 4.53766
-0.528 -13.0734 4.41455
-0.527 -15.8189 2.4251
-0.526 -19.2358 -0.899886
-0.525 -21.7804 -4.50839
-0.524 -22.3331 -7.26566
-0.523 -20.7515 -8.33519
-0.522 -17.9425 -7.43096
-0.521 -15.3907 -4.9004
-0.52 -14.6412 -1.65938
-0.519 -16.4726 1.19346
-0.518 -20.5947 2.82605
-0.517 -25.7352 2.81068
-0.516 -30.0668 1.27843
-0.515 -32.0422 -1.14696
-0.514 -31.0174 -3.63676
-0.513 -27.5954 -5.47213
-0.512 -23.3169 -6.28079
-0.511 -20.0991 -6.10635
-0.51 -19.3878 -5.33265
-0.509 -21.4394 -4.54876
-0.508 -25.2269 -4.27042
-0.507 -28.8453 -4.77824
-0.506 -30.3176 -6.0141
-0.505 -28.4532 -7.57152
-0.504 -23.4857 -8.94222
-0.503 -17.0324 -9.62586
-0.502 -11.4253 -9.25562
-0.501 -8.91386 -7.72043
-0.5 -10.5982 -5.15184
-0.499 -15.8992 -1.86739
-0.498 -22.7436 1.66861
-0.497 -28.3265 4.96936
-0.496 -30.2273 7.6261
-0.495 -27.4932 9.31553
-0.494 -21.0514 9.87376
-0.493 -13.468 9.24176
-0.492 -7.97157 7.56202
-0.491 -7.0271 5.15634
-0.49 -11.3586 2.42014
-0.489 -19.5806 -0.182381
-0.488 -28.6829 -2.24878
-0.487 -35.1425 -3.58491
-0.486 -36.3697 -4.28911
-0.485 -31.8062 -4.66293
-0.484 -23.183 -5.1156
-0.483 -13.9914 -5.97524
-0.482 -8.017 -7.32652
-0.481 -7.9453 -8.90319
-0.48 -14.2344 -10.1226
-0.479 -24.7138 -10.2664
-0.478 -35.5333 -8.68035
-0.477 -42.691 -5.16131
-0.476 -43.5054 -0.0980977
-0.475 -37.6498 5.5628
-0.474 -27.5491 10.513
-0.473 -17.2309 13.5408
-0.472 -10.7834 13.9036
-0.471 -10.8218 11.5844
-0.47 -17.378 7.35303
-0.469 -27.8636 2.51803
-0.468 -38.029 -1.52561
-0.467 -43.8063 -3.75775
-0.466 -42.7499 -3.91368
-0.465 -35.0602 -2.57765
-0.464 -23.5851 -0.851173
-0.463 -12.625 0.0391383
-0.462 -6.31553 -0.817776
-0.461 -7.01514 -3.56363
-0.46 -14.3817 -7.40628
-0.459 -25.4768 -10.9755
-0.458 -36.0255 -12.7658
-0.457 -42.1306 -11.6613
-0.456 -41.6928 -7.55022
-0.455 -35.2108 -1.28826
-0.454 -25.5841 5.57163
-0.453 -16.7904 11.1644
-0.452 -12.3248 13.9636
-0.451 -13.8416 13.3275
-0.45 -20.4855 9.66046
-0.449 -29.2696 4.28851
-0.448 -36.3048 -0.965778
-0.447 -38.4266 -4.5274
-0.446 -34.4456 -5.5934
-0.445 -25.644 -4.30941
-0.444 -15.1833 -1.70391
-0.443 -6.76541 0.743354
-0.442 -3.24928 1.65929
-0.441 -5.47378 0.367346
-0.44 -12.0503 -2.80358
-0.439 -20.016 -6.72158
-0.438 -26.0371 -9.86041
-0.437 -27.9454 -10.8085
-0.436 -25.5591 -8.89061
-0.435 -20.6746 -4.46455
-0.434 -16.2061 1.28019
-0.433 -14.9217 6.70756
-0.432 -18.1964 10.3022
-0.431 -25.3634 11.1469
-0.43 -34.0225 9.25441
-0.429 -40.9356 5.44941
-0.428 -43.5477 0.996222
-0.427 -41.0104 -2.80647
-0.426 -34.5296 -5.08532
-0.425 -26.9891 -5.68054
-0.424 -21.6303 -5.03096
-0.423 -20.7477 -3.86659
-0.422 -24.6827 -2.98113
-0.421 -31.6299 -2.84611
-0.42 -38.4157 -3.42084
-0.419 -41.9166 -4.2075
-0.418 -40.4056 -4.56764
-0.417 -34.2711 -4.01858
-0.416 -26.0218 -2.33203
-0.415 -19.3549 0.342046
-0.414 -17.5434 3.50404
-0.413 -22.0369 6.50305
-0.412 -31.6726 8.76958
-0.411 -43.0487 9.9686
-0.41 -51.9412 10.0516
-0.409 -54.7516 9.27403
-0.408 -49.97 7.90105
-0.407 -39.0481 6.0743
-0.406 -25.7995 3.84982
-0.405 -14.9255 1.25568
-0.404 -10.1096 -1.56986
-0.403 -12.6355 -4.35533
-0.402 -20.9583 -6.60889
-0.401 -31.0319 -7.76906
-0.4 -38.0881 -7.43332
-0.399 -38.5697 -5.41643
-0.398 -31.443 -2.00117
-0.397 -18.8072 2.1039
-0.396 -5.12873 5.95248
-0.395 4.49864 8.72992
-0.394 6.16147 10.0604
-0.393 -1.2499 10.0739
-0.392 -15.4095 9.46909
-0.391 -31.6431 9.10995
-0.39 -44.5861 9.67382
-0.389 -50.0702 11.323
-0.388 -46.7256 13.4752
-0.387 -36.3716 15.0418
-0.386 -23.3993 14.8666
-0.385 -12.943 12.0924
-0.384 -8.93719 6.60891
-0.383 -12.927 -0.77733
-0.382 -23.3273 -8.47914
-0.381 -36.1252 -14.6481
-0.38 -46.5078 -17.8996
-0.379 -50.5259 -17.703
-0.378 -46.5894 -14.6006
-0.377 -35.9845 -9.99711
-0.376 -22.3637 -5.65553
-0.375 -10.3159 -3.089
-0.374 -3.82846 -2.98276
-0.373 -5.01235 -4.97723
-0.372 -13.2995 -7.80201
-0.371 -25.6922 -9.80279
-0.37 -38.0177 -9.58025
-0.369 -46.4657 -6.51421
-0.368 -48.5953 -1.08277
-0.367 -44.1329 5.28747
-0.366 -35.007 10.7531
-0.365 -24.6115 13.6391
-0.364 -16.617 13.0917
-0.363 -13.7028 9.42059
-0.362 -16.9063 3.88722
-0.361 -25.2507 -1.62855
-0.36 -36.0376 -5.28382
-0.359 -45.9173 -5.93404
-0.358 -51.8754 -3.57486
-0.357 -52.0229 0.735935
-0.356 -46.2947 5.39658
-0.355 -36.4054 8.72078
-0.354 -25.3135 9.56669
-0.353 -16.4632 7.80612
-0.352 -12.6148 4.1991
-0.351 -15.0123 0.107117
-0.35 -22.9766 -2.90765
-0.349 -33.7932 -3.69584
-0.348 -43.7671 -1.98648
-0.347 -49.4432 1.60634
-0.346 -48.4099 5.95692
-0.345 -40.4071 9.73362
-0.344 -27.4768 11.7729
-0.343 -13.5364 11.5786
-0.342 -3.11055 9.35503
-0.341 0.341239 5.88343
-0.34 -4.59148 2.32472
-0.339 -16.4174 -0.288759
-0.338 -31.017 -1.29588
-0.337 -43.3255 -0.543257
-0.336 -49.0026 1.6035
-0.335 -45.8772 4.3698
-0.334 -35.111 6.76947
-0.333 -20.7965 7.99635
-0.332 -8.68261 7.56728
-0.331 -3.9926 5.471
-0.33 -9.4632 2.22809
-0.329 -24.38 -1.37545
-0.328 -44.3499 -4.38443
-0.327 -62.9582 -5.99787
-0.326 -74.1505 -5.85835
-0.325 -74.4716 -4.11295
-0.324 -64.1555 -1.43955
-0.323 -47.2416 1.20964
-0.322 -30.1748 2.87307
-0.321 -19.3278 2.80957
-0.32 -18.5281 0.819946
-0.319 -27.5354 -2.64317
-0.318 -42.2541 -6.64786
-0.317 -56.2223 -10.0609
-0.316 -63.1775 -11.8566
-0.315 -59.4699 -11.5398
-0.314 -45.5668 -9.25714
-0.313 -25.953 -5.78767
-0.312 -7.36131 -2.40446
-0.311 3.8663 -0.263147
-0.31 4.01658 -0.139593
-0.309 -6.47392 -2.08148
-0.308 -23.1693 -5.32842
-0.307 -39.6291 -8.60615
-0.306 -49.8389 -10.5123
-0.305 -50.7193 -10.0784
-0.304 -43.1143 -7.13008
-0.303 -31.2693 -2.35753
-0.302 -21.1048 2.94041
-0.301 -17.4358 7.28386
-0.3 -22.1441 9.46837
-0.299 -33.4686 9.0707
-0.298 -46.577 6.6611
-0.297 -55.8435 3.38889
-0.296 -57.4325 0.718594
-0.295 -50.6835 -0.133054
-0.294 -38.4639 1.28143
-0.293 -25.9424 4.55953
-0.292 -18.304 8.65404
-0.291 -18.4095 12.2805
-0.29 -25.6453 14.295
-0.289 -36.2507 14.22
-0.288 -45.0282 12.3164
-0.287 -47.7519 9.37965
-0.286 -43.0725 6.43952
-0.285 -33.4238 4.38343
-0.284 -24.0978 3.5876
-0.283 -20.7195 3.83789
-0.282 -26.6955 4.50516
-0.281 -41.4652 4.81658
-0.28 -60.4185 4.15465
-0.279 -76.6683 2.22985
-0.278 -83.7059 -0.818157
-0.277 -78.4915 -4.41802
-0.276 -62.9061 -7.83719
-0.275 -43.2442 -10.5646
-0.274 -27.8661 -12.3586
-0.273 -23.6217 -13.1246
-0.272 -32.8104 -12.9831
-0.271 -52.1931 -12.2076
-0.27 -73.875 -10.8623
-0.269 -88.1264 -8.90239
-0.268 -87.7739 -6.31344
-0.267 -71.1652 -3.13679
-0.266 -43.3287 0.420682
-0.265 -14.5411 3.94662
-0.264 3.78796 6.88855
-0.263 3.6447 8.72926
-0.262 -16.279 9.27952
-0.261 -49.502 8.70058
-0.26 -84.0109 7.49033
-0.259 -106.804 6.40862
-0.258 -108.656 5.99248
-0.257 -88.1253 6.3205
-0.256 -52.5589 6.95104
-0.255 -15.1807 7.05382
-0.254 9.87985 5.6645
-0.253 13.0858 2.19332
-0.252 -6.57307 -3.13595
-0.251 -40.8816 -9.27618
-0.25 -75.5647 -14.6542
-0.249 -95.8363 -17.6405
-0.248 -91.862 -17.1337
-0.247 -63.2773 -13.1005
-0.246 -19.531 -6.56892
-0.245 23.7206 0.685429
-0.244 50.2909 6.61384
-0.243 49.9817 9.68442
-0.242 22.3741 9.48103
-0.241 -23.0593 6.85372
-0.24 -70.0891 3.56309
-0.239 -101.929 1.56447
-0.238 -107.803 2.28233
-0.237 -86.9382 5.9988
-0.236 -48.9237 11.6351
-0.235 -9.79535 17.1515
-0.234 14.273 20.2693
-0.233 12.9709 19.2809
-0.232 -14.0771 13.8228
-0.231 -57.1656 5.02267
-0.23 -100.432 -4.85102
-0.229 -127.82 -13.0236
-0.228 -129.399 -17.2162
-0.227 -105.112 -16.5262
-0.226 -64.5173 -11.751
-0.225 -23.1855 -4.99531
-0.224 3.35638 0.991692
-0.223 5.56843 3.87691
-0.222 -16.6652 2.61
-0.221 -54.1751 -2.26586
-0.22 -92.353 -8.80168
-0.219 -116.699 -14.2954
-0.218 -118.539 -16.419
-0.217 -98.226 -14.136
-0.216 -64.2695 -7.98938
-0.215 -29.9465 0.0420427
-0.214 -8.05626 7.27477
-0.213 -6.00455 11.2847
-0.212 -23.3126 10.9024
-0.211 -51.9724 6.53348
-0.21 -79.9894 0.0787185
-0.209 -96.2603 -5.90226
-0.208 -94.8482 -9.11804
-0.207 -77.0334 -8.31199
-0.206 -50.227 -3.77149
-0.205 -24.9384 2.89563
-0.204 -10.4993 9.32634
-0.203 -11.345 13.2489
-0.202 -25.8097 13.37
-0.201 -47.1513 9.8193
-0.2 -66.4234 4.05143
-0.199 -76.3228 -1.85245
-0.198 -73.8327 -5.92963
-0.197 -61.1882 -6.96531
-0.196 -44.5383 -4.88026
-0.195 -31.0157 -0.695098
-0.194 -25.682 3.83091
-0.193 -29.6521 7.11691
-0.192 -40.1294 8.2316
-0.191 -51.6229 7.15241
-0.19 -58.412 4.8205
-0.189 -57.2304 2.65802
-0.188 -48.5883 1.91855
-0.187 -36.3099 3.14522
-0.186 -25.7635 6.05256
-0.185 -21.4816 9.5117
-0.184 -25.0557 12.1419
-0.183 -34.7395 12.8688
-0.182 -46.2986 11.1789
-0.181 -54.7888 7.41515
-0.18 -56.7676 2.51113
-0.179 -51.867 -2.43394
-0.178 -43.1359 -6.66634
-0.177 -35.4757 -9.87659
-0.176 -33.5959 -12.3499
-0.175 -39.8227 -14.693
-0.174 -52.9336 -17.2388
-0.173 -68.552 -19.9462
-0.172 -80.8466 -22.2909
-0.171 -84.9547 -23.3941
-0.17 -78.9023 -22.3664
-0.169 -64.5183 -18.8568
-0.168 -46.8907 -13.3221
-0.167 -32.5242 -6.89482
-0.166 -26.6498 -1.00027
-0.165 -31.0315 3.15214
-0.164 -43.5122 5.00523
-0.163 -58.7828 4.82512
-0.162 -70.3611 3.53558
-0.161 -73.2732 2.34777
-0.16 -65.9004 2.21331
-0.159 -50.6822 3.37727
-0.158 -33.2252 5.15759
-0.157 -20.267 6.36741
-0.156 -17.0168 5.77793
-0.155 -25.1695 2.64049
-0.154 -42.4151 -2.81523
-0.153 -63.021 -9.3794
-0.152 -79.9525 -15.1605
-0.151 -87.5615 -18.2012
-0.15 -83.3857 -17.2086
-0.149 -69.0072 -12.08
-0.148 -49.4659 -3.96579
-0.147 -31.2648 5.07535
-0.146 -20.1977 12.726
-0.145 -19.3336 17.2591
-0.144 -28.0031 18.1152
-0.143 -42.2854 15.9741
-0.142 -56.1643 12.5461
-0.141 -64.1042 9.77139
-0.14 -62.8093 8.98079
-0.139 -52.2322 10.5005
-0.138 -35.6774 13.4521
-0.137 -18.5988 16.0524
-0.136 -6.83451 16.487
-0.135 -4.63459 13.6817
-0.134 -13.1791 7.62117
-0.133 -30.1928 -0.502529
-0.132 -50.917 -8.59276
-0.131 -69.4696 -14.5219
-0.13 -80.6021 -16.9478
-0.129 -81.5037 -15.5981
-0.128 -72.8862 -11.3295
-0.127 -58.4129 -5.94404
-0.126 -43.5601 -1.32783
-0.125 -33.7704 1.16652
-0.124 -32.528 1.03229
-0.123 -40.5205 -1.30126
-0.122 -55.1811 -4.81279
-0.121 -71.2488 -8.30688
-0.12 -82.7719 -10.8528
-0.119 -85.0904 -12.1113
-0.118 -76.4712 -12.3575
-0.117 -58.8887 -12.1571
-0.116 -37.5205 -12.1264
-0.115 -19.092 -12.5981
-0.114 -9.59297 -13.6017
-0.113 -12.0522 -14.9419
-0.112 -25.5584 -16.1828
-0.111 -45.5134 -16.8338
-0.11 -64.8322 -16.4803
-0.109 -76.4512 -15.0329
-0.108 -76.0739 -12.597
-0.107 -63.9234 -9.29063
-0.106 -44.6291 -5.36221
-0.105 -25.3994 -1.08627
-0.104 -13.5706 3.20854
-0.103 -13.8839 7.03962
-0.102 -26.2625 9.74832
-0.101 -46.0459 10.7841
-0.1 -65.5162 9.86194
-0.099 -76.7808 7.08672
-0.098 -74.8763 3.07517
-0.097 -59.7529 -1.22161
-0.096 -36.5555 -4.64155
-0.095 -13.5403 -6.12287
-0.094 0.918111 -5.20078
-0.093 1.70188 -2.14404
-0.092 -11.1776 2.13626
-0.091 -32.6816 6.29138
-0.09 -54.8836 9.19802
-0.089 -69.8698 10.3477
-0.088 -72.7622 10.095
-0.087 -63.7901 9.53031
-0.086 -48.3232 10.0277
-0.085 -34.23 12.6962
-0.084 -28.3762 17.6664
-0.083 -34.2537 23.9488
-0.082 -50.3246 29.7132
-0.081 -70.5019 32.8027
-0.08 -86.8823 31.5495
-0.079 -92.8605 25.441
-0.078 -85.7801 15.3846
-0.077 -68.2818 3.39761
-0.076 -47.2327 -7.93855
-0.075 -30.6402 -16.4325
-0.074 -24.4082 -21.175
-0.073 -30.3175 -22.4649
-0.072 -45.0714 -21.6882
-0.071 -61.837 -20.6375
-0.07 -73.1556 -20.6848
-0.069 -74.0295 -22.3545
-0.068 -64.2956 -24.9521
-0.067 -48.6329 -26.8692
-0.066 -34.6703 -26.3156
-0.065 -29.3761 -22.14
-0.064 -36.1866 -14.3191
-0.063 -53.5249 -4.08265
-0.062 -74.9654 6.36753
-0.061 -92.0595 14.6893
-0.06 -97.5587 19.2113
-0.059 -88.65 19.3495
-0.058 -68.4144 15.8656
-0.057 -44.5189 10.5053
-0.056 -26.1804 5.16303
-0.055 -20.3984 1.17023
-0.054 -28.8859 -1.07326
-0.053 -47.2913 -2.1691
-0.052 -66.9885 -3.29731
-0.051 -78.5482 -5.53528
-0.05 -75.6953 -9.29826
-0.049 -57.9923 -14.0203
-0.048 -31.2891 -18.2336
-0.047 -5.51149 -20.2507
-0.046 9.37776 -18.8913
-0.045 7.463 -13.9594
-0.044 -10.5411 -6.58151
-0.043 -37.5119 1.39036
-0.042 -62.7032 8.04715
-0.041 -75.7631 12.0782
-0.04 -71.2032 13.3186
-0.039 -50.7632 12.719
-0.038 -22.6233 11.9221
-0.037 1.71537 12.4837
-0.036 12.1837 14.9807
-0.035 4.11663 18.7838
-0.034 -19.8169 22.2564
-0.033 -50.5408 23.4305
-0.032 -76.4132 21.0847
-0.031 -87.7242 15.1735
-0.03 -80.5822 6.9999
-0.029 -58.6635 -1.00155
-0.028 -31.6026 -6.17564
-0.027 -11.2065 -6.86145
-0.026 -6.46841 -2.96892
-0.025 -19.9663 3.88249
-0.024 -47.0472 10.9386
-0.023 -77.3947 15.3774
-0.022 -99.5029 15.2691
-0.021 -105.344 10.4748
-0.02 -93.3203 2.72676
-0.019 -69.135 -5.1928
-0.018 -43.1558 -10.2585
-0.017 -26.0783 -10.4959
-0.016 -24.6169 -6.02985
-0.015 -38.6463 1.1198
-0.014 -61.5274 7.76429
-0.013 -82.8729 10.7887
-0.012 -93.1374 8.25406
-0.011 -87.4381 0.268097
-0.01 -67.4597 -10.8242
-0.009 -41.0568 -21.3082
-0.008 -18.6684 -27.4767
-0.007 -8.899 -27.0247
-0.006 -14.9687 -19.9767
-0.005 -33.3628 -8.7097
-0.004 -55.5998 2.91987
-0.003 -71.957 11.0049
-0.002 -75.42 13.0964
-0.001 -64.729 9.05261
0 -44.8193 1.19121
0.001 -24.9176 -6.59086
0.002 -14.2216 -10.5473
0.003 -17.6625 -8.42986
0.004 -34.0153 -0.355573
0.005 -56.2893 11.2341
0.006 -74.6668 22.4802
0.007 -80.6664 29.5548
0.008 -70.9242 30.0591
0.009 -48.6025 23.9182
0.01 -22.2331 13.4326
0.011 -2.25957 2.34381
0.012 3.382 -5.63586
0.013 -7.09186 -8.19811
0.014 -28.5762 -5.15259
0.015 -51.4976 1.55451
0.016 -65.5217 8.69294
0.017 -63.9777 13.0698
0.018 -46.9317 12.7647
0.019 -21.0236 7.76462
0.02 3.12277 -0.117018
0.021 15.0952 -7.85519
0.022 9.26193 -12.5613
0.023 -12.8621 -12.6159
0.024 -43.2277 -8.21636
0.025 -70.2944 -1.18129
0.026 -83.842 5.65938
0.027 -79.1024 9.50681
0.028 -58.7057 8.79223
0.029 -31.6479 3.56177
0.03 -9.62502 -4.42341
0.031 -2.40058 -12.5846
0.032 -13.7121 -18.5599
0.033 -39.7055 -20.9142
0.034 -70.5505 -19.6896
0.035 -94.4589 -16.1868
0.036 -102.476 -12.3596
0.037 -91.9337 -9.84123
0.038 -67.4514 -9.26456
0.039 -39.1766 -10.0832
0.04 -18.6656 -10.7408
0.041 -14.1819 -9.55075
0.042 -27.238 -5.54534
0.043 -52.3162 1.06991
0.044 -79.2798 9.02383
0.045 -97.3155 16.4024
0.046 -99.341 21.3126
0.047 -84.5936 22.6848
0.048 -58.7938 20.6525
0.049 -32.0081 16.4472
0.05 -14.3424 11.7047
0.051 -11.5515 7.88399
0.052 -23.1607 5.62305
0.053 -42.8755 4.50764
0.054 -61.2036 3.41217
0.055 -69.594 1.16709
0.056 -63.8505 -2.81484
0.057 -45.58 -8.12609
0.058 -21.616 -13.4598
0.059 -1.34187 -16.9143
0.06 7.55705 -16.735
0.061 2.04717 -12.2187
0.062 -15.0315 -3.91195
0.063 -36.4418 6.50279
0.064 -53.7556 16.7123
0.065 -60.5586 24.5581
0.066 -55.2256 28.7595
0.067 -41.2106 29.2693
0.068 -25.5201 27.2695
0.069 -15.7764 24.6394
0.07 -16.7467 22.9669
0.071 -28.1279 22.8777
0.072 -44.9898 23.943
0.073 -59.9441 24.7954
0.074 -65.998 23.5051
0.075 -59.8165 18.7111
0.076 -43.0631 10.1092
0.077 -21.8973 -1.26453
0.078 -4.4578 -13.2586
0.079 2.55319 -23.3555
0.08 -3.49512 -29.5347
0.081 -19.9391 -30.8682
0.082 -40.192 -27.8263
0.083 -56.4593 -22.098
0.084 -62.5343 -15.8057
0.085 -56.6328 -10.8135
0.086 -42.3963 -8.09394
0.087 -26.9607 -7.52132
0.088 -18.0561 -8.09348
0.089 -20.913 -8.39065
0.09 -35.8459 -7.23063
0.091 -58.0529 -4.32282
0.092 -79.6447 -0.211468
0.093 -92.5719 4.0522
0.094 -91.7882 7.1084
0.095 -77.3299 7.98092
0.096 -54.3643 6.48667
0.097 -31.2145 3.06862
0.098 -16.0529 -1.26953
0.099 -14.0408 -5.3204
0.1 -25.232 -8.10659
0.101 -44.5737 -9.04865
0.102 -64.2487 -8.02039
0.103 -76.5452 -5.36661
0.104 -76.7735 -1.63905
0.105 -64.9846 2.60092
0.106 -45.663 6.86647
0.107 -26.321 10.7707
0.108 -14.3621 14.0743
0.109 -14.1773 16.512
0.11 -25.8775 17.8899
0.111 -45.1961 18.2151
0.112 -65.1688 17.5627
0.113 -78.7903 16.3
0.114 -81.3117 14.9534
0.115 -71.8079 13.9182
0.116 -53.3476 13.4336
0.117 -31.915 13.4675
0.118 -14.2865 13.6892
0.119 -5.66366 13.4344
0.12 -7.99863 12.1124
0.121 -19.5638 9.55259
0.122 -35.6741 6.06288
0.123 -50.3002 2.53902
0.124 -58.217 0.221228
0.125 -56.9832 0.0910574
0.126 -47.1771 2.54099
0.127 -32.2875 7.13417
0.128 -17.7804 12.5385
0.129 -9.23845 16.7941
0.13 -10.2565 18.1667
0.131 -21.2435 15.7749
0.132 -39.6691 9.83471
0.133 -60.4077 1.76387
0.134 -77.4557 -6.33855
0.135 -85.9867 -12.4315
0.136 -83.8227 -15.3197
0.137 -72.1517 -14.9754
0.138 -55.1234 -12.4709
0.139 -38.6486 -9.61374
0.14 -28.2454 -8.10769
0.141 -27.0422 -8.89618
0.142 -35.0328 -11.7099
0.143 -48.9414 -15.1552
0.144 -63.0907 -17.2669
0.145 -71.7134 -16.3748
0.146 -70.8641 -11.8303
0.147 -59.8289 -4.17611
0.148 -41.6165 4.8695
0.149 -22.0172 12.979
0.15 -7.61629 18.1037
0.151 -3.35484 19.1074
0.152 -10.8584 16.0995
0.153 -27.7658 10.3672
0.154 -48.3854 3.80907
0.155 -65.6846 -1.66628
0.156 -73.9732 -4.81451
0.157 -70.856 -5.42567
0.158 -58.025 -4.24146
0.159 -40.6478 -2.52309
0.16 -25.3942 -1.44544
0.161 -17.9684 -1.62416
0.162 -20.8737 -2.81418
0.163 -32.4898 -4.11445
0.164 -47.7693 -4.3219
0.165 -60.2338 -2.49204
0.166 -64.4729 1.63919
0.167 -58.3693 7.52052
0.168 -43.9011 13.9171
0.169 -26.1765 19.4285
0.17 -11.5948 22.952
0.171 -5.31368 24.0049
0.172 -9.32248 22.9182
0.173 -21.6113 20.5264
0.174 -37.114 17.7684
0.175 -50.1332 15.2272
0.176 -56.2958 12.8692
0.177 -54.3864 10.324
0.178 -46.7042 7.11731
0.179 -37.908 2.90736
0.18 -32.9738 -2.08187
0.181 -34.8662 -6.98519
0.182 -43.2926 -10.7032
0.183 -54.8436 -12.3807
0.184 -64.576 -11.6582
0.185 -68.1011 -9.0051
0.186 -63.6611 -5.55852
0.187 -53.0054 -2.70757
0.188 -40.6414 -1.52082
0.189 -31.9683 -2.29199
0.19 -30.6943 -4.49109
0.191 -37.3625 -6.84557
0.192 -48.7803 -7.9044
0.193 -59.1471 -6.78851
0.194 -62.9965 -3.46352
0.195 -57.5166 1.13561
0.196 -43.8467 5.32791
0.197 -27.0537 7.40298
0.198 -14.3199 6.31773
0.199 -11.6771 2.20173
0.2 -21.324 -3.75468
0.201 -40.4434 -9.5302
0.202 -61.6986 -13.0082
0.203 -76.1446 -12.8413
0.204 -77.0421 -8.92495
0.205 -62.5985 -2.50385
0.206 -37.2335 4.2139
0.207 -10.3911 8.79042
0.208 7.46943 9.57649
0.209 8.96685 6.2919
0.21 -7.20084 0.231519
0.211 -35.1767 -6.24192
0.212 -63.7171 -10.5898
0.213 -80.8838 -10.9739
0.214 -78.8133 -6.96285
0.215 -56.811 0.252949
0.216 -22.34 8.27604
0.217 11.793 14.4281
0.218 32.2502 16.7002
0.219 30.3752 14.5169
0.22 6.07602 9.01073
0.221 -31.9892 2.50151
0.222 -69.313 -2.36254
0.223 -91.2399 -3.64202
0.224 -88.7704 -0.740889
0.225 -62.0516 5.31877
0.226 -20.6028 12.1512
0.227 20.1166 16.9643
0.228 44.4832 17.6904
0.229 42.8891 13.567
0.23 15.5323 5.4545
0.231 -27.5832 -4.38083
0.232 -70.5324 -13.1696
0.233 -97.4632 -18.5849
0.234 -98.6319 -19.5003
0.235 -74.4005 -16.3265
0.236 -35.0577 -10.8062
0.237 3.11673 -5.2345
0.238 24.0809 -1.59007
0.239 18.3388 -0.880892
0.24 -13.3694 -2.86659
0.241 -60.2895 -6.16704
0.242 -105.646 -8.78765
0.243 -133.237 -8.98428
0.244 -133.42 -5.91419
0.245 -106.728 -0.0210931
0.246 -63.4963 7.18093
0.247 -19.6652 13.7146
0.248 9.05864 17.7175
0.249 13.2202 18.1881
0.25 -6.81561 15.2199
0.251 -41.3729 9.8584
0.252 -75.5495 3.76261
0.253 -95.0593 -1.52465
0.254 -91.7436 -4.98771
0.255 -66.617 -6.43453
0.256 -29.0981 -6.38103
0.257 6.62018 -5.73231
0.258 27.2562 -5.40279
0.259 25.5717 -5.78389
0.26 2.93369 -6.8092
0.261 -31.5135 -7.96577
0.262 -64.6788 -8.5426
0.263 -84.5556 -8.0196
0.264 -84.6028 -6.17964
0.265 -66.0847 -3.22726
0.266 -37.1058 0.290552
0.267 -9.14913 3.79153
0.268 7.62563 6.86462
0.269 8.15445 9.3806
0.27 -6.04374 11.3356
0.271 -27.6935 12.696
0.272 -47.1096 13.4714
0.273 -56.1827 13.6011
0.274 -51.6855 12.8437
0.275 -36.1397 11.0212
0.276 -16.2873 8.22132
0.277 -0.489972 4.79448
0.278 4.85278 1.27202
0.279 -2.00345 -1.72669
0.28 -18.023 -3.62999
0.281 -36.8742 -4.2596
0.282 -51.5119 -3.91499
0.283 -57.2868 -3.22302
0.284 -53.7753 -2.96577
0.285 -44.357 -3.72467
0.286 -34.5438 -5.72332
0.287 -29.5985 -8.62735
0.288 -32.0686 -11.5449
0.289 -40.7619 -13.4499
0.29 -51.3217 -13.5562
0.291 -58.4679 -11.6124
0.292 -58.516 -8.0727
0.293 -50.7676 -4.03312
0.294 -38.0469 -0.822425
0.295 -25.6752 0.518213
0.296 -18.7711 -0.374963
0.297 -20.1806 -3.02286
0.298 -29.3373 -6.29023
0.299 -42.3763 -8.73125
0.3 -53.5876 -9.10619
0.301 -58.1828 -6.90529
0.302 -54.4065 -2.55522
0.303 -44.0235 2.76923
0.304 -31.9988 7.58432
0.305 -24.204 10.5323
0.306 -24.9143 10.9344
0.307 -35.0323 9.01913
0.308 -51.3768 5.75327
0.309 -67.9529 2.53018
0.31 -78.2569 0.616812
0.311 -77.9748 0.71107
0.312 -66.6683 2.81133
0.313 -47.8796 6.21387
0.314 -28.0934 9.6787
0.315 -14.0945 11.9898
0.316 -10.2443 12.3394
0.317 -17.0259 10.5545
0.318 -30.7837 7.17469
0.319 -45.3075 3.19224
0.32 -54.1159 -0.295099
0.321 -53.0186 -2.3195
0.322 -41.9677 -2.41432
0.323 -24.7104 -0.779355
0.324 -7.53901 1.86518
0.325 3.02959 4.55461
0.326 2.87014 6.30341
0.327 -8.27298 6.43335
0.328 -26.8056 4.77747
0.329 -46.6655 1.73969
0.33 -61.4442 -1.86167
0.331 -66.8603 -5.13586
0.332 -62.1525 -7.26667
0.333 -49.9768 -7.74141
0.334 -35.5842 -6.49236
0.335 -24.7279 -4.02822
0.336 -21.51 -1.23524
0.337 -27.0584 0.890608
0.338 -39.2562 1.59599
0.339 -53.6713 0.529101
0.34 -65.2114 -2.13143
0.341 -69.9481 -5.65159
0.342 -66.3254 -9.03661
0.343 -55.6734 -11.2028
0.344 -41.5865 -11.3403
0.345 -28.5735 -9.27232
0.346 -20.4737 -5.49361
0.347 -19.3335 -1.12746
0.348 -24.9648 2.44914
0.349 -34.9373 4.11773
0.35 -45.5829 3.30435
0.351 -53.2904 0.266936
0.352 -55.5396 -3.85123
0.353 -51.5276 -7.4967
0.354 -42.51 -9.22889
0.355 -31.3269 -8.30615
0.356 -21.3255 -4.93299
0.357 -15.4881 -0.20814
0.358 -15.5052 4.09962
0.359 -21.3442 6.38798
0.36 -31.1612 5.71167
0.361 -41.8203 2.08011
0.362 -49.9098 -3.38083
0.363 -52.8914 -8.86844
0.364 -49.8071 -12.4893
0.365 -41.6411 -12.9942
0.366 -31.1217 -10.1104
0.367 -21.8875 -4.61538
0.368 -17.3104 1.75515
0.369 -19.2928 7.12122
0.37 -27.6286 10.1333
0.371 -39.927 10.3213
0.372 -52.2456 8.27834
0.373 -60.3636 5.41639
0.374 -61.3771 3.43251
0.375 -54.7485 3.55252
0.376 -42.5202 6.08954
0.377 -28.7087 10.3991
0.378 -18.0069 14.969
0.379 -14.0232 18.0121
0.38 -17.9612 18.1319
0.381 -28.2207 14.7937
0.382 -40.9177 8.62105
0.383 -51.2327 0.998427
0.384 -55.1367 -6.33323
0.385 -50.9419 -11.8201
0.386 -40.2727 -14.6243
0.387 -27.1817 -14.7871
0.388 -16.7136 -13.1885
0.389 -13.3029 -11.0368
0.39 -18.7568 -9.39626
0.391 -31.5838 -8.83012
0.392 -47.7097 -9.19617
0.393 -61.7338 -9.81824
0.394 -68.9778 -9.7932
0.395 -67.2179 -8.48603
0.396 -57.5329 -5.73113
0.397 -43.7453 -1.89571
0.398 -30.9734 2.20587
0.399 -23.7868 5.62687
0.4 -24.1714 7.66835
0.401 -31.1116 8.03637
0.402 -41.0975 6.86341
0.403 -49.3554 4.64183
0.404 -51.8243 1.90023
0.405 -46.8077 -0.919275
0.406 -35.6992 -3.53181
0.407 -22.251 -5.80929
0.408 -11.1666 -7.69863
0.409 -6.28151 -9.12043
0.41 -8.91435 -9.89728
0.411 -17.6552 -9.78775
0.412 -28.9018 -8.59495
0.413 -38.3437 -6.3613
0.414 -42.6649 -3.4045
0.415 -40.7361 -0.275824
0.416 -33.9694 2.37781
0.417 -25.6366 4.06116
0.418 -19.383 4.59062
0.419 -17.7471 4.15809
0.42 -21.1601 3.3141
0.421 -27.8207 2.7211
0.422 -34.5683 2.83416
0.423 -38.262 3.67679
0.424 -37.1726 4.81503
0.425 -31.6714 5.51892
0.426 -23.9993 4.937
0.427 -17.4013 2.63106
0.428 -14.7716 -1.16554
0.429 -17.2916 -5.62802
0.43 -24.0714 -9.45709
0.431 -32.504 -11.3284
0.432 -39.4337 -10.4402
0.433 -42.5095 -6.819
0.434 -41.0998 -1.34407
0.435 -36.4549 4.42084
0.436 -31.3854 8.82546
0.437 -28.917 10.7106
0.438 -30.7586 9.74902
0.439 -36.6589 6.63308
0.44 -44.4774 2.74898
0.441 -50.9525 -0.399035
0.442 -53.1152 -1.67505
0.443 -49.5446 -0.73471
0.444 -41.0584 1.72122
0.445 -30.4468 4.33707
0.446 -21.4962 5.64272
0.447 -17.4006 4.57378
0.448 -19.363 0.986833
0.449 -26.2295 -4.28001
0.45 -34.8204 -9.63462
0.451 -41.278 -13.2761
0.452 -42.6505 -13.8761
0.453 -38.0001 -11.0524
0.454 -29.0216 -5.44327
0.455 -19.26 1.42893
0.456 -12.6513 7.69444
0.457 -12.0544 11.7901
0.458 -17.9997 12.8805
0.459 -28.4409 11.137
0.46 -39.3907 7.61426
0.461 -46.5263 3.8105
0.462 -47.0007 1.09076
0.463 -40.557 0.212853
0.464 -29.4631 1.09028
0.465 -17.8346 2.82071
0.466 -10.0503 4.16355
0.467 -8.87423 3.99326
0.468 -14.5012 1.75085
0.469 -24.5361 -2.2844
0.47 -34.8653 -7.11931
0.471 -41.2912 -11.3351
0.472 -41.1908 -13.6396
0.473 -34.5766 -13.2672
0.474 -24.0869 -10.2421
0.475 -13.8387 -5.29739
0.476 -7.82559 0.363827
0.477 -8.42905 5.41057
0.478 -15.4691 8.91612
0.479 -26.1662 10.5229
0.48 -36.4759 10.414
0.481 -42.6182 9.19611
0.482 -42.4552 7.61012
0.483 -36.3409 6.26788
0.484 -26.9543 5.43996
0.485 -18.1656 5.00517
0.486 -13.4291 4.62803
0.487 -14.4809 3.91209
0.488 -20.7806 2.57838
0.489 -29.7309 0.53742
0.49 -37.8338 -2.04751
0.491 -42.0524 -4.77318
0.492 -40.9592 -7.18887
0.493 -35.3321 -8.86836
0.494 -27.672 -9.50599
0.495 -21.1561 -8.95191
0.496 -18.3232 -7.24384
0.497 -20.0969 -4.5764
0.498 -25.5182 -1.27049
0.499 -32.1838 2.23535
0.5 -37.2894 5.494
0.501 -38.8213 8.06482
0.502 -36.191 9.60116
0.503 -30.4427 9.9837
0.504 -23.8107 9.3008
0.505 -18.7423 7.91256
0.506 -16.7996 6.34449
0.507 -18.1343 5.11866
0.508 -21.5615 4.61191
0.509 -25.1061 4.88473
0.51 -26.9165 5.67839
0.511 -25.9692 6.48191
0.512 -22.5508 6.70221
0.513 -18.153 5.89916
0.514 -14.6377 4.03951
0.515 -13.4544 1.52908
0.516 -15.1896 -0.905792
0.517 -19.2542 -2.43883
0.518 -24.1425 -2.44281
0.519 -28.0659 -0.780653
0.52 -29.7259 2.09589
0.521 -28.8089 5.32141
0.522 -26.112 7.8361
0.523 -23.1327 8.73653
0.524 -21.3983 7.64997
0.525 -21.8255 4.88154
0.526 -24.2691 1.29258
0.527 -27.5854 -1.99302
0.528 -30.1958 -3.96129
0.529 -30.7526 -4.08665
0.53 -28.6688 -2.4713
0.531 -24.4398 0.125643
0.532 -19.4429 2.62804
0.533 -15.3896 4.02728
0.534 -13.6517 3.73691
0.535 -14.6593 1.85158
0.536 -17.8038 -0.944642
0.537 -21.7244 -3.62882
0.538 -24.8449 -5.16129
0.539 -26.0148 -4.89669
0.54 -24.93 -2.835
0.541 -22.3292 0.376437
0.542 -19.6285 3.71721
0.543 -18.2356 6.12165
0.544 -19.0032 6.83898
0.545 -21.9452 5.70318
0.546 -26.1703 3.20859
0.547 -30.1744 0.282406
0.548 -32.5419 -2.05199
0.549 -32.4169 -2.98496
0.55 -29.7816 -2.26097
0.551 -25.4909 -0.228906
0.552 -20.9158 2.3576
0.553 -17.277 4.56821
0.554 -15.3829 5.68582
0.555 -15.2716 5.38157
0.556 -16.1604 3.81876
0.557 -17.0878 1.62641
0.558 -17.1823 -0.399704
0.559 -15.9752 -1.6005
0.56 -13.7108 -1.6275
0.561 -11.1095 -0.557692
0.562 -9.08665 1.17323
0.563 -8.35525 2.92771
0.564 -9.21759 4.09581
0.565 -11.4178 4.32103
0.566 -14.3285 3.60762
0.567 -17.215 2.26347
0.568 -19.435 0.73375
0.569 -20.7256 -0.505116
0.57 -21.1881 -1.07712
0.571 -21.1806 -0.856579
0.572 -21.0534 0.0264268
0.573 -20.9755 1.30734
0.574 -20.9683 2.66347
0.575 -20.8338 3.73707
0.576 -20.3912 4.31115
0.577 -19.6169 4.36472
0.578 -18.6353 4.00065
0.579 -17.7129 3.41007
0.58 -17.1311 2.80578
0.581 -17.0812 2.39972
0.582 -17.4741 2.2953
0.583 -17.9544 2.51911
0.584 -18.2051 2.98146
0.585 -18.0492 3.50785
0.586 -17.4864 3.91951
0.587 -16.7733 3.9962
0.588 -16.3959 3.59544
0.589 -16.8319 2.65256
0.59 -18.2568 1.20023
0.591 -20.4303 -0.564537
0.592 -22.7111 -2.37876
0.593 -24.3383 -3.91385
0.594 -24.6576 -4.88076
0.595 -23.4002 -5.17481
0.596 -20.8598 -4.86193
0.597 -17.7881 -4.15428
0.598 -15.1403 -3.35029
0.599 -13.7411 -2.75496
0.6 -13.9393 -2.5661
0.601 -15.4086 -2.78807
0.602 -17.3806 -3.2076
0.603 -18.8637 -3.43213
0.604 -19.0341 -3.06437
0.605 -17.5696 -1.87748
0.606 -14.784 0.115973
0.607 -11.5818 2.66121
0.608 -9.02926 5.29187
0.609 -8.02645 7.42853
0.61 -8.91613 8.59618
0.611 -11.3173 8.57889
0.612 -14.3346 7.45633
0.613 -16.8143 5.61058
0.614 -17.8193 3.56213
0.615 -16.988 1.80875
0.616 -14.6322 0.70941
0.617 -11.6208 0.310003
0.618 -9.07045 0.372209
0.619 -7.93377 0.47714
0.62 -8.57416 0.180954
0.621 -10.7321 -0.788953
0.622 -13.604 -2.44087
0.623 -16.1634 -4.47856
0.624 -17.5715 -6.38324
0.625 -17.3805 -7.58826
0.626 -15.7621 -7.64132
0.627 -13.3997 -6.41706
0.628 -11.2041 -4.12812
0.629 -9.99041 -1.2812
0.63 -10.1445 1.43897
0.631 -11.5056 3.41348
0.632 -13.4778 4.27234
0.633 -15.3279 4.00931
0.634 -16.4097 2.9733
0.635 -16.3505 1.71503
0.636 -15.2856 0.773136
0.637 -13.7013 0.542556
0.638 -12.2078 1.12679
0.639 -11.3878 2.24563
0.64 -11.5825 3.38105
0.641 -12.7224 4.00939
0.642 -14.4778 3.7658
0.643 -16.3821 2.57344
0.644 -17.9375 0.720118
0.645 -18.8559 -1.2738
0.646 -19.0924 -2.83874
0.647 -18.83 -3.50995
0.648 -18.3245 -3.10082
0.649 -17.8024 -1.78767
0.65 -17.4119 -0.0242359
0.651 -17.121 1.60813
0.652 -16.8392 2.5916
0.653 -16.4825 2.6393
0.654 -15.9423 1.79251
0.655 -15.1953 0.388586
0.656 -14.3362 -1.08804
0.657 -13.4255 -2.141
0.658 -12.4716 -2.4599
0.659 -11.4924 -2.0109
0.66 -10.4626 -1.02756
0.661 -9.39391 0.0868709
0.662 -8.40255 0.918806
0.663 -7.64021 1.16948
0.664 -7.28975 0.768214
0.665 -7.53961 -0.116952
0.666 -8.44206 -1.13399
0.667 -9.85248 -1.88765
0.668 -11.4657 -2.09388
0.669 -12.8774 -1.64932
0.67 -13.715 -0.6914
0.671 -13.8173 0.497006
0.672 -13.3015 1.55568
0.673 -12.453 2.19012
0.674 -11.7213 2.25797
0.675 -11.5124 1.78389
0.676 -11.9876 0.957485
0.677 -13.0275 0.059598
0.678 -14.2282 -0.648249
0.679 -15.0352 -0.996959
0.68 -14.9855 -0.962725
0.681 -13.8781 -0.631149
0.682 -11.8263 -0.16512
0.683 -9.33488 0.243912
0.684 -7.09746 0.45102
0.685 -5.75469 0.395836
0.686 -5.6232 0.0989734
0.687 -6.62616 -0.350106
0.688 -8.35559 -0.846825
0.689 -10.152 -1.2787
0.69 -11.3626 -1.56396
0.691 -11.6 -1.68319
0.692 -10.904 -1.66613
0.693 -9.6721 -1.57108
0.694 -8.53395 -1.44977
0.695 -8.14042 -1.37084
0.696 -8.85556 -1.37046
0.697 -10.6311 -1.45816
0.698 -13.0576 -1.60956
0.699 -15.4606 -1.78046
0.7 -17.1051 -1.90023
0.701 -17.5166 -1.8753
0.702 -16.6426 -1.63359
0.703 -14.8136 -1.1236
0.704 -12.633 -0.343714
0.705 -10.793 0.627107
0.706 -9.80177 1.6548
0.707 -9.78468 2.57666
0.708 -10.5087 3.22364
0.709 -11.4579 3.46241
0.71 -12.0351 3.2739
0.711 -11.8289 2.7404
0.712 -10.741 2.02692
0.713 -9.02026 1.32076
0.714 -7.19069 0.767059
0.715 -5.85424 0.449547
0.716 -5.42616 0.334477
0.717 -6.0565 0.293732
0.718 -7.55333 0.170518
0.719 -9.42533 -0.166254
0.72 -11.1234 -0.769114
0.721 -12.1994 -1.57384
0.722 -12.4512 -2.39695
0.723 -11.9646 -3.00737
0.724 -11.0387 -3.20385
0.725 -10.0896 -2.8763
0.726 -9.44702 -2.06896
0.727 -9.2393 -0.956832
0.728 -9.38262 0.182373
0.729 -9.65325 1.07429
0.73 -9.76138 1.52672
0.731 -9.46447 1.46664
0.732 -8.72625 0.980677
0.733 -7.66762 0.280498
0.734 -6.52882 -0.368726
0.735 -5.56594 -0.738911
0.736 -4.96014 -0.705675
0.737 -4.80446 -0.309621
0.738 -5.05994 0.269257
0.739 -5.56436 0.792389
0.74 -6.17139 1.02841
0.741 -6.77963 0.863523
0.742 -7.33144 0.331316
0.743 -7.83421 -0.402096
0.744 -8.30087 -1.07925
0.745 -8.72664 -1.45022
0.746 -9.06203 -1.36253
0.747 -9.2283 -0.837948
0.748 -9.18239 -0.0354845
0.749 -8.93193 0.772583
0.75 -8.52618 1.28889
0.751 -8.08778 1.31093
0.752 -7.75798 0.798406
0.753 -7.61121 -0.128364
0.754 -7.64129 -1.22952
0.755 -7.74118 -2.184
0.756 -7.75161 -2.73782
0.757 -7.52414 -2.77404
0.758 -7.00122 -2.32715
0.759 -6.25681 -1.57911
0.76 -5.48776 -0.786396
0.761 -4.94597 -0.18261
0.762 -4.84251 0.107614
0.763 -5.2561 0.100007
0.764 -6.08079 -0.0723117
0.765 -7.03532 -0.210141
0.766 -7.79679 -0.114594
0.767 -8.10125 0.316298
0.768 -7.81789 1.04095
0.769 -7.06407 1.89177
0.77 -6.14113 2.6217
0.771 -5.39355 2.99695
0.772 -5.11144 2.87527
0.773 -5.41165 2.25437
0.774 -6.19241 1.27704
0.775 -7.16771 0.182031
0.776 -7.94814 -0.778701
0.777 -8.216 -1.40327
0.778 -7.85408 -1.60513
0.779 -6.97335 -1.44192
0.78 -5.87551 -1.06536
0.781 -4.93956 -0.663689
0.782 -4.4806 -0.371664
0.783 -4.63087 -0.243551
0.784 -5.27801 -0.244058
0.785 -6.11819 -0.265686
0.786 -6.78585 -0.193429
0.787 -6.98476 0.0574181
0.788 -6.60024 0.490124
0.789 -5.74062 1.01614
0.79 -4.69002 1.50213
0.791 -3.81296 1.80302
0.792 -3.39214 1.82648
0.793 -3.54007 1.54009
0.794 -4.17486 1.00249
0.795 -5.03353 0.336023
0.796 -5.7986 -0.338307
0.797 -6.21745 -0.904724
0.798 -6.17747 -1.30228
0.799 -5.74408 -1.5278
0.8 -5.12738 -1.61204
0.801 -4.59986 -1.60636
0.802 -4.36741 -1.54941
0.803 -4.49299 -1.4485
0.804 -4.89143 -1.28878
0.805 -5.36501 -1.04639
0.806 -5.68706 -0.704888
0.807 -5.70344 -0.284726
0.808 -5.36559 0.164755
0.809 -4.75786 0.578144
0.81 -4.07706 0.889828
0.811 -3.50773 1.06318
0.812 -3.17357 1.09846
0.813 -3.11245 1.025
0.814 -3.24211 0.895627
0.815 -3.44026 0.753715
0.816 -3.59359 0.614787
0.817 -3.62516 0.466761
0.818 -3.55548 0.272686
0.819 -3.4618 0.00210556
0.82 -3.42788 -0.342439
0.821 -3.52294 -0.730074
0.822 -3.74425 -1.09205
0.823 -4.03481 -1.33222
0.824 -4.30078 -1.38316
0.825 -4.44511 -1.22516
0.826 -4.43071 -0.890913
0.827 -4.27799 -0.46822
0.828 -4.06384 -0.0681244
0.829 -3.87702 0.209893
0.83 -3.7658 0.316861
0.831 -3.73513 0.272177
0.832 -3.73554 0.146815
0.833 -3.68665 0.0383419
0.834 -3.51731 0.0314621
0.835 -3.21075 0.160781
0.836 -2.80796 0.395845
0.837 -2.40821 0.659985
0.838 -2.1375 0.850678
0.839 -2.0803 0.882355
0.84 -2.2511 0.727058
0.841 -2.58976 0.418476
0.842 -2.97882 0.0496912
0.843 -3.28976 -0.26141
0.844 -3.42833 -0.409641
0.845 -3.38784 -0.349271
0.846 -3.23734 -0.112251
0.847 -3.08111 0.212694
0.848 -3.03435 0.506372
0.849 -3.16855 0.661928
0.85 -3.47628 0.621472
0.851 -3.86283 0.397964
0.852 -4.1922 0.0677458
0.853 -4.3425 -0.261922
0.854 -4.25199 -0.491044
0.855 -3.93408 -0.564996
0.856 -3.47674 -0.487045
0.857 -3.01112 -0.320976
0.858 -2.65864 -0.157911
0.859 -2.48135 -0.0808544
0.86 -2.46415 -0.134357
0.861 -2.53088 -0.307576
0.862 -2.5784 -0.540611
0.863 -2.52105 -0.743046
0.864 -2.32085 -0.832314
0.865 -2.00809 -0.767784
0.866 -1.66816 -0.558865
0.867 -1.39559 -0.257239
0.868 -1.26731 0.054956
0.869 -1.31515 0.298546
0.87 -1.50763 0.426585
0.871 -1.77354 0.431929
0.872 -2.02723 0.34262
0.873 -2.20105 0.212881
0.874 -2.26912 0.101648
0.875 -2.24988 0.0454618
0.876 -2.1869 0.0489339
0.877 -2.12715 0.0920167
0.878 -2.10006 0.13791
0.879 -2.11074 0.146403
0.88 -2.13435 0.0952596
0.881 -2.12881 -0.0139392
0.882 -2.06586 -0.158772
0.883 -1.93845 -0.301204
0.884 -1.7663 -0.406603
0.885 -1.58532 -0.455063
0.886 -1.42945 -0.442066
0.887 -1.31829 -0.376967
0.888 -1.25366 -0.281869
0.889 -1.22123 -0.181458
0.89 -1.19568 -0.0929407
0.891 -1.15769 -0.0222181
0.892 -1.10901 0.0321358
0.893 -1.07247 0.0737272
0.894 -1.07929 0.106606
0.895 -1.14553 0.132327
0.896 -1.26809 0.146968
0.897 -1.42359 0.146133
0.898 -1.56868 0.127461
0.899 -1.6604 0.0927068
0.9 -1.66848 0.0488167
0.901 -1.59367 0.00377405
0.902 -1.47218 -0.0365911
0.903 -1.35497 -0.0706533
0.904 -1.28794 -0.10189
0.905 -1.2968 -0.137053
0.906 -1.37355 -0.178974
0.907 -1.47806 -0.224319
0.908 -1.55602 -0.262997
0.909 -1.55805 -0.28019
0.91 -1.46602 -0.263639
0.911 -1.29866 -0.207087
0.912 -1.10425 -0.113865
0.913 -0.943134 0.000346422
0.914 -0.865589 0.113378
0.915 -0.891182 0.203902
0.916 -0.995807 0.256421
0.917 -1.12341 0.267132
0.918 -1.2117 0.24464
0.919 -1.21421 0.203827
0.92 -1.1162 0.160581
0.921 -0.942576 0.127573
0.922 -0.745686 0.10703
0.923 -0.586894 0.0909302
0.924 -0.509476 0.0667841
0.925 -0.523933 0.0228142
0.926 -0.605687 -0.0458075
0.927 -0.706492 -0.134791
0.928 -0.772997 -0.230163
0.929 -0.768041 -0.312943
0.93 -0.686687 -0.364738
0.931 -0.556167 -0.373038
0.932 -0.421491 -0.337489
0.933 -0.329511 -0.268284
0.934 -0.309025 -0.180635
0.935 -0.359084 -0.0923026
0.936 -0.45248 -0.0178047
0.937 -0.547461 0.0364116
0.938 -0.604697 0.0713565
0.939 -0.601898 0.09429
0.94 -0.540358 0.113298
0.941 -0.444715 0.133442
0.942 -0.350638 0.155032
0.943 -0.289013 0.1734
0.944 -0.274683 0.181407
0.945 -0.30291 0.172717
0.946 -0.353302 0.144183
0.947 -0.398615 0.0979752
0.948 -0.416883 0.0409736
0.949 -0.39946 -0.0177447
0.95 -0.353976 -0.0693206
0.951 -0.299531 -0.107826
0.952 -0.256899 -0.130523
0.953 -0.239931 -0.138091
0.954 -0.25083 -0.133919
0.955 -0.280053 -0.122243
0.956 -0.311768 -0.106296
0.957 -0.329415 -0.0884769
0.958 -0.323435 -0.0700885
0.959 -0.295053 -0.051407
0.96 -0.25304 -0.0330483
0.961 -0.210651 -0.0154457
0.962 -0.179583 0.000580588
0.963 -0.164673 0.0140773
0.964 -0.163086 0.024233
0.965 -0.167057 0.0307048
0.966 -0.167498 0.0339004
0.967 -0.158446 0.0343435
0.968 -0.139149 0.0324803
0.969 -0.113996 0.0287575
0.97 -0.0905084 0.0237948
0.971 -0.0754006 0.0180596
0.972 -0.0716451 0.0119607
0.973 -0.0777718 0.00602517
0.974 -0.0886063 0.00112484
0.975 -0.0976728 -0.00188135
0.976 -0.100015 -0.00261939
0.977 -0.0940507 -0.00126095
0.978 -0.0816239 0.00154107
0.979 -0.0669005 0.00472352
0.98 -0.0541383 0.00722116
0.981 -0.0459468 0.008285
0.982 -0.0425635 0.00769095
0.983 -0.0420706 0.00578562
0.984 -0.0417331 0.00326036
0.985 -0.0392707 0.000900654
0.986 -0.033825 -0.000737401
0.987 -0.0261401 -0.00147755
0.988 -0.0179685 -0.00147122
0.989 -0.0111317 -0.00110492
0.99 -0.00671284 -0.000738957
0.991 -0.00470387 -0.000588947
0.992 -0.00430729 -0.000650925
0.993 -0.00443549 -0.000785093
0.994 -0.00424529 -0.000839263
0.995 -0.00346825 -0.00073095
0.996 -0.00232545 -0.00049845
0.997 -0.00122826 -0.000244063
0.998 -0.000469569 -6.82078e-05
0.999 -9.78781e-05 -2.95958e-06
0.12 -94.8115 1.01502
0.24 -94.5396 1.01318
0.36 -94.0878 1.01011
0.48 -93.4581 1.00583
0.6 -92.6534 1.00037
0.72 -91.6774 0.993749
0.84 -90.5345 0.985996
0.96 -89.2299 0.977149
1.08 -87.7694 0.967251
1.2 -86.1596 0.956346
1.32 -84.4076 0.944485
1.44 -82.5211 0.931723
1.56 -80.5085 0.918118
1.68 -78.3785 0.903731
1.8 -76.1403 0.888626
1.92 -73.8035 0.872872
2.04 -71.378 0.856536
2.16 -68.8738 0.839691
2.28 -66.3014 0.822407
2.4 -63.6712 0.804759
2.52 -60.9938 0.78682
2.64 -58.2797 0.768664
2.76 -55.5396 0.750362
2.88 -52.7837 0.731989
3 -50.0224 0.713614
3.12 -47.2657 0.695307
3.24 -44.5235 0.677135
3.36 -41.805 0.659163
3.48 -39.1195 0.641454
3.6 -36.4757 0.624065
3.72 -33.8816 0.607054
3.84 -31.3452 0.590472
3.96 -28.8736 0.574367
4.08 -26.4735 0.558784
4.2 -24.1509 0.543762
4.32 -21.9114 0.529339
4.44 -19.7598 0.515544
4.56 -17.7005 0.502405
4.68 -15.7369 0.489944
4.8 -13.8722 0.478179
4.92 -12.1087 0.467122
5.04 -10.4482 0.456783
5.16 -8.89166 0.447165
5.28 -7.43973 0.438269
5.4 -6.09233 0.43009
5.52 -4.84883 0.42262
5.64 -3.70807 0.415847
5.76 -2.66839 0.409754
5.88 -1.72764 0.404323
6 -0.883215 0.399531
6.12 -0.132114 0.395352
6.24 0.52905 0.391759
6.36 1.104 0.388721
6.48 1.59675 0.386205
6.6 2.0116 0.384177
6.72 2.35303 0.382601
6.84 2.62572 0.38144
6.96 2.8345 0.380655
7.08 2.98427 0.380207
7.2 3.08001 0.380058
7.32 3.12671 0.380166
7.44 3.12935 0.380494
7.56 3.09287 0.381002
7.68 3.02211 0.381652
7.8 2.9218 0.382406
7.92 2.79653 0.383227
8.04 2.65073 0.38408
8.16 2.48861 0.384932
8.28 2.31419 0.385749
8.4 2.13125 0.386502
8.52 1.94332 0.387161
8.64 1.75366 0.3877
8.76 1.56525 0.388093
8.88 1.38082 0.388319
9 1.20279 0.388355
9.12 1.03329 0.388185
9.24 0.874176 0.387791
9.36 0.727006 0.38716
9.48 0.593065 0.386279
9.6 0.473363 0.385138
9.72 0.368648 0.383731
9.84 0.279415 0.382051
9.96 0.205918 0.380094
10.08 0.148187 0.37786
10.2 0.106043 0.375347
10.32 0.0791143 0.372558
10.44 0.0668524 0.369496
10.56 0.0685536 0.366166
10.68 0.0833759 0.362574
10.8 0.110358 0.358729
10.92 0.14844 0.354638
11.04 0.196481 0.350313
11.16 0.253278 0.345763
11.28 0.317584 0.341001
11.4 0.388128 0.33604
11.52 0.46363 0.330893
11.64 0.542818 0.325574
11.76 0.624441 0.320097
11.88 0.707286 0.314478
12 0.790188 0.308731
12.12 0.872047 0.302872
12.24 0.951828 0.296916
12.36 1.02858 0.29088
12.48 1.10144 0.284779
12.6 1.16964 0.278629
12.72 1.2325 0.272446
12.84 1.28945 0.266245
12.96 1.34002 0.260042
13.08 1.38385 0.253851
13.2 1.42067 0.247689
13.32 1.45032 0.24157
13.44 1.47274 0.235508
13.56 1.48795 0.229517
13.68 1.49607 0.223612
13.8 1.49731 0.217807
13.92 1.49194 0.212114
14.04 1.48031 0.206545
14.16 1.46282 0.201115
14.28 1.43994 0.195833
14.4 1.41217 0.190713
14.52 1.38007 0.185765
14.64 1.34419 0.180999
14.76 1.30514 0.176426
14.88 1.26351 0.172055
15 1.21992 0.167895
15.12 1.17497 0.163955
15.24 1.12924 0.160241
15.36 1.08332 0.156761
15.48 1.03774 0.153522
15.6 0.993033 0.150528
15.72 0.94967 0.147786
15.84 0.908094 0.145298
15.96 0.8687 0.143068
16.08 0.831836 0.141099
16.2 0.797802 0.139391
16.32 0.766844 0.137946
16.44 0.739157 0.136763
16.56 0.714883 0.135841
16.68 0.694111 0.135177
16.8 0.676881 0.134768
16.92 0.66318 0.134609
17.04 0.65295 0.134695
17.16 0.646087 0.13502
17.28 0.642446 0.135575
17.4 0.641844 0.136352
17.52 0.644063 0.137342
17.64 0.648855 0.138534
17.76 0.655946 0.139915
17.88 0.665043 0.141474
18 0.675832 0.143196
18.12 0.687991 0.145067
18.24 0.701188 0.147072
18.36 0.71509 0.149195
18.48 0.729363 0.151419
18.6 0.74368 0.153726
18.72 0.757724 0.156098
18.84 0.77119 0.158517
18.96 0.78379 0.160964
19.08 0.795256 0.16342
19.2 0.805342 0.165864
19.32 0.813825 0.168279
19.44 0.82051 0.170643
19.56 0.825231 0.172938
19.68 0.827849 0.175145
19.8 0.828254 0.177244
19.92 0.826368 0.179218
20.04 0.822143 0.181047
20.16 0.815557 0.182716
20.28 0.80662 0.184206
20.4 0.795368 0.185503
20.52 0.781861 0.186591
20.64 0.766187 0.187458
20.76 0.748453 0.188088
20.88 0.728786 0.188473
21 0.707332 0.1886
21.12 0.684252 0.18846
21.24 0.659718 0.188047
21.36 0.633913 0.187353
21.48 0.607029 0.186373
21.6 0.579258 0.185105
21.72 0.550799 0.183545
21.84 0.521848 0.181694
21.96 0.492598 0.179551
22.08 0.463237 0.17712
22.2 0.433948 0.174404
22.32 0.404902 0.171407
22.44 0.37626 0.168137
22.56 0.348171 0.164601
22.68 0.320771 0.160809
22.8 0.29418 0.156769
22.92 0.268503 0.152494
23.04 0.243829 0.147996
23.16 0.220232 0.143287
23.28 0.197766 0.138383
23.4 0.176473 0.133298
23.52 0.156376 0.128047
23.64 0.137483 0.122647
23.76 0.11979 0.117114
23.88 0.103275 0.111465
24 0.0879074 0.105718
24.12 0.0736421 0.0998895
24.24 0.0604256 0.0939973
24.36 0.0481948 0.0880589
24.48 0.0368798 0.0820916
24.6 0.0264046 0.0761125
24.72 0.0166889 0.0701384
24.84 0.00764978 0.0641857
24.96 -0.000797092 0.0582705
25.08 -0.00873586 0.0524082
25.2 -0.0162491 0.0466136
25.32 -0.0234167 0.0409008
25.44 -0.0303143 0.0352833
25.56 -0.0370127 0.0297738
25.68 -0.0435764 0.0243843
25.8 -0.050063 0.0191256
25.92 -0.0565227 0.0140082
26.04 -0.0629974 0.00904115
26.16 -0.0695204 0.00423302
26.28 -0.0761165 -0.000408708
26.4 -0.0828012 -0.00487739
26.52 -0.0895816 -0.00916727
26.64 -0.0964559 -0.0132735
26.76 -0.103414 -0.017192
26.88 -0.110438 -0.0209197
27 -0.117503 -0.0244541
27.12 -0.124577 -0.0277937
27.24 -0.131622 -0.0309376
27.36 -0.138595 -0.0338855
27.48 -0.14545 -0.0366381
27.6 -0.152137 -0.0391963
27.72 -0.158602 -0.0415619
27.84 -0.164793 -0.0437371
27.96 -0.170655 -0.0457244
28.08 -0.176136 -0.0475271
28.2 -0.181183 -0.0491486
28.32 -0.185748 -0.0505928
28.44 -0.189785 -0.0518637
28.56 -0.193254 -0.0529659
28.68 -0.196116 -0.053904
28.8 -0.198342 -0.0546827
28.92 -0.199907 -0.055307
29.04 -0.200792 -0.0557821
29.16 -0.200986 -0.0561131
29.28 -0.200484 -0.0563052
29.4 -0.199289 -0.0563639
29.52 -0.197412 -0.0562944
29.64 -0.194868 -0.0561021
29.76 -0.191682 -0.0557923
29.88 -0.187885 -0.0553705
30 -0.183514 -0.054842
30.12 -0.17861 -0.054212
30.24 -0.173222 -0.0534859
30.36 -0.167402 -0.052669
30.48 -0.161207 -0.0517665
30.6 -0.154695 -0.0507837
30.72 -0.14793 -0.0497259
30.84 -0.140974 -0.0485983
30.96 -0.133893 -0.0474061
31.08 -0.126751 -0.0461545
31.2 -0.119612 -0.0448489
31.32 -0.112539 -0.0434945
31.44 -0.105592 -0.0420967
31.56 -0.098829 -0.0406608
31.68 -0.0923034 -0.0391921
31.8 -0.0860653 -0.037696
31.92 -0.0801598 -0.0361781
32.04 -0.074627 -0.0346437
32.16 -0.0695014 -0.0330985
32.28 -0.0648119 -0.0315479
32.4 -0.060581 -0.0299974
32.52 -0.0568253 -0.0284527
32.64 -0.0535551 -0.0269193
32.76 -0.0507744 -0.0254028
32.88 -0.0484813 -0.0239086
33 -0.0466678 -0.0224423
33.12 -0.0453203 -0.0210092
33.24 -0.0444199 -0.0196146
33.36 -0.0439429 -0.0182637
33.48 -0.0438609 -0.0169617
33.6 -0.0441418 -0.0157133
33.72 -0.0447499 -0.0145234
33.84 -0.0456467 -0.0133964
33.96 -0.0467916 -0.0123366
34.08 -0.0481422 -0.0113481
34.2 -0.0496552 -0.0104345
34.32 -0.0512871 -0.00959942
34.44 -0.0529946 -0.00884581
34.56 -0.0547351 -0.00817647
34.68 -0.0564677 -0.00759377
34.8 -0.0581534 -0.0070997
34.92 -0.0597558 -0.00669583
35.04 -0.0612414 -0.00638332
35.16 -0.06258 -0.00616291
35.28 -0.0637453 -0.00603486
35.4 -0.0647149 -0.00599903
35.52 -0.0654708 -0.00605479
35.64 -0.0659991 -0.0062011
35.76 -0.0662909 -0.00643645
35.88 -0.0663413 -0.00675891
36 -0.0661504 -0.00716609
36.12 -0.0657224 -0.00765522
36.24 -0.0650658 -0.00822312
36.36 -0.0641932 -0.00886622
36.48 -0.0631211 -0.0095806
36.6 -0.0618693 -0.010362
36.72 -0.0604607 -0.0112059
36.84 -0.0589208 -0.0121074
36.96 -0.0572777 -0.0130614
37.08 -0.055561 -0.0140627
37.2 -0.0538017 -0.0151057
37.32 -0.0520317 -0.0161848
37.44 -0.0502834 -0.0172943
37.56 -0.0485887 -0.0184283
37.68 -0.0469793 -0.0195811
37.8 -0.0454855 -0.0207467
37.92 -0.0441364 -0.0219194
38.04 -0.0429589 -0.0230933
38.16 -0.0419777 -0.0242629
38.28 -0.0412149 -0.0254227
38.4 -0.0406897 -0.0265672
38.52 -0.0404179 -0.0276914
38.64 -0.040412 -0.0287903
38.76 -0.040681 -0.0298593
38.88 -0.0412301 -0.0308939
39 -0.0420609 -0.03189
39.12 -0.043171 -0.0328438
39.24 -0.0445546 -0.0337518
39.36 -0.0462021 -0.0346109
39.48 -0.0481006 -0.0354182
39.6 -0.0502339 -0.0361712
39.72 -0.0525827 -0.0368677
39.84 -0.055125 -0.037506
39.96 -0.0578364 -0.0380846
40.08 -0.0606902 -0.0386023
40.2 -0.0636581 -0.0390582
40.32 -0.0667104 -0.039452
40.44 -0.0698163 -0.0397832
40.56 -0.0729444 -0.040052
40.68 -0.0760631 -0.0402586
40.8 -0.079141 -0.0404036
40.92 -0.0821472 -0.0404878
41.04 -0.0850518 -0.040512
41.16 -0.0878261 -0.0404774
41.28 -0.090443 -0.0403851
41.4 -0.0928775 -0.0402367
41.52 -0.0951065 -0.0400336
41.64 -0.0971095 -0.0397772
41.76 -0.0988687 -0.0394692
41.88 -0.100369 -0.0391113
42 -0.101598 -0.038705
42.12 -0.102547 -0.038252
42.24 -0.103209 -0.0377538
42.36 -0.103581 -0.0372121
42.48 -0.103664 -0.0366283
42.6 -0.103459 -0.0360037
42.72 -0.102974 -0.0353398
42.84 -0.102215 -0.0346378
42.96 -0.101194 -0.0338987
43.08 -0.0999235 -0.0331237
43.2 -0.098419 -0.0323136
43.32 -0.0966972 -0.0314692
43.44 -0.0947765 -0.0305913
43.56 -0.0926764 -0.0296804
43.68 -0.0904175 -0.0287372
43.8 -0.0880208 -0.027762
43.92 -0.085508 -0.0267551
44.04 -0.0829003 -0.025717
44.16 -0.0802191 -0.0246478
44.28 -0.0774851 -0.0235478
44.4 -0.074718 -0.0224171
44.52 -0.0719367 -0.0212561
44.64 -0.0691587 -0.0200648
44.76 -0.0664001 -0.0188436
44.88 -0.0636753 -0.0175928
45 -0.060997 -0.0163126
45.12 -0.0583758 -0.0150037
45.24 -0.0558206 -0.0136666
45.36 -0.053338 -0.0123018
45.48 -0.0509329 -0.0109103
45.6 -0.0486077 -0.00949309
45.72 -0.0463632 -0.00805118
45.84 -0.0441982 -0.00658592
45.96 -0.0421095 -0.00509877
46.08 -0.0400926 -0.00359141
46.2 -0.038141 -0.0020657
46.32 -0.0362471 -0.000523706
46.44 -0.0344022 0.00103231
46.56 -0.0325964 0.00259989
46.68 -0.0308191 0.00417637
46.8 -0.0290594 0.0057589
46.92 -0.0273058 0.00734442
47.04 -0.0255467 0.00892971
47.16 -0.0237709 0.0105114
47.28 -0.0219674 0.0120859
47.4 -0.0201257 0.0136496
47.52 -0.0182361 0.0151986
47.64 -0.01629 0.016729
47.76 -0.0142797 0.0182368
47.88 -0.012199 0.0197179
48 -0.0100429 0.0211681
48.12 -0.00780784 0.0225834
48.24 -0.00549202 0.0239595
48.36 -0.00309515 0.0252923
48.48 -0.000618587 0.0265777
48.6 0.00193465 0.0278116
48.72 0.00455993 0.0289901
48.84 0.00725104 0.0301093
48.96 0.0100003 0.0311656
49.08 0.0127986 0.0321553
49.2 0.0156355 0.0330751
49.32 0.0184996 0.0339218
49.44 0.0213783 0.0346924
49.56 0.0242582 0.0353842
49.68 0.0271255 0.0359946
49.8 0.0299656 0.0365215
49.92 0.0327639 0.0369627
50.04 0.0355057 0.0373168
50.16 0.0381764 0.0375822
50.28 0.0407617 0.0377579
50.4 0.043248 0.037843
50.52 0.0456223 0.037837
50.64 0.0478725 0.0377398
50.76 0.0499877 0.0375514
50.88 0.0519581 0.0372722
51 0.0537753 0.036903
51.12 0.0554323 0.0364447
51.24 0.0569238 0.0358986
51.36 0.058246 0.0352663
51.48 0.0593968 0.0345494
51.6 0.0603757 0.0337501
51.72 0.0611842 0.0328706
51.84 0.0618252 0.0319134
51.96 0.0623034 0.0308811
52.08 0.0626249 0.0297767
52.2 0.0627976 0.0286032
52.32 0.0628304 0.0273637
52.44 0.0627339 0.0260616
52.56 0.0625193 0.0247004
52.68 0.0621993 0.0232834
52.8 0.0617871 0.0218144
52.92 0.0612966 0.020297
53.04 0.0607422 0.0187349
53.16 0.0601384 0.0171319
53.28 0.0595 0.0154916
53.4 0.0588415 0.0138179
53.52 0.0581772 0.0121145
53.64 0.0575208 0.0103851
53.76 0.0568856 0.00863331
53.88 0.0562837 0.0068628
54 0.0557266 0.00507712
54.12 0.0552244 0.00327974
54.24 0.0547861 0.00147407
54.36 0.0544194 -0.000336557
54.48 0.0541304 -0.0021489
54.6 0.0539238 -0.00395981
54.72 0.0538029 -0.00576622
54.84 0.0537692 -0.00756517
54.96 0.0538227 -0.00935378
55.08 0.0539619 -0.0111293
55.2 0.0541837 -0.012889
55.32 0.0544834 -0.0146302
55.44 0.0548552 -0.0163506
55.56 0.0552918 -0.0180476
55.68 0.0557845 -0.0197189
55.8 0.0563238 -0.0213621
55.92 0.0568991 -0.0229752
56.04 0.057499 -0.0245559
56.16 0.0581114 -0.0261021
56.28 0.0587236 -0.0276119
56.4 0.0593228 -0.0290831
56.52 0.0598958 -0.0305139
56.64 0.0604294 -0.0319023
56.76 0.0609107 -0.0332465
56.88 0.0613269 -0.0345446
57 0.0616658 -0.0357948
57.12 0.0619156 -0.0369953
57.24 0.0620657 -0.0381443
57.36 0.0621058 -0.0392402
57.48 0.062027 -0.0402811
57.6 0.0618213 -0.0412655
57.72 0.0614819 -0.0421916
57.84 0.0610034 -0.0430578
57.96 0.0603814 -0.0438625
58.08 0.0596131 -0.0446042
58.2 0.0586969 -0.0452813
58.32 0.0576325 -0.0458925
58.44 0.0564213 -0.0464362
58.56 0.0550655 -0.0469113
58.68 0.053569 -0.0473163
58.8 0.0519366 -0.0476502
58.92 0.0501746 -0.0479118
59.04 0.04829 -0.0481003
59.16 0.0462909 -0.0482147
59.28 0.0441863 -0.0482543
59.4 0.041986 -0.0482185
59.52 0.0397002 -0.0481068
59.64 0.0373399 -0.047919
59.76 0.0349163 -0.047655
59.88 0.0324408 -0.0473147
60 0.0299252 -0.0468984
60.12 0.0273811 -0.0464065
60.24 0.0248199 -0.0458397
60.36 0.0222531 -0.0451988
60.48 0.0196916 -0.0444848
60.6 0.017146 -0.0436991
60.72 0.0146262 -0.0428432
60.84 0.0121419 -0.0419187
60.96 0.00970171 -0.0409277
61.08 0.00731374 -0.0398723
61.2 0.00498527 -0.0387551
61.32 0.00272279 -0.0375786
61.44 0.000531961 -0.0363458
61.56 -0.0015824 -0.0350597
61.68 -0.00361629 -0.0337238
61.8 -0.00556656 -0.0323415
61.92 -0.00743083 -0.0309166
62.04 -0.00920749 -0.0294531
62.16 -0.0108957 -0.027955
62.28 -0.0124951 -0.0264266
62.4 -0.0140063 -0.0248723
62.52 -0.0154301 -0.0232967
62.64 -0.0167679 -0.0217045
62.76 -0.0180217 -0.0201004
62.88 -0.0191934 -0.0184892
63 -0.0202857 -0.0168759
63.12 -0.021301 -0.0152654
63.24 -0.0222421 -0.0136626
63.36 -0.0231117 -0.0120725
63.48 -0.0239126 -0.0105
63.6 -0.0246473 -0.00894993
63.72 -0.0253183 -0.00742715
63.84 -0.0259279 -0.00593631
63.96 -0.0264781 -0.004482
64.08 -0.0269706 -0.00306863
64.2 -0.027407 -0.00170049
64.32 -0.0277882 -0.000381652
64.44 -0.0281152 0.000884004
64.56 -0.0283882 0.00209282
64.68 -0.0286075 0.00324139
64.8 -0.0287729 0.00432656
64.92 -0.0288838 0.00534545
65.04 -0.0289396 0.00629547
65.16 -0.0289393 0.00717435
65.28 -0.0288817 0.00798011
65.4 -0.0287657 0.00871111
65.52 -0.0285898 0.00936603
65.64 -0.0283527 0.00994392
65.76 -0.0280532 0.0104441
65.88 -0.02769 0.0108664
66 -0.0272622 0.0112107
66.12 -0.0267688 0.0114776
66.24 -0.0262094 0.0116678
66.36 -0.0255839 0.0117823
66.48 -0.0248924 0.0118225
66.6 -0.0241355 0.0117903
66.72 -0.0233145 0.0116876
66.84 -0.0224308 0.0115168
66.96 -0.0214869 0.0112806
67.08 -0.0204852 0.0109817
67.2 -0.0194293 0.0106235
67.32 -0.0183229 0.0102092
67.44 -0.0171707 0.00974239
67.56 -0.0159775 0.00922694
67.68 -0.0147491 0.00866679
67.8 -0.0134916 0.00806602
67.92 -0.0122115 0.00742888
68.04 -0.0109159 0.00675969
68.16 -0.00961221 0.00606285
68.28 -0.00830823 0.00534284
68.4 -0.007012 0.00460414
68.52 -0.00573177 0.00385124
68.64 -0.00447591 0.00308863
68.76 -0.00325288 0.00232073
68.88 -0.00207112 0.0015519
69 -0.000938964 0.000786433
69.12 0.000135401 2.84856e-05
69.24 0.00114404 -0.000717903
69.36 0.00207934 -0.00144885
69.48 0.00293407 -0.00216063
69.6 0.00370146 -0.0028497
69.72 0.00437527 -0.00351275
69.84 0.00494982 -0.00414664
69.96 0.00542008 -0.00474849
70.08 0.0057817 -0.00531564
70.2 0.00603106 -0.00584567
70.32 0.00616526 -0.00633643
70.44 0.00618222 -0.00678603
70.56 0.00608061 -0.00719282
70.68 0.00585993 -0.00755544
70.8 0.00552049 -0.00787279
70.92 0.00506337 -0.00814402
71.04 0.00449045 -0.00836854
71.16 0.00380437 -0.00854605
71.28 0.00300847 -0.00867645
71.4 0.00210681 -0.00875993
71.52 0.00110411 -0.00879687
71.64 5.65606e-06 -0.0087879
71.76 -0.00118268 -0.00873385
71.88 -0.00245455 -0.00863576
72 -0.00380317 -0.00849484
72.12 -0.00522136 -0.00831247
72.24 -0.00670167 -0.0080902
72.36 -0.00823636 -0.00782972
72.48 -0.00981754 -0.00753282
72.6 -0.0114372 -0.00720141
72.72 -0.0130872 -0.00683751
72.84 -0.0147595 -0.00644318
72.96 -0.0164462 -0.00602057
73.08 -0.0181392 -0.00557184
73.2 -0.0198308 -0.0050992
73.32 -0.0215136 -0.00460486
73.44 -0.0231802 -0.00409103
73.56 -0.0248236 -0.00355989
73.68 -0.0264371 -0.00301361
73.8 -0.0280144 -0.00245429
73.92 -0.0295495 -0.001884
74.04 -0.0310367 -0.00130472
74.16 -0.0324707 -0.000718374
74.28 -0.0338469 -0.000126789
74.4 -0.0351605 0.00046829
74.52 -0.0364076 0.00106522
74.64 -0.0375843 0.00166245
74.76 -0.0386874 0.00225854
74.88 -0.0397137 0.00285217
75 -0.0406605 0.00344209
75.12 -0.0415255 0.00402718
75.24 -0.0423064 0.00460644
75.36 -0.0430015 0.00517896
75.48 -0.0436089 0.00574391
75.6 -0.0441274 0.00630058
75.72 -0.0445557 0.00684836
75.84 -0.0448927 0.0073867
75.96 -0.0451376 0.00791513
76.08 -0.0452897 0.00843328
76.2 -0.0453482 0.00894081
76.32 -0.0453128 0.00943746
76.44 -0.0451831 0.009923
76.56 -0.0449588 0.0103973
76.68 -0.0446399 0.0108601
76.8 -0.0442264 0.0113113
76.92 -0.0437184 0.0117509
77.04 -0.0431163 0.0121787
77.16 -0.0424204 0.0125946
77.28 -0.0416315 0.0129985
77.4 -0.0407504 0.0133903
77.52 -0.0397782 0.0137698
77.64 -0.0387161 0.0141369
77.76 -0.0375658 0.0144913
77.88 -0.0363291 0.0148328
78 -0.0350082 0.0151612
78.12 -0.0336056 0.015476
78.24 -0.0321243 0.015777
78.36 -0.0305674 0.0160638
78.48 -0.0289388 0.0163358
78.6 -0.0272423 0.0165927
78.72 -0.0254826 0.0168338
78.84 -0.0236646 0.0170587
78.96 -0.0217936 0.0172668
79.08 -0.0198756 0.0174574
79.2 -0.0179166 0.0176298
79.32 -0.0159234 0.0177835
79.44 -0.013903 0.0179177
79.56 -0.0118627 0.0180319
79.68 -0.00981037 0.0181252
79.8 -0.007754 0.018197
79.92 -0.0057019 0.0182467
80.04 -0.00366258 0.0182738
80.16 -0.00164473 0.0182775
80.28 0.000342861 0.0182573
80.4 0.00229137 0.0182128
80.52 0.00419196 0.0181435
80.64 0.0060359 0.018049
80.76 0.00781461 0.0179291
80.88 0.00951969 0.0177835
81 0.0111431 0.017612
81.12 0.0126771 0.0174146
81.24 0.0141143 0.0171914
81.36 0.015448 0.0169425
81.48 0.016672 0.0166681
81.6 0.0177806 0.0163686
81.72 0.0187689 0.0160444
81.84 0.0196326 0.015696
81.96 0.0203684 0.0153241
82.08 0.0209736 0.0149296
82.2 0.0214465 0.0145131
82.32 0.0217862 0.0140757
82.44 0.0219927 0.0136185
82.56 0.022067 0.0131425
82.68 0.0220109 0.0126489
82.8 0.0218272 0.0121392
82.92 0.0215195 0.0116146
83.04 0.0210923 0.0110766
83.16 0.0205511 0.0105267
83.28 0.019902 0.00996634
83.4 0.019152 0.00939713
83.52 0.0183086 0.00882067
83.64 0.0173802 0.00823855
83.76 0.0163757 0.00765239
83.88 0.0153044 0.0070638
84 0.0141762 0.00647437
84.12 0.0130011 0.00588567
84.24 0.0117896 0.00529924
84.36 0.0105523 0.00471658
84.48 0.00929996 0.00413912
84.6 0.00804318 0.00356824
84.72 0.00679258 0.00300526
84.84 0.00555863 0.00245141
84.96 0.00435148 0.00190785
85.08 0.003181 0.00137562
85.2 0.0020566 0.000855712
85.32 0.00098723 0.000348978
85.44 -1.87257e-05 -0.000143813
85.56 -0.000953499 -0.000622002
85.68 -0.00180999 -0.00108504
85.8 -0.00258183 -0.00153248
85.92 -0.00326339 -0.00196399
86.04 -0.00384984 -0.00237934
86.16 -0.00433718 -0.00277841
86.28 -0.00472223 -0.00316117
86.4 -0.00500264 -0.00352772
86.52 -0.00517692 -0.00387822
86.64 -0.00524439 -0.00421293
86.76 -0.0052052 -0.00453219
86.88 -0.00506027 -0.00483644
87 -0.00481129 -0.00512615
87.12 -0.00446067 -0.00540188
87.24 -0.00401149 -0.00566422
87.36 -0.00346746 -0.00591384
87.48 -0.00283285 -0.0061514
87.6 -0.00211247 -0.00637762
87.72 -0.00131154 -0.00659321
87.84 -0.000435703 -0.00679892
87.96 0.000509103 -0.00699548
88.08 0.00151668 -0.00718359
88.2 0.00258063 -0.00736397
88.32 0.00369448 -0.00753728
88.44 0.00485165 -0.00770415
88.56 0.00604561 -0.00786519
88.68 0.00726989 -0.00802094
88.8 0.00851814 -0.00817187
88.92 0.00978422 -0.00831841
89.04 0.0110622 -0.00846092
89.16 0.0123464 -0.00859967
89.28 0.0136316 -0.00873488
89.4 0.0149126 -0.00886667
89.52 0.016185 -0.00899509
89.64 0.0174445 -0.00912012
89.76 0.0186873 -0.00924163
89.88 0.01991 -0.00935945
90 0.0211097 -0.0094733
90.12 0.0222838 -0.00958284
90.24 0.0234303 -0.00968766
90.36 0.0245474 -0.00978726
90.48 0.0256338 -0.00988112
90.6 0.0266885 -0.00996862
90.72 0.0277111 -0.0100491
90.84 0.028701 -0.0101219
90.96 0.0296584 -0.0101863
91.08 0.0305835 -0.0102415
91.2 0.0314767 -0.0102867
91.32 0.0323386 -0.0103212
91.44 0.03317 -0.0103441
91.56 0.0339718 -0.0103548
91.68 0.0347449 -0.0103523
91.8 0.0354904 -0.010336
91.92 0.0362091 -0.0103051
92.04 0.0369021 -0.010259
92.16 0.0375703 -0.0101971
92.28 0.0382145 -0.0101189
92.4 0.0388354 -0.0100237
92.52 0.0394338 -0.00991126
92.64 0.04001 -0.0097812
92.76 0.0405646 -0.00963326
92.88 0.0410976 -0.0094673
93 0.0416093 -0.00928326
93.12 0.0420995 -0.00908118
93.24 0.0425681 -0.00886121
93.36 0.0430148 -0.00862361
93.48 0.0434392 -0.00836874
93.6 0.0438409 -0.00809708
93.72 0.0442192 -0.00780922
93.84 0.0445736 -0.00750584
93.96 0.0449033 -0.00718776
94.08 0.0452079 -0.00685587
94.2 0.0454867 -0.00651119
94.32 0.0457391 -0.00615483
94.44 0.0459646 -0.00578797
94.56 0.0461629 -0.00541192
94.68 0.0463338 -0.00502802
94.8 0.0464771 -0.00463773
94.92 0.046593 -0.00424254
95.04 0.0466817 -0.00384402
95.16 0.0467437 -0.00344379
95.28 0.0467798 -0.0030435
95.4 0.0467909 -0.00264482
95.52 0.0467781 -0.00224948
95.64 0.0467431 -0.00185917
95.76 0.0466873 -0.00147563
95.88 0.0466128 -0.00110056
96 0.0465218 -0.000735654
96.12 0.0464166 -0.000382571
96.24 0.0462998 -4.29332e-05
96.36 0.0461742 0.000281685
96.48 0.0460427 0.00058977
96.6 0.0459085 0.000879876
96.72 0.0457747 0.00115063
96.84 0.0456445 0.00140076
96.96 0.0455213 0.00162907
97.08 0.0454084 0.00183447
97.2 0.0453091 0.00201599
97.32 0.0452266 0.00217276
97.44 0.0451639 0.00230405
97.56 0.0451242 0.00240925
97.68 0.0451101 0.00248786
97.8 0.0451244 0.00253956
97.92 0.0451692 0.00256412
98.04 0.0452466 0.0025615
98.16 0.0453585 0.00253176
98.28 0.0455062 0.00247513
98.4 0.0456908 0.00239199
98.52 0.045913 0.00228284
98.64 0.046173 0.00214834
98.76 0.0464708 0.00198929
98.88 0.0468058 0.00180662
99 0.0471771 0.00160141
99.12 0.0475834 0.00137485
99.24 0.0480229 0.00112828
99.36 0.0484935 0.000863145
99.48 0.0489927 0.000581003
99.6 0.0495175 0.000283526
99.72 0.0500647 -2.75149e-05
99.84 0.0506309 -0.000350259
99.96 0.0512122 -0.000682759
100.08 0.0518045 -0.00102299
100.2 0.0524036 -0.00136888
100.32 0.053005 -0.00171827
100.44 0.0536042 -0.00206898
100.56 0.0541964 -0.00241879
100.68 0.0547769 -0.00276545
100.8 0.0553411 -0.0031067
100.92 0.0558841 -0.00344028
101.04 0.0564013 -0.00376394
101.16 0.0568883 -0.00407544
101.28 0.0573406 -0.00437259
101.4 0.0577541 -0.00465323
101.52 0.0581248 -0.00491526
101.64 0.0584491 -0.00515665
101.76 0.0587234 -0.00537544
101.88 0.0589448 -0.00556977
102 0.0591105 -0.00573787
102.12 0.059218 -0.00587809
102.24 0.0592654 -0.00598889
102.36 0.059251 -0.00606886
102.48 0.0591735 -0.00611675
102.6 0.0590321 -0.00613143
102.72 0.0588263 -0.00611195
102.84 0.0585561 -0.00605752
102.96 0.0582217 -0.0059675
103.08 0.0578238 -0.00584145
103.2 0.0573635 -0.00567912
103.32 0.0568422 -0.00548042
103.44 0.0562614 -0.00524548
103.56 0.0556233 -0.0049746
103.68 0.05493 -0.00466831
103.8 0.0541841 -0.00432732
103.92 0.0533882 -0.00395253
104.04 0.0525453 -0.00354505
104.16 0.0516584 -0.00310619
104.28 0.0507307 -0.00263745
104.4 0.0497655 -0.00214053
104.52 0.0487662 -0.00161731
104.64 0.047736 -0.00106985
104.76 0.0466785 -0.000500374
104.88 0.0455969 8.87012e-05
105 0.0444947 0.00069482
105.12 0.0433751 0.00131527
105.24 0.0422413 0.00194721
105.36 0.0410964 0.00258767
105.48 0.0399435 0.00323355
105.6 0.0387853 0.00388167
105.72 0.0376246 0.00452876
105.84 0.036464 0.00517147
105.96 0.0353058 0.00580639
106.08 0.0341524 0.00643009
106.2 0.0330059 0.0070391
106.32 0.0318681 0.00762994
106.44 0.030741 0.00819916
106.56 0.0296262 0.00874332
106.68 0.0285252 0.00925904
106.8 0.0274393 0.00974298
106.92 0.0263699 0.0101919
107.04 0.0253182 0.0106027
107.16 0.0242851 0.0109724
107.28 0.0232717 0.0112979
107.4 0.0222789 0.0115767
107.52 0.0213075 0.0118062
107.64 0.0203584 0.0119839
107.76 0.0194322 0.0121077
107.88 0.0185297 0.0121757
108 0.0176516 0.012186
108.12 0.0167986 0.0121373
108.24 0.0159715 0.0120282
108.36 0.0151709 0.0118578
108.48 0.0143974 0.0116254
108.6 0.0136519 0.0113305
108.72 0.0129351 0.0109731
108.84 0.0122476 0.0105531
108.96 0.0115903 0.0100712
109.08 0.0109638 0.00952801
109.2 0.010369 0.00892455
109.32 0.00980642 0.00826218
109.44 0.00927692 0.0075425
109.56 0.00878114 0.00676742
109.68 0.00831975 0.00593913
109.8 0.00789333 0.00506008
109.92 0.00750244 0.00413299
110.04 0.00714754 0.00316084
110.16 0.00682904 0.00214685
110.28 0.00654722 0.00109446
110.4 0.00630231 7.3129e-06
110.52 0.00609436 -0.00111072
110.64 0.00592336 -0.00225563
110.76 0.00578913 -0.0034232
110.88 0.00569135 -0.00460912
111 0.00562957 -0.00580893
111.12 0.0056032 -0.00701809
111.24 0.00561145 -0.00823196
111.36 0.00565343 -0.00944587
111.48 0.00572806 -0.0106551
111.6 0.00583412 -0.0118549
111.72 0.00597023 -0.0130407
111.84 0.00613488 -0.0142076
111.96 0.00632643 -0.0153512
112.08 0.00654308 -0.0164669
112.2 0.00678295 -0.0175503
112.32 0.00704404 -0.0185971
112.44 0.00732425 -0.0196031
112.56 0.00762143 -0.0205645
112.68 0.00793335 -0.0214774
112.8 0.00825774 -0.0223383
112.92 0.00859232 -0.0231438
113.04 0.00893477 -0.0238909
113.16 0.0092828 -0.0245767
113.28 0.00963415 -0.0251987
113.4 0.00998659 -0.0257546
113.52 0.010338 -0.0262425
113.64 0.0106862 -0.0266605
113.76 0.0110293 -0.0270075
113.88 0.0113653 -0.0272824
114 0.0116926 -0.0274843
114.12 0.0120094 -0.0276131
114.24 0.0123143 -0.0276685
114.36 0.0126059 -0.0276508
114.48 0.012883 -0.0275606
114.6 0.0131446 -0.0273989
114.72 0.0133897 -0.0271667
114.84 0.0136177 -0.0268657
114.96 0.013828 -0.0264975
115.08 0.0140201 -0.0260643
115.2 0.0141938 -0.0255684
115.32 0.014349 -0.0250124
115.44 0.0144856 -0.0243991
115.56 0.0146037 -0.0237317
115.68 0.0147035 -0.0230132
115.8 0.0147854 -0.0222473
115.92 0.0148497 -0.0214376
116.04 0.0148968 -0.0205877
116.16 0.0149273 -0.0197015
116.28 0.0149417 -0.0187832
116.4 0.0149404 -0.0178367
116.52 0.014924 -0.0168663
116.64 0.0148931 -0.015876
116.76 0.014848 -0.0148702
116.88 0.0147891 -0.0138529
117 0.014717 -0.0128285
117.12 0.0146318 -0.0118011
117.24 0.0145337 -0.0107746
117.36 0.014423 -0.00975325
117.48 0.0142995 -0.00874079
117.6 0.0141632 -0.00774105
117.72 0.0140139 -0.00675767
117.84 0.0138513 -0.00579413
117.96 0.013675 -0.00485376
118.08 0.0134845 -0.00393969
118.2 0.0132792 -0.00305488
118.32 0.0130584 -0.00220207
118.44 0.0128213 -0.00138378
118.56 0.012567 -0.000602308
118.68 0.0122947 0.000140271
118.8 0.0120035 0.000842127
118.92 0.0116922 0.00150167
119.04 0.01136 0.00211756
119.16 0.0110059 0.00268868
119.28 0.0106288 0.00321421
119.4 0.0102279 0.00369351
119.52 0.00980231 0.00412625
119.64 0.00935127 0.00451228
119.76 0.0088741 0.00485173
119.88 0.00837023 0.00514493
120 0.00783924 0.00539245
