-0.999 -0.000105593 -3.46423e-05
-0.998 -0.000418234 -0.000124544
-0.997 -0.000901418 -0.000240843
-0.996 -0.00149769 -0.000365376
-0.995 -0.00216694 -0.000505185
-0.994 -0.00291535 -0.000681652
-0.993 -0.00379335 -0.000896589
-0.992 -0.00485876 -0.00110153
-0.991 -0.00612098 -0.00119771
-0.99 -0.00749466 -0.00106905
-0.989 -0.00880671 -0.000652026
-0.988 -0.00988549 -6.47943e-06
-0.987 -0.0106668 0.000653017
-0.986 -0.0113184 0.000967289
-0.985 -0.0122862 0.000542513
-0.984 -0.014184 -0.00089283
-0.983 -0.0176164 -0.00338609
-0.982 -0.0229482 -0.00672171
-0.981 -0.0301095 -0.010485
-0.98 -0.0385163 -0.0142353
-0.979 -0.0471824 -0.0176374
-0.978 -0.0550532 -0.0205414
-0.977 -0.0614009 -0.0230358
-0.976 -0.066062 -0.0253121
-0.975 -0.0694827 -0.0274777
-0.974 -0.0724731 -0.0293771
-0.973 -0.0758474 -0.0304762
-0.972 -0.0800238 -0.0300393
-0.971 -0.0845749 -0.0273624
-0.97 -0.088223 -0.0220883
-0.969 -0.0892905 -0.0144423
-0.968 -0.0862493 -0.00522637
-0.967 -0.0784783 0.00428855
-0.966 -0.0668478 0.0126089
-0.965 -0.0537451 0.0184165
-0.964 -0.0424596 0.0209799
-0.963 -0.0363503 0.0201805
-0.962 -0.0377559 0.0164517
-0.961 -0.0471776 0.0104758
-0.96 -0.062999 0.00285825
-0.959 -0.0820603 -0.00596555
-0.958 -0.100835 -0.0158316
-0.957 -0.11646 -0.0266664
-0.956 -0.127877 -0.0382982
-0.955 -0.136425 -0.0502403
-0.954 -0.145252 -0.0615874
-0.953 -0.157903 -0.0712338
-0.952 -0.177042 -0.0781651
-0.951 -0.203139 -0.0817843
-0.95 -0.233738 -0.0821093
-0.949 -0.264104 -0.079749
-0.948 -0.288699 -0.0758284
-0.947 -0.30295 -0.0717195
-0.946 -0.305167 -0.0684406
-0.945 -0.297496 -0.066678
-0.944 -0.28535 -0.0668844
-0.943 -0.275795 -0.0692815
-0.942 -0.275012 -0.0741673
-0.941 -0.285833 -0.081677
-0.94 -0.306848 -0.0918935
-0.939 -0.332193 -0.104376
-0.938 -0.353565 -0.117769
-0.937 -0.362857 -0.130046
-0.936 -0.354855 -0.138553
-0.935 -0.329998 -0.1406
-0.934 -0.293902 -0.134264
-0.933 -0.255455 -0.119251
-0.932 -0.224417 -0.0971208
-0.931 -0.207984 -0.0708819
-0.93 -0.207907 -0.0442985
-0.929 -0.220827 -0.0207761
-0.928 -0.239979 -0.00247533
-0.927 -0.257746 0.00990632
-0.926 -0.269244 0.0168272
-0.925 -0.274621 0.0190799
-0.924 -0.278785 0.0169275
-0.923 -0.290335 0.00927202
-0.922 -0.31821 -0.00634837
-0.921 -0.367915 -0.0330778
-0.92 -0.439271 -0.0730816
-0.919 -0.524986 -0.12597
-0.918 -0.612678 -0.188024
-0.917 -0.688947 -0.251678
-0.916 -0.742065 -0.30754
-0.915 -0.765159 -0.346627
-0.914 -0.757882 -0.362432
-0.913 -0.724169 -0.352764
-0.912 -0.6721 -0.320377
-0.911 -0.611818 -0.272324
-0.91 -0.551668 -0.217865
-0.909 -0.497432 -0.165162
-0.908 -0.451523 -0.118891
-0.907 -0.414505 -0.0796026
-0.906 -0.386345 -0.0445311
-0.905 -0.366123 -0.0101764
-0.904 -0.352934 0.025468
-0.903 -0.345593 0.06105
-0.902 -0.345497 0.090882
-0.901 -0.35589 0.106483
-0.9 -0.380351 0.0991679
-0.899 -0.423551 0.0638207
-0.898 -0.488324 0.00207303
-0.897 -0.573727 -0.0770192
-0.896 -0.672254 -0.158389
-0.895 -0.770126 -0.225907
-0.894 -0.848495 -0.266901
-0.893 -0.887827 -0.275219
-0.892 -0.875328 -0.253321
-0.891 -0.808448 -0.211245
-0.89 -0.698756 -0.163518
-0.889 -0.570848 -0.124684
-0.888 -0.455233 -0.103234
-0.887 -0.381654 -0.100229
-0.886 -0.369104 -0.110924
-0.885 -0.417746 -0.127517
-0.884 -0.510384 -0.142992
-0.883 -0.61867 -0.154942
-0.882 -0.715074 -0.1675
-0.881 -0.782584 -0.189278
-0.88 -0.821157 -0.231056
-0.879 -0.850198 -0.300844
-0.878 -0.901923 -0.398963
-0.877 -1.00774 -0.516631
-0.876 -1.18127 -0.637233
-0.875 -1.40911 -0.741286
-0.874 -1.65089 -0.81082
-0.873 -1.85062 -0.833268
-0.872 -1.95369 -0.805912
-0.871 -1.92522 -0.736449
-0.87 -1.76366 -0.640138
-0.869 -1.50425 -0.534059
-0.868 -1.21049 -0.432019
-0.867 -0.953368 -0.34281
-0.866 -0.785579 -0.268277
-0.865 -0.725013 -0.204838
-0.864 -0.751932 -0.147254
-0.863 -0.816777 -0.0898262
-0.862 -0.86044 -0.0318868
-0.861 -0.837986 0.0212392
-0.86 -0.736955 0.0603509
-0.859 -0.585117 0.0760976
-0.858 -0.44139 0.0627771
-0.857 -0.374614 0.0194125
-0.856 -0.434166 -0.0480123
-0.855 -0.630182 -0.128188
-0.854 -0.928557 -0.207426
-0.853 -1.26064 -0.272913
-0.852 -1.54822 -0.316493
-0.851 -1.72691 -0.338229
-0.85 -1.76961 -0.3442
-0.849 -1.69515 -0.34493
-0.848 -1.56237 -0.351583
-0.847 -1.44785 -0.373341
-0.846 -1.41502 -0.417429
-0.845 -1.4939 -0.485791
-0.844 -1.67348 -0.574258
-0.843 -1.90829 -0.672919
-0.842 -2.1311 -0.770827
-0.841 -2.27559 -0.856959
-0.84 -2.30355 -0.920578
-0.839 -2.21195 -0.952719
-0.838 -2.02937 -0.945688
-0.837 -1.80405 -0.896667
-0.836 -1.58253 -0.808755
-0.835 -1.39625 -0.687977
-0.834 -1.25741 -0.541518
-0.833 -1.15932 -0.375821
-0.832 -1.07609 -0.196458
-0.831 -0.97675 -0.00885671
-0.83 -0.843163 0.182968
-0.829 -0.672951 0.37382
-0.828 -0.481447 0.553302
-0.827 -0.297301 0.704499
-0.826 -0.155774 0.803985
-0.825 -0.0976039 0.825749
-0.824 -0.162355 0.748053
-0.823 -0.379533 0.558888
-0.822 -0.754267 0.261579
-0.821 -1.26489 -0.122561
-0.82 -1.8657 -0.558371
-0.819 -2.49081 -1.00246
-0.818 -3.06466 -1.4113
-0.817 -3.51286 -1.75325
-0.816 -3.78754 -2.01246
-0.815 -3.88532 -2.18728
-0.814 -3.84506 -2.28644
-0.813 -3.73413 -2.32185
-0.812 -3.62767 -2.30172
-0.811 -3.58053 -2.22443
-0.81 -3.6034 -2.08017
-0.809 -3.65717 -1.85508
-0.808 -3.66589 -1.5389
-0.807 -3.54133 -1.13833
-0.806 -3.22304 -0.680234
-0.805 -2.71986 -0.210456
-0.804 -2.11347 0.21519
-0.803 -1.54131 0.544219
-0.802 -1.15435 0.737866
-0.801 -1.06885 0.782306
-0.8 -1.32601 0.689396
-0.799 -1.86375 0.494787
-0.798 -2.53416 0.248445
-0.797 -3.14074 -0.00502807
-0.796 -3.51271 -0.238019
-0.795 -3.56577 -0.442407
-0.794 -3.32243 -0.628266
-0.793 -2.91367 -0.814589
-0.792 -2.52676 -1.01697
-0.791 -2.33568 -1.23809
-0.79 -2.43998 -1.46238
-0.789 -2.81819 -1.65575
-0.788 -3.33311 -1.77476
-0.787 -3.7841 -1.78476
-0.786 -3.98251 -1.67226
-0.785 -3.82401 -1.45062
-0.784 -3.33141 -1.15672
-0.783 -2.65668 -0.841024
-0.782 -2.0326 -0.556607
-0.781 -1.6898 -0.345409
-0.78 -1.77176 -0.227173
-0.779 -2.2869 -0.195385
-0.778 -3.09871 -0.223338
-0.777 -3.9687 -0.278182
-0.776 -4.64832 -0.333784
-0.775 -4.96218 -0.377661
-0.774 -4.86345 -0.413558
-0.773 -4.44649 -0.460225
-0.772 -3.91494 -0.543708
-0.771 -3.50184 -0.684468
-0.77 -3.38162 -0.890199
-0.769 -3.61056 -1.14975
-0.768 -4.11049 -1.43178
-0.767 -4.6993 -1.69518
-0.766 -5.15039 -1.89783
-0.765 -5.28126 -2.00468
-0.764 -5.0195 -1.99419
-0.763 -4.42528 -1.86333
-0.762 -3.66064 -1.62987
-0.761 -2.93231 -1.32637
-0.76 -2.42678 -0.992263
-0.759 -2.24558 -0.663159
-0.758 -2.38936 -0.363745
-0.757 -2.76255 -0.107993
-0.756 -3.20969 0.102169
-0.755 -3.57637 0.275926
-0.754 -3.76125 0.424697
-0.753 -3.75131 0.550356
-0.752 -3.61655 0.638304
-0.751 -3.47566 0.654507
-0.75 -3.46839 0.556205
-0.749 -3.71769 0.305766
-0.748 -4.28835 -0.123514
-0.747 -5.17367 -0.730955
-0.746 -6.29319 -1.48144
-0.745 -7.50911 -2.3056
-0.744 -8.66204 -3.11053
-0.743 -9.6049 -3.80338
-0.742 -10.2229 -4.31086
-0.741 -10.4638 -4.59521
-0.74 -10.3494 -4.65832
-0.739 -9.96512 -4.53394
-0.738 -9.43795 -4.27298
-0.737 -8.90103 -3.92529
-0.736 -8.44455 -3.52047
-0.735 -8.08774 -3.0564
-0.734 -7.77273 -2.50452
-0.733 -7.37993 -1.83321
-0.732 -6.76883 -1.02972
-0.731 -5.83127 -0.118216
-0.73 -4.56396 0.831121
-0.729 -3.09495 1.70699
-0.728 -1.66128 2.38309
-0.727 -0.559875 2.75123
-0.726 -0.0576335 2.75009
-0.725 -0.30719 2.38763
-0.724 -1.28837 1.73679
-0.723 -2.79307 0.910981
-0.722 -4.48545 0.0322095
-0.721 -6.00185 -0.797616
-0.72 -7.07778 -1.52338
-0.719 -7.63325 -2.14783
-0.718 -7.78501 -2.71321
-0.717 -7.8019 -3.27061
-0.716 -7.99958 -3.8466
-0.715 -8.61226 -4.41874
-0.714 -9.68974 -4.91837
-0.713 -11.0541 -5.24481
-0.712 -12.3433 -5.29676
-0.711 -13.1358 -5.00824
-0.71 -13.108 -4.3765
-0.709 -12.1691 -3.4735
-0.708 -10.4971 -2.42449
-0.707 -8.48749 -1.37798
-0.706 -6.63194 -0.465561
-0.705 -5.35724 0.234625
-0.704 -4.89406 0.705839
-0.703 -5.19151 0.990353
-0.702 -5.94001 1.16007
-0.701 -6.70093 1.28174
-0.7 -7.07745 1.38875
-0.699 -6.85427 1.46327
-0.698 -6.08884 1.45005
-0.697 -5.07882 1.27355
-0.696 -4.24398 0.87001
-0.695 -3.98553 0.213591
-0.694 -4.53026 -0.663096
-0.693 -5.85542 -1.66804
-0.692 -7.69498 -2.67864
-0.691 -9.61605 -3.571
-0.69 -11.1773 -4.24758
-0.689 -12.0841 -4.65718
-0.688 -12.261 -4.79785
-0.687 -11.8556 -4.71334
-0.686 -11.175 -4.46918
-0.685 -10.5624 -4.13014
-0.684 -10.2854 -3.74314
-0.683 -10.4505 -3.32278
-0.682 -10.988 -2.86275
-0.681 -11.6958 -2.34962
-0.68 -12.3105 -1.78109
-0.679 -12.6062 -1.17399
-0.678 -12.4703 -0.570168
-0.677 -11.9274 -0.0390029
-0.676 -11.1164 0.332936
-0.675 -10.2562 0.459937
-0.674 -9.59398 0.275334
-0.673 -9.34472 -0.250487
-0.672 -9.63205 -1.09641
-0.671 -10.4696 -2.1961
-0.67 -11.7523 -3.44765
-0.669 -13.2678 -4.71802
-0.668 -14.7299 -5.86842
-0.667 -15.8305 -6.77892
-0.666 -16.3236 -7.36803
-0.665 -16.084 -7.60238
-0.664 -15.1642 -7.49219
-0.663 -13.7903 -7.08389
-0.662 -12.2935 -6.43652
-0.661 -11.0242 -5.59925
-0.66 -10.2357 -4.59789
-0.659 -9.98907 -3.43512
-0.658 -10.098 -2.10639
-0.657 -10.1918 -0.626722
-0.656 -9.85253 0.953527
-0.655 -8.78577 2.5275
-0.654 -6.99062 3.93108
-0.653 -4.79879 4.97496
-0.652 -2.80178 5.48368
-0.651 -1.6927 5.34169
-0.65 -2.02956 4.53255
-0.649 -4.01437 3.14993
-0.648 -7.386 1.3724
-0.647 -11.4559 -0.577049
-0.646 -15.3143 -2.48343
-0.645 -18.1328 -4.19099
-0.644 -19.4471 -5.6273
-0.643 -19.311 -6.79797
-0.642 -18.273 -7.7603
-0.641 -17.1587 -8.57311
-0.64 -16.7595 -9.2431
-0.639 -17.5145 -9.70873
-0.638 -19.2866 -9.85046
-0.637 -21.4084 -9.53636
-0.636 -22.9057 -8.67643
-0.635 -22.8658 -7.26808
-0.634 -20.8057 -5.41868
-0.633 -16.8894 -3.33374
-0.632 -11.919 -1.28359
-0.631 -7.08743 0.466449
-0.63 -3.59885 1.73537
-0.629 -2.22845 2.4614
-0.628 -3.04372 2.708
-0.627 -5.40375 2.62884
-0.626 -8.21232 2.39359
-0.625 -10.3193 2.13252
-0.624 -10.9359 1.89859
-0.623 -9.93856 1.64991
-0.622 -7.92417 1.26589
-0.621 -5.97269 0.615192
-0.62 -5.22749 -0.39299
-0.619 -6.44899 -1.76207
-0.618 -9.7202 -3.38768
-0.617 -14.4147 -5.09474
-0.616 -19.4169 -6.68195
-0.615 -23.508 -7.97485
-0.614 -25.7799 -8.87304
-0.613 -25.9546 -9.3736
-0.612 -24.462 -9.56091
-0.611 -22.244 -9.56022
-0.61 -20.3705 -9.48877
-0.609 -19.6251 -9.41637
-0.608 -20.2363 -9.33303
-0.607 -21.8237 -9.16405
-0.606 -23.5555 -8.79098
-0.605 -24.4625 -8.09362
-0.604 -23.8032 -7.00046
-0.603 -21.3319 -5.51961
-0.602 -17.3951 -3.74699
-0.601 -12.7933 -1.85449
-0.6 -8.49393 -0.0612786
-0.599 -5.31501 1.42686
-0.598 -3.70801 2.43599
-0.597 -3.6859 2.86247
-0.596 -4.86516 2.69854
-0.595 -6.64834 2.02612
-0.594 -8.46553 0.99772
-0.593 -9.95619 -0.220336
-0.592 -11.0429 -1.48596
-0.591 -11.8813 -2.70173
-0.59 -12.7388 -3.82434
-0.589 -13.871 -4.86767
-0.588 -15.4264 -5.87501
-0.587 -17.3957 -6.86981
-0.586 -19.5918 -7.81208
-0.585 -21.7044 -8.58004
-0.584 -23.394 -8.99518
-0.583 -24.3525 -8.86103
-0.582 -24.3295 -8.03524
-0.581 -23.2048 -6.4956
-0.58 -20.9971 -4.36611
-0.579 -17.8825 -1.92175
-0.578 -14.2612 0.450879
-0.577 -10.6864 2.33906
-0.576 -7.77574 3.41476
-0.575 -6.08546 3.51603
-0.574 -5.93541 2.69306
-0.573 -7.32694 1.16404
-0.572 -9.9012 -0.758062
-0.571 -12.9922 -2.75317
-0.57 -15.8358 -4.59272
-0.569 -17.8325 -6.18757
-0.568 -18.7445 -7.59587
-0.567 -18.7833 -8.94406
-0.566 -18.5278 -10.328
-0.565 -18.6606 -11.7367
-0.564 -19.6695 -12.9931
-0.563 -21.6155 -13.7796
-0.562 -24.0081 -13.7282
-0.561 -25.9059 -12.5461
-0.56 -26.2286 -10.1419
-0.559 -24.1698 -6.68352
-0.558 -19.5908 -2.60526
-0.557 -13.1399 1.49417
-0.556 -6.1109 5.00561
-0.555 -0.102436 7.44648
-0.554 3.48972 8.58144
-0.553 3.92773 8.45262
-0.552 1.37707 7.33503
-0.551 -3.14555 5.6135
-0.55 -8.14492 3.63473
-0.549 -12.1862 1.60223
-0.548 -14.4156 -0.472918
-0.547 -14.8502 -2.71029
-0.546 -14.2928 -5.26603
-0.545 -14.0204 -8.21928
-0.544 -15.2796 -11.483
-0.543 -18.7395 -14.778
-0.542 -24.1823 -17.6693
-0.541 -30.5065 -19.6789
-0.54 -36.0746 -20.4316
-0.539 -39.2815 -19.7767
-0.538 -39.1079 -17.8413
-0.537 -35.4775 -14.9843
-0.536 -29.2919 -11.6867
-0.535 -22.1545 -8.45066
-0.534 -15.8718 -5.68418
-0.533 -11.861 -3.60845
-0.532 -10.7112 -2.22881
-0.531 -12.0362 -1.386
-0.53 -14.6486 -0.842616
-0.529 -17.027 -0.373677
-0.528 -17.8527 0.157501
-0.527 -16.4065 0.766985
-0.526 -12.8133 1.36592
-0.525 -7.98194 1.80313
-0.524 -3.27887 1.92458
-0.523 -0.0979611 1.62866
-0.522 0.634882 0.911243
-0.521 -1.24115 -0.120744
-0.52 -5.09645 -1.2829
-0.519 -9.75106 -2.35055
-0.518 -13.8631 -3.12545
-0.517 -16.3283 -3.50866
-0.516 -16.6239 -3.52515
-0.515 -14.9778 -3.32386
-0.514 -12.331 -3.17131
-0.513 -10.0313 -3.37962
-0.512 -9.4039 -4.207
-0.511 -11.303 -5.77273
-0.51 -15.805 -8.00133
-0.509 -22.154 -10.6059
-0.508 -28.9373 -13.1417
-0.507 -34.4265 -15.0959
-0.506 -37.0579 -16.025
-0.505 -35.9375 -15.7032
-0.504 -31.1204 -14.1721
-0.503 -23.6523 -11.7298
-0.502 -15.2689 -8.84195
-0.501 -7.86281 -6.00416
-0.5 -2.93107 -3.59575
-0.499 -1.13144 -1.77467
-0.498 -2.05751 -0.441985
-0.497 -4.37625 0.698811
-0.496 -6.30322 1.98325
-0.495 -6.26561 3.60865
-0.494 -3.5596 5.50822
-0.493 1.31859 7.32055
-0.492 6.76267 8.47309
-0.491 10.5562 8.36952
-0.49 10.6022 6.59615
-0.489 5.72276 3.09473
-0.488 -3.79943 -1.73572
-0.487 -16.1515 -7.11081
-0.486 -28.4422 -12.061
-0.485 -37.6384 -15.7169
-0.484 -41.5336 -17.5624
-0.483 -39.4644 -17.5604
-0.482 -32.5486 -16.1386
-0.481 -23.3225 -14.0311
-0.48 -14.9148 -12.0273
-0.479 -9.97698 -10.6886
-0.478 -9.73569 -10.1645
-0.477 -13.5908 -10.1884
-0.476 -19.3699 -10.213
-0.475 -24.1799 -9.64776
-0.474 -25.5287 -8.14448
-0.473 -22.2618 -5.75832
-0.472 -15.0478 -2.97617
-0.471 -6.21241 -0.58253
-0.47 1.04199 0.617358
-0.469 3.77022 0.0725038
-0.468 0.398963 -2.30217
-0.467 -8.6466 -6.05607
-0.466 -21.0317 -10.3221
-0.465 -33.278 -14.0773
-0.464 -41.907 -16.4349
-0.463 -44.5327 -16.8921
-0.462 -40.6204 -15.4626
-0.461 -31.5991 -12.6289
-0.46 -20.3193 -9.17344
-0.459 -10.0517 -5.90581
-0.458 -3.36467 -3.3852
-0.457 -1.28891 -1.80676
-0.456 -3.12566 -0.994891
-0.455 -6.87132 -0.521338
-0.454 -9.98833 0.0952847
-0.453 -10.3403 1.21048
-0.452 -6.97661 2.87133
-0.451 -0.458439 4.79142
-0.45 7.38111 6.4283
-0.449 14.0514 7.16229
-0.448 17.2944 6.52838
-0.447 15.8083 4.34006
-0.446 9.59177 0.771912
-0.445 -0.0829801 -3.66631
-0.444 -11.0688 -8.23297
-0.443 -20.9804 -12.1316
-0.442 -27.8478 -14.7315
-0.441 -30.6275 -15.7235
-0.44 -29.4106 -15.1698
-0.439 -25.2591 -13.4629
-0.438 -19.874 -11.2133
-0.437 -15.08 -9.08655
-0.436 -12.3911 -7.61699
-0.435 -12.6416 -7.06801
-0.434 -15.7367 -7.36607
-0.433 -20.6871 -8.1189
-0.432 -25.8592 -8.75982
-0.431 -29.4201 -8.76527
-0.43 -29.8467 -7.8233
-0.429 -26.3908 -5.94157
-0.428 -19.3666 -3.48835
-0.427 -10.2039 -1.10021
-0.426 -1.13263 0.524341
-0.425 5.43277 0.850463
-0.424 7.65082 -0.269624
-0.423 4.94783 -2.51311
-0.422 -1.66829 -5.17292
-0.421 -9.83419 -7.35029
-0.42 -16.5216 -8.2444
-0.419 -19.0142 -7.42856
-0.418 -15.9347 -5.0431
-0.417 -7.8959 -1.80496
-0.416 2.50387 1.20315
-0.415 11.3864 2.88061
-0.414 14.8621 2.4674
-0.413 10.453 -0.209332
-0.412 -1.91225 -4.65193
-0.411 -19.6844 -9.82023
-0.41 -38.3559 -14.488
-0.409 -52.8766 -17.6172
-0.408 -59.3454 -18.7169
-0.407 -56.3976 -18.0174
-0.406 -45.7486 -16.3309
-0.405 -31.6557 -14.7375
-0.404 -19.4288 -14.1796
-0.403 -13.522 -15.0992
-0.402 -15.8817 -17.2482
-0.401 -25.202 -19.7555
-0.4 -37.302 -21.3956
-0.399 -46.5564 -21.0377
-0.398 -47.9746 -18.0714
-0.397 -39.1075 -12.6467
-0.396 -21.0838 -5.67991
-0.395 1.62383 1.44764
-0.394 22.6799 7.30283
-0.393 35.9867 10.7979
-0.392 37.7528 11.5282
-0.391 27.8496 9.86886
-0.39 9.84057 6.77733
-0.389 -10.219 3.46309
-0.388 -25.8855 0.954678
-0.387 -32.5448 -0.24932
-0.386 -28.9696 -0.270344
-0.385 -17.6387 0.231756
-0.384 -3.74119 0.314983
-0.383 6.72359 -0.871126
-0.382 9.08378 -3.75038
-0.381 1.6213 -8.18231
-0.38 -13.818 -13.473
-0.379 -32.4778 -18.5503
-0.378 -48.3958 -22.292
-0.377 -56.4403 -23.8545
-0.376 -54.0677 -22.919
-0.375 -42.1411 -19.7385
-0.374 -24.5293 -15.0776
-0.373 -6.77135 -9.99888
-0.372 5.73996 -5.54713
-0.371 9.48098 -2.49888
-0.37 3.85279 -1.17497
-0.369 -8.75642 -1.37441
-0.368 -23.8493 -2.46106
-0.367 -36.394 -3.59999
-0.366 -42.4565 -4.03191
-0.365 -40.3832 -3.31817
-0.364 -31.2319 -1.52048
-0.363 -18.3066 0.787021
-0.362 -6.06101 2.68354
-0.361 1.32242 3.17938
-0.36 1.21352 1.52664
-0.359 -6.68494 -2.4831
-0.358 -20.2525 -8.35306
-0.357 -35.622 -14.9538
-0.356 -48.2981 -20.8184
-0.355 -54.4978 -24.5604
-0.354 -52.307 -25.2943
-0.353 -42.239 -22.9272
-0.352 -27.1212 -18.2218
-0.351 -11.2561 -12.5827
-0.35 0.813149 -7.59556
-0.349 5.65025 -4.51651
-0.348 2.01893 -3.84706
-0.347 -8.68205 -5.15317
-0.346 -22.7538 -7.24002
-0.345 -35.3794 -8.59818
-0.344 -42.1558 -8.00514
-0.343 -40.5918 -5.01341
-0.342 -31.1094 -0.214061
-0.341 -16.9987 4.87955
-0.34 -3.45572 8.34153
-0.339 4.06643 8.47588
-0.338 1.69717 4.45041
-0.337 -11.4548 -3.35074
-0.336 -32.7619 -13.4019
-0.335 -56.7345 -23.4687
-0.334 -76.7239 -31.2973
-0.333 -87.1475 -35.3653
-0.332 -85.3621 -35.3434
-0.331 -72.5112 -32.1566
-0.33 -53.169 -27.5775
-0.329 -33.7894 -23.4971
-0.328 -20.5097 -21.2948
-0.327 -17.075 -21.3175
-0.326 -23.5406 -22.7917
-0.325 -36.2361 -24.1407
-0.324 -49.0532 -23.581
-0.323 -55.7136 -19.8713
-0.322 -52.0523 -12.8198
-0.321 -37.5245 -3.42158
-0.32 -15.4435 6.48563
-0.319 8.07157 14.8203
-0.318 26.1286 19.8963
-0.317 33.3646 20.9478
-0.316 27.6716 18.2796
-0.315 10.8406 13.1253
-0.314 -12.0879 7.18905
-0.313 -34.5111 2.02602
-0.312 -50.4611 -1.43048
-0.311 -56.5362 -3.12066
-0.31 -52.7883 -3.73185
-0.309 -42.4561 -4.32479
-0.308 -30.7534 -5.90974
-0.307 -22.9918 -9.10355
-0.306 -22.8549 -13.9385
-0.305 -31.3302 -19.8595
-0.304 -46.452 -25.9119
-0.303 -63.9841 -31.0563
-0.302 -78.7938 -34.4619
-0.301 -86.4608 -35.6577
-0.3 -84.5598 -34.5684
-0.299 -73.3329 -31.4892
-0.298 -55.557 -26.991
-0.297 -35.6371 -21.7827
-0.296 -18.4208 -16.5868
-0.295 -7.90937 -12.0342
-0.294 -6.18598 -8.52475
-0.293 -12.846 -6.15289
-0.292 -25.0066 -4.67971
-0.291 -38.0697 -3.53633
-0.29 -47.1055 -2.00172
-0.289 -48.3372 0.522035
-0.288 -40.4147 4.20047
-0.287 -25.048 8.57216
-0.286 -6.72717 12.5673
-0.285 8.39478 14.733
-0.284 14.2785 13.6425
-0.283 6.98883 8.3852
-0.282 -13.6881 -0.976803
-0.281 -43.7424 -13.223
-0.28 -75.8931 -26.2269
-0.279 -101.728 -37.554
-0.278 -114.49 -45.2343
-0.277 -111.435 -48.4032
-0.276 -94.9142 -47.5302
-0.275 -71.8088 -44.2297
-0.274 -51.2762 -40.6734
-0.273 -41.5955 -38.7492
-0.272 -47.041 -39.278
-0.271 -65.9554 -41.5809
-0.27 -90.9609 -43.656
-0.269 -111.465 -42.9742
-0.268 -117.544 -37.537
-0.267 -103.726 -26.7983
-0.266 -71.44 -12.0704
-0.265 -28.9225 3.73284
-0.264 11.3386 16.9424
-0.263 36.7291 24.2986
-0.262 39.013 24.0623
-0.261 17.3812 16.6784
-0.26 -21.0042 4.63976
-0.259 -63.3819 -8.37873
-0.258 -95.921 -18.8176
-0.257 -108.657 -24.4472
-0.256 -99.0331 -25.0194
-0.255 -72.6493 -22.1891
-0.254 -41.0167 -18.7295
-0.253 -17.2041 -17.3595
-0.252 -10.9 -19.5947
-0.251 -24.7316 -25.0612
-0.25 -53.2611 -31.599
-0.249 -84.9189 -36.067
-0.248 -106.327 -35.5767
-0.247 -107.408 -28.6572
-0.246 -85.2328 -15.8953
-0.245 -45.226 0.157123
-0.244 0.72706 15.7844
-0.243 38.5772 27.3268
-0.242 57.0166 32.3411
-0.241 51.2686 30.2806
-0.24 24.4382 22.5171
-0.239 -13.9428 11.6935
-0.238 -51.5242 0.659664
-0.237 -77.6204 -8.48199
-0.236 -86.8924 -14.9566
-0.235 -80.8582 -19.4176
-0.234 -66.6607 -23.4188
-0.233 -53.8356 -28.5513
-0.232 -50.3941 -35.6521
-0.231 -59.8353 -44.4209
-0.23 -80.154 -53.5106
-0.229 -104.944 -61.0475
-0.228 -125.981 -65.3103
-0.227 -136.252 -65.2681
-0.226 -132.43 -60.8814
-0.225 -115.804 -53.0547
-0.224 -91.4096 -43.2776
-0.223 -65.8428 -33.1062
-0.222 -44.8067 -23.6988
-0.221 -31.4761 -15.6732
-0.22 -26.1303 -9.24366
-0.219 -26.9925 -4.44965
-0.218 -31.4914 -1.35384
-0.217 -37.3831 -0.0662951
-0.216 -43.345 -0.614311
-0.215 -48.8996 -2.78056
-0.214 -53.8562 -6.04398
-0.213 -57.7174 -9.62131
-0.212 -59.4682 -12.675
-0.211 -58.0434 -14.6448
-0.21 -53.3179 -15.5649
-0.209 -46.8892 -16.1891
-0.208 -42.0439 -17.7487
-0.207 -42.6673 -21.4208
-0.206 -51.5187 -27.6672
-0.205 -68.5547 -35.8557
-0.204 -90.2087 -44.3335
-0.203 -110.115 -50.8974
-0.202 -121.213 -53.5592
-0.201 -118.526 -51.3409
-0.2 -101.556 -44.7948
-0.199 -75.1522 -35.926
-0.198 -48.2858 -27.5474
-0.197 -30.9624 -22.2424
-0.196 -30.2687 -21.2838
-0.195 -47.1558 -24.0293
-0.194 -75.3331 -28.0546
-0.193 -103.114 -29.9968
-0.192 -117.606 -26.8628
-0.191 -109.661 -17.2842
-0.19 -77.7388 -2.22879
-0.189 -29.1435 15.1205
-0.188 22.0614 30.3409
-0.187 59.7964 39.2334
-0.186 71.6442 39.2816
-0.185 53.6503 30.57
-0.184 12.1688 15.7482
-0.183 -38.3149 -0.929315
-0.182 -80.4673 -15.1732
-0.181 -100.673 -24.2443
-0.18 -94.216 -27.9053
-0.179 -66.9976 -28.351
-0.178 -33.3302 -29.1972
-0.177 -10.5303 -33.9532
-0.176 -12.3059 -44.4973
-0.175 -43.2807 -60.1529
-0.174 -96.6806 -77.6807
-0.173 -156.359 -92.2822
-0.172 -202.536 -99.2876
-0.171 -219.069 -95.8589
-0.17 -199.417 -82.034
-0.169 -148.955 -60.7324
-0.168 -82.9578 -36.771
-0.167 -21.2041 -15.2659
-0.166 18.9118 -0.0800614
-0.165 28.1588 7.22488
-0.164 8.29939 7.60489
-0.163 -28.9825 3.89468
-0.162 -66.8117 -0.479075
-0.161 -89.7249 -2.91536
-0.16 -89.4084 -2.61057
-0.159 -67.3755 -0.699271
-0.158 -33.8595 0.398569
-0.157 -3.55622 -1.9477
-0.156 9.94714 -9.45452
-0.155 -0.940813 -22.2113
-0.154 -35.2056 -38.5149
-0.153 -83.6393 -55.3072
-0.152 -132.077 -69.0797
-0.151 -166.239 -76.8702
-0.15 -176.424 -77.0522
-0.149 -160.331 -69.6727
-0.148 -123.183 -56.2584
-0.147 -75.4332 -39.2784
-0.146 -29.1065 -21.4626
-0.145 5.71718 -5.20985
-0.144 23.3526 7.77485
-0.143 23.4082 16.6452
-0.142 10.0851 21.3848
-0.141 -9.58702 22.6514
-0.14 -28.0419 21.4885
-0.139 -39.387 18.9834
-0.138 -40.9339 15.9478
-0.137 -33.6728 12.6824
-0.136 -21.6932 8.88881
-0.135 -10.9431 3.76702
-0.134 -7.71095 -3.74271
-0.133 -16.9995 -14.5619
-0.132 -40.9363 -28.9462
-0.131 -77.4989 -46.0528
-0.13 -120.223 -63.796
-0.129 -159.446 -79.2213
-0.128 -184.951 -89.3074
-0.127 -189.25 -91.9127
-0.126 -170.236 -86.5478
-0.125 -132.318 -74.6754
-0.124 -85.6826 -59.4597
-0.123 -43.6891 -44.929
-0.122 -18.8811 -34.7387
-0.121 -18.593 -30.9398
-0.12 -41.8145 -33.2199
-0.119 -78.905 -39.0147
-0.118 -114.751 -44.4571
-0.117 -134.236 -45.8902
-0.116 -127.844 -41.2815
-0.115 -95.3021 -31.0204
-0.114 -45.9692 -17.8806
-0.113 4.103 -6.03491
-0.112 37.7003 0.510472
-0.111 42.7203 -0.58649
-0.11 16.9927 -8.99605
-0.109 -30.3891 -21.7124
-0.108 -82.1335 -34.0841
-0.107 -119.181 -41.5021
-0.106 -127.873 -41.1975
-0.105 -105.098 -33.2816
-0.104 -59.4354 -20.6631
-0.103 -7.82827 -7.91467
-0.102 30.6525 0.400101
-0.101 41.6326 1.35007
-0.1 20.5311 -5.38945
-0.099 -25.8099 -17.4992
-0.098 -81.6015 -30.8801
-0.097 -127.932 -41.1227
-0.096 -149.762 -45.1287
-0.095 -141.268 -42.1561
-0.094 -107.363 -33.8091
-0.093 -60.9129 -23.1399
-0.092 -17.3424 -13.3062
-0.091 10.8836 -6.49441
-0.09 18.0588 -3.37323
-0.089 6.38561 -3.13785
-0.088 -15.6327 -4.03553
-0.087 -36.9171 -4.18657
-0.086 -48.2928 -2.46048
-0.085 -45.8169 1.07089
-0.084 -31.6025 5.32137
-0.083 -12.0247 8.81062
-0.082 5.52222 10.2752
-0.081 15.2931 9.01388
-0.08 14.4493 4.861
-0.079 2.81875 -2.09109
-0.078 -18.1669 -11.7248
-0.077 -46.5024 -23.9903
-0.076 -80.1418 -38.7598
-0.075 -116.676 -55.389
-0.074 -152.517 -72.3588
-0.073 -182.42 -87.2849
-0.072 -200.054 -97.4067
-0.071 -199.885 -100.447
-0.07 -179.721 -95.5195
-0.069 -142.818 -83.763
-0.068 -98.6079 -68.3663
-0.067 -60.853 -53.8209
-0.066 -42.804 -44.3289
-0.065 -51.2269 -41.9855
-0.064 -82.346 -45.768
-0.063 -122.242 -51.8084
-0.062 -151.733 -54.9165
-0.061 -153.482 -50.7027
-0.06 -118.924 -37.4277
-0.059 -52.8801 -17.0809
-0.058 26.0169 4.72414
-0.057 90.3787 20.4764
-0.056 114.305 23.6526
-0.055 84.8526 11.6714
-0.054 8.82707 -12.5219
-0.053 -88.5142 -41.1879
-0.052 -172.338 -64.4831
-0.051 -210.859 -73.9445
-0.05 -187.027 -65.4694
-0.049 -105.566 -40.9797
-0.048 7.12342 -8.07323
-0.047 111.47 22.598
-0.046 169.687 41.3585
-0.045 161.073 43.3753
-0.044 90.6995 30.6279
-0.043 -12.2781 11.0406
-0.042 -105.658 -4.67763
-0.041 -150.137 -7.20538
-0.04 -124.415 7.61245
-0.039 -34.1093 36.8215
-0.038 89.343 71.1326
-0.037 200.319 98.309
-0.036 256.765 107.936
-0.035 236.451 95.4328
-0.034 145.057 63.7007
-0.033 13.8306 22.023
-0.032 -111.751 -17.2291
-0.031 -188.618 -43.0505
-0.03 -192.604 -49.8954
-0.029 -128.215 -39.7713
-0.028 -26.5949 -21.2342
-0.027 67.8578 -5.59334
-0.026 115.767 -2.14473
-0.025 97.3501 -14.6654
-0.024 18.2001 -40.3841
-0.023 -93.8905 -71.236
-0.022 -199.106 -96.806
-0.021 -260.29 -108.274
-0.02 -257.647 -101.958
-0.019 -196.995 -80.9307
-0.018 -106.517 -53.652
-0.017 -23.1088 -30.0959
-0.016 23.5412 -17.6162
-0.015 21.2515 -18.4887
-0.014 -22.6065 -29.7615
-0.013 -85.6966 -44.8327
-0.012 -139.463 -56.0149
-0.011 -160.207 -57.549
-0.01 -139.106 -48.0329
-0.009 -86.0139 -31.0449
-0.008 -23.8085 -13.2515
-0.007 23.6391 -1.00256
-0.006 42.1951 2.46336
-0.005 31.7863 -1.9658
-0.004 4.06589 -10.1725
-0.003 -23.7674 -16.7408
-0.002 -36.4952 -17.2355
-0.001 -27.907 -10.21
0 -4.15986 1.93238
0.001 19.5752 14.0454
0.002 28.1165 21.041
0.003 15.3043 20.5223
0.004 -12.6566 13.9167
0.005 -40.5579 5.66776
0.006 -51.1872 1.19839
0.007 -32.8597 4.64455
0.008 14.3893 16.8974
0.009 76.4526 34.7317
0.01 129.444 51.7706
0.011 150.453 61.3259
0.012 129.607 59.7899
0.013 75.7102 48.545
0.014 12.4807 33.3585
0.015 -31.5258 21.9465
0.016 -33.9406 20.9702
0.017 12.663 33.4137
0.018 96.1336 56.9954
0.019 186.714 84.3359
0.02 247.394 105.432
0.021 249.957 111.786
0.022 188.551 100.265
0.023 82.9841 74.5559
0.024 -29.4998 43.5299
0.025 -108.988 17.6311
0.026 -127.631 4.99072
0.027 -79.8136 8.44097
0.028 14.67 24.197
0.029 116.352 42.9306
0.03 180.713 53.2685
0.031 176.53 46.5646
0.032 99.3177 20.7641
0.033 -26.6741 -18.5738
0.034 -158.272 -60.4029
0.035 -249.859 -92.2755
0.036 -270.09 -104.842
0.037 -213.317 -95.1733
0.038 -101.932 -67.8581
0.039 21.8795 -33.3642
0.04 112.298 -4.01751
0.041 137.798 10.8099
0.042 92.8218 8.14237
0.043 -1.11659 -7.83868
0.044 -104.53 -27.715
0.045 -175.099 -40.6578
0.046 -183.589 -38.6732
0.047 -125.012 -19.7617
0.048 -20.2904 11.2146
0.049 92.5826 44.4738
0.05 173.873 69.2378
0.051 197.12 77.832
0.052 157.752 68.302
0.053 73.1276 44.81
0.054 -24.758 15.9538
0.055 -100.94 -8.31869
0.056 -130.127 -20.2152
0.057 -105.687 -16.7897
0.058 -40.8619 -0.684916
0.059 38.1468 21.4252
0.06 103.776 41.8844
0.061 137.466 55.0083
0.062 134.608 58.8137
0.063 104.067 55.1784
0.064 63.4779 48.6692
0.065 32.171 44.6099
0.066 24.0059 46.9424
0.067 42.4757 56.6623
0.068 80.494 71.5509
0.069 124.549 87.2545
0.07 160.776 99.1305
0.071 179.839 103.907
0.072 178.814 100.498
0.073 160.304 89.9413
0.074 130.068 74.6978
0.075 94.457 57.6789
0.076 58.573 41.3176
0.077 25.6932 27.0499
0.078 -2.15927 15.3728
0.079 -23.2001 6.23302
0.08 -35.4615 -0.516607
0.081 -37.2991 -4.83865
0.082 -28.5606 -6.55403
0.083 -11.7852 -5.65363
0.084 7.53536 -2.62002
0.085 21.9939 1.44517
0.086 25.027 5.10168
0.087 14.1516 7.20908
0.088 -7.0396 7.52852
0.089 -29.5379 6.97139
0.09 -42.2094 7.24742
0.091 -36.2834 10.073
0.092 -9.21207 16.3391
0.093 33.6486 25.5621
0.094 80.0234 35.7729
0.095 114.396 43.97
0.096 123.636 47.1558
0.097 102.487 43.6315
0.098 56.4304 33.9487
0.099 0.373323 20.9845
0.1 -46.6584 8.99552
0.101 -68.6136 2.04876
0.102 -58.3235 2.55254
0.103 -20.0885 10.3465
0.104 31.7862 22.6978
0.105 78.074 35.1972
0.106 101.526 43.3089
0.107 93.2287 44.0547
0.108 56.0286 37.1656
0.109 3.53851 25.2266
0.11 -44.9879 12.6702
0.111 -71.9885 4.10919
0.112 -68.0376 2.62432
0.113 -35.0413 8.70524
0.114 14.9347 20.1923
0.115 64.4868 33.1815
0.116 97.2908 43.538
0.117 103.712 48.4304
0.118 83.87 47.3244
0.119 47.3178 42.0985
0.12 9.33169 36.3029
0.121 -14.7061 33.7772
0.122 -14.8935 37.1824
0.123 9.92078 46.9801
0.124 52.3247 61.2611
0.125 99.5408 76.4465
0.126 137.917 88.5101
0.127 157.035 94.2174
0.128 152.401 91.9636
0.129 126.202 82.1221
0.13 86.1283 66.77
0.131 42.607 48.9454
0.132 5.498 31.6901
0.133 -18.6343 17.1958
0.134 -27.8658 6.39293
0.135 -24.5591 -0.956194
0.136 -13.8829 -5.81911
0.137 -2.30086 -9.36387
0.138 4.24665 -12.5029
0.139 1.8251 -15.5952
0.14 -10.3022 -18.3505
0.141 -29.22 -19.8869
0.142 -48.9325 -18.9785
0.143 -61.8964 -14.4719
0.144 -61.2081 -5.66237
0.145 -42.9003 7.42057
0.146 -7.62659 23.8564
0.147 38.7772 41.8265
0.148 86.2528 58.8185
0.149 122.923 72.0724
0.15 138.592 79.1756
0.151 128.222 78.715
0.152 94.1649 70.7715
0.153 46.0666 57.0547
0.154 -2.00475 40.5427
0.155 -36.1587 24.6813
0.156 -47.3283 12.3952
0.157 -34.5348 5.24574
0.158 -5.2424 3.02008
0.159 27.2047 3.96989
0.16 48.3637 5.53814
0.161 48.2175 5.43218
0.162 25.3378 2.66831
0.163 -12.0442 -1.84705
0.164 -48.6809 -5.50285
0.165 -68.0144 -4.94674
0.166 -58.519 2.53884
0.167 -18.4629 17.7798
0.168 42.9906 39.1051
0.169 108.58 62.6334
0.17 158.767 83.3404
0.171 178.45 96.5802
0.172 162.284 99.5853
0.173 116.687 92.4272
0.174 57.5708 77.9875
0.175 4.47679 60.8511
0.176 -26.6399 45.663
0.177 -29.0366 35.5172
0.178 -7.22137 30.9833
0.179 25.3178 30.1434
0.18 51.491 29.5466
0.181 57.2471 25.6954
0.182 36.8026 16.5307
0.183 -5.17467 2.38715
0.184 -55.2923 -13.9954
0.185 -96.4423 -28.408
0.186 -114.305 -36.715
0.187 -102.619 -36.4031
0.188 -65.2886 -27.4835
0.189 -14.5743 -12.4833
0.19 33.616 4.45475
0.191 65.4204 19.018
0.192 73.6359 28.1557
0.193 59.7197 30.9958
0.194 32.6531 28.9469
0.195 5.11629 24.9866
0.196 -11.4126 22.4006
0.197 -10.7618 23.5197
0.198 6.1259 28.9163
0.199 32.2845 37.2823
0.2 57.9753 46.0457
0.201 74.4599 52.4329
0.202 77.0267 54.5063
0.203 66.2109 51.7998
0.204 46.8595 45.3287
0.205 25.8094 37.0819
0.206 9.22437 29.2272
0.207 0.527341 23.3462
0.208 -0.236956 19.9738
0.209 4.24118 18.5829
0.21 10.2865 17.9885
0.211 14.8189 16.9591
0.212 16.352 14.7817
0.213 14.9832 11.4784
0.214 11.6584 7.68806
0.215 7.20931 4.31428
0.216 1.9499 2.13838
0.217 -4.04083 1.6608
0.218 -10.3066 3.01718
0.219 -15.415 6.0976
0.22 -16.9019 10.7534
0.221 -11.9835 16.8986
0.222 1.23507 24.5152
0.223 22.492 33.471
0.224 48.4873 43.2449
0.225 73.3696 52.7503
0.226 90.393 60.5016
0.227 94.4193 65.0041
0.228 84.1277 65.2742
0.229 62.909 61.2394
0.23 37.8974 53.8363
0.231 17.5153 44.7453
0.232 8.24751 35.8321
0.233 12.0491 28.5033
0.234 25.2979 23.1551
0.235 39.838 19.0454
0.236 45.9838 14.6561
0.237 36.5013 8.43468
0.238 9.93038 -0.343342
0.239 -28.2444 -11.0337
0.24 -67.149 -21.655
0.241 -94.2773 -29.4179
0.242 -100.015 -31.7038
0.243 -81.2842 -27.0871
0.244 -42.9925 -15.9938
0.245 3.39351 -0.743817
0.246 43.6757 15.1074
0.247 65.9053 27.8765
0.248 64.6889 34.9591
0.249 43.0946 35.6717
0.25 11.386 31.3842
0.251 -16.9545 24.8959
0.252 -30.3267 19.3251
0.253 -23.3632 16.891
0.254 1.13076 18.0607
0.255 33.262 21.4351
0.256 59.7867 24.3782
0.257 69.1261 24.1168
0.258 55.803 18.9248
0.259 22.5983 8.95505
0.26 -20.2748 -3.67138
0.261 -58.8375 -15.4892
0.262 -80.27 -22.8524
0.263 -77.4847 -23.2373
0.264 -51.4814 -16.1137
0.265 -10.7388 -3.11439
0.266 31.9825 12.5579
0.267 64.1601 27.2383
0.268 77.669 37.9795
0.269 71.2827 43.4215
0.27 50.685 44.0602
0.271 25.9837 41.851
0.272 7.75065 39.3247
0.273 3.19835 38.5226
0.274 13.7362 40.2036
0.275 34.8463 43.6126
0.276 58.0747 46.8611
0.277 74.2186 47.7504
0.278 76.5278 44.6254
0.279 62.8944 36.9879
0.28 36.3509 25.6995
0.281 3.85084 12.7302
0.282 -26.1666 0.53179
0.283 -46.4935 -8.75212
0.284 -53.3578 -13.898
0.285 -47.2081 -14.8561
0.286 -32.122 -12.5826
0.287 -14.1759 -8.56933
0.288 0.603444 -4.30448
0.289 7.95229 -0.846647
0.29 6.43501 1.39832
0.291 -2.42218 2.66616
0.292 -14.8193 3.61187
0.293 -25.9544 5.00251
0.294 -31.527 7.39806
0.295 -28.9311 10.9672
0.296 -18.0031 15.5059
0.297 -0.880152 20.5533
0.298 18.5591 25.4773
0.299 35.6964 29.5943
0.3 46.4207 32.2925
0.301 48.2155 33.1326
0.302 40.8832 31.9234
0.303 26.7309 28.771
0.304 9.95274 24.0974
0.305 -4.61936 18.6049
0.306 -12.9789 13.1742
0.307 -13.2069 8.63302
0.308 -6.14937 5.48529
0.309 4.77724 3.73406
0.31 14.5782 2.87895
0.311 18.272 2.06557
0.312 12.6656 0.359316
0.313 -2.40824 -2.86381
0.314 -23.8241 -7.6
0.315 -45.9317 -13.0702
0.316 -62.3547 -17.8763
0.317 -68.1183 -20.4655
0.318 -61.3059 -19.6692
0.319 -43.7674 -15.1254
0.32 -20.592 -7.46589
0.321 1.53769 1.83019
0.322 16.5376 10.8669
0.323 20.9185 17.9028
0.324 14.9813 21.9421
0.325 2.65107 23.0486
0.326 -9.99815 22.2664
0.327 -16.8987 21.1885
0.328 -14.207 21.2808
0.329 -1.7073 23.2932
0.33 17.1288 26.9851
0.331 36.3125 31.181
0.332 49.3723 34.1504
0.333 51.5908 34.2571
0.334 41.5869 30.5812
0.335 21.7776 23.3437
0.336 -2.37671 13.8845
0.337 -24.1931 4.24416
0.338 -37.9863 -3.47704
0.339 -40.8322 -7.78905
0.34 -33.411 -8.21437
0.341 -19.5242 -5.39759
0.342 -4.71554 -0.829451
0.343 5.60909 3.71794
0.344 7.89701 6.79381
0.345 1.50683 7.74206
0.346 -11.1843 6.86508
0.347 -25.6623 5.20381
0.348 -36.8425 4.08936
0.349 -40.7862 4.61954
0.35 -35.8853 7.26228
0.351 -23.3621 11.6647
0.352 -6.80492 16.7407
0.353 8.99728 21.0695
0.354 19.4807 23.3701
0.355 21.6328 22.8938
0.356 14.9069 19.6386
0.357 1.40133 14.3186
0.358 -14.7895 8.14015
0.359 -28.8493 2.44734
0.36 -36.71 -1.66851
0.361 -36.268 -3.64145
0.362 -27.9952 -3.52778
0.363 -14.82 -1.90654
0.364 -1.2349 0.351876
0.365 8.10997 2.374
0.366 9.8917 3.54462
0.367 3.26315 3.65911
0.368 -9.79852 2.97312
0.369 -25.0575 2.09503
0.37 -37.3054 1.79185
0.371 -42.0978 2.71626
0.372 -37.2773 5.17698
0.373 -23.7827 9.01134
0.374 -5.45613 13.5987
0.375 12.1274 18.0005
0.376 23.4435 21.1754
0.377 24.8565 22.2847
0.378 15.88 20.9641
0.379 -0.611822 17.4423
0.38 -19.3084 12.4819
0.381 -34.2749 7.19095
0.382 -40.9669 2.68679
0.383 -37.8417 -0.237459
0.384 -26.9257 -1.34565
0.385 -13.0702 -1.02481
0.386 -2.24101 -0.128981
0.387 0.57877 0.350922
0.388 -6.78735 -0.33269
0.389 -22.8417 -2.39443
0.39 -42.8231 -5.3986
0.391 -60.3167 -8.37015
0.392 -69.4492 -10.0979
0.393 -66.9296 -9.59598
0.394 -53.1756 -6.45271
0.395 -32.1067 -1.00913
0.396 -9.81671 5.69126
0.397 7.51466 12.2432
0.398 15.6877 17.3149
0.399 13.8147 20.0482
0.4 4.47119 20.3165
0.401 -7.35936 18.7306
0.402 -16.1856 16.384
0.403 -18.0266 14.45
0.404 -11.7297 13.7498
0.405 0.647296 14.486
0.406 14.6365 16.1963
0.407 25.0373 17.9504
0.408 27.7433 18.7216
0.409 21.1718 17.7596
0.41 6.74496 14.8911
0.411 -11.6425 10.6031
0.412 -29.0013 5.86361
0.413 -40.938 1.79698
0.414 -45.014 -0.68956
0.415 -41.3616 -1.17928
0.416 -32.4482 0.130371
0.417 -22.1071 2.52198
0.418 -14.1464 5.02779
0.419 -11.103 6.74882
0.42 -13.554 7.14936
0.421 -20.1221 6.17165
0.422 -28.1097 4.22288
0.423 -34.5068 1.98759
0.424 -36.9832 0.179052
0.425 -34.557 -0.658645
0.426 -27.8043 -0.321664
0.427 -18.5646 1.03243
0.428 -9.26394 2.97479
0.429 -2.14975 4.97456
0.43 1.32526 6.57889
0.431 0.834961 7.54398
0.432 -2.85754 7.87431
0.433 -8.21072 7.765
0.434 -13.3377 7.54572
0.435 -16.5608 7.56471
0.436 -16.8538 8.06132
0.437 -14.1358 9.09196
0.438 -9.24314 10.5025
0.439 -3.72621 11.978
0.44 0.52493 13.0919
0.441 1.80623 13.4251
0.442 -0.940695 12.659
0.443 -7.76332 10.6554
0.444 -17.5546 7.55031
0.445 -28.292 3.72394
0.446 -37.5596 -0.244462
0.447 -43.2323 -3.70731
0.448 -44.1275 -6.1195
0.449 -40.3587 -7.15371
0.45 -33.3469 -6.79519
0.451 -25.4195 -5.34935
0.452 -19.0643 -3.33009
0.453 -16.0741 -1.29595
0.454 -16.9027 0.33013
0.455 -20.4727 1.40987
0.456 -24.5624 2.11851
0.457 -26.589 2.8537
0.458 -24.5552 4.057
0.459 -17.8473 6.01876
0.46 -7.58905 8.73225
0.461 3.6054 11.8106
0.462 12.456 14.5703
0.463 16.1583 16.2708
0.464 13.3951 16.3592
0.465 4.79103 14.6734
0.466 -7.20343 11.5349
0.467 -19.0958 7.68148
0.468 -27.4663 4.0538
0.469 -30.0904 1.5209
0.47 -26.662 0.621575
0.471 -18.8703 1.40713
0.472 -9.72311 3.4459
0.473 -2.40252 6.0052
0.474 0.81671 8.32446
0.475 -0.679339 9.87691
0.476 -5.67046 10.5201
0.477 -11.5828 10.4955
0.478 -15.5144 10.3077
0.479 -15.3012 10.4945
0.48 -10.3772 11.3783
0.481 -2.00637 12.9061
0.482 7.14005 14.6481
0.483 13.9241 15.9251
0.484 15.8139 16.0482
0.485 11.7365 14.574
0.486 2.41383 11.4576
0.487 -9.89426 7.09111
0.488 -22.1185 2.20938
0.489 -31.3716 -2.3232
0.49 -35.8528 -5.77322
0.491 -35.328 -7.71617
0.492 -31.0564 -8.1251
0.493 -25.2201 -7.32235
0.494 -20.1133 -5.8198
0.495 -17.3602 -4.13623
0.496 -17.4221 -2.63084
0.497 -19.5205 -1.41307
0.498 -22.007 -0.347683
0.499 -23.0019 0.844512
0.5 -21.1196 2.42387
0.501 -15.9721 4.51266
0.502 -8.25812 7.01963
0.503 0.428547 9.641
0.504 8.09522 11.9593
0.505 12.9627 13.5569
0.506 13.9851 14.1422
0.507 11.1602 13.6389
0.508 5.48451 12.2154
0.509 -1.37723 10.2265
0.51 -7.63771 8.09876
0.511 -11.8559 6.22621
0.512 -13.3303 4.87485
0.513 -12.2589 4.13458
0.514 -9.61028 3.92448
0.515 -6.79292 4.03595
0.516 -5.18536 4.18868
0.517 -5.72312 4.13149
0.518 -8.52084 3.71379
0.519 -12.9398 2.91037
0.52 -17.7692 1.81843
0.521 -21.5849 0.609857
0.522 -23.2187 -0.509581
0.523 -22.123 -1.35401
0.524 -18.5651 -1.80189
0.525 -13.5675 -1.8338
0.526 -8.57739 -1.53885
0.527 -4.99277 -1.05214
0.528 -3.67298 -0.497119
0.529 -4.65831 0.066746
0.53 -7.13968 0.663659
0.531 -9.72152 1.39435
0.532 -10.8631 2.44244
0.533 -9.41806 3.99758
0.534 -5.06908 6.16498
0.535 1.51736 8.89884
0.536 8.84593 11.9684
0.537 15.0771 15.0015
0.538 18.6217 17.5631
0.539 18.6299 19.2431
0.54 15.2503 19.7581
0.541 9.57403 19.0202
0.542 3.24493 17.1559
0.543 -2.0829 14.4759
0.544 -5.31047 11.3656
0.545 -6.25615 8.17047
0.546 -5.63865 5.1272
0.547 -4.74393 2.34408
0.548 -4.90082 -0.181338
0.549 -6.96172 -2.50384
0.55 -10.9204 -4.65312
0.551 -15.9148 -6.56543
0.552 -20.4859 -8.05349
0.553 -23.0984 -8.83597
0.554 -22.683 -8.6522
0.555 -19.0352 -7.35032
0.556 -12.8818 -4.95412
0.557 -5.63133 -1.69112
0.558 1.05332 2.04112
0.559 5.79502 5.74703
0.56 7.8814 8.9462
0.561 7.42806 11.2861
0.562 5.25949 12.6137
0.563 2.54932 12.9769
0.564 0.376605 12.5562
0.565 -0.659223 11.5877
0.566 -0.56864 10.2927
0.567 0.129932 8.82223
0.568 0.665454 7.24143
0.569 0.325882 5.55072
0.57 -1.25899 3.7337
0.571 -3.94917 1.83293
0.572 -7.1525 -0.0187871
0.573 -10.0215 -1.62166
0.574 -11.7173 -2.75462
0.575 -11.7268 -3.22752
0.576 -9.94428 -2.92965
0.577 -6.70705 -1.87172
0.578 -2.65658 -0.193692
0.579 1.4385 1.86024
0.58 4.85607 3.99498
0.581 7.07728 5.93494
0.582 7.89996 7.47453
0.583 7.42307 8.494
0.584 5.96205 8.9574
0.585 3.93957 8.89817
0.586 1.78192 8.39475
0.587 -0.143222 7.54829
0.588 -1.61535 6.46052
0.589 -2.61174 5.21156
0.59 -3.28872 3.87419
0.591 -3.93141 2.52098
0.592 -4.83021 1.22398
0.593 -6.18471 0.0512517
0.594 -8.00028 -0.938342
0.595 -10.0251 -1.68714
0.596 -11.7683 -2.13648
0.597 -12.6398 -2.23027
0.598 -12.1234 -1.92781
0.599 -9.96616 -1.20943
0.6 -6.33233 -0.0962705
0.601 -1.79853 1.34425
0.602 2.7777 2.99199
0.603 6.48552 4.68501
0.604 8.65561 6.24754
0.605 9.07309 7.52319
0.606 8.08512 8.41322
0.607 6.46977 8.90254
0.608 5.1444 9.05733
0.609 4.8414 8.9961
0.61 5.83101 8.85256
0.611 7.79075 8.71869
0.612 9.91871 8.61366
0.613 11.2105 8.47464
0.614 10.822 8.17728
0.615 8.41836 7.59768
0.616 4.33388 6.6554
0.617 -0.505819 5.34981
0.618 -4.92525 3.79135
0.619 -7.89006 2.16399
0.62 -8.86455 0.671734
0.621 -7.9739 -0.516777
0.622 -5.97083 -1.3261
0.623 -3.95108 -1.78738
0.624 -2.93235 -2.01535
0.625 -3.46502 -2.15288
0.626 -5.42501 -2.30969
0.627 -8.05683 -2.50311
0.628 -10.259 -2.64281
0.629 -10.9861 -2.56692
0.63 -9.62952 -2.09299
0.631 -6.24408 -1.08705
0.632 -1.54944 0.468243
0.633 3.32674 2.44609
0.634 7.22315 4.60008
0.635 9.34497 6.62886
0.636 9.49425 8.26478
0.637 8.10051 9.33432
0.638 6.03288 9.79297
0.639 4.23482 9.71936
0.64 3.38747 9.26714
0.641 3.68441 8.59606
0.642 4.76625 7.81153
0.643 5.90559 6.92715
0.644 6.28455 5.87373
0.645 5.31704 4.5604
0.646 2.87028 2.93177
0.647 -0.690211 1.01862
0.648 -4.6014 -1.0316
0.649 -7.97815 -2.97883
0.65 -10.0785 -4.54796
0.651 -10.5561 -5.4974
0.652 -9.5259 -5.70205
0.653 -7.48013 -5.1814
0.654 -5.10065 -4.07724
0.655 -3.02854 -2.60414
0.656 -1.68146 -0.988383
0.657 -1.14769 0.589255
0.658 -1.20254 2.03035
0.659 -1.43039 3.31751
0.66 -1.40088 4.48565
0.661 -0.838903 5.57113
0.662 0.294419 6.56688
0.663 1.80506 7.40354
0.664 3.36214 7.96514
0.665 4.58045 8.13592
0.666 5.14065 7.84227
0.667 4.88594 7.07941
0.668 3.87149 5.93155
0.669 2.34241 4.55429
0.67 0.652404 3.13737
0.671 -0.831734 1.85617
0.672 -1.81175 0.835085
0.673 -2.11833 0.126682
0.674 -1.74372 -0.275945
0.675 -0.855225 -0.417834
0.676 0.257961 -0.353184
0.677 1.27195 -0.124446
0.678 1.91426 0.247005
0.679 2.03659 0.756802
0.68 1.65344 1.39528
0.681 0.941974 2.13582
0.682 0.192585 2.92633
0.683 -0.287274 3.68744
0.684 -0.282285 4.33408
0.685 0.240939 4.79183
0.686 1.10721 5.01465
0.687 1.99479 4.99455
0.688 2.51875 4.75297
0.689 2.36337 4.33096
0.69 1.39518 3.76954
0.691 -0.259978 3.10441
0.692 -2.25837 2.36223
0.693 -4.12874 1.56124
0.694 -5.43265 0.729638
0.695 -5.91541 -0.0872602
0.696 -5.57467 -0.831064
0.697 -4.66873 -1.43472
0.698 -3.60804 -1.83706
0.699 -2.8069 -2.00093
0.7 -2.54959 -1.92893
0.701 -2.8752 -1.65984
0.702 -3.56023 -1.25232
0.703 -4.19926 -0.764426
0.704 -4.36299 -0.237082
0.705 -3.76117 0.318629
0.706 -2.34926 0.914456
0.707 -0.359076 1.56887
0.708 1.78078 2.29125
0.709 3.57751 3.05644
0.71 4.62851 3.80229
0.711 4.74177 4.43996
0.712 3.99408 4.87302
0.713 2.7054 5.02894
0.714 1.30248 4.88854
0.715 0.161743 4.48872
0.716 -0.513958 3.90572
0.717 -0.73309 3.23405
0.718 -0.710103 2.55971
0.719 -0.759374 1.93122
0.72 -1.17608 1.34854
0.721 -2.11425 0.78474
0.722 -3.5226 0.203892
0.723 -5.16082 -0.408076
0.724 -6.66197 -1.02568
0.725 -7.66079 -1.58165
0.726 -7.90856 -1.98066
0.727 -7.34875 -2.12994
0.728 -6.12139 -1.97104
0.729 -4.50818 -1.50332
0.73 -2.85006 -0.784119
0.731 -1.43688 0.0852437
0.732 -0.439066 0.987505
0.733 0.132414 1.82275
0.734 0.39893 2.52854
0.735 0.553595 3.08974
0.736 0.782853 3.52976
0.737 1.19552 3.88568
0.738 1.79195 4.18346
0.739 2.46213 4.42111
0.74 3.03316 4.56658
0.741 3.31426 4.57052
0.742 3.16962 4.38613
0.743 2.56338 3.98619
0.744 1.56616 3.38262
0.745 0.341523 2.63225
0.746 -0.903224 1.81985
0.747 -1.96379 1.03794
0.748 -2.69262 0.366196
0.749 -3.03849 -0.147497
0.75 -3.05039 -0.490318
0.751 -2.85819 -0.678373
0.752 -2.62759 -0.748046
0.753 -2.50724 -0.738318
0.754 -2.59045 -0.67534
0.755 -2.89263 -0.566947
0.756 -3.33776 -0.405561
0.757 -3.77591 -0.177928
0.758 -4.03541 0.121053
0.759 -3.9921 0.481272
0.76 -3.60858 0.877172
0.761 -2.94284 1.2687
0.762 -2.13734 1.61045
0.763 -1.37909 1.86232
0.764 -0.84567 1.9982
0.765 -0.652326 2.01187
0.766 -0.805995 1.91701
0.767 -1.19273 1.73899
0.768 -1.63868 1.50912
0.769 -1.95431 1.25738
0.77 -2.01455 1.01077
0.771 -1.78029 0.788658
0.772 -1.33395 0.59763
0.773 -0.841866 0.4398
0.774 -0.499646 0.315982
0.775 -0.462291 0.225777
0.776 -0.786057 0.171848
0.777 -1.40798 0.158957
0.778 -2.16098 0.193173
0.779 -2.82615 0.28225
0.78 -3.21084 0.431802
0.781 -3.21214 0.642593
0.782 -2.84039 0.904808
0.783 -2.22442 1.19601
0.784 -1.5606 1.48568
0.785 -1.04919 1.74
0.786 -0.82526 1.92705
0.787 -0.915835 2.02349
0.788 -1.24055 2.01988
0.789 -1.64198 1.92337
0.79 -1.95001 1.75336
0.791 -2.04192 1.53622
0.792 -1.88486 1.29627
0.793 -1.55193 1.04892
0.794 -1.18136 0.800623
0.795 -0.937291 0.551192
0.796 -0.942984 0.298287
0.797 -1.24088 0.0444884
0.798 -1.77173 -0.195967
0.799 -2.39374 -0.396092
0.8 -2.92788 -0.52217
0.801 -3.21744 -0.544686
0.802 -3.17341 -0.446155
0.803 -2.80101 -0.227644
0.804 -2.19091 0.0884536
0.805 -1.48953 0.463524
0.806 -0.846497 0.854479
0.807 -0.374573 1.22211
0.808 -0.117031 1.53779
0.809 -0.0449399 1.78886
0.81 -0.0787886 1.97516
0.811 -0.121579 2.10279
0.812 -0.101015 2.17716
0.813 0.00666738 2.19584
0.814 0.168543 2.14978
0.815 0.309577 2.02735
0.816 0.339433 1.82081
0.817 0.185552 1.53262
0.818 -0.181645 1.17961
0.819 -0.736501 0.792413
0.82 -1.40305 0.408373
0.821 -2.076 0.0630188
0.822 -2.64928 -0.21648
0.823 -3.03944 -0.414636
0.824 -3.2082 -0.530327
0.825 -3.16967 -0.573702
0.826 -2.97673 -0.559402
0.827 -2.70305 -0.499961
0.828 -2.42191 -0.402845
0.829 -2.19047 -0.273059
0.83 -2.03381 -0.115
0.831 -1.94023 0.0662529
0.832 -1.87214 0.260992
0.833 -1.77527 0.454526
0.834 -1.61089 0.631223
0.835 -1.3629 0.776534
0.836 -1.04716 0.881529
0.837 -0.708054 0.94485
0.838 -0.405727 0.972854
0.839 -0.19925 0.974851
0.84 -0.131444 0.959564
0.841 -0.209029 0.933692
0.842 -0.397028 0.899338
0.843 -0.632968 0.855694
0.844 -0.841744 0.802975
0.845 -0.963029 0.74276
0.846 -0.967181 0.679849
0.847 -0.864974 0.620394
0.848 -0.705783 0.569422
0.849 -0.556452 0.529716
0.85 -0.486853 0.498255
0.851 -0.54049 0.467446
0.852 -0.720188 0.427634
0.853 -0.985412 0.370881
0.854 -1.27067 0.295122
0.855 -1.5041 0.20639
0.856 -1.62929 0.117877
0.857 -1.62533 0.0445742
0.858 -1.51131 -0.000827725
0.859 -1.33751 -0.0113655
0.86 -1.16619 0.0108847
0.861 -1.04956 0.0570453
0.862 -1.01117 0.114991
0.863 -1.03947 0.173316
0.864 -1.09161 0.226605
0.865 -1.11027 0.277217
0.866 -1.04453 0.332158
0.867 -0.873511 0.400202
0.868 -0.612574 0.484886
0.869 -0.308735 0.580958
0.87 -0.0277523 0.675878
0.871 0.166989 0.752053
0.872 0.233926 0.792771
0.873 0.166799 0.787403
0.874 -0.00530711 0.735008
0.875 -0.22811 0.646425
0.876 -0.440178 0.540764
0.877 -0.593802 0.438681
0.878 -0.667949 0.356165
0.879 -0.672601 0.299927
0.88 -0.641349 0.267603
0.881 -0.614009 0.249921
0.882 -0.620655 0.235784
0.883 -0.673577 0.217802
0.884 -0.760357 0.194487
0.885 -0.850523 0.170965
0.886 -0.906271 0.156729
0.887 -0.897073 0.160981
0.888 -0.814139 0.187786
0.889 -0.671997 0.232678
0.89 -0.502156 0.28403
0.891 -0.344624 0.326835
0.892 -0.234757 0.346991
0.893 -0.192844 0.336336
0.894 -0.219855 0.295088
0.895 -0.29986 0.231963
0.896 -0.403441 0.160834
0.897 -0.500446 0.095928
0.898 -0.569491 0.0475929
0.899 -0.601214 0.0202867
0.9 -0.59973 0.0125539
0.901 -0.577371 0.0185754
0.902 -0.549082 0.0314244
0.903 -0.526322 0.0461649
0.904 -0.513226 0.0618786
0.905 -0.505316 0.08094
0.906 -0.493119 0.107183
0.907 -0.466252 0.143783
0.908 -0.417471 0.190777
0.909 -0.346094 0.243739
0.91 -0.258088 0.294771
0.911 -0.164998 0.335354
0.912 -0.0803637 0.358604
0.913 -0.0158454 0.360406
0.914 0.0207857 0.340509
0.915 0.0273853 0.303278
0.916 0.00730267 0.255638
0.917 -0.0329028 0.204746
0.918 -0.0846447 0.156171
0.919 -0.139477 0.11295
0.92 -0.190423 0.0763235
0.921 -0.233116 0.0461497
0.922 -0.265478 0.0222375
0.923 -0.287946 0.00464377
0.924 -0.301637 -0.00603108
0.925 -0.30826 -0.00857315
0.926 -0.309929 -0.00201384
0.927 -0.308477 0.0135122
0.928 -0.305017 0.0358976
0.929 -0.299222 0.0618469
0.93 -0.289791 0.0875754
0.931 -0.27422 0.109719
0.932 -0.250534 0.126068
0.933 -0.218793 0.135421
0.934 -0.180142 0.138058
0.935 -0.13851 0.135394
0.936 -0.098795 0.129152
0.937 -0.0662621 0.1209
0.938 -0.0451461 0.111686
0.939 -0.0366414 0.101994
0.94 -0.037932 0.0923632
0.941 -0.0438566 0.0835645
0.942 -0.0481589 0.0764839
0.943 -0.0458268 0.0720983
0.944 -0.0350258 0.0711738
0.945 -0.017633 0.0740204
0.946 0.00177652 0.080323
0.947 0.0170811 0.0888418
0.948 0.0225623 0.0976169
0.949 0.0153484 0.10462
0.95 -0.00323522 0.108235
0.951 -0.0285442 0.107495
0.952 -0.0541366 0.102239
0.953 -0.0744503 0.0931725
0.954 -0.0861017 0.0813773
0.955 -0.088939 0.0680581
0.956 -0.0857116 0.0542662
0.957 -0.0808198 0.0406747
0.958 -0.0785808 0.0276482
0.959 -0.0812409 0.0153796
0.96 -0.0882035 0.00416744
0.961 -0.0964988 -0.00541128
0.962 -0.101899 -0.0127778
0.963 -0.100602 -0.0172588
0.964 -0.0909674 -0.0183356
0.965 -0.0739063 -0.0159477
0.966 -0.0523968 -0.0104371
0.967 -0.0306885 -0.00266828
0.968 -0.0128722 0.0061289
0.969 -0.00142817 0.0146506
0.97 0.00327323 0.0218205
0.971 0.00284492 0.0270174
0.972 -5.36822e-05 0.0300208
0.973 -0.00280783 0.0309572
0.974 -0.00376548 0.030265
0.975 -0.00261225 0.0284665
0.976 -0.000254093 0.0259938
0.977 0.00182066 0.0231101
0.978 0.00222061 0.0199297
0.979 0.000368824 0.016521
0.98 -0.00336465 0.0129899
0.981 -0.00783567 0.00949379
0.982 -0.0117035 0.00625449
0.983 -0.0139438 0.00351636
0.984 -0.014137 0.00146948
0.985 -0.0125118 0.000203763
0.986 -0.00980786 -0.000320244
0.987 -0.00692107 -0.000267532
0.988 -0.00455108 0.000121267
0.989 -0.00300671 0.000607458
0.99 -0.0022028 0.00101682
0.991 -0.00184604 0.00125195
0.992 -0.00162119 0.00129357
0.993 -0.00133775 0.00118097
0.994 -0.000961609 0.000976455
0.995 -0.000566032 0.000738248
0.996 -0.00025202 0.000506762
0.997 -7.22849e-05 0.00030394
0.998 -8.5903e-06 0.000143032
0.999 1.85573e-08 3.73968e-05
0.12 -39.3707 0.980519
0.24 -39.2413 0.980696
0.36 -39.0262 0.980991
0.48 -38.7263 0.981408
0.6 -38.3432 0.981947
0.72 -37.8783 0.982612
0.84 -37.3339 0.983406
0.96 -36.7122 0.984333
1.08 -36.0161 0.985398
1.2 -35.2485 0.986603
1.32 -34.4129 0.987954
1.44 -33.5127 0.989455
1.56 -32.552 0.991109
1.68 -31.5347 0.99292
1.8 -30.4652 0.99489
1.92 -29.3479 0.997022
2.04 -28.1876 0.999317
2.16 -26.9888 1.00177
2.28 -25.7566 1.00439
2.4 -24.4957 1.00717
2.52 -23.2113 1.01011
2.64 -21.9082 1.01319
2.76 -20.5914 1.01641
2.88 -19.2659 1.01977
3 -17.9365 1.02325
3.12 -16.608 1.02684
3.24 -15.2851 1.03052
3.36 -13.9722 1.03428
3.48 -12.6737 1.0381
3.6 -11.3938 1.04195
3.72 -10.1365 1.04582
3.84 -8.90547 1.04967
3.96 -7.70424 1.05348
4.08 -6.53607 1.05723
4.2 -5.40398 1.06088
4.32 -4.3107 1.0644
4.44 -3.25866 1.06776
4.56 -2.25004 1.07092
4.68 -1.28671 1.07385
4.8 -0.370255 1.07651
4.92 0.498038 1.07888
5.04 1.31717 1.0809
5.16 2.08642 1.08255
5.28 2.80537 1.0838
5.4 3.47384 1.08459
5.52 4.09196 1.08492
5.64 4.66008 1.08473
5.76 5.1788 1.084
5.88 5.64897 1.0827
6 6.07163 1.08081
6.12 6.44804 1.07829
6.24 6.77963 1.07513
6.36 7.06801 1.0713
6.48 7.31494 1.06678
6.6 7.52229 1.06157
6.72 7.69209 1.05565
6.84 7.82642 1.04902
6.96 7.92746 1.04166
7.08 7.99747 1.03358
7.2 8.0387 1.02478
7.32 8.05348 1.01527
7.44 8.04412 1.00505
7.56 8.01293 0.994148
7.68 7.96218 0.982566
7.8 7.89412 0.970331
7.92 7.81095 0.957463
8.04 7.71479 0.943991
8.16 7.60769 0.929942
8.28 7.49163 0.91535
8.4 7.36847 0.900247
8.52 7.23997 0.884672
8.64 7.10778 0.868662
8.76 6.97344 0.852258
8.88 6.83837 0.835503
9 6.70385 0.818439
9.12 6.57104 0.801111
9.24 6.44098 0.783563
9.36 6.31457 0.765841
9.48 6.19258 0.747988
9.6 6.07568 0.730051
9.72 5.96438 0.712073
9.84 5.85912 0.694097
9.96 5.76018 0.676165
10.08 5.66776 0.658317
10.2 5.58196 0.640592
10.32 5.50278 0.623026
10.44 5.43013 0.605654
10.56 5.36385 0.588508
10.68 5.30369 0.571616
10.8 5.24936 0.555005
10.92 5.20051 0.538699
11.04 5.15673 0.522718
11.16 5.11759 0.507079
11.28 5.08262 0.491797
11.4 5.05132 0.476882
11.52 5.02319 0.462343
11.64 4.99773 0.448183
11.76 4.97441 0.434405
11.88 4.95273 0.421006
12 4.9322 0.407983
12.12 4.91234 0.395327
12.24 4.89271 0.383029
12.36 4.87287 0.371076
12.48 4.85243 0.359454
12.6 4.83103 0.348145
12.72 4.80836 0.337131
12.84 4.78413 0.32639
12.96 4.75809 0.315903
13.08 4.73005 0.305644
13.2 4.69985 0.295591
13.32 4.66737 0.285718
13.44 4.63253 0.276002
13.56 4.59531 0.266416
13.68 4.55569 0.256937
13.8 4.51373 0.247539
13.92 4.46949 0.238199
14.04 4.42307 0.228893
14.16 4.37462 0.2196
14.28 4.32427 0.2103
14.4 4.27223 0.200973
14.52 4.21867 0.191601
14.64 4.16382 0.18217
14.76 4.1079 0.172665
14.88 4.05114 0.163074
15 3.99377 0.153389
15.12 3.93605 0.143602
15.24 3.87819 0.133708
15.36 3.82044 0.123704
15.48 3.76302 0.113591
15.6 3.70614 0.103369
15.72 3.65 0.0930436
15.84 3.59478 0.0826207
15.96 3.54066 0.072109
16.08 3.48779 0.0615189
16.2 3.43629 0.0508631
16.32 3.38627 0.0401557
16.44 3.33783 0.0294129
16.56 3.29102 0.0186522
16.68 3.2459 0.00789233
16.8 3.20249 -0.00284656
16.92 3.16078 -0.0135434
17.04 3.12076 -0.0241764
17.16 3.08239 -0.0347229
17.28 3.04562 -0.0451599
17.4 3.01036 -0.0554641
17.52 2.97652 -0.0656123
17.64 2.94401 -0.0755812
17.76 2.91269 -0.0853477
17.88 2.88245 -0.0948894
18 2.85315 -0.104184
18.12 2.82464 -0.113211
18.24 2.79678 -0.12195
18.36 2.7694 -0.130381
18.48 2.74237 -0.138487
18.6 2.71551 -0.146251
18.72 2.68869 -0.153657
18.84 2.66176 -0.160691
18.96 2.63458 -0.167341
19.08 2.60701 -0.173595
19.2 2.57892 -0.179445
19.32 2.55021 -0.184883
19.44 2.52077 -0.189902
19.56 2.49051 -0.194497
19.68 2.45934 -0.198667
19.8 2.4272 -0.202408
19.92 2.39403 -0.205723
20.04 2.35979 -0.208611
20.16 2.32446 -0.211076
20.28 2.28801 -0.213121
20.4 2.25045 -0.214754
20.52 2.21179 -0.215979
20.64 2.17206 -0.216805
20.76 2.13127 -0.217241
20.88 2.08949 -0.217295
21 2.04677 -0.216979
21.12 2.00317 -0.216302
21.24 1.95877 -0.215278
21.36 1.91364 -0.213916
21.48 1.86787 -0.212231
21.6 1.82155 -0.210233
21.72 1.77478 -0.207937
21.84 1.72765 -0.205356
21.96 1.68026 -0.202501
22.08 1.63272 -0.199386
22.2 1.58512 -0.196023
22.32 1.53756 -0.192426
22.44 1.49013 -0.188607
22.56 1.44294 -0.184577
22.68 1.39606 -0.180348
22.8 1.34959 -0.175933
22.92 1.30361 -0.171341
23.04 1.2582 -0.166585
23.16 1.21341 -0.161674
23.28 1.16933 -0.156618
23.4 1.12599 -0.151428
23.52 1.08347 -0.146112
23.64 1.0418 -0.14068
23.76 1.00102 -0.13514
23.88 0.961162 -0.129502
24 0.922258 -0.123772
24.12 0.884327 -0.117961
24.24 0.847384 -0.112074
24.36 0.811439 -0.106121
24.48 0.776499 -0.100109
24.6 0.742564 -0.0940463
24.72 0.709632 -0.0879397
24.84 0.677696 -0.0817973
24.96 0.646747 -0.0756269
25.08 0.616773 -0.0694364
25.2 0.587759 -0.0632338
25.32 0.559691 -0.0570272
25.44 0.532549 -0.0508248
25.56 0.506317 -0.0446352
25.68 0.480975 -0.0384669
25.8 0.456503 -0.0323286
25.92 0.432884 -0.0262294
26.04 0.410099 -0.0201783
26.16 0.388128 -0.0141847
26.28 0.366956 -0.00825779
26.4 0.346564 -0.00240723
26.52 0.326937 0.00335744
26.64 0.308061 0.00902656
26.76 0.289922 0.0145905
26.88 0.272507 0.0200396
27 0.255805 0.0253642
27.12 0.239804 0.0305551
27.24 0.224493 0.0356027
27.36 0.209864 0.0404981
27.48 0.195908 0.0452324
27.6 0.182614 0.0497972
27.72 0.169974 0.0541842
27.84 0.157979 0.0583857
27.96 0.14662 0.0623945
28.08 0.135886 0.0662038
28.2 0.125767 0.0698073
28.32 0.116252 0.0731995
28.44 0.107327 0.0763753
28.56 0.0989784 0.0793305
28.68 0.091192 0.0820615
28.8 0.0839509 0.0845654
28.92 0.0772372 0.0868401
29.04 0.0710315 0.0888842
29.16 0.0653128 0.0906971
29.28 0.0600587 0.0922792
29.4 0.0552454 0.0936313
29.52 0.0508474 0.0947552
29.64 0.0468384 0.0956536
29.76 0.0431907 0.0963298
29.88 0.0398754 0.0967878
30 0.0368633 0.0970323
30.12 0.0341241 0.0970688
30.24 0.0316274 0.0969035
30.36 0.0293426 0.096543
30.48 0.0272389 0.0959946
30.6 0.0252863 0.095266
30.72 0.0234549 0.0943656
30.84 0.0217158 0.0933019
30.96 0.0200414 0.092084
31.08 0.0184051 0.0907213
31.2 0.016782 0.0892232
31.32 0.015149 0.0875997
31.44 0.0134848 0.0858605
31.56 0.0117703 0.0840158
31.68 0.00998896 0.0820754
31.8 0.00812634 0.0800494
31.92 0.0061707 0.0779476
32.04 0.00411293 0.0757798
32.16 0.00194657 0.0735556
32.28 -0.00033217 0.0712843
32.4 -0.00272436 0.068975
32.52 -0.00522846 0.0666363
32.64 -0.00784036 0.0642767
32.76 -0.0105535 0.0619042
32.88 -0.0133589 0.0595264
33 -0.0162455 0.0571505
33.12 -0.0192002 0.0547831
33.24 -0.0222082 0.0524305
33.36 -0.0252528 0.0500986
33.48 -0.0283164 0.0477925
33.6 -0.0313799 0.045517
33.72 -0.0344235 0.0432765
33.84 -0.037427 0.0410748
33.96 -0.0403695 0.0389152
34.08 -0.0432305 0.0368005
34.2 -0.0459893 0.0347332
34.32 -0.048626 0.0327152
34.44 -0.0511212 0.0307481
34.56 -0.0534567 0.0288331
34.68 -0.0556152 0.026971
34.8 -0.057581 0.0251621
34.92 -0.0593398 0.0234067
35.04 -0.0608791 0.0217045
35.16 -0.0621884 0.0200551
35.28 -0.063259 0.0184578
35.4 -0.0640841 0.0169117
35.52 -0.0646594 0.0154158
35.64 -0.0649824 0.0139688
35.76 -0.065053 0.0125694
35.88 -0.0648729 0.0112161
36 -0.0644463 0.00990743
36.12 -0.0637791 0.00864178
36.24 -0.0628791 0.00741754
36.36 -0.0617561 0.00623311
36.48 -0.0604213 0.00508687
36.6 -0.0588876 0.00397727
36.72 -0.0571691 0.00290276
36.84 -0.055281 0.00186188
36.96 -0.0532397 0.000853218
37.08 -0.051062 -0.000124536
37.2 -0.0487656 -0.00107262
37.32 -0.0463683 -0.00199216
37.44 -0.0438881 -0.0028842
37.56 -0.041343 -0.00374967
37.68 -0.0387507 -0.0045894
37.8 -0.0361284 -0.00540411
37.92 -0.0334929 -0.00619442
38.04 -0.0308599 -0.00696083
38.16 -0.0282444 -0.00770378
38.28 -0.0256604 -0.00842358
38.4 -0.0231205 -0.00912046
38.52 -0.0206362 -0.00979458
38.64 -0.0182178 -0.010446
38.76 -0.0158739 -0.0110747
38.88 -0.0136118 -0.0116807
39 -0.0114376 -0.0122638
39.12 -0.0093557 -0.0128239
39.24 -0.00736917 -0.0133607
39.36 -0.00547978 -0.013874
39.48 -0.00368797 -0.0143635
39.6 -0.001993 -0.014829
39.72 -0.000392988 -0.0152701
39.84 0.00111494 -0.0156866
39.96 0.00253458 -0.016078
40.08 0.00387046 -0.0164441
40.2 0.00512779 -0.0167846
40.32 0.00631225 -0.0170991
40.44 0.00742988 -0.0173874
40.56 0.00848697 -0.0176493
40.68 0.00948988 -0.0178844
40.8 0.0104449 -0.0180925
40.92 0.0113582 -0.0182735
41.04 0.0122355 -0.0184272
41.16 0.0130823 -0.0185534
41.28 0.0139036 -0.018652
41.4 0.0147035 -0.0187231
41.52 0.0154858 -0.0187664
41.64 0.0162533 -0.0187821
41.76 0.0170082 -0.0187702
41.88 0.0177517 -0.0187306
42 0.0184843 -0.0186636
42.12 0.0192056 -0.0185694
42.24 0.0199145 -0.0184479
42.36 0.020609 -0.0182996
42.48 0.0212865 -0.0181247
42.6 0.0219434 -0.0179236
42.72 0.0225759 -0.0176965
42.84 0.0231794 -0.0174439
42.96 0.0237491 -0.0171662
43.08 0.0242795 -0.0168641
43.2 0.0247653 -0.016538
43.32 0.0252007 -0.0161886
43.44 0.0255801 -0.0158166
43.56 0.0258981 -0.0154227
43.68 0.0261493 -0.0150078
43.8 0.0263288 -0.0145726
43.92 0.026432 -0.0141182
44.04 0.026455 -0.0136455
44.16 0.0263946 -0.0131556
44.28 0.026248 -0.0126496
44.4 0.0260136 -0.0121287
44.52 0.0256904 -0.0115942
44.64 0.0252786 -0.0110473
44.76 0.024779 -0.0104895
44.88 0.0241937 -0.00992216
45 0.0235258 -0.0093468
45.12 0.0227792 -0.00876496
45.24 0.0219589 -0.00817823
45.36 0.021071 -0.00758825
45.48 0.0201222 -0.00699668
45.6 0.0191204 -0.00640524
45.72 0.018074 -0.00581565
45.84 0.0169924 -0.00522966
45.96 0.0158853 -0.00464902
46.08 0.0147631 -0.00407551
46.2 0.0136366 -0.00351087
46.32 0.0125168 -0.00295684
46.44 0.0114148 -0.00241514
46.56 0.010342 -0.00188745
46.68 0.00930949 -0.0013754
46.8 0.00832817 -0.000880589
46.92 0.00740864 -0.000404532
47.04 0.00656101 5.13201e-05
47.16 0.00579479 0.000485596
47.28 0.00511884 0.000897017
47.4 0.00454116 0.0012844
47.52 0.0040689 0.00164668
47.64 0.0037082 0.00198288
47.76 0.00346414 0.00229217
47.88 0.0033407 0.00257385
48 0.00334068 0.00282733
48.12 0.00346567 0.00305217
48.24 0.00371605 0.00324807
48.36 0.00409095 0.00341488
48.48 0.00458829 0.00355258
48.6 0.00520476 0.00366132
48.72 0.00593589 0.00374136
48.84 0.00677608 0.00379315
48.96 0.00771866 0.00381724
49.08 0.00875598 0.00381435
49.2 0.00987946 0.0037853
49.32 0.0110797 0.00373106
49.44 0.0123466 0.00365273
49.56 0.0136694 0.0035515
49.68 0.0150368 0.00342867
49.8 0.0164373 0.00328564
49.92 0.017859 0.0031239
50.04 0.0192899 0.002945
50.16 0.0207179 0.00275057
50.28 0.0221312 0.00254228
50.4 0.0235179 0.00232183
50.52 0.0248669 0.00209097
50.64 0.0261671 0.00185144
50.76 0.0274082 0.00160499
50.88 0.0285805 0.00135337
51 0.0296751 0.00109828
51.12 0.0306838 0.00084139
51.24 0.0315993 0.000584339
51.36 0.0324152 0.000328685
51.48 0.0331262 7.59205e-05
51.6 0.0337279 -0.000172546
51.72 0.0342169 -0.000415397
51.84 0.034591 -0.000651418
51.96 0.034849 -0.000879502
52.08 0.0349904 -0.00109866
52.2 0.0350161 -0.00130803
52.32 0.0349278 -0.00150687
52.44 0.0347281 -0.00169456
52.56 0.0344204 -0.00187065
52.68 0.034009 -0.00203479
52.8 0.0334988 -0.00218678
52.92 0.0328955 -0.00232656
53.04 0.0322052 -0.0024542
53.16 0.0314345 -0.0025699
53.28 0.0305906 -0.00267399
53.4 0.0296807 -0.00276692
53.52 0.0287124 -0.00284927
53.64 0.0276934 -0.00292171
53.76 0.0266313 -0.00298503
53.88 0.0255338 -0.00304009
54 0.0244084 -0.00308786
54.12 0.0232623 -0.00312938
54.24 0.0221027 -0.00316574
54.36 0.0209362 -0.0031981
54.48 0.019769 -0.00322764
54.6 0.018607 -0.00325559
54.72 0.0174555 -0.00328319
54.84 0.0163193 -0.00331168
54.96 0.0152027 -0.00334232
55.08 0.0141094 -0.00337632
55.2 0.0130424 -0.00341487
55.32 0.0120043 -0.00345914
55.44 0.0109971 -0.00351023
55.56 0.0100222 -0.00356918
55.68 0.0090805 -0.00363697
55.8 0.00817235 -0.00371447
55.92 0.00729768 -0.0038025
56.04 0.00645598 -0.00390176
56.16 0.00564637 -0.00401285
56.28 0.0048676 -0.00413625
56.4 0.00411818 -0.00427235
56.52 0.00339635 -0.0044214
56.64 0.00270019 -0.00458352
56.76 0.00202764 -0.00475873
56.88 0.00137659 -0.00494691
57 0.000744883 -0.0051478
57.12 0.00013041 -0.00536103
57.24 -0.000468871 -0.00558611
57.36 -0.00105488 -0.0058224
57.48 -0.00162938 -0.00606916
57.6 -0.00219393 -0.00632554
57.72 -0.00274989 -0.00659057
57.84 -0.00329834 -0.00686318
57.96 -0.0038401 -0.00714219
58.08 -0.00437572 -0.00742636
58.2 -0.00490546 -0.00771434
58.32 -0.00542925 -0.00800472
58.44 -0.00594678 -0.00829603
58.56 -0.00645742 -0.00858672
58.68 -0.00696029 -0.00887524
58.8 -0.00745423 -0.00915997
58.92 -0.0079379 -0.00943927
59.04 -0.00840971 -0.00971151
59.16 -0.00886792 -0.00997504
59.28 -0.00931064 -0.0102282
59.4 -0.00973588 -0.0104694
59.52 -0.0101416 -0.0106971
59.64 -0.0105256 -0.0109097
59.76 -0.0108859 -0.0111057
59.88 -0.0112204 -0.0112836
60 -0.0115271 -0.0114422
60.12 -0.0118042 -0.01158
60.24 -0.0120499 -0.011696
60.36 -0.0122627 -0.0117889
60.48 -0.0124413 -0.0118579
60.6 -0.0125845 -0.0119019
60.72 -0.0126914 -0.0119203
60.84 -0.0127615 -0.0119122
60.96 -0.0127944 -0.0118772
61.08 -0.0127901 -0.0118149
61.2 -0.0127487 -0.0117249
61.32 -0.012671 -0.0116071
61.44 -0.0125575 -0.0114614
61.56 -0.0124094 -0.011288
61.68 -0.0122281 -0.011087
61.8 -0.012015 -0.0108588
61.92 -0.011772 -0.0106039
62.04 -0.0115011 -0.0103228
62.16 -0.0112044 -0.0100164
62.28 -0.0108842 -0.00968542
62.4 -0.0105428 -0.00933083
62.52 -0.0101827 -0.00895367
62.64 -0.00980653 -0.00855512
62.76 -0.00941669 -0.00813643
62.88 -0.00901569 -0.00769892
63 -0.00860598 -0.00724403
63.12 -0.0081899 -0.00677323
63.24 -0.00776968 -0.00628808
63.36 -0.00734742 -0.0057902
63.48 -0.00692505 -0.00528124
63.6 -0.0065043 -0.00476291
63.72 -0.0060867 -0.00423693
63.84 -0.00567356 -0.00370506
63.96 -0.00526598 -0.00316906
64.08 -0.00486478 -0.0026307
64.2 -0.00447058 -0.00209177
64.32 -0.00408373 -0.00155402
64.44 -0.00370437 -0.00101919
64.56 -0.0033324 -0.000489004
64.68 -0.00296751 3.48616e-05
64.8 -0.00260918 0.000550761
64.92 -0.00225674 0.0010571
65.04 -0.00190933 0.00155233
65.16 -0.00156598 0.00203498
65.28 -0.0012256 0.00250361
65.4 -0.000887036 0.0029569
65.52 -0.000549075 0.00339355
65.64 -0.000210486 0.00381237
65.76 0.000129948 0.00421225
65.88 0.000473402 0.00459216
66 0.000820981 0.00495115
66.12 0.00117369 0.00528838
66.24 0.0015324 0.00560308
66.36 0.00189784 0.00589458
66.48 0.00227057 0.00616233
66.6 0.00265093 0.00640582
66.72 0.00303908 0.00662469
66.84 0.00343493 0.00681864
66.96 0.00383816 0.00698747
67.08 0.00424824 0.00713109
67.2 0.00466435 0.00724949
67.32 0.00508545 0.00734273
67.44 0.00551028 0.00741099
67.56 0.00593731 0.00745453
67.68 0.00636484 0.00747368
67.8 0.00679095 0.00746885
67.92 0.00721352 0.00744056
68.04 0.00763031 0.00738937
68.16 0.00803893 0.00731592
68.28 0.00843687 0.00722095
68.4 0.00882158 0.00710522
68.52 0.00919043 0.00696961
68.64 0.0095408 0.006815
68.76 0.00987008 0.00664237
68.88 0.0101757 0.00645275
69 0.0104552 0.00624721
69.12 0.0107063 0.00602685
69.24 0.0109267 0.00579286
69.36 0.0111145 0.00554642
69.48 0.0112677 0.00528879
69.6 0.0113849 0.00502122
69.72 0.0114647 0.00474503
69.84 0.011506 0.00446153
69.96 0.0115082 0.00417208
70.08 0.0114707 0.00387803
70.2 0.0113933 0.00358076
70.32 0.0112763 0.00328165
70.44 0.0111202 0.00298209
70.56 0.0109257 0.00268348
70.68 0.0106941 0.00238718
70.8 0.0104266 0.00209458
70.92 0.0101251 0.00180703
71.04 0.00979155 0.00152586
71.16 0.00942817 0.00125241
71.28 0.00903746 0.000987938
71.4 0.0086221 0.000733708
71.52 0.00818499 0.000490927
71.64 0.00772913 0.000260758
71.76 0.0072577 4.43141e-05
71.88 0.00677392 -0.000157347
72 0.00628112 -0.000343232
72.12 0.00578262 -0.000512413
72.24 0.00528177 -0.000664036
72.36 0.00478187 -0.000797324
72.48 0.00428617 -0.000911583
72.6 0.00379782 -0.00100621
72.72 0.00331986 -0.00108069
72.84 0.0028552 -0.00113461
72.96 0.00240657 -0.00116766
73.08 0.00197653 -0.00117963
73.2 0.00156745 -0.00117042
73.32 0.00118147 -0.00114006
73.44 0.000820537 -0.00108865
73.56 0.00048634 -0.00101646
73.68 0.000180355 -0.000923846
73.8 -9.61807e-05 -0.000811291
73.92 -0.00034226 -0.000679398
74.04 -0.000557101 -0.00052889
74.16 -0.000740142 -0.000360604
74.28 -0.000891024 -0.000175496
74.4 -0.00100959 2.53656e-05
74.52 -0.00109585 0.000240805
74.64 -0.00115 0.00046954
74.76 -0.00117236 0.000710188
74.88 -0.00116338 0.000961274
75 -0.00112363 0.00122123
75.12 -0.00105375 0.00148843
75.24 -0.000954459 0.00176114
75.36 -0.000826519 0.00203759
75.48 -0.000670719 0.00231595
75.6 -0.000487856 0.00259435
75.72 -0.000278724 0.00287089
75.84 -4.40923e-05 0.00314364
75.96 0.000215303 0.00341068
76.08 0.000498773 0.00367008
76.2 0.000805683 0.00391992
76.32 0.00113546 0.00415834
76.44 0.0014876 0.00438349
76.56 0.00186165 0.0045936
76.68 0.00225724 0.00478695
76.8 0.00267406 0.00496192
76.92 0.00311184 0.00511696
77.04 0.00357036 0.00525067
77.16 0.00404945 0.00536172
77.28 0.00454894 0.00544894
77.4 0.00506868 0.00551129
77.52 0.00560852 0.00554787
77.64 0.00616825 0.00555797
77.76 0.00674765 0.00554102
77.88 0.00734642 0.00549662
78 0.00796418 0.00542456
78.12 0.00860045 0.00532482
78.24 0.00925462 0.00519754
78.36 0.00992596 0.00504307
78.48 0.0106136 0.00486195
78.6 0.0113164 0.00465488
78.72 0.0120333 0.00442277
78.84 0.0127626 0.00416669
78.96 0.013503 0.00388788
79.08 0.0142524 0.00358777
79.2 0.0150089 0.00326792
79.32 0.0157703 0.00293005
79.44 0.0165341 0.00257601
79.56 0.0172977 0.00220776
79.68 0.0180583 0.00182737
79.8 0.018813 0.00143701
79.92 0.0195585 0.00103892
80.04 0.0202918 0.000635373
80.16 0.0210094 0.000228711
80.28 0.0217079 -0.00017873
80.4 0.0223838 -0.00058461
80.52 0.0230336 -0.000986614
80.64 0.0236538 -0.00138247
80.76 0.0242409 -0.00176998
80.88 0.0247916 -0.00214702
81 0.0253025 -0.00251159
81.12 0.0257705 -0.00286178
81.24 0.0261925 -0.00319587
81.36 0.0265659 -0.00351228
81.48 0.0268879 -0.00380961
81.6 0.0271563 -0.00408666
81.72 0.0273691 -0.00434245
81.84 0.0275245 -0.00457621
81.96 0.027621 -0.0047874
82.08 0.0276577 -0.00497576
82.2 0.0276336 -0.00514123
82.32 0.0275485 -0.00528404
82.44 0.0274022 -0.00540467
82.56 0.0271951 -0.00550383
82.68 0.0269279 -0.00558252
82.8 0.0266014 -0.00564197
82.92 0.026217 -0.00568364
83.04 0.0257762 -0.00570923
83.16 0.0252809 -0.00572064
83.28 0.0247332 -0.00571997
83.4 0.0241355 -0.0057095
83.52 0.0234901 -0.00569164
83.64 0.0227997 -0.00566895
83.76 0.0220669 -0.00564407
83.88 0.0212947 -0.00561971
84 0.0204856 -0.00559864
84.12 0.0196425 -0.00558358
84.24 0.018768 -0.00557725
84.36 0.0178645 -0.00558229
84.48 0.0169345 -0.00560122
84.6 0.0159799 -0.00563638
84.72 0.0150028 -0.00568996
84.84 0.0140045 -0.00576387
84.96 0.0129863 -0.00585976
85.08 0.0119491 -0.00597895
85.2 0.0108933 -0.0061224
85.32 0.00981903 -0.00629065
85.44 0.0087258 -0.00648382
85.56 0.00761283 -0.00670154
85.68 0.00647885 -0.00694292
85.8 0.00532216 -0.00720655
85.92 0.00414063 -0.0074904
86.04 0.0029317 -0.00779189
86.16 0.00169243 -0.00810779
86.28 0.000419516 -0.00843424
86.4 -0.000890674 -0.00876672
86.52 -0.00224206 -0.00910006
86.64 -0.00363879 -0.00942843
86.76 -0.00508521 -0.00974532
86.88 -0.00658579 -0.0100436
87 -0.00814504 -0.0103155
87.12 -0.00976749 -0.0105526
87.24 -0.0114576 -0.0107459
87.36 -0.0132196 -0.0108859
87.48 -0.0150576 -0.0109625
87.6 -0.0169754 -0.0109652
87.72 -0.0189763 -0.0108829
87.84 -0.0210633 -0.0107045
87.96 -0.0232388 -0.0104182
88.08 -0.0255046 -0.0100123
88.2 -0.0278618 -0.00947459
88.32 -0.0303108 -0.00879315
88.44 -0.0328513 -0.00795585
88.56 -0.035482 -0.00695073
88.68 -0.0382007 -0.00576599
88.8 -0.0410045 -0.00439016
88.92 -0.0438892 -0.00281211
89.04 -0.0468498 -0.00102124
89.16 -0.0498804 0.000992468
89.28 -0.0529738 0.00323835
89.4 -0.0561221 0.00572492
89.52 -0.0593162 0.0084598
89.64 -0.0625461 0.0114496
89.76 -0.0658008 0.0146999
89.88 -0.0690686 0.0182149
90 -0.0723367 0.0219977
90.12 -0.0755918 0.0260499
90.24 -0.0788197 0.0303716
90.36 -0.0820057 0.0349617
90.48 -0.0851345 0.039817
90.6 -0.0881903 0.0449329
90.72 -0.0911572 0.0503032
90.84 -0.0940189 0.0559197
90.96 -0.096759 0.0617725
91.08 -0.0993612 0.06785
91.2 -0.101809 0.0741386
91.32 -0.104087 0.0806231
91.44 -0.10618 0.0872863
91.56 -0.108071 0.0941093
91.68 -0.109748 0.101072
91.8 -0.111195 0.108151
91.92 -0.112401 0.115323
92.04 -0.113353 0.122562
92.16 -0.114041 0.129843
92.28 -0.114454 0.137135
92.4 -0.114586 0.144411
92.52 -0.114428 0.151639
92.64 -0.113975 0.158788
92.76 -0.113223 0.165826
92.88 -0.112169 0.172719
93 -0.110812 0.179434
93.12 -0.109153 0.185937
93.24 -0.107195 0.192195
93.36 -0.10494 0.198174
93.48 -0.102394 0.20384
93.6 -0.0995651 0.20916
93.72 -0.0964606 0.214102
93.84 -0.0930909 0.218634
93.96 -0.0894675 0.222725
94.08 -0.0856033 0.226347
94.2 -0.0815123 0.229472
94.32 -0.07721 0.232073
94.44 -0.0727126 0.234127
94.56 -0.0680377 0.235612
94.68 -0.0632036 0.236506
94.8 -0.0582291 0.236793
94.92 -0.0531339 0.236458
95.04 -0.0479383 0.235487
95.16 -0.0426625 0.233872
95.28 -0.0373272 0.231606
95.4 -0.0319533 0.228684
95.52 -0.0265612 0.225105
95.64 -0.0211713 0.220873
95.76 -0.0158039 0.215992
95.88 -0.0104783 0.210472
96 -0.00521357 0.204323
96.12 -2.79304e-05 0.197561
96.24 0.00506127 0.190203
96.36 0.0100376 0.182271
96.48 0.0148857 0.173788
96.6 0.0195914 0.164782
96.72 0.0241416 0.155282
96.84 0.0285247 0.14532
96.96 0.0327302 0.134931
97.08 0.036749 0.124151
97.2 0.0405736 0.113021
97.32 0.0441978 0.10158
97.44 0.0476168 0.0898712
97.56 0.0508272 0.0779389
97.68 0.0538271 0.0658281
97.8 0.0566158 0.0535852
97.92 0.059194 0.041257
98.04 0.0615637 0.0288909
98.16 0.0637281 0.0165346
98.28 0.0656915 0.00423542
98.4 0.0674591 -0.00795942
98.52 0.0690373 -0.0200034
98.64 0.0704331 -0.0318509
98.76 0.0716544 -0.0434574
98.88 0.0727098 -0.0547797
99 0.073608 -0.0657763
99.12 0.0743587 -0.0764077
99.24 0.0749714 -0.0866361
99.36 0.075456 -0.0964263
99.48 0.0758224 -0.105745
99.6 0.0760803 -0.114563
99.72 0.0762395 -0.122852
99.84 0.0763093 -0.130588
99.96 0.0762986 -0.137749
100.08 0.076216 -0.144317
100.2 0.0760693 -0.150276
100.32 0.0758657 -0.155615
100.44 0.0756118 -0.160325
100.56 0.0753134 -0.164401
100.68 0.0749752 -0.16784
100.8 0.0746013 -0.170644
100.92 0.0741949 -0.172817
101.04 0.0737581 -0.174367
101.16 0.0732921 -0.175302
101.28 0.0727973 -0.175638
101.4 0.0722731 -0.175389
101.52 0.0717179 -0.174574
101.64 0.0711295 -0.173214
101.76 0.0705048 -0.171332
101.88 0.0698399 -0.168954
102 0.0691303 -0.166105
102.12 0.0683709 -0.162815
102.24 0.0675561 -0.159113
102.36 0.0666799 -0.15503
102.48 0.0657361 -0.150599
102.6 0.0647181 -0.145851
102.72 0.0636193 -0.140821
102.84 0.0624332 -0.13554
102.96 0.0611534 -0.130042
103.08 0.0597737 -0.12436
103.2 0.0582883 -0.118527
103.32 0.0566918 -0.112574
103.44 0.0549796 -0.106533
103.56 0.0531477 -0.100433
103.68 0.0511928 -0.0943037
103.8 0.0491126 -0.0881717
103.92 0.0469057 -0.0820634
104.04 0.0445719 -0.0760032
104.16 0.0421121 -0.0700137
104.28 0.0395283 -0.0641158
104.4 0.0368238 -0.0583288
104.52 0.0340032 -0.0526699
104.64 0.0310724 -0.0471543
104.76 0.0280387 -0.0417954
104.88 0.0249107 -0.0366049
105 0.0216982 -0.0315922
105.12 0.0184125 -0.0267653
105.24 0.0150661 -0.0221302
105.36 0.0116725 -0.0176912
105.48 0.00824682 -0.0134511
105.6 0.00480486 -0.00941108
105.72 0.00136362 -0.00557104
105.84 -0.00205902 -0.00192953
105.96 -0.00544437 0.00151598
106.08 -0.00877306 0.00476907
106.2 -0.0120251 0.00783415
106.32 -0.0151801 0.0107164
106.44 -0.0182174 0.0134214
106.56 -0.0211159 0.0159554
106.68 -0.0238549 0.0183248
106.8 -0.0264135 0.0205361
106.92 -0.0287711 0.0225958
107.04 -0.0309077 0.0245105
107.16 -0.0328037 0.0262864
107.28 -0.0344402 0.0279291
107.4 -0.0357993 0.0294443
107.52 -0.0368641 0.0308366
107.64 -0.0376186 0.0321104
107.76 -0.0380483 0.0332693
107.88 -0.0381399 0.034316
108 -0.0378818 0.0352526
108.12 -0.0372639 0.0360806
108.24 -0.0362776 0.0368003
108.36 -0.0349163 0.0374116
108.48 -0.0331752 0.0379135
108.6 -0.0310511 0.0383043
108.72 -0.0285431 0.0385817
108.84 -0.0256521 0.0387429
108.96 -0.0223807 0.0387845
109.08 -0.0187339 0.0387026
109.2 -0.0147183 0.0384931
109.32 -0.0103426 0.0381518
109.44 -0.00561718 0.0376743
109.56 -0.000554417 0.0370562
109.68 0.00483167 0.0362934
109.8 0.0105254 0.035382
109.92 0.0165095 0.0343186
110.04 0.0227652 0.0331002
110.16 0.0292724 0.0317247
110.28 0.0360099 0.0301907
110.4 0.0429553 0.0284976
110.52 0.0500852 0.0266461
110.64 0.0573754 0.0246379
110.76 0.0648011 0.0224758
110.88 0.0723371 0.0201642
111 0.0799574 0.0177086
111.12 0.0876364 0.015116
111.24 0.0953481 0.0123951
111.36 0.103067 0.00955571
111.48 0.110766 0.00660941
111.6 0.118422 0.00356917
111.72 0.12601 0.000449431
111.84 0.133505 -0.00273395
111.96 0.140885 -0.00596375
112.08 0.148127 -0.00922148
112.2 0.155211 -0.0124875
112.32 0.162116 -0.015741
112.44 0.168825 -0.0189603
112.56 0.175319 -0.0221229
112.68 0.181583 -0.0252057
112.8 0.187602 -0.0281851
112.92 0.193364 -0.0310369
113.04 0.198858 -0.0337373
113.16 0.204073 -0.0362621
113.28 0.209003 -0.0385876
113.4 0.213639 -0.0406904
113.52 0.217978 -0.0425479
113.64 0.222017 -0.0441383
113.76 0.225752 -0.0454408
113.88 0.229185 -0.0464359
114 0.232317 -0.0471057
114.12 0.235149 -0.0474336
114.24 0.237687 -0.047405
114.36 0.239934 -0.0470073
114.48 0.241898 -0.0462299
114.6 0.243585 -0.0450645
114.72 0.245003 -0.0435052
114.84 0.246163 -0.0415484
114.96 0.247072 -0.0391932
115.08 0.247742 -0.0364413
115.2 0.248184 -0.0332969
115.32 0.248409 -0.029767
115.44 0.248427 -0.0258613
115.56 0.248252 -0.021592
115.68 0.247894 -0.0169741
115.8 0.247366 -0.0120249
115.92 0.246679 -0.00676431
116.04 0.245843 -0.0012146
116.16 0.244871 0.00459979
116.28 0.243773 0.0106523
116.4 0.242559 0.0169146
116.52 0.241239 0.0233564
116.64 0.239821 0.0299461
116.76 0.238313 0.0366505
116.88 0.236725 0.0434355
117 0.235062 0.0502662
117.12 0.23333 0.0571068
117.24 0.231535 0.0639212
117.36 0.229682 0.0706733
117.48 0.227773 0.0773269
117.6 0.225813 0.0838464
117.72 0.223804 0.0901964
117.84 0.221746 0.0963428
117.96 0.219641 0.102252
118.08 0.217489 0.107893
118.2 0.215288 0.113235
118.32 0.213039 0.118249
118.44 0.210739 0.122909
118.56 0.208387 0.12719
118.68 0.205978 0.131071
118.8 0.203512 0.13453
118.92 0.200983 0.137552
119.04 0.19839 0.140121
119.16 0.195727 0.142226
119.28 0.192991 0.143858
119.4 0.190179 0.145011
119.52 0.187286 0.145681
119.64 0.184309 0.145869
119.76 0.181244 0.145576
119.88 0.178087 0.144809
120 0.174836 0.143575
