-0.999 -4.8716e-05 -3.16066e-05
-0.998 -0.0001958 -0.000135427
-0.997 -0.000416955 -0.000315291
-0.996 -0.000673945 -0.000553678
-0.995 -0.00094967 -0.000814736
-0.994 -0.00127134 -0.00106322
-0.993 -0.0016976 -0.00128859
-0.992 -0.00226597 -0.0015181
-0.991 -0.00292533 -0.00180914
-0.99 -0.00349434 -0.0022229
-0.989 -0.00368143 -0.00279038
-0.988 -0.00318084 -0.00348587
-0.987 -0.00182871 -0.00422512
-0.986 0.000235091 -0.00490008
-0.985 0.00248384 -0.00544347
-0.984 0.00407379 -0.00589409
-0.983 0.00407599 -0.00642401
-0.982 0.00179445 -0.00730453
-0.981 -0.00295305 -0.00881929
-0.98 -0.00970396 -0.0111551
-0.979 -0.0174365 -0.0143044
-0.978 -0.0248827 -0.0180169
-0.977 -0.0309951 -0.0218324
-0.976 -0.035385 -0.0251987
-0.975 -0.0385012 -0.0276365
-0.974 -0.0414176 -0.0288822
-0.973 -0.0452928 -0.0289503
-0.972 -0.0507257 -0.0280954
-0.971 -0.0572571 -0.026694
-0.97 -0.0632106 -0.0250856
-0.969 -0.0659874 -0.0234299
-0.968 -0.0628375 -0.0216511
-0.967 -0.0519323 -0.0195158
-0.966 -0.033318 -0.0168083
-0.965 -0.00927934 -0.0135068
-0.964 0.0160977 -0.00987594
-0.963 0.0380059 -0.00646268
-0.962 0.0522619 -0.00401921
-0.961 0.0565243 -0.00335933
-0.96 0.0510472 -0.00513577
-0.959 0.0386702 -0.009594
-0.958 0.0238609 -0.0164437
-0.957 0.0110188 -0.0249418
-0.956 0.00272337 -0.0341203
-0.955 -0.00128481 -0.0430029
-0.954 -0.00400586 -0.0507398
-0.953 -0.0100853 -0.0567297
-0.952 -0.0241209 -0.0607914
-0.951 -0.0488381 -0.0632948
-0.95 -0.08364 -0.065083
-0.949 -0.124122 -0.0671848
-0.948 -0.163021 -0.0705193
-0.947 -0.192471 -0.0757667
-0.946 -0.206692 -0.0833585
-0.945 -0.203999 -0.0934244
-0.944 -0.187459 -0.105684
-0.943 -0.164092 -0.119465
-0.942 -0.142864 -0.133967
-0.941 -0.131945 -0.148588
-0.94 -0.135869 -0.163019
-0.939 -0.153589 -0.177052
-0.938 -0.17836 -0.190308
-0.937 -0.199752 -0.202092
-0.936 -0.207036 -0.211346
-0.935 -0.192703 -0.216569
-0.934 -0.154995 -0.215809
-0.933 -0.0988162 -0.206965
-0.932 -0.0347932 -0.188469
-0.931 0.0234732 -0.160012
-0.93 0.0634223 -0.122945
-0.929 0.0776099 -0.0802447
-0.928 0.0662215 -0.0361899
-0.927 0.0369271 0.00415626
-0.926 0.00214691 0.0357218
-0.925 -0.0252537 0.0544162
-0.924 -0.0364797 0.0579518
-0.923 -0.0302501 0.0460583
-0.922 -0.014083 0.0200711
-0.921 -0.00262303 -0.0177076
-0.92 -0.0129524 -0.0645334
-0.919 -0.0581549 -0.117637
-0.918 -0.141511 -0.174625
-0.917 -0.253628 -0.233653
-0.916 -0.373663 -0.293035
-0.915 -0.474437 -0.350371
-0.914 -0.530099 -0.401902
-0.913 -0.524266 -0.442708
-0.912 -0.456087 -0.467636
-0.911 -0.341785 -0.472348
-0.91 -0.210426 -0.454144
-0.909 -0.0949962 -0.412673
-0.908 -0.0218475 -0.35065
-0.907 -0.00218191 -0.274109
-0.906 -0.0284671 -0.191566
-0.905 -0.077135 -0.112174
-0.904 -0.11703 -0.0438239
-0.903 -0.121162 0.00795006
-0.902 -0.0777736 0.0402695
-0.901 0.00369014 0.0528796
-0.9 0.0944983 0.0479506
-0.899 0.156096 0.0293603
-0.898 0.15393 0.00129142
-0.897 0.0709689 -0.0332226
-0.896 -0.0837504 -0.0728441
-0.895 -0.274929 -0.117328
-0.894 -0.450086 -0.166394
-0.893 -0.555735 -0.218804
-0.892 -0.555433 -0.271868
-0.891 -0.443056 -0.321355
-0.89 -0.246262 -0.361868
-0.889 -0.0187094 -0.387933
-0.888 0.176486 -0.395786
-0.887 0.286805 -0.385181
-0.886 0.287329 -0.360318
-0.885 0.188801 -0.329348
-0.884 0.033447 -0.302598
-0.883 -0.120717 -0.289976
-0.882 -0.221737 -0.298318
-0.881 -0.243537 -0.329472
-0.88 -0.196233 -0.379752
-0.879 -0.12313 -0.440976
-0.878 -0.0853474 -0.502808
-0.877 -0.139307 -0.555686
-0.876 -0.314705 -0.593457
-0.875 -0.600507 -0.614906
-0.874 -0.944417 -0.623534
-0.873 -1.26706 -0.625473
-0.872 -1.48661 -0.626379
-0.871 -1.54523 -0.628727
-0.87 -1.42798 -0.630675
-0.869 -1.16754 -0.626835
-0.868 -0.833484 -0.610484
-0.867 -0.510036 -0.57647
-0.866 -0.269613 -0.523971
-0.865 -0.150251 -0.458086
-0.864 -0.144458 -0.389285
-0.863 -0.203771 -0.330509
-0.862 -0.257754 -0.292945
-0.861 -0.240573 -0.282185
-0.86 -0.115406 -0.296208
-0.859 0.111884 -0.325804
-0.858 0.393743 -0.357249
-0.857 0.655416 -0.376491
-0.856 0.818424 -0.37363
-0.855 0.82622 -0.346033
-0.854 0.66374 -0.29884
-0.853 0.363649 -0.242935
-0.852 -0.00342692 -0.191546
-0.851 -0.351296 -0.15669
-0.85 -0.605043 -0.146279
-0.849 -0.723416 -0.162607
-0.848 -0.710665 -0.203005
-0.847 -0.614945 -0.262757
-0.846 -0.513131 -0.338788
-0.845 -0.485546 -0.431636
-0.844 -0.588442 -0.544462
-0.843 -0.833826 -0.680263
-0.842 -1.1837 -0.839218
-0.841 -1.56002 -1.0168
-0.84 -1.86637 -1.20236
-0.839 -2.01497 -1.37846
-0.838 -1.95241 -1.52257
-0.837 -1.67697 -1.61176
-0.836 -1.24107 -1.62841
-0.835 -0.736652 -1.5637
-0.834 -0.267804 -1.41739
-0.833 0.0801255 -1.1959
-0.832 0.264893 -0.911233
-0.831 0.298467 -0.580599
-0.83 0.242005 -0.225275
-0.829 0.184967 0.131934
-0.828 0.212897 0.468762
-0.827 0.373812 0.763441
-0.826 0.65563 0.993723
-0.825 0.983705 1.13784
-0.824 1.24027 1.17809
-0.823 1.30001 1.10441
-0.822 1.07126 0.915622
-0.821 0.530805 0.618456
-0.82 -0.25925 0.226637
-0.819 -1.1611 -0.239129
-0.818 -1.99725 -0.751566
-0.817 -2.60227 -1.27904
-0.816 -2.87303 -1.78868
-0.815 -2.80077 -2.24851
-0.814 -2.47394 -2.6284
-0.813 -2.05005 -2.90161
-0.812 -1.70404 -3.04805
-0.811 -1.56851 -3.05784
-0.81 -1.68612 -2.93296
-0.809 -1.99277 -2.68642
-0.808 -2.33896 -2.33975
-0.807 -2.54251 -1.92024
-0.806 -2.45481 -1.45777
-0.805 -2.01856 -0.981495
-0.804 -1.29702 -0.517428
-0.803 -0.463196 -0.088426
-0.802 0.250529 0.284019
-0.801 0.627616 0.578545
-0.8 0.542414 0.775018
-0.799 0.00774465 0.857542
-0.798 -0.822545 0.817808
-0.797 -1.69799 0.65784
-0.796 -2.34958 0.391825
-0.795 -2.57682 0.0462489
-0.794 -2.31509 -0.343236
-0.793 -1.65977 -0.738724
-0.792 -0.837411 -1.10831
-0.791 -0.131557 -1.43158
-0.79 0.212918 -1.70018
-0.789 0.074421 -1.91424
-0.788 -0.501139 -2.07715
-0.787 -1.31288 -2.19035
-0.786 -2.07179 -2.24961
-0.785 -2.50001 -2.24425
-0.784 -2.42886 -2.16076
-0.783 -1.86214 -1.99045
-0.782 -0.982723 -1.73795
-0.781 -0.097804 -1.42556
-0.78 0.461314 -1.09066
-0.779 0.452717 -0.776815
-0.778 -0.188442 -0.522169
-0.777 -1.32051 -0.349345
-0.776 -2.63676 -0.260731
-0.775 -3.76414 -0.24047
-0.774 -4.38548 -0.26252
-0.773 -4.34492 -0.302509
-0.772 -3.70246 -0.34929
-0.771 -2.71811 -0.411109
-0.77 -1.76757 -0.512721
-0.769 -1.21483 -0.683455
-0.768 -1.28459 -0.940733
-0.767 -1.98052 -1.27674
-0.766 -3.07945 -1.65474
-0.765 -4.20318 -2.01648
-0.764 -4.94276 -2.29725
-0.763 -4.99498 -2.4437
-0.762 -4.26726 -2.42928
-0.761 -2.91558 -2.26225
-0.76 -1.29935 -1.9823
-0.759 0.13465 -1.64542
-0.758 1.0003 -1.30223
-0.757 1.10017 -0.980077
-0.756 0.488863 -0.677641
-0.755 -0.548882 -0.373738
-0.754 -1.59726 -0.0449562
-0.753 -2.25367 0.31547
-0.752 -2.2714 0.684197
-0.751 -1.65219 1.00452
-0.75 -0.654803 1.1962
-0.749 0.286215 1.17765
-0.748 0.705122 0.893591
-0.747 0.264476 0.336642
-0.746 -1.12381 -0.447175
-0.745 -3.25667 -1.37081
-0.744 -5.69292 -2.33028
-0.743 -7.88575 -3.23098
-0.742 -9.35219 -4.00769
-0.741 -9.823 -4.63275
-0.74 -9.32194 -5.11013
-0.739 -8.14797 -5.45755
-0.738 -6.76746 -5.68415
-0.737 -5.65281 -5.77449
-0.736 -5.12153 -5.68721
-0.735 -5.22991 -5.36941
-0.734 -5.75792 -4.78035
-0.733 -6.29114 -3.91472
-0.732 -6.37268 -2.81655
-0.731 -5.67277 -1.57845
-0.73 -4.11661 -0.325469
-0.729 -1.92693 0.812354
-0.728 0.432774 1.72935
-0.727 2.39566 2.36464
-0.726 3.46566 2.70624
-0.725 3.37258 2.77909
-0.724 2.158 2.62436
-0.723 0.162662 2.27898
-0.722 -2.08218 1.76302
-0.721 -4.02253 1.07919
-0.72 -5.252 0.224547
-0.719 -5.62968 -0.790139
-0.718 -5.31075 -1.92297
-0.717 -4.68225 -3.09569
-0.716 -4.22545 -4.205
-0.715 -4.34782 -5.14547
-0.714 -5.23859 -5.8339
-0.713 -6.79703 -6.22587
-0.712 -8.65865 -6.32065
-0.711 -10.3095 -6.15404
-0.71 -11.2503 -5.78132
-0.709 -11.1577 -5.2555
-0.708 -9.9928 -4.61039
-0.707 -8.02349 -3.85784
-0.706 -5.74965 -3.00082
-0.705 -3.75293 -2.05379
-0.704 -2.51701 -1.05742
-0.703 -2.27793 -0.0804227
-0.702 -2.95293 0.791154
-0.701 -4.16949 1.47193
-0.7 -5.38659 1.89792
-0.699 -6.07194 2.04429
-0.698 -5.88007 1.93256
-0.697 -4.77367 1.62046
-0.696 -3.04623 1.17672
-0.695 -1.23503 0.653245
-0.694 0.0481646 0.0693727
-0.693 0.314211 -0.585367
-0.692 -0.639822 -1.33386
-0.691 -2.65239 -2.18801
-0.69 -5.23421 -3.12737
-0.689 -7.7133 -4.08721
-0.688 -9.44362 -4.96293
-0.687 -10.0097 -5.63426
-0.686 -9.35984 -6.00224
-0.685 -7.82289 -6.02261
-0.684 -6.00378 -5.72037
-0.683 -4.58843 -5.17991
-0.682 -4.11624 -4.51638
-0.681 -4.79375 -3.83946
-0.68 -6.41673 -3.2215
-0.679 -8.43172 -2.68092
-0.678 -10.1191 -2.18869
-0.677 -10.8383 -1.69749
-0.676 -10.2553 -1.18146
-0.675 -8.47542 -0.667278
-0.674 -6.03695 -0.241452
-0.673 -3.75729 -0.0304632
-0.672 -2.47412 -0.161477
-0.671 -2.76411 -0.71668
-0.67 -4.73766 -1.69612
-0.669 -7.98158 -3.00299
-0.668 -11.6714 -4.46004
-0.667 -14.8201 -5.85449
-0.666 -16.5849 -6.99493
-0.665 -16.5347 -7.75779
-0.664 -14.7892 -8.10753
-0.663 -11.976 -8.08715
-0.662 -9.01442 -7.78554
-0.661 -6.79788 -7.29335
-0.66 -5.88773 -6.6632
-0.659 -6.32167 -5.89039
-0.658 -7.6019 -4.92413
-0.657 -8.87045 -3.70637
-0.656 -9.21663 -2.22026
-0.655 -8.01611 -0.52584
-0.654 -5.18534 1.23134
-0.653 -1.25651 2.8411
-0.652 2.76151 4.0731
-0.651 5.69278 4.73285
-0.65 6.57183 4.71237
-0.649 4.96541 4.01797
-0.648 1.13135 2.76385
-0.647 -4.04283 1.13362
-0.646 -9.3073 -0.673577
-0.645 -13.4399 -2.49107
-0.644 -15.6301 -4.2127
-0.643 -15.7259 -5.79606
-0.642 -14.2569 -7.24278
-0.641 -12.2278 -8.56348
-0.64 -10.7532 -9.74073
-0.639 -10.6552 -10.7065
-0.638 -12.1596 -11.346
-0.637 -14.7984 -11.5291
-0.636 -17.5584 -11.1536
-0.635 -19.2286 -10.1841
-0.634 -18.8326 -8.67316
-0.633 -15.9906 -6.76058
-0.632 -11.0871 -4.64955
-0.631 -5.18346 -2.56529
-0.63 0.299116 -0.706059
-0.629 4.02798 0.797193
-0.628 5.19032 1.89701
-0.627 3.75915 2.61775
-0.626 0.497656 3.02524
-0.625 -3.30328 3.19182
-0.624 -6.26431 3.16695
-0.623 -7.38286 2.95935
-0.622 -6.36924 2.53541
-0.621 -3.74362 1.83641
-0.62 -0.658595 0.810255
-0.619 1.4992 -0.555367
-0.618 1.59506 -2.21379
-0.617 -0.850268 -4.0606
-0.616 -5.48212 -5.95133
-0.615 -11.2189 -7.72801
-0.614 -16.6039 -9.24924
-0.613 -20.2819 -10.4187
-0.612 -21.444 -11.204
-0.611 -20.0939 -11.6358
-0.61 -17.0405 -11.7857
-0.609 -13.6117 -11.7319
-0.608 -11.1878 -11.5288
-0.607 -10.7175 -11.1882
-0.606 -12.3866 -10.6764
-0.605 -15.5486 -9.92696
-0.604 -18.9356 -8.86876
-0.603 -21.0823 -7.46421
-0.602 -20.8258 -5.7445
-0.601 -17.7188 -3.82415
-0.6 -12.2086 -1.88736
-0.599 -5.51657 -0.151911
-0.598 0.742471 1.1766
-0.597 5.06666 1.94845
-0.596 6.53075 2.10182
-0.595 5.05965 1.6744
-0.594 1.42887 0.788076
-0.593 -3.00825 -0.39165
-0.592 -6.78027 -1.70609
-0.591 -8.79019 -3.04241
-0.59 -8.66958 -4.34783
-0.589 -6.87262 -5.61771
-0.588 -4.48452 -6.86505
-0.587 -2.81767 -8.08302
-0.586 -2.93459 -9.21335
-0.585 -5.25405 -10.1332
-0.584 -9.37107 -10.6715
-0.583 -14.1573 -10.6553
-0.582 -18.1152 -9.96972
-0.581 -19.8683 -8.60877
-0.58 -18.6211 -6.69771
-0.579 -14.4358 -4.47924
-0.578 -8.23895 -2.26774
-0.577 -1.55846 -0.384061
-0.576 3.92863 0.912975
-0.575 6.8976 1.47995
-0.574 6.76481 1.30851
-0.573 3.8355 0.50407
-0.572 -0.831582 -0.765003
-0.571 -5.78773 -2.32532
-0.57 -9.66228 -4.04179
-0.569 -11.5884 -5.83304
-0.568 -11.457 -7.65857
-0.567 -9.91808 -9.48655
-0.566 -8.11995 -11.2544
-0.565 -7.27477 -12.8384
-0.564 -8.20361 -14.0497
-0.563 -11.0219 -14.6663
-0.562 -15.0633 -14.4892
-0.561 -19.0586 -13.4039
-0.56 -21.5156 -11.4236
-0.559 -21.1954 -8.70088
-0.558 -17.5448 -5.50666
-0.557 -10.9346 -2.1848
-0.556 -2.6053 0.909211
-0.555 5.67025 3.46988
-0.554 12.091 5.28482
-0.553 15.3335 6.24837
-0.552 14.9146 6.34826
-0.551 11.3151 5.6384
-0.55 5.82284 4.21335
-0.549 0.125191 2.1926
-0.548 -4.23539 -0.288383
-0.547 -6.35953 -3.08497
-0.546 -6.26453 -6.04741
-0.545 -4.84226 -9.0224
-0.544 -3.52843 -11.8561
-0.543 -3.79516 -14.4007
-0.542 -6.61833 -16.5233
-0.541 -12.0803 -18.1114
-0.54 -19.2468 -19.0714
-0.539 -26.3878 -19.3266
-0.538 -31.4934 -18.8251
-0.537 -32.9234 -17.5637
-0.536 -29.9672 -15.6161
-0.535 -23.1277 -13.1517
-0.534 -14.0321 -10.432
-0.533 -4.98262 -7.7782
-0.532 1.7354 -5.51345
-0.531 4.57839 -3.88785
-0.53 3.26172 -3.00692
-0.529 -1.12071 -2.79204
-0.528 -6.43332 -2.99721
-0.527 -10.1963 -3.28443
-0.526 -10.424 -3.33498
-0.525 -6.33202 -2.95941
-0.524 1.33164 -2.16724
-0.523 10.4683 -1.16835
-0.522 18.2927 -0.29973
-0.521 22.2687 0.101873
-0.52 20.9965 -0.164952
-0.519 14.7373 -1.07889
-0.518 5.38596 -2.394
-0.517 -4.11971 -3.72713
-0.516 -10.781 -4.70601
-0.515 -12.5905 -5.12681
-0.514 -9.2827 -5.06015
-0.513 -2.49187 -4.85634
-0.512 4.77332 -5.03373
-0.511 9.1712 -6.08193
-0.51 8.22317 -8.25329
-0.509 1.24908 -11.4252
-0.508 -10.2854 -15.0872
-0.507 -23.1535 -18.4635
-0.506 -33.3895 -20.7378
-0.505 -37.6215 -21.31
-0.504 -34.2511 -19.997
-0.503 -24.0472 -17.0982
-0.502 -9.92571 -13.2943
-0.501 4.01871 -9.41169
-0.5 13.8894 -6.1427
-0.499 17.3014 -3.8268
-0.498 14.18 -2.37068
-0.497 6.75746 -1.33377
-0.496 -1.25283 -0.149841
-0.495 -6.02479 1.59704
-0.494 -5.0427 3.94905
-0.493 1.93741 6.49585
-0.492 12.7426 8.48076
-0.491 23.5128 9.06008
-0.49 30.0518 7.62007
-0.489 29.3313 4.03275
-0.488 20.6201 -1.2458
-0.487 5.82758 -7.27631
-0.486 -11.0742 -12.9069
-0.485 -25.3533 -17.1195
-0.484 -33.089 -19.3291
-0.483 -32.4637 -19.5313
-0.482 -24.3327 -18.2498
-0.481 -11.8767 -16.309
-0.48 0.533435 -14.5187
-0.479 8.85599 -13.3894
-0.478 10.7437 -12.9786
-0.477 6.27288 -12.9244
-0.476 -2.20287 -12.6476
-0.475 -10.9872 -11.6351
-0.474 -16.4102 -9.68821
-0.473 -16.1468 -7.03902
-0.472 -10.0331 -4.29555
-0.471 -0.102286 -2.24091
-0.47 10.1587 -1.56196
-0.469 17.0513 -2.60364
-0.468 17.9484 -5.23639
-0.467 12.1656 -8.88682
-0.466 1.1488 -12.7205
-0.465 -12.0344 -15.9026
-0.464 -23.6917 -17.8345
-0.463 -30.6569 -18.2882
-0.462 -31.2249 -17.4059
-0.461 -25.5813 -15.5886
-0.46 -15.6093 -13.3262
-0.459 -4.18598 -11.0322
-0.458 5.75291 -8.938
-0.457 12.0589 -7.07882
-0.456 13.8935 -5.36566
-0.455 11.8319 -3.69575
-0.454 7.56914 -2.04468
-0.453 3.32933 -0.5009
-0.452 1.15706 0.761293
-0.451 2.30108 1.54543
-0.45 6.86423 1.69845
-0.449 13.7922 1.15264
-0.448 21.1686 -0.0673725
-0.447 26.7219 -1.86796
-0.446 28.4326 -4.12006
-0.445 25.1201 -6.67883
-0.444 16.862 -9.37836
-0.443 5.09924 -12.0087
-0.442 -7.64746 -14.2978
-0.441 -18.4071 -15.9258
-0.44 -24.5811 -16.589
-0.439 -24.7357 -16.1023
-0.438 -19.1229 -14.5029
-0.437 -9.73759 -12.1035
-0.436 0.17542 -9.45236
-0.435 7.08095 -7.19627
-0.434 8.31158 -5.88671
-0.433 3.04371 -5.79529
-0.432 -7.26614 -6.80668
-0.431 -19.1922 -8.43885
-0.43 -28.3687 -10.0005
-0.429 -30.946 -10.8412
-0.428 -24.9922 -10.6037
-0.427 -11.3274 -9.37449
-0.426 6.55872 -7.66086
-0.425 23.5381 -6.19607
-0.424 34.5179 -5.64524
-0.423 36.2042 -6.32119
-0.422 28.3459 -8.01926
-0.421 13.9758 -10.0449
-0.42 -1.52143 -11.4414
-0.419 -12.2592 -11.3479
-0.418 -13.985 -9.35484
-0.417 -5.71738 -5.71852
-0.416 9.74764 -1.3393
-0.415 26.6778 2.49749
-0.414 38.3278 4.53246
-0.413 39.3026 3.95466
-0.412 27.5581 0.68551
-0.411 5.31314 -4.58319
-0.41 -21.5191 -10.6183
-0.409 -45.2528 -16.0623
-0.408 -59.054 -19.8871
-0.407 -59.3122 -21.7176
-0.406 -46.8858 -21.9101
-0.405 -26.7752 -21.3618
-0.404 -6.35607 -21.1238
-0.403 7.20255 -21.961
-0.402 9.45039 -24.0224
-0.401 0.226194 -26.7487
-0.4 -16.282 -29.053
-0.399 -33.0409 -29.707
-0.398 -42.7215 -27.7908
-0.397 -40.37 -23.0446
-0.396 -25.2214 -16.0015
-0.395 -1.01354 -7.85502
-0.394 25.2757 -0.108677
-0.393 45.7922 5.8723
-0.392 54.4397 9.25031
-0.391 48.8977 9.91559
-0.39 31.3564 8.44157
-0.389 7.73281 5.8282
-0.388 -14.3619 3.13357
-0.387 -28.1954 1.12044
-0.386 -30.1243 0.0303433
-0.385 -20.6815 -0.446605
-0.384 -4.20989 -1.0052
-0.383 12.7578 -2.42972
-0.382 23.7607 -5.27951
-0.381 24.5452 -9.66176
-0.38 14.4101 -15.1572
-0.379 -3.62816 -20.9109
-0.378 -23.8798 -25.8559
-0.377 -39.8884 -29.0024
-0.376 -46.5593 -29.7113
-0.375 -41.793 -27.8691
-0.374 -27.0924 -23.9138
-0.373 -6.99839 -18.7108
-0.372 12.3934 -13.3205
-0.371 25.3284 -8.7234
-0.37 28.1297 -5.57156
-0.369 20.2834 -4.03358
-0.368 4.55954 -3.78029
-0.367 -13.8744 -4.12358
-0.366 -29.0851 -4.27111
-0.365 -36.2434 -3.61786
-0.364 -33.1405 -1.98212
-0.363 -20.8802 0.290103
-0.362 -3.54098 2.3945
-0.361 13.0816 3.30779
-0.36 23.2746 2.13568
-0.359 23.2137 -1.54207
-0.358 12.2342 -7.45421
-0.357 -6.83127 -14.6364
-0.356 -28.4007 -21.6611
-0.355 -45.8174 -27.0349
-0.354 -53.4747 -29.6452
-0.353 -48.698 -29.1125
-0.352 -32.7186 -25.9193
-0.351 -10.3654 -21.2509
-0.35 11.4373 -16.589
-0.349 25.8717 -13.1995
-0.348 28.436 -11.705
-0.347 18.4793 -11.8933
-0.346 -0.460112 -12.8286
-0.345 -21.7282 -13.2289
-0.344 -37.796 -11.9881
-0.343 -42.9281 -8.65983
-0.342 -35.2867 -3.71461
-0.341 -17.6655 1.54863
-0.34 3.40951 5.41793
-0.339 19.864 6.35435
-0.338 24.7976 3.52987
-0.337 14.8806 -2.86947
-0.336 -8.35611 -11.671
-0.335 -38.842 -21.0645
-0.334 -67.8945 -29.1647
-0.333 -87.1321 -34.5967
-0.332 -91.3115 -36.8912
-0.331 -80.0289 -36.5376
-0.33 -57.7089 -34.6902
-0.329 -31.9713 -32.6635
-0.328 -11.0083 -31.4236
-0.327 -0.856286 -31.25
-0.326 -3.43988 -31.6683
-0.325 -16.0275 -31.6646
-0.324 -32.2959 -30.1024
-0.323 -44.642 -26.1886
-0.322 -46.9134 -19.8057
-0.321 -36.5621 -11.584
-0.32 -15.4805 -2.70444
-0.319 10.699 5.46396
-0.318 34.5081 11.7458
-0.317 49.0565 15.4414
-0.316 50.1626 16.4426
-0.315 37.568 15.1669
-0.314 14.9136 12.3489
-0.313 -11.4703 8.77621
-0.312 -34.5591 5.07144
-0.311 -48.77 1.58444
-0.31 -51.5555 -1.60393
-0.309 -43.9736 -4.61431
-0.308 -30.1274 -7.68505
-0.307 -15.757 -11.091
-0.306 -6.479 -15.0666
-0.305 -6.16688 -19.7352
-0.304 -15.8411 -25.045
-0.303 -33.3247 -30.7132
-0.302 -53.7983 -36.1953
-0.301 -71.1719 -40.7153
-0.3 -79.9114 -43.3984
-0.299 -76.7514 -43.5027
-0.298 -61.757 -40.6853
-0.297 -38.4344 -35.1919
-0.296 -12.8803 -27.8797
-0.295 7.84728 -20.0386
-0.294 17.7917 -13.0411
-0.293 14.0603 -7.91065
-0.292 -1.9758 -4.95609
-0.291 -24.801 -3.63633
-0.29 -46.3349 -2.75932
-0.289 -58.5424 -0.980453
-0.288 -56.2175 2.58136
-0.287 -38.989 7.85825
-0.286 -11.8307 13.6794
-0.285 16.2044 18.0313
-0.284 34.7656 18.6805
-0.283 35.7087 13.9803
-0.282 16.1634 3.58223
-0.281 -20.005 -11.2477
-0.28 -63.056 -27.8856
-0.279 -100.443 -43.1285
-0.278 -121.093 -54.2137
-0.277 -119.367 -59.6964
-0.276 -97.207 -59.8658
-0.275 -63.6302 -56.55
-0.274 -31.6725 -52.3649
-0.273 -13.77 -49.6588
-0.272 -17.1641 -49.5357
-0.271 -40.9906 -51.3589
-0.27 -76.2449 -52.9672
-0.269 -108.834 -51.5489
-0.268 -124.727 -44.8339
-0.267 -115.293 -32.1378
-0.266 -80.7664 -14.8501
-0.265 -30.475 3.82826
-0.264 20.2437 19.8287
-0.263 55.3334 29.5217
-0.262 63.6349 30.9214
-0.261 42.8616 24.3367
-0.26 0.493917 12.2195
-0.259 -48.8248 -1.72899
-0.258 -88.5305 -13.8517
-0.257 -106.095 -21.7495
-0.256 -97.4238 -24.9723
-0.255 -68.0413 -24.9466
-0.254 -30.6875 -24.1904
-0.253 -0.373449 -25.1391
-0.252 11.2098 -29.0573
-0.251 -0.0883834 -35.4584
-0.25 -29.4757 -42.2388
-0.249 -65.0905 -46.4547
-0.248 -92.4656 -45.4476
-0.247 -99.9446 -37.9042
-0.246 -83.0085 -24.4518
-0.245 -45.8685 -7.5505
-0.244 0.214985 9.27972
-0.243 41.0995 22.5853
-0.242 64.715 30.0126
-0.241 64.9703 30.8817
-0.24 43.3415 26.1576
-0.239 7.8021 17.9037
-0.238 -30.3463 8.44945
-0.237 -60.541 -0.429846
-0.236 -76.4568 -8.02852
-0.235 -77.6909 -14.7324
-0.234 -69.1047 -21.5648
-0.233 -58.2784 -29.4979
-0.232 -52.2921 -38.8702
-0.231 -55.1951 -49.1534
-0.23 -67.0024 -59.1089
-0.229 -84.2709 -67.2035
-0.228 -101.717 -72.101
-0.227 -114.145 -73.0612
-0.226 -118.05 -70.1213
-0.225 -112.427 -63.9973
-0.224 -98.6101 -55.7589
-0.223 -79.383 -46.4495
-0.222 -57.9101 -36.8488
-0.221 -37.0825 -27.4708
-0.22 -19.4455 -18.7266
-0.219 -7.3645 -11.0884
-0.218 -2.91235 -5.1231
-0.217 -7.27125 -1.36859
-0.216 -19.9169 -0.116295
-0.215 -38.1026 -1.20779
-0.214 -57.0614 -3.95816
-0.213 -71.0583 -7.29051
-0.212 -75.1252 -10.087
-0.211 -67.0163 -11.6463
-0.21 -48.6512 -12.0419
-0.209 -26.2313 -12.1814
-0.208 -8.58072 -13.4832
-0.207 -4.02901 -17.2723
-0.206 -16.96 -24.1328
-0.205 -45.4974 -33.4946
-0.204 -81.4599 -43.6549
-0.203 -112.84 -52.2702
-0.202 -128.039 -57.1634
-0.201 -120.338 -57.1482
-0.2 -90.9042 -52.5356
-0.199 -49.0273 -45.0887
-0.198 -9.26365 -37.4035
-0.197 13.705 -31.924
-0.196 10.7123 -29.9569
-0.195 -17.9241 -31.0801
-0.194 -61.8412 -33.2101
-0.193 -103.982 -33.3545
-0.192 -126.769 -28.7932
-0.191 -118.776 -18.2398
-0.19 -79.3035 -2.51891
-0.189 -19.0817 15.5225
-0.188 43.186 31.8461
-0.187 87.2647 42.5011
-0.186 98.5986 44.908
-0.185 73.7308 38.7022
-0.184 21.8083 25.8231
-0.183 -38.6448 9.78299
-0.182 -86.6366 -5.63763
-0.181 -106.624 -17.7584
-0.18 -94.2734 -25.875
-0.179 -57.8765 -31.3056
-0.178 -15.0457 -36.6436
-0.177 13.9223 -44.5495
-0.176 13.6315 -56.5312
-0.175 -20.5083 -72.1284
-0.174 -80.2054 -88.8012
-0.173 -146.994 -102.627
-0.172 -198.889 -109.606
-0.171 -218.45 -107.09
-0.17 -199.021 -94.7382
-0.169 -146.804 -74.6404
-0.168 -78.2415 -50.6392
-0.167 -14.0333 -27.1667
-0.166 27.9357 -8.01453
-0.165 38.3709 4.61437
-0.164 19.1931 10.5099
-0.163 -17.8347 11.1856
-0.162 -55.9535 9.03315
-0.161 -79.8392 6.2554
-0.16 -81.0844 4.03125
-0.159 -60.6943 2.2232
-0.158 -27.9443 -0.35215
-0.157 3.57434 -5.29059
-0.156 21.0036 -13.8648
-0.155 16.5703 -26.4096
-0.154 -10.0593 -42.0029
-0.153 -51.9658 -58.5473
-0.152 -97.4404 -73.24
-0.151 -133.788 -83.2708
-0.15 -151.163 -86.5183
-0.149 -145.225 -82.0488
-0.148 -117.867 -70.3113
-0.147 -76.0763 -53.0167
-0.146 -29.5795 -32.7561
-0.145 11.7666 -12.4604
-0.144 40.141 5.17178
-0.143 51.2107 18.1714
-0.142 44.8736 25.6428
-0.141 25.2308 27.8783
-0.14 -0.411107 26.1654
-0.139 -23.5233 22.2872
-0.138 -36.8502 17.8636
-0.137 -36.6033 13.7811
-0.136 -23.6819 9.91938
-0.135 -3.67115 5.23455
-0.134 14.3767 -1.84553
-0.133 20.3539 -12.7921
-0.132 6.47356 -28.2309
-0.131 -29.2881 -47.3251
-0.13 -81.2295 -67.6169
-0.129 -136.778 -85.5349
-0.128 -180.248 -97.4415
-0.127 -198.143 -100.814
-0.126 -183.989 -95.1152
-0.125 -141.031 -82.0737
-0.124 -81.9225 -65.3063
-0.123 -25.2511 -49.3286
-0.122 10.4298 -38.1691
-0.121 13.3073 -34.0148
-0.12 -16.8248 -36.438
-0.119 -67.8525 -42.591
-0.118 -119.463 -48.3319
-0.117 -150.623 -49.835
-0.116 -147.468 -45.0598
-0.115 -108.597 -34.5464
-0.114 -45.834 -21.2597
-0.113 19.8162 -9.52501
-0.112 65.6709 -3.41111
-0.111 75.7009 -5.15021
-0.11 46.6617 -14.2024
-0.109 -10.3786 -27.3461
-0.108 -73.9273 -39.7964
-0.107 -120.099 -46.9603
-0.106 -131.72 -46.1706
-0.105 -104.827 -37.7014
-0.104 -49.8907 -24.6405
-0.103 12.5439 -11.6865
-0.102 59.7404 -3.40178
-0.101 74.9569 -2.62076
-0.1 53.0915 -9.54631
-0.099 2.15154 -21.7606
-0.098 -59.8257 -35.1121
-0.097 -111.468 -45.2049
-0.096 -136.023 -48.9701
-0.095 -127.315 -45.6731
-0.094 -91.1223 -36.923
-0.093 -41.6653 -25.7543
-0.092 4.60491 -15.3193
-0.091 34.9176 -7.79909
-0.09 43.748 -3.86873
-0.089 33.4863 -2.74479
-0.088 12.5357 -2.70269
-0.087 -8.43045 -1.89444
-0.086 -20.7648 0.812952
-0.085 -20.8956 5.34531
-0.084 -10.739 10.5141
-0.083 4.3984 14.5961
-0.082 18.8141 16.028
-0.081 28.4873 13.8599
-0.08 31.4626 7.84224
-0.079 26.9647 -1.75861
-0.078 14.237 -14.4325
-0.077 -7.95576 -29.6089
-0.076 -40.6267 -46.638
-0.075 -82.8437 -64.5783
-0.074 -130.007 -81.9635
-0.073 -173.496 -96.7871
-0.072 -202.413 -106.823
-0.071 -207.08 -110.214
-0.07 -183.116 -106.149
-0.069 -134.681 -95.4174
-0.068 -75.2703 -80.5698
-0.067 -24.6282 -65.395
-0.066 -1.7208 -53.6594
-0.065 -16.2531 -47.5641
-0.064 -63.0969 -46.7338
-0.063 -122.96 -48.3397
-0.062 -169.215 -48.296
-0.061 -177.864 -42.956
-0.06 -136.988 -30.6943
-0.059 -52.8073 -12.9333
-0.058 50.0126 5.7931
-0.057 135.431 19.0955
-0.056 169.52 21.1846
-0.055 135.237 9.56311
-0.054 41.1832 -13.4416
-0.053 -80.3071 -41.1549
-0.052 -184.824 -64.7933
-0.051 -232.156 -76.466
-0.05 -201.24 -71.8852
-0.049 -98.9675 -51.9906
-0.048 40.5656 -22.8911
-0.047 167.505 6.1586
-0.046 235.236 26.251
-0.045 219.226 32.3687
-0.044 127.249 25.3516
-0.043 -3.34597 11.4499
-0.042 -119.754 -0.23497
-0.041 -173.638 -1.3633
-0.04 -139.811 12.2579
-0.039 -26.854 38.726
-0.038 125.149 70.4006
-0.037 259.849 96.6435
-0.036 326.728 107.88
-0.035 300.392 99.2212
-0.034 189.533 72.2186
-0.033 33.282 34.2869
-0.032 -113.016 -3.86842
-0.031 -198.127 -31.9969
-0.03 -194.771 -44.0214
-0.029 -110.865 -40.2669
-0.028 13.9488 -27.0676
-0.027 125.555 -13.835
-0.026 177.693 -9.06926
-0.025 148.842 -17.1886
-0.024 48.205 -37.2149
-0.023 -88.8921 -63.3502
-0.022 -213.756 -87.0763
-0.021 -282.229 -100.289
-0.02 -272.418 -98.5507
-0.019 -194.074 -83.0033
-0.018 -83.4233 -59.7761
-0.017 14.2565 -37.1297
-0.016 64.1221 -22.0191
-0.015 53.6562 -17.7835
-0.014 -5.74337 -23.5479
-0.013 -84.9957 -35.0027
-0.012 -148.521 -46.1169
-0.011 -168.115 -51.4456
-0.01 -135.212 -48.367
-0.009 -64.8313 -38.1255
-0.008 12.6134 -24.9095
-0.007 67.0458 -13.4964
-0.006 82.1647 -6.98439
-0.005 60.1266 -5.77491
-0.004 17.9377 -7.89805
-0.003 -20.8137 -10.165
-0.002 -35.9575 -9.65911
-0.001 -19.942 -5.14105
0 17.827 2.25082
0.001 55.5723 9.61878
0.002 71.5266 14.0749
0.003 56.3009 14.5083
0.004 17.4635 12.1874
0.005 -24.8069 10.045
0.006 -46.9235 11.2635
0.007 -31.8911 17.7847
0.008 22.4305 29.1682
0.009 99.7246 42.2844
0.01 169.911 52.3499
0.011 202.587 55.2025
0.012 182.761 49.6473
0.013 119.024 38.3596
0.014 39.5963 26.8214
0.015 -19.9395 21.0711
0.016 -30.516 25.3932
0.017 19.2405 40.6128
0.018 116.786 63.3363
0.019 227.262 86.5746
0.02 305.396 102.071
0.021 314.994 103.738
0.022 246.343 90.4932
0.023 121.361 66.8276
0.024 -15.7882 40.8652
0.025 -116.434 21.1036
0.026 -145.296 13.2822
0.027 -93.2192 18.2993
0.028 18.2321 31.6641
0.029 142.789 44.8397
0.03 226.373 48.4316
0.031 229.405 36.1683
0.032 144.042 7.80762
0.033 -2.39398 -30.5029
0.034 -158.669 -68.4791
0.035 -269.484 -95.4289
0.036 -295.781 -103.992
0.037 -228.944 -92.6916
0.038 -94.413 -66.4805
0.039 57.3017 -34.9573
0.04 169.913 -8.73048
0.041 203.429 4.63215
0.042 149.356 3.31617
0.043 32.9268 -8.41545
0.044 -97.5406 -22.1994
0.045 -189.319 -28.9682
0.046 -205.172 -22.5543
0.047 -137.431 -2.21919
0.048 -10.6778 26.9384
0.049 128.488 55.9809
0.05 230.295 75.6844
0.051 260.761 80.0181
0.052 213.113 68.1383
0.053 108.483 44.4109
0.054 -12.9215 16.754
0.055 -106.776 -6.0851
0.056 -140.881 -17.5174
0.057 -106.763 -15.3117
0.058 -21.5356 -2.02676
0.059 80.8808 16.5479
0.06 164.525 34.0828
0.061 204.859 46.141
0.062 195.796 51.3993
0.063 149.334 51.5457
0.064 89.4682 50.2232
0.065 42.7237 51.4416
0.066 28.236 57.9089
0.067 50.9849 69.8859
0.068 101.183 85.1106
0.069 159.874 99.8293
0.07 207.412 110.325
0.071 230.463 114.147
0.072 225.031 110.59
0.073 195.605 100.508
0.074 151.877 85.736
0.075 104.659 68.4252
0.076 62.4391 50.4909
0.077 29.6843 33.3392
0.078 7.24761 17.9136
0.079 -5.88567 4.92679
0.08 -10.8748 -4.95415
0.081 -8.35182 -11.1273
0.082 1.02792 -13.2743
0.083 15.3694 -11.6546
0.084 30.6263 -7.28916
0.085 40.9973 -1.84352
0.086 41.043 2.87182
0.087 28.7234 5.6335
0.088 7.5313 6.39267
0.089 -13.8946 6.34668
0.09 -24.813 7.41437
0.091 -16.6997 11.3686
0.092 12.9584 18.9976
0.093 58.7086 29.5802
0.094 107.781 40.8547
0.095 143.667 49.5942
0.096 152.066 52.7372
0.097 127.135 48.7125
0.098 75.0121 38.3356
0.099 12.4711 24.762
0.1 -39.0394 12.4487
0.101 -61.3713 5.56918
0.102 -46.4215 6.5182
0.103 0.741547 15.0277
0.104 63.331 28.1769
0.105 118.51 41.3352
0.106 145.616 49.7873
0.107 134.082 50.4831
0.108 87.8237 43.2124
0.109 24.0265 30.6962
0.11 -33.3524 17.5511
0.111 -62.7153 8.55357
0.112 -52.9052 6.88864
0.113 -7.14003 13.0412
0.114 58.5003 24.7251
0.115 121.227 37.8463
0.116 159.923 48.1006
0.117 162.684 52.5818
0.118 130.912 50.8201
0.119 78.5503 44.9097
0.12 26.7776 38.6993
0.121 -3.93843 36.3228
0.122 -1.38132 40.5954
0.123 34.2467 51.8997
0.124 91.0347 68.0104
0.125 150.266 84.8824
0.126 193.189 98.0083
0.127 207.051 103.793
0.128 188.614 100.526
0.129 144.475 88.7541
0.13 88.3156 70.9931
0.131 35.9898 50.8629
0.132 0.148281 31.9106
0.133 -13.5591 16.5717
0.134 -7.31932 5.67526
0.135 10.8679 -1.39549
0.136 30.7142 -6.09482
0.137 43.0909 -9.98487
0.138 42.4805 -14.1124
0.139 28.1814 -18.6066
0.14 4.24184 -22.5829
0.141 -21.8633 -24.4109
0.142 -41.5187 -22.2877
0.143 -47.5006 -14.9023
0.144 -35.9271 -1.94117
0.145 -7.16886 15.7119
0.146 34.224 36.077
0.147 80.345 56.4141
0.148 121.417 73.729
0.149 147.936 85.3754
0.15 153.199 89.6283
0.151 135.54 86.0817
0.152 99.3766 75.7556
0.153 54.4277 60.8677
0.154 13.1142 44.3
0.155 -13.1714 28.8732
0.156 -17.7449 16.6357
0.157 -1.00519 8.40178
0.158 29.4078 3.7033
0.159 60.9281 1.16332
0.16 80.3145 -0.837337
0.161 78.566 -3.40503
0.162 54.7634 -6.52714
0.163 17.1751 -8.86453
0.164 -19.1825 -8.11334
0.165 -37.9008 -1.88451
0.166 -27.4712 11.2253
0.167 13.967 30.8259
0.168 77.2784 54.5293
0.169 144.901 78.425
0.17 196.493 98.0818
0.171 215.86 109.788
0.172 196.833 111.666
0.173 145.857 104.273
0.174 80.0038 90.3815
0.175 20.8697 73.9762
0.176 -13.3367 58.8368
0.177 -14.3479 47.295
0.178 13.4707 39.6206
0.179 55.1131 34.2058
0.18 90.6827 28.4195
0.181 102.816 19.8193
0.182 83.2274 7.30158
0.183 36.0172 -8.24031
0.184 -23.6417 -24.0474
0.185 -75.119 -36.407
0.186 -100.101 -41.9912
0.187 -89.4148 -39.0821
0.188 -46.2607 -28.2157
0.189 15.1853 -12.0312
0.19 75.028 5.5909
0.191 114.722 20.7853
0.192 123.448 30.9145
0.193 101.618 35.3145
0.194 60.2771 35.3135
0.195 16.6702 33.539
0.196 -12.3052 32.8017
0.197 -16.211 34.9993
0.198 5.55459 40.4431
0.199 44.2035 47.8312
0.2 85.3753 54.8371
0.201 114.658 59.0507
0.202 122.689 58.8882
0.203 108.067 54.1318
0.204 77.2046 45.9278
0.205 41.4547 36.2945
0.206 12.7231 27.3703
0.207 -0.722856 20.6956
0.208 3.23243 16.7843
0.209 20.4954 15.1207
0.21 42.9517 14.5454
0.211 61.8263 13.8383
0.212 70.784 12.2377
0.213 67.6456 9.68905
0.214 54.369 6.7673
0.215 35.7065 4.37162
0.216 17.3195 3.36877
0.217 4.06659 4.3351
0.218 -1.0863 7.46638
0.219 2.64277 12.6414
0.22 14.2627 19.566
0.221 31.7528 27.9006
0.222 52.6552 37.2878
0.223 74.2459 47.2602
0.224 93.4554 57.0914
0.225 107.016 65.729
0.226 112.16 71.9213
0.227 107.677 74.5466
0.228 94.7677 73.0126
0.229 77.1173 67.5316
0.23 60.0059 59.125
0.231 48.6693 49.3327
0.232 46.3899 39.7225
0.233 52.953 31.3667
0.234 64.1529 24.4803
0.235 72.8515 18.3907
0.236 71.5236 11.9087
0.237 55.4448 3.99479
0.238 25.174 -5.55536
0.239 -12.8639 -15.7348
0.24 -48.1113 -24.4641
0.241 -69.3754 -29.2237
0.242 -68.8404 -27.9528
0.243 -45.1601 -19.8893
0.244 -4.46707 -6.03803
0.245 41.2371 10.9363
0.246 77.9657 27.4159
0.247 94.6434 39.9343
0.248 87.1954 46.2839
0.249 60.1626 46.1967
0.25 25.0919 41.3224
0.251 -3.74694 34.5114
0.252 -14.6933 28.6821
0.253 -3.07766 25.7023
0.254 26.9477 25.7021
0.255 63.8065 27.0787
0.256 92.677 27.207
0.257 101.017 23.5979
0.258 83.4356 15.0542
0.259 44.0268 2.3621
0.26 -4.81778 -11.7704
0.261 -46.7541 -23.5296
0.262 -67.3437 -29.277
0.263 -59.2095 -26.8239
0.264 -24.6043 -16.2238
0.265 25.4666 0.216481
0.266 75.1726 18.7114
0.267 109.409 35.2607
0.268 119.005 46.9293
0.269 103.739 52.6873
0.27 72.0779 53.5343
0.271 37.7683 51.8905
0.272 14.6108 50.5001
0.273 11.4211 51.2731
0.274 29.0358 54.519
0.275 60.3442 58.8635
0.276 93.154 61.8528
0.277 114.713 60.9692
0.278 116.23 54.6443
0.279 95.8359 42.9
0.28 59.0482 27.4175
0.281 16.662 11.0287
0.282 -19.0899 -3.18287
0.283 -38.6917 -12.847
0.284 -38.3286 -16.9791
0.285 -20.7292 -16.1238
0.286 6.25303 -11.9622
0.287 32.6155 -6.59335
0.288 49.5917 -1.79186
0.289 52.3221 1.5086
0.29 41.0682 3.375
0.291 20.7357 4.66972
0.292 -1.02433 6.57949
0.293 -16.46 10.0687
0.294 -20.2125 15.4755
0.295 -10.8414 22.395
0.296 9.02872 29.8534
0.297 33.8088 36.6513
0.298 56.7736 41.7199
0.299 72.0028 44.3768
0.3 75.9474 44.4313
0.301 68.2967 42.1428
0.302 51.9533 38.0697
0.303 32.1045 32.8824
0.304 14.6364 27.2164
0.305 4.38554 21.5989
0.306 3.76234 16.4282
0.307 12.111 11.9601
0.308 25.9191 8.28127
0.309 39.7967 5.2852
0.31 48.0149 2.68627
0.311 46.2649 0.0955362
0.312 33.1413 -2.84126
0.313 10.8247 -6.26767
0.314 -15.3621 -9.95961
0.315 -38.4578 -13.271
0.316 -51.9745 -15.2485
0.317 -51.9479 -14.9122
0.318 -38.2656 -11.6136
0.319 -14.832 -5.3355
0.32 11.5444 3.18852
0.321 33.2634 12.5987
0.322 44.4126 21.2637
0.323 42.7827 27.7708
0.324 30.6784 31.3863
0.325 14.1613 32.2984
0.326 0.928518 31.5211
0.327 -2.44502 30.4808
0.328 7.0879 30.4406
0.329 27.8517 31.9854
0.33 53.8857 34.7593
0.331 76.8764 37.5566
0.332 88.9518 38.7492
0.333 85.4132 36.9168
0.334 66.4614 31.4496
0.335 37.2616 22.882
0.336 6.25578 12.8084
0.337 -17.6922 3.40271
0.338 -28.2739 -3.27746
0.339 -23.7599 -5.9492
0.34 -7.40505 -4.49696
0.341 13.8242 0.0294198
0.342 31.7049 5.81043
0.343 39.5678 10.9077
0.344 34.5386 13.933
0.345 18.4473 14.4903
0.346 -2.92124 13.2337
0.347 -21.9531 11.5383
0.348 -31.9034 10.9226
0.349 -29.1803 12.4401
0.35 -14.4533 16.2579
0.351 7.6936 21.5694
0.352 30.3465 26.8649
0.353 46.5243 30.4541
0.354 51.3982 31.0425
0.355 43.7722 28.1617
0.356 26.3598 22.3164
0.357 4.78998 14.8147
0.358 -14.287 7.34834
0.359 -25.3281 1.47052
0.36 -25.5588 -1.85312
0.361 -15.6826 -2.46815
0.362 0.498185 -0.97235
0.363 17.3646 1.57247
0.364 29.2566 4.03496
0.365 32.2213 5.58511
0.366 25.2266 5.93827
0.367 10.4708 5.40812
0.368 -7.31965 4.75596
0.369 -22.3891 4.88926
0.37 -29.7628 6.52049
0.371 -26.7949 9.90965
0.372 -13.997 14.765
0.373 5.07871 20.3076
0.374 24.8643 25.4634
0.375 39.4368 29.1362
0.376 44.3543 30.4967
0.377 38.102 29.2087
0.378 22.6428 25.5185
0.379 2.83859 20.1762
0.38 -15.0984 14.2224
0.381 -25.6208 8.71088
0.382 -25.6752 4.44039
0.383 -15.753 1.75642
0.384 0.1916 0.480156
0.385 15.9791 0.00274085
0.386 25.2522 -0.470226
0.387 23.6861 -1.60262
0.388 10.5954 -3.65227
0.389 -10.661 -6.33229
0.39 -33.6695 -8.85693
0.391 -51.0433 -10.1669
0.392 -56.8987 -9.27981
0.393 -48.8795 -5.66119
0.394 -29.0214 0.522488
0.395 -3.1371 8.37745
0.396 21.0987 16.5074
0.397 36.7264 23.4141
0.398 39.8595 27.938
0.399 30.9918 29.5961
0.4 14.7773 28.7061
0.401 -1.66715 26.2468
0.402 -11.3426 23.4865
0.403 -9.90465 21.5122
0.404 2.76577 20.8392
0.405 22.5131 21.2539
0.406 42.3765 21.9381
0.407 55.0405 21.8154
0.408 55.4067 19.992
0.409 42.3976 16.1367
0.41 19.362 10.6644
0.411 -7.07587 4.64301
0.412 -29.3152 -0.553495
0.413 -41.3845 -3.71516
0.414 -40.8986 -4.20571
0.415 -29.6948 -2.16184
0.416 -12.9932 1.57441
0.417 2.54561 5.75083
0.418 11.1574 9.1215
0.419 9.91164 10.8455
0.42 -0.393067 10.7298
0.421 -15.6647 9.22878
0.422 -30.0995 7.21145
0.423 -38.2983 5.60282
0.424 -37.1268 5.04632
0.425 -26.6772 5.70434
0.426 -10.0756 7.2482
0.427 7.70527 9.0235
0.428 21.5632 10.3254
0.429 27.9287 10.6803
0.43 25.8335 10.0223
0.431 17.0543 8.69564
0.432 5.33147 7.29781
0.433 -5.0081 6.44488
0.434 -10.5059 6.5552
0.435 -9.61133 7.71911
0.436 -3.01842 9.68453
0.437 6.72538 11.954
0.438 16.1447 13.9556
0.439 21.9687 15.2194
0.44 22.1089 15.4894
0.441 16.2015 14.7379
0.442 5.59489 13.1071
0.443 -7.15022 10.8298
0.444 -19.0506 8.1659
0.445 -27.5269 5.36673
0.446 -31.0467 2.6644
0.447 -29.4381 0.278226
0.448 -23.8258 -1.5782
0.449 -16.2402 -2.71301
0.45 -9.02291 -3.00567
0.451 -4.18295 -2.46683
0.452 -2.852 -1.26219
0.453 -4.96881 0.329064
0.454 -9.28541 2.00885
0.455 -13.7192 3.56616
0.456 -15.9793 4.95031
0.457 -14.299 6.2813
0.458 -8.05737 7.78383
0.459 1.90465 9.65557
0.46 13.3927 11.9158
0.461 23.4077 14.3087
0.462 29.0216 16.3259
0.463 28.3346 17.3558
0.464 21.1865 16.9086
0.465 9.34244 14.8274
0.466 -3.95777 11.4062
0.467 -14.9674 7.36223
0.468 -20.6105 3.65536
0.469 -19.4864 1.1994
0.47 -12.3592 0.56465
0.471 -1.93517 1.78811
0.472 8.04378 4.37268
0.473 14.1034 7.47719
0.474 14.2789 10.2221
0.475 8.8338 11.9965
0.476 0.179285 12.6556
0.477 -7.98662 12.5394
0.478 -12.0221 12.2991
0.479 -9.69768 12.5952
0.48 -1.08366 13.7831
0.481 11.3641 15.7179
0.482 23.5795 17.761
0.483 31.2662 18.9906
0.484 31.3951 18.5373
0.485 23.2844 15.919
0.486 8.87873 11.2546
0.487 -7.87782 5.2726
0.488 -22.3539 -0.891481
0.489 -30.7679 -6.04039
0.49 -31.4112 -9.28016
0.491 -25.136 -10.2751
0.492 -14.9541 -9.30445
0.493 -4.90524 -7.10604
0.494 1.39384 -4.57254
0.495 2.01397 -2.41728
0.496 -2.64726 -0.93582
0.497 -10.0759 0.0523369
0.498 -16.6155 1.07078
0.499 -18.8355 2.72315
0.5 -14.7919 5.40317
0.501 -4.73755 9.08724
0.502 8.94357 13.2895
0.503 22.5327 17.1997
0.504 32.2182 19.9535
0.505 35.363 20.9299
0.506 31.3634 19.9608
0.507 21.7992 17.3773
0.508 9.83336 13.8883
0.509 -0.894284 10.3428
0.51 -7.47191 7.46158
0.511 -8.6096 5.62764
0.512 -4.95005 4.80663
0.513 1.26926 4.62183
0.514 7.06474 4.54758
0.515 9.7727 4.13602
0.516 7.96415 3.18423
0.517 1.89089 1.7857
0.518 -6.67038 0.264879
0.519 -15.0813 -0.966564
0.52 -20.7532 -1.57615
0.521 -21.9942 -1.43984
0.522 -18.5256 -0.684966
0.523 -11.5207 0.370306
0.524 -3.17122 1.3523
0.525 4.06451 1.97946
0.526 8.26798 2.16068
0.527 8.64905 2.01463
0.528 5.74026 1.81643
0.529 1.16563 1.89826
0.53 -2.92065 2.53652
0.531 -4.54402 3.86198
0.532 -2.5456 5.82479
0.533 3.05603 8.22438
0.534 11.0866 10.7828
0.535 19.5981 13.2227
0.536 26.4691 15.3189
0.537 30.0294 16.9178
0.538 29.5311 17.9323
0.539 25.3418 18.3235
0.54 18.7993 18.0782
0.541 11.7647 17.193
0.542 6.01866 15.6772
0.543 2.71121 13.5737
0.544 2.04626 10.9797
0.545 3.28568 8.04946
0.546 5.0466 4.97422
0.547 5.79388 1.95432
0.548 4.38745 -0.823688
0.549 0.517436 -3.19953
0.55 -5.13286 -5.04411
0.551 -11.0759 -6.25859
0.552 -15.501 -6.76741
0.553 -16.8696 -6.51165
0.554 -14.4193 -5.45563
0.555 -8.42494 -3.61273
0.556 -0.149344 -1.07908
0.557 8.50561 1.94633
0.558 15.5585 5.17217
0.559 19.5481 8.25712
0.56 19.9652 10.8702
0.561 17.3592 12.7513
0.562 13.093 13.7588
0.563 8.85165 13.891
0.564 6.07759 13.2723
0.565 5.51017 12.1044
0.566 6.968 10.5999
0.567 9.44703 8.92485
0.568 11.5105 7.17496
0.569 11.8375 5.39167
0.57 9.72835 3.60301
0.571 5.38303 1.86629
0.572 -0.136674 0.294791
0.573 -5.23962 -0.941525
0.574 -8.31984 -1.64561
0.575 -8.28824 -1.64848
0.576 -4.94633 -0.87349
0.577 0.928583 0.617118
0.578 7.82078 2.61849
0.579 13.9522 4.82766
0.58 17.83 6.91695
0.581 18.6842 8.60768
0.582 16.6644 9.72308
0.583 12.7408 10.2103
0.584 8.34817 10.1284
0.585 4.89126 9.60682
0.586 3.28159 8.78715
0.587 3.66378 7.77398
0.588 5.4183 6.61507
0.589 7.42458 5.31645
0.59 8.4813 3.87704
0.591 7.74079 2.32353
0.592 5.01896 0.733175
0.593 0.881667 -0.761315
0.594 -3.52281 -1.98755
0.595 -6.83096 -2.76889
0.596 -7.90707 -2.97
0.597 -6.21187 -2.53419
0.598 -1.97643 -1.49698
0.599 3.86766 0.0255057
0.6 9.97144 1.86342
0.601 14.9733 3.82607
0.602 17.9008 5.73587
0.603 18.4448 7.45817
0.604 17.0218 8.91797
0.605 14.604 10.0965
0.606 12.3767 11.0101
0.607 11.3364 11.6852
0.608 11.9636 12.1398
0.609 14.0718 12.3729
0.61 16.8784 12.3587
0.611 19.2698 12.0485
0.612 20.1759 11.3861
0.613 18.9339 10.3354
0.614 15.5233 8.90698
0.615 10.5927 7.16926
0.616 5.26448 5.23972
0.617 0.782503 3.26622
0.618 -1.88123 1.40479
0.619 -2.33098 -0.20673
0.62 -0.863824 -1.47761
0.621 1.63842 -2.38404
0.622 4.00869 -2.96498
0.623 5.191 -3.29189
0.624 4.60357 -3.42806
0.625 2.34495 -3.39801
0.626 -0.829518 -3.17642
0.627 -3.75506 -2.694
0.628 -5.24593 -1.85904
0.629 -4.49573 -0.595527
0.63 -1.35834 1.10975
0.631 3.58302 3.17214
0.632 9.18605 5.4078
0.633 14.1084 7.57092
0.634 17.236 9.41298
0.635 18.0336 10.7405
0.636 16.696 11.4556
0.637 14.0539 11.5719
0.638 11.2692 11.1991
0.639 9.42625 10.4952
0.64 9.15342 9.60254
0.641 10.4035 8.595
0.642 12.4731 7.46259
0.643 14.2612 6.13819
0.644 14.6745 4.55117
0.645 13.0323 2.68483
0.646 9.3264 0.61862
0.647 4.25225 -1.46025
0.648 -0.997676 -3.28644
0.649 -5.10875 -4.58464
0.65 -7.06698 -5.15293
0.651 -6.48733 -4.92676
0.652 -3.73001 -3.99662
0.653 0.237875 -2.57554
0.654 4.18097 -0.932698
0.655 7.00856 0.683338
0.656 8.11906 2.10966
0.657 7.56682 3.30158
0.658 6.00363 4.31823
0.659 4.41917 5.265
0.66 3.76972 6.21886
0.661 4.62548 7.17231
0.662 6.96352 8.02086
0.663 10.1785 8.5952
0.664 13.2992 8.72111
0.665 15.3274 8.28574
0.666 15.5787 7.29008
0.667 13.9143 5.86779
0.668 10.7875 4.25767
0.669 7.09366 2.73534
0.67 3.87545 1.53148
0.671 1.98599 0.771061
0.672 1.82575 0.455244
0.673 3.23893 0.485315
0.674 5.59515 0.713223
0.675 8.01918 1.00103
0.676 9.68699 1.27146
0.677 10.0891 1.53072
0.678 9.17663 1.85178
0.679 7.34834 2.32494
0.68 5.29088 3.00073
0.681 3.73218 3.85313
0.682 3.1935 4.7772
0.683 3.82189 5.6168
0.684 5.35261 6.2092
0.685 7.20773 6.43347
0.686 8.69421 6.24785
0.687 9.23335 5.70091
0.688 8.54537 4.90876
0.689 6.73207 4.00879
0.69 4.2364 3.11282
0.691 1.69735 2.2805
0.692 -0.249646 1.5194
0.693 -1.1628 0.804528
0.694 -0.918081 0.106694
0.695 0.268081 -0.57916
0.696 1.92198 -1.21582
0.697 3.47202 -1.72641
0.698 4.43127 -2.01979
0.699 4.54611 -2.02661
0.7 3.86693 -1.72619
0.701 2.72209 -1.15168
0.702 1.60686 -0.375075
0.703 1.0227 0.51682
0.704 1.31509 1.44557
0.705 2.55964 2.35797
0.706 4.53248 3.23152
0.707 6.77489 4.0641
0.708 8.73179 4.85091
0.709 9.9204 5.56198
0.71 10.0755 6.13515
0.711 9.2254 6.48996
0.712 7.67592 6.55426
0.713 5.90928 6.28987
0.714 4.4282 5.70737
0.715 3.59423 4.86691
0.716 3.51217 3.86463
0.717 3.99931 2.80659
0.718 4.65219 1.77881
0.719 4.9898 0.827329
0.72 4.62432 -0.0410617
0.721 3.40114 -0.838269
0.722 1.46226 -1.56681
0.723 -0.786554 -2.19926
0.724 -2.79477 -2.67383
0.725 -4.03621 -2.90674
0.726 -4.1754 -2.8176
0.727 -3.17576 -2.36089
0.728 -1.31064 -1.5514
0.729 0.927522 -0.471121
0.73 2.9872 0.748157
0.731 4.43063 1.9604
0.732 5.06263 3.04385
0.733 4.97661 3.92723
0.734 4.50564 4.59615
0.735 4.09427 5.08015
0.736 4.13314 5.42607
0.737 4.81336 5.6672
0.738 6.05314 5.80098
0.739 7.5228 5.78629
0.74 8.75647 5.5623
0.741 9.30913 5.08072
0.742 8.90569 4.33596
0.743 7.53541 3.38011
0.744 5.4619 2.31709
0.745 3.14419 1.27904
0.746 1.09405 0.392268
0.747 -0.281631 -0.25622
0.748 -0.799661 -0.639451
0.749 -0.542693 -0.790053
0.75 0.184378 -0.779051
0.751 0.96545 -0.683443
0.752 1.41504 -0.556804
0.753 1.30597 -0.41431
0.754 0.64093 -0.235871
0.755 -0.355982 0.0159556
0.756 -1.32286 0.370787
0.757 -1.88698 0.828046
0.758 -1.79148 1.34717
0.759 -0.982124 1.85519
0.76 0.371104 2.26869
0.761 1.92468 2.52077
0.762 3.27019 2.58176
0.763 4.06556 2.46594
0.764 4.14294 2.22352
0.765 3.55635 1.9216
0.766 2.55649 1.62142
0.767 1.50552 1.36022
0.768 0.760119 1.14487
0.769 0.557834 0.958825
0.77 0.940952 0.778142
0.771 1.74473 0.588212
0.772 2.65674 0.393939
0.773 3.32672 0.22008
0.774 3.48613 0.103019
0.775 3.03631 0.0774996
0.776 2.07913 0.163076
0.777 0.883762 0.355863
0.778 -0.199347 0.629536
0.779 -0.852468 0.944945
0.78 -0.896185 1.26318
0.781 -0.34891 1.55559
0.782 0.582365 1.80697
0.783 1.57545 2.01258
0.784 2.30202 2.17235
0.785 2.53446 2.28487
0.786 2.21666 2.34297
0.787 1.47813 2.33308
0.788 0.586812 2.23966
0.789 -0.14488 2.05335
0.79 -0.46924 1.77822
0.791 -0.288211 1.43358
0.792 0.316027 1.0491
0.793 1.11351 0.656882
0.794 1.80831 0.284989
0.795 2.1408 -0.0456445
0.796 1.97599 -0.321487
0.797 1.34902 -0.534301
0.798 0.452597 -0.676943
0.799 -0.428889 -0.73881
0.8 -1.01518 -0.704391
0.801 -1.12176 -0.557557
0.802 -0.716654 -0.290246
0.803 0.0748652 0.0895267
0.804 1.01738 0.555009
0.805 1.84709 1.06435
0.806 2.35919 1.56842
0.807 2.47053 2.02034
0.808 2.23719 2.38449
0.809 1.82372 2.64255
0.81 1.43787 2.7937
0.811 1.25516 2.84811
0.812 1.35815 2.81684
0.813 1.70987 2.70406
0.814 2.16965 2.5055
0.815 2.54526 2.21307
0.816 2.6611 1.82307
0.817 2.41756 1.34442
0.818 1.82175 0.804418
0.819 0.982105 0.24902
0.82 0.072178 -0.264573
0.821 -0.722845 -0.681614
0.822 -1.26013 -0.964395
0.823 -1.47738 -1.10095
0.824 -1.4033 -1.10462
0.825 -1.13854 -1.00607
0.826 -0.815917 -0.841684
0.827 -0.555557 -0.642047
0.828 -0.429578 -0.423641
0.829 -0.445616 -0.186891
0.83 -0.551242 0.077581
0.831 -0.656019 0.376829
0.832 -0.664264 0.704114
0.833 -0.508414 1.03466
0.834 -0.172153 1.33057
0.835 0.303889 1.5517
0.836 0.834481 1.66768
0.837 1.31492 1.66757
0.838 1.65065 1.56435
0.839 1.78304 1.39236
0.84 1.70497 1.19685
0.841 1.46194 1.01893
0.842 1.13791 0.882465
0.843 0.829563 0.789141
0.844 0.617314 0.72289
0.845 0.542054 0.660217
0.846 0.594513 0.58139
0.847 0.719885 0.47884
0.848 0.836195 0.360683
0.849 0.861255 0.248157
0.85 0.740309 0.167212
0.851 0.465455 0.137215
0.852 0.0798904 0.161997
0.853 -0.334673 0.227623
0.854 -0.683086 0.307611
0.855 -0.88606 0.372701
0.856 -0.90463 0.400991
0.857 -0.7521 0.385017
0.858 -0.489102 0.33382
0.859 -0.202667 0.269398
0.86 0.0237215 0.218598
0.861 0.138217 0.203289
0.862 0.136746 0.232676
0.863 0.0621025 0.300712
0.864 -0.0127854 0.389211
0.865 -0.0116568 0.475025
0.866 0.116539 0.538389
0.867 0.376956 0.569379
0.868 0.724249 0.570235
0.869 1.07665 0.552935
0.87 1.34343 0.533301
0.871 1.45497 0.524269
0.872 1.38458 0.531025
0.873 1.15565 0.549552
0.874 0.833098 0.568724
0.875 0.50227 0.57504
0.876 0.241266 0.558335
0.877 0.0961887 0.516249
0.878 0.0687653 0.455493
0.879 0.120923 0.3894
0.88 0.193243 0.333003
0.881 0.228693 0.297919
0.882 0.192667 0.289016
0.883 0.0836817 0.303582
0.884 -0.0673442 0.332794
0.885 -0.208824 0.364839
0.886 -0.287923 0.388749
0.887 -0.270673 0.397607
0.888 -0.154553 0.389867
0.889 0.0312158 0.368413
0.89 0.236414 0.338126
0.891 0.406148 0.303395
0.892 0.496908 0.266695
0.893 0.488373 0.22849
0.894 0.38835 0.188118
0.895 0.229147 0.145097
0.896 0.0560754 0.100299
0.897 -0.0875319 0.056527
0.898 -0.172783 0.0182633
0.899 -0.191164 -0.00931306
0.9 -0.153571 -0.0216475
0.901 -0.084357 -0.0159758
0.902 -0.0124925 0.00806574
0.903 0.0381561 0.0485411
0.904 0.0566603 0.101886
0.905 0.0478728 0.16374
0.906 0.0291437 0.229509
0.907 0.0228443 0.294511
0.908 0.04811 0.35398
0.909 0.114374 0.40325
0.91 0.21783 0.438205
0.911 0.341439 0.455801
0.912 0.459027 0.454429
0.913 0.542912 0.434122
0.914 0.572483 0.396704
0.915 0.540307 0.345763
0.916 0.453748 0.286181
0.917 0.332348 0.223194
0.918 0.202311 0.161388
0.919 0.0894778 0.104149
0.92 0.0122615 0.0537386
0.921 -0.0233923 0.0116754
0.922 -0.0248479 -0.0209781
0.923 -0.00883593 -0.0434977
0.924 0.00550665 -0.0553874
0.925 0.00362349 -0.0562806
0.926 -0.019784 -0.0460545
0.927 -0.0593729 -0.0252505
0.928 -0.101155 0.00442968
0.929 -0.127428 0.039965
0.93 -0.123388 0.0774162
0.931 -0.0830864 0.112689
0.932 -0.0121533 0.142279
0.933 0.0739548 0.163812
0.934 0.15526 0.176361
0.935 0.213793 0.180516
0.936 0.239064 0.178117
0.937 0.230959 0.171647
0.938 0.19936 0.163477
0.939 0.16052 0.155258
0.94 0.131208 0.147685
0.941 0.122706 0.140628
0.942 0.137089 0.13348
0.943 0.167212 0.125594
0.944 0.200083 0.116654
0.945 0.221924 0.106872
0.946 0.222986 0.0969271
0.947 0.200619 0.0877092
0.948 0.159802 0.0799791
0.949 0.111067 0.0740737
0.95 0.0665063 0.0697599
0.951 0.0353793 0.0662618
0.952 0.0211002 0.0624756
0.953 0.0207557 0.0573416
0.954 0.0270444 0.0502264
0.955 0.0315376 0.0411396
0.956 0.0278936 0.0307258
0.957 0.0139757 0.0200847
0.958 -0.00766468 0.0105109
0.959 -0.0309817 0.00320997
0.96 -0.0488457 -0.000988169
0.961 -0.0557339 -0.00186429
0.962 -0.0496163 0.000127082
0.963 -0.0323537 0.00403478
0.964 -0.00866958 0.00874026
0.965 0.0156725 0.0132765
0.966 0.0357163 0.0170287
0.967 0.0486084 0.0197954
0.968 0.0540434 0.0217326
0.969 0.0538254 0.0232107
0.97 0.0507835 0.0246016
0.971 0.0475173 0.0260644
0.972 0.0454969 0.0274367
0.973 0.0448141 0.0282996
0.974 0.0445242 0.0281722
0.975 0.0432933 0.02673
0.976 0.040051 0.0239507
0.977 0.0344391 0.0201423
0.978 0.0269372 0.0158584
0.979 0.0186555 0.0117404
0.98 0.0109045 0.00833447
0.981 0.00474901 0.00594375
0.982 0.00073502 0.00457157
0.983 -0.00114932 0.00397334
0.984 -0.0013392 0.00378453
0.985 -0.000484114 0.003666
0.986 0.000762212 0.00340919
0.987 0.00190245 0.00296814
0.988 0.00266909 0.00242199
0.989 0.00300387 0.00189899
0.99 0.00297869 0.00150097
0.991 0.00271242 0.00125957
0.992 0.00231835 0.00113531
0.993 0.0018824 0.00105025
0.994 0.00145753 0.0009328
0.995 0.00106778 0.000751882
0.996 0.000721174 0.000525265
0.997 0.000425179 0.000301269
0.998 0.000194709 0.000127895
0.999 4.87951e-05 2.89676e-05
0.12 3.7639 1.59551
0.24 3.77347 1.5955
0.36 3.78938 1.59548
0.48 3.81154 1.59544
0.6 3.83987 1.59539
0.72 3.87422 1.5953
0.84 3.91443 1.59519
0.96 3.96033 1.59502
1.08 4.01169 1.5948
1.2 4.0683 1.59451
1.32 4.12988 1.59414
1.44 4.19616 1.59367
1.56 4.26684 1.59307
1.68 4.3416 1.59235
1.8 4.42011 1.59147
1.92 4.50202 1.59041
2.04 4.58698 1.58916
2.16 4.67461 1.58769
2.28 4.76453 1.58597
2.4 4.85637 1.58399
2.52 4.94973 1.58171
2.64 5.04423 1.57911
2.76 5.13947 1.57617
2.88 5.23508 1.57286
3 5.33066 1.56915
3.12 5.42585 1.56501
3.24 5.52027 1.56042
3.36 5.61358 1.55534
3.48 5.70543 1.54975
3.6 5.79548 1.54363
3.72 5.88342 1.53693
3.84 5.96897 1.52965
3.96 6.05182 1.52175
4.08 6.13173 1.5132
4.2 6.20846 1.50398
4.32 6.28178 1.49407
4.44 6.3515 1.48344
4.56 6.41745 1.47207
4.68 6.47946 1.45994
4.8 6.53742 1.44704
4.92 6.59121 1.43333
5.04 6.64076 1.41881
5.16 6.686 1.40347
5.28 6.7269 1.38728
5.4 6.76345 1.37024
5.52 6.79564 1.35234
5.64 6.82351 1.33358
5.76 6.8471 1.31395
5.88 6.86648 1.29345
6 6.88174 1.27208
6.12 6.89298 1.24984
6.24 6.9003 1.22675
6.36 6.90385 1.2028
6.48 6.90376 1.17802
6.6 6.90019 1.15241
6.72 6.8933 1.126
6.84 6.88327 1.0988
6.96 6.87028 1.07084
7.08 6.8545 1.04215
7.2 6.83612 1.01275
7.32 6.81535 0.982673
7.44 6.79236 0.951962
7.56 6.76735 0.92065
7.68 6.74051 0.888778
7.8 6.71202 0.856391
7.92 6.68206 0.823533
8.04 6.65081 0.790254
8.16 6.61843 0.756604
8.28 6.58508 0.722637
8.4 6.55093 0.688408
8.52 6.5161 0.653974
8.64 6.48073 0.619395
8.76 6.44494 0.584732
8.88 6.40884 0.550046
9 6.37254 0.515401
9.12 6.3361 0.480861
9.24 6.29962 0.446493
9.36 6.26315 0.412361
9.48 6.22674 0.378532
9.6 6.19044 0.345073
9.72 6.15426 0.312049
9.84 6.11822 0.279526
9.96 6.08233 0.24757
10.08 6.04659 0.216245
10.2 6.01097 0.185614
10.32 5.97546 0.155738
10.44 5.94002 0.126677
10.56 5.90461 0.09849
10.68 5.86919 0.0712316
10.8 5.83371 0.0449555
10.92 5.7981 0.0197122
11.04 5.76231 -0.00445043
11.16 5.72628 -0.0274879
11.28 5.68993 -0.049359
11.4 5.6532 -0.0700261
11.52 5.61603 -0.0894551
11.64 5.57834 -0.107616
11.76 5.54008 -0.124483
11.88 5.50117 -0.140033
12 5.46156 -0.15425
12.12 5.42119 -0.16712
12.24 5.38001 -0.178634
12.36 5.33798 -0.188787
12.48 5.29505 -0.197581
12.6 5.25119 -0.20502
12.72 5.20637 -0.211112
12.84 5.16056 -0.215873
12.96 5.11376 -0.21932
13.08 5.06596 -0.221475
13.2 5.01715 -0.222366
13.32 4.96735 -0.222025
13.44 4.91657 -0.220485
13.56 4.86484 -0.217786
13.68 4.81218 -0.21397
13.8 4.75863 -0.209085
13.92 4.70424 -0.20318
14.04 4.64906 -0.196306
14.16 4.59315 -0.188521
14.28 4.53656 -0.179881
14.4 4.47937 -0.170448
14.52 4.42164 -0.160283
14.64 4.36346 -0.149451
14.76 4.3049 -0.138019
14.88 4.24605 -0.126051
15 4.18698 -0.113618
15.12 4.12779 -0.100786
15.24 4.06855 -0.0876252
15.36 4.00937 -0.0742034
15.48 3.95032 -0.060589
15.6 3.89148 -0.0468498
15.72 3.83294 -0.0330525
15.84 3.77478 -0.0192627
15.96 3.71708 -0.00554436
16.08 3.65991 0.00804014
16.2 3.60335 0.0214305
16.32 3.54744 0.0345686
16.44 3.49226 0.0473988
16.56 3.43786 0.0598681
16.68 3.38429 0.0719265
16.8 3.33159 0.0835268
16.92 3.2798 0.0946253
17.04 3.22895 0.105181
17.16 3.17906 0.115158
17.28 3.13015 0.124521
17.4 3.08223 0.133241
17.52 3.0353 0.141292
17.64 2.98937 0.148652
17.76 2.94441 0.1553
17.88 2.90043 0.161223
18 2.85739 0.16641
18.12 2.81528 0.170852
18.24 2.77405 0.174545
18.36 2.73368 0.17749
18.48 2.69412 0.17969
18.6 2.65533 0.181149
18.72 2.61726 0.18188
18.84 2.57985 0.181893
18.96 2.54305 0.181205
19.08 2.50681 0.179835
19.2 2.47106 0.177803
19.32 2.43575 0.175133
19.44 2.40082 0.17185
19.56 2.3662 0.167984
19.68 2.33184 0.163563
19.8 2.29766 0.158619
19.92 2.26363 0.153184
20.04 2.22967 0.147294
20.16 2.19574 0.140982
20.28 2.16179 0.134285
20.4 2.12775 0.12724
20.52 2.0936 0.119883
20.64 2.05928 0.112252
20.76 2.02476 0.104384
20.88 1.99 0.0963166
21 1.95497 0.0880861
21.12 1.91966 0.0797292
21.24 1.88403 0.0712816
21.36 1.84807 0.0627782
21.48 1.81177 0.054253
21.6 1.77512 0.0457391
21.72 1.73813 0.0372682
21.84 1.70079 0.028871
21.96 1.66311 0.0205764
22.08 1.6251 0.0124122
22.2 1.58679 0.00440453
22.32 1.54818 -0.003422
22.44 1.50932 -0.0110445
22.56 1.47021 -0.0184418
22.68 1.4309 -0.0255942
22.8 1.39143 -0.0324841
22.92 1.35182 -0.0390954
23.04 1.31212 -0.0454137
23.16 1.27237 -0.0514265
23.28 1.23262 -0.0571229
23.4 1.19292 -0.0624936
23.52 1.1533 -0.0675311
23.64 1.11383 -0.0722295
23.76 1.07454 -0.0765842
23.88 1.03549 -0.0805924
24 0.996736 -0.0842526
24.12 0.958316 -0.0875647
24.24 0.920284 -0.0905299
24.36 0.882685 -0.0931506
24.48 0.845568 -0.0954304
24.6 0.808977 -0.0973741
24.72 0.772955 -0.0989873
24.84 0.737544 -0.100277
24.96 0.702783 -0.10125
25.08 0.668709 -0.101915
25.2 0.635356 -0.102281
25.32 0.602757 -0.102358
25.44 0.57094 -0.102155
25.56 0.539931 -0.101684
25.68 0.509755 -0.100955
25.8 0.480431 -0.0999805
25.92 0.451977 -0.0987716
26.04 0.424408 -0.0973403
26.16 0.397734 -0.0956987
26.28 0.371965 -0.093859
26.4 0.347105 -0.0918334
26.52 0.323159 -0.0896344
26.64 0.300125 -0.0872739
26.76 0.278002 -0.0847643
26.88 0.256785 -0.0821174
27 0.236465 -0.0793451
27.12 0.217033 -0.0764592
27.24 0.198478 -0.0734709
27.36 0.180785 -0.0703916
27.48 0.163939 -0.067232
27.6 0.147922 -0.0640028
27.72 0.132716 -0.0607144
27.84 0.118301 -0.0573766
27.96 0.104655 -0.0539992
28.08 0.091757 -0.0505913
28.2 0.0795828 -0.0471621
28.32 0.0681091 -0.0437199
28.44 0.0573117 -0.040273
28.56 0.0471662 -0.0368293
28.68 0.0376478 -0.0333963
28.8 0.0287318 -0.0299809
28.92 0.0203936 -0.0265899
29.04 0.0126086 -0.0232298
29.16 0.00535273 -0.0199064
29.28 -0.00139776 -0.0166255
29.4 -0.00766608 -0.0133924
29.52 -0.0134748 -0.0102119
29.64 -0.0188459 -0.00708872
29.76 -0.0238005 -0.00402718
29.88 -0.028359 -0.00103123
30 -0.0325409 0.00189547
30.12 -0.0363649 0.00474954
30.24 -0.0398486 0.00752792
30.36 -0.0430089 0.0102278
30.48 -0.0458617 0.0128467
30.6 -0.0484219 0.0153823
30.72 -0.0507036 0.0178327
30.84 -0.0527198 0.0201961
30.96 -0.0544828 0.0224709
31.08 -0.056004 0.024656
31.2 -0.057294 0.0267501
31.32 -0.0583625 0.0287525
31.44 -0.0592186 0.0306624
31.56 -0.0598708 0.0324795
31.68 -0.0603266 0.0342035
31.8 -0.0605934 0.0358341
31.92 -0.0606778 0.0373716
32.04 -0.0605859 0.0388161
32.16 -0.0603236 0.040168
32.28 -0.0598963 0.0414279
32.4 -0.0593091 0.0425965
32.52 -0.0585671 0.0436745
32.64 -0.0576748 0.0446629
32.76 -0.0566371 0.0455629
32.88 -0.0554584 0.0463756
33 -0.0541432 0.0471024
33.12 -0.0526961 0.0477446
33.24 -0.0511217 0.048304
33.36 -0.0494248 0.0487822
33.48 -0.0476101 0.0491809
33.6 -0.0456827 0.049502
33.72 -0.0436478 0.0497475
33.84 -0.0415108 0.0499195
33.96 -0.0392773 0.0500201
34.08 -0.0369532 0.0500517
34.2 -0.0345447 0.0500165
34.32 -0.0320581 0.0499171
34.44 -0.0295001 0.0497559
34.56 -0.0268775 0.0495354
34.68 -0.0241974 0.0492585
34.8 -0.0214673 0.0489278
34.92 -0.0186947 0.0485461
35.04 -0.0158874 0.0481163
35.16 -0.0130532 0.0476413
35.28 -0.0102003 0.047124
35.4 -0.00733693 0.0465676
35.52 -0.0044713 0.0459749
35.64 -0.00161179 0.0453492
35.76 0.00123322 0.0446936
35.88 0.00405534 0.044011
36 0.00684627 0.0433048
36.12 0.00959774 0.0425779
36.24 0.0123016 0.0418335
36.36 0.01495 0.0410748
36.48 0.017535 0.0403047
36.6 0.0200492 0.0395262
36.72 0.0224853 0.0387424
36.84 0.0248362 0.0379562
36.96 0.0270953 0.0371702
37.08 0.0292563 0.0363874
37.2 0.0313134 0.0356102
37.32 0.0332611 0.0348413
37.44 0.0350944 0.034083
37.56 0.0368087 0.0333376
37.68 0.0384 0.0326072
37.8 0.0398648 0.0318937
37.92 0.0412 0.031199
38.04 0.0424031 0.0305246
38.16 0.0434723 0.0298721
38.28 0.0444062 0.0292425
38.4 0.045204 0.0286371
38.52 0.0458654 0.0280567
38.64 0.0463907 0.0275018
38.76 0.0467808 0.0269729
38.88 0.047037 0.0264702
39 0.0471613 0.0259937
39.12 0.047156 0.0255433
39.24 0.0470241 0.0251184
39.36 0.0467689 0.0247185
39.48 0.0463943 0.0243428
39.6 0.0459045 0.0239901
39.72 0.045304 0.0236593
39.84 0.044598 0.0233491
39.96 0.0437916 0.0230578
40.08 0.0428906 0.0227838
40.2 0.0419008 0.0225252
40.32 0.0408282 0.02228
40.44 0.0396792 0.0220462
40.56 0.0384602 0.0218216
40.68 0.0371777 0.021604
40.8 0.0358384 0.021391
40.92 0.0344489 0.0211803
41.04 0.0330159 0.0209695
41.16 0.031546 0.0207564
41.28 0.0300459 0.0205385
41.4 0.0285219 0.0203136
41.52 0.0269805 0.0200794
41.64 0.0254277 0.0198338
41.76 0.0238697 0.0195747
41.88 0.0223121 0.0193002
42 0.0207605 0.0190084
42.12 0.0192201 0.0186978
42.24 0.017696 0.0183667
42.36 0.0161928 0.0180139
42.48 0.0147149 0.0176383
42.6 0.0132663 0.0172389
42.72 0.0118508 0.016815
42.84 0.0104716 0.016366
42.96 0.00913188 0.0158917
43.08 0.0078342 0.015392
43.2 0.00658091 0.0148671
43.32 0.00537398 0.0143173
43.44 0.00421505 0.0137432
43.56 0.00310542 0.0131456
43.68 0.00204608 0.0125256
43.8 0.0010377 0.0118844
43.92 8.06801e-05 0.0112234
44.04 -0.000824878 0.0105442
44.16 -0.00167912 0.0098485
44.28 -0.00248245 0.00913833
44.4 -0.00323546 0.00841569
44.52 -0.00393898 0.00768278
44.64 -0.004594 0.00694188
44.76 -0.00520167 0.00619537
44.88 -0.00576329 0.00544567
45 -0.00628026 0.00469527
45.12 -0.00675408 0.00394668
45.24 -0.00718633 0.00320243
45.36 -0.00757863 0.00246501
45.48 -0.00793264 0.00173691
45.6 -0.00825005 0.00102053
45.72 -0.00853252 0.000318241
45.84 -0.00878171 -0.000367704
45.96 -0.00899923 -0.00103514
46.08 -0.00918667 -0.00168204
46.2 -0.00934552 -0.00230648
46.32 -0.00947725 -0.00290671
46.44 -0.00958322 -0.00348114
46.56 -0.0096647 -0.00402833
46.68 -0.0097229 -0.00454702
46.8 -0.0097589 -0.00503616
46.92 -0.00977372 -0.00549485
47.04 -0.00976825 -0.00592241
47.16 -0.00974332 -0.00631835
47.28 -0.00969965 -0.00668235
47.4 -0.00963788 -0.00701431
47.52 -0.00955855 -0.0073143
47.64 -0.00946215 -0.00758257
47.76 -0.0093491 -0.00781955
47.88 -0.00921975 -0.00802585
48 -0.0090744 -0.0082022
48.12 -0.00891332 -0.00834951
48.24 -0.00873676 -0.00846881
48.36 -0.00854493 -0.00856125
48.48 -0.00833804 -0.00862809
48.6 -0.00811632 -0.00867067
48.72 -0.00788 -0.00869044
48.84 -0.00762932 -0.00868887
48.96 -0.00736458 -0.00866752
49.08 -0.00708611 -0.00862796
49.2 -0.00679429 -0.00857178
49.32 -0.00648956 -0.00850057
49.44 -0.00617242 -0.00841592
49.56 -0.00584346 -0.0083194
49.68 -0.00550331 -0.00821251
49.8 -0.0051527 -0.00809675
49.92 -0.00479243 -0.00797352
50.04 -0.00442339 -0.00784417
50.16 -0.00404655 -0.00770996
50.28 -0.00366292 -0.00757208
50.4 -0.00327364 -0.00743162
50.52 -0.00287987 -0.00728956
50.64 -0.00248286 -0.00714679
50.76 -0.0020839 -0.0070041
50.88 -0.00168436 -0.00686217
51 -0.00128561 -0.00672157
51.12 -0.000889082 -0.00658277
51.24 -0.000496209 -0.00644615
51.36 -0.000108446 -0.00631197
51.48 0.000272756 -0.00618042
51.6 0.000645956 -0.00605158
51.72 0.00100974 -0.00592546
51.84 0.00136272 -0.005802
51.96 0.00170358 -0.00568107
52.08 0.00203102 -0.00556247
52.2 0.00234383 -0.00544597
52.32 0.0026409 -0.00533127
52.44 0.00292118 -0.00521807
52.56 0.00318372 -0.00510602
52.68 0.00342769 -0.00499477
52.8 0.00365236 -0.00488395
52.92 0.00385713 -0.00477321
53.04 0.00404151 -0.00466219
53.16 0.00420516 -0.00455057
53.28 0.00434786 -0.00443802
53.4 0.00446951 -0.00432427
53.52 0.00457018 -0.00420907
53.64 0.00465004 -0.00409222
53.76 0.0047094 -0.00397355
53.88 0.00474871 -0.00385294
54 0.00476853 -0.00373031
54.12 0.00476955 -0.00360565
54.24 0.00475255 -0.00347898
54.36 0.00471845 -0.00335038
54.48 0.00466822 -0.00321996
54.6 0.00460297 -0.0030879
54.72 0.00452384 -0.00295439
54.84 0.00443205 -0.00281968
54.96 0.0043289 -0.00268406
55.08 0.00421568 -0.00254782
55.2 0.00409377 -0.00241131
55.32 0.00396453 -0.00227486
55.44 0.00382934 -0.00213885
55.56 0.00368957 -0.00200365
55.68 0.00354659 -0.00186963
55.8 0.00340171 -0.00173715
55.92 0.00325624 -0.00160657
56.04 0.00311141 -0.00147824
56.16 0.0029684 -0.00135248
56.28 0.00282833 -0.00122957
56.4 0.00269224 -0.0011098
56.52 0.00256107 -0.00099338
56.64 0.0024357 -0.000880514
56.76 0.00231687 -0.000771353
56.88 0.00220526 -0.000666008
57 0.00210141 -0.000564547
57.12 0.00200579 -0.000466993
57.24 0.00191873 -0.000373325
57.36 0.00184045 -0.000283479
57.48 0.00177108 -0.000197346
57.6 0.00171063 -0.000114778
57.72 0.00165901 -3.55894e-05
57.84 0.001616 4.04407e-05
57.96 0.00158132 0.000113565
58.08 0.00155458 0.000184062
58.2 0.00153528 0.000252234
58.32 0.00152288 0.0003184
58.44 0.00151672 0.000382893
58.56 0.0015161 0.000446052
58.68 0.00152025 0.000508218
58.8 0.00152835 0.000569731
58.92 0.00153952 0.000630919
59.04 0.00155286 0.000692098
59.16 0.00156744 0.000753566
59.28 0.00158229 0.000815597
59.4 0.00159646 0.000878437
59.52 0.00160896 0.000942301
59.64 0.00161884 0.00100737
59.76 0.00162511 0.00107379
59.88 0.00162686 0.00114167
60 0.00162315 0.00121106
60.12 0.0016131 0.00128199
60.24 0.00159586 0.00135445
60.36 0.00157061 0.00142837
60.48 0.0015366 0.00150366
60.6 0.00149311 0.00158017
60.72 0.00143947 0.00165773
60.84 0.00137508 0.00173615
60.96 0.0012994 0.00181518
61.08 0.00121195 0.00189457
61.2 0.00111229 0.00197405
61.32 0.00100007 0.00205332
61.44 0.000875006 0.00213209
61.56 0.000736853 0.00221005
61.68 0.000585451 0.00228691
61.8 0.000420693 0.00236236
61.92 0.00024254 0.00243615
62.04 5.10106e-05 0.002508
62.16 -0.000153816 0.0025777
62.28 -0.000371802 0.00264504
62.4 -0.000602754 0.00270986
62.52 -0.000846423 0.00277204
62.64 -0.00110251 0.0028315
62.76 -0.00137066 0.00288822
62.88 -0.00165047 0.00294222
63 -0.0019415 0.00299358
63.12 -0.00224325 0.00304243
63.24 -0.00255519 0.00308896
63.36 -0.00287674 0.00313342
63.48 -0.00320728 0.0031761
63.6 -0.00354615 0.00321738
63.72 -0.00389266 0.00325764
63.84 -0.00424608 0.00329735
63.96 -0.00460564 0.00333702
64.08 -0.00497055 0.00337717
64.2 -0.00533999 0.00341838
64.32 -0.00571308 0.00346126
64.44 -0.00608894 0.00350644
64.56 -0.00646665 0.00355455
64.68 -0.00684527 0.00360626
64.8 -0.00722382 0.00366221
64.92 -0.00760132 0.00372304
65.04 -0.00797674 0.0037894
65.16 -0.00834905 0.00386189
65.28 -0.00871719 0.00394109
65.4 -0.0090801 0.00402754
65.52 -0.00943667 0.00412174
65.64 -0.00978583 0.00422413
65.76 -0.0101265 0.00433509
65.88 -0.0104575 0.00445495
66 -0.0107777 0.00458395
66.12 -0.0110861 0.00472227
66.24 -0.0113815 0.00486999
66.36 -0.011663 0.00502714
66.48 -0.0119293 0.00519362
66.6 -0.0121794 0.00536929
66.72 -0.0124124 0.00555387
66.84 -0.0126272 0.00574704
66.96 -0.0128228 0.00594835
67.08 -0.0129985 0.00615731
67.2 -0.0131533 0.00637329
67.32 -0.0132863 0.00659563
67.44 -0.013397 0.00682357
67.56 -0.0134846 0.00705628
67.68 -0.0135484 0.00729287
67.8 -0.0135881 0.00753239
67.92 -0.0136031 0.00777383
68.04 -0.0135931 0.00801616
68.16 -0.0135579 0.00825828
68.28 -0.0134973 0.00849908
68.4 -0.0134113 0.00873743
68.52 -0.0132999 0.00897219
68.64 -0.0131633 0.0092022
68.76 -0.0130017 0.00942633
68.88 -0.0128157 0.00964344
69 -0.0126056 0.00985242
69.12 -0.0123721 0.0100522
69.24 -0.012116 0.0102417
69.36 -0.0118381 0.01042
69.48 -0.0115394 0.0105861
69.6 -0.0112209 0.0107391
69.72 -0.0108839 0.0108782
69.84 -0.0105296 0.0110027
69.96 -0.0101596 0.0111117
70.08 -0.00977511 0.0112048
70.2 -0.0093779 0.0112813
70.32 -0.00896958 0.0113408
70.44 -0.0085519 0.0113829
70.56 -0.00812667 0.0114073
70.68 -0.00769577 0.0114138
70.8 -0.00726113 0.0114022
70.92 -0.00682472 0.0113724
71.04 -0.00638854 0.0113244
71.16 -0.00595464 0.0112584
71.28 -0.00552506 0.0111744
71.4 -0.00510187 0.0110726
71.52 -0.00468712 0.0109533
71.64 -0.00428286 0.0108169
71.76 -0.00389111 0.0106637
71.88 -0.00351387 0.0104942
72 -0.00315308 0.0103087
72.12 -0.00281065 0.0101079
72.24 -0.00248842 0.00989237
72.36 -0.00218815 0.00966258
72.48 -0.00191156 0.00941921
72.6 -0.00166024 0.00916291
72.72 -0.00143572 0.00889436
72.84 -0.00123941 0.00861425
72.96 -0.00107262 0.0083233
73.08 -0.000936546 0.00802226
73.2 -0.000832262 0.00771186
73.32 -0.000760713 0.00739289
73.44 -0.000722717 0.00706612
73.56 -0.000718951 0.00673235
73.68 -0.000749954 0.00639239
73.8 -0.000816115 0.00604707
73.92 -0.00091768 0.00569721
74.04 -0.00105474 0.00534367
74.16 -0.00122722 0.00498731
74.28 -0.00143492 0.00462901
74.4 -0.00167744 0.00426966
74.52 -0.00195424 0.00391017
74.64 -0.00226461 0.00355146
74.76 -0.0026077 0.00319446
74.88 -0.00298245 0.00284014
75 -0.00338768 0.00248944
75.12 -0.00382201 0.00214335
75.24 -0.00428393 0.00180285
75.36 -0.00477172 0.00146893
75.48 -0.00528355 0.0011426
75.6 -0.00581738 0.000824843
75.72 -0.00637104 0.000516666
75.84 -0.00694219 0.000219056
75.96 -0.00752833 -6.70114e-05
76.08 -0.00812682 -0.000340577
76.2 -0.00873485 -0.000600707
76.32 -0.00934949 -0.0008465
76.44 -0.00996765 -0.00107709
76.56 -0.0105861 -0.00129166
76.68 -0.0112015 -0.00148945
76.8 -0.0118104 -0.00166976
76.92 -0.0124092 -0.00183195
77.04 -0.0129941 -0.00197547
77.16 -0.0135614 -0.00209986
77.28 -0.0141073 -0.00220474
77.4 -0.0146277 -0.00228983
77.52 -0.0151185 -0.00235498
77.64 -0.0155758 -0.00240014
77.76 -0.0159955 -0.00242536
77.88 -0.0163732 -0.00243084
78 -0.016705 -0.0024169
78.12 -0.0169867 -0.00238397
78.24 -0.0172141 -0.00233263
78.36 -0.0173832 -0.00226358
78.48 -0.01749 -0.00217763
78.6 -0.0175305 -0.00207574
78.72 -0.0175011 -0.00195895
78.84 -0.017398 -0.00182844
78.96 -0.0172178 -0.00168547
79.08 -0.0169571 -0.00153138
79.2 -0.0166128 -0.00136761
79.32 -0.016182 -0.00119564
79.44 -0.0156622 -0.00101701
79.56 -0.015051 -0.000833261
79.68 -0.0143464 -0.000645976
79.8 -0.0135467 -0.000456708
79.92 -0.0126506 -0.000266986
80.04 -0.0116572 -7.82833e-05
80.16 -0.0105658 0.000108003
80.28 -0.00937653 0.000290572
80.4 -0.0080896 0.000468246
80.52 -0.00670587 0.000639991
80.64 -0.00522663 0.000804939
80.76 -0.0036537 0.000962413
80.88 -0.00198938 0.00111195
81 -0.000236533 0.0012533
81.12 0.00160148 0.00138649
81.24 0.00352075 0.00151179
81.36 0.00551683 0.00162976
81.48 0.00758473 0.00174126
81.6 0.00971894 0.00184743
81.72 0.0119134 0.00194975
81.84 0.0141616 0.00205001
81.96 0.0164565 0.00215029
82.08 0.0187905 0.00225301
82.2 0.0211557 0.0023609
82.32 0.0235436 0.00247696
82.44 0.0259456 0.00260452
82.56 0.0283524 0.00274713
82.68 0.0307545 0.00290864
82.8 0.0331421 0.00309307
82.92 0.0355054 0.00330469
83.04 0.0378341 0.0035479
83.16 0.0401179 0.00382725
83.28 0.0423463 0.00414736
83.4 0.044509 0.00451292
83.52 0.0465956 0.00492865
83.64 0.0485958 0.00539919
83.76 0.0504995 0.00592912
83.88 0.0522966 0.0065229
84 0.0539777 0.00718479
84.12 0.0555334 0.00791883
84.24 0.0569549 0.00872876
84.36 0.0582337 0.009618
84.48 0.059362 0.0105896
84.6 0.0603326 0.0116461
84.72 0.0611389 0.0127897
84.84 0.0617751 0.014022
84.96 0.062236 0.015344
85.08 0.0625173 0.0167562
85.2 0.0626157 0.0182582
85.32 0.0625287 0.0198494
85.44 0.0622548 0.021528
85.56 0.0617934 0.0232919
85.68 0.061145 0.0251379
85.8 0.0603111 0.0270624
85.92 0.0592942 0.0290609
86.04 0.058098 0.0311281
86.16 0.0567272 0.0332581
86.28 0.0551874 0.0354441
86.4 0.0534856 0.0376788
86.52 0.0516295 0.0399541
86.64 0.0496281 0.0422614
86.76 0.047491 0.0445913
86.88 0.0452291 0.0469341
87 0.0428541 0.0492793
87.12 0.0403785 0.0516163
87.24 0.0378156 0.053934
87.36 0.0351794 0.0562208
87.48 0.0324847 0.0584651
87.6 0.0297466 0.060655
87.72 0.0269811 0.0627787
87.84 0.0242042 0.0648242
87.96 0.0214326 0.0667797
88.08 0.018683 0.0686336
88.2 0.0159723 0.0703744
88.32 0.0133175 0.071991
88.44 0.0107355 0.0734728
88.56 0.00824301 0.0748096
88.68 0.00585666 0.0759919
88.8 0.00359254 0.0770107
88.92 0.00146639 0.0778579
89.04 -0.000506648 0.078526
89.16 -0.00231203 0.0790086
89.28 -0.00393598 0.0793
89.4 -0.00536552 0.0793956
89.52 -0.00658859 0.0792918
89.64 -0.00759409 0.0789859
89.76 -0.00837201 0.0784765
89.88 -0.00891344 0.0777632
90 -0.00921064 0.0768467
90.12 -0.00925712 0.0757289
90.24 -0.00904767 0.0744126
90.36 -0.00857837 0.072902
90.48 -0.00784668 0.0712022
90.6 -0.00685137 0.0693193
90.72 -0.00559262 0.0672607
90.84 -0.00407197 0.0650346
90.96 -0.00229232 0.06265
91.08 -0.000257909 0.0601169
91.2 0.0020257 0.0574462
91.32 0.00455165 0.0546493
91.44 0.00731185 0.0517385
91.56 0.010297 0.0487265
91.68 0.0134968 0.0456265
91.8 0.0168997 0.0424523
91.92 0.0204933 0.0392176
92.04 0.0242642 0.0359367
92.16 0.0281983 0.0326239
92.28 0.0322808 0.0292934
92.4 0.0364961 0.0259596
92.52 0.0408283 0.0226365
92.64 0.0452609 0.0193378
92.76 0.0497773 0.0160772
92.88 0.0543606 0.0128676
93 0.0589937 0.00972172
93.12 0.0636599 0.00665144
93.24 0.0683422 0.00366815
93.36 0.0730243 0.000782506
93.48 0.0776899 -0.00199561
93.6 0.0823232 -0.00465713
93.72 0.0869093 -0.0071938
93.84 0.0914336 -0.00959829
93.96 0.0958824 -0.0118642
94.08 0.100243 -0.0139859
94.2 0.104503 -0.0159589
94.32 0.108651 -0.0177796
94.44 0.112678 -0.0194452
94.56 0.116575 -0.020954
94.68 0.120333 -0.0223051
94.8 0.123946 -0.0234983
94.92 0.127409 -0.0245347
95.04 0.130718 -0.0254156
95.16 0.133868 -0.0261436
95.28 0.136858 -0.0267216
95.4 0.139688 -0.0271533
95.52 0.142357 -0.027443
95.64 0.144868 -0.0275954
95.76 0.147221 -0.0276158
95.88 0.149422 -0.0275099
96 0.151473 -0.0272834
96.12 0.153381 -0.0269426
96.24 0.155151 -0.0264939
96.36 0.15679 -0.0259438
96.48 0.158304 -0.0252987
96.6 0.159703 -0.0245653
96.72 0.160993 -0.0237499
96.84 0.162184 -0.022859
96.96 0.163283 -0.0218988
97.08 0.1643 -0.0208751
97.2 0.165243 -0.0197938
97.32 0.166121 -0.0186603
97.44 0.166942 -0.0174796
97.56 0.167714 -0.0162567
97.68 0.168445 -0.014996
97.8 0.169142 -0.0137014
97.92 0.169811 -0.0123769
98.04 0.170459 -0.0110257
98.16 0.171089 -0.00965083
98.28 0.171707 -0.00825499
98.4 0.172317 -0.00684053
98.52 0.172919 -0.0054095
98.64 0.173517 -0.00396369
98.76 0.174111 -0.00250465
98.88 0.1747 -0.00103372
99 0.175283 0.000447899
99.12 0.175857 0.00193916
99.24 0.17642 0.00343907
99.36 0.176967 0.0049467
99.48 0.177493 0.0064611
99.6 0.177991 0.00798126
99.72 0.178456 0.00950612
99.84 0.17888 0.0110345
99.96 0.179253 0.0125649
100.08 0.179569 0.0140958
100.2 0.179817 0.0156254
100.32 0.179987 0.0171517
100.44 0.18007 0.0186722
100.56 0.180056 0.0201842
100.68 0.179934 0.0216848
100.8 0.179695 0.0231707
100.92 0.179328 0.0246382
101.04 0.178823 0.0260833
101.16 0.178173 0.0275017
101.28 0.177367 0.0288888
101.4 0.176398 0.0302397
101.52 0.175257 0.0315493
101.64 0.17394 0.032812
101.76 0.17244 0.0340224
101.88 0.170751 0.0351746
102 0.168872 0.0362628
102.12 0.1668 0.0372809
102.24 0.164532 0.0382231
102.36 0.16207 0.0390833
102.48 0.159416 0.0398556
102.6 0.15657 0.0405344
102.72 0.153539 0.041114
102.84 0.150328 0.0415892
102.96 0.146943 0.0419549
103.08 0.143392 0.0422065
103.2 0.139686 0.0423397
103.32 0.135835 0.0423508
103.44 0.13185 0.0422363
103.56 0.127746 0.0419937
103.68 0.123536 0.0416206
103.8 0.119235 0.0411155
103.92 0.11486 0.0404775
104.04 0.110426 0.0397062
104.16 0.105951 0.0388019
104.28 0.101454 0.0377658
104.4 0.096951 0.0365995
104.52 0.0924615 0.0353054
104.64 0.0880036 0.0338866
104.76 0.0835954 0.0323466
104.88 0.0792549 0.0306898
105 0.0749997 0.0289209
105.12 0.070847 0.0270455
105.24 0.066813 0.0250694
105.36 0.0629133 0.0229989
105.48 0.0591625 0.0208408
105.6 0.0555742 0.0186022
105.72 0.0521606 0.0162904
105.84 0.0489328 0.013913
105.96 0.0459003 0.0114777
106.08 0.0430711 0.00899238
106.2 0.0404519 0.00646487
106.32 0.0380474 0.00390296
106.44 0.0358609 0.00131433
106.56 0.0338937 -0.00129351
106.68 0.0321455 -0.00391328
106.8 0.0306144 -0.00653801
106.92 0.0292964 -0.00916107
107.04 0.0281861 -0.0117762
107.16 0.0272763 -0.0143777
107.28 0.0265581 -0.0169603
107.4 0.0260213 -0.0195191
107.52 0.025654 -0.0220498
107.64 0.0254431 -0.024549
107.76 0.0253742 -0.0270134
107.88 0.0254318 -0.0294405
108 0.0255993 -0.0318283
108.12 0.0258596 -0.0341756
108.24 0.0261945 -0.0364815
108.36 0.0265856 -0.0387457
108.48 0.0270141 -0.0409683
108.6 0.027461 -0.0431501
108.72 0.0279073 -0.045292
108.84 0.0283342 -0.0473956
108.96 0.0287233 -0.0494625
109.08 0.0290567 -0.0514946
109.2 0.0293174 -0.0534942
109.32 0.0294891 -0.0554635
109.44 0.0295566 -0.0574047
109.56 0.029506 -0.0593202
109.68 0.0293247 -0.061212
109.8 0.0290017 -0.0630823
109.92 0.0285274 -0.0649327
110.04 0.0278943 -0.0667647
110.16 0.0270963 -0.0685794
110.28 0.0261295 -0.0703773
110.4 0.024992 -0.0721586
110.52 0.0236838 -0.073923
110.64 0.0222071 -0.0756693
110.76 0.0205659 -0.077396
110.88 0.0187665 -0.0791008
111 0.0168173 -0.0807806
111.12 0.0147285 -0.0824319
111.24 0.0125123 -0.0840503
111.36 0.0101829 -0.0856305
111.48 0.00775616 -0.087167
111.6 0.00524953 -0.0886532
111.72 0.0026821 -0.090082
111.84 7.43293e-05 -0.0914459
111.96 -0.00255211 -0.0927364
112.08 -0.00517446 -0.0939449
112.2 -0.00776909 -0.0950623
112.32 -0.0103116 -0.0960789
112.44 -0.0127773 -0.0969851
112.56 -0.0151409 -0.0977707
112.68 -0.0173772 -0.0984257
112.8 -0.019461 -0.0989399
112.92 -0.0213676 -0.0993034
113.04 -0.0230727 -0.0995062
113.16 -0.0245527 -0.0995387
113.28 -0.0257852 -0.0993919
113.4 -0.0267486 -0.099057
113.52 -0.0274229 -0.098526
113.64 -0.0277896 -0.0977914
113.76 -0.0278317 -0.0968468
113.88 -0.0275342 -0.0956863
114 -0.0268842 -0.0943052
114.12 -0.0258707 -0.0926998
114.24 -0.0244852 -0.0908676
114.36 -0.0227213 -0.0888071
114.48 -0.0205751 -0.0865181
114.6 -0.0180453 -0.0840018
114.72 -0.015133 -0.0812604
114.84 -0.0118419 -0.0782978
114.96 -0.00817831 -0.0751191
115.08 -0.00415102 -0.0717305
115.2 0.00022866 -0.0681399
115.32 0.00494698 -0.0643563
115.44 0.00998777 -0.0603901
115.56 0.0153326 -0.0562527
115.68 0.0209609 -0.0519568
115.8 0.02685 -0.0475164
115.92 0.0329753 -0.0429461
116.04 0.0393104 -0.0382618
116.16 0.0458275 -0.03348
116.28 0.0524973 -0.0286181
116.4 0.0592892 -0.0236941
116.52 0.0661717 -0.0187263
116.64 0.0731125 -0.0137337
116.76 0.0800786 -0.00873527
116.88 0.0870367 -0.00375025
117 0.0939535 0.00120215
117.12 0.100796 0.00610287
117.24 0.10753 0.0109331
117.36 0.114124 0.0156745
117.48 0.120545 0.0203092
117.6 0.126764 0.0248201
117.72 0.132749 0.0291905
117.84 0.138474 0.0334052
117.96 0.143909 0.0374494
118.08 0.149031 0.0413097
118.2 0.153816 0.0449738
118.32 0.158242 0.0484306
118.44 0.16229 0.0516705
118.56 0.165941 0.054685
118.68 0.169182 0.0574672
118.8 0.172 0.0600117
118.92 0.174383 0.0623143
119.04 0.176325 0.0643727
119.16 0.17782 0.0661856
119.28 0.178864 0.0677534
119.4 0.179458 0.0690781
119.52 0.179603 0.0701629
119.64 0.179303 0.0710122
119.76 0.178565 0.071632
119.88 0.177397 0.0720293
120 0.175811 0.0722123
