-0.999 -5.34413e-05 -2.48533e-05
-0.998 -0.000212454 -9.89837e-05
-0.997 -0.000469638 -0.000222805
-0.996 -0.00082486 -0.000391813
-0.995 -0.00128967 -0.000589801
-0.994 -0.00187236 -0.000789689
-0.993 -0.00255309 -0.000963193
-0.992 -0.00326635 -0.001093
-0.991 -0.00390269 -0.00118047
-0.99 -0.00432924 -0.00124685
-0.989 -0.0044185 -0.00132816
-0.988 -0.00407628 -0.00146347
-0.987 -0.00326746 -0.00168184
-0.986 -0.00204657 -0.00200191
-0.985 -0.000597625 -0.00245519
-0.984 0.000729283 -0.00312262
-0.983 0.00141623 -0.00415311
-0.982 0.000845781 -0.00573887
-0.981 -0.00154695 -0.00805353
-0.98 -0.00606503 -0.0111813
-0.979 -0.0125494 -0.0150602
-0.978 -0.0202787 -0.0194507
-0.977 -0.0280595 -0.0239476
-0.976 -0.0345508 -0.0280524
-0.975 -0.0387495 -0.0313028
-0.974 -0.0404376 -0.0334053
-0.973 -0.0403468 -0.0342926
-0.972 -0.0398891 -0.0340739
-0.971 -0.0405054 -0.0329155
-0.97 -0.0428689 -0.0309229
-0.969 -0.0462715 -0.0280703
-0.968 -0.0485058 -0.0241999
-0.967 -0.0464459 -0.019112
-0.966 -0.0372805 -0.0127477
-0.965 -0.0199991 -0.00541156
-0.964 0.00351801 0.00208618
-0.963 0.0284306 0.00849033
-0.962 0.0481361 0.0123829
-0.961 0.0564205 0.0125736
-0.96 0.0497995 0.00845599
-0.959 0.0291489 0.000231829
-0.958 -0.000117511 -0.0110663
-0.957 -0.0296307 -0.0238056
-0.956 -0.0510288 -0.0362216
-0.955 -0.0592546 -0.046983
-0.954 -0.0548485 -0.0556007
-0.953 -0.0441474 -0.0624661
-0.952 -0.0370739 -0.0685155
-0.951 -0.0432127 -0.07472
-0.95 -0.067637 -0.0816047
-0.949 -0.108165 -0.0889242
-0.948 -0.155347 -0.0956181
-0.947 -0.195503 -0.10015
-0.946 -0.215816 -0.101203
-0.945 -0.209537 -0.0984735
-0.944 -0.179214 -0.0931259
-0.943 -0.136517 -0.0876064
-0.942 -0.0984522 -0.0848839
-0.941 -0.0811832 -0.0874817
-0.94 -0.09365 -0.0966109
-0.939 -0.133487 -0.111596
-0.938 -0.1871 -0.129775
-0.937 -0.234211 -0.147044
-0.936 -0.255229 -0.15903
-0.935 -0.23856 -0.162501
-0.934 -0.185024 -0.156374
-0.933 -0.107719 -0.141852
-0.932 -0.0274198 -0.121773
-0.931 0.0347978 -0.0996109
-0.93 0.0650641 -0.0784708
-0.929 0.0615865 -0.0602629
-0.928 0.0348478 -0.045265
-0.927 0.00283219 -0.0323534
-0.926 -0.0168451 -0.0199968
-0.925 -0.0145579 -0.00763422
-0.924 0.00720373 0.00332874
-0.923 0.0347987 0.00948127
-0.922 0.0488154 0.00628474
-0.921 0.0315363 -0.0105946
-0.92 -0.0262328 -0.0438971
-0.919 -0.121187 -0.0935608
-0.918 -0.237762 -0.156001
-0.917 -0.352743 -0.224341
-0.916 -0.442727 -0.289827
-0.915 -0.491427 -0.344064
-0.914 -0.493727 -0.381109
-0.913 -0.455121 -0.398614
-0.912 -0.387658 -0.397766
-0.911 -0.304922 -0.38233
-0.91 -0.21823 -0.357183
-0.909 -0.134817 -0.326662
-0.908 -0.0578797 -0.293181
-0.907 0.0118179 -0.256764
-0.906 0.0734406 -0.215863
-0.905 0.124158 -0.169142
-0.904 0.159296 -0.117291
-0.903 0.174624 -0.0639623
-0.902 0.169011 -0.01546
-0.901 0.145185 0.0206076
-0.9 0.107821 0.0373111
-0.899 0.0604021 0.0305828
-0.898 0.00304255 0.000915112
-0.897 -0.0674284 -0.0462709
-0.896 -0.154927 -0.101969
-0.895 -0.259704 -0.156154
-0.894 -0.373647 -0.200503
-0.893 -0.477899 -0.23031
-0.892 -0.545343 -0.245158
-0.891 -0.548539 -0.2484
-0.89 -0.470653 -0.245577
-0.889 -0.314868 -0.242162
-0.888 -0.108078 -0.241522
-0.887 0.103463 -0.244176
-0.886 0.266492 -0.248652
-0.885 0.33799 -0.253199
-0.884 0.301226 -0.257264
-0.883 0.17325 -0.262202
-0.882 -0.000660336 -0.271283
-0.881 -0.164139 -0.289062
-0.88 -0.271496 -0.319903
-0.879 -0.305638 -0.3658
-0.878 -0.285819 -0.424648
-0.877 -0.262002 -0.490302
-0.876 -0.296049 -0.554481
-0.875 -0.434764 -0.60919
-0.874 -0.685051 -0.648324
-0.873 -1.0033 -0.66828
-0.872 -1.30588 -0.668161
-0.871 -1.49737 -0.649684
-0.87 -1.50487 -0.616212
-0.869 -1.30532 -0.570976
-0.868 -0.93693 -0.515802
-0.867 -0.490614 -0.451648
-0.866 -0.0825668 -0.380527
-0.865 0.184885 -0.306979
-0.864 0.260442 -0.237786
-0.863 0.16312 -0.180329
-0.862 -0.0259736 -0.14079
-0.861 -0.196147 -0.122639
-0.86 -0.250054 -0.125196
-0.859 -0.140605 -0.142823
-0.858 0.110647 -0.166043
-0.857 0.419651 -0.184997
-0.856 0.669127 -0.193666
-0.855 0.751943 -0.192403
-0.854 0.613245 -0.187559
-0.853 0.274319 -0.188877
-0.852 -0.172431 -0.205868
-0.851 -0.595721 -0.243944
-0.85 -0.872275 -0.3014
-0.849 -0.93109 -0.369175
-0.848 -0.779159 -0.434577
-0.847 -0.499364 -0.487585
-0.846 -0.221214 -0.526295
-0.845 -0.0748055 -0.55866
-0.844 -0.144421 -0.600062
-0.843 -0.438438 -0.667951
-0.842 -0.885901 -0.774793
-0.841 -1.36029 -0.920722
-0.84 -1.72218 -1.08893
-0.839 -1.866 -1.24751
-0.838 -1.75419 -1.35851
-0.837 -1.42614 -1.39055
-0.836 -0.979808 -1.329
-0.835 -0.534641 -1.17987
-0.834 -0.1905 -0.967266
-0.833 0.00293849 -0.726137
-0.832 0.0579084 -0.491641
-0.831 0.0393771 -0.287443
-0.83 0.038066 -0.117778
-0.829 0.134221 0.0315814
-0.828 0.365177 0.182706
-0.827 0.70901 0.35058
-0.826 1.08982 0.531538
-0.825 1.40105 0.699905
-0.824 1.53698 0.813116
-0.823 1.42201 0.82319
-0.822 1.03117 0.69218
-0.821 0.398468 0.407683
-0.82 -0.389402 -0.00791885
-0.819 -1.21297 -0.500187
-0.818 -1.9486 -0.997539
-0.817 -2.4975 -1.43227
-0.816 -2.80723 -1.7591
-0.815 -2.88022 -1.96493
-0.814 -2.76862 -2.06773
-0.813 -2.55738 -2.10556
-0.812 -2.33915 -2.11878
-0.811 -2.18621 -2.13138
-0.81 -2.12691 -2.13927
-0.809 -2.13442 -2.11137
-0.808 -2.13393 -2.00297
-0.807 -2.0291 -1.77591
-0.806 -1.74059 -1.41768
-0.805 -1.2427 -0.952558
-0.804 -0.584147 -0.440624
-0.803 0.115418 0.0363186
-0.802 0.69343 0.398335
-0.801 0.990438 0.592066
-0.8 0.902409 0.606434
-0.799 0.423143 0.47344
-0.798 -0.340898 0.254871
-0.797 -1.19467 0.0203641
-0.796 -1.9133 -0.176015
-0.795 -2.31467 -0.313284
-0.794 -2.31879 -0.408785
-0.793 -1.97381 -0.507964
-0.792 -1.44085 -0.661814
-0.791 -0.941405 -0.901801
-0.79 -0.681024 -1.2236
-0.789 -0.773172 -1.58572
-0.788 -1.1921 -1.92187
-0.787 -1.77724 -2.16197
-0.786 -2.29074 -2.25493
-0.785 -2.5055 -2.18609
-0.784 -2.29057 -1.98304
-0.783 -1.66437 -1.70632
-0.782 -0.79859 -1.42807
-0.781 0.031277 -1.20725
-0.78 0.536721 -1.07203
-0.779 0.518914 -1.01512
-0.778 -0.0556378 -1.00211
-0.777 -1.03814 -0.98837
-0.776 -2.14634 -0.938308
-0.775 -3.05903 -0.840337
-0.774 -3.52288 -0.71262
-0.773 -3.43766 -0.597376
-0.772 -2.89222 -0.545708
-0.771 -2.13511 -0.598768
-0.77 -1.48592 -0.77251
-0.769 -1.21872 -1.05143
-0.768 -1.46291 -1.39306
-0.767 -2.15864 -1.74074
-0.766 -3.07856 -2.03933
-0.765 -3.90345 -2.24798
-0.764 -4.32729 -2.34658
-0.763 -4.16164 -2.33538
-0.762 -3.40435 -2.22916
-0.761 -2.24331 -2.04866
-0.76 -0.990737 -1.81243
-0.759 0.0253756 -1.532
-0.758 0.568187 -1.21221
-0.757 0.56068 -0.856165
-0.756 0.100742 -0.471348
-0.755 -0.576074 -0.0736832
-0.754 -1.17741 0.312043
-0.753 -1.45872 0.654453
-0.752 -1.31532 0.918913
-0.751 -0.822789 1.07089
-0.75 -0.209252 1.0793
-0.749 0.223976 0.920083
-0.748 0.1992 0.579745
-0.747 -0.453111 0.0581405
-0.746 -1.73894 -0.629274
-0.745 -3.48712 -1.44955
-0.744 -5.38863 -2.35134
-0.743 -7.08448 -3.26677
-0.742 -8.27186 -4.11799
-0.741 -8.78717 -4.82876
-0.74 -8.63919 -5.33829
-0.739 -7.99121 -5.6124
-0.738 -7.10535 -5.64772
-0.737 -6.26241 -5.46756
-0.736 -5.67278 -5.11108
-0.735 -5.40489 -4.61957
-0.734 -5.36268 -4.02435
-0.733 -5.32525 -3.34032
-0.732 -5.03215 -2.5687
-0.731 -4.28053 -1.70955
-0.73 -3.00418 -0.779952
-0.729 -1.3153 0.171207
-0.728 0.503647 1.05996
-0.727 2.06509 1.77925
-0.726 2.9877 2.22304
-0.725 3.01717 2.31439
-0.724 2.11041 2.02863
-0.723 0.454151 1.40417
-0.722 -1.58457 0.536044
-0.721 -3.56004 -0.448206
-0.72 -5.07574 -1.42325
-0.719 -5.90405 -2.29866
-0.718 -6.05698 -3.03731
-0.717 -5.77567 -3.65349
-0.716 -5.43736 -4.1927
-0.715 -5.41527 -4.7016
-0.714 -5.94251 -5.19852
-0.713 -7.02245 -5.65483
-0.712 -8.41227 -5.99564
-0.711 -9.68998 -6.122
-0.71 -10.3914 -5.94663
-0.709 -10.1748 -5.4291
-0.708 -8.95293 -4.59711
-0.707 -6.9388 -3.5469
-0.706 -4.58868 -2.42254
-0.705 -2.4651 -1.37942
-0.704 -1.0641 -0.54202
-0.703 -0.657464 0.0296149
-0.702 -1.20133 0.350804
-0.701 -2.34841 0.495863
-0.7 -3.56678 0.562486
-0.699 -4.32611 0.631885
-0.698 -4.28385 0.738174
-0.697 -3.40534 0.854971
-0.696 -1.97989 0.902742
-0.695 -0.530137 0.776783
-0.694 0.359409 0.388869
-0.693 0.24262 -0.293163
-0.692 -1.02757 -1.22534
-0.691 -3.23697 -2.29489
-0.69 -5.86977 -3.34982
-0.689 -8.26947 -4.23826
-0.688 -9.84646 -4.84632
-0.687 -10.2647 -5.12596
-0.686 -9.54816 -5.10517
-0.685 -8.07183 -4.8744
-0.684 -6.43478 -4.5513
-0.683 -5.25768 -4.23773
-0.682 -4.97408 -3.98727
-0.681 -5.68521 -3.79458
-0.68 -7.12444 -3.60667
-0.679 -8.74478 -3.34942
-0.678 -9.90512 -2.96124
-0.677 -10.0969 -2.42631
-0.676 -9.13421 -1.79626
-0.675 -7.23756 -1.18878
-0.674 -4.97995 -0.759858
-0.673 -3.11521 -0.659218
-0.672 -2.34357 -0.985748
-0.671 -3.08252 -1.75703
-0.67 -5.3136 -2.8997
-0.669 -8.5631 -4.26165
-0.668 -12.0351 -5.64418
-0.667 -14.8583 -6.84848
-0.666 -16.3587 -7.72339
-0.665 -16.2628 -8.19736
-0.664 -14.7686 -8.28335
-0.663 -12.4705 -8.05734
-0.662 -10.1587 -7.62099
-0.661 -8.54602 -7.06166
-0.66 -8.01095 -6.42126
-0.659 -8.45685 -5.68269
-0.658 -9.3491 -4.78028
-0.657 -9.91731 -3.63496
-0.656 -9.44286 -2.20395
-0.655 -7.52998 -0.524782
-0.654 -4.2793 1.26584
-0.653 -0.309618 2.94726
-0.652 3.39709 4.25991
-0.651 5.79652 4.96689
-0.65 6.12854 4.91592
-0.649 4.17725 4.08513
-0.648 0.348529 2.59663
-0.647 -4.45434 0.68801
-0.646 -9.1057 -1.35299
-0.645 -12.5989 -3.26754
-0.644 -14.3577 -4.88945
-0.643 -14.4141 -6.17249
-0.642 -13.371 -7.17586
-0.641 -12.153 -8.01603
-0.64 -11.6439 -8.80029
-0.639 -12.3536 -9.56274
-0.638 -14.2284 -10.2274
-0.637 -16.6574 -10.6189
-0.636 -18.6671 -10.5214
-0.635 -19.2578 -9.7635
-0.634 -17.7787 -8.29378
-0.633 -14.2023 -6.22042
-0.632 -9.17364 -3.80102
-0.631 -3.81412 -1.38614
-0.63 0.635064 0.669963
-0.629 3.1966 2.10623
-0.628 3.45082 2.82537
-0.627 1.65985 2.90913
-0.626 -1.32165 2.57205
-0.625 -4.34132 2.07386
-0.624 -6.35898 1.62494
-0.623 -6.81122 1.31583
-0.622 -5.78559 1.09139
-0.621 -3.95522 0.777664
-0.62 -2.32351 0.155528
-0.619 -1.87586 -0.943345
-0.618 -3.24105 -2.55656
-0.617 -6.46104 -4.56086
-0.616 -10.9537 -6.70173
-0.615 -15.7002 -8.66715
-0.614 -19.592 -10.1777
-0.613 -21.7998 -11.066
-0.612 -22.025 -11.3229
-0.611 -20.566 -11.0915
-0.61 -18.1976 -10.6086
-0.609 -15.9078 -10.1117
-0.608 -14.5666 -9.75204
-0.607 -14.6271 -9.54742
-0.606 -15.9691 -9.38614
-0.605 -17.946 -9.07428
-0.604 -19.6121 -8.40882
-0.603 -20.04 -7.25749
-0.602 -18.6238 -5.62088
-0.601 -15.2839 -3.65103
-0.6 -10.5158 -1.61511
-0.599 -5.26248 0.181103
-0.598 -0.640292 1.47712
-0.597 2.39108 2.11958
-0.596 3.30105 2.08905
-0.595 2.11949 1.49119
-0.594 -0.598668 0.515931
-0.593 -3.95479 -0.62514
-0.592 -6.98504 -1.76195
-0.591 -8.96019 -2.80385
-0.59 -9.60872 -3.74005
-0.589 -9.17985 -4.61085
-0.588 -8.32468 -5.46734
-0.587 -7.8462 -6.33378
-0.586 -8.40757 -7.1803
-0.585 -10.2857 -7.91347
-0.584 -13.237 -8.39193
-0.583 -16.5223 -8.4647
-0.582 -19.1065 -8.01703
-0.581 -19.9863 -7.00655
-0.58 -18.5348 -5.48307
-0.579 -14.7386 -3.59332
-0.578 -9.24776 -1.56992
-0.577 -3.22661 0.300373
-0.576 1.9495 1.72821
-0.575 5.07459 2.47977
-0.574 5.46485 2.42304
-0.573 3.17013 1.55205
-0.572 -1.04187 -0.0118323
-0.571 -5.93683 -2.04202
-0.57 -10.2151 -4.25464
-0.569 -12.9249 -6.37598
-0.568 -13.7528 -8.20778
-0.567 -13.1003 -9.66308
-0.566 -11.9167 -10.7588
-0.565 -11.3367 -11.5718
-0.564 -12.2352 -12.1771
-0.563 -14.8567 -12.5878
-0.562 -18.658 -12.7164
-0.561 -22.4346 -12.3776
-0.56 -24.6968 -11.3437
-0.559 -24.1743 -9.43937
-0.558 -20.2836 -6.64196
-0.557 -13.3941 -3.14435
-0.556 -4.79354 0.646798
-0.555 3.65099 4.18128
-0.554 10.035 6.88883
-0.553 12.9891 8.32439
-0.552 12.0921 8.29083
-0.551 7.98494 6.89372
-0.55 2.14594 4.50353
-0.549 -3.60489 1.63602
-0.548 -7.70668 -1.2067
-0.547 -9.36411 -3.68112
-0.546 -8.78975 -5.68741
-0.545 -7.09782 -7.36642
-0.544 -5.88041 -9.00553
-0.543 -6.60923 -10.883
-0.542 -10.0686 -13.1097
-0.541 -16.0153 -15.5342
-0.54 -23.188 -17.7523
-0.539 -29.6682 -19.2201
-0.538 -33.4837 -19.4333
-0.537 -33.2635 -18.1132
-0.536 -28.733 -15.3361
-0.535 -20.8697 -11.5559
-0.534 -11.6457 -7.49888
-0.533 -3.43013 -3.95702
-0.532 1.75052 -1.55045
-0.531 2.85265 -0.542498
-0.53 0.146957 -0.7715
-0.529 -4.86275 -1.72156
-0.528 -9.91751 -2.70826
-0.527 -12.7477 -3.11898
-0.526 -11.8529 -2.62795
-0.525 -7.04317 -1.30916
-0.524 0.464955 0.396481
-0.523 8.43813 1.84848
-0.522 14.3675 2.44635
-0.521 16.3092 1.85554
-0.52 13.5515 0.139626
-0.519 6.89468 -2.24937
-0.518 -1.56508 -4.62232
-0.517 -9.11808 -6.29631
-0.516 -13.3787 -6.84415
-0.515 -13.1431 -6.25706
-0.514 -8.84574 -4.95933
-0.513 -2.443 -3.66975
-0.512 3.23393 -3.15709
-0.511 5.44223 -3.9695
-0.51 2.50005 -6.22824
-0.509 -5.54798 -9.55947
-0.508 -16.8246 -13.1942
-0.507 -28.1597 -16.2072
-0.506 -36.1149 -17.8124
-0.505 -38.1329 -17.6092
-0.504 -33.4014 -15.6966
-0.503 -23.1392 -12.6232
-0.502 -10.2142 -9.19576
-0.501 1.78409 -6.2091
-0.5 9.73079 -4.18802
-0.499 12.0156 -3.22985
-0.498 9.07113 -3.00561
-0.497 3.16529 -2.92047
-0.496 -2.46799 -2.37188
-0.495 -4.83309 -1.00548
-0.494 -2.28064 1.12578
-0.493 4.85601 3.55333
-0.492 14.3104 5.53602
-0.491 22.6231 6.30654
-0.49 26.3505 5.34038
-0.489 23.3242 2.55625
-0.488 13.491 -1.62492
-0.487 -0.987319 -6.38914
-0.486 -16.4015 -10.7705
-0.485 -28.6787 -13.9377
-0.484 -34.6787 -15.4265
-0.483 -33.1858 -15.244
-0.482 -25.2762 -13.8213
-0.481 -13.921 -11.8408
-0.48 -2.94214 -10.0004
-0.479 4.30571 -8.79174
-0.478 6.04123 -8.36534
-0.477 2.55773 -8.52696
-0.476 -4.01436 -8.86033
-0.475 -10.5517 -8.92172
-0.474 -14.0812 -8.42797
-0.473 -12.8458 -7.37019
-0.472 -6.93916 -6.02168
-0.471 1.71969 -4.84681
-0.47 10.0693 -4.34495
-0.469 14.9877 -4.88024
-0.468 14.3675 -6.55302
-0.467 7.8091 -9.15539
-0.466 -3.26124 -12.2223
-0.465 -16.0421 -15.1537
-0.464 -27.2111 -17.3637
-0.463 -33.9209 -18.4119
-0.462 -34.6244 -18.0907
-0.461 -29.4664 -16.454
-0.46 -20.1327 -13.7858
-0.459 -9.2481 -10.522
-0.458 0.442369 -7.15166
-0.457 6.84592 -4.123
-0.456 9.04737 -1.76816
-0.455 7.47531 -0.251106
-0.454 3.68123 0.454861
-0.453 -0.200369 0.546747
-0.452 -2.14259 0.322461
-0.451 -0.855374 0.0784852
-0.45 3.82079 0.00679953
-0.449 10.8475 0.120956
-0.448 18.2543 0.231536
-0.447 23.6755 -0.0141852
-0.446 25.0383 -1.02082
-0.445 21.2251 -3.07801
-0.444 12.5053 -6.19318
-0.443 0.57876 -10.0017
-0.442 -11.8056 -13.81
-0.441 -21.5758 -16.7702
-0.44 -26.2267 -18.1325
-0.439 -24.6257 -17.4983
-0.438 -17.4674 -14.993
-0.437 -7.18325 -11.2921
-0.436 2.73008 -7.46094
-0.435 8.79221 -4.63354
-0.434 8.69393 -3.62849
-0.433 2.14209 -4.65141
-0.432 -8.90405 -7.20595
-0.431 -20.7371 -10.2535
-0.43 -29.0541 -12.5687
-0.429 -30.4154 -13.1714
-0.428 -23.5095 -11.6922
-0.427 -9.74799 -8.5365
-0.426 7.06616 -4.77069
-0.425 21.924 -1.74792
-0.424 30.2741 -0.60006
-0.423 29.6133 -1.79021
-0.422 20.4572 -4.90241
-0.421 6.3004 -8.7547
-0.42 -7.50609 -11.8027
-0.419 -15.619 -12.6972
-0.418 -14.6536 -10.8009
-0.417 -4.50408 -6.47299
-0.416 11.4643 -1.00494
-0.415 27.4477 3.78699
-0.414 37.1385 6.17495
-0.413 35.9329 5.12016
-0.412 22.6549 0.645955
-0.411 0.146431 -6.15245
-0.41 -25.5574 -13.4726
-0.409 -47.2177 -19.4214
-0.408 -58.8387 -22.6641
-0.407 -57.7 -22.8661
-0.406 -45.2653 -20.766
-0.405 -26.6552 -17.86
-0.404 -8.85645 -15.8206
-0.403 1.73591 -15.8639
-0.402 1.59231 -18.2872
-0.401 -8.6904 -22.3363
-0.4 -24.6179 -26.4602
-0.399 -39.4281 -28.8688
-0.398 -46.5195 -28.1906
-0.397 -41.8162 -23.9806
-0.396 -25.2576 -16.8914
-0.395 -0.905866 -8.4594
-0.394 24.3737 -0.603639
-0.393 43.2146 4.98248
-0.392 50.2309 7.34664
-0.391 43.7962 6.53931
-0.39 26.515 3.53483
-0.389 4.2715 -0.161155
-0.388 -15.7745 -3.06946
-0.387 -27.5588 -4.24571
-0.386 -28.0688 -3.55763
-0.385 -18.2393 -1.65787
-0.384 -2.49723 0.302045
-0.383 12.8647 1.09738
-0.382 21.8822 -0.144295
-0.381 20.9091 -3.64421
-0.38 9.76126 -8.89211
-0.379 -8.29279 -14.8101
-0.378 -27.6421 -20.0957
-0.377 -42.1801 -23.6129
-0.376 -47.2958 -24.7002
-0.375 -41.3551 -23.3152
-0.374 -26.1798 -20.003
-0.373 -6.39635 -15.7176
-0.372 12.0742 -11.5485
-0.371 23.8536 -8.42283
-0.37 25.7158 -6.86422
-0.369 17.5246 -6.87786
-0.368 2.24053 -7.98537
-0.367 -15.0248 -9.38815
-0.366 -28.6364 -10.2146
-0.365 -34.2306 -9.79551
-0.364 -30.0919 -7.89778
-0.363 -17.6789 -4.84377
-0.362 -1.16977 -1.46121
-0.361 13.8121 1.13757
-0.36 21.9246 1.88665
-0.359 19.8061 0.111682
-0.358 7.23476 -4.20829
-0.357 -12.6552 -10.349
-0.356 -34.2358 -16.9791
-0.355 -51.0981 -22.5218
-0.354 -58.0815 -25.6393
-0.353 -52.9578 -25.6685
-0.352 -37.22 -22.8439
-0.351 -15.6998 -18.2244
-0.35 4.89882 -13.3538
-0.349 18.131 -9.75885
-0.348 19.944 -8.43293
-0.347 10.0979 -9.47276
-0.346 -7.65901 -12.0234
-0.345 -26.7958 -14.5893
-0.344 -40.2292 -15.6146
-0.343 -42.8206 -14.108
-0.342 -33.2547 -10.0643
-0.341 -14.6291 -4.52882
-0.34 6.46988 0.705392
-0.339 22.1209 3.66835
-0.338 25.7617 2.88074
-0.337 14.5237 -2.09849
-0.336 -9.6198 -10.4558
-0.335 -40.3575 -20.3476
-0.334 -69.074 -29.499
-0.333 -87.7121 -35.9489
-0.332 -91.4393 -38.6546
-0.331 -80.1852 -37.7516
-0.33 -58.5528 -34.4091
-0.329 -34.1616 -30.3531
-0.328 -14.9994 -27.2218
-0.327 -6.69016 -25.9696
-0.326 -10.6229 -26.5371
-0.325 -23.5911 -27.9095
-0.324 -39.0554 -28.5417
-0.323 -49.5473 -26.9718
-0.322 -49.3407 -22.382
-0.321 -36.4647 -14.9083
-0.32 -13.3915 -5.61562
-0.319 13.8009 3.82822
-0.318 37.4668 11.6591
-0.317 50.8928 16.5302
-0.316 50.4042 17.8657
-0.315 36.4147 15.9518
-0.314 13.1532 11.7601
-0.313 -12.7705 6.58825
-0.312 -34.4695 1.65658
-0.311 -46.8825 -2.21508
-0.31 -48.2061 -4.77073
-0.309 -40.2067 -6.29785
-0.308 -27.3891 -7.45679
-0.307 -15.4144 -9.03569
-0.306 -9.33561 -11.7079
-0.305 -12.1462 -15.8403
-0.304 -23.9579 -21.3737
-0.303 -41.9731 -27.7866
-0.302 -61.2835 -34.1588
-0.301 -76.3198 -39.3467
-0.3 -82.5195 -42.2511
-0.299 -77.669 -42.1095
-0.298 -62.5399 -38.7332
-0.297 -40.7218 -32.6246
-0.296 -17.7446 -24.9273
-0.295 0.342758 -17.1806
-0.294 8.68539 -10.9028
-0.293 5.2045 -7.10393
-0.292 -8.51936 -5.9088
-0.291 -27.5084 -6.47118
-0.29 -44.8251 -7.25909
-0.289 -53.7576 -6.62955
-0.288 -50.0754 -3.49572
-0.287 -33.6596 2.14653
-0.286 -8.95382 9.03277
-0.285 16.0561 14.8949
-0.284 32.2119 17.1472
-0.283 32.2695 13.8027
-0.282 13.649 4.29322
-0.281 -20.2373 -10.149
-0.28 -60.7047 -26.7432
-0.279 -96.4525 -41.9903
-0.278 -117.315 -52.7953
-0.277 -117.823 -57.4806
-0.276 -99.272 -56.3221
-0.275 -69.4927 -51.3985
-0.274 -40.2467 -45.7863
-0.273 -23.0661 -42.3624
-0.272 -24.9547 -42.6491
-0.271 -45.5439 -46.1564
-0.27 -76.8738 -50.511
-0.269 -106.062 -52.3588
-0.268 -120.005 -48.7167
-0.267 -110.381 -38.2526
-0.266 -77.0304 -21.9868
-0.265 -28.4079 -3.13377
-0.264 21.0949 13.8702
-0.263 56.019 24.8156
-0.262 65.2269 27.133
-0.261 45.921 20.7668
-0.26 4.79497 8.182
-0.259 -44.2418 -6.5172
-0.258 -85.0343 -19.0497
-0.257 -104.987 -26.443
-0.256 -99.471 -27.9671
-0.255 -73.1842 -25.1792
-0.254 -38.088 -21.1075
-0.253 -8.78728 -18.9314
-0.252 2.9238 -20.6669
-0.251 -7.57672 -26.3336
-0.25 -36.0253 -33.8985
-0.249 -70.8755 -40.0271
-0.248 -97.67 -41.3792
-0.247 -104.524 -35.9453
-0.246 -86.594 -23.8847
-0.245 -47.8429 -7.53789
-0.244 0.461 9.35599
-0.243 43.8036 22.8959
-0.242 69.457 30.2349
-0.241 70.6718 30.3662
-0.24 48.623 24.252
-0.239 11.5358 14.2842
-0.238 -28.5799 3.3002
-0.237 -60.3187 -6.45346
-0.236 -76.7453 -14.0017
-0.235 -77.3352 -19.7268
-0.234 -67.3844 -24.895
-0.233 -55.3195 -30.8914
-0.232 -49.1464 -38.5055
-0.231 -53.4877 -47.5411
-0.23 -68.2315 -56.8645
-0.229 -89.0427 -64.8345
-0.228 -109.28 -69.9103
-0.227 -122.478 -71.1708
-0.226 -124.498 -68.5463
-0.225 -114.668 -62.7137
-0.224 -95.5641 -54.7579
-0.223 -71.6946 -45.7802
-0.222 -47.7962 -36.6228
-0.221 -27.5503 -27.8043
-0.22 -13.1517 -19.6598
-0.219 -5.55888 -12.5674
-0.218 -4.90238 -7.07502
-0.217 -10.6423 -3.79872
-0.216 -21.4552 -3.12643
-0.215 -35.0886 -4.91458
-0.214 -48.4351 -8.37862
-0.213 -57.9813 -12.2664
-0.212 -60.6756 -15.2613
-0.211 -55.0935 -16.4777
-0.21 -42.5028 -15.8828
-0.209 -27.2003 -14.4587
-0.208 -15.5756 -13.9429
-0.207 -13.9216 -16.1436
-0.206 -25.7597 -22.081
-0.205 -49.8763 -31.3675
-0.204 -80.0691 -42.1581
-0.203 -106.907 -51.7197
-0.202 -120.967 -57.3862
-0.201 -116.42 -57.5352
-0.2 -93.6233 -52.2476
-0.199 -59.6576 -43.4036
-0.198 -26.322 -34.0967
-0.197 -6.03641 -27.4896
-0.196 -7.01519 -25.5197
-0.195 -29.6139 -28.0177
-0.194 -65.5114 -32.665
-0.193 -100.324 -35.8419
-0.192 -118.792 -34.0299
-0.191 -110.569 -25.2234
-0.19 -74.383 -9.83851
-0.189 -19.019 9.20912
-0.188 39.3019 27.328
-0.187 82.3487 39.7372
-0.186 96.329 43.1041
-0.185 77.051 36.7104
-0.184 31.7171 22.6766
-0.183 -23.5916 5.13748
-0.182 -69.9172 -11.3085
-0.181 -92.5537 -23.2669
-0.18 -86.4691 -29.6944
-0.179 -57.9944 -32.1089
-0.178 -22.2915 -33.8124
-0.177 2.37721 -38.4392
-0.176 1.55695 -48.3748
-0.175 -29.7239 -63.6257
-0.174 -84.6336 -81.5731
-0.173 -146.634 -97.7394
-0.172 -195.38 -107.316
-0.171 -214.16 -106.879
-0.17 -195.932 -95.6244
-0.169 -145.657 -75.6526
-0.168 -78.2842 -51.2556
-0.167 -13.3986 -27.5319
-0.166 31.4272 -8.85368
-0.165 46.3015 2.31974
-0.164 31.8707 5.93532
-0.163 -1.56383 4.01732
-0.162 -38.3265 -0.346626
-0.161 -63.4122 -4.30505
-0.16 -67.9305 -6.30617
-0.159 -51.8899 -6.52508
-0.158 -23.4807 -6.56177
-0.157 4.51408 -8.62364
-0.156 19.5727 -14.5553
-0.155 13.7801 -25.0548
-0.154 -13.6472 -39.2999
-0.153 -56.2516 -55.0687
-0.152 -102.523 -69.3017
-0.151 -139.611 -78.9195
-0.15 -157.308 -81.6376
-0.149 -150.963 -76.5317
-0.148 -122.415 -64.2129
-0.147 -78.9049 -46.6096
-0.146 -30.6287 -26.4718
-0.145 12.0431 -6.7744
-0.144 40.9435 9.83856
-0.143 51.7354 21.496
-0.142 44.677 27.4017
-0.141 24.4052 27.9405
-0.14 -1.36737 24.5037
-0.139 -24.0691 19.0059
-0.138 -36.7971 13.2258
-0.137 -36.3543 8.21874
-0.136 -24.2182 4.00904
-0.135 -6.27531 -0.378985
-0.134 8.60761 -6.58593
-0.133 11.0531 -16.318
-0.132 -5.64239 -30.5614
-0.131 -42.475 -48.8436
-0.13 -93.2029 -68.9212
-0.129 -145.43 -87.1833
-0.128 -184.304 -99.7109
-0.127 -197.528 -103.572
-0.126 -179.807 -97.8537
-0.125 -135.171 -84.0891
-0.124 -76.3851 -65.9703
-0.123 -21.4253 -48.362
-0.122 12.2491 -35.8159
-0.121 13.9579 -31.0246
-0.12 -15.7826 -33.8339
-0.119 -64.809 -41.3037
-0.118 -113.43 -48.856
-0.117 -141.663 -52.0471
-0.116 -136.745 -48.2648
-0.115 -98.0242 -37.7268
-0.114 -37.4467 -23.4408
-0.113 24.5332 -10.1258
-0.112 66.2606 -2.45353
-0.111 72.8829 -3.24099
-0.11 42.1243 -12.2914
-0.109 -14.4888 -26.3578
-0.108 -75.6782 -40.2762
-0.107 -118.382 -48.8635
-0.106 -126.575 -48.865
-0.105 -97.3655 -40.1865
-0.104 -41.9198 -25.9039
-0.103 19.0438 -11.0534
-0.102 63.1365 -0.735628
-0.101 74.4124 1.69111
-0.1 48.8478 -4.30777
-0.099 -4.49836 -16.3763
-0.098 -66.9319 -30.1728
-0.097 -117.054 -40.943
-0.096 -138.698 -45.2246
-0.095 -126.682 -42.0138
-0.094 -87.9019 -32.889
-0.093 -37.5488 -21.0898
-0.092 7.40718 -10.0888
-0.091 34.3967 -2.35408
-0.09 38.8849 1.26951
-0.089 24.7689 1.51408
-0.088 1.94277 0.144344
-0.087 -17.9975 -0.868464
-0.086 -26.4182 -0.190957
-0.085 -20.79 2.34248
-0.084 -4.88618 5.76977
-0.083 13.8474 8.55946
-0.082 28.0388 9.3168
-0.081 33.1678 7.22744
-0.08 28.263 2.0759
-0.079 14.7751 -6.02872
-0.078 -5.28448 -16.945
-0.077 -30.7544 -30.5815
-0.076 -61.4931 -46.6981
-0.075 -97.2003 -64.533
-0.074 -135.623 -82.4936
-0.073 -171.401 -98.1681
-0.072 -196.563 -108.777
-0.071 -202.856 -111.971
-0.07 -185.245 -106.748
-0.069 -145.359 -94.1665
-0.068 -93.1207 -77.4917
-0.067 -44.912 -61.4321
-0.066 -17.8601 -50.5081
-0.065 -22.2642 -47.1654
-0.064 -56.0194 -50.5952
-0.063 -104.234 -56.9391
-0.062 -144.386 -60.8001
-0.061 -154.716 -57.3848
-0.06 -122.846 -44.5109
-0.059 -51.9463 -23.8759
-0.058 37.9466 -1.05624
-0.057 115.39 16.1325
-0.056 149.285 20.6498
-0.055 122.488 9.42435
-0.054 40.5383 -14.8734
-0.053 -69.0798 -44.4295
-0.052 -166.737 -68.9658
-0.051 -215.11 -79.3455
-0.05 -192.991 -70.833
-0.049 -104.063 -44.9904
-0.048 22.6948 -9.46586
-0.047 142.467 24.5837
-0.046 211.589 46.708
-0.045 205.244 51.2918
-0.044 127.819 39.7472
-0.043 11.4246 19.8663
-0.042 -96.377 2.71773
-0.041 -150.57 -1.67933
-0.04 -125.979 11.6187
-0.039 -27.7064 40.226
-0.038 109.769 74.9948
-0.037 235.487 103.417
-0.036 301.941 114.483
-0.035 283.426 102.883
-0.034 185.372 70.9079
-0.033 41.9245 27.5952
-0.032 -96.6209 -14.4255
-0.031 -182.287 -43.4098
-0.03 -187.735 -52.854
-0.029 -117.27 -43.9748
-0.028 -4.91867 -24.9885
-0.027 100.224 -7.39276
-0.026 154.247 -1.14072
-0.025 134.742 -10.9699
-0.024 47.4719 -35.0606
-0.023 -77.0264 -65.9739
-0.022 -194.736 -93.3563
-0.021 -264.354 -107.777
-0.02 -263.533 -104.55
-0.019 -198.13 -85.7957
-0.018 -98.8488 -59.3941
-0.017 -6.52753 -35.3046
-0.016 45.556 -21.3819
-0.015 43.4726 -20.7565
-0.014 -4.82425 -31.3856
-0.013 -74.5614 -47.2852
-0.012 -134.059 -60.8468
-0.011 -157.075 -65.7639
-0.01 -133.814 -59.6795
-0.009 -75.0641 -45.1593
-0.008 -6.11957 -28.1557
-0.007 46.3387 -14.827
-0.006 66.3888 -8.70661
-0.005 53.9687 -9.61349
-0.004 22.4314 -14.2963
-0.003 -8.58268 -18.0968
-0.002 -21.9851 -17.0038
-0.001 -11.0976 -9.54262
0 16.9002 2.33791
0.001 44.8476 14.1919
0.002 55.5919 21.5737
0.003 41.9824 22.541
0.004 10.7442 18.5838
0.005 -20.981 13.736
0.006 -33.51 12.6824
0.007 -13.4715 18.6972
0.008 39.0596 31.9728
0.009 108.117 48.968
0.01 166.95 63.4953
0.011 190.192 69.5601
0.012 167.009 64.5625
0.013 107.213 50.8533
0.014 37.1204 34.7671
0.015 -11.4837 23.9642
0.016 -13.7285 24.486
0.017 38.3946 38.4187
0.018 130.947 62.644
0.019 230.566 89.2749
0.02 296.275 108.278
0.021 297.222 111.68
0.022 227.464 97.2936
0.023 109.367 69.7923
0.024 -15.6549 38.6555
0.025 -103.428 14.323
0.026 -123.272 4.3269
0.027 -69.3416 10.5547
0.028 35.9394 28.2854
0.029 148.542 47.516
0.03 219.184 56.6446
0.031 213.664 47.3386
0.032 127.608 18.3076
0.033 -11.5773 -23.9419
0.034 -155.732 -67.5899
0.035 -254.339 -99.8907
0.036 -273.07 -111.689
0.037 -206.418 -100.62
0.038 -80.1636 -71.9912
0.039 57.9756 -36.8951
0.04 156.762 -7.98078
0.041 181.497 5.4637
0.042 127.007 0.976935
0.043 18.5791 -16.4767
0.044 -98.5399 -36.7731
0.045 -176.527 -48.6951
0.046 -183.083 -44.3114
0.047 -113.775 -22.1296
0.048 6.44334 12.2188
0.049 133.635 48.1681
0.05 222.694 74.3913
0.051 244.466 83.092
0.052 195.296 72.6473
0.053 96.6072 47.841
0.054 -13.9621 17.9408
0.055 -96.4919 -6.61331
0.056 -123.34 -17.8733
0.057 -89.0079 -13.1155
0.058 -10.8807 4.52944
0.059 79.5971 27.8621
0.06 150.676 48.8713
0.061 182.188 61.8346
0.062 171.054 65.0191
0.063 129.924 60.6923
0.064 80.8792 53.8145
0.065 46.6869 49.9687
0.066 42.3072 53.1533
0.067 69.7091 64.2164
0.068 118.306 80.6303
0.069 170.653 97.7001
0.07 210.155 110.528
0.071 226.88 115.73
0.072 219.406 112.248
0.073 193.097 101.205
0.074 156.54 85.13
0.075 117.9 66.9796
0.076 82.5201 49.2631
0.077 52.4365 33.5484
0.078 27.6202 20.4506
0.079 7.90473 9.99717
0.08 -5.71596 2.08842
0.081 -11.1945 -3.22493
0.082 -6.8591 -5.78942
0.083 6.63393 -5.66087
0.084 25.0403 -3.44156
0.085 41.1034 -0.344615
0.086 47.2761 2.17557
0.087 39.5056 3.09522
0.088 19.9763 2.40572
0.089 -2.94882 1.23178
0.09 -17.7646 1.3944
0.091 -14.451 4.63208
0.092 11.1911 11.7885
0.093 54.9983 22.2281
0.094 104.704 33.7101
0.095 143.451 42.916
0.096 155.925 46.6174
0.097 134.926 43.0914
0.098 85.2735 33.0962
0.099 22.8591 19.8453
0.1 -31.006 7.9378
0.101 -57.5033 1.70811
0.102 -47.2882 3.65025
0.103 -4.0469 13.4567
0.104 56.5317 27.9962
0.105 112.132 42.3027
0.106 141.899 51.3258
0.107 134.38 51.8318
0.108 92.1419 43.6796
0.109 30.9762 29.9096
0.11 -26.1247 15.5992
0.111 -57.7665 5.95869
0.112 -52.1679 4.41948
0.113 -11.3058 11.4331
0.114 50.1962 24.4116
0.115 110.76 38.7986
0.116 149.838 49.8321
0.117 155.265 54.3203
0.118 127.438 51.7906
0.119 78.9069 44.6247
0.12 29.5522 37.1449
0.121 -0.903458 33.9616
0.122 -0.148153 38.1857
0.123 32.5424 50.2119
0.124 86.6786 67.5602
0.125 144.912 85.7789
0.126 189.273 99.9553
0.127 206.914 106.224
0.128 193.668 102.822
0.129 154.688 90.4673
0.13 102.162 72.0046
0.131 50.914 51.4146
0.132 13.3994 32.4954
0.133 -4.0058 17.7312
0.134 -2.13534 7.79139
0.135 12.4424 1.76694
0.136 30.414 -2.11711
0.137 42.8857 -5.68603
0.138 43.8573 -10.1455
0.139 31.6813 -15.6612
0.14 9.37534 -21.2572
0.141 -16.2896 -25.0977
0.142 -36.7821 -25.1023
0.143 -44.3259 -19.676
0.144 -34.1422 -8.27292
0.145 -5.80361 8.36998
0.146 36.4928 28.3232
0.147 84.6456 48.7937
0.148 128.255 66.6297
0.149 157.01 78.9516
0.15 163.514 83.8036
0.151 145.785 80.6559
0.152 108.407 70.583
0.153 61.6177 56.0262
0.154 18.3841 40.1729
0.155 -9.61881 26.1086
0.156 -15.7779 15.9891
0.157 -0.78727 10.5005
0.158 27.4223 8.79191
0.159 56.2057 8.91525
0.16 72.5876 8.64993
0.161 68.1858 6.4637
0.162 42.8729 2.28593
0.163 5.53671 -2.23538
0.164 -28.7042 -4.1879
0.165 -43.9842 -0.473083
0.166 -29.8009 10.888
0.167 14.6325 29.7541
0.168 79.4498 53.5762
0.169 146.977 77.9399
0.17 197.445 97.7713
0.171 215.716 108.846
0.172 196.717 109.132
0.173 147.51 99.4811
0.174 84.9346 83.3316
0.175 29.528 65.475
0.176 -1.99873 50.3366
0.177 -2.72688 40.4639
0.178 22.3325 35.7973
0.179 58.5657 33.9499
0.18 87.4893 31.334
0.181 93.749 24.7078
0.182 70.9285 12.5949
0.183 24.1103 -3.94602
0.184 -31.8418 -21.5261
0.185 -77.7737 -35.5728
0.186 -97.4469 -41.9947
0.187 -83.5994 -38.7105
0.188 -40.4806 -26.438
0.189 17.9688 -8.4562
0.19 73.3462 10.532
0.191 109.314 25.9874
0.192 117.076 34.9955
0.193 98.0008 37.1006
0.194 62.5987 34.2478
0.195 26.2881 29.8839
0.196 3.54468 27.5566
0.197 2.67324 29.5441
0.198 23.1978 36.0394
0.199 56.7287 45.1904
0.2 90.6908 53.929
0.201 113.218 59.2063
0.202 117.279 59.1215
0.203 102.659 53.5364
0.204 75.3726 44.0137
0.205 45.0013 33.17
0.206 21.0496 23.7082
0.207 9.67473 17.4871
0.208 11.9416 14.9713
0.209 24.1355 15.2587
0.21 39.806 16.6363
0.211 52.5027 17.3848
0.212 57.9816 16.4634
0.213 55.1125 13.8125
0.214 45.4842 10.2303
0.215 32.2695 6.96586
0.216 19.0045 5.23164
0.217 8.69809 5.82043
0.218 3.41165 8.94046
0.219 4.2539 14.2946
0.22 11.6104 21.3269
0.221 25.3202 29.4842
0.222 44.5346 38.3357
0.223 67.2755 47.4889
0.224 90.1098 56.3893
0.225 108.493 64.1821
0.226 117.986 69.7782
0.227 115.944 72.139
0.228 102.875 70.6629
0.229 82.7243 65.4872
0.23 61.8214 57.5504
0.231 46.78 48.353
0.232 42.0339 39.4725
0.233 47.8833 31.9932
0.234 59.9031 26.0863
0.235 70.2042 20.9539
0.236 70.3397 15.2192
0.237 54.86 7.64491
0.238 24.0593 -2.11376
0.239 -15.356 -13.0699
0.24 -52.1383 -23.0142
0.241 -74.3163 -29.1759
0.242 -73.5708 -29.2118
0.243 -48.5323 -22.1586
0.244 -5.72797 -8.97587
0.245 42.2768 7.55979
0.246 81.0137 23.6254
0.247 99.1421 35.5544
0.248 92.5548 41.0475
0.249 65.9389 39.924
0.25 31.0632 34.103
0.251 2.34659 26.804
0.252 -8.60717 21.2698
0.253 2.60549 19.5086
0.254 31.5341 21.5408
0.255 66.5147 25.4338
0.256 92.9754 28.1076
0.257 98.8805 26.6176
0.258 79.3796 19.4368
0.259 38.9253 7.24573
0.26 -10.0379 -7.10248
0.261 -51.4277 -19.4646
0.262 -71.294 -25.8297
0.263 -62.7914 -23.7423
0.264 -28.5076 -13.1816
0.265 20.6043 3.42286
0.266 69.1773 22.0211
0.267 102.796 38.3004
0.268 112.885 49.0836
0.269 99.4344 53.2818
0.27 70.6015 52.0792
0.271 39.399 48.2896
0.272 18.7311 45.1342
0.273 16.6824 44.9265
0.274 33.7871 48.1817
0.275 63.1694 53.4774
0.276 93.3347 58.0725
0.277 112.458 59.0038
0.278 112.567 54.2353
0.279 92.1862 43.4529
0.28 56.6352 28.2433
0.281 16.0163 11.6016
0.282 -18.3115 -3.04764
0.283 -37.5083 -12.9516
0.284 -37.978 -16.8433
0.285 -22.1619 -15.1919
0.286 2.74974 -9.84817
0.287 27.5618 -3.27325
0.288 44.1792 2.33524
0.289 48.0163 5.71592
0.29 39.0719 6.81925
0.291 21.5338 6.63723
0.292 2.17041 6.68997
0.293 -11.9493 8.38175
0.294 -15.7021 12.4634
0.295 -7.40886 18.7782
0.296 10.8693 26.3513
0.297 34.21 33.7453
0.298 56.4334 39.5199
0.299 71.8613 42.6244
0.3 76.7961 42.617
0.301 70.4466 39.6873
0.302 55.109 34.5279
0.303 35.5002 28.1213
0.304 17.354 21.5006
0.305 5.69024 15.5327
0.306 3.32264 10.7683
0.307 10.0529 7.37839
0.308 22.7271 5.1689
0.309 36.1166 3.65501
0.31 44.4359 2.18594
0.311 43.1522 0.123966
0.312 30.5742 -2.93271
0.313 8.64829 -6.94159
0.314 -17.4167 -11.3187
0.315 -40.6436 -15.0256
0.316 -54.4312 -16.8395
0.317 -54.6593 -15.7353
0.318 -41.0814 -11.2582
0.319 -17.526 -3.75869
0.32 9.22427 5.60727
0.321 31.5739 15.1467
0.322 43.6006 23.1108
0.323 43.0367 28.2389
0.324 32.0335 30.1673
0.325 16.4104 29.5389
0.326 3.61216 27.7563
0.327 0.0511472 26.449
0.328 8.76079 26.8438
0.329 28.2097 29.2727
0.33 52.72 33.011
0.331 74.3518 36.5145
0.332 85.6039 37.9775
0.333 82.0014 36.0154
0.334 63.6915 30.2285
0.335 35.4907 21.4413
0.336 5.34348 11.5145
0.337 -18.3036 2.77221
0.338 -29.294 -2.76147
0.339 -25.7293 -4.03014
0.34 -10.4419 -1.26826
0.341 10.1365 4.12895
0.342 28.2607 10.1205
0.343 37.5019 14.7233
0.344 34.8454 16.6651
0.345 21.5843 15.7773
0.346 2.74301 12.9921
0.347 -14.7472 9.93933
0.348 -24.4722 8.29035
0.349 -22.7132 9.10701
0.35 -9.64486 12.4467
0.351 10.8073 17.3547
0.352 32.3327 22.2146
0.353 48.3129 25.309
0.354 53.9095 25.3998
0.355 47.5172 22.1422
0.356 31.1766 16.2002
0.357 9.86062 9.01821
0.358 -10.1287 2.33857
0.359 -23.1401 -2.35193
0.36 -25.8957 -4.24571
0.361 -18.4102 -3.3828
0.362 -3.85051 -0.54479
0.363 12.5563 3.06096
0.364 25.1799 6.2154
0.365 29.7113 8.06995
0.366 24.4882 8.37739
0.367 11.041 7.50648
0.368 -6.34362 6.25682
0.369 -21.9623 5.55837
0.37 -30.5223 6.1599
0.371 -28.8521 8.39164
0.372 -16.9356 12.0551
0.373 2.03079 16.4649
0.374 22.5554 20.6306
0.375 38.4883 23.5271
0.376 44.9415 24.3692
0.377 39.9072 22.8174
0.378 24.9924 19.07
0.379 4.95071 13.8279
0.38 -13.8637 8.13271
0.381 -25.591 3.09952
0.382 -26.8046 -0.390469
0.383 -17.6747 -1.94221
0.384 -1.98044 -1.75215
0.385 14.0874 -0.52735
0.386 24.0164 0.756274
0.387 23.2745 1.1862
0.388 10.9881 0.24364
0.389 -9.63373 -1.97003
0.39 -32.2897 -4.70437
0.391 -49.6446 -6.77048
0.392 -55.7676 -6.94129
0.393 -48.1551 -4.40394
0.394 -28.6524 0.904483
0.395 -2.90267 8.20559
0.396 21.5448 16.0697
0.397 37.8068 22.8301
0.398 41.9782 27.095
0.399 34.3722 28.1937
0.4 19.2952 26.3956
0.401 3.46508 22.8065
0.402 -6.38763 18.9678
0.403 -5.93298 16.2995
0.404 5.18558 15.5944
0.405 23.2186 16.7488
0.406 41.6794 18.8231
0.407 53.6764 20.4051
0.408 54.3327 20.1497
0.409 42.4571 17.3057
0.41 20.9445 12.0394
0.411 -4.20215 5.42554
0.412 -25.9016 -0.897887
0.413 -38.3902 -5.28756
0.414 -39.1227 -6.65985
0.415 -29.4812 -4.85685
0.416 -14.0803 -0.68867
0.417 0.983048 4.35343
0.418 10.2516 8.60958
0.419 10.6903 10.8106
0.42 2.58316 10.4863
0.421 -10.7165 8.07971
0.422 -24.0854 4.73333
0.423 -32.5053 1.83997
0.424 -32.8091 0.531059
0.425 -24.6637 1.28892
0.426 -10.5109 3.80971
0.427 5.39431 7.15098
0.428 18.445 10.1029
0.429 25.1655 11.6444
0.43 24.2639 11.3129
0.431 16.9231 9.35158
0.432 6.25023 6.59184
0.433 -3.8824 4.13169
0.434 -10.1427 2.9404
0.435 -10.7304 3.52954
0.436 -5.79452 5.7937
0.437 2.75366 9.06436
0.438 11.9138 12.3521
0.439 18.5543 14.6848
0.44 20.3656 15.4145
0.441 16.5062 14.3845
0.442 7.75224 11.9185
0.443 -3.83303 8.66235
0.444 -15.5337 5.35469
0.445 -24.7117 2.60518
0.446 -29.4707 0.74528
0.447 -29.1224 -0.210078
0.448 -24.3301 -0.489555
0.449 -16.8643 -0.423804
0.45 -9.04594 -0.301523
0.451 -3.06455 -0.276981
0.452 -0.368695 -0.345816
0.453 -1.2636 -0.37464
0.454 -4.80468 -0.16122
0.455 -9.04689 0.494389
0.456 -11.6397 1.72622
0.457 -10.6192 3.56278
0.458 -5.12754 5.91606
0.459 4.20325 8.58916
0.46 15.3319 11.2915
0.461 25.3331 13.6654
0.462 31.2438 15.3377
0.463 31.0134 16.0013
0.464 24.2596 15.5038
0.465 12.5266 13.9116
0.466 -1.10679 11.5242
0.467 -12.9623 8.8323
0.468 -19.9113 6.41683
0.469 -20.3529 4.80383
0.47 -14.7176 4.3091
0.471 -5.33102 4.93305
0.472 4.35958 6.35872
0.473 10.9821 8.06281
0.474 12.4441 9.49733
0.475 8.67992 10.274
0.476 1.64611 10.2921
0.477 -5.41625 9.76983
0.478 -9.1647 9.16164
0.479 -7.37776 8.97502
0.48 0.179333 9.54456
0.481 11.5503 10.8568
0.482 23.1658 12.5078
0.483 31.0445 13.818
0.484 32.1877 14.0616
0.485 25.6365 12.7267
0.486 12.8127 9.71854
0.487 -2.94362 5.43875
0.488 -17.4486 0.701941
0.489 -27.0086 -3.4963
0.49 -29.5915 -6.28804
0.491 -25.4406 -7.20544
0.492 -16.8969 -6.31423
0.493 -7.48555 -4.16212
0.494 -0.618233 -1.56723
0.495 1.59355 0.674453
0.496 -0.994711 2.06096
0.497 -6.59886 2.54291
0.498 -12.2017 2.51121
0.499 -14.6689 2.61649
0.5 -11.9121 3.48901
0.501 -3.6864 5.4678
0.502 8.27914 8.44059
0.503 20.8633 11.8518
0.504 30.6096 14.8751
0.505 34.8617 16.6921
0.506 32.6038 16.7775
0.507 24.7551 15.0898
0.508 13.8389 12.0931
0.509 3.13273 8.60395
0.51 -4.41814 5.52165
0.511 -7.13889 3.54195
0.512 -5.08609 2.94828
0.513 0.102707 3.54552
0.514 5.86505 4.75488
0.515 9.61993 5.83617
0.516 9.63192 6.1588
0.517 5.57086 5.42171
0.518 -1.41144 3.74252
0.519 -9.11555 1.59073
0.52 -15.0816 -0.398729
0.521 -17.4349 -1.65665
0.522 -15.4843 -1.87479
0.523 -9.89644 -1.10265
0.524 -2.43245 0.283991
0.525 4.64217 1.7314
0.526 9.29604 2.71989
0.527 10.3931 2.96024
0.528 8.0545 2.50041
0.529 3.58989 1.70507
0.53 -0.973219 1.12189
0.531 -3.58016 1.28806
0.532 -2.81402 2.54556
0.533 1.66445 4.92395
0.534 9.01031 8.12432
0.535 17.4466 11.6063
0.536 24.8106 14.7473
0.537 29.2287 17.0201
0.538 29.6939 18.1278
0.539 26.3455 18.0537
0.54 20.3654 17.0174
0.541 13.5536 15.3649
0.542 7.73944 13.439
0.543 4.21162 11.4749
0.544 3.33553 9.55319
0.545 4.48152 7.61687
0.546 6.29738 5.54049
0.547 7.23422 3.22371
0.548 6.13442 0.672737
0.549 2.6685 -1.96134
0.55 -2.52512 -4.40022
0.551 -8.03094 -6.30351
0.552 -12.1082 -7.35655
0.553 -13.2623 -7.35175
0.554 -10.7531 -6.24068
0.555 -4.86574 -4.14651
0.556 3.15528 -1.33764
0.557 11.486 1.82805
0.558 18.2792 4.97255
0.559 22.2047 7.76334
0.56 22.806 9.96098
0.561 20.5744 11.4408
0.562 16.7277 12.1882
0.563 12.7673 12.2742
0.564 9.96151 11.8199
0.565 8.93681 10.9596
0.566 9.51719 9.81199
0.567 10.8585 8.46386
0.568 11.808 6.96948
0.569 11.3501 5.36244
0.57 8.99029 3.67817
0.571 4.95904 1.98033
0.572 0.171378 0.380043
0.573 -4.05336 -0.963748
0.574 -6.42301 -1.86772
0.575 -6.10487 -2.16569
0.576 -3.00247 -1.75457
0.577 2.2141 -0.632127
0.578 8.31599 1.08253
0.579 13.8778 3.15402
0.58 17.6815 5.26745
0.581 19.05 7.09391
0.582 18.0136 8.36719
0.583 15.2523 8.94482
0.584 11.8319 8.83152
0.585 8.82898 8.16094
0.586 6.98785 7.14614
0.587 6.51961 6.01433
0.588 7.0895 4.94181
0.589 7.97311 4.00736
0.59 8.32822 3.18233
0.591 7.50523 2.36544
0.592 5.29929 1.45011
0.593 2.05177 0.394479
0.594 -1.44117 -0.736103
0.595 -4.17681 -1.76922
0.596 -5.25779 -2.46614
0.597 -4.16721 -2.59063
0.598 -0.934274 -1.98696
0.599 3.85214 -0.643211
0.6 9.19526 1.28547
0.601 13.9753 3.50819
0.602 17.2801 5.67702
0.603 18.6667 7.4847
0.604 18.2682 8.74617
0.605 16.7215 9.4383
0.606 14.9485 9.68809
0.607 13.8531 9.71436
0.608 14.0169 9.74108
0.609 15.4922 9.91053
0.61 17.7762 10.2276
0.611 19.9859 10.5573
0.612 21.1675 10.676
0.613 20.6231 10.3567
0.614 18.1511 9.45535
0.615 14.1321 7.96945
0.616 9.43458 6.05015
0.617 5.1528 3.96373
0.618 2.24661 2.01462
0.619 1.2139 0.455014
0.62 1.92953 -0.587113
0.621 3.71081 -1.13573
0.622 5.56972 -1.3414
0.623 6.55326 -1.41391
0.624 6.06643 -1.53825
0.625 4.08737 -1.8026
0.626 1.20109 -2.1619
0.627 -1.58298 -2.44938
0.628 -3.18241 -2.43342
0.629 -2.82805 -1.90137
0.63 -0.332236 -0.741192
0.631 3.84981 1.0076
0.632 8.76513 3.15175
0.633 13.2566 5.39068
0.634 16.3186 7.39524
0.635 17.4102 8.89321
0.636 16.6189 9.73554
0.637 14.6006 9.92353
0.638 12.3164 9.58886
0.639 10.6741 8.93356
0.64 10.2131 8.1516
0.641 10.9321 7.36101
0.642 12.3024 6.57162
0.643 13.4622 5.6986
0.644 13.5325 4.61426
0.645 11.9519 3.21788
0.646 8.70402 1.49891
0.647 4.34804 -0.4288
0.648 -0.152875 -2.33597
0.649 -3.73241 -3.93036
0.65 -5.54785 -4.93713
0.651 -5.23615 -5.17873
0.652 -3.02123 -4.62557
0.653 0.36859 -3.40111
0.654 3.95071 -1.74261
0.655 6.81536 0.0670565
0.656 8.40698 1.77535
0.657 8.66491 3.22083
0.658 7.99408 4.35944
0.659 7.09237 5.24751
0.66 6.69138 5.98935
0.661 7.28817 6.67298
0.662 8.95922 7.32143
0.663 11.3283 7.87667
0.664 13.7014 8.21817
0.665 15.3115 8.20756
0.666 15.5795 7.74456
0.667 14.3048 6.816
0.668 11.7369 5.51852
0.669 8.50995 4.04298
0.67 5.4545 2.62456
0.671 3.3411 1.479
0.672 2.64188 0.749586
0.673 3.39394 0.4801
0.674 5.20775 0.617121
0.675 7.40782 1.0374
0.676 9.25299 1.59239
0.677 10.1686 2.15662
0.678 9.92219 2.66219
0.679 8.68595 3.10494
0.68 6.9632 3.5218
0.681 5.40439 3.95462
0.682 4.57882 4.41904
0.683 4.77972 4.88922
0.684 5.92442 5.29922
0.685 7.57915 5.55893
0.686 9.10191 5.58083
0.687 9.85965 5.31051
0.688 9.44576 4.74806
0.689 7.82023 3.9488
0.69 5.32551 3.00373
0.691 2.57804 2.01177
0.692 0.273263 1.05802
0.693 -1.0345 0.20315
0.694 -1.1081 -0.517653
0.695 -0.0992786 -1.08965
0.696 1.51272 -1.50871
0.697 3.09499 -1.77009
0.698 4.08128 -1.86271
0.699 4.15969 -1.77381
0.7 3.3695 -1.50037
0.701 2.0814 -1.05762
0.702 0.867625 -0.478081
0.703 0.301399 0.197271
0.704 0.753391 0.929459
0.705 2.25967 1.68884
0.706 4.5094 2.45762
0.707 6.95114 3.22617
0.708 8.97291 3.98222
0.709 10.0943 4.69666
0.71 10.1128 5.31516
0.711 9.1604 5.76375
0.712 7.64608 5.96789
0.713 6.10475 5.87672
0.714 5.00683 5.48238
0.715 4.60182 4.82745
0.716 4.84849 3.99791
0.717 5.4466 3.10203
0.718 5.95147 2.23981
0.719 5.93402 1.47437
0.72 5.13701 0.81877
0.721 3.5734 0.24497
0.722 1.52843 -0.28972
0.723 -0.534564 -0.811037
0.724 -2.12487 -1.30419
0.725 -2.87468 -1.7071
0.726 -2.64206 -1.92334
0.727 -1.5419 -1.85214
0.728 0.0997712 -1.42654
0.729 1.85472 -0.645201
0.73 3.33031 0.415938
0.731 4.28694 1.61833
0.732 4.69354 2.79706
0.733 4.70847 3.80531
0.734 4.6026 4.55124
0.735 4.65575 5.01487
0.736 5.05769 5.24055
0.737 5.8404 5.30857
0.738 6.86308 5.29675
0.739 7.85733 5.24636
0.74 8.51647 5.1452
0.741 8.59447 4.93459
0.742 7.9807 4.53799
0.743 6.73212 3.90037
0.744 5.0594 3.02204
0.745 3.27218 1.97282
0.746 1.69529 0.880384
0.747 0.578573 -0.102677
0.748 0.0305208 -0.840866
0.749 -0.00111812 -1.25266
0.75 0.300421 -1.33079
0.751 0.684825 -1.13963
0.752 0.912819 -0.790036
0.753 0.829769 -0.399827
0.754 0.415834 -0.0549038
0.755 -0.2054 0.213692
0.756 -0.808123 0.42874
0.757 -1.14346 0.644773
0.758 -1.02681 0.916216
0.759 -0.402283 1.26869
0.76 0.633996 1.68294
0.761 1.85626 2.09608
0.762 2.97245 2.42011
0.763 3.71302 2.57219
0.764 3.91828 2.5053
0.765 3.59215 2.22677
0.766 2.90016 1.79696
0.767 2.11168 1.30956
0.768 1.50885 0.862494
0.769 1.29366 0.530609
0.77 1.5219 0.348295
0.771 2.08476 0.306154
0.772 2.74627 0.361676
0.773 3.22609 0.459684
0.774 3.29946 0.55476
0.775 2.8782 0.627134
0.776 2.04344 0.686408
0.777 1.01968 0.762777
0.778 0.100711 0.890524
0.779 -0.447609 1.09103
0.78 -0.475849 1.36179
0.781 -0.000273015 1.67486
0.782 0.805188 1.98448
0.783 1.67088 2.24003
0.784 2.32383 2.39961
0.785 2.5776 2.44028
0.786 2.38952 2.36233
0.787 1.86797 2.18654
0.788 1.22882 1.9457
0.789 0.715837 1.67361
0.79 0.512568 1.39607
0.791 0.677845 1.12723
0.792 1.1285 0.871208
0.793 1.67332 0.626746
0.794 2.08297 0.392174
0.795 2.17009 0.169581
0.796 1.85323 -0.0324703
0.797 1.18515 -0.198662
0.798 0.336845 -0.309717
0.799 -0.45799 -0.347451
0.8 -0.979024 -0.299836
0.801 -1.08879 -0.163972
0.802 -0.771304 0.0535242
0.803 -0.129205 0.337866
0.804 0.655723 0.668266
0.805 1.38284 1.02051
0.806 1.89399 1.3696
0.807 2.11749 1.69217
0.808 2.08184 1.9682
0.809 1.89579 2.18216
0.81 1.703 2.32357
0.811 1.62799 2.38691
0.812 1.73213 2.37091
0.813 1.99357 2.27782
0.814 2.31602 2.11288
0.815 2.56193 1.8841
0.816 2.59861 1.60178
0.817 2.34227 1.27777
0.818 1.78651 0.92528
0.819 1.00749 0.559736
0.82 0.14469 0.199887
0.821 -0.637331 -0.132567
0.822 -1.19502 -0.415499
0.823 -1.4458 -0.629703
0.824 -1.38902 -0.761399
0.825 -1.10125 -0.803532
0.826 -0.708453 -0.756659
0.827 -0.34533 -0.629684
0.828 -0.114458 -0.439347
0.829 -0.056382 -0.207259
0.83 -0.139149 0.0446398
0.831 -0.27165 0.297682
0.832 -0.338049 0.537605
0.833 -0.242131 0.753974
0.834 0.054969 0.939499
0.835 0.518216 1.08979
0.836 1.04865 1.20275
0.837 1.51502 1.27705
0.838 1.79614 1.31082
0.839 1.82119 1.30208
0.84 1.59497 1.2507
0.841 1.19856 1.16019
0.842 0.763064 1.03807
0.843 0.424897 0.895132
0.844 0.279052 0.744279
0.845 0.347951 0.599267
0.846 0.576262 0.472797
0.847 0.852092 0.374031
0.848 1.04674 0.306606
0.849 1.05968 0.268262
0.85 0.85363 0.252003
0.851 0.467249 0.248176
0.852 0.00101722 0.247118
0.853 -0.418564 0.241927
0.854 -0.682853 0.230409
0.855 -0.737248 0.215236
0.856 -0.597374 0.202204
0.857 -0.340057 0.197571
0.858 -0.0726215 0.205761
0.859 0.107685 0.227864
0.86 0.148647 0.260858
0.861 0.0597809 0.298074
0.862 -0.0941806 0.331592
0.863 -0.219234 0.355834
0.864 -0.227539 0.370204
0.865 -0.0702182 0.379052
0.866 0.243638 0.389285
0.867 0.648981 0.407421
0.868 1.04744 0.437405
0.869 1.34147 0.479161
0.87 1.46622 0.527662
0.871 1.4076 0.573447
0.872 1.20185 0.605509
0.873 0.919338 0.615569
0.874 0.639434 0.60124
0.875 0.424727 0.566323
0.876 0.30275 0.518759
0.877 0.261633 0.467964
0.878 0.261021 0.422542
0.879 0.25282 0.388233
0.88 0.202214 0.366221
0.881 0.10043 0.352951
0.882 -0.0341464 0.3422
0.883 -0.164676 0.32838
0.884 -0.249966 0.308983
0.885 -0.259156 0.285028
0.886 -0.182421 0.259988
0.887 -0.0341135 0.238234
0.888 0.152616 0.223376
0.889 0.3371 0.21654
0.89 0.483275 0.215175
0.891 0.568018 0.213468
0.892 0.583883 0.204614
0.893 0.53722 0.183663
0.894 0.443692 0.149378
0.895 0.323053 0.104524
0.896 0.194619 0.0551067
0.897 0.0743406 0.00901033
0.898 -0.026334 -0.0259288
0.899 -0.100483 -0.0441585
0.9 -0.145577 -0.0439695
0.901 -0.163498 -0.0273758
0.902 -0.160052 0.00153778
0.903 -0.143357 0.0385282
0.904 -0.12123 0.0802689
0.905 -0.0983271 0.124564
0.906 -0.0740914 0.170224
0.907 -0.0424586 0.216711
0.908 0.00605146 0.263299
0.909 0.0799596 0.307959
0.91 0.181448 0.346843
0.911 0.302437 0.375047
0.912 0.424486 0.388209
0.913 0.523133 0.383867
0.914 0.575176 0.361909
0.915 0.566253 0.324397
0.916 0.496161 0.275199
0.917 0.380118 0.21945
0.918 0.245216 0.162609
0.919 0.122538 0.109307
0.92 0.0372349 0.0626505
0.921 0.000334014 0.0243502
0.922 0.00579346 -0.00469416
0.923 0.0340393 -0.023968
0.924 0.0602849 -0.0333101
0.925 0.064164 -0.0330124
0.926 0.0372279 -0.0237985
0.927 -0.0140099 -0.00675952
0.928 -0.0704571 0.016553
0.929 -0.107712 0.0439606
0.93 -0.105805 0.0727241
0.931 -0.0575624 0.0999537
0.932 0.0280361 0.123135
0.933 0.128919 0.140479
0.934 0.217894 0.151045
0.935 0.272107 0.154739
0.936 0.280573 0.152285
0.937 0.247416 0.145075
0.938 0.189912 0.134849
0.939 0.131953 0.123284
0.94 0.0952375 0.11172
0.941 0.0915681 0.101089
0.942 0.119267 0.0919596
0.943 0.164885 0.0846083
0.944 0.209027 0.0790965
0.945 0.23371 0.0753493
0.946 0.228608 0.0732159
0.947 0.194192 0.0724614
0.948 0.140879 0.0726806
0.949 0.0845983 0.0732239
0.95 0.0406174 0.0732403
0.951 0.018113 0.0718351
0.952 0.017558 0.068276
0.953 0.0315855 0.0621784
0.954 0.0485278 0.0536183
0.955 0.0570597 0.0431348
0.956 0.0503111 0.0316211
0.957 0.0280949 0.0201295
0.958 -0.00348009 0.00964702
0.959 -0.0347349 0.000919742
0.96 -0.0562402 -0.00562162
0.961 -0.0621186 -0.00984196
0.962 -0.051658 -0.0118198
0.963 -0.0289532 -0.01174
0.964 -0.00105387 -0.00981068
0.965 0.0245834 -0.00623954
0.966 0.0424791 -0.00127117
0.967 0.0505647 0.0047515
0.968 0.0502172 0.0113477
0.969 0.0450467 0.0179146
0.97 0.039114 0.023798
0.971 0.0353834 0.028393
0.972 0.0349297 0.0312569
0.973 0.0369772 0.0322017
0.974 0.0395595 0.0313309
0.975 0.0404831 0.0289947
0.976 0.0382447 0.0256811
0.977 0.0325702 0.0218888
0.978 0.0244038 0.0180301
0.979 0.0154317 0.0143862
0.98 0.00741899 0.0111089
0.981 0.00165302 0.00825234
0.982 -0.00134304 0.00582163
0.983 -0.00180856 0.00381883
0.984 -0.000525105 0.00226393
0.985 0.00151844 0.0011823
0.986 0.00345347 0.000571628
0.987 0.00474256 0.000374881
0.988 0.00522523 0.000478836
0.989 0.0050286 0.00073767
0.99 0.00441793 0.00100812
0.991 0.00365925 0.00118247
0.992 0.00293467 0.00120922
0.993 0.00231892 0.00109483
0.994 0.00180412 0.000886327
0.995 0.00134936 0.000643859
0.996 0.000927245 0.000416795
0.997 0.000546318 0.000233225
0.998 0.000243642 0.000102755
0.999 5.77269e-05 2.55388e-05
0.12 3.36406 0.880327
0.24 3.3744 0.881607
0.36 3.3916 0.883733
0.48 3.41559 0.886695
0.6 3.44629 0.890478
0.72 3.48359 0.895065
0.84 3.52738 0.900432
0.96 3.57749 0.906553
1.08 3.63375 0.913398
1.2 3.69598 0.920935
1.32 3.76396 0.929124
1.44 3.83746 0.937927
1.56 3.91623 0.9473
1.68 4 0.957196
1.8 4.08849 0.967567
1.92 4.18141 0.978362
2.04 4.27844 0.989525
2.16 4.37926 1.001
2.28 4.48354 1.01273
2.4 4.59094 1.02466
2.52 4.7011 1.03673
2.64 4.81366 1.04887
2.76 4.92828 1.06103
2.88 5.04456 1.07313
3 5.16216 1.08512
3.12 5.28069 1.09694
3.24 5.39979 1.10852
3.36 5.51909 1.1198
3.48 5.63823 1.13072
3.6 5.75684 1.14122
3.72 5.87457 1.15124
3.84 5.99107 1.16072
3.96 6.10601 1.16961
4.08 6.21906 1.17786
4.2 6.32989 1.18541
4.32 6.43819 1.19222
4.44 6.54369 1.19823
4.56 6.64608 1.20342
4.68 6.74512 1.20772
4.8 6.84053 1.21112
4.92 6.9321 1.21358
5.04 7.01959 1.21505
5.16 7.10282 1.21553
5.28 7.18158 1.21498
5.4 7.25572 1.21338
5.52 7.32508 1.21073
5.64 7.38953 1.207
5.76 7.44897 1.20219
5.88 7.50328 1.19629
6 7.55241 1.1893
6.12 7.59627 1.18123
6.24 7.63485 1.17207
6.36 7.6681 1.16185
6.48 7.69603 1.15058
6.6 7.71863 1.13826
6.72 7.73595 1.12493
6.84 7.74802 1.1106
6.96 7.75488 1.09531
7.08 7.75663 1.07908
7.2 7.75333 1.06194
7.32 7.74508 1.04394
7.44 7.732 1.02511
7.56 7.7142 1.00549
7.68 7.69181 0.985119
7.8 7.66497 0.96405
7.92 7.63383 0.942327
8.04 7.59855 0.919997
8.16 7.55928 0.897111
8.28 7.5162 0.873719
8.4 7.46948 0.849874
8.52 7.4193 0.825628
8.64 7.36583 0.801034
8.76 7.30927 0.776147
8.88 7.2498 0.751019
9 7.18759 0.725705
9.12 7.12285 0.700257
9.24 7.05575 0.674729
9.36 6.98649 0.649173
9.48 6.91523 0.623639
9.6 6.84216 0.598178
9.72 6.76746 0.572838
9.84 6.69131 0.547668
9.96 6.61385 0.522712
10.08 6.53527 0.498015
10.2 6.45572 0.473618
10.32 6.37535 0.449562
10.44 6.29431 0.425885
10.56 6.21274 0.402622
10.68 6.13077 0.379806
10.8 6.04854 0.357469
10.92 5.96615 0.335638
11.04 5.88374 0.31434
11.16 5.8014 0.293597
11.28 5.71923 0.273431
11.4 5.63734 0.253859
11.52 5.5558 0.234897
11.64 5.47469 0.216558
11.76 5.3941 0.198852
11.88 5.31408 0.181787
12 5.2347 0.165369
12.12 5.15602 0.149601
12.24 5.07807 0.134483
12.36 5.00091 0.120014
12.48 4.92457 0.106191
12.6 4.84909 0.0930089
12.72 4.77449 0.0804602
12.84 4.70079 0.0685363
12.96 4.62801 0.0572269
13.08 4.55616 0.0465203
13.2 4.48527 0.0364035
13.32 4.41532 0.0268627
13.44 4.34633 0.0178829
13.56 4.27829 0.00944842
13.68 4.2112 0.00154301
13.8 4.14506 -0.00585002
13.92 4.07986 -0.0127477
14.04 4.01558 -0.0191671
14.16 3.95221 -0.0251254
14.28 3.88975 -0.0306395
14.4 3.82817 -0.035726
14.52 3.76746 -0.0404014
14.64 3.7076 -0.0446812
14.76 3.64857 -0.0485805
14.88 3.59035 -0.0521138
15 3.53292 -0.0552944
15.12 3.47626 -0.0581349
15.24 3.42034 -0.0606472
15.36 3.36516 -0.0628416
15.48 3.31067 -0.0647279
15.6 3.25686 -0.0663145
15.72 3.20372 -0.0676088
15.84 3.1512 -0.0686171
15.96 3.0993 -0.0693447
16.08 3.04799 -0.0697959
16.2 2.99724 -0.0699739
16.32 2.94704 -0.069881
16.44 2.89736 -0.0695186
16.56 2.84819 -0.0688874
16.68 2.79949 -0.0679872
16.8 2.75125 -0.0668176
16.92 2.70345 -0.0653772
17.04 2.65606 -0.0636647
17.16 2.60907 -0.061678
17.28 2.56246 -0.0594154
17.4 2.51621 -0.0568749
17.52 2.4703 -0.0540546
17.64 2.42472 -0.0509529
17.76 2.37944 -0.0475686
17.88 2.33446 -0.0439011
18 2.28975 -0.0399503
18.12 2.24531 -0.0357169
18.24 2.20112 -0.0312026
18.36 2.15716 -0.02641
18.48 2.11343 -0.0213427
18.6 2.06992 -0.0160058
18.72 2.02662 -0.0104053
18.84 1.98352 -0.00454883
18.96 1.94061 0.00155461
19.08 1.8979 0.00789458
19.2 1.85537 0.0144591
19.32 1.81302 0.0212348
19.44 1.77086 0.0282066
19.56 1.72888 0.0353579
19.68 1.68709 0.0426707
19.8 1.64549 0.0501255
19.92 1.60409 0.0577012
20.04 1.56289 0.0653757
20.16 1.52191 0.0731253
20.28 1.48114 0.0809251
20.4 1.44061 0.0887495
20.52 1.40032 0.0965715
20.64 1.3603 0.104364
20.76 1.32055 0.112097
20.88 1.28109 0.119744
21 1.24195 0.127274
21.12 1.20313 0.134658
21.24 1.16467 0.141867
21.36 1.12658 0.148871
21.48 1.08888 0.155642
21.6 1.0516 0.16215
21.72 1.01476 0.168367
21.84 0.978385 0.174268
21.96 0.942498 0.179825
22.08 0.907124 0.185014
22.2 0.872286 0.189812
22.32 0.83801 0.194197
22.44 0.804319 0.198148
22.56 0.771236 0.201646
22.68 0.738786 0.204677
22.8 0.70699 0.207225
22.92 0.675869 0.209277
23.04 0.645445 0.210825
23.16 0.615736 0.21186
23.28 0.586761 0.212377
23.4 0.558538 0.212374
23.52 0.53108 0.21185
23.64 0.504403 0.210808
23.76 0.478519 0.209251
23.88 0.453438 0.207187
24 0.429169 0.204626
24.12 0.405719 0.20158
24.24 0.383093 0.198062
24.36 0.361294 0.194089
24.48 0.340325 0.18968
24.6 0.320183 0.184854
24.72 0.300866 0.179635
24.84 0.28237 0.174046
24.96 0.264689 0.168114
25.08 0.247815 0.161864
25.2 0.231737 0.155325
25.32 0.216443 0.148526
25.44 0.201921 0.141499
25.56 0.188157 0.134273
25.68 0.175132 0.12688
25.8 0.162831 0.119351
25.92 0.151234 0.11172
26.04 0.140322 0.104016
26.16 0.130074 0.0962733
26.28 0.120468 0.0885214
26.4 0.111482 0.0807914
26.52 0.103093 0.0731131
26.64 0.0952779 0.0655154
26.76 0.0880133 0.0580262
26.88 0.0812754 0.0506722
27 0.0750404 0.0434786
27.12 0.0692847 0.0364693
27.24 0.0639851 0.0296667
27.36 0.0591184 0.0230914
27.48 0.0546622 0.0167624
27.6 0.0505943 0.0106968
27.72 0.0468935 0.00490995
27.84 0.0435392 -0.000584721
27.96 0.0405116 -0.00577567
28.08 0.0377918 -0.0106533
28.2 0.0353619 -0.0152097
28.32 0.0332049 -0.0194393
28.44 0.0313048 -0.0233379
28.56 0.0296468 -0.0269033
28.68 0.0282171 -0.0301352
28.8 0.0270028 -0.0330346
28.92 0.0259922 -0.0356046
29.04 0.0251747 -0.0378495
29.16 0.0245405 -0.039775
29.28 0.0240809 -0.0413884
29.4 0.0237881 -0.0426979
29.52 0.0236551 -0.0437132
29.64 0.0236758 -0.0444445
29.76 0.0238447 -0.0449035
29.88 0.024157 -0.0451021
30 0.0246086 -0.0450532
30.12 0.0251958 -0.0447701
30.24 0.0259151 -0.0442665
30.36 0.0267638 -0.0435564
30.48 0.027739 -0.0426541
30.6 0.028838 -0.0415739
30.72 0.0300585 -0.04033
30.84 0.0313977 -0.0389366
30.96 0.032853 -0.0374075
31.08 0.0344215 -0.0357566
31.2 0.0361001 -0.0339969
31.32 0.0378853 -0.0321415
31.44 0.0397733 -0.0302026
31.56 0.0417598 -0.028192
31.68 0.04384 -0.026121
31.8 0.0460085 -0.024
31.92 0.0482596 -0.0218391
32.04 0.0505866 -0.0196475
32.16 0.0529826 -0.0174338
32.28 0.0554399 -0.0152059
32.4 0.0579502 -0.012971
32.52 0.0605046 -0.0107355
32.64 0.0630937 -0.00850556
32.76 0.0657076 -0.00628628
32.88 0.0683356 -0.00408236
33 0.070967 -0.00189792
33.12 0.0735902 0.000263458
33.24 0.0761937 0.00239868
33.36 0.0787654 0.00450509
33.48 0.0812932 0.00658043
33.6 0.0837646 0.00862279
33.72 0.0861672 0.0106306
33.84 0.0884887 0.0126024
33.96 0.0907166 0.0145371
34.08 0.0928389 0.0164337
34.2 0.0948438 0.0182914
34.32 0.0967195 0.0201093
34.44 0.0984552 0.0218866
34.56 0.10004 0.0236227
34.68 0.101464 0.0253167
34.8 0.102719 0.0269677
34.92 0.103794 0.0285749
35.04 0.104683 0.030137
35.16 0.105379 0.0316531
35.28 0.105875 0.0331218
35.4 0.106167 0.0345415
35.52 0.106251 0.0359109
35.64 0.106123 0.037228
35.76 0.105781 0.0384911
35.88 0.105225 0.0396983
36 0.104455 0.0408473
36.12 0.103472 0.0419361
36.24 0.102279 0.0429623
36.36 0.100878 0.0439238
36.48 0.099275 0.0448182
36.6 0.0974748 0.0456432
36.72 0.095484 0.0463965
36.84 0.0933101 0.047076
36.96 0.0909612 0.0476796
37.08 0.0884466 0.0482054
37.2 0.0857761 0.0486514
37.32 0.0829603 0.0490162
37.44 0.0800104 0.0492984
37.56 0.0769381 0.0494969
37.68 0.0737558 0.0496108
37.8 0.070476 0.0496396
37.92 0.0671116 0.049583
38.04 0.0636759 0.0494412
38.16 0.060182 0.0492147
38.28 0.0566435 0.0489043
38.4 0.0530735 0.0485112
38.52 0.0494854 0.0480371
38.64 0.0458923 0.0474838
38.76 0.0423068 0.0468538
38.88 0.0387415 0.0461499
39 0.0352084 0.045375
39.12 0.0317193 0.0445326
39.24 0.0282851 0.0436265
39.36 0.0249164 0.0426607
39.48 0.0216231 0.0416396
39.6 0.0184144 0.0405678
39.72 0.015299 0.0394502
39.84 0.0122846 0.0382917
39.96 0.00937821 0.0370976
40.08 0.00658625 0.0358732
40.2 0.00391418 0.0346239
40.32 0.00136673 0.0333552
40.44 -0.00105218 0.0320725
40.56 -0.00333937 0.0307814
40.68 -0.00549249 0.0294872
40.8 -0.00750989 0.0281951
40.92 -0.00939069 0.0269105
41.04 -0.0111347 0.0256383
41.16 -0.0127424 0.0243834
41.28 -0.014215 0.0231501
41.4 -0.0155542 0.021943
41.52 -0.0167622 0.0207661
41.64 -0.017842 0.0196229
41.76 -0.0187968 0.0185169
41.88 -0.0196305 0.0174512
42 -0.020347 0.0164284
42.12 -0.0209509 0.0154508
42.24 -0.021447 0.0145202
42.36 -0.0218402 0.0136382
42.48 -0.0221356 0.0128059
42.6 -0.0223388 0.012024
42.72 -0.022455 0.0112929
42.84 -0.0224898 0.0106124
42.96 -0.0224487 0.00998231
43.08 -0.0223372 0.00940171
43.2 -0.0221606 0.00886954
43.32 -0.0219244 0.00838439
43.44 -0.0216338 0.00794455
43.56 -0.0212937 0.00754803
43.68 -0.0209092 0.0071926
43.8 -0.0204848 0.00687581
43.92 -0.0200252 0.00659501
44.04 -0.0195344 0.0063474
44.16 -0.0190166 0.00613004
44.28 -0.0184754 0.00593988
44.4 -0.0179144 0.00577379
44.52 -0.0173368 0.00562861
44.64 -0.0167456 0.00550116
44.76 -0.0161436 0.00538826
44.88 -0.0155331 0.00528679
45 -0.0149165 0.00519368
45.12 -0.0142957 0.00510596
45.24 -0.0136726 0.00502077
45.36 -0.0130486 0.00493539
45.48 -0.0124252 0.00484725
45.6 -0.0118036 0.00475395
45.72 -0.0111847 0.0046533
45.84 -0.0105696 0.00454329
45.96 -0.00995888 0.00442212
46.08 -0.00935324 0.00428825
46.2 -0.00875322 0.00414031
46.32 -0.00815927 0.00397722
46.44 -0.00757179 0.0037981
46.56 -0.00699112 0.0036023
46.68 -0.00641758 0.00338944
46.8 -0.00585144 0.00315932
46.92 -0.005293 0.00291201
47.04 -0.00474252 0.00264775
47.16 -0.0042003 0.00236702
47.28 -0.00366664 0.00207046
47.4 -0.0031419 0.00175893
47.52 -0.00262643 0.00143343
47.64 -0.00212065 0.00109512
47.76 -0.001625 0.000745299
47.88 -0.00113998 0.000385389
48 -0.000666124 1.69179e-05
48.12 -0.000204001 -0.000358498
48.24 0.000245772 -0.000739169
48.36 0.000682544 -0.00112335
48.48 0.00110563 -0.00150925
48.6 0.00151433 -0.00189508
48.72 0.00190792 -0.002279
48.84 0.00228564 -0.00265922
48.96 0.00264675 -0.00303395
49.08 0.00299052 -0.00340143
49.2 0.0033162 -0.00375998
49.32 0.00362307 -0.00410794
49.44 0.00391045 -0.00444375
49.56 0.0041777 -0.00476592
49.68 0.00442419 -0.00507306
49.8 0.00464937 -0.00536385
49.92 0.00485275 -0.00563711
50.04 0.00503391 -0.00589173
50.16 0.0051925 -0.00612676
50.28 0.00532824 -0.00634131
50.4 0.00544096 -0.00653466
50.52 0.00553057 -0.00670617
50.64 0.00559708 -0.00685534
50.76 0.0056406 -0.00698178
50.88 0.00566135 -0.00708523
51 0.00565965 -0.00716551
51.12 0.00563593 -0.0072226
51.24 0.00559072 -0.00725655
51.36 0.00552466 -0.00726751
51.48 0.00543849 -0.00725576
51.6 0.00533308 -0.00722165
51.72 0.00520936 -0.00716562
51.84 0.00506838 -0.00708819
51.96 0.00491127 -0.00698996
52.08 0.00473926 -0.0068716
52.2 0.00455363 -0.00673384
52.32 0.00435577 -0.00657747
52.44 0.00414711 -0.00640334
52.56 0.00392914 -0.00621233
52.68 0.00370342 -0.00600537
52.8 0.00347152 -0.00578342
52.92 0.00323507 -0.00554747
53.04 0.00299571 -0.00529854
53.16 0.00275511 -0.00503765
53.28 0.00251491 -0.00476587
53.4 0.0022768 -0.00448424
53.52 0.00204241 -0.00419382
53.64 0.00181337 -0.00389569
53.76 0.00159127 -0.0035909
53.88 0.00137768 -0.00328051
54 0.00117409 -0.00296557
54.12 0.000981955 -0.00264711
54.24 0.000802655 -0.00232616
54.36 0.000637502 -0.00200371
54.48 0.000487722 -0.00168075
54.6 0.000354458 -0.00135825
54.72 0.000238757 -0.00103713
54.84 0.000141565 -0.000718317
54.96 6.3723e-05 -0.000402679
55.08 5.96305e-06 -9.10712e-05
55.2 -3.10989e-05 0.00021569
55.32 -4.69647e-05 0.000516821
55.44 -4.12574e-05 0.000811574
55.56 -1.37236e-05 0.00109924
55.68 3.57645e-05 0.00137916
55.8 0.000107209 0.00165069
55.92 0.000200485 0.00191325
56.04 0.000315342 0.00216631
56.16 0.000451403 0.00240937
56.28 0.000608171 0.00264199
56.4 0.000785025 0.00286375
56.52 0.000981228 0.00307433
56.64 0.00119593 0.00327341
56.76 0.00142817 0.00346075
56.88 0.00167688 0.00363617
57 0.00194092 0.00379951
57.12 0.00221901 0.00395069
57.24 0.00250982 0.00408967
57.36 0.00281195 0.00421647
57.48 0.00312391 0.00433116
57.6 0.00344415 0.00443386
57.72 0.00377108 0.00452474
57.84 0.00410307 0.00460402
57.96 0.00443844 0.00467197
58.08 0.00477551 0.00472891
58.2 0.00511257 0.00477518
58.32 0.00544792 0.00481118
58.44 0.00577986 0.00483735
58.56 0.00610671 0.00485415
58.68 0.00642682 0.00486209
58.8 0.00673858 0.00486168
58.92 0.00704043 0.00485349
59.04 0.00733086 0.00483807
59.16 0.00760842 0.00481602
59.28 0.00787176 0.00478793
59.4 0.00811961 0.00475439
59.52 0.00835076 0.00471601
59.64 0.00856414 0.00467339
59.76 0.00875876 0.00462712
59.88 0.00893375 0.00457777
60 0.00908835 0.00452592
60.12 0.00922193 0.00447211
60.24 0.00933397 0.00441685
60.36 0.00942408 0.00436062
60.48 0.00949201 0.0043039
60.6 0.00953761 0.00424709
60.72 0.00956089 0.00419059
60.84 0.00956196 0.00413474
60.96 0.00954106 0.00407983
61.08 0.00949856 0.00402613
61.2 0.00943492 0.00397385
61.32 0.00935075 0.00392315
61.44 0.00924673 0.00387415
61.56 0.00912366 0.00382693
61.68 0.00898242 0.00378151
61.8 0.00882399 0.00373788
61.92 0.00864942 0.00369598
62.04 0.00845981 0.00365572
62.16 0.00825635 0.00361695
62.28 0.00804025 0.0035795
62.4 0.00781279 0.00354318
62.52 0.00757526 0.00350775
62.64 0.00732898 0.00347297
62.76 0.00707527 0.00343854
62.88 0.00681548 0.0034042
63 0.00655092 0.00336962
63.12 0.00628291 0.00333452
63.24 0.00601274 0.00329857
63.36 0.00574167 0.00326147
63.48 0.00547092 0.00322291
63.6 0.00520167 0.00318262
63.72 0.00493504 0.00314031
63.84 0.00467212 0.00309574
63.96 0.00441391 0.00304866
64.08 0.00416137 0.00299887
64.2 0.0039154 0.00294619
64.32 0.0036768 0.00289048
64.44 0.00344636 0.00283162
64.56 0.00322474 0.00276955
64.68 0.00301259 0.0027042
64.8 0.00281046 0.00263559
64.92 0.00261885 0.00256373
65.04 0.0024382 0.00248871
65.16 0.0022689 0.00241062
65.28 0.00211128 0.0023296
65.4 0.00196564 0.00224583
65.52 0.00183221 0.00215949
65.64 0.00171122 0.00207082
65.76 0.00160284 0.00198007
65.88 0.00150723 0.00188751
66 0.00142453 0.00179342
66.12 0.00135486 0.00169811
66.24 0.00129833 0.00160189
66.36 0.00125505 0.00150507
66.48 0.00122514 0.00140796
66.6 0.00120871 0.00131087
66.72 0.00120588 0.00121409
66.84 0.0012168 0.00111792
66.96 0.00124162 0.00102262
67.08 0.00128049 0.000928434
67.2 0.00133361 0.000835591
67.32 0.00140118 0.000744282
67.44 0.00148342 0.000654672
67.56 0.00158054 0.000566893
67.68 0.00169281 0.000481041
67.8 0.00182047 0.000397178
67.92 0.00196379 0.000315328
68.04 0.00212302 0.000235481
68.16 0.00229842 0.00015759
68.28 0.00249025 8.15719e-05
68.4 0.00269873 7.31347e-06
68.52 0.00292409 -6.5331e-05
68.64 0.00316649 -0.000136534
68.76 0.0034261 -0.000206494
68.88 0.00370302 -0.000275426
69 0.00399731 -0.000343566
69.12 0.00430896 -0.000411156
69.24 0.00463793 -0.000478448
69.36 0.00498407 -0.000545691
69.48 0.00534718 -0.000613132
69.6 0.00572699 -0.000681005
69.72 0.00612313 -0.000749527
69.84 0.00653513 -0.000818894
69.96 0.00696247 -0.000889272
70.08 0.0074045 -0.000960793
70.2 0.0078605 -0.00103355
70.32 0.00832966 -0.00110759
70.44 0.00881107 -0.00118292
70.56 0.00930373 -0.00125949
70.68 0.00980657 -0.00133718
70.8 0.0103184 -0.00141584
70.92 0.0108381 -0.00149523
71.04 0.0113644 -0.00157507
71.16 0.0118958 -0.00165501
71.28 0.012431 -0.00173465
71.4 0.0129686 -0.0018135
71.52 0.0135071 -0.00189105
71.64 0.0140451 -0.00196671
71.76 0.0145812 -0.00203986
71.88 0.0151139 -0.00210982
72 0.0156418 -0.00217588
72.12 0.0161635 -0.00223729
72.24 0.0166777 -0.00229328
72.36 0.0171832 -0.00234306
72.48 0.0176788 -0.00238585
72.6 0.0181633 -0.00242084
72.72 0.0186358 -0.00244726
72.84 0.0190955 -0.00246435
72.96 0.0195415 -0.00247137
73.08 0.0199731 -0.00246764
73.2 0.02039 -0.00245252
73.32 0.0207917 -0.00242544
73.44 0.0211779 -0.00238588
73.56 0.0215485 -0.00233341
73.68 0.0219036 -0.00226771
73.8 0.0222433 -0.00218852
73.92 0.0225678 -0.00209571
74.04 0.0228777 -0.00198923
74.16 0.0231733 -0.00186918
74.28 0.0234552 -0.00173573
74.4 0.0237242 -0.00158921
74.52 0.0239809 -0.00143004
74.64 0.0242263 -0.00125878
74.76 0.0244611 -0.00107609
74.88 0.0246862 -0.000882761
75 0.0249025 -0.000679667
75.12 0.0251107 -0.000467802
75.24 0.0253118 -0.000248248
75.36 0.0255065 -2.2171e-05
75.48 0.0256953 0.000209191
75.6 0.025879 0.000444539
75.72 0.0260578 0.000682525
75.84 0.0262322 0.000921772
75.96 0.0264021 0.00116088
76.08 0.0265677 0.00139846
76.2 0.0267287 0.00163311
76.32 0.0268846 0.0018635
76.44 0.0270348 0.00208833
76.56 0.0271785 0.00230635
76.68 0.0273144 0.00251642
76.8 0.0274415 0.0027175
76.92 0.0275579 0.00290866
77.04 0.0276621 0.00308911
77.16 0.0277521 0.00325819
77.28 0.0278255 0.00341542
77.4 0.0278801 0.00356048
77.52 0.0279133 0.00369324
77.64 0.0279223 0.00381377
77.76 0.0279044 0.0039223
77.88 0.0278566 0.0040193
78 0.0277758 0.0041054
78.12 0.0276591 0.00418147
78.24 0.0275032 0.00424854
78.36 0.0273053 0.00430785
78.48 0.0270624 0.0043608
78.6 0.0267715 0.00440899
78.72 0.02643 0.00445413
78.84 0.0260353 0.0044981
78.96 0.0255853 0.00454288
79.08 0.0250778 0.00459054
79.2 0.0245113 0.00464323
79.32 0.0238844 0.00470315
79.44 0.0231961 0.00477249
79.56 0.022446 0.00485345
79.68 0.0216341 0.00494818
79.8 0.0207608 0.00505875
79.92 0.0198272 0.00518711
80.04 0.0188348 0.0053351
80.16 0.0177856 0.00550434
80.28 0.0166825 0.00569629
80.4 0.0155286 0.00591215
80.52 0.0143279 0.00615284
80.64 0.0130848 0.00641901
80.76 0.0118043 0.00671098
80.88 0.0104922 0.00702871
81 0.0091545 0.0073718
81.12 0.00779795 0.00773948
81.24 0.00642972 0.00813056
81.36 0.00505744 0.00854346
81.48 0.00368916 0.00897616
81.6 0.00233329 0.00942625
81.72 0.000998533 0.0098909
81.84 -0.000306147 0.0103669
81.96 -0.0015716 0.0108505
82.08 -0.00278857 0.0113378
82.2 -0.00394775 0.0118244
82.32 -0.00503984 0.0123057
82.44 -0.00605568 0.0127766
82.56 -0.00698627 0.0132319
82.68 -0.00782288 0.0136663
82.8 -0.0085571 0.0140741
82.92 -0.00918098 0.0144496
83.04 -0.00968702 0.0147871
83.16 -0.0100683 0.0150809
83.28 -0.0103187 0.0153254
83.4 -0.0104325 0.0155149
83.52 -0.010405 0.0156442
83.64 -0.0102324 0.0157083
83.76 -0.00991166 0.0157025
83.88 -0.00944067 0.0156225
84 -0.00881844 0.0154645
84.12 -0.00804496 0.0152255
84.24 -0.00712127 0.0149026
84.36 -0.00604953 0.0144942
84.48 -0.00483297 0.013999
84.6 -0.00347596 0.0134168
84.72 -0.00198394 0.012748
84.84 -0.000363452 0.0119941
84.96 0.0013779 0.0111576
85.08 0.00323148 0.0102419
85.2 0.00518764 0.00925132
85.32 0.00723581 0.00819139
85.44 0.00936451 0.00706861
85.56 0.0115614 0.00589056
85.68 0.0138135 0.00466584
85.8 0.0161071 0.0034041
85.92 0.0184278 0.00211599
86.04 0.0207608 0.000813132
86.16 0.0230909 -0.000491934
86.28 0.0254026 -0.00178579
86.4 0.0276802 -0.00305422
86.52 0.0299078 -0.00428228
86.64 0.0320698 -0.00545437
86.76 0.0341505 -0.00655433
86.88 0.0361345 -0.00756559
87 0.0380067 -0.00847118
87.12 0.0397525 -0.00925394
87.24 0.041358 -0.00989659
87.36 0.0428097 -0.0103819
87.48 0.0440951 -0.0106927
87.6 0.0452024 -0.0108123
87.72 0.0461209 -0.0107243
87.84 0.0468406 -0.0104129
87.96 0.047353 -0.00986293
88.08 0.0476504 -0.0090603
88.2 0.0477264 -0.00799176
88.32 0.0475761 -0.00664521
88.44 0.0471955 -0.00500986
88.56 0.0465821 -0.00307628
88.68 0.0457346 -0.000836587
88.8 0.0446533 0.00171549
88.92 0.0433395 0.00458448
89.04 0.0417959 0.00777306
89.16 0.0400267 0.011282
89.28 0.0380369 0.0151101
89.4 0.035833 0.0192541
89.52 0.0334227 0.0237085
89.64 0.0308146 0.0284659
89.76 0.0280184 0.0335167
89.88 0.0250445 0.0388489
90 0.0219046 0.0444487
90.12 0.0186107 0.0502999
90.24 0.0151758 0.0563845
90.36 0.0116132 0.0626821
90.48 0.00793688 0.0691707
90.6 0.00416099 0.0758263
90.72 0.000300062 0.0826232
90.84 -0.00363129 0.0895341
90.96 -0.00761839 0.0965301
91.08 -0.0116466 0.103581
91.2 -0.0157015 0.110656
91.32 -0.0197689 0.117721
91.44 -0.023835 0.124745
91.56 -0.0278862 0.131693
91.68 -0.0319098 0.138531
91.8 -0.0358934 0.145224
91.92 -0.0398254 0.151738
92.04 -0.0436948 0.158039
92.16 -0.0474914 0.164092
92.28 -0.051206 0.169864
92.4 -0.0548299 0.175323
92.52 -0.0583555 0.180437
92.64 -0.061776 0.185176
92.76 -0.0650855 0.189511
92.88 -0.068279 0.193415
93 -0.0713523 0.196863
93.12 -0.074302 0.199832
93.24 -0.0771257 0.2023
93.36 -0.0798216 0.204249
93.48 -0.0823887 0.205663
93.6 -0.0848266 0.206528
93.72 -0.0871356 0.206832
93.84 -0.0893166 0.206568
93.96 -0.0913709 0.205731
94.08 -0.0933001 0.204317
94.2 -0.0951064 0.202327
94.32 -0.096792 0.199766
94.44 -0.0983595 0.196638
94.56 -0.0998115 0.192954
94.68 -0.101151 0.188726
94.8 -0.10238 0.183968
94.92 -0.103501 0.178698
95.04 -0.104516 0.172937
95.16 -0.105429 0.166707
95.28 -0.106239 0.160033
95.4 -0.10695 0.152943
95.52 -0.107561 0.145466
95.64 -0.108074 0.137633
95.76 -0.108488 0.129477
95.88 -0.108803 0.121033
96 -0.109018 0.112335
96.12 -0.109132 0.103421
96.24 -0.109143 0.0943286
96.36 -0.109048 0.0850948
96.48 -0.108845 0.0757584
96.6 -0.10853 0.0663576
96.72 -0.1081 0.0569308
96.84 -0.107549 0.0475158
96.96 -0.106875 0.0381501
97.08 -0.106072 0.02887
97.2 -0.105135 0.0197112
97.32 -0.10406 0.0107078
97.44 -0.102842 0.00189278
97.56 -0.101475 -0.00670268
97.68 -0.0999549 -0.0150491
97.8 -0.0982775 -0.0231188
97.92 -0.0964383 -0.0308863
98.04 -0.0944336 -0.0383284
98.16 -0.0922601 -0.0454238
98.28 -0.089915 -0.052154
98.4 -0.0873964 -0.0585027
98.52 -0.0847031 -0.064456
98.64 -0.0818345 -0.0700027
98.76 -0.0787912 -0.0751341
98.88 -0.0755746 -0.079844
99 -0.0721872 -0.0841286
99.12 -0.0686324 -0.0879867
99.24 -0.0649151 -0.0914193
99.36 -0.0610409 -0.09443
99.48 -0.0570167 -0.0970244
99.6 -0.0528509 -0.0992102
99.72 -0.0485525 -0.100997
99.84 -0.0441322 -0.102397
99.96 -0.0396014 -0.103423
100.08 -0.0349729 -0.10409
100.2 -0.0302605 -0.104415
100.32 -0.0254788 -0.104414
100.44 -0.0206435 -0.104107
100.56 -0.0157712 -0.103513
100.68 -0.010879 -0.102652
100.8 -0.00598505 -0.101544
100.92 -0.00110767 -0.100211
101.04 0.00373417 -0.0986734
101.16 0.00852125 -0.0969523
101.28 0.0132342 -0.0950685
101.4 0.0178534 -0.0930425
101.52 0.0223596 -0.090894
101.64 0.0267336 -0.0886423
101.76 0.0309566 -0.0863056
101.88 0.0350103 -0.0839013
102 0.038877 -0.0814458
102.12 0.0425399 -0.078954
102.24 0.0459831 -0.07644
102.36 0.0491916 -0.0739161
102.48 0.0521518 -0.0713935
102.6 0.0548512 -0.0688818
102.72 0.0572787 -0.0663893
102.84 0.059425 -0.0639226
102.96 0.061282 -0.0614869
103.08 0.0628435 -0.059086
103.2 0.0641051 -0.0567222
103.32 0.0650639 -0.0543963
103.44 0.0657192 -0.0521078
103.56 0.0660719 -0.0498552
103.68 0.0661249 -0.0476354
103.8 0.065883 -0.0454444
103.92 0.0653527 -0.0432772
104.04 0.0645425 -0.041128
104.16 0.0634627 -0.0389899
104.28 0.0621253 -0.0368558
104.4 0.0605437 -0.0347178
104.52 0.0587333 -0.0325677
104.64 0.0567107 -0.0303969
104.76 0.0544938 -0.028197
104.88 0.052102 -0.0259593
105 0.0495555 -0.0236754
105.12 0.0468758 -0.0213374
105.24 0.0440848 -0.0189373
105.36 0.0412053 -0.0164682
105.48 0.0382605 -0.0139234
105.6 0.0352739 -0.0112972
105.72 0.0322692 -0.00858477
105.84 0.02927 -0.00578204
105.96 0.0262996 -0.00288612
106.08 0.0233811 0.000104847
106.2 0.0205368 0.00319157
106.32 0.0177883 0.00637358
106.44 0.0151565 0.00964918
106.56 0.0126611 0.0130154
106.68 0.0103204 0.0164682
106.8 0.00815161 0.020002
106.92 0.00617034 0.0236104
107.04 0.00439061 0.0272855
107.16 0.00282471 0.0310183
107.28 0.00148312 0.0347991
107.4 0.000374441 0.0386166
107.52 -0.00049468 0.0424592
107.64 -0.0011196 0.046314
107.76 -0.00149771 0.0501675
107.88 -0.00162846 0.0540058
108 -0.00151332 0.0578143
108.12 -0.00115582 0.0615778
108.24 -0.000561485 0.0652814
108.36 0.000262228 0.0689095
108.48 0.00130597 0.0724468
108.6 0.0025586 0.0758781
108.72 0.00400728 0.0791885
108.84 0.00563756 0.0823633
108.96 0.00743356 0.0853886
109.08 0.00937807 0.088251
109.2 0.0114527 0.0909379
109.32 0.013638 0.0934377
109.44 0.0159137 0.0957396
109.56 0.018259 0.0978341
109.68 0.0206523 0.0997128
109.8 0.0230721 0.101369
109.92 0.0254964 0.102796
110.04 0.0279035 0.10399
110.16 0.0302719 0.104949
110.28 0.0325808 0.105671
110.4 0.0348096 0.106156
110.52 0.0369389 0.106406
110.64 0.0389502 0.106424
110.76 0.0408262 0.106215
110.88 0.042551 0.105786
111 0.0441101 0.105145
111.12 0.0454906 0.104299
111.24 0.0466815 0.103261
111.36 0.0476735 0.102043
111.48 0.0484596 0.100656
111.6 0.0490344 0.0991156
111.72 0.0493949 0.0974368
111.84 0.0495403 0.0956355
111.96 0.0494717 0.0937285
112.08 0.0491928 0.0917332
112.2 0.0487091 0.0896675
112.32 0.0480285 0.0875496
112.44 0.047161 0.0853979
112.56 0.0461186 0.0832309
112.68 0.0449154 0.0810669
112.8 0.0435671 0.0789242
112.92 0.0420916 0.0768204
113.04 0.040508 0.0747727
113.16 0.0388372 0.0727977
113.28 0.0371014 0.070911
113.4 0.0353239 0.0691274
113.52 0.0335289 0.0674606
113.64 0.0317416 0.0659231
113.76 0.0299877 0.0645262
113.88 0.0282933 0.0632796
114 0.0266847 0.0621918
114.12 0.0251881 0.0612695
114.24 0.0238297 0.0605179
114.36 0.0226348 0.0599406
114.48 0.0216284 0.0595394
114.6 0.0208345 0.0593144
114.72 0.0202758 0.059264
114.84 0.0199741 0.0593848
114.96 0.0199494 0.0596717
115.08 0.0202201 0.060118
115.2 0.0208027 0.0607151
115.32 0.0217118 0.0614532
115.44 0.0229598 0.0623207
115.56 0.0245568 0.0633045
115.68 0.0265105 0.0643903
115.8 0.0288262 0.0655625
115.92 0.0315065 0.0668044
116.04 0.0345515 0.0680983
116.16 0.0379584 0.0694253
116.28 0.041722 0.0707662
116.4 0.0458342 0.072101
116.52 0.0502843 0.0734091
116.64 0.0550589 0.0746697
116.76 0.0601421 0.075862
116.88 0.0655155 0.076965
117 0.0711583 0.0779579
117.12 0.0770473 0.0788202
117.24 0.0831572 0.079532
117.36 0.0894608 0.0800739
117.48 0.0959289 0.0804273
117.6 0.102531 0.0805746
117.72 0.109234 0.0804992
117.84 0.116006 0.0801856
117.96 0.12281 0.0796197
118.08 0.129613 0.0787888
118.2 0.136378 0.0776819
118.32 0.143069 0.0762892
118.44 0.149648 0.0746031
118.56 0.156081 0.0726175
118.68 0.16233 0.0703281
118.8 0.168361 0.0677325
118.92 0.174138 0.0648303
119.04 0.179629 0.0616231
119.16 0.1848 0.0581141
119.28 0.189622 0.0543088
119.4 0.194065 0.0502143
119.52 0.198101 0.0458399
119.64 0.201707 0.0411963
119.76 0.204858 0.0362964
119.88 0.207535 0.0311546
120 0.209719 0.0257868
