-0.999 -3.29706e-05 -4.27261e-05
-0.998 -0.000135887 -0.000172392
-0.997 -0.000331838 -0.000376145
-0.996 -0.000660678 -0.000634572
-0.995 -0.00115216 -0.000938599
-0.994 -0.00178796 -0.00129243
-0.993 -0.00247973 -0.00169647
-0.992 -0.00308319 -0.00212085
-0.991 -0.00344384 -0.00248936
-0.99 -0.00345464 -0.00269078
-0.989 -0.00310629 -0.00262237
-0.988 -0.00250965 -0.00225521
-0.987 -0.00186782 -0.00169427
-0.986 -0.00139681 -0.00119474
-0.985 -0.00123665 -0.00110748
-0.984 -0.00141341 -0.00176455
-0.983 -0.00187723 -0.0033555
-0.982 -0.00258697 -0.00585347
-0.981 -0.0035947 -0.00902602
-0.98 -0.00510257 -0.0125298
-0.979 -0.007465 -0.0160548
-0.978 -0.0110937 -0.0194578
-0.977 -0.0162593 -0.0228161
-0.976 -0.02288 -0.0263521
-0.975 -0.0304345 -0.0302411
-0.974 -0.0380559 -0.034395
-0.973 -0.0447343 -0.0383383
-0.972 -0.0495245 -0.0412542
-0.971 -0.0517311 -0.0422061
-0.97 -0.0510703 -0.040467
-0.969 -0.0477377 -0.0358426
-0.968 -0.0422751 -0.0288471
-0.967 -0.035269 -0.0206281
-0.966 -0.027104 -0.0126346
-0.965 -0.0179692 -0.00615114
-0.964 -0.00806772 -0.00190113
-0.963 0.00219446 0.000109356
-0.962 0.0121609 0.000454559
-0.961 0.0209492 -7.5947e-05
-0.96 0.0274776 -0.000926793
-0.959 0.0305839 -0.00212154
-0.958 0.0293476 -0.00432483
-0.957 0.0234917 -0.0085479
-0.956 0.0135441 -0.0155968
-0.955 0.000591641 -0.0255215
-0.954 -0.0141845 -0.0373589
-0.953 -0.0298748 -0.0493201
-0.952 -0.0459831 -0.0593533
-0.951 -0.0624236 -0.0658636
-0.95 -0.0794089 -0.0683293
-0.949 -0.0971589 -0.0675744
-0.948 -0.115453 -0.0655521
-0.947 -0.133299 -0.0646736
-0.946 -0.149036 -0.0669184
-0.945 -0.160882 -0.0731036
-0.944 -0.167623 -0.0826549
-0.943 -0.169136 -0.0939887
-0.942 -0.166598 -0.105306
-0.941 -0.16227 -0.115414
-0.94 -0.158758 -0.124206
-0.939 -0.157832 -0.132573
-0.938 -0.159324 -0.141797
-0.937 -0.160765 -0.152662
-0.936 -0.158057 -0.16464
-0.935 -0.146891 -0.175543
-0.934 -0.124356 -0.181911
-0.933 -0.0902941 -0.18013
-0.932 -0.0480167 -0.16787
-0.931 -0.00393056 -0.145224
-0.93 0.0341667 -0.115016
-0.929 0.0596726 -0.0821107
-0.928 0.0695031 -0.0520225
-0.927 0.0650005 -0.0293563
-0.926 0.0510618 -0.0166194
-0.925 0.0339867 -0.013815
-0.924 0.0188542 -0.0190206
-0.923 0.00721525 -0.0297843
-0.922 -0.0040603 -0.0447382
-0.921 -0.0220324 -0.0646092
-0.92 -0.0549037 -0.0920132
-0.919 -0.108089 -0.130013
-0.918 -0.180806 -0.18007
-0.917 -0.264746 -0.240301
-0.916 -0.345474 -0.304797
-0.915 -0.406185 -0.364397
-0.914 -0.432694 -0.408856
-0.913 -0.418075 -0.429804
-0.912 -0.365271 -0.423422
-0.911 -0.286571 -0.391728
-0.91 -0.199987 -0.341829
-0.909 -0.123625 -0.28339
-0.908 -0.0699651 -0.225328
-0.907 -0.0420521 -0.173056
-0.906 -0.033101 -0.127342
-0.905 -0.0298458 -0.0852054
-0.904 -0.0184948 -0.0425084
-0.903 0.00902883 0.00281542
-0.902 0.0509904 0.0483165
-0.901 0.0954387 0.0865733
-0.9 0.123807 0.107158
-0.899 0.117585 0.100402
-0.898 0.0659501 0.0615239
-0.897 -0.028526 -0.00656654
-0.896 -0.148626 -0.0930197
-0.895 -0.266582 -0.181632
-0.894 -0.352118 -0.255479
-0.893 -0.381647 -0.302018
-0.892 -0.345814 -0.316835
-0.891 -0.253064 -0.30456
-0.89 -0.127631 -0.276559
-0.889 -0.00205294 -0.246297
-0.888 0.0933456 -0.224229
-0.887 0.139934 -0.214274
-0.886 0.135616 -0.213208
-0.885 0.0937338 -0.213077
-0.884 0.0371342 -0.205612
-0.883 -0.0106385 -0.186944
-0.882 -0.0347426 -0.160732
-0.881 -0.0358092 -0.138217
-0.88 -0.0306531 -0.134826
-0.879 -0.0458655 -0.16448
-0.878 -0.106996 -0.233902
-0.877 -0.228134 -0.339326
-0.876 -0.405702 -0.466861
-0.875 -0.617647 -0.596218
-0.874 -0.827633 -0.706479
-0.873 -0.993857 -0.782149
-0.872 -1.08117 -0.817545
-0.871 -1.07249 -0.81776
-0.87 -0.974246 -0.795585
-0.869 -0.813595 -0.765654
-0.868 -0.629384 -0.738464
-0.867 -0.460926 -0.716843
-0.866 -0.337643 -0.695948
-0.865 -0.271162 -0.666237
-0.864 -0.251824 -0.618118
-0.863 -0.252287 -0.54682
-0.862 -0.238374 -0.455777
-0.861 -0.182713 -0.356777
-0.86 -0.0750499 -0.266326
-0.859 0.0739955 -0.199685
-0.858 0.235396 -0.165427
-0.857 0.369118 -0.162911
-0.856 0.435711 -0.183286
-0.855 0.410192 -0.213014
-0.854 0.292993 -0.238557
-0.853 0.111794 -0.250968
-0.852 -0.0873402 -0.248971
-0.851 -0.255004 -0.239097
-0.85 -0.353691 -0.232587
-0.849 -0.369668 -0.24062
-0.848 -0.319292 -0.27036
-0.847 -0.246763 -0.323551
-0.846 -0.210966 -0.397454
-0.845 -0.263996 -0.486725
-0.844 -0.430369 -0.585202
-0.843 -0.696638 -0.687357
-0.842 -1.01457 -0.789128
-0.841 -1.31434 -0.887536
-0.84 -1.52318 -0.978945
-0.839 -1.58636 -1.05714
-0.838 -1.48555 -1.11301
-0.837 -1.24673 -1.13664
-0.836 -0.931741 -1.12029
-0.835 -0.615322 -1.06039
-0.834 -0.358536 -0.957497
-0.833 -0.190001 -0.815404
-0.832 -0.0995934 -0.64023
-0.831 -0.0438669 -0.439538
-0.83 0.0379183 -0.221353
-0.829 0.199236 0.00619436
-0.828 0.46059 0.233424
-0.827 0.79441 0.446188
-0.826 1.12917 0.624007
-0.825 1.37132 0.741827
-0.824 1.43482 0.77534
-0.823 1.26766 0.707301
-0.822 0.869381 0.532231
-0.821 0.295596 0.258506
-0.82 -0.354434 -0.0922047
-0.819 -0.966284 -0.488502
-0.818 -1.44512 -0.896038
-0.817 -1.74242 -1.28565
-0.816 -1.86485 -1.63891
-0.815 -1.86496 -1.94816
-0.814 -1.81971 -2.21165
-0.813 -1.80325 -2.42715
-0.812 -1.85987 -2.5873
-0.811 -1.98633 -2.67794
-0.81 -2.13291 -2.67977
-0.809 -2.2244 -2.57394
-0.808 -2.19083 -2.3506
-0.807 -1.99395 -2.01719
-0.806 -1.64115 -1.6016
-0.805 -1.18625 -1.14796
-0.804 -0.718438 -0.70698
-0.803 -0.339753 -0.325169
-0.802 -0.13443 -0.0359574
-0.801 -0.1414 0.145598
-0.8 -0.342906 0.223514
-0.799 -0.673287 0.215777
-0.798 -1.04052 0.144617
-0.797 -1.35009 0.0268176
-0.796 -1.52638 -0.130842
-0.795 -1.53124 -0.329434
-0.794 -1.3762 -0.571721
-0.793 -1.12074 -0.855995
-0.792 -0.852982 -1.17195
-0.791 -0.660337 -1.49862
-0.79 -0.60291 -1.80526
-0.789 -0.698128 -2.05661
-0.788 -0.916675 -2.22194
-0.787 -1.18786 -2.28336
-0.786 -1.41629 -2.23891
-0.785 -1.51138 -2.09987
-0.784 -1.42223 -1.88549
-0.783 -1.16228 -1.61907
-0.782 -0.811042 -1.326
-0.781 -0.49196 -1.03147
-0.78 -0.335199 -0.757744
-0.779 -0.436796 -0.522455
-0.778 -0.823701 -0.339004
-0.777 -1.43475 -0.217052
-0.776 -2.12878 -0.161365
-0.775 -2.7239 -0.169775
-0.774 -3.05711 -0.233464
-0.773 -3.04177 -0.341549
-0.772 -2.70148 -0.487582
-0.771 -2.16804 -0.673097
-0.77 -1.64331 -0.90595
-0.769 -1.33511 -1.19463
-0.768 -1.38423 -1.54048
-0.767 -1.80735 -1.92966
-0.766 -2.48059 -2.32805
-0.765 -3.17454 -2.68277
-0.764 -3.62949 -2.93263
-0.763 -3.6446 -3.02541
-0.762 -3.1507 -2.93516
-0.761 -2.24192 -2.67243
-0.76 -1.15343 -2.28348
-0.759 -0.18845 -1.83812
-0.758 0.385175 -1.40863
-0.757 0.432141 -1.04603
-0.756 0.00113162 -0.763809
-0.755 -0.691425 -0.53743
-0.754 -1.33938 -0.321079
-0.753 -1.65857 -0.0745373
-0.752 -1.4939 0.211394
-0.751 -0.885566 0.500664
-0.75 -0.0699823 0.714128
-0.749 0.590435 0.749501
-0.748 0.730648 0.515635
-0.747 0.116964 -0.0299686
-0.746 -1.2602 -0.856703
-0.745 -3.17141 -1.8621
-0.744 -5.21656 -2.89957
-0.743 -6.95094 -3.82144
-0.742 -8.02512 -4.52084
-0.741 -8.2934 -4.95856
-0.74 -7.8561 -5.16693
-0.739 -7.01898 -5.2287
-0.738 -6.17926 -5.23677
-0.737 -5.67699 -5.24913
-0.736 -5.66802 -5.25876
-0.735 -6.06781 -5.19276
-0.734 -6.58636 -4.94192
-0.733 -6.83831 -4.40867
-0.732 -6.48656 -3.55394
-0.731 -5.37095 -2.42509
-0.73 -3.58053 -1.15474
-0.729 -1.44334 0.0704698
-0.728 0.567103 1.06163
-0.727 1.98033 1.68259
-0.726 2.48057 1.8876
-0.725 2.00614 1.72767
-0.724 0.761546 1.32357
-0.723 -0.85782 0.816324
-0.722 -2.39805 0.314709
-0.721 -3.49105 -0.140348
-0.72 -3.96613 -0.581583
-0.719 -3.89462 -1.09029
-0.718 -3.55282 -1.75081
-0.717 -3.31414 -2.60343
-0.716 -3.50802 -3.6143
-0.715 -4.29769 -4.67393
-0.714 -5.62042 -5.62436
-0.713 -7.20671 -6.30588
-0.712 -8.66688 -6.60641
-0.711 -9.61444 -6.49521
-0.71 -9.7882 -6.02842
-0.709 -9.13606 -5.3246
-0.708 -7.83274 -4.5212
-0.707 -6.22382 -3.73056
-0.706 -4.71616 -3.01237
-0.705 -3.65443 -2.36974
-0.704 -3.22358 -1.76692
-0.703 -3.40248 -1.16004
-0.702 -3.9783 -0.52848
-0.701 -4.61729 0.105204
-0.7 -4.97375 0.675027
-0.699 -4.80427 1.09147
-0.698 -4.04874 1.27256
-0.697 -2.85133 1.17128
-0.696 -1.51945 0.787861
-0.695 -0.437399 0.164677
-0.694 0.0433871 -0.630752
-0.693 -0.28782 -1.52523
-0.692 -1.42608 -2.45382
-0.691 -3.13923 -3.36478
-0.69 -5.03151 -4.21662
-0.689 -6.66279 -4.97038
-0.688 -7.67978 -5.58274
-0.687 -7.91805 -6.00585
-0.686 -7.4506 -6.19658
-0.685 -6.57126 -6.1323
-0.684 -5.70831 -5.82488
-0.683 -5.28334 -5.32301
-0.682 -5.55966 -4.69849
-0.681 -6.54061 -4.02297
-0.68 -7.96054 -3.34744
-0.679 -9.36969 -2.69438
-0.678 -10.2794 -2.06463
-0.677 -10.3238 -1.4549
-0.676 -9.39591 -0.8795
-0.675 -7.71486 -0.389098
-0.674 -5.7863 -0.0767263
-0.673 -4.25324 -0.0611665
-0.672 -3.68523 -0.447633
-0.671 -4.38473 -1.28107
-0.67 -6.27953 -2.51478
-0.669 -8.93187 -4.00972
-0.668 -11.6588 -5.56443
-0.667 -13.7342 -6.96353
-0.666 -14.6192 -8.03023
-0.665 -14.1433 -8.66941
-0.664 -12.5622 -8.88649
-0.663 -10.4624 -8.77038
-0.662 -8.55003 -8.44383
-0.661 -7.40443 -8.00287
-0.66 -7.27584 -7.47345
-0.659 -7.99056 -6.80431
-0.658 -8.99871 -5.89647
-0.657 -9.56478 -4.65629
-0.656 -9.04591 -3.05414
-0.655 -7.15298 -1.16879
-0.654 -4.08861 0.803152
-0.653 -0.511237 2.58403
-0.652 2.65595 3.8884
-0.651 4.50665 4.50452
-0.65 4.44126 4.35291
-0.649 2.37644 3.50311
-0.648 -1.20645 2.14635
-0.647 -5.40918 0.534307
-0.646 -9.21424 -1.09818
-0.645 -11.8166 -2.60041
-0.644 -12.8673 -3.93549
-0.643 -12.5557 -5.15973
-0.642 -11.5171 -6.36478
-0.641 -10.5951 -7.61125
-0.64 -10.5282 -8.88114
-0.639 -11.6615 -10.0628
-0.638 -13.7999 -10.9709
-0.637 -16.2681 -11.3974
-0.636 -18.1502 -11.1816
-0.635 -18.6111 -10.2742
-0.634 -17.1859 -8.76398
-0.633 -13.9525 -6.85582
-0.632 -9.53739 -4.81199
-0.631 -4.94155 -2.88463
-0.63 -1.22995 -1.26139
-0.629 0.810658 -0.0332786
-0.628 0.916812 0.811532
-0.627 -0.591142 1.36388
-0.626 -2.93891 1.74263
-0.625 -5.16196 2.03674
-0.624 -6.42172 2.26774
-0.623 -6.28371 2.38719
-0.622 -4.86665 2.30146
-0.621 -2.80111 1.90672
-0.62 -1.0051 1.12257
-0.619 -0.362229 -0.0784616
-0.618 -1.42344 -1.65
-0.617 -4.22695 -3.47044
-0.616 -8.27935 -5.36747
-0.615 -12.6998 -7.15901
-0.614 -16.4918 -8.6924
-0.613 -18.8628 -9.86975
-0.612 -19.4783 -10.6582
-0.611 -18.5549 -11.0881
-0.61 -16.7632 -11.2385
-0.609 -14.9881 -11.2065
-0.608 -14.034 -11.0681
-0.607 -14.3574 -10.8466
-0.606 -15.9022 -10.5022
-0.605 -18.0961 -9.94546
-0.604 -20.027 -9.06903
-0.603 -20.746 -7.79144
-0.602 -19.5889 -6.10251
-0.601 -16.4054 -4.09628
-0.6 -11.6288 -1.97471
-0.599 -6.17561 -0.0134727
-0.598 -1.20242 1.50163
-0.597 2.22384 2.3466
-0.596 3.44712 2.41765
-0.595 2.42097 1.75965
-0.594 -0.290762 0.55387
-0.593 -3.70896 -0.936627
-0.592 -6.75779 -2.44895
-0.591 -8.60429 -3.80023
-0.59 -8.92091 -4.93269
-0.589 -7.99046 -5.90636
-0.588 -6.60512 -6.84476
-0.587 -5.77467 -7.85633
-0.586 -6.34124 -8.95914
-0.585 -8.6434 -10.0362
-0.584 -12.3508 -10.843
-0.583 -16.524 -11.0743
-0.582 -19.8851 -10.4722
-0.581 -21.2225 -8.93387
-0.58 -19.8116 -6.57631
-0.579 -15.7026 -3.72867
-0.578 -9.76214 -0.856704
-0.577 -3.43734 1.55568
-0.576 1.67698 3.13105
-0.575 4.32233 3.69163
-0.574 3.95917 3.2906
-0.573 0.929162 2.16868
-0.572 -3.66426 0.651068
-0.571 -8.33256 -0.974064
-0.57 -11.7136 -2.54612
-0.569 -13.0328 -4.05869
-0.568 -12.3453 -5.61802
-0.567 -10.4805 -7.35454
-0.566 -8.72045 -9.32315
-0.565 -8.31924 -11.4297
-0.564 -10.0164 -13.4128
-0.563 -13.7107 -14.8944
-0.562 -18.4287 -15.4851
-0.561 -22.619 -14.9085
-0.56 -24.6734 -13.0968
-0.559 -23.4822 -10.2244
-0.558 -18.8297 -6.66993
-0.557 -11.508 -2.9239
-0.556 -3.11722 0.527715
-0.555 4.39591 3.30811
-0.554 9.33036 5.21378
-0.553 10.7574 6.22086
-0.552 8.78781 6.43683
-0.551 4.48232 6.02243
-0.55 -0.546033 5.11811
-0.549 -4.68522 3.80154
-0.548 -6.84762 2.08578
-0.547 -6.80916 -0.0495025
-0.546 -5.26173 -2.6104
-0.545 -3.54796 -5.54292
-0.544 -3.15388 -8.7055
-0.543 -5.14243 -11.8729
-0.542 -9.7424 -14.7706
-0.541 -16.2344 -17.1256
-0.54 -23.1539 -18.7135
-0.539 -28.731 -19.3923
-0.538 -31.4347 -19.1213
-0.537 -30.4652 -17.9674
-0.536 -26.0369 -16.0989
-0.535 -19.335 -13.7626
-0.534 -12.1476 -11.247
-0.533 -6.3074 -8.83923
-0.532 -3.13882 -6.77989
-0.531 -3.0779 -5.21994
-0.53 -5.55771 -4.18612
-0.529 -9.1883 -3.57293
-0.528 -12.196 -3.17464
-0.527 -13.0071 -2.75576
-0.526 -10.7851 -2.13744
-0.525 -5.72042 -1.2669
-0.524 1.02439 -0.245515
-0.523 7.67853 0.695074
-0.522 12.4051 1.26729
-0.521 13.8698 1.23603
-0.52 11.6828 0.523813
-0.519 6.5676 -0.733907
-0.518 0.163375 -2.21622
-0.517 -5.50707 -3.52554
-0.516 -8.72599 -4.33827
-0.515 -8.67118 -4.53864
-0.514 -5.70641 -4.28484
-0.513 -1.29024 -3.97859
-0.512 2.46842 -4.13697
-0.511 3.49806 -5.19979
-0.51 0.504998 -7.33925
-0.509 -6.48557 -10.3486
-0.508 -16.0163 -13.6625
-0.507 -25.5932 -16.513
-0.506 -32.4638 -18.1677
-0.505 -34.5015 -18.1674
-0.504 -30.904 -16.4786
-0.503 -22.4896 -13.5094
-0.502 -11.49 -9.97453
-0.501 -0.86874 -6.65259
-0.5 6.64172 -4.12018
-0.499 9.46049 -2.5646
-0.498 7.68734 -1.74887
-0.497 3.03266 -1.14495
-0.496 -1.82465 -0.18259
-0.495 -4.21571 1.48321
-0.494 -2.46386 3.78789
-0.493 3.45401 6.22755
-0.492 11.8059 8.0029
-0.491 19.6384 8.2929
-0.49 23.796 6.56218
-0.489 22.07 2.78805
-0.488 14.0519 -2.48218
-0.487 1.37236 -8.27119
-0.486 -12.7577 -13.4614
-0.485 -24.5462 -17.1309
-0.484 -30.8369 -18.8193
-0.483 -30.1476 -18.634
-0.482 -23.1696 -17.1635
-0.481 -12.5251 -15.2318
-0.48 -1.85418 -13.5875
-0.479 5.4405 -12.6415
-0.478 7.33274 -12.3517
-0.477 3.80304 -12.292
-0.476 -3.23079 -11.8715
-0.475 -10.6388 -10.612
-0.474 -15.2191 -8.37777
-0.473 -14.8735 -5.47161
-0.472 -9.3937 -2.56119
-0.471 -0.557467 -0.463412
-0.47 8.50507 0.134205
-0.469 14.4226 -1.08796
-0.468 14.7537 -3.96941
-0.467 8.81859 -7.9191
-0.466 -2.05365 -12.1004
-0.465 -14.9225 -15.6791
-0.464 -26.1598 -18.0488
-0.463 -32.6116 -18.9633
-0.462 -32.5961 -18.5427
-0.461 -26.3817 -17.1625
-0.46 -15.9956 -15.281
-0.459 -4.48257 -13.2755
-0.458 5.08561 -11.3476
-0.457 10.5284 -9.51805
-0.456 11.1544 -7.69163
-0.455 7.88782 -5.75243
-0.454 2.8819 -3.64903
-0.453 -1.26127 -1.44195
-0.452 -2.39278 0.699236
-0.451 0.481188 2.54194
-0.45 6.91537 3.85338
-0.449 15.1976 4.45026
-0.448 22.8745 4.22068
-0.447 27.4735 3.1256
-0.446 27.2426 1.19848
-0.445 21.7073 -1.44438
-0.444 11.862 -4.58769
-0.443 -0.0799413 -7.9114
-0.442 -11.2988 -11.0112
-0.441 -19.1541 -13.4559
-0.44 -21.9239 -14.882
-0.439 -19.3126 -15.105
-0.438 -12.5826 -14.2072
-0.437 -4.23116 -12.5546
-0.436 2.73606 -10.7162
-0.435 5.73301 -9.29893
-0.434 3.43126 -8.74656
-0.433 -3.75405 -9.177
-0.432 -13.6908 -10.3209
-0.431 -23.0998 -11.5998
-0.43 -28.5507 -12.3306
-0.429 -27.6068 -11.9913
-0.428 -19.7267 -10.4444
-0.427 -6.57144 -8.02573
-0.426 8.42849 -5.45422
-0.425 21.1144 -3.58546
-0.424 27.9247 -3.09255
-0.423 27.1017 -4.18856
-0.422 19.3844 -6.49988
-0.421 7.89078 -9.15577
-0.42 -2.86865 -11.0805
-0.419 -8.56262 -11.3897
-0.418 -6.63123 -9.74184
-0.417 2.70563 -6.50704
-0.416 16.3947 -2.68522
-0.415 29.4719 0.405545
-0.414 36.6781 1.5677
-0.413 34.2801 0.141935
-0.412 21.4936 -3.74561
-0.411 0.960418 -9.20549
-0.41 -21.9816 -14.8804
-0.409 -41.0358 -19.4112
-0.408 -51.0657 -21.9013
-0.407 -49.8254 -22.2058
-0.406 -38.7039 -20.9444
-0.405 -22.2424 -19.2386
-0.404 -6.57597 -18.2712
-0.403 2.69937 -18.8244
-0.402 2.51249 -20.9611
-0.401 -6.5687 -23.9707
-0.4 -20.528 -26.604
-0.399 -33.3413 -27.5191
-0.398 -39.1403 -25.7743
-0.397 -34.3306 -21.1862
-0.396 -18.9286 -14.4248
-0.395 3.34479 -6.81836
-0.394 26.2625 0.0585803
-0.393 43.1712 4.86992
-0.392 49.2247 6.91338
-0.391 42.9889 6.29816
-0.39 26.8786 3.85076
-0.389 6.31053 0.786719
-0.388 -12.1217 -1.73071
-0.387 -22.8404 -2.98514
-0.386 -23.1118 -2.91956
-0.385 -13.8748 -2.10427
-0.384 0.709239 -1.487
-0.383 14.7877 -2.02388
-0.382 22.8476 -4.32078
-0.381 21.5401 -8.39974
-0.38 10.738 -13.6607
-0.379 -6.45821 -19.0473
-0.378 -24.7451 -23.3621
-0.377 -38.3637 -25.6237
-0.376 -43.0058 -25.3533
-0.375 -37.2211 -22.7004
-0.374 -22.8413 -18.3788
-0.373 -4.32161 -13.4445
-0.372 12.7109 -8.99171
-0.371 23.1995 -5.85478
-0.37 24.1786 -4.3984
-0.369 15.6608 -4.4542
-0.368 0.627502 -5.4191
-0.367 -15.9114 -6.4826
-0.366 -28.5243 -6.91297
-0.365 -33.1073 -6.31425
-0.364 -28.1903 -4.77401
-0.363 -15.3913 -2.85487
-0.362 1.08927 -1.42884
-0.361 15.7573 -1.39936
-0.36 23.5245 -3.39324
-0.359 21.338 -7.51941
-0.358 9.24192 -13.2721
-0.357 -9.50035 -19.6174
-0.356 -29.3285 -25.2512
-0.355 -44.105 -28.9648
-0.354 -49.0893 -30.0043
-0.353 -42.5184 -28.3046
-0.352 -26.2572 -24.5077
-0.351 -5.28435 -19.7507
-0.35 13.8518 -15.2965
-0.349 25.1345 -12.1307
-0.348 25.0744 -10.6579
-0.347 13.9383 -10.5922
-0.346 -4.24481 -11.0883
-0.345 -22.9779 -11.0818
-0.344 -35.5086 -9.7296
-0.343 -37.218 -6.78878
-0.342 -27.3298 -2.77805
-0.341 -9.30113 1.15153
-0.34 10.2694 3.5883
-0.339 23.8483 3.33481
-0.338 25.5468 -0.176811
-0.337 13.2072 -6.66158
-0.336 -10.7203 -15.0241
-0.335 -39.8527 -23.663
-0.334 -65.9277 -30.9498
-0.333 -81.5631 -35.7218
-0.332 -82.745 -37.6028
-0.331 -70.1353 -37.0312
-0.33 -48.7293 -35.0038
-0.329 -26.027 -32.6574
-0.328 -9.40736 -30.8503
-0.327 -3.63459 -29.8822
-0.326 -9.32557 -29.4287
-0.325 -22.8548 -28.6989
-0.324 -37.7136 -26.765
-0.323 -46.8708 -22.95
-0.322 -45.3152 -17.1229
-0.321 -31.8543 -9.78462
-0.32 -9.51211 -1.92417
-0.319 15.5715 5.27695
-0.318 36.2553 10.7704
-0.317 46.7142 13.8905
-0.316 44.1998 14.4748
-0.315 29.7658 12.8458
-0.314 7.81513 9.67222
-0.313 -15.3679 5.75615
-0.312 -33.6416 1.81392
-0.311 -42.9077 -1.68034
-0.31 -42.2244 -4.55615
-0.309 -33.7962 -6.92109
-0.308 -21.9831 -9.0824
-0.307 -11.807 -11.4469
-0.306 -7.46036 -14.4099
-0.305 -11.1607 -18.2346
-0.304 -22.561 -22.9368
-0.303 -38.8527 -28.2067
-0.302 -55.5825 -33.4062
-0.301 -67.968 -37.6721
-0.3 -72.2874 -40.1174
-0.299 -66.917 -40.0849
-0.298 -52.7767 -37.3763
-0.297 -33.1502 -32.3778
-0.296 -12.9329 -26.0196
-0.295 2.59975 -19.5524
-0.294 9.29178 -14.182
-0.293 5.47017 -10.6687
-0.292 -7.32538 -9.04165
-0.291 -24.5923 -8.5659
-0.29 -40.1143 -8.01285
-0.289 -47.8882 -6.15914
-0.288 -44.1698 -2.33499
-0.287 -28.9818 3.18843
-0.286 -6.51387 9.13462
-0.285 15.8741 13.5349
-0.284 29.875 14.3455
-0.283 29.037 10.1802
-0.282 11.2051 0.898121
-0.281 -20.3099 -12.1948
-0.28 -57.4011 -26.6483
-0.279 -89.6311 -39.6026
-0.278 -107.747 -48.7018
-0.277 -107.002 -52.849
-0.276 -89.0042 -52.5157
-0.275 -61.3325 -49.4842
-0.274 -34.9775 -46.1114
-0.273 -20.4518 -44.3772
-0.272 -23.8902 -45.0692
-0.271 -44.5315 -47.4205
-0.27 -74.6192 -49.3612
-0.269 -101.976 -48.325
-0.268 -114.461 -42.3231
-0.267 -104.656 -30.87
-0.266 -72.9247 -15.3803
-0.265 -27.621 1.14234
-0.264 17.6307 15.0207
-0.263 48.595 23.089
-0.262 55.3926 23.721
-0.261 36.0624 17.3436
-0.26 -2.59115 6.26026
-0.259 -47.3092 -6.16097
-0.258 -83.1289 -16.6551
-0.257 -98.8127 -23.1554
-0.256 -90.8377 -25.3933
-0.255 -64.4106 -24.778
-0.254 -31.2208 -23.6314
-0.253 -4.90502 -24.1178
-0.252 4.05217 -27.2992
-0.251 -7.83034 -32.6586
-0.25 -35.7638 -38.2466
-0.249 -68.4809 -41.3915
-0.248 -92.4821 -39.7249
-0.247 -97.1586 -32.1472
-0.246 -78.8027 -19.3503
-0.245 -41.9512 -3.67898
-0.244 2.37014 11.609
-0.243 40.6852 23.3734
-0.242 61.7712 29.5163
-0.241 60.3205 29.49
-0.24 38.3682 24.2653
-0.239 4.12376 15.8218
-0.238 -31.2685 6.36588
-0.237 -57.8064 -2.43786
-0.236 -70.0126 -9.93546
-0.235 -68.3856 -16.4869
-0.234 -58.4887 -23.0427
-0.233 -48.2266 -30.5192
-0.232 -44.5573 -39.2609
-0.231 -50.9643 -48.8015
-0.23 -66.5314 -57.9797
-0.229 -86.7181 -65.3222
-0.228 -105.318 -69.5273
-0.227 -116.755 -69.871
-0.226 -117.891 -66.393
-0.225 -108.753 -59.8087
-0.224 -92.0579 -51.2155
-0.223 -71.8681 -41.7415
-0.222 -52.0933 -32.2943
-0.221 -35.5089 -23.4907
-0.22 -23.5862 -15.7425
-0.219 -16.9014 -9.3895
-0.218 -15.6065 -4.77099
-0.217 -19.5525 -2.17826
-0.216 -28.0224 -1.71352
-0.215 -39.3562 -3.14199
-0.214 -50.8415 -5.84613
-0.213 -59.1173 -8.94958
-0.212 -61.1144 -11.5963
-0.211 -55.3099 -13.2882
-0.21 -42.823 -14.1346
-0.209 -27.7409 -14.8743
-0.208 -16.1978 -16.6126
-0.207 -14.2463 -20.3401
-0.206 -25.25 -26.419
-0.205 -47.9639 -34.2661
-0.204 -76.3134 -42.4068
-0.203 -101.178 -48.92
-0.202 -113.609 -52.1204
-0.201 -108.296 -51.2146
-0.2 -85.9841 -46.6629
-0.199 -53.8133 -40.0822
-0.198 -23.2211 -33.6886
-0.197 -5.89737 -29.4625
-0.196 -9.16758 -28.3383
-0.195 -32.6582 -29.7485
-0.194 -67.7943 -31.7451
-0.193 -100.583 -31.7013
-0.192 -116.724 -27.3466
-0.191 -107.087 -17.7335
-0.19 -71.4426 -3.74971
-0.189 -19.0296 12.0283
-0.188 34.3301 26.0916
-0.187 71.6598 35.1058
-0.186 80.9423 36.9936
-0.185 59.6723 31.6167
-0.184 15.9875 20.7848
-0.183 -34.262 7.55517
-0.182 -73.4888 -4.92372
-0.181 -89.0427 -14.5566
-0.18 -77.9395 -20.9715
-0.179 -47.8436 -25.476
-0.178 -14.0412 -30.3665
-0.177 6.38911 -37.8805
-0.176 1.08576 -49.1633
-0.175 -32.7215 -63.6045
-0.174 -86.7934 -78.8098
-0.173 -144.598 -91.2796
-0.172 -187.278 -97.5746
-0.171 -200.583 -95.5134
-0.17 -180.011 -84.921
-0.169 -132.177 -67.6728
-0.168 -72.1095 -47.0921
-0.167 -17.7649 -26.9671
-0.166 16.1247 -10.5117
-0.165 22.7679 0.431404
-0.164 5.10216 5.70959
-0.163 -25.8897 6.59579
-0.162 -55.7071 5.05977
-0.161 -71.9626 2.89419
-0.16 -68.8724 1.05674
-0.159 -48.8871 -0.55589
-0.158 -21.0845 -2.90119
-0.157 2.68592 -7.29497
-0.156 12.2259 -14.8126
-0.155 2.42451 -25.7688
-0.154 -25.2591 -39.434
-0.153 -63.5328 -54.0793
-0.152 -101.84 -67.3313
-0.151 -129.809 -76.7156
-0.15 -140.356 -80.2297
-0.149 -131.396 -76.8106
-0.148 -105.808 -66.5997
-0.147 -69.9718 -50.9457
-0.146 -31.6987 -32.1427
-0.145 1.71945 -12.9702
-0.144 24.8731 3.86138
-0.143 34.9745 16.2573
-0.142 32.1141 23.1827
-0.141 19.121 24.8776
-0.14 0.963601 22.7115
-0.139 -16.3953 18.6554
-0.138 -27.5675 14.532
-0.137 -29.33 11.3413
-0.136 -21.7535 8.90865
-0.135 -8.54577 5.9541
-0.134 3.56265 0.550903
-0.133 6.51598 -9.11618
-0.132 -6.3688 -23.8658
-0.131 -37.3751 -42.8234
-0.13 -82.3476 -63.2883
-0.129 -130.969 -81.358
-0.128 -169.712 -93.1315
-0.127 -186.455 -96.0164
-0.126 -174.936 -89.6435
-0.125 -137.451 -76.091
-0.124 -84.8573 -59.3534
-0.123 -33.6651 -44.164
-0.122 -0.741336 -34.4662
-0.121 2.87274 -32.0418
-0.12 -23.3587 -35.8679
-0.119 -68.5757 -42.5422
-0.118 -114.224 -47.645
-0.117 -141 -47.4906
-0.116 -136.226 -40.5739
-0.115 -98.7902 -28.1838
-0.114 -39.8699 -13.97
-0.113 20.8379 -2.61046
-0.112 62.1681 1.95612
-0.111 69.4112 -1.92158
-0.11 40.1519 -12.884
-0.109 -14.4144 -26.9713
-0.108 -73.4722 -39.0472
-0.107 -114.488 -44.7165
-0.106 -121.902 -41.9944
-0.105 -93.0944 -32.0505
-0.104 -39.2198 -18.714
-0.103 19.2718 -6.95976
-0.102 60.4706 -1.03086
-0.101 69.0717 -2.94371
-0.1 41.7738 -11.8744
-0.099 -11.7369 -24.5597
-0.098 -72.4888 -36.5367
-0.097 -119.362 -43.8006
-0.096 -137.035 -44.2663
-0.095 -121.492 -38.4146
-0.094 -80.7424 -28.8332
-0.093 -30.6746 -18.9247
-0.092 11.7022 -11.4665
-0.091 34.4981 -7.66764
-0.09 34.4401 -6.99396
-0.089 16.9333 -7.6655
-0.088 -6.86849 -7.55762
-0.087 -24.8616 -5.18099
-0.086 -28.9214 -0.37041
-0.085 -17.8953 5.64245
-0.084 2.71973 10.8308
-0.083 24.0515 13.3214
-0.082 38.0928 12.1663
-0.081 40.669 7.56426
-0.08 32.0276 0.506807
-0.079 15.3576 -7.89923
-0.078 -5.64209 -17.066
-0.077 -28.8425 -27.185
-0.076 -54.336 -38.9418
-0.075 -83.2655 -52.794
-0.074 -115.514 -68.2075
-0.073 -147.766 -83.3178
-0.072 -173.311 -95.2487
-0.071 -184.009 -100.998
-0.07 -173.777 -98.5963
-0.069 -142.298 -88.1528
-0.068 -97.2064 -72.3077
-0.067 -53.0016 -55.6586
-0.066 -26.0075 -43.1175
-0.065 -27.0745 -37.8342
-0.064 -55.739 -39.7598
-0.063 -99.1877 -45.6144
-0.062 -136.684 -50.2291
-0.061 -147.42 -48.6208
-0.06 -118.857 -38.0764
-0.059 -52.9393 -19.6283
-0.058 32.211 1.69807
-0.057 107.102 18.3567
-0.056 141.915 23.2629
-0.055 119.623 13.042
-0.054 44.6398 -10.1248
-0.053 -57.5704 -38.9939
-0.052 -149.641 -63.7715
-0.051 -196.043 -75.538
-0.05 -176.321 -69.422
-0.049 -93.6181 -46.5658
-0.048 24.7779 -14.0748
-0.047 136.397 17.4178
-0.046 199.857 37.883
-0.045 191.832 41.9458
-0.044 116.918 30.9799
-0.043 6.08798 12.4275
-0.042 -95.178 -3.19102
-0.041 -144.176 -6.38358
-0.04 -117.522 7.48134
-0.039 -21.0282 35.9903
-0.038 111.448 70.2149
-0.037 230.736 98.0433
-0.036 291.729 108.951
-0.035 270.907 98.0478
-0.034 174.874 67.7906
-0.033 37.5154 27.0135
-0.032 -92.4782 -12.1816
-0.031 -169.586 -38.7131
-0.03 -169.064 -46.6593
-0.029 -97.1391 -37.5746
-0.028 11.628 -19.6734
-0.027 109.323 -4.07839
-0.026 154.578 -0.0693727
-0.025 127.962 -11.6209
-0.024 37.6148 -36.3289
-0.023 -84.8543 -66.5399
-0.022 -195.922 -92.0966
-0.021 -256.243 -104.087
-0.02 -246.453 -98.5083
-0.019 -175.508 -78.1203
-0.018 -76.102 -51.1797
-0.017 10.948 -27.591
-0.016 54.337 -14.7349
-0.015 43.1558 -15.0496
-0.014 -11.68 -25.8583
-0.013 -83.302 -40.8134
-0.012 -139.308 -52.3167
-0.011 -154.462 -54.462
-0.01 -121.694 -45.6113
-0.009 -55.445 -29.1695
-0.008 15.977 -11.7432
-0.007 64.876 0.303995
-0.006 76.5676 3.73817
-0.005 53.7064 -0.613964
-0.004 12.8218 -8.74669
-0.003 -23.5958 -15.341
-0.002 -36.6134 -15.9753
-0.001 -19.4631 -9.14378
0 18.5608 2.80852
0.001 56.547 14.7425
0.002 73.5908 21.5251
0.003 60.4121 20.8269
0.004 23.803 14.1724
0.005 -17.2761 5.99576
0.006 -40.3121 1.61573
0.007 -28.7637 5.02406
0.008 20.0242 17.0273
0.009 91.357 34.3753
0.01 157.519 50.7005
0.011 190.178 59.4075
0.012 174.875 57.116
0.013 118.68 45.4943
0.014 46.8483 30.4734
0.015 -8.18641 19.6588
0.016 -19.5272 19.3836
0.017 23.7587 32.294
0.018 110.763 55.9176
0.019 210.159 82.8493
0.02 281.09 103.177
0.021 290.814 108.658
0.022 230.345 96.5623
0.023 119.049 70.9298
0.024 -3.68796 40.7026
0.025 -94.2898 16.0452
0.026 -121.098 4.59231
0.027 -75.9427 8.70903
0.028 21.7447 24.3779
0.029 130.557 42.2882
0.03 202.515 51.3092
0.031 202.998 43.2452
0.032 125.751 16.5806
0.033 -4.45977 -22.7151
0.034 -142.055 -63.5214
0.035 -238.278 -93.7219
0.036 -259.192 -104.5
0.037 -198.177 -93.441
0.038 -78.7863 -65.4866
0.039 53.8016 -31.1977
0.04 150.328 -2.69528
0.041 176.872 11.1115
0.042 127.614 7.84687
0.043 25.993 -7.81437
0.044 -85.1977 -26.346
0.045 -160.391 -37.2167
0.046 -168.564 -33.0049
0.047 -105.125 -12.3851
0.048 6.53598 19.2142
0.049 124.936 51.7332
0.05 207.509 74.5453
0.051 226.927 80.5801
0.052 180.079 68.7381
0.053 87.5133 43.9245
0.054 -15.1287 15.0756
0.055 -90.3948 -8.02219
0.056 -112.795 -18.1584
0.057 -77.9637 -13.1981
0.058 -3.03782 3.45134
0.059 82.0442 24.7109
0.06 147.71 43.0776
0.061 175.837 53.5782
0.062 164.555 55.2111
0.063 126.52 50.6848
0.064 82.6469 44.9457
0.065 53.7299 43.1048
0.066 52.5676 48.3791
0.067 79.5384 60.7796
0.068 123.668 77.1708
0.069 168.523 92.7133
0.07 199.559 102.907
0.071 209.179 105.184
0.072 197.811 99.4501
0.073 171.658 87.6258
0.074 138.956 72.6213
0.075 106.442 57.2078
0.076 77.3941 43.173
0.077 51.8289 31.0459
0.078 28.4822 20.4568
0.079 7.16633 10.872
0.08 -10.0106 2.24851
0.081 -19.2802 -4.74597
0.082 -17.3224 -9.02331
0.083 -3.75415 -9.69897
0.084 17.3365 -6.73486
0.085 37.9528 -1.24401
0.086 49.1552 4.79341
0.087 45.3183 9.35555
0.088 27.4414 11.3366
0.089 3.52589 11.0935
0.09 -14.3598 10.2823
0.091 -14.9883 11.0979
0.092 7.19616 15.2718
0.093 49.0815 23.1944
0.094 98.8875 33.4676
0.095 139.63 43.1453
0.096 155.357 48.7463
0.097 137.918 47.743
0.098 91.1531 39.8407
0.099 30.2438 27.3598
0.1 -23.7325 14.4879
0.101 -51.721 5.74793
0.102 -43.863 4.32739
0.103 -3.26984 10.8722
0.104 54.8908 23.1496
0.105 108.751 36.7397
0.106 137.792 46.601
0.107 130.69 48.9791
0.108 89.8485 42.8873
0.109 30.6404 30.5157
0.11 -24.4739 16.3951
0.111 -54.608 5.67585
0.112 -48.3819 2.21
0.113 -7.98636 7.17227
0.114 52.0545 18.7226
0.115 110.663 32.8089
0.116 148.1 44.7682
0.117 153.028 51.0907
0.118 126.336 50.6896
0.119 80.5028 45.2461
0.12 34.7496 38.5288
0.121 7.6981 34.9222
0.122 10.3986 37.6962
0.123 42.5509 47.6986
0.124 93.3054 63.0068
0.125 145.872 79.6378
0.126 183.671 92.9412
0.127 195.646 99.083
0.128 179.242 96.1371
0.129 140.503 84.5398
0.13 91.4632 66.8349
0.131 45.7271 46.7797
0.132 13.8225 28.0926
0.133 0.159377 13.3212
0.134 2.65107 3.2881
0.135 14.6759 -2.74014
0.136 28.0818 -6.38216
0.137 35.9252 -9.34143
0.138 34.2585 -12.7498
0.139 22.8473 -16.7735
0.14 4.89928 -20.5425
0.141 -14.0538 -22.442
0.142 -27.8042 -20.699
0.143 -31.1411 -14.0457
0.144 -21.0989 -2.19568
0.145 2.38312 14.0057
0.146 36.3312 32.7273
0.147 75.0682 51.4858
0.148 111.061 67.5898
0.149 136.386 78.6449
0.15 144.718 83.0424
0.151 133.386 80.3176
0.152 104.743 71.2723
0.153 66.079 57.8124
0.154 27.8223 42.5187
0.155 0.408615 28.0323
0.156 -9.11481 16.4074
0.157 0.445152 8.62916
0.158 23.8045 4.4658
0.159 50.7675 2.71696
0.16 69.6792 1.7805
0.161 71.7824 0.366341
0.162 54.9414 -1.86914
0.163 25.111 -4.01357
0.164 -5.37263 -4.10093
0.165 -22.2627 0.166535
0.166 -14.9332 10.4186
0.167 19.2282 26.7509
0.168 73.2593 47.3647
0.169 132.487 68.867
0.17 179.236 87.1331
0.171 198.883 98.4706
0.172 185.171 100.742
0.173 142.748 94.0651
0.174 85.7259 80.7872
0.175 32.5898 64.6698
0.176 -0.582328 49.561
0.177 -5.91141 38.0921
0.178 13.7084 30.9121
0.179 46.0908 26.7109
0.18 74.5898 22.9569
0.181 84.4586 17.0491
0.182 68.4653 7.47994
0.183 29.7333 -5.40184
0.184 -19.3118 -19.3408
0.185 -61.5841 -30.907
0.186 -81.8164 -36.7534
0.187 -72.3104 -34.8878
0.188 -35.7016 -25.4433
0.189 16.2241 -10.6615
0.19 67.0024 5.86485
0.191 101.412 20.3777
0.192 110.664 30.1448
0.193 95.1021 34.2577
0.194 63.5895 33.7723
0.195 29.8778 31.1499
0.196 7.34761 29.2155
0.197 4.13545 30.0454
0.198 20.523 34.2207
0.199 49.4808 40.7168
0.2 79.8917 47.4179
0.201 100.944 51.9965
0.202 105.938 52.7909
0.203 94.2189 49.3652
0.204 70.8203 42.583
0.205 44.1555 34.2123
0.206 22.7441 26.2382
0.207 12.2102 20.157
0.208 13.6637 16.525
0.209 23.9681 14.9222
0.21 37.5601 14.3049
0.211 48.8493 13.5492
0.212 54.1331 11.9327
0.213 52.3904 9.37256
0.214 44.9488 6.37098
0.215 34.4762 3.75117
0.216 23.8709 2.33
0.217 15.4831 2.66552
0.218 10.8479 4.96169
0.219 10.8498 9.13547
0.22 16.0308 14.9708
0.221 26.6978 22.2446
0.222 42.6249 30.7367
0.223 62.4736 40.1146
0.224 83.3683 49.7636
0.225 101.121 58.6948
0.226 111.309 65.6425
0.227 110.889 69.3684
0.228 99.6484 69.0694
0.229 80.7471 64.7087
0.23 59.9667 57.1034
0.231 43.8092 47.7017
0.232 37.0767 38.1202
0.233 40.8259 29.6036
0.234 51.561 22.6049
0.235 62.1805 16.6622
0.236 64.5577 10.6674
0.237 52.9047 3.46891
0.238 26.5691 -5.42489
0.239 -9.00419 -15.363
0.24 -43.7211 -24.5474
0.241 -66.2642 -30.5507
0.242 -68.2337 -31.1626
0.243 -47.4459 -25.2474
0.244 -9.14062 -13.3041
0.245 35.4323 2.48683
0.246 72.6919 18.7956
0.247 91.4723 32.1318
0.248 87.1109 39.9647
0.249 63.237 41.5378
0.25 30.4386 38.0309
0.251 2.2462 31.9975
0.252 -10.0007 26.321
0.253 -1.41608 23.1089
0.254 24.6094 22.9287
0.255 57.6404 24.6436
0.256 84.0364 25.9103
0.257 92.0666 24.1836
0.258 76.4708 17.8657
0.259 40.7202 7.1402
0.26 -3.99627 -5.87858
0.261 -42.753 -17.7675
0.262 -62.2956 -24.9475
0.263 -55.7767 -24.9209
0.264 -25.0854 -17.1419
0.265 19.9617 -3.22387
0.266 65.157 13.5798
0.267 96.8745 29.4426
0.268 106.746 41.2037
0.269 94.39 47.3323
0.27 67.1955 48.2682
0.271 37.2621 46.0328
0.272 16.732 43.2919
0.273 13.3474 42.2466
0.274 27.8726 43.7802
0.275 54.1741 47.1616
0.276 81.733 50.3928
0.277 99.5619 51.0385
0.278 100.116 47.2051
0.279 81.856 38.3039
0.28 49.6051 25.3352
0.281 12.6703 10.6106
0.282 -18.5018 -2.97244
0.283 -35.8512 -12.8441
0.284 -36.1675 -17.5369
0.285 -21.7413 -17.0484
0.286 0.846059 -12.6854
0.287 23.2198 -6.48824
0.288 38.0544 -0.491393
0.289 41.2983 3.90843
0.29 33.1273 6.29003
0.291 17.4719 7.1873
0.292 0.431902 7.75497
0.293 -11.8188 9.24949
0.294 -14.9595 12.5127
0.295 -7.71248 17.65
0.296 8.00697 24.0116
0.297 27.9241 30.4493
0.298 46.8302 35.7056
0.299 60.0774 38.7784
0.3 64.7349 39.1578
0.301 60.2169 36.9035
0.302 48.3309 32.5749
0.303 32.7428 27.0454
0.304 17.9392 21.2561
0.305 7.93335 15.9852
0.306 5.11042 11.7001
0.307 9.57141 8.51487
0.308 19.1221 6.23289
0.309 29.8543 4.43917
0.31 37.1861 2.62152
0.311 37.1902 0.314795
0.312 27.9198 -2.74428
0.313 10.2903 -6.48744
0.314 -11.9134 -10.461
0.315 -33.0341 -13.8863
0.316 -47.25 -15.8405
0.317 -50.4076 -15.5157
0.318 -41.3815 -12.4818
0.319 -22.5444 -6.86555
0.32 0.827491 0.620959
0.321 22.1193 8.82309
0.322 35.5051 16.434
0.323 37.9436 22.3579
0.324 30.2798 26.0347
0.325 16.9746 27.6028
0.326 4.51703 27.8177
0.327 -0.90995 27.7381
0.328 4.3286 28.2947
0.329 19.9425 29.9113
0.33 41.6716 32.3186
0.331 62.6163 34.6203
0.332 75.5444 35.589
0.333 75.4108 34.1042
0.334 61.2025 29.5977
0.335 36.4143 22.346
0.336 7.94497 13.4829
0.337 -16.2004 4.69747
0.338 -29.5695 -2.27706
0.339 -29.3448 -6.19065
0.34 -17.1615 -6.63191
0.341 1.57173 -4.1055
0.342 19.5838 0.172768
0.343 30.2299 4.68862
0.344 29.728 8.12427
0.345 18.3871 9.78031
0.346 0.404462 9.77458
0.347 -17.6825 8.937
0.348 -29.3116 8.44086
0.349 -30.1471 9.32113
0.35 -19.506 12.0658
0.351 -0.52375 16.4179
0.352 20.9304 21.4346
0.353 38.1913 25.7709
0.354 45.9498 28.0996
0.355 41.9349 27.5436
0.356 27.5896 23.9773
0.357 7.54082 18.0865
0.358 -11.9469 11.1643
0.359 -25.0039 4.71931
0.36 -27.9996 0.038927
0.361 -20.6066 -2.15627
0.362 -5.78679 -1.87454
0.363 11.2422 0.202834
0.364 24.7007 2.97683
0.365 30.0768 5.309
0.366 25.5509 6.4001
0.367 12.5813 6.04227
0.368 -4.55603 4.6655
0.369 -20.1546 3.17147
0.37 -28.943 2.61378
0.371 -27.7977 3.82272
0.372 -16.7425 7.08841
0.373 1.05495 12.0094
0.374 20.2505 17.5686
0.375 34.9647 22.419
0.376 40.6311 25.2836
0.377 35.4907 25.3412
0.378 21.2127 22.4827
0.379 2.3733 17.3616
0.38 -15.0619 11.214
0.381 -25.7208 5.48487
0.382 -26.5929 1.37434
0.383 -18.0137 -0.536002
0.384 -3.5738 -0.435742
0.385 11.0377 0.831337
0.386 19.9339 2.09936
0.387 19.0761 2.31106
0.388 7.75141 0.91372
0.389 -11.0763 -1.9052
0.39 -31.6915 -5.23618
0.391 -47.5052 -7.73978
0.392 -53.2383 -8.12342
0.393 -46.6896 -5.62252
0.394 -29.5017 -0.299507
0.395 -6.64637 6.94234
0.396 15.2318 14.6213
0.397 30.0486 21.1233
0.398 34.3048 25.1944
0.399 28.194 26.3224
0.4 15.4286 24.8743
0.401 1.86436 21.9274
0.402 -6.60188 18.8531
0.403 -6.14377 16.8172
0.404 3.62359 16.3841
0.405 19.5187 17.3563
0.406 35.9491 18.8894
0.407 46.892 19.832
0.408 47.9752 19.1723
0.409 37.9586 16.4356
0.41 19.1543 11.8842
0.411 -3.3397 6.44449
0.412 -23.3527 1.39539
0.413 -35.7157 -2.06173
0.414 -37.9396 -3.19523
0.415 -30.8891 -1.96897
0.416 -18.2698 0.968266
0.417 -5.21244 4.52164
0.418 3.4966 7.52951
0.419 4.96555 9.14214
0.42 -0.931485 9.06451
0.421 -11.6282 7.59185
0.422 -22.8675 5.45044
0.423 -30.2661 3.51656
0.424 -30.8393 2.51226
0.425 -23.9327 2.7763
0.426 -11.3031 4.18428
0.427 3.56985 6.24015
0.428 16.6492 8.29219
0.429 24.6116 9.77635
0.43 25.8486 10.3932
0.431 20.8812 10.1714
0.432 12.0541 9.41916
0.433 2.65434 8.59668
0.434 -4.1897 8.14981
0.435 -6.44776 8.35913
0.436 -3.71756 9.25428
0.437 2.75099 10.6198
0.438 10.5078 12.0766
0.439 16.6923 13.1938
0.44 18.9189 13.5897
0.441 15.9744 13.0081
0.442 8.12528 11.3678
0.443 -3.00559 8.7843
0.444 -14.9062 5.55503
0.445 -24.8563 2.10917
0.446 -30.6659 -1.06679
0.447 -31.2771 -3.51462
0.448 -27.04 -4.89177
0.449 -19.5647 -5.04865
0.45 -11.2119 -4.07251
0.451 -4.3957 -2.27088
0.452 -0.889287 -0.0853041
0.453 -1.29376 2.04186
0.454 -4.81741 3.80339
0.455 -9.48437 5.11962
0.456 -12.771 6.1531
0.457 -12.4811 7.23246
0.458 -7.54654 8.7015
0.459 1.53285 10.7424
0.46 12.7456 13.2425
0.461 23.1024 15.7681
0.462 29.5183 17.6696
0.463 29.817 18.2885
0.464 23.5348 17.1956
0.465 12.1998 14.3766
0.466 -1.07423 10.2936
0.467 -12.5622 5.78937
0.468 -19.1211 1.85715
0.469 -19.1892 -0.654983
0.47 -13.2724 -1.30111
0.471 -3.76612 -0.163141
0.472 5.85424 2.20246
0.473 12.2378 4.97628
0.474 13.3475 7.3669
0.475 9.189 8.87627
0.476 1.79058 9.44653
0.477 -5.55741 9.43852
0.478 -9.51543 9.45148
0.479 -7.92421 10.0503
0.48 -0.631713 11.5022
0.481 10.3678 13.6262
0.482 21.5522 15.8194
0.483 29.0577 17.2524
0.484 30.0191 17.1608
0.485 23.5801 15.1257
0.486 11.2075 11.2427
0.487 -3.78965 6.12317
0.488 -17.3515 0.725794
0.489 -25.9873 -3.92402
0.49 -27.8819 -7.03472
0.491 -23.4206 -8.26372
0.492 -14.9523 -7.77328
0.493 -5.88287 -6.1164
0.494 0.56619 -4.00586
0.495 2.47813 -2.05605
0.496 -0.151549 -0.588127
0.497 -5.50533 0.440376
0.498 -10.6666 1.36557
0.499 -12.7085 2.63797
0.5 -9.77387 4.60354
0.501 -1.77367 7.33084
0.502 9.54607 10.5505
0.503 21.1909 13.7247
0.504 29.9357 16.2152
0.505 33.3943 17.4861
0.506 30.7696 17.2721
0.507 23.0543 15.6588
0.508 12.6546 13.051
0.509 2.57978 10.0422
0.51 -4.53478 7.23472
0.511 -7.24957 5.07352
0.512 -5.70625 3.74776
0.513 -1.45211 3.18082
0.514 3.20254 3.09805
0.515 6.02924 3.14227
0.516 5.62406 2.99903
0.517 1.82567 2.49362
0.518 -4.28612 1.63114
0.519 -10.7888 0.571186
0.52 -15.584 -0.445261
0.521 -17.1124 -1.18285
0.522 -14.8602 -1.4827
0.523 -9.48355 -1.30207
0.524 -2.53456 -0.719122
0.525 4.07275 0.0969819
0.526 8.66335 0.944453
0.527 10.2959 1.65902
0.528 9.02699 2.17118
0.529 5.86769 2.53063
0.53 2.43282 2.89304
0.531 0.394444 3.47642
0.532 0.936906 4.4976
0.533 4.39802 6.09967
0.534 10.1867 8.28787
0.535 16.9683 10.8968
0.536 23.0523 13.6068
0.537 26.8836 16.0079
0.538 27.5058 17.694
0.539 24.842 18.358
0.54 19.689 17.8662
0.541 13.4344 16.2895
0.542 7.61425 13.8813
0.543 3.45765 11.0024
0.544 1.54178 8.01816
0.545 1.64588 5.20452
0.546 2.8583 2.69646
0.547 3.92313 0.490971
0.548 3.71642 -1.50062
0.549 1.67187 -3.36931
0.55 -2.00229 -5.12192
0.551 -6.37479 -6.62743
0.552 -10.0745 -7.62545
0.553 -11.7189 -7.8006
0.554 -10.3729 -6.89458
0.555 -5.89733 -4.81182
0.556 0.947592 -1.68195
0.557 8.7045 2.13923
0.558 15.6572 6.13279
0.559 20.3394 9.73327
0.56 21.9426 12.4677
0.561 20.515 14.0685
0.562 16.9104 14.5163
0.563 12.4947 14.0028
0.564 8.68859 12.8364
0.565 6.49264 11.3318
0.566 6.17669 9.71873
0.567 7.24752 8.09304
0.568 8.68822 6.42306
0.569 9.35916 4.61345
0.57 8.42163 2.60101
0.571 5.66018 0.437194
0.572 1.6019 -1.68325
0.573 -2.62392 -3.45834
0.574 -5.65528 -4.56033
0.575 -6.36608 -4.73119
0.576 -4.25789 -3.86447
0.577 0.361359 -2.05164
0.578 6.45556 0.425537
0.579 12.5578 3.16213
0.58 17.1997 5.73504
0.581 19.349 7.80448
0.582 18.7106 9.17677
0.583 15.7832 9.81695
0.584 11.6546 9.81976
0.585 7.62141 9.35417
0.586 4.77078 8.59668
0.587 3.65354 7.6724
0.588 4.14106 6.62764
0.589 5.50818 5.44614
0.59 6.72309 4.0951
0.591 6.84617 2.57313
0.592 5.38834 0.940116
0.593 2.49855 -0.675597
0.594 -1.07256 -2.09015
0.595 -4.20625 -3.09659
0.596 -5.77075 -3.51404
0.597 -4.99528 -3.23924
0.598 -1.74617 -2.27702
0.599 3.39864 -0.737232
0.6 9.31526 1.19342
0.601 14.6815 3.2885
0.602 18.3774 5.32063
0.603 19.8073 7.10063
0.604 19.0544 8.51059
0.605 16.8305 9.51737
0.606 14.2283 10.1582
0.607 12.3448 10.507
0.608 11.901 10.6395
0.609 12.9993 10.61
0.61 15.1064 10.4356
0.611 17.2569 10.0895
0.612 18.3945 9.51019
0.613 17.7389 8.63066
0.614 15.0655 7.41659
0.615 10.8066 5.89522
0.616 5.92688 4.16118
0.617 1.60731 2.36173
0.618 -1.14968 0.669801
0.619 -1.84846 -0.751175
0.62 -0.649525 -1.78709
0.621 1.70155 -2.40409
0.622 4.13674 -2.65339
0.623 5.63536 -2.6447
0.624 5.5795 -2.50061
0.625 3.96946 -2.3118
0.626 1.41945 -2.1062
0.627 -1.06254 -1.8376
0.628 -2.42563 -1.398
0.629 -1.93431 -0.657274
0.63 0.580467 0.47872
0.631 4.65534 2.0159
0.632 9.33966 3.85077
0.633 13.5076 5.7879
0.634 16.2261 7.58514
0.635 17.0432 9.01038
0.636 16.0994 9.89684
0.637 14.0377 10.1842
0.638 11.7593 9.92912
0.639 10.1063 9.27415
0.64 9.57158 8.38673
0.641 10.1326 7.3971
0.642 11.2753 6.36342
0.643 12.2043 5.27139
0.644 12.1506 4.06043
0.645 10.6586 2.66616
0.646 7.75247 1.07019
0.647 3.94039 -0.658522
0.648 0.0644819 -2.35314
0.649 -2.95753 -3.78235
0.65 -4.42088 -4.71556
0.651 -4.05394 -4.98959
0.652 -2.08833 -4.55134
0.653 0.841351 -3.46899
0.654 3.91983 -1.91481
0.655 6.40966 -0.123298
0.656 7.86325 1.66864
0.657 8.22974 3.28126
0.658 7.82988 4.62597
0.659 7.20996 5.69938
0.66 6.92696 6.54681
0.661 7.34455 7.21872
0.662 8.51113 7.73776
0.663 10.1534 8.08181
0.664 11.7773 8.18479
0.665 12.8387 7.95838
0.666 12.9305 7.33197
0.667 11.9225 6.29525
0.668 10.0076 4.92112
0.669 7.64032 3.35751
0.67 5.39707 1.79528
0.671 3.80916 0.4281
0.672 3.21719 -0.585274
0.673 3.68105 -1.15189
0.674 4.96973 -1.26156
0.675 6.6393 -0.980884
0.676 8.17686 -0.423693
0.677 9.15876 0.288545
0.678 9.36682 1.05757
0.679 8.83078 1.82091
0.68 7.79728 2.54983
0.681 6.64301 3.23978
0.682 5.75374 3.89549
0.683 5.39763 4.51181
0.684 5.63348 5.0576
0.685 6.29165 5.4735
0.686 7.03662 5.68698
0.687 7.48394 5.63587
0.688 7.3274 5.28728
0.689 6.43807 4.64652
0.69 4.91129 3.7585
0.691 3.04951 2.70488
0.692 1.28004 1.59409
0.693 0.0271218 0.542101
0.694 -0.419955 -0.350952
0.695 0.00425892 -1.01792
0.696 1.12471 -1.4295
0.697 2.58347 -1.58952
0.698 3.95219 -1.52725
0.699 4.86568 -1.28844
0.7 5.13594 -0.923162
0.701 4.80922 -0.470625
0.702 4.14561 0.0516924
0.703 3.52773 0.64739
0.704 3.33024 1.32859
0.705 3.79223 2.09894
0.706 4.93078 2.94035
0.707 6.5243 3.80685
0.708 8.17553 4.62542
0.709 9.43724 5.30485
0.71 9.95722 5.75368
0.711 9.59074 5.90418
0.712 8.44308 5.73341
0.713 6.83204 5.27108
0.714 5.18594 4.59038
0.715 3.9073 3.78647
0.716 3.24215 2.95129
0.717 3.19893 2.15232
0.718 3.55017 1.42018
0.719 3.92011 0.749113
0.72 3.92598 0.111588
0.721 3.32 -0.517273
0.722 2.08271 -1.13584
0.723 0.439215 -1.70417
0.724 -1.20491 -2.14965
0.725 -2.38891 -2.3869
0.726 -2.7456 -2.34418
0.727 -2.1246 -1.98786
0.728 -0.645816 -1.33762
0.729 1.33775 -0.466382
0.73 3.35479 0.516896
0.731 4.967 1.49613
0.732 5.90421 2.37724
0.733 6.13803 3.10608
0.734 5.87161 3.67079
0.735 5.4521 4.09105
0.736 5.23781 4.39956
0.737 5.46524 4.6213
0.738 6.16034 4.75764
0.739 7.12458 4.78239
0.74 8.00267 4.65281
0.741 8.41012 4.33119
0.742 8.07478 3.80585
0.743 6.93849 3.10219
0.744 5.18196 2.28111
0.745 3.16844 1.42775
0.746 1.33025 0.633966
0.747 0.0364134 -0.0219904
0.748 -0.518247 -0.492472
0.749 -0.368337 -0.767617
0.75 0.243309 -0.86945
0.751 0.959649 -0.836358
0.752 1.44206 -0.706411
0.753 1.48848 -0.506706
0.754 1.0933 -0.250453
0.755 0.434232 0.0597853
0.756 -0.200943 0.424397
0.757 -0.520217 0.837222
0.758 -0.332645 1.27852
0.759 0.380289 1.71398
0.76 1.45419 2.10067
0.761 2.59974 2.39732
0.762 3.50658 2.57429
0.763 3.94954 2.61927
0.764 3.8577 2.53794
0.765 3.32764 2.34996
0.766 2.5827 2.08219
0.767 1.89359 1.76215
0.768 1.48574 1.41465
0.769 1.46428 1.06174
0.77 1.78506 0.723863
0.771 2.28196 0.420427
0.772 2.73564 0.169311
0.773 2.95276 -0.0144288
0.774 2.82839 -0.120258
0.775 2.37556 -0.144448
0.776 1.71574 -0.0920348
0.777 1.03318 0.0240525
0.778 0.508529 0.187714
0.779 0.257674 0.385387
0.78 0.300495 0.608691
0.781 0.567889 0.852513
0.782 0.935861 1.11033
0.783 1.26884 1.37003
0.784 1.46012 1.6121
0.785 1.46183 1.81042
0.786 1.29571 1.93567
0.787 1.03851 1.96204
0.788 0.787058 1.87593
0.789 0.620719 1.6825
0.79 0.579204 1.406
0.791 0.659877 1.08314
0.792 0.82593 0.752565
0.793 1.0177 0.445173
0.794 1.16759 0.178609
0.795 1.21985 -0.0430495
0.796 1.14918 -0.224658
0.797 0.967715 -0.371846
0.798 0.717366 -0.482712
0.799 0.455669 -0.543595
0.8 0.244729 -0.531479
0.801 0.143044 -0.422326
0.802 0.193882 -0.201695
0.803 0.410154 0.126729
0.804 0.765034 0.53793
0.805 1.19695 0.989055
0.806 1.62717 1.42903
0.807 1.98031 1.8112
0.808 2.20081 2.10397
0.809 2.26527 2.29545
0.81 2.19023 2.39087
0.811 2.02925 2.40491
0.812 1.85417 2.35267
0.813 1.72572 2.24263
0.814 1.66779 2.07415
0.815 1.65813 1.84027
0.816 1.63724 1.53528
0.817 1.52967 1.16339
0.818 1.27093 0.744343
0.819 0.834831 0.312632
0.82 0.252241 -0.0893
0.821 -0.389562 -0.421238
0.822 -0.971002 -0.654809
0.823 -1.37864 -0.779405
0.824 -1.54134 -0.8027
0.825 -1.45075 -0.745694
0.826 -1.16182 -0.634147
0.827 -0.77495 -0.489846
0.828 -0.403989 -0.325219
0.829 -0.13786 -0.14316
0.83 -0.0102917 0.0582884
0.831 0.00815912 0.278942
0.832 -0.00780251 0.510709
0.833 0.0277874 0.735875
0.834 0.1774 0.930366
0.835 0.456202 1.07067
0.836 0.824571 1.14139
0.837 1.19886 1.14025
0.838 1.47927 1.07896
0.839 1.58671 0.979456
0.84 1.49297 0.866865
0.841 1.23026 0.761422
0.842 0.877342 0.672782
0.843 0.531092 0.599063
0.844 0.275381 0.530888
0.845 0.156347 0.458178
0.846 0.16958 0.376216
0.847 0.263666 0.288506
0.848 0.361065 0.205798
0.849 0.389191 0.14191
0.85 0.307767 0.107754
0.851 0.120764 0.105963
0.852 -0.129191 0.128781
0.853 -0.378142 0.160627
0.854 -0.562375 0.184408
0.855 -0.638522 0.18854
0.856 -0.597022 0.171428
0.857 -0.463706 0.141844
0.858 -0.287702 0.115496
0.859 -0.120987 0.109045
0.86 0.000328189 0.133501
0.861 0.0654318 0.189615
0.862 0.0880114 0.267521
0.863 0.0982889 0.350993
0.864 0.131067 0.424221
0.865 0.212553 0.477759
0.866 0.349976 0.511124
0.867 0.528542 0.531572
0.868 0.717153 0.549964
0.869 0.879264 0.575203
0.87 0.983304 0.609235
0.871 1.00961 0.644963
0.872 0.953888 0.668565
0.873 0.827446 0.665411
0.874 0.65379 0.6267
0.875 0.461806 0.55362
0.876 0.278225 0.457487
0.877 0.122544 0.356236
0.878 0.00528247 0.268761
0.879 -0.0719099 0.208894
0.88 -0.115384 0.181023
0.881 -0.137052 0.179251
0.882 -0.149693 0.190721
0.883 -0.1616 0.201645
0.884 -0.173498 0.203091
0.885 -0.179088 0.19399
0.886 -0.16817 0.180475
0.887 -0.13062 0.172302
0.888 -0.0605887 0.177874
0.889 0.039377 0.199707
0.89 0.155954 0.232178
0.891 0.266784 0.262818
0.892 0.34671 0.276891
0.893 0.375867 0.263248
0.894 0.345997 0.218812
0.895 0.262956 0.149979
0.896 0.145299 0.0706901
0.897 0.0195343 -0.00197216
0.898 -0.0871427 -0.0531766
0.899 -0.154857 -0.0749136
0.9 -0.176771 -0.0679701
0.901 -0.159833 -0.0404477
0.902 -0.120382 -0.00359121
0.903 -0.0769492 0.0329914
0.904 -0.0432794 0.0646473
0.905 -0.0237893 0.092523
0.906 -0.0126761 0.122001
0.907 0.00298183 0.159459
0.908 0.0370415 0.208525
0.909 0.0974339 0.267294
0.91 0.181657 0.327832
0.911 0.276563 0.378421
0.912 0.362271 0.407568
0.913 0.418503 0.407939
0.914 0.431131 0.378686
0.915 0.396833 0.325527
0.916 0.324177 0.258807
0.917 0.230568 0.190287
0.918 0.136234 0.129715
0.919 0.0577591 0.0823603
0.92 0.00365718 0.0484023
0.921 -0.0267489 0.0243405
0.922 -0.0412602 0.00560367
0.923 -0.0505398 -0.0109158
0.924 -0.0631933 -0.0254294
0.925 -0.0820772 -0.0353391
0.926 -0.103395 -0.036636
0.927 -0.11887 -0.0259405
0.928 -0.119758 -0.00233212
0.929 -0.100732 0.0317632
0.93 -0.0621067 0.07099
0.931 -0.00990025 0.108605
0.932 0.0460885 0.138482
0.933 0.0955067 0.156811
0.934 0.130855 0.162934
0.935 0.149675 0.159071
0.936 0.154603 0.149121
0.937 0.151475 0.137094
0.938 0.146616 0.12584
0.939 0.144553 0.116496
0.94 0.146829 0.108738
0.941 0.152022 0.101518
0.942 0.156814 0.0938843
0.943 0.157696 0.0855548
0.944 0.152582 0.0771045
0.945 0.141568 0.069707
0.946 0.12654 0.0645345
0.947 0.110058 0.0621215
0.948 0.0942269 0.0620374
0.949 0.0800547 0.0630354
0.95 0.0673691 0.063562
0.951 0.0551932 0.0623126
0.952 0.0424199 0.0585754
0.953 0.0285308 0.0523208
0.954 0.0139934 0.0441028
0.955 0.000106699 0.0348226
0.956 -0.0115736 0.0254166
0.957 -0.0198426 0.0165902
0.958 -0.0241781 0.00872959
0.959 -0.0247554 0.002023
0.96 -0.0222507 -0.00332587
0.961 -0.0175309 -0.00697941
0.962 -0.0113183 -0.00852603
0.963 -0.00398138 -0.00765216
0.964 0.00440386 -0.00431328
0.965 0.0137519 0.00116639
0.966 0.0236485 0.00809533
0.967 0.0332472 0.0155259
0.968 0.0414332 0.0224586
0.969 0.0471305 0.0280798
0.97 0.0496054 0.0319349
0.971 0.0486859 0.0339617
0.972 0.0448378 0.0343901
0.973 0.0390408 0.0335751
0.974 0.0324723 0.0318419
0.975 0.02613 0.0293975
0.976 0.0205759 0.0263299
0.977 0.0159094 0.0226805
0.978 0.0119351 0.0185441
0.979 0.0083976 0.0141398
0.98 0.00516737 0.00980986
0.981 0.00231888 0.00594748
0.982 9.12307e-05 0.00289069
0.983 -0.0012445 0.000829828
0.984 -0.00154639 -0.000238199
0.985 -0.000908727 -0.000494106
0.986 0.000340452 -0.000226559
0.987 0.0017486 0.000262489
0.988 0.00289672 0.000739637
0.989 0.00352874 0.00107922
0.99 0.00359964 0.00125344
0.991 0.00323628 0.00129193
0.992 0.00264453 0.00123856
0.993 0.00201357 0.00112475
0.994 0.00145828 0.000964577
0.995 0.00101285 0.000765494
0.996 0.000662092 0.000542423
0.997 0.000383366 0.000323837
0.998 0.000172535 0.000145292
0.999 4.19895e-05 3.4739e-05
0.12 3.24268 0.227903
0.24 3.25385 0.233568
0.36 3.27242 0.242978
0.48 3.29833 0.256084
0.6 3.33149 0.272819
0.72 3.37176 0.293097
0.84 3.41902 0.316815
0.96 3.47308 0.343851
1.08 3.53376 0.374069
1.2 3.60084 0.407314
1.32 3.67407 0.44342
1.44 3.75321 0.482204
1.56 3.83796 0.523473
1.68 3.92804 0.56702
1.8 4.02313 0.612632
1.92 4.12289 0.660082
2.04 4.22699 0.70914
2.16 4.33506 0.759567
2.28 4.44674 0.811122
2.4 4.56165 0.863559
2.52 4.6794 0.91663
2.64 4.7996 0.970089
2.76 4.92186 1.02369
2.88 5.04577 1.07719
3 5.17094 1.13034
3.12 5.29696 1.18292
3.24 5.42344 1.23469
3.36 5.54998 1.28544
3.48 5.67619 1.33495
3.6 5.8017 1.38303
3.72 5.92613 1.42948
3.84 6.04911 1.47412
3.96 6.17029 1.51679
4.08 6.28933 1.55734
4.2 6.4059 1.59563
4.32 6.51969 1.63153
4.44 6.63039 1.66494
4.56 6.73774 1.69577
4.68 6.84145 1.72393
4.8 6.94129 1.74937
4.92 7.03702 1.77204
5.04 7.12843 1.79191
5.16 7.21534 1.80896
5.28 7.29757 1.82319
5.4 7.37496 1.83462
5.52 7.44739 1.84328
5.64 7.51474 1.8492
5.76 7.57692 1.85245
5.88 7.63386 1.85308
6 7.68551 1.85118
6.12 7.73182 1.84683
6.24 7.77279 1.84013
6.36 7.80841 1.8312
6.48 7.8387 1.82013
6.6 7.86371 1.80706
6.72 7.88349 1.79212
6.84 7.8981 1.77542
6.96 7.90763 1.7571
7.08 7.91217 1.73731
7.2 7.91184 1.71618
7.32 7.90676 1.69385
7.44 7.89707 1.67046
7.56 7.88291 1.64614
7.68 7.86444 1.62103
7.8 7.84181 1.59526
7.92 7.81521 1.56896
8.04 7.7848 1.54225
8.16 7.75078 1.51524
8.28 7.71332 1.48806
8.4 7.67263 1.46079
8.52 7.62889 1.43355
8.64 7.58231 1.40641
8.76 7.53307 1.37947
8.88 7.48139 1.3528
9 7.42745 1.32645
9.12 7.37145 1.3005
9.24 7.31358 1.27498
9.36 7.25404 1.24994
9.48 7.19301 1.22541
9.6 7.13067 1.20141
9.72 7.06721 1.17797
9.84 7.00278 1.15508
9.96 6.93757 1.13275
10.08 6.87173 1.11097
10.2 6.8054 1.08973
10.32 6.73875 1.06901
10.44 6.67189 1.04879
10.56 6.60497 1.02904
10.68 6.53811 1.00972
10.8 6.47141 0.990794
10.92 6.40497 0.972223
11.04 6.33891 0.953962
11.16 6.27329 0.935965
11.28 6.20821 0.918186
11.4 6.14371 0.900575
11.52 6.07988 0.883084
11.64 6.01674 0.865665
11.76 5.95436 0.84827
11.88 5.89275 0.830853
12 5.83194 0.813369
12.12 5.77195 0.795776
12.24 5.71278 0.778035
12.36 5.65444 0.760109
12.48 5.59691 0.741966
12.6 5.54019 0.723576
12.72 5.48424 0.704914
12.84 5.42905 0.685959
12.96 5.37456 0.666695
13.08 5.32076 0.64711
13.2 5.26758 0.627197
13.32 5.21498 0.606953
13.44 5.1629 0.586381
13.56 5.11128 0.565486
13.68 5.06007 0.544281
13.8 5.00919 0.522782
13.92 4.95857 0.501007
14.04 4.90816 0.478983
14.16 4.85787 0.456736
14.28 4.80763 0.434298
14.4 4.75738 0.411704
14.52 4.70703 0.388991
14.64 4.65653 0.366202
14.76 4.60578 0.343378
14.88 4.55474 0.320565
15 4.50333 0.297808
15.12 4.45148 0.275157
15.24 4.39913 0.252659
15.36 4.34624 0.230363
15.48 4.29274 0.20832
15.6 4.23858 0.186578
15.72 4.18371 0.165186
15.84 4.12811 0.14419
15.96 4.07172 0.123638
16.08 4.01453 0.103574
16.2 3.95651 0.0840406
16.32 3.89764 0.0650784
16.44 3.83791 0.0467256
16.56 3.77732 0.0290177
16.68 3.71586 0.0119872
16.8 3.65354 -0.00433641
16.92 3.59038 -0.0199267
17.04 3.52639 -0.0347608
17.16 3.4616 -0.0488191
17.28 3.39606 -0.0620857
17.4 3.32978 -0.074548
17.52 3.26283 -0.0861973
17.64 3.19525 -0.0970283
17.76 3.1271 -0.107039
17.88 3.05843 -0.116232
18 2.98933 -0.124611
18.12 2.91985 -0.132186
18.24 2.85007 -0.138968
18.36 2.78008 -0.144972
18.48 2.70996 -0.150216
18.6 2.63979 -0.154719
18.72 2.56966 -0.158505
18.84 2.49967 -0.161599
18.96 2.4299 -0.164029
19.08 2.36045 -0.165823
19.2 2.29142 -0.167013
19.32 2.2229 -0.167631
19.44 2.15499 -0.16771
19.56 2.08777 -0.167286
19.68 2.02134 -0.166393
19.8 1.9558 -0.165068
19.92 1.89122 -0.163346
20.04 1.8277 -0.161264
20.16 1.76531 -0.158858
20.28 1.70414 -0.156164
20.4 1.64426 -0.153216
20.52 1.58574 -0.150049
20.64 1.52864 -0.146697
20.76 1.47303 -0.143192
20.88 1.41895 -0.139565
21 1.36647 -0.135846
21.12 1.31561 -0.132063
21.24 1.26643 -0.128244
21.36 1.21894 -0.124412
21.48 1.17318 -0.120592
21.6 1.12915 -0.116804
21.72 1.08689 -0.113069
21.84 1.04638 -0.109403
21.96 1.00763 -0.105823
22.08 0.97063 -0.102342
22.2 0.93537 -0.0989723
22.32 0.901831 -0.0957235
22.44 0.869986 -0.0926036
22.56 0.839805 -0.0896189
22.68 0.811254 -0.0867738
22.8 0.784292 -0.0840709
22.92 0.758874 -0.0815113
23.04 0.73495 -0.0790946
23.16 0.712468 -0.0768188
23.28 0.691369 -0.0746806
23.4 0.671595 -0.0726756
23.52 0.653083 -0.0707979
23.64 0.635767 -0.0690409
23.76 0.61958 -0.067397
23.88 0.604453 -0.0658578
24 0.590317 -0.0644141
24.12 0.577102 -0.0630563
24.24 0.564735 -0.0617743
24.36 0.553148 -0.0605578
24.48 0.542269 -0.059396
24.6 0.532029 -0.0582782
24.72 0.522361 -0.0571938
24.84 0.513197 -0.0561322
24.96 0.504474 -0.055083
25.08 0.496129 -0.0540361
25.2 0.488103 -0.0529819
25.32 0.480338 -0.0519112
25.44 0.47278 -0.0508153
25.56 0.465378 -0.0496863
25.68 0.458086 -0.0485168
25.8 0.450859 -0.0473002
25.92 0.443656 -0.0460306
26.04 0.436441 -0.044703
26.16 0.429182 -0.0433134
26.28 0.421848 -0.0418582
26.4 0.414415 -0.0403352
26.52 0.406861 -0.0387427
26.64 0.399168 -0.0370801
26.76 0.391322 -0.0353476
26.88 0.383312 -0.0335462
27 0.375131 -0.0316779
27.12 0.366776 -0.0297453
27.24 0.358245 -0.027752
27.36 0.349541 -0.025702
27.48 0.340667 -0.0236004
27.6 0.331633 -0.0214528
27.72 0.322448 -0.0192651
27.84 0.313123 -0.0170442
27.96 0.303673 -0.0147972
28.08 0.294113 -0.0125316
28.2 0.28446 -0.0102554
28.32 0.274733 -0.00797666
28.44 0.26495 -0.00570391
28.56 0.255132 -0.00344567
28.68 0.2453 -0.0012106
28.8 0.235473 0.000992666
28.92 0.225673 0.0031555
29.04 0.215922 0.00526942
29.16 0.206238 0.0073261
29.28 0.196644 0.00931746
29.4 0.187157 0.0112357
29.52 0.177797 0.0130734
29.64 0.168583 0.0148235
29.76 0.15953 0.0164793
29.88 0.150654 0.0180349
30 0.14197 0.0194845
30.12 0.133492 0.0208231
30.24 0.125231 0.0220464
30.36 0.117197 0.0231504
30.48 0.109401 0.0241319
30.6 0.101849 0.0249884
30.72 0.0945481 0.025718
30.84 0.087503 0.0263195
30.96 0.0807173 0.0267922
31.08 0.0741931 0.0271363
31.2 0.0679313 0.0273524
31.32 0.0619315 0.027442
31.44 0.0561923 0.0274071
31.56 0.050711 0.0272501
31.68 0.045484 0.0269744
31.8 0.0405066 0.0265835
31.92 0.0357734 0.0260817
32.04 0.0312784 0.0254737
32.16 0.0270146 0.0247647
32.28 0.0229746 0.02396
32.4 0.0191506 0.0230658
32.52 0.0155344 0.022088
32.64 0.0121173 0.0210333
32.76 0.00889074 0.0199084
32.88 0.00584583 0.01872
33 0.00297373 0.0174754
33.12 0.000265622 0.0161815
33.24 -0.00228718 0.0148456
33.36 -0.00469318 0.0134749
33.48 -0.00696064 0.0120765
33.6 -0.00909752 0.0106574
33.72 -0.0111115 0.00922461
33.84 -0.0130097 0.00778493
33.96 -0.014799 0.00634496
34.08 -0.0164859 0.00491108
34.2 -0.0180762 0.00348941
34.32 -0.0195754 0.0020858
34.44 -0.0209886 0.000705812
34.56 -0.0223202 -0.000645343
34.68 -0.0235743 -0.00196279
34.8 -0.0247545 -0.003242
34.92 -0.025864 -0.00447884
35.04 -0.0269055 -0.00566955
35.16 -0.0278813 -0.00681076
35.28 -0.0287935 -0.00789948
35.4 -0.0296436 -0.00893313
35.52 -0.030433 -0.00990953
35.64 -0.0311627 -0.0108269
35.76 -0.0318336 -0.0116837
35.88 -0.0324462 -0.012479
36 -0.0330011 -0.0132122
36.12 -0.0334985 -0.0138827
36.24 -0.0339386 -0.0144907
36.36 -0.0343216 -0.0150365
36.48 -0.0346475 -0.0155207
36.6 -0.0349166 -0.0159441
36.72 -0.035129 -0.016308
36.84 -0.0352848 -0.0166137
36.96 -0.0353843 -0.0168629
37.08 -0.0354279 -0.0170574
37.2 -0.035416 -0.0171993
37.32 -0.0353493 -0.0172906
37.44 -0.0352284 -0.0173336
37.56 -0.0350542 -0.0173308
37.68 -0.0348277 -0.0172848
37.8 -0.0345502 -0.0171979
37.92 -0.0342228 -0.017073
38.04 -0.0338471 -0.0169127
38.16 -0.0334247 -0.0167196
38.28 -0.0329573 -0.0164964
38.4 -0.0324467 -0.0162459
38.52 -0.0318948 -0.0159708
38.64 -0.0313038 -0.0156735
38.76 -0.0306758 -0.0153567
38.88 -0.0300129 -0.0150229
39 -0.0293174 -0.0146745
39.12 -0.0285916 -0.0143139
39.24 -0.0278377 -0.0139433
39.36 -0.0270581 -0.0135649
39.48 -0.0262549 -0.0131808
39.6 -0.0254305 -0.0127929
39.72 -0.0245869 -0.0124032
39.84 -0.0237264 -0.0120132
39.96 -0.0228509 -0.0116247
40.08 -0.0219624 -0.0112392
40.2 -0.0210627 -0.0108581
40.32 -0.0201537 -0.0104828
40.44 -0.0192368 -0.0101142
40.56 -0.0183137 -0.00975366
40.68 -0.0173856 -0.00940198
40.8 -0.016454 -0.00906006
40.92 -0.0155199 -0.00872864
41.04 -0.0145843 -0.00840835
41.16 -0.0136482 -0.00809974
41.28 -0.0127123 -0.00780325
41.4 -0.0117774 -0.00751922
41.52 -0.010844 -0.00724791
41.64 -0.00991267 -0.00698947
41.76 -0.00898383 -0.006744
41.88 -0.00805785 -0.00651148
42 -0.00713504 -0.00629184
42.12 -0.00621566 -0.00608491
42.24 -0.00529996 -0.00589046
42.36 -0.00438817 -0.00570819
42.48 -0.0034805 -0.00553773
42.6 -0.0025772 -0.00537867
42.72 -0.0016785 -0.00523051
42.84 -0.000784696 -0.00509272
42.96 0.00010389 -0.00496472
43.08 0.000986879 -0.00484587
43.2 0.00186383 -0.0047355
43.32 0.00273424 -0.00463291
43.44 0.00359751 -0.00453735
43.56 0.00445299 -0.00444807
43.68 0.00529993 -0.00436427
43.8 0.00613748 -0.00428516
43.92 0.00696472 -0.00420992
44.04 0.00778063 -0.00413774
44.16 0.00858412 -0.00406779
44.28 0.00937401 -0.00399928
44.4 0.010149 -0.00393141
44.52 0.0109079 -0.00386338
44.64 0.0116491 -0.00379445
44.76 0.0123713 -0.00372389
44.88 0.0130729 -0.003651
45 0.0137525 -0.00357513
45.12 0.0144084 -0.00349567
45.24 0.0150391 -0.00341207
45.36 0.0156431 -0.00332381
45.48 0.0162186 -0.00323045
45.6 0.0167644 -0.00313162
45.72 0.0172787 -0.00302699
45.84 0.0177602 -0.00291631
45.96 0.0182076 -0.0027994
46.08 0.0186194 -0.00267617
46.2 0.0189946 -0.00254657
46.32 0.019332 -0.00241065
46.44 0.0196307 -0.00226852
46.56 0.0198897 -0.00212037
46.68 0.0201083 -0.00196646
46.8 0.0202861 -0.00180712
46.92 0.0204224 -0.00164274
47.04 0.0205172 -0.00147376
47.16 0.0205702 -0.00130071
47.28 0.0205815 -0.00112415
47.4 0.0205514 -0.000944692
47.52 0.0204802 -0.000762983
47.64 0.0203684 -0.000579712
47.76 0.0202169 -0.000395593
47.88 0.0200265 -0.000211362
48 0.0197982 -2.77655e-05
48.12 0.0195333 0.000154443
48.24 0.0192331 0.000334513
48.36 0.0188991 0.000511704
48.48 0.0185329 0.000685294
48.6 0.0181362 0.000854587
48.72 0.0177109 0.00101892
48.84 0.0172589 0.00117766
48.96 0.0167823 0.00133024
49.08 0.0162831 0.00147612
49.2 0.0157634 0.00161484
49.32 0.0152256 0.001746
49.44 0.0146717 0.00186925
49.56 0.0141041 0.00198432
49.68 0.0135249 0.00209101
49.8 0.0129365 0.00218921
49.92 0.0123409 0.00227886
50.04 0.0117404 0.00236
50.16 0.011137 0.00243271
50.28 0.0105328 0.00249719
50.4 0.00992982 0.00255367
50.52 0.00932983 0.00260246
50.64 0.00873464 0.00264393
50.76 0.00814591 0.00267853
50.88 0.00756519 0.00270673
51 0.00699392 0.00272905
51.12 0.00643338 0.00274607
51.24 0.00588474 0.00275839
51.36 0.00534902 0.00276662
51.48 0.00482711 0.0027714
51.6 0.00431974 0.00277338
51.72 0.0038275 0.00277321
51.84 0.00335086 0.00277151
51.96 0.00289012 0.0027689
52.08 0.00244546 0.00276598
52.2 0.00201692 0.00276329
52.32 0.00160442 0.00276137
52.44 0.00120773 0.00276068
52.56 0.000826533 0.00276164
52.68 0.000460397 0.0027646
52.8 0.000108786 0.00276986
52.92 -0.000228926 0.00277765
53.04 -0.000553444 0.00278812
53.16 -0.000865542 0.00280135
53.28 -0.00116606 0.00281735
53.4 -0.00145587 0.00283606
53.52 -0.0017359 0.00285733
53.64 -0.00200709 0.00288095
53.76 -0.00227041 0.00290664
53.88 -0.00252681 0.00293404
54 -0.00277724 0.00296274
54.12 -0.00302264 0.00299228
54.24 -0.0032639 0.00302214
54.36 -0.00350187 0.00305174
54.48 -0.00373737 0.0030805
54.6 -0.00397114 0.00310777
54.72 -0.00420385 0.0031329
54.84 -0.00443608 0.00315523
54.96 -0.00466836 0.00317409
55.08 -0.00490109 0.00318882
55.2 -0.00513459 0.00319876
55.32 -0.00536907 0.0032033
55.44 -0.00560464 0.00320183
55.56 -0.0058413 0.00319379
55.68 -0.00607893 0.00317868
55.8 -0.0063173 0.00315605
55.92 -0.00655608 0.0031255
56.04 -0.00679482 0.00308669
56.16 -0.00703295 0.00303939
56.28 -0.00726981 0.0029834
56.4 -0.00750465 0.00291864
56.52 -0.00773661 0.00284507
56.64 -0.00796473 0.00276277
56.76 -0.00818799 0.00267189
56.88 -0.00840529 0.00257264
57 -0.00861545 0.00246535
57.12 -0.00881726 0.00235039
57.24 -0.00900944 0.00222824
57.36 -0.00919069 0.00209941
57.48 -0.00935967 0.0019645
57.6 -0.00951506 0.00182415
57.72 -0.00965549 0.00167907
57.84 -0.00977965 0.00152998
57.96 -0.00988621 0.00137766
58.08 -0.0099739 0.00122289
58.2 -0.0100415 0.00106648
58.32 -0.0100878 0.000909233
58.44 -0.0101117 0.000751961
58.56 -0.0101123 0.000595444
58.68 -0.0100885 0.000440446
58.8 -0.0100395 0.000287693
58.92 -0.00996466 0.000137868
59.04 -0.00986332 -8.39594e-06
59.16 -0.00973501 -0.000150528
59.28 -0.0095794 -0.000288022
59.4 -0.00939628 -0.000420448
59.52 -0.00918559 -0.000547451
59.64 -0.00894745 -0.000668763
59.76 -0.00868208 -0.0007842
59.88 -0.00838989 -0.000893667
60 -0.00807145 -0.000997162
60.12 -0.00772747 -0.00109477
60.24 -0.00735882 -0.00118667
60.36 -0.00696652 -0.00127312
60.48 -0.00655175 -0.00135447
60.6 -0.00611582 -0.00143116
60.72 -0.00566018 -0.00150367
60.84 -0.00518643 -0.00157258
60.96 -0.00469628 -0.00163852
61.08 -0.00419156 -0.00170217
61.2 -0.00367421 -0.00176426
61.32 -0.00314626 -0.00182555
61.44 -0.00260983 -0.00188682
61.56 -0.00206711 -0.00194888
61.68 -0.00152037 -0.00201252
61.8 -0.0009719 -0.00207853
61.92 -0.000424057 -0.0021477
62.04 0.000120796 -0.00222077
62.16 0.000660283 -0.00229844
62.28 0.00119203 -0.00238137
62.4 0.00171368 -0.00247017
62.52 0.0022229 -0.00256535
62.64 0.00271742 -0.00266738
62.76 0.00319501 -0.00277662
62.88 0.00365351 -0.00289335
63 0.00409085 -0.00301775
63.12 0.00450505 -0.00314992
63.24 0.00489423 -0.00328982
63.36 0.00525665 -0.00343734
63.48 0.00559065 -0.00359224
63.6 0.00589474 -0.00375418
63.72 0.00616755 -0.00392272
63.84 0.00640789 -0.00409733
63.96 0.00661468 -0.00427734
64.08 0.00678704 -0.00446204
64.2 0.00692423 -0.00465059
64.32 0.00702568 -0.0048421
64.44 0.00709101 -0.00503559
64.56 0.00711998 -0.00523003
64.68 0.00711254 -0.00542431
64.8 0.00706881 -0.00561731
64.92 0.00698906 -0.00580785
65.04 0.00687374 -0.00599473
65.16 0.00672346 -0.00617677
65.28 0.00653898 -0.00635274
65.4 0.00632121 -0.00652145
65.52 0.0060712 -0.00668173
65.64 0.00579016 -0.00683243
65.76 0.0054794 -0.00697244
65.88 0.00514037 -0.00710073
66 0.00477461 -0.00721628
66.12 0.00438379 -0.00731819
66.24 0.00396966 -0.0074056
66.36 0.00353404 -0.00747774
66.48 0.00307883 -0.00753395
66.6 0.00260601 -0.00757362
66.72 0.00211759 -0.00759628
66.84 0.00161562 -0.00760152
66.96 0.00110217 -0.00758905
67.08 0.000579368 -0.00755868
67.2 4.9304e-05 -0.00751031
67.32 -0.000485911 -0.00744394
67.44 -0.00102419 -0.00735966
67.56 -0.00156345 -0.00725766
67.68 -0.00210166 -0.00713821
67.8 -0.00263684 -0.00700164
67.92 -0.00316702 -0.0068484
68.04 -0.00369033 -0.00667896
68.16 -0.00420494 -0.00649387
68.28 -0.00470911 -0.00629374
68.4 -0.00520117 -0.00607921
68.52 -0.00567954 -0.00585097
68.64 -0.00614274 -0.00560972
68.76 -0.00658936 -0.00535622
68.88 -0.00701814 -0.00509121
69 -0.00742786 -0.00481544
69.12 -0.00781748 -0.00452967
69.24 -0.008186 -0.00423467
69.36 -0.00853259 -0.00393116
69.48 -0.0088565 -0.00361988
69.6 -0.0091571 -0.00330154
69.72 -0.00943389 -0.00297682
69.84 -0.00968646 -0.00264639
69.96 -0.00991454 -0.00231087
70.08 -0.0101179 -0.00197088
70.2 -0.0102966 -0.001627
70.32 -0.0104506 -0.00127978
70.44 -0.01058 -0.000929745
70.56 -0.0106851 -0.000577415
70.68 -0.0107663 -0.000223278
70.8 -0.0108239 0.000132189
70.92 -0.0108585 0.000488517
71.04 -0.0108707 0.000845244
71.16 -0.0108611 0.00120191
71.28 -0.0108305 0.00155804
71.4 -0.0107797 0.00191315
71.52 -0.0107095 0.00226676
71.64 -0.0106208 0.00261835
71.76 -0.0105146 0.00296736
71.88 -0.0103919 0.00331323
72 -0.0102536 0.00365535
72.12 -0.0101008 0.00399307
72.24 -0.00993455 0.00432569
72.36 -0.00975581 0.0046525
72.48 -0.00956565 0.0049727
72.6 -0.00936508 0.00528549
72.72 -0.00915513 0.00559
72.84 -0.00893676 0.00588533
72.96 -0.00871091 0.00617053
73.08 -0.00847851 0.00644465
73.2 -0.00824041 0.00670667
73.32 -0.00799744 0.00695557
73.44 -0.00775034 0.00719032
73.56 -0.00749984 0.00740987
73.68 -0.00724656 0.00761319
73.8 -0.00699109 0.00779925
73.92 -0.00673392 0.00796704
74.04 -0.00647551 0.0081156
74.16 -0.00621621 0.00824401
74.28 -0.00595631 0.00835139
74.4 -0.00569606 0.00843695
74.52 -0.0054356 0.00849996
74.64 -0.00517503 0.00853979
74.76 -0.00491437 0.00855592
74.88 -0.00465359 0.00854792
75 -0.00439261 0.00851548
75.12 -0.0041313 0.00845844
75.24 -0.00386949 0.00837673
75.36 -0.00360697 0.00827046
75.48 -0.0033435 0.00813986
75.6 -0.00307885 0.0079853
75.72 -0.00281275 0.0078073
75.84 -0.00254496 0.00760653
75.96 -0.00227523 0.00738379
76.08 -0.00200335 0.00714
76.2 -0.00172914 0.00687624
76.32 -0.00145247 0.00659369
76.44 -0.00117325 0.00629363
76.56 -0.000891476 0.00597744
76.68 -0.000607215 0.0056466
76.8 -0.00032062 0.00530263
76.92 -3.19405e-05 0.00494711
77.04 0.000258466 0.00458166
77.16 0.000550132 0.0042079
77.28 0.000842467 0.00382745
77.4 0.00113476 0.0034419
77.52 0.00142616 0.00305279
77.64 0.00171569 0.00266159
77.76 0.00200226 0.00226968
77.88 0.0022846 0.00187835
78 0.00256136 0.00148872
78.12 0.00283103 0.00110181
78.24 0.00309198 0.000718441
78.36 0.00334249 0.000339281
78.48 0.00358072 -3.52065e-05
78.6 0.00380474 -0.000404755
78.72 0.00401255 -0.000769308
78.84 0.00420207 -0.00112903
78.96 0.0043712 -0.00148429
79.08 0.0045178 -0.0018357
79.2 0.00463973 -0.00218407
79.32 0.00473488 -0.00253043
79.44 0.00480116 -0.002876
79.56 0.00483657 -0.00322219
79.68 0.0048392 -0.00357061
79.8 0.00480726 -0.003923
79.92 0.0047391 -0.00428124
80.04 0.00463327 -0.00464731
80.16 0.00448851 -0.0050233
80.28 0.0043038 -0.00541133
80.4 0.00407838 -0.00581356
80.52 0.00381178 -0.00623213
80.64 0.00350383 -0.00666915
80.76 0.00315472 -0.00712664
80.88 0.00276498 -0.00760651
81 0.00233552 -0.00811054
81.12 0.00186765 -0.00864031
81.24 0.00136308 -0.00919719
81.36 0.00082395 -0.0097823
81.48 0.000252827 -0.0103965
81.6 -0.000347299 -0.0110402
81.72 -0.000973002 -0.0117138
81.84 -0.00162043 -0.012417
81.96 -0.00228531 -0.0131494
82.08 -0.00296296 -0.0139099
82.2 -0.00364832 -0.0146973
82.32 -0.00433596 -0.0155098
82.44 -0.0050201 -0.0163453
82.56 -0.00569468 -0.0172013
82.68 -0.00635333 -0.0180748
82.8 -0.00698947 -0.0189626
82.92 -0.00759634 -0.019861
83.04 -0.00816704 -0.0207659
83.16 -0.00869457 -0.0216732
83.28 -0.00917192 -0.0225784
83.4 -0.0095921 -0.0234765
83.52 -0.00994824 -0.0243629
83.64 -0.0102336 -0.0252324
83.76 -0.0104417 -0.02608
83.88 -0.0105663 -0.0269007
84 -0.0106016 -0.0276894
84.12 -0.0105422 -0.0284414
84.24 -0.0103832 -0.029152
84.36 -0.0101202 -0.0298168
84.48 -0.00974971 -0.030432
84.6 -0.00926864 -0.0309938
84.72 -0.00867483 -0.0314992
84.84 -0.0079669 -0.0319458
84.96 -0.00714438 -0.0323315
85.08 -0.00620773 -0.0326551
85.2 -0.00515837 -0.0329163
85.32 -0.00399877 -0.0331152
85.44 -0.00273241 -0.033253
85.56 -0.00136388 -0.0333316
85.68 0.000101153 -0.0333541
85.8 0.00165592 -0.0333242
85.92 0.00329254 -0.0332466
86.04 0.00500205 -0.0331271
86.16 0.0067744 -0.0329722
86.28 0.00859848 -0.0327895
86.4 0.0104622 -0.0325873
86.52 0.0123524 -0.0323749
86.64 0.0142551 -0.0321623
86.76 0.0161555 -0.0319603
86.88 0.0180379 -0.0317803
87 0.0198859 -0.0316343
87.12 0.0216825 -0.0315347
87.24 0.0234103 -0.0314945
87.36 0.0250514 -0.0315266
87.48 0.0265875 -0.0316444
87.6 0.0280003 -0.0318612
87.72 0.0292713 -0.0321901
87.84 0.0303821 -0.0326441
87.96 0.0313146 -0.0332357
88.08 0.0320508 -0.0339769
88.2 0.0325734 -0.0348789
88.32 0.0328657 -0.0359522
88.44 0.0329115 -0.0372063
88.56 0.0326958 -0.0386495
88.68 0.0322043 -0.0402889
88.8 0.0314241 -0.04213
88.92 0.0303435 -0.044177
89.04 0.028952 -0.0464323
89.16 0.0272409 -0.0488964
89.28 0.025203 -0.0515681
89.4 0.0228326 -0.0544442
89.52 0.0201262 -0.0575193
89.64 0.0170818 -0.0607861
89.76 0.0136995 -0.0642348
89.88 0.00998154 -0.0678538
90 0.00593195 -0.0716289
90.12 0.00155698 -0.075544
90.24 -0.00313506 -0.0795807
90.36 -0.00813379 -0.0837184
90.48 -0.0134267 -0.0879344
90.6 -0.0189993 -0.0922041
90.72 -0.0248351 -0.0965009
90.84 -0.0309154 -0.100797
90.96 -0.03722 -0.105061
91.08 -0.0437266 -0.109263
91.2 -0.0504114 -0.113369
91.32 -0.0572488 -0.117346
91.44 -0.0642119 -0.121159
91.56 -0.0712723 -0.124772
91.68 -0.0784005 -0.128149
91.8 -0.085566 -0.131254
91.92 -0.0927374 -0.134051
92.04 -0.0998824 -0.136503
92.16 -0.106968 -0.138575
92.28 -0.113963 -0.140233
92.4 -0.120832 -0.141442
92.52 -0.127542 -0.142171
92.64 -0.134062 -0.142389
92.76 -0.140358 -0.142066
92.88 -0.146399 -0.141177
93 -0.152153 -0.139697
93.12 -0.157591 -0.137604
93.24 -0.162684 -0.134879
93.36 -0.167404 -0.131506
93.48 -0.171725 -0.127472
93.6 -0.175624 -0.122769
93.72 -0.179077 -0.117389
93.84 -0.182064 -0.111331
93.96 -0.184567 -0.104597
94.08 -0.18657 -0.0971906
94.2 -0.188059 -0.0891222
94.32 -0.189022 -0.0804045
94.44 -0.18945 -0.0710545
94.56 -0.189336 -0.0610929
94.68 -0.188678 -0.0505443
94.8 -0.187472 -0.0394372
94.92 -0.185721 -0.0278034
95.04 -0.183428 -0.0156784
95.16 -0.180598 -0.00310097
95.28 -0.177241 0.00988702
95.4 -0.173367 0.0232407
95.52 -0.16899 0.0369126
95.64 -0.164125 0.0508528
95.76 -0.15879 0.065009
95.88 -0.153003 0.0793272
96 -0.146787 0.0937519
96.12 -0.140165 0.108226
96.24 -0.13316 0.122692
96.36 -0.1258 0.137092
96.48 -0.118111 0.151366
96.6 -0.110122 0.165456
96.72 -0.101861 0.179303
96.84 -0.0933591 0.192852
96.96 -0.0846454 0.206044
97.08 -0.0757508 0.218826
97.2 -0.066706 0.231144
97.32 -0.0575415 0.242947
97.44 -0.0482876 0.254186
97.56 -0.0389741 0.264816
97.68 -0.0296303 0.274794
97.8 -0.0202846 0.284079
97.92 -0.0109647 0.292635
98.04 -0.001697 0.300429
98.16 0.00749312 0.307432
98.28 0.0165817 0.313619
98.4 0.0255461 0.318969
98.52 0.0343653 0.323464
98.64 0.0430197 0.327092
98.76 0.0514916 0.329844
98.88 0.0597649 0.331716
99 0.0678251 0.332708
99.12 0.0756596 0.332824
99.24 0.0832576 0.332072
99.36 0.0906101 0.330464
99.48 0.0977097 0.328018
99.6 0.104551 0.324752
99.72 0.111129 0.32069
99.84 0.117443 0.31586
99.96 0.123491 0.310292
100.08 0.129274 0.304018
100.2 0.134794 0.297076
100.32 0.140053 0.289502
100.44 0.145057 0.281338
100.56 0.14981 0.272626
100.68 0.15432 0.263411
100.8 0.158591 0.253738
100.92 0.162633 0.243654
101.04 0.166453 0.233205
101.16 0.170059 0.22244
101.28 0.17346 0.211407
101.4 0.176665 0.200154
101.52 0.179682 0.188728
101.64 0.182519 0.177177
101.76 0.185184 0.165546
101.88 0.187686 0.153881
102 0.19003 0.142224
102.12 0.192224 0.130619
102.24 0.194272 0.119106
102.36 0.196181 0.107722
102.48 0.197953 0.0965053
102.6 0.199592 0.0854893
102.72 0.2011 0.074706
102.84 0.202478 0.0641852
102.96 0.203725 0.053954
103.08 0.204841 0.0440371
103.2 0.205823 0.0344566
103.32 0.206668 0.025232
103.44 0.207372 0.0163806
103.56 0.20793 0.00791682
103.68 0.208335 -0.000147104
103.8 0.20858 -0.00780143
103.92 0.208657 -0.0150387
104.04 0.208559 -0.0218537
104.16 0.208275 -0.0282433
104.28 0.207796 -0.0342063
104.4 0.207111 -0.0397435
104.52 0.206212 -0.0448573
104.64 0.205086 -0.0495519
104.76 0.203723 -0.0538327
104.88 0.202114 -0.0577066
105 0.200246 -0.0611815
105.12 0.198111 -0.0642665
105.24 0.195699 -0.0669713
105.36 0.193002 -0.0693066
105.48 0.19001 -0.0712834
105.6 0.186716 -0.0729133
105.72 0.183116 -0.0742082
105.84 0.179202 -0.0751801
105.96 0.174972 -0.0758411
106.08 0.170422 -0.0762033
106.2 0.165552 -0.0762785
106.32 0.160361 -0.0760786
106.44 0.154852 -0.0756148
106.56 0.149028 -0.0748984
106.68 0.142895 -0.07394
106.8 0.136458 -0.0727498
106.92 0.129727 -0.0713375
107.04 0.122712 -0.0697124
107.16 0.115425 -0.0678834
107.28 0.107881 -0.0658586
107.4 0.100094 -0.063646
107.52 0.0920829 -0.0612528
107.64 0.0838662 -0.0586861
107.76 0.0754646 -0.0559525
107.88 0.0669002 -0.0530581
108 0.0581968 -0.050009
108.12 0.0493792 -0.0468109
108.24 0.0404737 -0.0434695
108.36 0.0315075 -0.0399902
108.48 0.022509 -0.0363784
108.6 0.0135073 -0.0326398
108.72 0.00453226 -0.02878
108.84 -0.00438565 -0.0248046
108.96 -0.0132156 -0.0207198
109.08 -0.0219266 -0.0165318
109.2 -0.0304874 -0.0122473
109.32 -0.038867 -0.00787336
109.44 -0.0470345 -0.0034174
109.56 -0.0549597 0.0011126
109.68 -0.0626126 0.00570816
109.8 -0.0699643 0.0103603
109.92 -0.0769866 0.0150594
110.04 -0.0836525 0.0197954
110.16 -0.0899363 0.0245576
110.28 -0.0958135 0.0293348
110.4 -0.101261 0.0341152
110.52 -0.106258 0.0388865
110.64 -0.110785 0.0436359
110.76 -0.114825 0.0483503
110.88 -0.118361 0.0530159
111 -0.121381 0.0576189
111.12 -0.123874 0.062145
111.24 -0.12583 0.0665796
111.36 -0.127242 0.0709083
111.48 -0.128108 0.0751162
111.6 -0.128424 0.0791887
111.72 -0.128191 0.0831112
111.84 -0.127412 0.0868693
111.96 -0.126094 0.0904487
112.08 -0.124242 0.0938357
112.2 -0.121869 0.0970169
112.32 -0.118985 0.0999793
112.44 -0.115606 0.102711
112.56 -0.111749 0.1052
112.68 -0.107432 0.107435
112.8 -0.102676 0.109407
112.92 -0.0975044 0.111107
113.04 -0.0919413 0.112527
113.16 -0.0860128 0.113659
113.28 -0.0797464 0.114497
113.4 -0.0731709 0.115038
113.52 -0.0663163 0.115277
113.64 -0.0592135 0.115212
113.76 -0.0518943 0.114842
113.88 -0.0443911 0.114168
114 -0.0367367 0.11319
114.12 -0.0289643 0.111912
114.24 -0.0211071 0.110338
114.36 -0.0131982 0.108474
114.48 -0.00527051 0.106325
114.6 0.00264356 0.103901
114.72 0.0105122 0.101211
114.84 0.0183045 0.0982648
114.96 0.0259904 0.0950744
115.08 0.0335411 0.0916525
115.2 0.0409288 0.0880131
115.32 0.0481275 0.0841709
115.44 0.0551125 0.0801418
115.56 0.0618609 0.0759425
115.68 0.0683516 0.0715905
115.8 0.0745655 0.0671039
115.92 0.0804853 0.0625016
116.04 0.0860959 0.0578031
116.16 0.0913845 0.0530282
116.28 0.0963402 0.0481973
116.4 0.100955 0.043331
116.52 0.105221 0.0384502
116.64 0.109137 0.0335758
116.76 0.112699 0.0287289
116.88 0.115909 0.0239306
117 0.11877 0.0192016
117.12 0.121285 0.0145628
117.24 0.123464 0.0100344
117.36 0.125314 0.00563654
117.48 0.126848 0.00138875
117.6 0.128077 -0.00268995
117.72 0.129018 -0.00658114
117.84 0.129686 -0.0102671
117.96 0.130099 -0.0137309
118.08 0.130278 -0.0169563
118.2 0.130242 -0.0199281
118.32 0.130013 -0.0226321
118.44 0.129614 -0.025055
118.56 0.129069 -0.0271845
118.68 0.1284 -0.0290096
118.8 0.127633 -0.0305205
118.92 0.126791 -0.0317084
119.04 0.1259 -0.032566
119.16 0.124984 -0.0330871
119.28 0.124067 -0.033267
119.4 0.123173 -0.0331023
119.52 0.122325 -0.032591
119.64 0.121545 -0.0317324
119.76 0.120854 -0.0305274
119.88 0.120272 -0.0289781
120 0.119819 -0.0270884
